>>> including systematics
>>> method used to compute upper limit is ProfileLikelihood
>>> random number generator seed is 123456

Sanity checks on the model: OK
Generate toy 1/500

 -- Profile Likelihood -- 
Limit: r < 1.75007 @ 95% CL
Done in 0.00 min (cpu), 0.00 min (real)
Generate toy 2/500

 -- Profile Likelihood -- 
Limit: r < 2.27449 @ 95% CL
Done in 0.00 min (cpu), 0.00 min (real)
Generate toy 3/500

 -- Profile Likelihood -- 
Limit: r < 1.34087 @ 95% CL
Done in 0.00 min (cpu), 0.00 min (real)
Generate toy 4/500

 -- Profile Likelihood -- 
Limit: r < 1.71336 @ 95% CL
Done in 0.00 min (cpu), 0.00 min (real)
Generate toy 5/500

 -- Profile Likelihood -- 
Limit: r < 3.4294 @ 95% CL
Done in 0.00 min (cpu), 0.00 min (real)
Generate toy 6/500

 -- Profile Likelihood -- 
Limit: r < 1.80466 @ 95% CL
Done in 0.00 min (cpu), 0.00 min (real)
Generate toy 7/500

 -- Profile Likelihood -- 
Limit: r < 2.41305 @ 95% CL
Done in 0.00 min (cpu), 0.00 min (real)
Generate toy 8/500

 -- Profile Likelihood -- 
Limit: r < 2.22482 @ 95% CL
Done in 0.00 min (cpu), 0.00 min (real)
Generate toy 9/500

 -- Profile Likelihood -- 
Limit: r < 2.63609 @ 95% CL
Done in 0.00 min (cpu), 0.00 min (real)
Generate toy 10/500

 -- Profile Likelihood -- 
Limit: r < 3.08495 @ 95% CL
Done in 0.00 min (cpu), 0.00 min (real)
Generate toy 11/500

 -- Profile Likelihood -- 
Limit: r < 1.32609 @ 95% CL
Done in 0.00 min (cpu), 0.00 min (real)
Generate toy 12/500

 -- Profile Likelihood -- 
Limit: r < 1.9138 @ 95% CL
Done in 0.00 min (cpu), 0.00 min (real)
Generate toy 13/500

 -- Profile Likelihood -- 
Limit: r < 1.55265 @ 95% CL
Done in 0.00 min (cpu), 0.00 min (real)
Generate toy 14/500

 -- Profile Likelihood -- 
Limit: r < 2.50937 @ 95% CL
Done in 0.00 min (cpu), 0.00 min (real)
Generate toy 15/500

 -- Profile Likelihood -- 
Limit: r < 2.24509 @ 95% CL
Done in 0.00 min (cpu), 0.00 min (real)
Generate toy 16/500

 -- Profile Likelihood -- 
Limit: r < 1.95301 @ 95% CL
Done in 0.00 min (cpu), 0.00 min (real)
Generate toy 17/500

 -- Profile Likelihood -- 
Limit: r < 2.26601 @ 95% CL
Done in 0.00 min (cpu), 0.00 min (real)
Generate toy 18/500

 -- Profile Likelihood -- 
Limit: r < 4.92891 @ 95% CL
Done in 0.00 min (cpu), 0.00 min (real)
Generate toy 19/500

 -- Profile Likelihood -- 
Limit: r < 2.90411 @ 95% CL
Done in 0.00 min (cpu), 0.00 min (real)
Generate toy 20/500

 -- Profile Likelihood -- 
Limit: r < 1.59981 @ 95% CL
Done in 0.00 min (cpu), 0.00 min (real)
Generate toy 21/500

 -- Profile Likelihood -- 
Limit: r < 2.35788 @ 95% CL
Done in 0.00 min (cpu), 0.00 min (real)
Generate toy 22/500

 -- Profile Likelihood -- 
Limit: r < 2.18164 @ 95% CL
Done in 0.00 min (cpu), 0.00 min (real)
Generate toy 23/500

 -- Profile Likelihood -- 
Limit: r < 2.75889 @ 95% CL
Done in 0.00 min (cpu), 0.00 min (real)
Generate toy 24/500

 -- Profile Likelihood -- 
Limit: r < 1.50998 @ 95% CL
Done in 0.00 min (cpu), 0.00 min (real)
Generate toy 25/500

 -- Profile Likelihood -- 
Limit: r < 0.855323 @ 95% CL
Done in 0.00 min (cpu), 0.00 min (real)
Generate toy 26/500

 -- Profile Likelihood -- 
Limit: r < 5.04978 @ 95% CL
Done in 0.00 min (cpu), 0.00 min (real)
Generate toy 27/500

 -- Profile Likelihood -- 
Limit: r < 1.63486 @ 95% CL
Done in 0.00 min (cpu), 0.00 min (real)
Generate toy 28/500

 -- Profile Likelihood -- 
Limit: r < 1.65573 @ 95% CL
Done in 0.00 min (cpu), 0.00 min (real)
Generate toy 29/500

 -- Profile Likelihood -- 
Limit: r < 2.77411 @ 95% CL
Done in 0.00 min (cpu), 0.00 min (real)
Generate toy 30/500

 -- Profile Likelihood -- 
Limit: r < 1.3731 @ 95% CL
Done in 0.00 min (cpu), 0.00 min (real)
Generate toy 31/500

 -- Profile Likelihood -- 
Limit: r < 2.55792 @ 95% CL
Done in 0.00 min (cpu), 0.00 min (real)
Generate toy 32/500

 -- Profile Likelihood -- 
Limit: r < 3.18267 @ 95% CL
Done in 0.00 min (cpu), 0.00 min (real)
Generate toy 33/500

 -- Profile Likelihood -- 
Limit: r < 0.923451 @ 95% CL
Done in 0.00 min (cpu), 0.00 min (real)
Generate toy 34/500

 -- Profile Likelihood -- 
Limit: r < 3.63164 @ 95% CL
Done in 0.00 min (cpu), 0.00 min (real)
Generate toy 35/500

 -- Profile Likelihood -- 
Limit: r < 2.87723 @ 95% CL
Done in 0.00 min (cpu), 0.00 min (real)
Generate toy 36/500

 -- Profile Likelihood -- 
Limit: r < 1.80561 @ 95% CL
Done in 0.00 min (cpu), 0.00 min (real)
Generate toy 37/500

 -- Profile Likelihood -- 
Limit: r < 2.52933 @ 95% CL
Done in 0.00 min (cpu), 0.00 min (real)
Generate toy 38/500

 -- Profile Likelihood -- 
Limit: r < 2.46833 @ 95% CL
Done in 0.00 min (cpu), 0.00 min (real)
Generate toy 39/500

 -- Profile Likelihood -- 
Limit: r < 1.37848 @ 95% CL
Done in 0.00 min (cpu), 0.00 min (real)
Generate toy 40/500

 -- Profile Likelihood -- 
Limit: r < 2.71913 @ 95% CL
Done in 0.00 min (cpu), 0.00 min (real)
Generate toy 41/500

 -- Profile Likelihood -- 
Limit: r < 3.22344 @ 95% CL
Done in 0.00 min (cpu), 0.00 min (real)
Generate toy 42/500

 -- Profile Likelihood -- 
Limit: r < 2.31657 @ 95% CL
Done in 0.00 min (cpu), 0.00 min (real)
Generate toy 43/500

 -- Profile Likelihood -- 
Limit: r < 2.53631 @ 95% CL
Done in 0.00 min (cpu), 0.00 min (real)
Generate toy 44/500

 -- Profile Likelihood -- 
Limit: r < 2.0099 @ 95% CL
Done in 0.00 min (cpu), 0.00 min (real)
Generate toy 45/500

 -- Profile Likelihood -- 
Limit: r < 1.4225 @ 95% CL
Done in 0.00 min (cpu), 0.00 min (real)
Generate toy 46/500

 -- Profile Likelihood -- 
Limit: r < 1.22127 @ 95% CL
Done in 0.00 min (cpu), 0.00 min (real)
Generate toy 47/500

 -- Profile Likelihood -- 
Limit: r < 1.16458 @ 95% CL
Done in 0.00 min (cpu), 0.00 min (real)
Generate toy 48/500

 -- Profile Likelihood -- 
Limit: r < 2.17476 @ 95% CL
Done in 0.00 min (cpu), 0.00 min (real)
Generate toy 49/500

 -- Profile Likelihood -- 
Limit: r < 1.16168 @ 95% CL
Done in 0.00 min (cpu), 0.00 min (real)
Generate toy 50/500

 -- Profile Likelihood -- 
Limit: r < 0.762891 @ 95% CL
Done in 0.00 min (cpu), 0.00 min (real)
Generate toy 51/500

 -- Profile Likelihood -- 
Limit: r < 3.49872 @ 95% CL
Done in 0.00 min (cpu), 0.00 min (real)
Generate toy 52/500

 -- Profile Likelihood -- 
Limit: r < 5.46028 @ 95% CL
Done in 0.00 min (cpu), 0.00 min (real)
Generate toy 53/500

 -- Profile Likelihood -- 
Limit: r < 1.9838 @ 95% CL
Done in 0.00 min (cpu), 0.00 min (real)
Generate toy 54/500

 -- Profile Likelihood -- 
Limit: r < 1.36933 @ 95% CL
Done in 0.00 min (cpu), 0.00 min (real)
Generate toy 55/500

 -- Profile Likelihood -- 
Limit: r < 1.23875 @ 95% CL
Done in 0.00 min (cpu), 0.00 min (real)
Generate toy 56/500

 -- Profile Likelihood -- 
Limit: r < 1.10228 @ 95% CL
Done in 0.00 min (cpu), 0.00 min (real)
Generate toy 57/500

 -- Profile Likelihood -- 
Limit: r < 2.56289 @ 95% CL
Done in 0.00 min (cpu), 0.00 min (real)
Generate toy 58/500

 -- Profile Likelihood -- 
Limit: r < 3.47023 @ 95% CL
Done in 0.00 min (cpu), 0.00 min (real)
Generate toy 59/500

 -- Profile Likelihood -- 
Limit: r < 1.47475 @ 95% CL
Done in 0.00 min (cpu), 0.00 min (real)
Generate toy 60/500

 -- Profile Likelihood -- 
Limit: r < 3.2444 @ 95% CL
Done in 0.00 min (cpu), 0.00 min (real)
Generate toy 61/500

 -- Profile Likelihood -- 
Limit: r < 1.8772 @ 95% CL
Done in 0.00 min (cpu), 0.00 min (real)
Generate toy 62/500

 -- Profile Likelihood -- 
Limit: r < 1.89478 @ 95% CL
Done in 0.00 min (cpu), 0.00 min (real)
Generate toy 63/500

 -- Profile Likelihood -- 
Limit: r < 2.33285 @ 95% CL
Done in 0.00 min (cpu), 0.00 min (real)
Generate toy 64/500

 -- Profile Likelihood -- 
Limit: r < 1.63296 @ 95% CL
Done in 0.00 min (cpu), 0.00 min (real)
Generate toy 65/500

 -- Profile Likelihood -- 
Limit: r < 2.44571 @ 95% CL
Done in 0.00 min (cpu), 0.00 min (real)
Generate toy 66/500

 -- Profile Likelihood -- 
Limit: r < 2.15362 @ 95% CL
Done in 0.00 min (cpu), 0.00 min (real)
Generate toy 67/500

 -- Profile Likelihood -- 
Limit: r < 1.44826 @ 95% CL
Done in 0.00 min (cpu), 0.00 min (real)
Generate toy 68/500

 -- Profile Likelihood -- 
Limit: r < 3.38854 @ 95% CL
Done in 0.00 min (cpu), 0.00 min (real)
Generate toy 69/500

 -- Profile Likelihood -- 
Limit: r < 2.63435 @ 95% CL
Done in 0.00 min (cpu), 0.00 min (real)
Generate toy 70/500

 -- Profile Likelihood -- 
Limit: r < 2.07557 @ 95% CL
Done in 0.00 min (cpu), 0.00 min (real)
Generate toy 71/500

 -- Profile Likelihood -- 
Limit: r < 2.2989 @ 95% CL
Done in 0.00 min (cpu), 0.00 min (real)
Generate toy 72/500

 -- Profile Likelihood -- 
Limit: r < 3.50897 @ 95% CL
Done in 0.00 min (cpu), 0.00 min (real)
Generate toy 73/500

 -- Profile Likelihood -- 
Limit: r < 1.55573 @ 95% CL
Done in 0.00 min (cpu), 0.00 min (real)
Generate toy 74/500

 -- Profile Likelihood -- 
Limit: r < 1.98243 @ 95% CL
Done in 0.00 min (cpu), 0.00 min (real)
Generate toy 75/500

 -- Profile Likelihood -- 
Limit: r < 1.64671 @ 95% CL
Done in 0.00 min (cpu), 0.00 min (real)
Generate toy 76/500

 -- Profile Likelihood -- 
Limit: r < 1.82304 @ 95% CL
Done in 0.00 min (cpu), 0.00 min (real)
Generate toy 77/500

 -- Profile Likelihood -- 
Limit: r < 2.08079 @ 95% CL
Done in 0.00 min (cpu), 0.00 min (real)
Generate toy 78/500

 -- Profile Likelihood -- 
Limit: r < 3.81803 @ 95% CL
Done in 0.00 min (cpu), 0.00 min (real)
Generate toy 79/500

 -- Profile Likelihood -- 
Limit: r < 2.36404 @ 95% CL
Done in 0.00 min (cpu), 0.00 min (real)
Generate toy 80/500

 -- Profile Likelihood -- 
Limit: r < 1.77232 @ 95% CL
Done in 0.00 min (cpu), 0.00 min (real)
Generate toy 81/500

 -- Profile Likelihood -- 
Limit: r < 2.89445 @ 95% CL
Done in 0.00 min (cpu), 0.00 min (real)
Generate toy 82/500

 -- Profile Likelihood -- 
Limit: r < 2.32192 @ 95% CL
Done in 0.00 min (cpu), 0.00 min (real)
Generate toy 83/500

 -- Profile Likelihood -- 
Limit: r < 2.33217 @ 95% CL
Done in 0.00 min (cpu), 0.00 min (real)
Generate toy 84/500

 -- Profile Likelihood -- 
Limit: r < 2.92048 @ 95% CL
Done in 0.00 min (cpu), 0.00 min (real)
Generate toy 85/500

 -- Profile Likelihood -- 
Limit: r < 2.97606 @ 95% CL
Done in 0.00 min (cpu), 0.00 min (real)
Generate toy 86/500

 -- Profile Likelihood -- 
Limit: r < 2.62446 @ 95% CL
Done in 0.00 min (cpu), 0.00 min (real)
Generate toy 87/500

 -- Profile Likelihood -- 
Limit: r < 3.03591 @ 95% CL
Done in 0.00 min (cpu), 0.00 min (real)
Generate toy 88/500

 -- Profile Likelihood -- 
Limit: r < 2.91741 @ 95% CL
Done in 0.00 min (cpu), 0.00 min (real)
Generate toy 89/500

 -- Profile Likelihood -- 
Limit: r < 1.61632 @ 95% CL
Done in 0.00 min (cpu), 0.00 min (real)
Generate toy 90/500

 -- Profile Likelihood -- 
Limit: r < 2.15371 @ 95% CL
Done in 0.00 min (cpu), 0.00 min (real)
Generate toy 91/500

 -- Profile Likelihood -- 
Limit: r < 1.61725 @ 95% CL
Done in 0.00 min (cpu), 0.00 min (real)
Generate toy 92/500

 -- Profile Likelihood -- 
Limit: r < 3.06837 @ 95% CL
Done in 0.00 min (cpu), 0.00 min (real)
Generate toy 93/500

 -- Profile Likelihood -- 
Limit: r < 2.2706 @ 95% CL
Done in 0.00 min (cpu), 0.00 min (real)
Generate toy 94/500

 -- Profile Likelihood -- 
Limit: r < 4.19656 @ 95% CL
Done in 0.00 min (cpu), 0.00 min (real)
Generate toy 95/500

 -- Profile Likelihood -- 
Limit: r < 0.954125 @ 95% CL
Done in 0.00 min (cpu), 0.00 min (real)
Generate toy 96/500

 -- Profile Likelihood -- 
Limit: r < 3.96825 @ 95% CL
Done in 0.00 min (cpu), 0.00 min (real)
Generate toy 97/500

 -- Profile Likelihood -- 
Limit: r < 108.77 @ 95% CL
Done in 0.00 min (cpu), 0.00 min (real)
Generate toy 98/500

 -- Profile Likelihood -- 
Limit: r < 3.14986 @ 95% CL
Done in 0.00 min (cpu), 0.00 min (real)
Generate toy 99/500

 -- Profile Likelihood -- 
Limit: r < 1.44039 @ 95% CL
Done in 0.00 min (cpu), 0.00 min (real)
Generate toy 100/500

 -- Profile Likelihood -- 
Limit: r < 1.10441 @ 95% CL
Done in 0.00 min (cpu), 0.00 min (real)
Generate toy 101/500

 -- Profile Likelihood -- 
Limit: r < 1.64445 @ 95% CL
Done in 0.00 min (cpu), 0.00 min (real)
Generate toy 102/500

 -- Profile Likelihood -- 
Limit: r < 2.86746 @ 95% CL
Done in 0.00 min (cpu), 0.00 min (real)
Generate toy 103/500

 -- Profile Likelihood -- 
Limit: r < 4.74371 @ 95% CL
Done in 0.00 min (cpu), 0.00 min (real)
Generate toy 104/500

 -- Profile Likelihood -- 
Limit: r < 1.69837 @ 95% CL
Done in 0.00 min (cpu), 0.00 min (real)
Generate toy 105/500

 -- Profile Likelihood -- 
Limit: r < 2.48229 @ 95% CL
Done in 0.00 min (cpu), 0.00 min (real)
Generate toy 106/500

 -- Profile Likelihood -- 
Limit: r < 2.80122 @ 95% CL
Done in 0.00 min (cpu), 0.00 min (real)
Generate toy 107/500

 -- Profile Likelihood -- 
Limit: r < 1.28862 @ 95% CL
Done in 0.00 min (cpu), 0.00 min (real)
Generate toy 108/500

 -- Profile Likelihood -- 
Limit: r < 2.55964 @ 95% CL
Done in 0.00 min (cpu), 0.00 min (real)
Generate toy 109/500

 -- Profile Likelihood -- 
Limit: r < 1.69106 @ 95% CL
Done in 0.00 min (cpu), 0.00 min (real)
Generate toy 110/500

 -- Profile Likelihood -- 
Limit: r < 2.47653 @ 95% CL
Done in 0.00 min (cpu), 0.00 min (real)
Generate toy 111/500

 -- Profile Likelihood -- 
Limit: r < 97.5789 @ 95% CL
Done in 0.00 min (cpu), 0.00 min (real)
Generate toy 112/500

 -- Profile Likelihood -- 
Limit: r < 1.68568 @ 95% CL
Done in 0.00 min (cpu), 0.00 min (real)
Generate toy 113/500

 -- Profile Likelihood -- 
Limit: r < 3.63319 @ 95% CL
Done in 0.00 min (cpu), 0.00 min (real)
Generate toy 114/500

 -- Profile Likelihood -- 
Limit: r < 1.44351 @ 95% CL
Done in 0.00 min (cpu), 0.00 min (real)
Generate toy 115/500

 -- Profile Likelihood -- 
Limit: r < 3.40596 @ 95% CL
Done in 0.00 min (cpu), 0.00 min (real)
Generate toy 116/500

 -- Profile Likelihood -- 
Limit: r < 3.30821 @ 95% CL
Done in 0.00 min (cpu), 0.00 min (real)
Generate toy 117/500

 -- Profile Likelihood -- 
Limit: r < 1.03883 @ 95% CL
Done in 0.00 min (cpu), 0.00 min (real)
Generate toy 118/500

 -- Profile Likelihood -- 
Limit: r < 1.66677 @ 95% CL
Done in 0.00 min (cpu), 0.00 min (real)
Generate toy 119/500

 -- Profile Likelihood -- 
Limit: r < 2.00328 @ 95% CL
Done in 0.00 min (cpu), 0.00 min (real)
Generate toy 120/500

 -- Profile Likelihood -- 
Limit: r < 1.4307 @ 95% CL
Done in 0.00 min (cpu), 0.00 min (real)
Generate toy 121/500

 -- Profile Likelihood -- 
Limit: r < 2.6642 @ 95% CL
Done in 0.00 min (cpu), 0.00 min (real)
Generate toy 122/500

 -- Profile Likelihood -- 
Limit: r < 2.65935 @ 95% CL
Done in 0.00 min (cpu), 0.00 min (real)
Generate toy 123/500

 -- Profile Likelihood -- 
Limit: r < 2.99463 @ 95% CL
Done in 0.00 min (cpu), 0.00 min (real)
Generate toy 124/500

 -- Profile Likelihood -- 
Limit: r < 3.37884 @ 95% CL
Done in 0.00 min (cpu), 0.00 min (real)
Generate toy 125/500

 -- Profile Likelihood -- 
Limit: r < 2.06396 @ 95% CL
Done in 0.00 min (cpu), 0.00 min (real)
Generate toy 126/500

 -- Profile Likelihood -- 
Limit: r < 1.80369 @ 95% CL
Done in 0.00 min (cpu), 0.00 min (real)
Generate toy 127/500

 -- Profile Likelihood -- 
Limit: r < 2.95674 @ 95% CL
Done in 0.00 min (cpu), 0.00 min (real)
Generate toy 128/500

 -- Profile Likelihood -- 
Limit: r < 1.41388 @ 95% CL
Done in 0.00 min (cpu), 0.00 min (real)
Generate toy 129/500

 -- Profile Likelihood -- 
Limit: r < 1.46854 @ 95% CL
Done in 0.00 min (cpu), 0.00 min (real)
Generate toy 130/500

 -- Profile Likelihood -- 
Limit: r < 1.4581 @ 95% CL
Done in 0.00 min (cpu), 0.00 min (real)
Generate toy 131/500

 -- Profile Likelihood -- 
Limit: r < 2.59411 @ 95% CL
Done in 0.00 min (cpu), 0.00 min (real)
Generate toy 132/500

 -- Profile Likelihood -- 
Limit: r < 1.33297 @ 95% CL
Done in 0.00 min (cpu), 0.00 min (real)
Generate toy 133/500

 -- Profile Likelihood -- 
Limit: r < 2.45332 @ 95% CL
Done in 0.00 min (cpu), 0.00 min (real)
Generate toy 134/500

 -- Profile Likelihood -- 
Limit: r < 3.96016 @ 95% CL
Done in 0.00 min (cpu), 0.00 min (real)
Generate toy 135/500

 -- Profile Likelihood -- 
Limit: r < 2.61101 @ 95% CL
Done in 0.00 min (cpu), 0.00 min (real)
Generate toy 136/500

 -- Profile Likelihood -- 
Limit: r < 1.43944 @ 95% CL
Done in 0.00 min (cpu), 0.00 min (real)
Generate toy 137/500

 -- Profile Likelihood -- 
Limit: r < 3.4389 @ 95% CL
Done in 0.00 min (cpu), 0.00 min (real)
Generate toy 138/500

 -- Profile Likelihood -- 
Limit: r < 3.45727 @ 95% CL
Done in 0.00 min (cpu), 0.00 min (real)
Generate toy 139/500

 -- Profile Likelihood -- 
Limit: r < 1.26877 @ 95% CL
Done in 0.00 min (cpu), 0.00 min (real)
Generate toy 140/500

 -- Profile Likelihood -- 
Limit: r < 1.77789 @ 95% CL
Done in 0.00 min (cpu), 0.00 min (real)
Generate toy 141/500

 -- Profile Likelihood -- 
Limit: r < 1.04445 @ 95% CL
Done in 0.00 min (cpu), 0.00 min (real)
Generate toy 142/500

 -- Profile Likelihood -- 
Limit: r < 2.21105 @ 95% CL
Done in 0.00 min (cpu), 0.00 min (real)
Generate toy 143/500

 -- Profile Likelihood -- 
Limit: r < 1.72425 @ 95% CL
Done in 0.00 min (cpu), 0.00 min (real)
Generate toy 144/500

 -- Profile Likelihood -- 
Limit: r < 2.075 @ 95% CL
Done in 0.00 min (cpu), 0.00 min (real)
Generate toy 145/500

 -- Profile Likelihood -- 
Limit: r < 1.95149 @ 95% CL
Done in 0.00 min (cpu), 0.00 min (real)
Generate toy 146/500

 -- Profile Likelihood -- 
Limit: r < 1.88079 @ 95% CL
Done in 0.00 min (cpu), 0.00 min (real)
Generate toy 147/500

 -- Profile Likelihood -- 
Limit: r < 2.34107 @ 95% CL
Done in 0.00 min (cpu), 0.00 min (real)
Generate toy 148/500

 -- Profile Likelihood -- 
Limit: r < 2.14564 @ 95% CL
Done in 0.00 min (cpu), 0.00 min (real)
Generate toy 149/500

 -- Profile Likelihood -- 
Limit: r < 1.60812 @ 95% CL
Done in 0.00 min (cpu), 0.00 min (real)
Generate toy 150/500

 -- Profile Likelihood -- 
Limit: r < 1.44291 @ 95% CL
Done in 0.00 min (cpu), 0.00 min (real)
Generate toy 151/500

 -- Profile Likelihood -- 
Limit: r < 1.05883 @ 95% CL
Done in 0.00 min (cpu), 0.00 min (real)
Generate toy 152/500

 -- Profile Likelihood -- 
Limit: r < 1.03772 @ 95% CL
Done in 0.00 min (cpu), 0.00 min (real)
Generate toy 153/500

 -- Profile Likelihood -- 
Limit: r < 3.01333 @ 95% CL
Done in 0.00 min (cpu), 0.00 min (real)
Generate toy 154/500

 -- Profile Likelihood -- 
Limit: r < 5.08977 @ 95% CL
Done in 0.00 min (cpu), 0.00 min (real)
Generate toy 155/500

 -- Profile Likelihood -- 
Limit: r < 2.87409 @ 95% CL
Done in 0.00 min (cpu), 0.00 min (real)
Generate toy 156/500

 -- Profile Likelihood -- 
Limit: r < 2.46733 @ 95% CL
Done in 0.00 min (cpu), 0.00 min (real)
Generate toy 157/500

 -- Profile Likelihood -- 
Limit: r < 1.30971 @ 95% CL
Done in 0.00 min (cpu), 0.00 min (real)
Generate toy 158/500

 -- Profile Likelihood -- 
Limit: r < 1.52144 @ 95% CL
Done in 0.00 min (cpu), 0.00 min (real)
Generate toy 159/500

 -- Profile Likelihood -- 
Limit: r < 3.87287 @ 95% CL
Done in 0.00 min (cpu), 0.00 min (real)
Generate toy 160/500

 -- Profile Likelihood -- 
Limit: r < 1.10062 @ 95% CL
Done in 0.00 min (cpu), 0.00 min (real)
Generate toy 161/500

 -- Profile Likelihood -- 
Limit: r < 2.38514 @ 95% CL
Done in 0.00 min (cpu), 0.00 min (real)
Generate toy 162/500

 -- Profile Likelihood -- 
Limit: r < 3.45828 @ 95% CL
Done in 0.00 min (cpu), 0.00 min (real)
Generate toy 163/500

 -- Profile Likelihood -- 
Limit: r < 1.32385 @ 95% CL
Done in 0.00 min (cpu), 0.00 min (real)
Generate toy 164/500

 -- Profile Likelihood -- 
Limit: r < 3.83122 @ 95% CL
Done in 0.00 min (cpu), 0.00 min (real)
Generate toy 165/500

 -- Profile Likelihood -- 
Limit: r < 1.74994 @ 95% CL
Done in 0.00 min (cpu), 0.00 min (real)
Generate toy 166/500

 -- Profile Likelihood -- 
Limit: r < 3.64663 @ 95% CL
Done in 0.00 min (cpu), 0.00 min (real)
Generate toy 167/500

 -- Profile Likelihood -- 
Limit: r < 1.29862 @ 95% CL
Done in 0.00 min (cpu), 0.00 min (real)
Generate toy 168/500

 -- Profile Likelihood -- 
Limit: r < 3.47214 @ 95% CL
Done in 0.00 min (cpu), 0.00 min (real)
Generate toy 169/500

 -- Profile Likelihood -- 
Limit: r < 1.83797 @ 95% CL
Done in 0.00 min (cpu), 0.00 min (real)
Generate toy 170/500

 -- Profile Likelihood -- 
Limit: r < 2.87009 @ 95% CL
Done in 0.00 min (cpu), 0.00 min (real)
Generate toy 171/500

 -- Profile Likelihood -- 
Limit: r < 1.04761 @ 95% CL
Done in 0.00 min (cpu), 0.00 min (real)
Generate toy 172/500

 -- Profile Likelihood -- 
Limit: r < 2.83465 @ 95% CL
Done in 0.00 min (cpu), 0.00 min (real)
Generate toy 173/500

 -- Profile Likelihood -- 
Limit: r < 1.54257 @ 95% CL
Done in 0.00 min (cpu), 0.00 min (real)
Generate toy 174/500

 -- Profile Likelihood -- 
Limit: r < 1.47806 @ 95% CL
Done in 0.00 min (cpu), 0.00 min (real)
Generate toy 175/500

 -- Profile Likelihood -- 
Limit: r < 4.54938 @ 95% CL
Done in 0.00 min (cpu), 0.00 min (real)
Generate toy 176/500

 -- Profile Likelihood -- 
Limit: r < 2.04435 @ 95% CL
Done in 0.00 min (cpu), 0.00 min (real)
Generate toy 177/500

 -- Profile Likelihood -- 
Limit: r < 3.61672 @ 95% CL
Done in 0.00 min (cpu), 0.00 min (real)
Generate toy 178/500

 -- Profile Likelihood -- 
Limit: r < 4.70623 @ 95% CL
Done in 0.00 min (cpu), 0.00 min (real)
Generate toy 179/500

 -- Profile Likelihood -- 
Limit: r < 1.9242 @ 95% CL
Done in 0.00 min (cpu), 0.00 min (real)
Generate toy 180/500

 -- Profile Likelihood -- 
Limit: r < 2.22916 @ 95% CL
Done in 0.00 min (cpu), 0.00 min (real)
Generate toy 181/500

 -- Profile Likelihood -- 
Limit: r < 3.67867 @ 95% CL
Done in 0.00 min (cpu), 0.00 min (real)
Generate toy 182/500

 -- Profile Likelihood -- 
Limit: r < 1.85467 @ 95% CL
Done in 0.00 min (cpu), 0.00 min (real)
Generate toy 183/500

 -- Profile Likelihood -- 
Limit: r < 4.30776 @ 95% CL
Done in 0.00 min (cpu), 0.00 min (real)
Generate toy 184/500

 -- Profile Likelihood -- 
Limit: r < 0.997382 @ 95% CL
Done in 0.00 min (cpu), 0.00 min (real)
Generate toy 185/500

 -- Profile Likelihood -- 
Limit: r < 2.14213 @ 95% CL
Done in 0.00 min (cpu), 0.00 min (real)
Generate toy 186/500

 -- Profile Likelihood -- 
Limit: r < 1.09856 @ 95% CL
Done in 0.00 min (cpu), 0.00 min (real)
Generate toy 187/500

 -- Profile Likelihood -- 
Limit: r < 2.64896 @ 95% CL
Done in 0.00 min (cpu), 0.00 min (real)
Generate toy 188/500

 -- Profile Likelihood -- 
Limit: r < 3.50569 @ 95% CL
Done in 0.00 min (cpu), 0.00 min (real)
Generate toy 189/500

 -- Profile Likelihood -- 
Limit: r < 3.6757 @ 95% CL
Done in 0.00 min (cpu), 0.00 min (real)
Generate toy 190/500

 -- Profile Likelihood -- 
Limit: r < 3.90498 @ 95% CL
Done in 0.00 min (cpu), 0.00 min (real)
Generate toy 191/500

 -- Profile Likelihood -- 
Limit: r < 1.74985 @ 95% CL
Done in 0.00 min (cpu), 0.00 min (real)
Generate toy 192/500

 -- Profile Likelihood -- 
Limit: r < 2.27665 @ 95% CL
Done in 0.00 min (cpu), 0.00 min (real)
Generate toy 193/500

 -- Profile Likelihood -- 
Limit: r < 0.716429 @ 95% CL
Done in 0.00 min (cpu), 0.00 min (real)
Generate toy 194/500

 -- Profile Likelihood -- 
Limit: r < 3.65585 @ 95% CL
Done in 0.00 min (cpu), 0.00 min (real)
Generate toy 195/500

 -- Profile Likelihood -- 
Limit: r < 2.22822 @ 95% CL
Done in 0.00 min (cpu), 0.00 min (real)
Generate toy 196/500

 -- Profile Likelihood -- 
Limit: r < 4.09626 @ 95% CL
Done in 0.00 min (cpu), 0.00 min (real)
Generate toy 197/500

 -- Profile Likelihood -- 
Limit: r < 3.32303 @ 95% CL
Done in 0.00 min (cpu), 0.00 min (real)
Generate toy 198/500

 -- Profile Likelihood -- 
Limit: r < 2.11737 @ 95% CL
Done in 0.00 min (cpu), 0.00 min (real)
Generate toy 199/500

 -- Profile Likelihood -- 
Limit: r < 0.643575 @ 95% CL
Done in 0.00 min (cpu), 0.00 min (real)
Generate toy 200/500

 -- Profile Likelihood -- 
Limit: r < 1.67812 @ 95% CL
Done in 0.00 min (cpu), 0.00 min (real)
Generate toy 201/500

 -- Profile Likelihood -- 
Limit: r < 4.67749 @ 95% CL
Done in 0.00 min (cpu), 0.00 min (real)
Generate toy 202/500

 -- Profile Likelihood -- 
Limit: r < 1.78874 @ 95% CL
Done in 0.00 min (cpu), 0.00 min (real)
Generate toy 203/500

 -- Profile Likelihood -- 
Limit: r < 3.48406 @ 95% CL
Done in 0.00 min (cpu), 0.00 min (real)
Generate toy 204/500

 -- Profile Likelihood -- 
Limit: r < 2.88832 @ 95% CL
Done in 0.00 min (cpu), 0.00 min (real)
Generate toy 205/500

 -- Profile Likelihood -- 
Limit: r < 1.03207 @ 95% CL
Done in 0.00 min (cpu), 0.00 min (real)
Generate toy 206/500

 -- Profile Likelihood -- 
Limit: r < 0.967446 @ 95% CL
Done in 0.00 min (cpu), 0.00 min (real)
Generate toy 207/500

 -- Profile Likelihood -- 
Limit: r < 1.87673 @ 95% CL
Done in 0.00 min (cpu), 0.00 min (real)
Generate toy 208/500

 -- Profile Likelihood -- 
Limit: r < 0.955323 @ 95% CL
Done in 0.00 min (cpu), 0.00 min (real)
Generate toy 209/500

 -- Profile Likelihood -- 
Limit: r < 1.29148 @ 95% CL
Done in 0.00 min (cpu), 0.00 min (real)
Generate toy 210/500

 -- Profile Likelihood -- 
Limit: r < 0.976954 @ 95% CL
Done in 0.00 min (cpu), 0.00 min (real)
Generate toy 211/500

 -- Profile Likelihood -- 
Limit: r < 3.27883 @ 95% CL
Done in 0.00 min (cpu), 0.00 min (real)
Generate toy 212/500

 -- Profile Likelihood -- 
Limit: r < 1.72181 @ 95% CL
Done in 0.00 min (cpu), 0.00 min (real)
Generate toy 213/500

 -- Profile Likelihood -- 
Limit: r < 3.12793 @ 95% CL
Done in 0.00 min (cpu), 0.00 min (real)
Generate toy 214/500

 -- Profile Likelihood -- 
Limit: r < 2.68395 @ 95% CL
Done in 0.00 min (cpu), 0.00 min (real)
Generate toy 215/500

 -- Profile Likelihood -- 
Limit: r < 1.40396 @ 95% CL
Done in 0.00 min (cpu), 0.00 min (real)
Generate toy 216/500

 -- Profile Likelihood -- 
Limit: r < 2.7093 @ 95% CL
Done in 0.00 min (cpu), 0.00 min (real)
Generate toy 217/500

 -- Profile Likelihood -- 
Limit: r < 2.8558 @ 95% CL
Done in 0.00 min (cpu), 0.00 min (real)
Generate toy 218/500

 -- Profile Likelihood -- 
Limit: r < 3.04444 @ 95% CL
Done in 0.00 min (cpu), 0.00 min (real)
Generate toy 219/500

 -- Profile Likelihood -- 
Limit: r < 3.61338 @ 95% CL
Done in 0.00 min (cpu), 0.00 min (real)
Generate toy 220/500

 -- Profile Likelihood -- 
Limit: r < 1.68123 @ 95% CL
Done in 0.00 min (cpu), 0.00 min (real)
Generate toy 221/500

 -- Profile Likelihood -- 
Limit: r < 2.3474 @ 95% CL
Done in 0.00 min (cpu), 0.00 min (real)
Generate toy 222/500

 -- Profile Likelihood -- 
Limit: r < 2.06662 @ 95% CL
Done in 0.00 min (cpu), 0.00 min (real)
Generate toy 223/500

 -- Profile Likelihood -- 
Limit: r < 5.84848 @ 95% CL
Done in 0.00 min (cpu), 0.00 min (real)
Generate toy 224/500

 -- Profile Likelihood -- 
Limit: r < 0.94805 @ 95% CL
Done in 0.00 min (cpu), 0.00 min (real)
Generate toy 225/500

 -- Profile Likelihood -- 
Limit: r < 2.96284 @ 95% CL
Done in 0.00 min (cpu), 0.00 min (real)
Generate toy 226/500

 -- Profile Likelihood -- 
Limit: r < 1.92857 @ 95% CL
Done in 0.00 min (cpu), 0.00 min (real)
Generate toy 227/500

 -- Profile Likelihood -- 
Limit: r < 3.88816 @ 95% CL
Done in 0.00 min (cpu), 0.00 min (real)
Generate toy 228/500

 -- Profile Likelihood -- 
Limit: r < 3.37969 @ 95% CL
Done in 0.00 min (cpu), 0.00 min (real)
Generate toy 229/500

 -- Profile Likelihood -- 
Limit: r < 2.90541 @ 95% CL
Done in 0.00 min (cpu), 0.00 min (real)
Generate toy 230/500

 -- Profile Likelihood -- 
Limit: r < 3.97863 @ 95% CL
Done in 0.00 min (cpu), 0.00 min (real)
Generate toy 231/500

 -- Profile Likelihood -- 
Limit: r < 2.55256 @ 95% CL
Done in 0.00 min (cpu), 0.00 min (real)
Generate toy 232/500

 -- Profile Likelihood -- 
Limit: r < 1.11445 @ 95% CL
Done in 0.00 min (cpu), 0.00 min (real)
Generate toy 233/500

 -- Profile Likelihood -- 
Limit: r < 11.3332 @ 95% CL
Done in 0.00 min (cpu), 0.00 min (real)
Generate toy 234/500

 -- Profile Likelihood -- 
Limit: r < 3.44847 @ 95% CL
Done in 0.00 min (cpu), 0.00 min (real)
Generate toy 235/500

 -- Profile Likelihood -- 
Limit: r < 3.94218 @ 95% CL
Done in 0.00 min (cpu), 0.00 min (real)
Generate toy 236/500

 -- Profile Likelihood -- 
Limit: r < 1.8588 @ 95% CL
Done in 0.00 min (cpu), 0.00 min (real)
Generate toy 237/500

 -- Profile Likelihood -- 
Limit: r < 3.12703 @ 95% CL
Done in 0.00 min (cpu), 0.00 min (real)
Generate toy 238/500

 -- Profile Likelihood -- 
Limit: r < 2.55529 @ 95% CL
Done in 0.00 min (cpu), 0.00 min (real)
Generate toy 239/500

 -- Profile Likelihood -- 
Limit: r < 3.65888 @ 95% CL
Done in 0.00 min (cpu), 0.00 min (real)
Generate toy 240/500

 -- Profile Likelihood -- 
Limit: r < 2.36982 @ 95% CL
Done in 0.00 min (cpu), 0.00 min (real)
Generate toy 241/500

 -- Profile Likelihood -- 
Limit: r < 3.00722 @ 95% CL
Done in 0.00 min (cpu), 0.00 min (real)
Generate toy 242/500

 -- Profile Likelihood -- 
Limit: r < 1.69339 @ 95% CL
Done in 0.00 min (cpu), 0.00 min (real)
Generate toy 243/500

 -- Profile Likelihood -- 
Limit: r < 2.98879 @ 95% CL
Done in 0.00 min (cpu), 0.00 min (real)
Generate toy 244/500

 -- Profile Likelihood -- 
Limit: r < 2.21571 @ 95% CL
Done in 0.00 min (cpu), 0.00 min (real)
Generate toy 245/500

 -- Profile Likelihood -- 
Limit: r < 1.25669 @ 95% CL
Done in 0.00 min (cpu), 0.00 min (real)
Generate toy 246/500

 -- Profile Likelihood -- 
Limit: r < 0.957357 @ 95% CL
Done in 0.00 min (cpu), 0.00 min (real)
Generate toy 247/500

 -- Profile Likelihood -- 
Limit: r < 1.48496 @ 95% CL
Done in 0.00 min (cpu), 0.00 min (real)
Generate toy 248/500

 -- Profile Likelihood -- 
Limit: r < 1.76308 @ 95% CL
Done in 0.00 min (cpu), 0.00 min (real)
Generate toy 249/500

 -- Profile Likelihood -- 
Limit: r < 1.09586 @ 95% CL
Done in 0.00 min (cpu), 0.00 min (real)
Generate toy 250/500

 -- Profile Likelihood -- 
Limit: r < 2.66458 @ 95% CL
Done in 0.00 min (cpu), 0.00 min (real)
Generate toy 251/500

 -- Profile Likelihood -- 
Limit: r < 1.5911 @ 95% CL
Done in 0.00 min (cpu), 0.00 min (real)
Generate toy 252/500

 -- Profile Likelihood -- 
Limit: r < 1.09875 @ 95% CL
Done in 0.00 min (cpu), 0.00 min (real)
Generate toy 253/500

 -- Profile Likelihood -- 
Limit: r < 3.70574 @ 95% CL
Done in 0.00 min (cpu), 0.00 min (real)
Generate toy 254/500

 -- Profile Likelihood -- 
Limit: r < 1.43914 @ 95% CL
Done in 0.00 min (cpu), 0.00 min (real)
Generate toy 255/500

 -- Profile Likelihood -- 
Limit: r < 1.95475 @ 95% CL
Done in 0.00 min (cpu), 0.00 min (real)
Generate toy 256/500

 -- Profile Likelihood -- 
Limit: r < 2.92132 @ 95% CL
Done in 0.00 min (cpu), 0.00 min (real)
Generate toy 257/500

 -- Profile Likelihood -- 
Limit: r < 2.681 @ 95% CL
Done in 0.00 min (cpu), 0.00 min (real)
Generate toy 258/500

 -- Profile Likelihood -- 
Limit: r < 3.28498 @ 95% CL
Done in 0.00 min (cpu), 0.00 min (real)
Generate toy 259/500

 -- Profile Likelihood -- 
Limit: r < 3.79975 @ 95% CL
Done in 0.00 min (cpu), 0.00 min (real)
Generate toy 260/500

 -- Profile Likelihood -- 
Limit: r < 1.86486 @ 95% CL
Done in 0.00 min (cpu), 0.00 min (real)
Generate toy 261/500

 -- Profile Likelihood -- 
Limit: r < 1.94521 @ 95% CL
Done in 0.00 min (cpu), 0.00 min (real)
Generate toy 262/500

 -- Profile Likelihood -- 
Limit: r < 2.12206 @ 95% CL
Done in 0.00 min (cpu), 0.00 min (real)
Generate toy 263/500

 -- Profile Likelihood -- 
Limit: r < 4.66932 @ 95% CL
Done in 0.00 min (cpu), 0.00 min (real)
Generate toy 264/500

 -- Profile Likelihood -- 
Limit: r < 3.90694 @ 95% CL
Done in 0.00 min (cpu), 0.00 min (real)
Generate toy 265/500

 -- Profile Likelihood -- 
Limit: r < 1.37903 @ 95% CL
Done in 0.00 min (cpu), 0.00 min (real)
Generate toy 266/500

 -- Profile Likelihood -- 
Limit: r < 0.877576 @ 95% CL
Done in 0.00 min (cpu), 0.00 min (real)
Generate toy 267/500

 -- Profile Likelihood -- 
Limit: r < 1.69437 @ 95% CL
Done in 0.00 min (cpu), 0.00 min (real)
Generate toy 268/500

 -- Profile Likelihood -- 
Limit: r < 2.48276 @ 95% CL
Done in 0.00 min (cpu), 0.00 min (real)
Generate toy 269/500

 -- Profile Likelihood -- 
Limit: r < 1.32715 @ 95% CL
Done in 0.00 min (cpu), 0.00 min (real)
Generate toy 270/500

 -- Profile Likelihood -- 
Limit: r < 1.81823 @ 95% CL
Done in 0.00 min (cpu), 0.00 min (real)
Generate toy 271/500

 -- Profile Likelihood -- 
Limit: r < 4.83419 @ 95% CL
Done in 0.00 min (cpu), 0.00 min (real)
Generate toy 272/500

 -- Profile Likelihood -- 
Limit: r < 3.978 @ 95% CL
Done in 0.00 min (cpu), 0.00 min (real)
Generate toy 273/500

 -- Profile Likelihood -- 
Limit: r < 2.40722 @ 95% CL
Done in 0.00 min (cpu), 0.00 min (real)
Generate toy 274/500

 -- Profile Likelihood -- 
Limit: r < 2.63981 @ 95% CL
Done in 0.00 min (cpu), 0.00 min (real)
Generate toy 275/500

 -- Profile Likelihood -- 
Limit: r < 1.54789 @ 95% CL
Done in 0.00 min (cpu), 0.00 min (real)
Generate toy 276/500

 -- Profile Likelihood -- 
Limit: r < 2.19699 @ 95% CL
Done in 0.00 min (cpu), 0.00 min (real)
Generate toy 277/500

 -- Profile Likelihood -- 
Limit: r < 3.05211 @ 95% CL
Done in 0.00 min (cpu), 0.00 min (real)
Generate toy 278/500

 -- Profile Likelihood -- 
Limit: r < 4.13277 @ 95% CL
Done in 0.00 min (cpu), 0.00 min (real)
Generate toy 279/500

 -- Profile Likelihood -- 
Limit: r < 1.9024 @ 95% CL
Done in 0.00 min (cpu), 0.00 min (real)
Generate toy 280/500

 -- Profile Likelihood -- 
Limit: r < 2.2659 @ 95% CL
Done in 0.00 min (cpu), 0.00 min (real)
Generate toy 281/500

 -- Profile Likelihood -- 
Limit: r < 1.82871 @ 95% CL
Done in 0.00 min (cpu), 0.00 min (real)
Generate toy 282/500

 -- Profile Likelihood -- 
Limit: r < 1.7268 @ 95% CL
Done in 0.00 min (cpu), 0.00 min (real)
Generate toy 283/500

 -- Profile Likelihood -- 
Limit: r < 2.45018 @ 95% CL
Done in 0.00 min (cpu), 0.00 min (real)
Generate toy 284/500

 -- Profile Likelihood -- 
Limit: r < 0.920148 @ 95% CL
Done in 0.00 min (cpu), 0.00 min (real)
Generate toy 285/500

 -- Profile Likelihood -- 
Limit: r < 3.33073 @ 95% CL
Done in 0.00 min (cpu), 0.00 min (real)
Generate toy 286/500

 -- Profile Likelihood -- 
Limit: r < 2.05996 @ 95% CL
Done in 0.00 min (cpu), 0.00 min (real)
Generate toy 287/500

 -- Profile Likelihood -- 
Limit: r < 0.0184927 @ 95% CL
Done in 0.01 min (cpu), 0.01 min (real)
Generate toy 288/500

 -- Profile Likelihood -- 
Limit: r < 2.35396 @ 95% CL
Done in 0.00 min (cpu), 0.00 min (real)
Generate toy 289/500

 -- Profile Likelihood -- 
Limit: r < 1.26909 @ 95% CL
Done in 0.00 min (cpu), 0.00 min (real)
Generate toy 290/500

 -- Profile Likelihood -- 
Limit: r < 3.0621 @ 95% CL
Done in 0.00 min (cpu), 0.00 min (real)
Generate toy 291/500

 -- Profile Likelihood -- 
Limit: r < 2.96669 @ 95% CL
Done in 0.00 min (cpu), 0.00 min (real)
Generate toy 292/500

 -- Profile Likelihood -- 
Limit: r < 2.25627 @ 95% CL
Done in 0.01 min (cpu), 0.01 min (real)
Generate toy 293/500

 -- Profile Likelihood -- 
Limit: r < 2.00244 @ 95% CL
Done in 0.00 min (cpu), 0.00 min (real)
Generate toy 294/500

 -- Profile Likelihood -- 
Limit: r < 1.32689 @ 95% CL
Done in 0.00 min (cpu), 0.00 min (real)
Generate toy 295/500

 -- Profile Likelihood -- 
Limit: r < 1.37058 @ 95% CL
Done in 0.00 min (cpu), 0.00 min (real)
Generate toy 296/500

 -- Profile Likelihood -- 
Limit: r < 3.37056 @ 95% CL
Done in 0.00 min (cpu), 0.00 min (real)
Generate toy 297/500

 -- Profile Likelihood -- 
Limit: r < 5.26329 @ 95% CL
Done in 0.00 min (cpu), 0.00 min (real)
Generate toy 298/500

 -- Profile Likelihood -- 
Limit: r < 3.46117 @ 95% CL
Done in 0.00 min (cpu), 0.00 min (real)
Generate toy 299/500

 -- Profile Likelihood -- 
Limit: r < 1.85285 @ 95% CL
Done in 0.00 min (cpu), 0.00 min (real)
Generate toy 300/500

 -- Profile Likelihood -- 
Limit: r < 1.98236 @ 95% CL
Done in 0.00 min (cpu), 0.00 min (real)
Generate toy 301/500

 -- Profile Likelihood -- 
Limit: r < 4.40865 @ 95% CL
Done in 0.00 min (cpu), 0.00 min (real)
Generate toy 302/500

 -- Profile Likelihood -- 
Limit: r < 2.47787 @ 95% CL
Done in 0.00 min (cpu), 0.00 min (real)
Generate toy 303/500

 -- Profile Likelihood -- 
Limit: r < 1.40218 @ 95% CL
Done in 0.00 min (cpu), 0.00 min (real)
Generate toy 304/500

 -- Profile Likelihood -- 
Limit: r < 2.6678 @ 95% CL
Done in 0.00 min (cpu), 0.00 min (real)
Generate toy 305/500

 -- Profile Likelihood -- 
Limit: r < 1.0555 @ 95% CL
Done in 0.00 min (cpu), 0.00 min (real)
Generate toy 306/500

 -- Profile Likelihood -- 
Limit: r < 2.94522 @ 95% CL
Done in 0.00 min (cpu), 0.00 min (real)
Generate toy 307/500

 -- Profile Likelihood -- 
Limit: r < 3.85612 @ 95% CL
Done in 0.00 min (cpu), 0.00 min (real)
Generate toy 308/500

 -- Profile Likelihood -- 
Limit: r < 2.51744 @ 95% CL
Done in 0.00 min (cpu), 0.00 min (real)
Generate toy 309/500

 -- Profile Likelihood -- 
Limit: r < 2.38222 @ 95% CL
Done in 0.00 min (cpu), 0.00 min (real)
Generate toy 310/500

 -- Profile Likelihood -- 
Limit: r < 2.59767 @ 95% CL
Done in 0.00 min (cpu), 0.00 min (real)
Generate toy 311/500

 -- Profile Likelihood -- 
Limit: r < 0.812747 @ 95% CL
Done in 0.00 min (cpu), 0.00 min (real)
Generate toy 312/500

 -- Profile Likelihood -- 
Limit: r < 1.09466 @ 95% CL
Done in 0.00 min (cpu), 0.00 min (real)
Generate toy 313/500

 -- Profile Likelihood -- 
Limit: r < 104.079 @ 95% CL
Done in 0.00 min (cpu), 0.00 min (real)
Generate toy 314/500

 -- Profile Likelihood -- 
Limit: r < 2.59026 @ 95% CL
Done in 0.00 min (cpu), 0.00 min (real)
Generate toy 315/500

 -- Profile Likelihood -- 
Limit: r < 0.993827 @ 95% CL
Done in 0.00 min (cpu), 0.00 min (real)
Generate toy 316/500

 -- Profile Likelihood -- 
Limit: r < 2.29927 @ 95% CL
Done in 0.00 min (cpu), 0.00 min (real)
Generate toy 317/500

 -- Profile Likelihood -- 
Limit: r < 3.05589 @ 95% CL
Done in 0.00 min (cpu), 0.00 min (real)
Generate toy 318/500

 -- Profile Likelihood -- 
Limit: r < 2.77776 @ 95% CL
Done in 0.00 min (cpu), 0.00 min (real)
Generate toy 319/500

 -- Profile Likelihood -- 
Limit: r < 3.27002 @ 95% CL
Done in 0.00 min (cpu), 0.00 min (real)
Generate toy 320/500

 -- Profile Likelihood -- 
Limit: r < 3.13542 @ 95% CL
Done in 0.00 min (cpu), 0.00 min (real)
Generate toy 321/500

 -- Profile Likelihood -- 
Limit: r < 1.88873 @ 95% CL
Done in 0.00 min (cpu), 0.00 min (real)
Generate toy 322/500

 -- Profile Likelihood -- 
Limit: r < 2.59365 @ 95% CL
Done in 0.00 min (cpu), 0.00 min (real)
Generate toy 323/500

 -- Profile Likelihood -- 
Limit: r < 1.85954 @ 95% CL
Done in 0.00 min (cpu), 0.00 min (real)
Generate toy 324/500

 -- Profile Likelihood -- 
Limit: r < 1.52599 @ 95% CL
Done in 0.00 min (cpu), 0.00 min (real)
Generate toy 325/500

 -- Profile Likelihood -- 
Limit: r < 2.2503 @ 95% CL
Done in 0.00 min (cpu), 0.00 min (real)
Generate toy 326/500

 -- Profile Likelihood -- 
Limit: r < 2.20223 @ 95% CL
Done in 0.00 min (cpu), 0.00 min (real)
Generate toy 327/500

 -- Profile Likelihood -- 
Limit: r < 4.93668 @ 95% CL
Done in 0.00 min (cpu), 0.00 min (real)
Generate toy 328/500

 -- Profile Likelihood -- 
Limit: r < 4.80947 @ 95% CL
Done in 0.00 min (cpu), 0.00 min (real)
Generate toy 329/500

 -- Profile Likelihood -- 
Limit: r < 3.08346 @ 95% CL
Done in 0.00 min (cpu), 0.00 min (real)
Generate toy 330/500

 -- Profile Likelihood -- 
Limit: r < 2.46877 @ 95% CL
Done in 0.00 min (cpu), 0.00 min (real)
Generate toy 331/500

 -- Profile Likelihood -- 
Limit: r < 3.16521 @ 95% CL
Done in 0.00 min (cpu), 0.00 min (real)
Generate toy 332/500

 -- Profile Likelihood -- 
Limit: r < 2.67274 @ 95% CL
Done in 0.00 min (cpu), 0.00 min (real)
Generate toy 333/500

 -- Profile Likelihood -- 
Limit: r < 2.70025 @ 95% CL
Done in 0.00 min (cpu), 0.00 min (real)
Generate toy 334/500

 -- Profile Likelihood -- 
Limit: r < 3.47038 @ 95% CL
Done in 0.00 min (cpu), 0.00 min (real)
Generate toy 335/500

 -- Profile Likelihood -- 
Limit: r < 2.56505 @ 95% CL
Done in 0.00 min (cpu), 0.00 min (real)
Generate toy 336/500

 -- Profile Likelihood -- 
Limit: r < 2.8325 @ 95% CL
Done in 0.00 min (cpu), 0.00 min (real)
Generate toy 337/500

 -- Profile Likelihood -- 
Limit: r < 3.78489 @ 95% CL
Done in 0.00 min (cpu), 0.00 min (real)
Generate toy 338/500

 -- Profile Likelihood -- 
Limit: r < 1.82705 @ 95% CL
Done in 0.00 min (cpu), 0.00 min (real)
Generate toy 339/500

 -- Profile Likelihood -- 
Limit: r < 1.86135 @ 95% CL
Done in 0.00 min (cpu), 0.00 min (real)
Generate toy 340/500

 -- Profile Likelihood -- 
Limit: r < 2.16522 @ 95% CL
Done in 0.01 min (cpu), 0.00 min (real)
Generate toy 341/500

 -- Profile Likelihood -- 
Limit: r < 0.778718 @ 95% CL
Done in 0.00 min (cpu), 0.00 min (real)
Generate toy 342/500

 -- Profile Likelihood -- 
Limit: r < 2.01646 @ 95% CL
Done in 0.00 min (cpu), 0.00 min (real)
Generate toy 343/500

 -- Profile Likelihood -- 
Limit: r < 0.067679 @ 95% CL
Done in 0.01 min (cpu), 0.01 min (real)
Generate toy 344/500

 -- Profile Likelihood -- 
Limit: r < 1.74595 @ 95% CL
Done in 0.00 min (cpu), 0.00 min (real)
Generate toy 345/500

 -- Profile Likelihood -- 
Limit: r < 2.18713 @ 95% CL
Done in 0.00 min (cpu), 0.00 min (real)
Generate toy 346/500

 -- Profile Likelihood -- 
Limit: r < 4.01293 @ 95% CL
Done in 0.00 min (cpu), 0.00 min (real)
Generate toy 347/500

 -- Profile Likelihood -- 
Limit: r < 2.43144 @ 95% CL
Done in 0.00 min (cpu), 0.00 min (real)
Generate toy 348/500

 -- Profile Likelihood -- 
Limit: r < 1.19039 @ 95% CL
Done in 0.00 min (cpu), 0.00 min (real)
Generate toy 349/500

 -- Profile Likelihood -- 
Limit: r < 2.9688 @ 95% CL
Done in 0.00 min (cpu), 0.00 min (real)
Generate toy 350/500

 -- Profile Likelihood -- 
Limit: r < 1.5604 @ 95% CL
Done in 0.00 min (cpu), 0.00 min (real)
Generate toy 351/500

 -- Profile Likelihood -- 
Limit: r < 2.6705 @ 95% CL
Done in 0.00 min (cpu), 0.00 min (real)
Generate toy 352/500

 -- Profile Likelihood -- 
Limit: r < 1.77453 @ 95% CL
Done in 0.00 min (cpu), 0.00 min (real)
Generate toy 353/500

 -- Profile Likelihood -- 
Limit: r < 1.36343 @ 95% CL
Done in 0.00 min (cpu), 0.00 min (real)
Generate toy 354/500

 -- Profile Likelihood -- 
Limit: r < 3.82878 @ 95% CL
Done in 0.00 min (cpu), 0.00 min (real)
Generate toy 355/500

 -- Profile Likelihood -- 
Limit: r < 2.7007 @ 95% CL
Done in 0.00 min (cpu), 0.00 min (real)
Generate toy 356/500

 -- Profile Likelihood -- 
Limit: r < 3.63549 @ 95% CL
Done in 0.00 min (cpu), 0.00 min (real)
Generate toy 357/500

 -- Profile Likelihood -- 
Limit: r < 3.27254 @ 95% CL
Done in 0.00 min (cpu), 0.00 min (real)
Generate toy 358/500

 -- Profile Likelihood -- 
Limit: r < 3.72602 @ 95% CL
Done in 0.00 min (cpu), 0.00 min (real)
Generate toy 359/500

 -- Profile Likelihood -- 
Limit: r < 2.67674 @ 95% CL
Done in 0.00 min (cpu), 0.00 min (real)
Generate toy 360/500

 -- Profile Likelihood -- 
Limit: r < 1.21742 @ 95% CL
Done in 0.00 min (cpu), 0.00 min (real)
Generate toy 361/500

 -- Profile Likelihood -- 
Limit: r < 3.78204 @ 95% CL
Done in 0.00 min (cpu), 0.00 min (real)
Generate toy 362/500

 -- Profile Likelihood -- 
Limit: r < 2.31726 @ 95% CL
Done in 0.00 min (cpu), 0.00 min (real)
Generate toy 363/500

 -- Profile Likelihood -- 
Limit: r < 2.13468 @ 95% CL
Done in 0.00 min (cpu), 0.00 min (real)
Generate toy 364/500

 -- Profile Likelihood -- 
Limit: r < 1.79733 @ 95% CL
Done in 0.00 min (cpu), 0.00 min (real)
Generate toy 365/500

 -- Profile Likelihood -- 
Limit: r < 2.57223 @ 95% CL
Done in 0.00 min (cpu), 0.00 min (real)
Generate toy 366/500

 -- Profile Likelihood -- 
Limit: r < 2.14457 @ 95% CL
Done in 0.00 min (cpu), 0.00 min (real)
Generate toy 367/500

 -- Profile Likelihood -- 
Limit: r < 2.26724 @ 95% CL
Done in 0.01 min (cpu), 0.01 min (real)
Generate toy 368/500

 -- Profile Likelihood -- 
Limit: r < 2.74666 @ 95% CL
Done in 0.00 min (cpu), 0.00 min (real)
Generate toy 369/500

 -- Profile Likelihood -- 
Limit: r < 2.64407 @ 95% CL
Done in 0.00 min (cpu), 0.00 min (real)
Generate toy 370/500

 -- Profile Likelihood -- 
Limit: r < 1.25639 @ 95% CL
Done in 0.00 min (cpu), 0.00 min (real)
Generate toy 371/500

 -- Profile Likelihood -- 
Limit: r < 5.12393 @ 95% CL
Done in 0.00 min (cpu), 0.00 min (real)
Generate toy 372/500

 -- Profile Likelihood -- 
Limit: r < 1.64953 @ 95% CL
Done in 0.00 min (cpu), 0.00 min (real)
Generate toy 373/500

 -- Profile Likelihood -- 
Limit: r < 2.44094 @ 95% CL
Done in 0.00 min (cpu), 0.00 min (real)
Generate toy 374/500

 -- Profile Likelihood -- 
Limit: r < 2.25447 @ 95% CL
Done in 0.00 min (cpu), 0.00 min (real)
Generate toy 375/500

 -- Profile Likelihood -- 
Limit: r < 1.19943 @ 95% CL
Done in 0.00 min (cpu), 0.00 min (real)
Generate toy 376/500

 -- Profile Likelihood -- 
Limit: r < 2.83277 @ 95% CL
Done in 0.00 min (cpu), 0.00 min (real)
Generate toy 377/500

 -- Profile Likelihood -- 
Limit: r < 3.13067 @ 95% CL
Done in 0.00 min (cpu), 0.00 min (real)
Generate toy 378/500

 -- Profile Likelihood -- 
Limit: r < 2.0836 @ 95% CL
Done in 0.00 min (cpu), 0.00 min (real)
Generate toy 379/500

 -- Profile Likelihood -- 
Limit: r < 2.62626 @ 95% CL
Done in 0.00 min (cpu), 0.00 min (real)
Generate toy 380/500

 -- Profile Likelihood -- 
Limit: r < 1.37398 @ 95% CL
Done in 0.01 min (cpu), 0.01 min (real)
Generate toy 381/500

 -- Profile Likelihood -- 
Limit: r < 2.51615 @ 95% CL
Done in 0.00 min (cpu), 0.00 min (real)
Generate toy 382/500

 -- Profile Likelihood -- 
Limit: r < 2.95446 @ 95% CL
Done in 0.00 min (cpu), 0.00 min (real)
Generate toy 383/500

 -- Profile Likelihood -- 
Limit: r < 7.12108 @ 95% CL
Done in 0.00 min (cpu), 0.00 min (real)
Generate toy 384/500

 -- Profile Likelihood -- 
Limit: r < 3.13119 @ 95% CL
Done in 0.00 min (cpu), 0.00 min (real)
Generate toy 385/500

 -- Profile Likelihood -- 
Limit: r < 2.36918 @ 95% CL
Done in 0.01 min (cpu), 0.01 min (real)
Generate toy 386/500

 -- Profile Likelihood -- 
Limit: r < 1.12014 @ 95% CL
Done in 0.00 min (cpu), 0.00 min (real)
Generate toy 387/500

 -- Profile Likelihood -- 
Limit: r < 1.37053 @ 95% CL
Done in 0.00 min (cpu), 0.00 min (real)
Generate toy 388/500

 -- Profile Likelihood -- 
Limit: r < 2.7272 @ 95% CL
Done in 0.00 min (cpu), 0.00 min (real)
Generate toy 389/500

 -- Profile Likelihood -- 
Limit: r < 1.39412 @ 95% CL
Done in 0.00 min (cpu), 0.00 min (real)
Generate toy 390/500

 -- Profile Likelihood -- 
Limit: r < 2.41243 @ 95% CL
Done in 0.01 min (cpu), 0.01 min (real)
Generate toy 391/500

 -- Profile Likelihood -- 
Limit: r < 2.9216 @ 95% CL
Done in 0.00 min (cpu), 0.00 min (real)
Generate toy 392/500

 -- Profile Likelihood -- 
Limit: r < 1.61845 @ 95% CL
Done in 0.00 min (cpu), 0.00 min (real)
Generate toy 393/500

 -- Profile Likelihood -- 
Limit: r < 1.67157 @ 95% CL
Done in 0.00 min (cpu), 0.00 min (real)
Generate toy 394/500

 -- Profile Likelihood -- 
Limit: r < 2.34821 @ 95% CL
Done in 0.01 min (cpu), 0.01 min (real)
Generate toy 395/500

 -- Profile Likelihood -- 
Limit: r < 2.83481 @ 95% CL
Done in 0.00 min (cpu), 0.00 min (real)
Generate toy 396/500

 -- Profile Likelihood -- 
Limit: r < 2.0796 @ 95% CL
Done in 0.00 min (cpu), 0.00 min (real)
Generate toy 397/500

 -- Profile Likelihood -- 
Limit: r < 1.8747 @ 95% CL
Done in 0.00 min (cpu), 0.00 min (real)
Generate toy 398/500

 -- Profile Likelihood -- 
Limit: r < 2.08564 @ 95% CL
Done in 0.00 min (cpu), 0.00 min (real)
Generate toy 399/500

 -- Profile Likelihood -- 
Limit: r < 1.10615 @ 95% CL
Done in 0.00 min (cpu), 0.00 min (real)
Generate toy 400/500

 -- Profile Likelihood -- 
Limit: r < 2.1746 @ 95% CL
Done in 0.01 min (cpu), 0.01 min (real)
Generate toy 401/500

 -- Profile Likelihood -- 
Limit: r < 2.43695 @ 95% CL
Done in 0.00 min (cpu), 0.00 min (real)
Generate toy 402/500

 -- Profile Likelihood -- 
Limit: r < 2.14366 @ 95% CL
Done in 0.00 min (cpu), 0.00 min (real)
Generate toy 403/500

 -- Profile Likelihood -- 
Limit: r < 2.42968 @ 95% CL
Done in 0.00 min (cpu), 0.00 min (real)
Generate toy 404/500

 -- Profile Likelihood -- 
Limit: r < 3.05126 @ 95% CL
Done in 0.00 min (cpu), 0.00 min (real)
Generate toy 405/500

 -- Profile Likelihood -- 
Limit: r < 3.20067 @ 95% CL
Done in 0.00 min (cpu), 0.00 min (real)
Generate toy 406/500

 -- Profile Likelihood -- 
Limit: r < 1.11384 @ 95% CL
Done in 0.00 min (cpu), 0.00 min (real)
Generate toy 407/500

 -- Profile Likelihood -- 
Limit: r < 1.60808 @ 95% CL
Done in 0.00 min (cpu), 0.00 min (real)
Generate toy 408/500

 -- Profile Likelihood -- 
Limit: r < 1.93685 @ 95% CL
Done in 0.00 min (cpu), 0.00 min (real)
Generate toy 409/500

 -- Profile Likelihood -- 
Limit: r < 1.78863 @ 95% CL
Done in 0.00 min (cpu), 0.00 min (real)
Generate toy 410/500

 -- Profile Likelihood -- 
Limit: r < 2.62095 @ 95% CL
Done in 0.00 min (cpu), 0.00 min (real)
Generate toy 411/500

 -- Profile Likelihood -- 
Limit: r < 1.61574 @ 95% CL
Done in 0.00 min (cpu), 0.00 min (real)
Generate toy 412/500

 -- Profile Likelihood -- 
Limit: r < 2.15069 @ 95% CL
Done in 0.00 min (cpu), 0.01 min (real)
Generate toy 413/500

 -- Profile Likelihood -- 
Limit: r < 2.50626 @ 95% CL
Done in 0.00 min (cpu), 0.00 min (real)
Generate toy 414/500

 -- Profile Likelihood -- 
Limit: r < 4.79067 @ 95% CL
Done in 0.00 min (cpu), 0.00 min (real)
Generate toy 415/500

 -- Profile Likelihood -- 
Limit: r < 1.35456 @ 95% CL
Done in 0.00 min (cpu), 0.00 min (real)
Generate toy 416/500

 -- Profile Likelihood -- 
Limit: r < 1.50596 @ 95% CL
Done in 0.00 min (cpu), 0.00 min (real)
Generate toy 417/500

 -- Profile Likelihood -- 
Limit: r < 2.38473 @ 95% CL
Done in 0.01 min (cpu), 0.01 min (real)
Generate toy 418/500

 -- Profile Likelihood -- 
Limit: r < 4.09519 @ 95% CL
Done in 0.00 min (cpu), 0.00 min (real)
Generate toy 419/500

 -- Profile Likelihood -- 
Limit: r < 2.39783 @ 95% CL
Done in 0.00 min (cpu), 0.00 min (real)
Generate toy 420/500

 -- Profile Likelihood -- 
Limit: r < 1.73563 @ 95% CL
Done in 0.00 min (cpu), 0.00 min (real)
Generate toy 421/500

 -- Profile Likelihood -- 
Limit: r < 1.84608 @ 95% CL
Done in 0.00 min (cpu), 0.00 min (real)
Generate toy 422/500

 -- Profile Likelihood -- 
Limit: r < 2.56665 @ 95% CL
Done in 0.00 min (cpu), 0.00 min (real)
Generate toy 423/500

 -- Profile Likelihood -- 
Limit: r < 1.72491 @ 95% CL
Done in 0.00 min (cpu), 0.00 min (real)
Generate toy 424/500

 -- Profile Likelihood -- 
Limit: r < 4.5682 @ 95% CL
Done in 0.00 min (cpu), 0.00 min (real)
Generate toy 425/500

 -- Profile Likelihood -- 
Limit: r < 2.50055 @ 95% CL
Done in 0.00 min (cpu), 0.00 min (real)
Generate toy 426/500

 -- Profile Likelihood -- 
Limit: r < 2.42382 @ 95% CL
Done in 0.00 min (cpu), 0.00 min (real)
Generate toy 427/500

 -- Profile Likelihood -- 
Limit: r < 1.83717 @ 95% CL
Done in 0.00 min (cpu), 0.00 min (real)
Generate toy 428/500

 -- Profile Likelihood -- 
Limit: r < 2.06412 @ 95% CL
Done in 0.01 min (cpu), 0.01 min (real)
Generate toy 429/500

 -- Profile Likelihood -- 
Limit: r < 0.989602 @ 95% CL
Done in 0.00 min (cpu), 0.00 min (real)
Generate toy 430/500

 -- Profile Likelihood -- 
Limit: r < 3.61086 @ 95% CL
Done in 0.00 min (cpu), 0.00 min (real)
Generate toy 431/500

 -- Profile Likelihood -- 
Limit: r < 3.11774 @ 95% CL
Done in 0.00 min (cpu), 0.00 min (real)
Generate toy 432/500

 -- Profile Likelihood -- 
Limit: r < 1.44349 @ 95% CL
Done in 0.00 min (cpu), 0.00 min (real)
Generate toy 433/500

 -- Profile Likelihood -- 
Limit: r < 2.88762 @ 95% CL
Done in 0.00 min (cpu), 0.00 min (real)
Generate toy 434/500

 -- Profile Likelihood -- 
Limit: r < 3.75346 @ 95% CL
Done in 0.00 min (cpu), 0.00 min (real)
Generate toy 435/500

 -- Profile Likelihood -- 
Limit: r < 2.64429 @ 95% CL
Done in 0.00 min (cpu), 0.00 min (real)
Generate toy 436/500

 -- Profile Likelihood -- 
Limit: r < 2.01523 @ 95% CL
Done in 0.01 min (cpu), 0.01 min (real)
Generate toy 437/500

 -- Profile Likelihood -- 
Limit: r < 2.08662 @ 95% CL
Done in 0.01 min (cpu), 0.01 min (real)
Generate toy 438/500

 -- Profile Likelihood -- 
Limit: r < 4.81122 @ 95% CL
Done in 0.00 min (cpu), 0.00 min (real)
Generate toy 439/500

 -- Profile Likelihood -- 
Limit: r < 1.42872 @ 95% CL
Done in 0.00 min (cpu), 0.00 min (real)
Generate toy 440/500

 -- Profile Likelihood -- 
Limit: r < 3.24266 @ 95% CL
Done in 0.00 min (cpu), 0.00 min (real)
Generate toy 441/500

 -- Profile Likelihood -- 
Limit: r < 1.63645 @ 95% CL
Done in 0.00 min (cpu), 0.00 min (real)
Generate toy 442/500

 -- Profile Likelihood -- 
Limit: r < 2.9838 @ 95% CL
Done in 0.00 min (cpu), 0.00 min (real)
Generate toy 443/500

 -- Profile Likelihood -- 
Limit: r < 3.08336 @ 95% CL
Done in 0.00 min (cpu), 0.00 min (real)
Generate toy 444/500

 -- Profile Likelihood -- 
Limit: r < 1.68966 @ 95% CL
Done in 0.00 min (cpu), 0.00 min (real)
Generate toy 445/500

 -- Profile Likelihood -- 
Limit: r < 1.77915 @ 95% CL
Done in 0.00 min (cpu), 0.00 min (real)
Generate toy 446/500

 -- Profile Likelihood -- 
Limit: r < 2.80573 @ 95% CL
Done in 0.00 min (cpu), 0.00 min (real)
Generate toy 447/500

 -- Profile Likelihood -- 
Limit: r < 3.8886 @ 95% CL
Done in 0.00 min (cpu), 0.00 min (real)
Generate toy 448/500

 -- Profile Likelihood -- 
Limit: r < 3.48345 @ 95% CL
Done in 0.00 min (cpu), 0.00 min (real)
Generate toy 449/500

 -- Profile Likelihood -- 
Limit: r < 3.57023 @ 95% CL
Done in 0.00 min (cpu), 0.00 min (real)
Generate toy 450/500

 -- Profile Likelihood -- 
Limit: r < 1.30387 @ 95% CL
Done in 0.00 min (cpu), 0.00 min (real)
Generate toy 451/500

 -- Profile Likelihood -- 
Limit: r < 1.58607 @ 95% CL
Done in 0.01 min (cpu), 0.01 min (real)
Generate toy 452/500

 -- Profile Likelihood -- 
Limit: r < 1.49129 @ 95% CL
Done in 0.00 min (cpu), 0.00 min (real)
Generate toy 453/500

 -- Profile Likelihood -- 
Limit: r < 2.02566 @ 95% CL
Done in 0.00 min (cpu), 0.00 min (real)
Generate toy 454/500

 -- Profile Likelihood -- 
Limit: r < 2.68572 @ 95% CL
Done in 0.00 min (cpu), 0.00 min (real)
Generate toy 455/500

 -- Profile Likelihood -- 
Limit: r < 1.8704 @ 95% CL
Done in 0.00 min (cpu), 0.00 min (real)
Generate toy 456/500

 -- Profile Likelihood -- 
Limit: r < 3.59096 @ 95% CL
Done in 0.00 min (cpu), 0.00 min (real)
Generate toy 457/500

 -- Profile Likelihood -- 
Limit: r < 3.26521 @ 95% CL
Done in 0.00 min (cpu), 0.00 min (real)
Generate toy 458/500

 -- Profile Likelihood -- 
Limit: r < 2.16215 @ 95% CL
Done in 0.01 min (cpu), 0.01 min (real)
Generate toy 459/500

 -- Profile Likelihood -- 
Limit: r < 2.01563 @ 95% CL
Done in 0.01 min (cpu), 0.01 min (real)
Generate toy 460/500

 -- Profile Likelihood -- 
Limit: r < 2.55028 @ 95% CL
Done in 0.00 min (cpu), 0.00 min (real)
Generate toy 461/500

 -- Profile Likelihood -- 
Limit: r < 1.92592 @ 95% CL
Done in 0.00 min (cpu), 0.00 min (real)
Generate toy 462/500

 -- Profile Likelihood -- 
Limit: r < 6.08362 @ 95% CL
Done in 0.00 min (cpu), 0.00 min (real)
Generate toy 463/500

 -- Profile Likelihood -- 
Limit: r < 3.09868 @ 95% CL
Done in 0.00 min (cpu), 0.00 min (real)
Generate toy 464/500

 -- Profile Likelihood -- 
Limit: r < 2.81787 @ 95% CL
Done in 0.00 min (cpu), 0.00 min (real)
Generate toy 465/500

 -- Profile Likelihood -- 
Limit: r < 3.9298 @ 95% CL
Done in 0.00 min (cpu), 0.00 min (real)
Generate toy 466/500

 -- Profile Likelihood -- 
Limit: r < 1.37078 @ 95% CL
Done in 0.00 min (cpu), 0.00 min (real)
Generate toy 467/500

 -- Profile Likelihood -- 
Limit: r < 1.54546 @ 95% CL
Done in 0.00 min (cpu), 0.00 min (real)
Generate toy 468/500

 -- Profile Likelihood -- 
Limit: r < 2.99598 @ 95% CL
Done in 0.00 min (cpu), 0.00 min (real)
Generate toy 469/500

 -- Profile Likelihood -- 
Limit: r < 4.60763 @ 95% CL
Done in 0.00 min (cpu), 0.00 min (real)
Generate toy 470/500

 -- Profile Likelihood -- 
Limit: r < 1.26159 @ 95% CL
Done in 0.00 min (cpu), 0.00 min (real)
Generate toy 471/500

 -- Profile Likelihood -- 
Limit: r < 4.26212 @ 95% CL
Done in 0.00 min (cpu), 0.00 min (real)
Generate toy 472/500

 -- Profile Likelihood -- 
Limit: r < 1.6492 @ 95% CL
Done in 0.00 min (cpu), 0.00 min (real)
Generate toy 473/500

 -- Profile Likelihood -- 
Limit: r < 1.74308 @ 95% CL
Done in 0.00 min (cpu), 0.00 min (real)
Generate toy 474/500

 -- Profile Likelihood -- 
Limit: r < 1.4953 @ 95% CL
Done in 0.00 min (cpu), 0.00 min (real)
Generate toy 475/500

 -- Profile Likelihood -- 
Limit: r < 2.26564 @ 95% CL
Done in 0.01 min (cpu), 0.01 min (real)
Generate toy 476/500

 -- Profile Likelihood -- 
Limit: r < 1.0898 @ 95% CL
Done in 0.00 min (cpu), 0.00 min (real)
Generate toy 477/500

 -- Profile Likelihood -- 
Limit: r < 2.65439 @ 95% CL
Done in 0.00 min (cpu), 0.00 min (real)
Generate toy 478/500

 -- Profile Likelihood -- 
Limit: r < 4.15702 @ 95% CL
Done in 0.00 min (cpu), 0.00 min (real)
Generate toy 479/500

 -- Profile Likelihood -- 
Limit: r < 2.73472 @ 95% CL
Done in 0.00 min (cpu), 0.00 min (real)
Generate toy 480/500

 -- Profile Likelihood -- 
Limit: r < 2.49316 @ 95% CL
Done in 0.00 min (cpu), 0.00 min (real)
Generate toy 481/500

 -- Profile Likelihood -- 
Limit: r < 0.854928 @ 95% CL
Done in 0.00 min (cpu), 0.00 min (real)
Generate toy 482/500

 -- Profile Likelihood -- 
Limit: r < 3.23424 @ 95% CL
Done in 0.00 min (cpu), 0.00 min (real)
Generate toy 483/500

 -- Profile Likelihood -- 
Limit: r < 4.82445 @ 95% CL
Done in 0.00 min (cpu), 0.00 min (real)
Generate toy 484/500

 -- Profile Likelihood -- 
Limit: r < 1.17797 @ 95% CL
Done in 0.00 min (cpu), 0.00 min (real)
Generate toy 485/500

 -- Profile Likelihood -- 
Limit: r < 3.02036 @ 95% CL
Done in 0.00 min (cpu), 0.00 min (real)
Generate toy 486/500

 -- Profile Likelihood -- 
Limit: r < 2.80385 @ 95% CL
Done in 0.00 min (cpu), 0.00 min (real)
Generate toy 487/500

 -- Profile Likelihood -- 
Limit: r < 2.69172 @ 95% CL
Done in 0.00 min (cpu), 0.00 min (real)
Generate toy 488/500

 -- Profile Likelihood -- 
Limit: r < 1.30379 @ 95% CL
Done in 0.00 min (cpu), 0.00 min (real)
Generate toy 489/500

 -- Profile Likelihood -- 
Limit: r < 1.71543 @ 95% CL
Done in 0.00 min (cpu), 0.00 min (real)
Generate toy 490/500

 -- Profile Likelihood -- 
Limit: r < 1.36161 @ 95% CL
Done in 0.00 min (cpu), 0.00 min (real)
Generate toy 491/500

 -- Profile Likelihood -- 
Limit: r < 4.22764 @ 95% CL
Done in 0.00 min (cpu), 0.00 min (real)
Generate toy 492/500

 -- Profile Likelihood -- 
Limit: r < 3.52988 @ 95% CL
Done in 0.00 min (cpu), 0.00 min (real)
Generate toy 493/500

 -- Profile Likelihood -- 
Limit: r < 1.00578 @ 95% CL
Done in 0.00 min (cpu), 0.00 min (real)
Generate toy 494/500

 -- Profile Likelihood -- 
Limit: r < 2.18808 @ 95% CL
Done in 0.01 min (cpu), 0.01 min (real)
Generate toy 495/500

 -- Profile Likelihood -- 
Limit: r < 1.07215 @ 95% CL
Done in 0.00 min (cpu), 0.00 min (real)
Generate toy 496/500

 -- Profile Likelihood -- 
Limit: r < 2.84138 @ 95% CL
Done in 0.00 min (cpu), 0.00 min (real)
Generate toy 497/500

 -- Profile Likelihood -- 
Limit: r < 1.89041 @ 95% CL
Done in 0.00 min (cpu), 0.00 min (real)
Generate toy 498/500

 -- Profile Likelihood -- 
Limit: r < 2.59707 @ 95% CL
Done in 0.00 min (cpu), 0.00 min (real)
Generate toy 499/500

 -- Profile Likelihood -- 
Limit: r < 1.4825 @ 95% CL
Done in 0.00 min (cpu), 0.00 min (real)
Generate toy 500/500

 -- Profile Likelihood -- 
Limit: r < 1.24903 @ 95% CL
Done in 0.00 min (cpu), 0.00 min (real)
mean   expected limit: r < 3.03038 +/- 0.353119 @ 95%CL (500 toyMC)
median expected limit: r < 2.29909 @ 95%CL (500 toyMC)
   68% expected band : 1.40218 < r < 3.46117
   95% expected band : 0.94805 < r < 5.04978
