>>> including systematics
>>> method used to compute upper limit is ProfileLikelihood
>>> random number generator seed is 123456

Sanity checks on the model: OK
Generate toy 1/500
  1) RooRealVar:: n_obs_bina01 = 2637

 -- Profile Likelihood -- 
Limit: r < 4.15181 @ 95% CL
Done in 0.00 min (cpu), 0.00 min (real)
Generate toy 2/500
  1) RooRealVar:: n_obs_bina01 = 2829

 -- Profile Likelihood -- 
Limit: r < 6.13695 @ 95% CL
Done in 0.00 min (cpu), 0.00 min (real)
Generate toy 3/500
  1) RooRealVar:: n_obs_bina01 = 2801

 -- Profile Likelihood -- 
Limit: r < 5.84722 @ 95% CL
Done in 0.00 min (cpu), 0.00 min (real)
Generate toy 4/500
  1) RooRealVar:: n_obs_bina01 = 2698

 -- Profile Likelihood -- 
Limit: r < 4.78233 @ 95% CL
Done in 0.00 min (cpu), 0.00 min (real)
Generate toy 5/500
  1) RooRealVar:: n_obs_bina01 = 2723

 -- Profile Likelihood -- 
Limit: r < 5.041 @ 95% CL
Done in 0.00 min (cpu), 0.00 min (real)
Generate toy 6/500
  1) RooRealVar:: n_obs_bina01 = 2622

 -- Profile Likelihood -- 
Limit: r < 3.99978 @ 95% CL
Done in 0.00 min (cpu), 0.00 min (real)
Generate toy 7/500
  1) RooRealVar:: n_obs_bina01 = 2936

 -- Profile Likelihood -- 
Limit: r < 7.24346 @ 95% CL
Done in 0.00 min (cpu), 0.00 min (real)
Generate toy 8/500
  1) RooRealVar:: n_obs_bina01 = 2662

 -- Profile Likelihood -- 
Limit: r < 4.4101 @ 95% CL
Done in 0.00 min (cpu), 0.00 min (real)
Generate toy 9/500
  1) RooRealVar:: n_obs_bina01 = 2248

 -- Profile Likelihood -- 
Limit: r < 1.57523 @ 95% CL
Done in 0.00 min (cpu), 0.00 min (real)
Generate toy 10/500
  1) RooRealVar:: n_obs_bina01 = 2703

 -- Profile Likelihood -- 
Limit: r < 4.83403 @ 95% CL
Done in 0.00 min (cpu), 0.00 min (real)
Generate toy 11/500
  1) RooRealVar:: n_obs_bina01 = 2478

 -- Profile Likelihood -- 
Limit: r < 2.77338 @ 95% CL
Done in 0.00 min (cpu), 0.00 min (real)
Generate toy 12/500
  1) RooRealVar:: n_obs_bina01 = 2672

 -- Profile Likelihood -- 
Limit: r < 4.51346 @ 95% CL
Done in 0.00 min (cpu), 0.00 min (real)
Generate toy 13/500
  1) RooRealVar:: n_obs_bina01 = 2927

 -- Profile Likelihood -- 
Limit: r < 7.1504 @ 95% CL
Done in 0.00 min (cpu), 0.00 min (real)
Generate toy 14/500
  1) RooRealVar:: n_obs_bina01 = 2580

 -- Profile Likelihood -- 
Limit: r < 3.59876 @ 95% CL
Done in 0.00 min (cpu), 0.00 min (real)
Generate toy 15/500
  1) RooRealVar:: n_obs_bina01 = 2864

 -- Profile Likelihood -- 
Limit: r < 6.50008 @ 95% CL
Done in 0.00 min (cpu), 0.00 min (real)
Generate toy 16/500
  1) RooRealVar:: n_obs_bina01 = 2836

 -- Profile Likelihood -- 
Limit: r < 6.20936 @ 95% CL
Done in 0.00 min (cpu), 0.00 min (real)
Generate toy 17/500
  1) RooRealVar:: n_obs_bina01 = 2770

 -- Profile Likelihood -- 
Limit: r < 5.52689 @ 95% CL
Done in 0.00 min (cpu), 0.00 min (real)
Generate toy 18/500
  1) RooRealVar:: n_obs_bina01 = 2923

 -- Profile Likelihood -- 
Limit: r < 7.10904 @ 95% CL
Done in 0.00 min (cpu), 0.00 min (real)
Generate toy 19/500
  1) RooRealVar:: n_obs_bina01 = 2566

 -- Profile Likelihood -- 
Limit: r < 3.473 @ 95% CL
Done in 0.00 min (cpu), 0.00 min (real)
Generate toy 20/500
  1) RooRealVar:: n_obs_bina01 = 2473

 -- Profile Likelihood -- 
Limit: r < 2.73819 @ 95% CL
Done in 0.00 min (cpu), 0.00 min (real)
Generate toy 21/500
  1) RooRealVar:: n_obs_bina01 = 2925

 -- Profile Likelihood -- 
Limit: r < 7.12972 @ 95% CL
Done in 0.00 min (cpu), 0.00 min (real)
Generate toy 22/500
  1) RooRealVar:: n_obs_bina01 = 2675

 -- Profile Likelihood -- 
Limit: r < 4.54492 @ 95% CL
Done in 0.00 min (cpu), 0.00 min (real)
Generate toy 23/500
  1) RooRealVar:: n_obs_bina01 = 2735

 -- Profile Likelihood -- 
Limit: r < 5.16501 @ 95% CL
Done in 0.00 min (cpu), 0.00 min (real)
Generate toy 24/500
  1) RooRealVar:: n_obs_bina01 = 2284

 -- Profile Likelihood -- 
Limit: r < 1.71448 @ 95% CL
Done in 0.00 min (cpu), 0.00 min (real)
Generate toy 25/500
  1) RooRealVar:: n_obs_bina01 = 2827

 -- Profile Likelihood -- 
Limit: r < 6.11626 @ 95% CL
Done in 0.00 min (cpu), 0.00 min (real)
Generate toy 26/500
  1) RooRealVar:: n_obs_bina01 = 2753

 -- Profile Likelihood -- 
Limit: r < 5.35109 @ 95% CL
Done in 0.00 min (cpu), 0.00 min (real)
Generate toy 27/500
  1) RooRealVar:: n_obs_bina01 = 2671

 -- Profile Likelihood -- 
Limit: r < 4.50311 @ 95% CL
Done in 0.00 min (cpu), 0.00 min (real)
Generate toy 28/500
  1) RooRealVar:: n_obs_bina01 = 2764

 -- Profile Likelihood -- 
Limit: r < 5.46484 @ 95% CL
Done in 0.00 min (cpu), 0.00 min (real)
Generate toy 29/500
  1) RooRealVar:: n_obs_bina01 = 2828

 -- Profile Likelihood -- 
Limit: r < 6.1266 @ 95% CL
Done in 0.00 min (cpu), 0.00 min (real)
Generate toy 30/500
  1) RooRealVar:: n_obs_bina01 = 2431

 -- Profile Likelihood -- 
Limit: r < 2.46086 @ 95% CL
Done in 0.00 min (cpu), 0.00 min (real)
Generate toy 31/500
  1) RooRealVar:: n_obs_bina01 = 2474

 -- Profile Likelihood -- 
Limit: r < 2.74519 @ 95% CL
Done in 0.00 min (cpu), 0.00 min (real)
Generate toy 32/500
  1) RooRealVar:: n_obs_bina01 = 2510

 -- Profile Likelihood -- 
Limit: r < 3.00996 @ 95% CL
Done in 0.00 min (cpu), 0.00 min (real)
Generate toy 33/500
  1) RooRealVar:: n_obs_bina01 = 2323

 -- Profile Likelihood -- 
Limit: r < 1.88277 @ 95% CL
Done in 0.00 min (cpu), 0.00 min (real)
Generate toy 34/500
  1) RooRealVar:: n_obs_bina01 = 2697

 -- Profile Likelihood -- 
Limit: r < 4.77199 @ 95% CL
Done in 0.00 min (cpu), 0.00 min (real)
Generate toy 35/500
  1) RooRealVar:: n_obs_bina01 = 2663

 -- Profile Likelihood -- 
Limit: r < 4.42042 @ 95% CL
Done in 0.00 min (cpu), 0.00 min (real)
Generate toy 36/500
  1) RooRealVar:: n_obs_bina01 = 2529

 -- Profile Likelihood -- 
Limit: r < 3.15997 @ 95% CL
Done in 0.00 min (cpu), 0.00 min (real)
Generate toy 37/500
  1) RooRealVar:: n_obs_bina01 = 2433

 -- Profile Likelihood -- 
Limit: r < 2.47335 @ 95% CL
Done in 0.00 min (cpu), 0.00 min (real)
Generate toy 38/500
  1) RooRealVar:: n_obs_bina01 = 2804

 -- Profile Likelihood -- 
Limit: r < 5.87827 @ 95% CL
Done in 0.00 min (cpu), 0.00 min (real)
Generate toy 39/500
  1) RooRealVar:: n_obs_bina01 = 3100

 -- Profile Likelihood -- 
Limit: r < 8.93916 @ 95% CL
Done in 0.00 min (cpu), 0.00 min (real)
Generate toy 40/500
  1) RooRealVar:: n_obs_bina01 = 2817

 -- Profile Likelihood -- 
Limit: r < 6.0128 @ 95% CL
Done in 0.00 min (cpu), 0.00 min (real)
Generate toy 41/500
  1) RooRealVar:: n_obs_bina01 = 2766

 -- Profile Likelihood -- 
Limit: r < 5.48552 @ 95% CL
Done in 0.00 min (cpu), 0.00 min (real)
Generate toy 42/500
  1) RooRealVar:: n_obs_bina01 = 2327

 -- Profile Likelihood -- 
Limit: r < 1.90115 @ 95% CL
Done in 0.00 min (cpu), 0.00 min (real)
Generate toy 43/500
  1) RooRealVar:: n_obs_bina01 = 3043

 -- Profile Likelihood -- 
Limit: r < 8.34979 @ 95% CL
Done in 0.00 min (cpu), 0.00 min (real)
Generate toy 44/500
  1) RooRealVar:: n_obs_bina01 = 2789

 -- Profile Likelihood -- 
Limit: r < 5.72298 @ 95% CL
Done in 0.00 min (cpu), 0.00 min (real)
Generate toy 45/500
  1) RooRealVar:: n_obs_bina01 = 2730

 -- Profile Likelihood -- 
Limit: r < 5.11333 @ 95% CL
Done in 0.00 min (cpu), 0.00 min (real)
Generate toy 46/500
  1) RooRealVar:: n_obs_bina01 = 2587

 -- Profile Likelihood -- 
Limit: r < 3.66316 @ 95% CL
Done in 0.00 min (cpu), 0.00 min (real)
Generate toy 47/500
  1) RooRealVar:: n_obs_bina01 = 2771

 -- Profile Likelihood -- 
Limit: r < 5.53723 @ 95% CL
Done in 0.00 min (cpu), 0.00 min (real)
Generate toy 48/500
  1) RooRealVar:: n_obs_bina01 = 2599

 -- Profile Likelihood -- 
Limit: r < 3.77599 @ 95% CL
Done in 0.00 min (cpu), 0.00 min (real)
Generate toy 49/500
  1) RooRealVar:: n_obs_bina01 = 2623

 -- Profile Likelihood -- 
Limit: r < 4.00976 @ 95% CL
Done in 0.00 min (cpu), 0.00 min (real)
Generate toy 50/500
  1) RooRealVar:: n_obs_bina01 = 2724

 -- Profile Likelihood -- 
Limit: r < 5.05133 @ 95% CL
Done in 0.00 min (cpu), 0.00 min (real)
Generate toy 51/500
  1) RooRealVar:: n_obs_bina01 = 2460

 -- Profile Likelihood -- 
Limit: r < 2.64892 @ 95% CL
Done in 0.00 min (cpu), 0.00 min (real)
Generate toy 52/500
  1) RooRealVar:: n_obs_bina01 = 3172

 -- Profile Likelihood -- 
Limit: r < 9.68363 @ 95% CL
Done in 0.00 min (cpu), 0.00 min (real)
Generate toy 53/500
  1) RooRealVar:: n_obs_bina01 = 2405

 -- Profile Likelihood -- 
Limit: r < 2.30479 @ 95% CL
Done in 0.00 min (cpu), 0.00 min (real)
Generate toy 54/500
  1) RooRealVar:: n_obs_bina01 = 2825

 -- Profile Likelihood -- 
Limit: r < 6.09557 @ 95% CL
Done in 0.00 min (cpu), 0.00 min (real)
Generate toy 55/500
  1) RooRealVar:: n_obs_bina01 = 2592

 -- Profile Likelihood -- 
Limit: r < 3.70979 @ 95% CL
Done in 0.00 min (cpu), 0.00 min (real)
Generate toy 56/500
  1) RooRealVar:: n_obs_bina01 = 2320

 -- Profile Likelihood -- 
Limit: r < 1.86913 @ 95% CL
Done in 0.00 min (cpu), 0.00 min (real)
Generate toy 57/500
  1) RooRealVar:: n_obs_bina01 = 2467

 -- Profile Likelihood -- 
Limit: r < 2.69659 @ 95% CL
Done in 0.00 min (cpu), 0.00 min (real)
Generate toy 58/500
  1) RooRealVar:: n_obs_bina01 = 2370

 -- Profile Likelihood -- 
Limit: r < 2.1122 @ 95% CL
Done in 0.00 min (cpu), 0.00 min (real)
Generate toy 59/500
  1) RooRealVar:: n_obs_bina01 = 2721

 -- Profile Likelihood -- 
Limit: r < 5.02035 @ 95% CL
Done in 0.00 min (cpu), 0.00 min (real)
Generate toy 60/500
  1) RooRealVar:: n_obs_bina01 = 2438

 -- Profile Likelihood -- 
Limit: r < 2.50488 @ 95% CL
Done in 0.00 min (cpu), 0.00 min (real)
Generate toy 61/500
  1) RooRealVar:: n_obs_bina01 = 3048

 -- Profile Likelihood -- 
Limit: r < 8.40149 @ 95% CL
Done in 0.00 min (cpu), 0.00 min (real)
Generate toy 62/500
  1) RooRealVar:: n_obs_bina01 = 2743

 -- Profile Likelihood -- 
Limit: r < 5.24771 @ 95% CL
Done in 0.00 min (cpu), 0.00 min (real)
Generate toy 63/500
  1) RooRealVar:: n_obs_bina01 = 2530

 -- Profile Likelihood -- 
Limit: r < 3.16806 @ 95% CL
Done in 0.00 min (cpu), 0.00 min (real)
Generate toy 64/500
  1) RooRealVar:: n_obs_bina01 = 2541

 -- Profile Likelihood -- 
Limit: r < 3.25844 @ 95% CL
Done in 0.00 min (cpu), 0.00 min (real)
Generate toy 65/500
  1) RooRealVar:: n_obs_bina01 = 2458

 -- Profile Likelihood -- 
Limit: r < 2.63546 @ 95% CL
Done in 0.00 min (cpu), 0.00 min (real)
Generate toy 66/500
  1) RooRealVar:: n_obs_bina01 = 3099

 -- Profile Likelihood -- 
Limit: r < 8.92882 @ 95% CL
Done in 0.00 min (cpu), 0.00 min (real)
Generate toy 67/500
  1) RooRealVar:: n_obs_bina01 = 2552

 -- Profile Likelihood -- 
Limit: r < 3.35128 @ 95% CL
Done in 0.00 min (cpu), 0.00 min (real)
Generate toy 68/500
  1) RooRealVar:: n_obs_bina01 = 2646

 -- Profile Likelihood -- 
Limit: r < 4.24459 @ 95% CL
Done in 0.00 min (cpu), 0.00 min (real)
Generate toy 69/500
  1) RooRealVar:: n_obs_bina01 = 2793

 -- Profile Likelihood -- 
Limit: r < 5.7644 @ 95% CL
Done in 0.00 min (cpu), 0.00 min (real)
Generate toy 70/500
  1) RooRealVar:: n_obs_bina01 = 2324

 -- Profile Likelihood -- 
Limit: r < 1.88735 @ 95% CL
Done in 0.00 min (cpu), 0.00 min (real)
Generate toy 71/500
  1) RooRealVar:: n_obs_bina01 = 2553

 -- Profile Likelihood -- 
Limit: r < 3.35984 @ 95% CL
Done in 0.00 min (cpu), 0.00 min (real)
Generate toy 72/500
  1) RooRealVar:: n_obs_bina01 = 2885

 -- Profile Likelihood -- 
Limit: r < 6.71492 @ 95% CL
Done in 0.00 min (cpu), 0.00 min (real)
Generate toy 73/500
  1) RooRealVar:: n_obs_bina01 = 3115

 -- Profile Likelihood -- 
Limit: r < 9.09425 @ 95% CL
Done in 0.00 min (cpu), 0.00 min (real)
Generate toy 74/500
  1) RooRealVar:: n_obs_bina01 = 2591

 -- Profile Likelihood -- 
Limit: r < 3.70042 @ 95% CL
Done in 0.00 min (cpu), 0.00 min (real)
Generate toy 75/500
  1) RooRealVar:: n_obs_bina01 = 3313

 -- Profile Likelihood -- 
Limit: r < 11.1416 @ 95% CL
Done in 0.00 min (cpu), 0.00 min (real)
Generate toy 76/500
  1) RooRealVar:: n_obs_bina01 = 2750

 -- Profile Likelihood -- 
Limit: r < 5.31963 @ 95% CL
Done in 0.00 min (cpu), 0.00 min (real)
Generate toy 77/500
  1) RooRealVar:: n_obs_bina01 = 2596

 -- Profile Likelihood -- 
Limit: r < 3.74749 @ 95% CL
Done in 0.00 min (cpu), 0.00 min (real)
Generate toy 78/500
  1) RooRealVar:: n_obs_bina01 = 2376

 -- Profile Likelihood -- 
Limit: r < 2.14385 @ 95% CL
Done in 0.00 min (cpu), 0.00 min (real)
Generate toy 79/500
  1) RooRealVar:: n_obs_bina01 = 3541

 -- Profile Likelihood -- 
Limit: r < 13.4992 @ 95% CL
Done in 0.00 min (cpu), 0.00 min (real)
Generate toy 80/500
  1) RooRealVar:: n_obs_bina01 = 2809

 -- Profile Likelihood -- 
Limit: r < 5.93002 @ 95% CL
Done in 0.00 min (cpu), 0.00 min (real)
Generate toy 81/500
  1) RooRealVar:: n_obs_bina01 = 2793

 -- Profile Likelihood -- 
Limit: r < 5.7644 @ 95% CL
Done in 0.00 min (cpu), 0.00 min (real)
Generate toy 82/500
  1) RooRealVar:: n_obs_bina01 = 2532

 -- Profile Likelihood -- 
Limit: r < 3.18431 @ 95% CL
Done in 0.00 min (cpu), 0.00 min (real)
Generate toy 83/500
  1) RooRealVar:: n_obs_bina01 = 2553

 -- Profile Likelihood -- 
Limit: r < 3.35984 @ 95% CL
Done in 0.00 min (cpu), 0.00 min (real)
Generate toy 84/500
  1) RooRealVar:: n_obs_bina01 = 2274

 -- Profile Likelihood -- 
Limit: r < 1.67433 @ 95% CL
Done in 0.00 min (cpu), 0.00 min (real)
Generate toy 85/500
  1) RooRealVar:: n_obs_bina01 = 2530

 -- Profile Likelihood -- 
Limit: r < 3.16806 @ 95% CL
Done in 0.00 min (cpu), 0.00 min (real)
Generate toy 86/500
  1) RooRealVar:: n_obs_bina01 = 2925

 -- Profile Likelihood -- 
Limit: r < 7.12972 @ 95% CL
Done in 0.00 min (cpu), 0.00 min (real)
Generate toy 87/500
  1) RooRealVar:: n_obs_bina01 = 2419

 -- Profile Likelihood -- 
Limit: r < 2.3874 @ 95% CL
Done in 0.00 min (cpu), 0.00 min (real)
Generate toy 88/500
  1) RooRealVar:: n_obs_bina01 = 2569

 -- Profile Likelihood -- 
Limit: r < 3.49961 @ 95% CL
Done in 0.00 min (cpu), 0.00 min (real)
Generate toy 89/500
  1) RooRealVar:: n_obs_bina01 = 2735

 -- Profile Likelihood -- 
Limit: r < 5.16501 @ 95% CL
Done in 0.00 min (cpu), 0.00 min (real)
Generate toy 90/500
  1) RooRealVar:: n_obs_bina01 = 2711

 -- Profile Likelihood -- 
Limit: r < 4.91718 @ 95% CL
Done in 0.00 min (cpu), 0.00 min (real)
Generate toy 91/500
  1) RooRealVar:: n_obs_bina01 = 2631

 -- Profile Likelihood -- 
Limit: r < 4.09036 @ 95% CL
Done in 0.00 min (cpu), 0.00 min (real)
Generate toy 92/500
  1) RooRealVar:: n_obs_bina01 = 2473

 -- Profile Likelihood -- 
Limit: r < 2.73819 @ 95% CL
Done in 0.00 min (cpu), 0.00 min (real)
Generate toy 93/500
  1) RooRealVar:: n_obs_bina01 = 2973

 -- Profile Likelihood -- 
Limit: r < 7.62602 @ 95% CL
Done in 0.00 min (cpu), 0.00 min (real)
Generate toy 94/500
  1) RooRealVar:: n_obs_bina01 = 2167

 -- Profile Likelihood -- 
Limit: r < 1.30981 @ 95% CL
Done in 0.00 min (cpu), 0.00 min (real)
Generate toy 95/500
  1) RooRealVar:: n_obs_bina01 = 2660

 -- Profile Likelihood -- 
Limit: r < 4.38946 @ 95% CL
Done in 0.00 min (cpu), 0.00 min (real)
Generate toy 96/500
  1) RooRealVar:: n_obs_bina01 = 2863

 -- Profile Likelihood -- 
Limit: r < 6.48988 @ 95% CL
Done in 0.00 min (cpu), 0.00 min (real)
Generate toy 97/500
  1) RooRealVar:: n_obs_bina01 = 2705

 -- Profile Likelihood -- 
Limit: r < 4.85472 @ 95% CL
Done in 0.00 min (cpu), 0.00 min (real)
Generate toy 98/500
  1) RooRealVar:: n_obs_bina01 = 2586

 -- Profile Likelihood -- 
Limit: r < 3.65389 @ 95% CL
Done in 0.00 min (cpu), 0.00 min (real)
Generate toy 99/500
  1) RooRealVar:: n_obs_bina01 = 2557

 -- Profile Likelihood -- 
Limit: r < 3.39429 @ 95% CL
Done in 0.00 min (cpu), 0.00 min (real)
Generate toy 100/500
  1) RooRealVar:: n_obs_bina01 = 2758

 -- Profile Likelihood -- 
Limit: r < 5.40279 @ 95% CL
Done in 0.00 min (cpu), 0.00 min (real)
Generate toy 101/500
  1) RooRealVar:: n_obs_bina01 = 2515

 -- Profile Likelihood -- 
Limit: r < 3.04874 @ 95% CL
Done in 0.00 min (cpu), 0.00 min (real)
Generate toy 102/500
  1) RooRealVar:: n_obs_bina01 = 3296

 -- Profile Likelihood -- 
Limit: r < 10.9658 @ 95% CL
Done in 0.00 min (cpu), 0.00 min (real)
Generate toy 103/500
  1) RooRealVar:: n_obs_bina01 = 2739

 -- Profile Likelihood -- 
Limit: r < 5.20636 @ 95% CL
Done in 0.00 min (cpu), 0.00 min (real)
Generate toy 104/500
  1) RooRealVar:: n_obs_bina01 = 3022

 -- Profile Likelihood -- 
Limit: r < 8.13266 @ 95% CL
Done in 0.00 min (cpu), 0.00 min (real)
Generate toy 105/500
  1) RooRealVar:: n_obs_bina01 = 2651

 -- Profile Likelihood -- 
Limit: r < 4.29629 @ 95% CL
Done in 0.00 min (cpu), 0.00 min (real)
Generate toy 106/500
  1) RooRealVar:: n_obs_bina01 = 2591

 -- Profile Likelihood -- 
Limit: r < 3.70042 @ 95% CL
Done in 0.00 min (cpu), 0.00 min (real)
Generate toy 107/500
  1) RooRealVar:: n_obs_bina01 = 2259

 -- Profile Likelihood -- 
Limit: r < 1.61625 @ 95% CL
Done in 0.00 min (cpu), 0.00 min (real)
Generate toy 108/500
  1) RooRealVar:: n_obs_bina01 = 2390

 -- Profile Likelihood -- 
Limit: r < 2.21987 @ 95% CL
Done in 0.00 min (cpu), 0.00 min (real)
Generate toy 109/500
  1) RooRealVar:: n_obs_bina01 = 2835

 -- Profile Likelihood -- 
Limit: r < 6.19901 @ 95% CL
Done in 0.00 min (cpu), 0.00 min (real)
Generate toy 110/500
  1) RooRealVar:: n_obs_bina01 = 2885

 -- Profile Likelihood -- 
Limit: r < 6.71492 @ 95% CL
Done in 0.00 min (cpu), 0.00 min (real)
Generate toy 111/500
  1) RooRealVar:: n_obs_bina01 = 2837

 -- Profile Likelihood -- 
Limit: r < 6.2197 @ 95% CL
Done in 0.00 min (cpu), 0.00 min (real)
Generate toy 112/500
  1) RooRealVar:: n_obs_bina01 = 2716

 -- Profile Likelihood -- 
Limit: r < 4.96874 @ 95% CL
Done in 0.00 min (cpu), 0.00 min (real)
Generate toy 113/500
  1) RooRealVar:: n_obs_bina01 = 2497

 -- Profile Likelihood -- 
Limit: r < 2.91145 @ 95% CL
Done in 0.00 min (cpu), 0.00 min (real)
Generate toy 114/500
  1) RooRealVar:: n_obs_bina01 = 3074

 -- Profile Likelihood -- 
Limit: r < 8.67032 @ 95% CL
Done in 0.00 min (cpu), 0.00 min (real)
Generate toy 115/500
  1) RooRealVar:: n_obs_bina01 = 2392

 -- Profile Likelihood -- 
Limit: r < 2.23098 @ 95% CL
Done in 0.00 min (cpu), 0.00 min (real)
Generate toy 116/500
  1) RooRealVar:: n_obs_bina01 = 2883

 -- Profile Likelihood -- 
Limit: r < 6.69444 @ 95% CL
Done in 0.00 min (cpu), 0.00 min (real)
Generate toy 117/500
  1) RooRealVar:: n_obs_bina01 = 2581

 -- Profile Likelihood -- 
Limit: r < 3.60789 @ 95% CL
Done in 0.00 min (cpu), 0.00 min (real)
Generate toy 118/500
  1) RooRealVar:: n_obs_bina01 = 2760

 -- Profile Likelihood -- 
Limit: r < 5.42348 @ 95% CL
Done in 0.00 min (cpu), 0.00 min (real)
Generate toy 119/500
  1) RooRealVar:: n_obs_bina01 = 2773

 -- Profile Likelihood -- 
Limit: r < 5.55791 @ 95% CL
Done in 0.00 min (cpu), 0.00 min (real)
Generate toy 120/500
  1) RooRealVar:: n_obs_bina01 = 2365

 -- Profile Likelihood -- 
Limit: r < 2.08624 @ 95% CL
Done in 0.00 min (cpu), 0.00 min (real)
Generate toy 121/500
  1) RooRealVar:: n_obs_bina01 = 2450

 -- Profile Likelihood -- 
Limit: r < 2.58236 @ 95% CL
Done in 0.00 min (cpu), 0.00 min (real)
Generate toy 122/500
  1) RooRealVar:: n_obs_bina01 = 3006

 -- Profile Likelihood -- 
Limit: r < 7.96723 @ 95% CL
Done in 0.00 min (cpu), 0.00 min (real)
Generate toy 123/500
  1) RooRealVar:: n_obs_bina01 = 2322

 -- Profile Likelihood -- 
Limit: r < 1.87821 @ 95% CL
Done in 0.00 min (cpu), 0.00 min (real)
Generate toy 124/500
  1) RooRealVar:: n_obs_bina01 = 2378

 -- Profile Likelihood -- 
Limit: r < 2.15453 @ 95% CL
Done in 0.00 min (cpu), 0.00 min (real)
Generate toy 125/500
  1) RooRealVar:: n_obs_bina01 = 2722

 -- Profile Likelihood -- 
Limit: r < 5.03068 @ 95% CL
Done in 0.00 min (cpu), 0.00 min (real)
Generate toy 126/500
  1) RooRealVar:: n_obs_bina01 = 2833

 -- Profile Likelihood -- 
Limit: r < 6.17833 @ 95% CL
Done in 0.00 min (cpu), 0.00 min (real)
Generate toy 127/500
  1) RooRealVar:: n_obs_bina01 = 2540

 -- Profile Likelihood -- 
Limit: r < 3.25013 @ 95% CL
Done in 0.00 min (cpu), 0.00 min (real)
Generate toy 128/500
  1) RooRealVar:: n_obs_bina01 = 2808

 -- Profile Likelihood -- 
Limit: r < 5.91967 @ 95% CL
Done in 0.00 min (cpu), 0.00 min (real)
Generate toy 129/500
  1) RooRealVar:: n_obs_bina01 = 2465

 -- Profile Likelihood -- 
Limit: r < 2.68287 @ 95% CL
Done in 0.00 min (cpu), 0.00 min (real)
Generate toy 130/500
  1) RooRealVar:: n_obs_bina01 = 2943

 -- Profile Likelihood -- 
Limit: r < 7.31583 @ 95% CL
Done in 0.00 min (cpu), 0.00 min (real)
Generate toy 131/500
  1) RooRealVar:: n_obs_bina01 = 2504

 -- Profile Likelihood -- 
Limit: r < 2.96408 @ 95% CL
Done in 0.00 min (cpu), 0.00 min (real)
Generate toy 132/500
  1) RooRealVar:: n_obs_bina01 = 2330

 -- Profile Likelihood -- 
Limit: r < 1.91507 @ 95% CL
Done in 0.00 min (cpu), 0.00 min (real)
Generate toy 133/500
  1) RooRealVar:: n_obs_bina01 = 2142

 -- Profile Likelihood -- 
Limit: r < 1.23935 @ 95% CL
Done in 0.00 min (cpu), 0.00 min (real)
Generate toy 134/500
  1) RooRealVar:: n_obs_bina01 = 2301

 -- Profile Likelihood -- 
Limit: r < 1.78549 @ 95% CL
Done in 0.00 min (cpu), 0.00 min (real)
Generate toy 135/500
  1) RooRealVar:: n_obs_bina01 = 2390

 -- Profile Likelihood -- 
Limit: r < 2.21987 @ 95% CL
Done in 0.00 min (cpu), 0.00 min (real)
Generate toy 136/500
  1) RooRealVar:: n_obs_bina01 = 2811

 -- Profile Likelihood -- 
Limit: r < 5.95071 @ 95% CL
Done in 0.00 min (cpu), 0.00 min (real)
Generate toy 137/500
  1) RooRealVar:: n_obs_bina01 = 2622

 -- Profile Likelihood -- 
Limit: r < 3.99978 @ 95% CL
Done in 0.00 min (cpu), 0.00 min (real)
Generate toy 138/500
  1) RooRealVar:: n_obs_bina01 = 2864

 -- Profile Likelihood -- 
Limit: r < 6.50008 @ 95% CL
Done in 0.00 min (cpu), 0.00 min (real)
Generate toy 139/500
  1) RooRealVar:: n_obs_bina01 = 2531

 -- Profile Likelihood -- 
Limit: r < 3.17618 @ 95% CL
Done in 0.00 min (cpu), 0.00 min (real)
Generate toy 140/500
  1) RooRealVar:: n_obs_bina01 = 2528

 -- Profile Likelihood -- 
Limit: r < 3.15189 @ 95% CL
Done in 0.00 min (cpu), 0.00 min (real)
Generate toy 141/500
  1) RooRealVar:: n_obs_bina01 = 2576

 -- Profile Likelihood -- 
Limit: r < 3.56241 @ 95% CL
Done in 0.00 min (cpu), 0.00 min (real)
Generate toy 142/500
  1) RooRealVar:: n_obs_bina01 = 2359

 -- Profile Likelihood -- 
Limit: r < 2.05559 @ 95% CL
Done in 0.00 min (cpu), 0.00 min (real)
Generate toy 143/500
  1) RooRealVar:: n_obs_bina01 = 2555

 -- Profile Likelihood -- 
Limit: r < 3.37702 @ 95% CL
Done in 0.00 min (cpu), 0.00 min (real)
Generate toy 144/500
  1) RooRealVar:: n_obs_bina01 = 2425

 -- Profile Likelihood -- 
Limit: r < 2.42382 @ 95% CL
Done in 0.00 min (cpu), 0.00 min (real)
Generate toy 145/500
  1) RooRealVar:: n_obs_bina01 = 2509

 -- Profile Likelihood -- 
Limit: r < 3.00226 @ 95% CL
Done in 0.00 min (cpu), 0.00 min (real)
Generate toy 146/500
  1) RooRealVar:: n_obs_bina01 = 2364

 -- Profile Likelihood -- 
Limit: r < 2.0811 @ 95% CL
Done in 0.00 min (cpu), 0.00 min (real)
Generate toy 147/500
  1) RooRealVar:: n_obs_bina01 = 2844

 -- Profile Likelihood -- 
Limit: r < 6.29211 @ 95% CL
Done in 0.00 min (cpu), 0.00 min (real)
Generate toy 148/500
  1) RooRealVar:: n_obs_bina01 = 2695

 -- Profile Likelihood -- 
Limit: r < 4.75131 @ 95% CL
Done in 0.00 min (cpu), 0.00 min (real)
Generate toy 149/500
  1) RooRealVar:: n_obs_bina01 = 2745

 -- Profile Likelihood -- 
Limit: r < 5.26839 @ 95% CL
Done in 0.00 min (cpu), 0.00 min (real)
Generate toy 150/500
  1) RooRealVar:: n_obs_bina01 = 2644

 -- Profile Likelihood -- 
Limit: r < 4.22392 @ 95% CL
Done in 0.00 min (cpu), 0.00 min (real)
Generate toy 151/500
  1) RooRealVar:: n_obs_bina01 = 2806

 -- Profile Likelihood -- 
Limit: r < 5.89897 @ 95% CL
Done in 0.00 min (cpu), 0.00 min (real)
Generate toy 152/500
  1) RooRealVar:: n_obs_bina01 = 2689

 -- Profile Likelihood -- 
Limit: r < 4.68929 @ 95% CL
Done in 0.00 min (cpu), 0.00 min (real)
Generate toy 153/500
  1) RooRealVar:: n_obs_bina01 = 2630

 -- Profile Likelihood -- 
Limit: r < 4.08026 @ 95% CL
Done in 0.00 min (cpu), 0.00 min (real)
Generate toy 154/500
  1) RooRealVar:: n_obs_bina01 = 2871

 -- Profile Likelihood -- 
Limit: r < 6.57167 @ 95% CL
Done in 0.00 min (cpu), 0.00 min (real)
Generate toy 155/500
  1) RooRealVar:: n_obs_bina01 = 2357

 -- Profile Likelihood -- 
Limit: r < 2.04549 @ 95% CL
Done in 0.00 min (cpu), 0.00 min (real)
Generate toy 156/500
  1) RooRealVar:: n_obs_bina01 = 2395

 -- Profile Likelihood -- 
Limit: r < 2.24777 @ 95% CL
Done in 0.00 min (cpu), 0.00 min (real)
Generate toy 157/500
  1) RooRealVar:: n_obs_bina01 = 2466

 -- Profile Likelihood -- 
Limit: r < 2.68972 @ 95% CL
Done in 0.00 min (cpu), 0.00 min (real)
Generate toy 158/500
  1) RooRealVar:: n_obs_bina01 = 2901

 -- Profile Likelihood -- 
Limit: r < 6.88156 @ 95% CL
Done in 0.00 min (cpu), 0.00 min (real)
Generate toy 159/500
  1) RooRealVar:: n_obs_bina01 = 2581

 -- Profile Likelihood -- 
Limit: r < 3.60789 @ 95% CL
Done in 0.00 min (cpu), 0.00 min (real)
Generate toy 160/500
  1) RooRealVar:: n_obs_bina01 = 3035

 -- Profile Likelihood -- 
Limit: r < 8.26708 @ 95% CL
Done in 0.00 min (cpu), 0.00 min (real)
Generate toy 161/500
  1) RooRealVar:: n_obs_bina01 = 2140

 -- Profile Likelihood -- 
Limit: r < 1.23392 @ 95% CL
Done in 0.00 min (cpu), 0.00 min (real)
Generate toy 162/500
  1) RooRealVar:: n_obs_bina01 = 2896

 -- Profile Likelihood -- 
Limit: r < 6.82986 @ 95% CL
Done in 0.00 min (cpu), 0.00 min (real)
Generate toy 163/500
  1) RooRealVar:: n_obs_bina01 = 3190

 -- Profile Likelihood -- 
Limit: r < 9.86975 @ 95% CL
Done in 0.00 min (cpu), 0.00 min (real)
Generate toy 164/500
  1) RooRealVar:: n_obs_bina01 = 2692

 -- Profile Likelihood -- 
Limit: r < 4.7203 @ 95% CL
Done in 0.00 min (cpu), 0.00 min (real)
Generate toy 165/500
  1) RooRealVar:: n_obs_bina01 = 2554

 -- Profile Likelihood -- 
Limit: r < 3.36842 @ 95% CL
Done in 0.00 min (cpu), 0.00 min (real)
Generate toy 166/500
  1) RooRealVar:: n_obs_bina01 = 2885

 -- Profile Likelihood -- 
Limit: r < 6.71492 @ 95% CL
Done in 0.00 min (cpu), 0.00 min (real)
Generate toy 167/500
  1) RooRealVar:: n_obs_bina01 = 2688

 -- Profile Likelihood -- 
Limit: r < 4.67896 @ 95% CL
Done in 0.00 min (cpu), 0.00 min (real)
Generate toy 168/500
  1) RooRealVar:: n_obs_bina01 = 3009

 -- Profile Likelihood -- 
Limit: r < 7.99825 @ 95% CL
Done in 0.00 min (cpu), 0.00 min (real)
Generate toy 169/500
  1) RooRealVar:: n_obs_bina01 = 2639

 -- Profile Likelihood -- 
Limit: r < 4.17224 @ 95% CL
Done in 0.00 min (cpu), 0.00 min (real)
Generate toy 170/500
  1) RooRealVar:: n_obs_bina01 = 2734

 -- Profile Likelihood -- 
Limit: r < 5.15467 @ 95% CL
Done in 0.00 min (cpu), 0.00 min (real)
Generate toy 171/500
  1) RooRealVar:: n_obs_bina01 = 2683

 -- Profile Likelihood -- 
Limit: r < 4.62731 @ 95% CL
Done in 0.00 min (cpu), 0.00 min (real)
Generate toy 172/500
  1) RooRealVar:: n_obs_bina01 = 2255

 -- Profile Likelihood -- 
Limit: r < 1.60118 @ 95% CL
Done in 0.00 min (cpu), 0.00 min (real)
Generate toy 173/500
  1) RooRealVar:: n_obs_bina01 = 2761

 -- Profile Likelihood -- 
Limit: r < 5.43382 @ 95% CL
Done in 0.00 min (cpu), 0.00 min (real)
Generate toy 174/500
  1) RooRealVar:: n_obs_bina01 = 2635

 -- Profile Likelihood -- 
Limit: r < 4.13116 @ 95% CL
Done in 0.00 min (cpu), 0.00 min (real)
Generate toy 175/500
  1) RooRealVar:: n_obs_bina01 = 2383

 -- Profile Likelihood -- 
Limit: r < 2.18148 @ 95% CL
Done in 0.00 min (cpu), 0.00 min (real)
Generate toy 176/500
  1) RooRealVar:: n_obs_bina01 = 2677

 -- Profile Likelihood -- 
Limit: r < 4.56547 @ 95% CL
Done in 0.00 min (cpu), 0.00 min (real)
Generate toy 177/500
  1) RooRealVar:: n_obs_bina01 = 2811

 -- Profile Likelihood -- 
Limit: r < 5.95071 @ 95% CL
Done in 0.00 min (cpu), 0.00 min (real)
Generate toy 178/500
  1) RooRealVar:: n_obs_bina01 = 2494

 -- Profile Likelihood -- 
Limit: r < 2.88918 @ 95% CL
Done in 0.00 min (cpu), 0.00 min (real)
Generate toy 179/500
  1) RooRealVar:: n_obs_bina01 = 2935

 -- Profile Likelihood -- 
Limit: r < 7.23312 @ 95% CL
Done in 0.00 min (cpu), 0.00 min (real)
Generate toy 180/500
  1) RooRealVar:: n_obs_bina01 = 2307

 -- Profile Likelihood -- 
Limit: r < 1.8114 @ 95% CL
Done in 0.00 min (cpu), 0.00 min (real)
Generate toy 181/500
  1) RooRealVar:: n_obs_bina01 = 2570

 -- Profile Likelihood -- 
Limit: r < 3.50852 @ 95% CL
Done in 0.00 min (cpu), 0.00 min (real)
Generate toy 182/500
  1) RooRealVar:: n_obs_bina01 = 2482

 -- Profile Likelihood -- 
Limit: r < 2.80187 @ 95% CL
Done in 0.00 min (cpu), 0.00 min (real)
Generate toy 183/500
  1) RooRealVar:: n_obs_bina01 = 2557

 -- Profile Likelihood -- 
Limit: r < 3.39429 @ 95% CL
Done in 0.00 min (cpu), 0.00 min (real)
Generate toy 184/500
  1) RooRealVar:: n_obs_bina01 = 2622

 -- Profile Likelihood -- 
Limit: r < 3.99978 @ 95% CL
Done in 0.00 min (cpu), 0.00 min (real)
Generate toy 185/500
  1) RooRealVar:: n_obs_bina01 = 2785

 -- Profile Likelihood -- 
Limit: r < 5.68155 @ 95% CL
Done in 0.00 min (cpu), 0.00 min (real)
Generate toy 186/500
  1) RooRealVar:: n_obs_bina01 = 2693

 -- Profile Likelihood -- 
Limit: r < 4.73063 @ 95% CL
Done in 0.00 min (cpu), 0.00 min (real)
Generate toy 187/500
  1) RooRealVar:: n_obs_bina01 = 2560

 -- Profile Likelihood -- 
Limit: r < 3.42034 @ 95% CL
Done in 0.00 min (cpu), 0.00 min (real)
Generate toy 188/500
  1) RooRealVar:: n_obs_bina01 = 2436

 -- Profile Likelihood -- 
Limit: r < 2.49221 @ 95% CL
Done in 0.00 min (cpu), 0.00 min (real)
Generate toy 189/500
  1) RooRealVar:: n_obs_bina01 = 3081

 -- Profile Likelihood -- 
Limit: r < 8.7427 @ 95% CL
Done in 0.00 min (cpu), 0.00 min (real)
Generate toy 190/500
  1) RooRealVar:: n_obs_bina01 = 2628

 -- Profile Likelihood -- 
Limit: r < 4.06024 @ 95% CL
Done in 0.00 min (cpu), 0.00 min (real)
Generate toy 191/500
  1) RooRealVar:: n_obs_bina01 = 2820

 -- Profile Likelihood -- 
Limit: r < 6.04384 @ 95% CL
Done in 0.00 min (cpu), 0.00 min (real)
Generate toy 192/500
  1) RooRealVar:: n_obs_bina01 = 2910

 -- Profile Likelihood -- 
Limit: r < 6.97462 @ 95% CL
Done in 0.00 min (cpu), 0.00 min (real)
Generate toy 193/500
  1) RooRealVar:: n_obs_bina01 = 2634

 -- Profile Likelihood -- 
Limit: r < 4.1209 @ 95% CL
Done in 0.00 min (cpu), 0.00 min (real)
Generate toy 194/500
  1) RooRealVar:: n_obs_bina01 = 2873

 -- Profile Likelihood -- 
Limit: r < 6.59211 @ 95% CL
Done in 0.00 min (cpu), 0.00 min (real)
Generate toy 195/500
  1) RooRealVar:: n_obs_bina01 = 2518

 -- Profile Likelihood -- 
Limit: r < 3.07224 @ 95% CL
Done in 0.00 min (cpu), 0.00 min (real)
Generate toy 196/500
  1) RooRealVar:: n_obs_bina01 = 2685

 -- Profile Likelihood -- 
Limit: r < 4.64796 @ 95% CL
Done in 0.00 min (cpu), 0.00 min (real)
Generate toy 197/500
  1) RooRealVar:: n_obs_bina01 = 2682

 -- Profile Likelihood -- 
Limit: r < 4.61699 @ 95% CL
Done in 0.00 min (cpu), 0.00 min (real)
Generate toy 198/500
  1) RooRealVar:: n_obs_bina01 = 2896

 -- Profile Likelihood -- 
Limit: r < 6.82986 @ 95% CL
Done in 0.00 min (cpu), 0.00 min (real)
Generate toy 199/500
  1) RooRealVar:: n_obs_bina01 = 2966

 -- Profile Likelihood -- 
Limit: r < 7.55365 @ 95% CL
Done in 0.00 min (cpu), 0.00 min (real)
Generate toy 200/500
  1) RooRealVar:: n_obs_bina01 = 2877

 -- Profile Likelihood -- 
Limit: r < 6.63304 @ 95% CL
Done in 0.00 min (cpu), 0.00 min (real)
Generate toy 201/500
  1) RooRealVar:: n_obs_bina01 = 2484

 -- Profile Likelihood -- 
Limit: r < 2.81623 @ 95% CL
Done in 0.00 min (cpu), 0.00 min (real)
Generate toy 202/500
  1) RooRealVar:: n_obs_bina01 = 3068

 -- Profile Likelihood -- 
Limit: r < 8.60829 @ 95% CL
Done in 0.00 min (cpu), 0.00 min (real)
Generate toy 203/500
  1) RooRealVar:: n_obs_bina01 = 2483

 -- Profile Likelihood -- 
Limit: r < 2.80904 @ 95% CL
Done in 0.00 min (cpu), 0.00 min (real)
Generate toy 204/500
  1) RooRealVar:: n_obs_bina01 = 2754

 -- Profile Likelihood -- 
Limit: r < 5.36143 @ 95% CL
Done in 0.00 min (cpu), 0.00 min (real)
Generate toy 205/500
  1) RooRealVar:: n_obs_bina01 = 2244

 -- Profile Likelihood -- 
Limit: r < 1.56064 @ 95% CL
Done in 0.00 min (cpu), 0.00 min (real)
Generate toy 206/500
  1) RooRealVar:: n_obs_bina01 = 2334

 -- Profile Likelihood -- 
Limit: r < 1.93346 @ 95% CL
Done in 0.00 min (cpu), 0.00 min (real)
Generate toy 207/500
  1) RooRealVar:: n_obs_bina01 = 2445

 -- Profile Likelihood -- 
Limit: r < 2.54976 @ 95% CL
Done in 0.00 min (cpu), 0.00 min (real)
Generate toy 208/500
  1) RooRealVar:: n_obs_bina01 = 3208

 -- Profile Likelihood -- 
Limit: r < 10.0559 @ 95% CL
Done in 0.00 min (cpu), 0.00 min (real)
Generate toy 209/500
  1) RooRealVar:: n_obs_bina01 = 2700

 -- Profile Likelihood -- 
Limit: r < 4.80301 @ 95% CL
Done in 0.00 min (cpu), 0.00 min (real)
Generate toy 210/500
  1) RooRealVar:: n_obs_bina01 = 3113

 -- Profile Likelihood -- 
Limit: r < 9.07357 @ 95% CL
Done in 0.00 min (cpu), 0.00 min (real)
Generate toy 211/500
  1) RooRealVar:: n_obs_bina01 = 3051

 -- Profile Likelihood -- 
Limit: r < 8.43251 @ 95% CL
Done in 0.00 min (cpu), 0.00 min (real)
Generate toy 212/500
  1) RooRealVar:: n_obs_bina01 = 3115

 -- Profile Likelihood -- 
Limit: r < 9.09425 @ 95% CL
Done in 0.00 min (cpu), 0.00 min (real)
Generate toy 213/500
  1) RooRealVar:: n_obs_bina01 = 2669

 -- Profile Likelihood -- 
Limit: r < 4.48244 @ 95% CL
Done in 0.00 min (cpu), 0.00 min (real)
Generate toy 214/500
  1) RooRealVar:: n_obs_bina01 = 2782

 -- Profile Likelihood -- 
Limit: r < 5.65048 @ 95% CL
Done in 0.00 min (cpu), 0.00 min (real)
Generate toy 215/500
  1) RooRealVar:: n_obs_bina01 = 2664

 -- Profile Likelihood -- 
Limit: r < 4.43075 @ 95% CL
Done in 0.00 min (cpu), 0.00 min (real)
Generate toy 216/500
  1) RooRealVar:: n_obs_bina01 = 2123

 -- Profile Likelihood -- 
Limit: r < 1.18894 @ 95% CL
Done in 0.00 min (cpu), 0.00 min (real)
Generate toy 217/500
  1) RooRealVar:: n_obs_bina01 = 2472

 -- Profile Likelihood -- 
Limit: r < 2.73121 @ 95% CL
Done in 0.00 min (cpu), 0.00 min (real)
Generate toy 218/500
  1) RooRealVar:: n_obs_bina01 = 2380

 -- Profile Likelihood -- 
Limit: r < 2.16526 @ 95% CL
Done in 0.00 min (cpu), 0.00 min (real)
Generate toy 219/500
  1) RooRealVar:: n_obs_bina01 = 2452

 -- Profile Likelihood -- 
Limit: r < 2.59553 @ 95% CL
Done in 0.00 min (cpu), 0.00 min (real)
Generate toy 220/500
  1) RooRealVar:: n_obs_bina01 = 2624

 -- Profile Likelihood -- 
Limit: r < 4.01977 @ 95% CL
Done in 0.00 min (cpu), 0.00 min (real)
Generate toy 221/500
  1) RooRealVar:: n_obs_bina01 = 2543

 -- Profile Likelihood -- 
Limit: r < 3.27514 @ 95% CL
Done in 0.00 min (cpu), 0.00 min (real)
Generate toy 222/500
  1) RooRealVar:: n_obs_bina01 = 2491

 -- Profile Likelihood -- 
Limit: r < 2.86709 @ 95% CL
Done in 0.00 min (cpu), 0.00 min (real)
Generate toy 223/500
  1) RooRealVar:: n_obs_bina01 = 2558

 -- Profile Likelihood -- 
Limit: r < 3.40295 @ 95% CL
Done in 0.00 min (cpu), 0.00 min (real)
Generate toy 224/500
  1) RooRealVar:: n_obs_bina01 = 2533

 -- Profile Likelihood -- 
Limit: r < 3.19247 @ 95% CL
Done in 0.00 min (cpu), 0.00 min (real)
Generate toy 225/500
  1) RooRealVar:: n_obs_bina01 = 2188

 -- Profile Likelihood -- 
Limit: r < 1.37289 @ 95% CL
Done in 0.00 min (cpu), 0.00 min (real)
Generate toy 226/500
  1) RooRealVar:: n_obs_bina01 = 2330

 -- Profile Likelihood -- 
Limit: r < 1.91507 @ 95% CL
Done in 0.00 min (cpu), 0.00 min (real)
Generate toy 227/500
  1) RooRealVar:: n_obs_bina01 = 2660

 -- Profile Likelihood -- 
Limit: r < 4.38946 @ 95% CL
Done in 0.00 min (cpu), 0.00 min (real)
Generate toy 228/500
  1) RooRealVar:: n_obs_bina01 = 2339

 -- Profile Likelihood -- 
Limit: r < 1.95718 @ 95% CL
Done in 0.00 min (cpu), 0.00 min (real)
Generate toy 229/500
  1) RooRealVar:: n_obs_bina01 = 2827

 -- Profile Likelihood -- 
Limit: r < 6.11626 @ 95% CL
Done in 0.00 min (cpu), 0.00 min (real)
Generate toy 230/500
  1) RooRealVar:: n_obs_bina01 = 2310

 -- Profile Likelihood -- 
Limit: r < 1.82453 @ 95% CL
Done in 0.00 min (cpu), 0.00 min (real)
Generate toy 231/500
  1) RooRealVar:: n_obs_bina01 = 2137

 -- Profile Likelihood -- 
Limit: r < 1.22583 @ 95% CL
Done in 0.00 min (cpu), 0.00 min (real)
Generate toy 232/500
  1) RooRealVar:: n_obs_bina01 = 2852

 -- Profile Likelihood -- 
Limit: r < 6.37485 @ 95% CL
Done in 0.00 min (cpu), 0.00 min (real)
Generate toy 233/500
  1) RooRealVar:: n_obs_bina01 = 2187

 -- Profile Likelihood -- 
Limit: r < 1.3698 @ 95% CL
Done in 0.00 min (cpu), 0.00 min (real)
Generate toy 234/500
  1) RooRealVar:: n_obs_bina01 = 2480

 -- Profile Likelihood -- 
Limit: r < 2.78758 @ 95% CL
Done in 0.00 min (cpu), 0.00 min (real)
Generate toy 235/500
  1) RooRealVar:: n_obs_bina01 = 2679

 -- Profile Likelihood -- 
Limit: r < 4.58606 @ 95% CL
Done in 0.00 min (cpu), 0.00 min (real)
Generate toy 236/500
  1) RooRealVar:: n_obs_bina01 = 2610

 -- Profile Likelihood -- 
Limit: r < 3.88153 @ 95% CL
Done in 0.00 min (cpu), 0.00 min (real)
Generate toy 237/500
  1) RooRealVar:: n_obs_bina01 = 2712

 -- Profile Likelihood -- 
Limit: r < 4.92749 @ 95% CL
Done in 0.00 min (cpu), 0.00 min (real)
Generate toy 238/500
  1) RooRealVar:: n_obs_bina01 = 2783

 -- Profile Likelihood -- 
Limit: r < 5.66084 @ 95% CL
Done in 0.00 min (cpu), 0.00 min (real)
Generate toy 239/500
  1) RooRealVar:: n_obs_bina01 = 2964

 -- Profile Likelihood -- 
Limit: r < 7.53297 @ 95% CL
Done in 0.00 min (cpu), 0.00 min (real)
Generate toy 240/500
  1) RooRealVar:: n_obs_bina01 = 2478

 -- Profile Likelihood -- 
Limit: r < 2.77338 @ 95% CL
Done in 0.00 min (cpu), 0.00 min (real)
Generate toy 241/500
  1) RooRealVar:: n_obs_bina01 = 2535

 -- Profile Likelihood -- 
Limit: r < 3.20884 @ 95% CL
Done in 0.00 min (cpu), 0.00 min (real)
Generate toy 242/500
  1) RooRealVar:: n_obs_bina01 = 2468

 -- Profile Likelihood -- 
Limit: r < 2.70347 @ 95% CL
Done in 0.00 min (cpu), 0.00 min (real)
Generate toy 243/500
  1) RooRealVar:: n_obs_bina01 = 2977

 -- Profile Likelihood -- 
Limit: r < 7.66738 @ 95% CL
Done in 0.00 min (cpu), 0.00 min (real)
Generate toy 244/500
  1) RooRealVar:: n_obs_bina01 = 2827

 -- Profile Likelihood -- 
Limit: r < 6.11626 @ 95% CL
Done in 0.00 min (cpu), 0.00 min (real)
Generate toy 245/500
  1) RooRealVar:: n_obs_bina01 = 2662

 -- Profile Likelihood -- 
Limit: r < 4.4101 @ 95% CL
Done in 0.00 min (cpu), 0.00 min (real)
Generate toy 246/500
  1) RooRealVar:: n_obs_bina01 = 2542

 -- Profile Likelihood -- 
Limit: r < 3.26678 @ 95% CL
Done in 0.00 min (cpu), 0.00 min (real)
Generate toy 247/500
  1) RooRealVar:: n_obs_bina01 = 2472

 -- Profile Likelihood -- 
Limit: r < 2.73121 @ 95% CL
Done in 0.00 min (cpu), 0.00 min (real)
Generate toy 248/500
  1) RooRealVar:: n_obs_bina01 = 2826

 -- Profile Likelihood -- 
Limit: r < 6.10591 @ 95% CL
Done in 0.00 min (cpu), 0.00 min (real)
Generate toy 249/500
  1) RooRealVar:: n_obs_bina01 = 2391

 -- Profile Likelihood -- 
Limit: r < 2.22542 @ 95% CL
Done in 0.00 min (cpu), 0.00 min (real)
Generate toy 250/500
  1) RooRealVar:: n_obs_bina01 = 2709

 -- Profile Likelihood -- 
Limit: r < 4.89608 @ 95% CL
Done in 0.00 min (cpu), 0.00 min (real)
Generate toy 251/500
  1) RooRealVar:: n_obs_bina01 = 3140

 -- Profile Likelihood -- 
Limit: r < 9.35275 @ 95% CL
Done in 0.00 min (cpu), 0.00 min (real)
Generate toy 252/500
  1) RooRealVar:: n_obs_bina01 = 2500

 -- Profile Likelihood -- 
Limit: r < 2.93389 @ 95% CL
Done in 0.00 min (cpu), 0.00 min (real)
Generate toy 253/500
  1) RooRealVar:: n_obs_bina01 = 2692

 -- Profile Likelihood -- 
Limit: r < 4.7203 @ 95% CL
Done in 0.00 min (cpu), 0.00 min (real)
Generate toy 254/500
  1) RooRealVar:: n_obs_bina01 = 2700

 -- Profile Likelihood -- 
Limit: r < 4.80301 @ 95% CL
Done in 0.00 min (cpu), 0.00 min (real)
Generate toy 255/500
  1) RooRealVar:: n_obs_bina01 = 2677

 -- Profile Likelihood -- 
Limit: r < 4.56547 @ 95% CL
Done in 0.00 min (cpu), 0.00 min (real)
Generate toy 256/500
  1) RooRealVar:: n_obs_bina01 = 2648

 -- Profile Likelihood -- 
Limit: r < 4.26566 @ 95% CL
Done in 0.00 min (cpu), 0.00 min (real)
Generate toy 257/500
  1) RooRealVar:: n_obs_bina01 = 2496

 -- Profile Likelihood -- 
Limit: r < 2.90401 @ 95% CL
Done in 0.00 min (cpu), 0.00 min (real)
Generate toy 258/500
  1) RooRealVar:: n_obs_bina01 = 2452

 -- Profile Likelihood -- 
Limit: r < 2.59553 @ 95% CL
Done in 0.00 min (cpu), 0.00 min (real)
Generate toy 259/500
  1) RooRealVar:: n_obs_bina01 = 2630

 -- Profile Likelihood -- 
Limit: r < 4.08026 @ 95% CL
Done in 0.00 min (cpu), 0.00 min (real)
Generate toy 260/500
  1) RooRealVar:: n_obs_bina01 = 2588

 -- Profile Likelihood -- 
Limit: r < 3.67244 @ 95% CL
Done in 0.00 min (cpu), 0.00 min (real)
Generate toy 261/500
  1) RooRealVar:: n_obs_bina01 = 2498

 -- Profile Likelihood -- 
Limit: r < 2.91891 @ 95% CL
Done in 0.00 min (cpu), 0.00 min (real)
Generate toy 262/500
  1) RooRealVar:: n_obs_bina01 = 3206

 -- Profile Likelihood -- 
Limit: r < 10.0352 @ 95% CL
Done in 0.00 min (cpu), 0.00 min (real)
Generate toy 263/500
  1) RooRealVar:: n_obs_bina01 = 2828

 -- Profile Likelihood -- 
Limit: r < 6.1266 @ 95% CL
Done in 0.00 min (cpu), 0.00 min (real)
Generate toy 264/500
  1) RooRealVar:: n_obs_bina01 = 2774

 -- Profile Likelihood -- 
Limit: r < 5.56825 @ 95% CL
Done in 0.00 min (cpu), 0.00 min (real)
Generate toy 265/500
  1) RooRealVar:: n_obs_bina01 = 2280

 -- Profile Likelihood -- 
Limit: r < 1.69828 @ 95% CL
Done in 0.00 min (cpu), 0.00 min (real)
Generate toy 266/500
  1) RooRealVar:: n_obs_bina01 = 2957

 -- Profile Likelihood -- 
Limit: r < 7.46059 @ 95% CL
Done in 0.00 min (cpu), 0.00 min (real)
Generate toy 267/500
  1) RooRealVar:: n_obs_bina01 = 2263

 -- Profile Likelihood -- 
Limit: r < 1.63149 @ 95% CL
Done in 0.00 min (cpu), 0.00 min (real)
Generate toy 268/500
  1) RooRealVar:: n_obs_bina01 = 2564

 -- Profile Likelihood -- 
Limit: r < 3.45537 @ 95% CL
Done in 0.00 min (cpu), 0.00 min (real)
Generate toy 269/500
  1) RooRealVar:: n_obs_bina01 = 2751

 -- Profile Likelihood -- 
Limit: r < 5.32978 @ 95% CL
Done in 0.00 min (cpu), 0.00 min (real)
Generate toy 270/500
  1) RooRealVar:: n_obs_bina01 = 2488

 -- Profile Likelihood -- 
Limit: r < 2.84518 @ 95% CL
Done in 0.00 min (cpu), 0.00 min (real)
Generate toy 271/500
  1) RooRealVar:: n_obs_bina01 = 2547

 -- Profile Likelihood -- 
Limit: r < 3.30877 @ 95% CL
Done in 0.00 min (cpu), 0.00 min (real)
Generate toy 272/500
  1) RooRealVar:: n_obs_bina01 = 2697

 -- Profile Likelihood -- 
Limit: r < 4.77199 @ 95% CL
Done in 0.00 min (cpu), 0.00 min (real)
Generate toy 273/500
  1) RooRealVar:: n_obs_bina01 = 2839

 -- Profile Likelihood -- 
Limit: r < 6.24039 @ 95% CL
Done in 0.00 min (cpu), 0.00 min (real)
Generate toy 274/500
  1) RooRealVar:: n_obs_bina01 = 2698

 -- Profile Likelihood -- 
Limit: r < 4.78233 @ 95% CL
Done in 0.00 min (cpu), 0.00 min (real)
Generate toy 275/500
  1) RooRealVar:: n_obs_bina01 = 2393

 -- Profile Likelihood -- 
Limit: r < 2.23657 @ 95% CL
Done in 0.00 min (cpu), 0.00 min (real)
Generate toy 276/500
  1) RooRealVar:: n_obs_bina01 = 2498

 -- Profile Likelihood -- 
Limit: r < 2.91891 @ 95% CL
Done in 0.00 min (cpu), 0.00 min (real)
Generate toy 277/500
  1) RooRealVar:: n_obs_bina01 = 2440

 -- Profile Likelihood -- 
Limit: r < 2.51761 @ 95% CL
Done in 0.00 min (cpu), 0.00 min (real)
Generate toy 278/500
  1) RooRealVar:: n_obs_bina01 = 2163

 -- Profile Likelihood -- 
Limit: r < 1.2982 @ 95% CL
Done in 0.00 min (cpu), 0.00 min (real)
Generate toy 279/500
  1) RooRealVar:: n_obs_bina01 = 2637

 -- Profile Likelihood -- 
Limit: r < 4.15181 @ 95% CL
Done in 0.00 min (cpu), 0.00 min (real)
Generate toy 280/500
  1) RooRealVar:: n_obs_bina01 = 2854

 -- Profile Likelihood -- 
Limit: r < 6.39553 @ 95% CL
Done in 0.00 min (cpu), 0.00 min (real)
Generate toy 281/500
  1) RooRealVar:: n_obs_bina01 = 2858

 -- Profile Likelihood -- 
Limit: r < 6.4369 @ 95% CL
Done in 0.00 min (cpu), 0.00 min (real)
Generate toy 282/500
  1) RooRealVar:: n_obs_bina01 = 2943

 -- Profile Likelihood -- 
Limit: r < 7.31583 @ 95% CL
Done in 0.00 min (cpu), 0.00 min (real)
Generate toy 283/500
  1) RooRealVar:: n_obs_bina01 = 2315

 -- Profile Likelihood -- 
Limit: r < 1.84667 @ 95% CL
Done in 0.00 min (cpu), 0.00 min (real)
Generate toy 284/500
  1) RooRealVar:: n_obs_bina01 = 2727

 -- Profile Likelihood -- 
Limit: r < 5.08233 @ 95% CL
Done in 0.00 min (cpu), 0.00 min (real)
Generate toy 285/500
  1) RooRealVar:: n_obs_bina01 = 2578

 -- Profile Likelihood -- 
Limit: r < 3.58054 @ 95% CL
Done in 0.00 min (cpu), 0.00 min (real)
Generate toy 286/500
  1) RooRealVar:: n_obs_bina01 = 2959

 -- Profile Likelihood -- 
Limit: r < 7.48127 @ 95% CL
Done in 0.00 min (cpu), 0.00 min (real)
Generate toy 287/500
  1) RooRealVar:: n_obs_bina01 = 2902

 -- Profile Likelihood -- 
Limit: r < 6.8919 @ 95% CL
Done in 0.00 min (cpu), 0.00 min (real)
Generate toy 288/500
  1) RooRealVar:: n_obs_bina01 = 2682

 -- Profile Likelihood -- 
Limit: r < 4.61699 @ 95% CL
Done in 0.00 min (cpu), 0.00 min (real)
Generate toy 289/500
  1) RooRealVar:: n_obs_bina01 = 2809

 -- Profile Likelihood -- 
Limit: r < 5.93002 @ 95% CL
Done in 0.00 min (cpu), 0.00 min (real)
Generate toy 290/500
  1) RooRealVar:: n_obs_bina01 = 2466

 -- Profile Likelihood -- 
Limit: r < 2.68972 @ 95% CL
Done in 0.00 min (cpu), 0.00 min (real)
Generate toy 291/500
  1) RooRealVar:: n_obs_bina01 = 2715

 -- Profile Likelihood -- 
Limit: r < 4.95842 @ 95% CL
Done in 0.00 min (cpu), 0.00 min (real)
Generate toy 292/500
  1) RooRealVar:: n_obs_bina01 = 2499

 -- Profile Likelihood -- 
Limit: r < 2.92639 @ 95% CL
Done in 0.00 min (cpu), 0.00 min (real)
Generate toy 293/500
  1) RooRealVar:: n_obs_bina01 = 2802

 -- Profile Likelihood -- 
Limit: r < 5.85757 @ 95% CL
Done in 0.00 min (cpu), 0.00 min (real)
Generate toy 294/500
  1) RooRealVar:: n_obs_bina01 = 2747

 -- Profile Likelihood -- 
Limit: r < 5.28907 @ 95% CL
Done in 0.00 min (cpu), 0.00 min (real)
Generate toy 295/500
  1) RooRealVar:: n_obs_bina01 = 2656

 -- Profile Likelihood -- 
Limit: r < 4.34832 @ 95% CL
Done in 0.00 min (cpu), 0.00 min (real)
Generate toy 296/500
  1) RooRealVar:: n_obs_bina01 = 2948

 -- Profile Likelihood -- 
Limit: r < 7.36753 @ 95% CL
Done in 0.00 min (cpu), 0.00 min (real)
Generate toy 297/500
  1) RooRealVar:: n_obs_bina01 = 2758

 -- Profile Likelihood -- 
Limit: r < 5.40279 @ 95% CL
Done in 0.00 min (cpu), 0.00 min (real)
Generate toy 298/500
  1) RooRealVar:: n_obs_bina01 = 2385

 -- Profile Likelihood -- 
Limit: r < 2.19237 @ 95% CL
Done in 0.00 min (cpu), 0.00 min (real)
Generate toy 299/500
  1) RooRealVar:: n_obs_bina01 = 2955

 -- Profile Likelihood -- 
Limit: r < 7.43991 @ 95% CL
Done in 0.00 min (cpu), 0.00 min (real)
Generate toy 300/500
  1) RooRealVar:: n_obs_bina01 = 2333

 -- Profile Likelihood -- 
Limit: r < 1.92875 @ 95% CL
Done in 0.00 min (cpu), 0.00 min (real)
Generate toy 301/500
  1) RooRealVar:: n_obs_bina01 = 2917

 -- Profile Likelihood -- 
Limit: r < 7.047 @ 95% CL
Done in 0.00 min (cpu), 0.00 min (real)
Generate toy 302/500
  1) RooRealVar:: n_obs_bina01 = 2633

 -- Profile Likelihood -- 
Limit: r < 4.11075 @ 95% CL
Done in 0.00 min (cpu), 0.00 min (real)
Generate toy 303/500
  1) RooRealVar:: n_obs_bina01 = 2739

 -- Profile Likelihood -- 
Limit: r < 5.20636 @ 95% CL
Done in 0.00 min (cpu), 0.00 min (real)
Generate toy 304/500
  1) RooRealVar:: n_obs_bina01 = 2661

 -- Profile Likelihood -- 
Limit: r < 4.39978 @ 95% CL
Done in 0.00 min (cpu), 0.00 min (real)
Generate toy 305/500
  1) RooRealVar:: n_obs_bina01 = 2720

 -- Profile Likelihood -- 
Limit: r < 5.01002 @ 95% CL
Done in 0.00 min (cpu), 0.00 min (real)
Generate toy 306/500
  1) RooRealVar:: n_obs_bina01 = 2569

 -- Profile Likelihood -- 
Limit: r < 3.49961 @ 95% CL
Done in 0.00 min (cpu), 0.00 min (real)
Generate toy 307/500
  1) RooRealVar:: n_obs_bina01 = 2623

 -- Profile Likelihood -- 
Limit: r < 4.00976 @ 95% CL
Done in 0.00 min (cpu), 0.00 min (real)
Generate toy 308/500
  1) RooRealVar:: n_obs_bina01 = 2559

 -- Profile Likelihood -- 
Limit: r < 3.41164 @ 95% CL
Done in 0.00 min (cpu), 0.00 min (real)
Generate toy 309/500
  1) RooRealVar:: n_obs_bina01 = 2547

 -- Profile Likelihood -- 
Limit: r < 3.30877 @ 95% CL
Done in 0.00 min (cpu), 0.00 min (real)
Generate toy 310/500
  1) RooRealVar:: n_obs_bina01 = 2987

 -- Profile Likelihood -- 
Limit: r < 7.77078 @ 95% CL
Done in 0.00 min (cpu), 0.00 min (real)
Generate toy 311/500
  1) RooRealVar:: n_obs_bina01 = 2679

 -- Profile Likelihood -- 
Limit: r < 4.58606 @ 95% CL
Done in 0.00 min (cpu), 0.00 min (real)
Generate toy 312/500
  1) RooRealVar:: n_obs_bina01 = 2608

 -- Profile Likelihood -- 
Limit: r < 3.86211 @ 95% CL
Done in 0.00 min (cpu), 0.00 min (real)
Generate toy 313/500
  1) RooRealVar:: n_obs_bina01 = 2442

 -- Profile Likelihood -- 
Limit: r < 2.53042 @ 95% CL
Done in 0.00 min (cpu), 0.00 min (real)
Generate toy 314/500
  1) RooRealVar:: n_obs_bina01 = 2594

 -- Profile Likelihood -- 
Limit: r < 3.7286 @ 95% CL
Done in 0.00 min (cpu), 0.00 min (real)
Generate toy 315/500
  1) RooRealVar:: n_obs_bina01 = 2345

 -- Profile Likelihood -- 
Limit: r < 1.9861 @ 95% CL
Done in 0.00 min (cpu), 0.00 min (real)
Generate toy 316/500
  1) RooRealVar:: n_obs_bina01 = 3010

 -- Profile Likelihood -- 
Limit: r < 8.00859 @ 95% CL
Done in 0.00 min (cpu), 0.00 min (real)
Generate toy 317/500
  1) RooRealVar:: n_obs_bina01 = 3322

 -- Profile Likelihood -- 
Limit: r < 11.2346 @ 95% CL
Done in 0.00 min (cpu), 0.00 min (real)
Generate toy 318/500
  1) RooRealVar:: n_obs_bina01 = 2642

 -- Profile Likelihood -- 
Limit: r < 4.20323 @ 95% CL
Done in 0.00 min (cpu), 0.00 min (real)
Generate toy 319/500
  1) RooRealVar:: n_obs_bina01 = 2108

 -- Profile Likelihood -- 
Limit: r < 1.15094 @ 95% CL
Done in 0.00 min (cpu), 0.00 min (real)
Generate toy 320/500
  1) RooRealVar:: n_obs_bina01 = 2434

 -- Profile Likelihood -- 
Limit: r < 2.47962 @ 95% CL
Done in 0.00 min (cpu), 0.00 min (real)
Generate toy 321/500
  1) RooRealVar:: n_obs_bina01 = 2381

 -- Profile Likelihood -- 
Limit: r < 2.17065 @ 95% CL
Done in 0.00 min (cpu), 0.00 min (real)
Generate toy 322/500
  1) RooRealVar:: n_obs_bina01 = 2936

 -- Profile Likelihood -- 
Limit: r < 7.24346 @ 95% CL
Done in 0.00 min (cpu), 0.00 min (real)
Generate toy 323/500
  1) RooRealVar:: n_obs_bina01 = 2295

 -- Profile Likelihood -- 
Limit: r < 1.76002 @ 95% CL
Done in 0.00 min (cpu), 0.00 min (real)
Generate toy 324/500
  1) RooRealVar:: n_obs_bina01 = 2567

 -- Profile Likelihood -- 
Limit: r < 3.48185 @ 95% CL
Done in 0.00 min (cpu), 0.00 min (real)
Generate toy 325/500
  1) RooRealVar:: n_obs_bina01 = 2956

 -- Profile Likelihood -- 
Limit: r < 7.45025 @ 95% CL
Done in 0.00 min (cpu), 0.00 min (real)
Generate toy 326/500
  1) RooRealVar:: n_obs_bina01 = 2286

 -- Profile Likelihood -- 
Limit: r < 1.72265 @ 95% CL
Done in 0.00 min (cpu), 0.00 min (real)
Generate toy 327/500
  1) RooRealVar:: n_obs_bina01 = 3053

 -- Profile Likelihood -- 
Limit: r < 8.45319 @ 95% CL
Done in 0.00 min (cpu), 0.00 min (real)
Generate toy 328/500
  1) RooRealVar:: n_obs_bina01 = 2786

 -- Profile Likelihood -- 
Limit: r < 5.69191 @ 95% CL
Done in 0.00 min (cpu), 0.00 min (real)
Generate toy 329/500
  1) RooRealVar:: n_obs_bina01 = 2995

 -- Profile Likelihood -- 
Limit: r < 7.85349 @ 95% CL
Done in 0.00 min (cpu), 0.00 min (real)
Generate toy 330/500
  1) RooRealVar:: n_obs_bina01 = 2228

 -- Profile Likelihood -- 
Limit: r < 1.50391 @ 95% CL
Done in 0.00 min (cpu), 0.00 min (real)
Generate toy 331/500
  1) RooRealVar:: n_obs_bina01 = 2851

 -- Profile Likelihood -- 
Limit: r < 6.36451 @ 95% CL
Done in 0.00 min (cpu), 0.00 min (real)
Generate toy 332/500
  1) RooRealVar:: n_obs_bina01 = 2830

 -- Profile Likelihood -- 
Limit: r < 6.14729 @ 95% CL
Done in 0.00 min (cpu), 0.00 min (real)
Generate toy 333/500
  1) RooRealVar:: n_obs_bina01 = 2593

 -- Profile Likelihood -- 
Limit: r < 3.71918 @ 95% CL
Done in 0.00 min (cpu), 0.00 min (real)
Generate toy 334/500
  1) RooRealVar:: n_obs_bina01 = 2533

 -- Profile Likelihood -- 
Limit: r < 3.19247 @ 95% CL
Done in 0.00 min (cpu), 0.00 min (real)
Generate toy 335/500
  1) RooRealVar:: n_obs_bina01 = 2431

 -- Profile Likelihood -- 
Limit: r < 2.46086 @ 95% CL
Done in 0.00 min (cpu), 0.00 min (real)
Generate toy 336/500
  1) RooRealVar:: n_obs_bina01 = 2665

 -- Profile Likelihood -- 
Limit: r < 4.44109 @ 95% CL
Done in 0.00 min (cpu), 0.00 min (real)
Generate toy 337/500
  1) RooRealVar:: n_obs_bina01 = 2370

 -- Profile Likelihood -- 
Limit: r < 2.1122 @ 95% CL
Done in 0.00 min (cpu), 0.00 min (real)
Generate toy 338/500
  1) RooRealVar:: n_obs_bina01 = 2449

 -- Profile Likelihood -- 
Limit: r < 2.5758 @ 95% CL
Done in 0.00 min (cpu), 0.00 min (real)
Generate toy 339/500
  1) RooRealVar:: n_obs_bina01 = 2838

 -- Profile Likelihood -- 
Limit: r < 6.23005 @ 95% CL
Done in 0.00 min (cpu), 0.00 min (real)
Generate toy 340/500
  1) RooRealVar:: n_obs_bina01 = 2401

 -- Profile Likelihood -- 
Limit: r < 2.28179 @ 95% CL
Done in 0.00 min (cpu), 0.00 min (real)
Generate toy 341/500
  1) RooRealVar:: n_obs_bina01 = 2549

 -- Profile Likelihood -- 
Limit: r < 3.32571 @ 95% CL
Done in 0.00 min (cpu), 0.00 min (real)
Generate toy 342/500
  1) RooRealVar:: n_obs_bina01 = 2474

 -- Profile Likelihood -- 
Limit: r < 2.74519 @ 95% CL
Done in 0.00 min (cpu), 0.00 min (real)
Generate toy 343/500
  1) RooRealVar:: n_obs_bina01 = 2744

 -- Profile Likelihood -- 
Limit: r < 5.25805 @ 95% CL
Done in 0.00 min (cpu), 0.00 min (real)
Generate toy 344/500
  1) RooRealVar:: n_obs_bina01 = 2743

 -- Profile Likelihood -- 
Limit: r < 5.24771 @ 95% CL
Done in 0.00 min (cpu), 0.00 min (real)
Generate toy 345/500
  1) RooRealVar:: n_obs_bina01 = 2578

 -- Profile Likelihood -- 
Limit: r < 3.58054 @ 95% CL
Done in 0.00 min (cpu), 0.00 min (real)
Generate toy 346/500
  1) RooRealVar:: n_obs_bina01 = 2716

 -- Profile Likelihood -- 
Limit: r < 4.96874 @ 95% CL
Done in 0.00 min (cpu), 0.00 min (real)
Generate toy 347/500
  1) RooRealVar:: n_obs_bina01 = 2281

 -- Profile Likelihood -- 
Limit: r < 1.70231 @ 95% CL
Done in 0.00 min (cpu), 0.00 min (real)
Generate toy 348/500
  1) RooRealVar:: n_obs_bina01 = 3005

 -- Profile Likelihood -- 
Limit: r < 7.95689 @ 95% CL
Done in 0.00 min (cpu), 0.00 min (real)
Generate toy 349/500
  1) RooRealVar:: n_obs_bina01 = 2831

 -- Profile Likelihood -- 
Limit: r < 6.15764 @ 95% CL
Done in 0.00 min (cpu), 0.00 min (real)
Generate toy 350/500
  1) RooRealVar:: n_obs_bina01 = 3330

 -- Profile Likelihood -- 
Limit: r < 11.3174 @ 95% CL
Done in 0.00 min (cpu), 0.00 min (real)
Generate toy 351/500
  1) RooRealVar:: n_obs_bina01 = 2515

 -- Profile Likelihood -- 
Limit: r < 3.04874 @ 95% CL
Done in 0.00 min (cpu), 0.00 min (real)
Generate toy 352/500
  1) RooRealVar:: n_obs_bina01 = 3052

 -- Profile Likelihood -- 
Limit: r < 8.44285 @ 95% CL
Done in 0.00 min (cpu), 0.00 min (real)
Generate toy 353/500
  1) RooRealVar:: n_obs_bina01 = 2528

 -- Profile Likelihood -- 
Limit: r < 3.15189 @ 95% CL
Done in 0.00 min (cpu), 0.00 min (real)
Generate toy 354/500
  1) RooRealVar:: n_obs_bina01 = 2944

 -- Profile Likelihood -- 
Limit: r < 7.32618 @ 95% CL
Done in 0.00 min (cpu), 0.00 min (real)
Generate toy 355/500
  1) RooRealVar:: n_obs_bina01 = 2459

 -- Profile Likelihood -- 
Limit: r < 2.64218 @ 95% CL
Done in 0.00 min (cpu), 0.00 min (real)
Generate toy 356/500
  1) RooRealVar:: n_obs_bina01 = 2551

 -- Profile Likelihood -- 
Limit: r < 3.34274 @ 95% CL
Done in 0.00 min (cpu), 0.00 min (real)
Generate toy 357/500
  1) RooRealVar:: n_obs_bina01 = 2451

 -- Profile Likelihood -- 
Limit: r < 2.58893 @ 95% CL
Done in 0.00 min (cpu), 0.00 min (real)
Generate toy 358/500
  1) RooRealVar:: n_obs_bina01 = 2811

 -- Profile Likelihood -- 
Limit: r < 5.95071 @ 95% CL
Done in 0.00 min (cpu), 0.00 min (real)
Generate toy 359/500
  1) RooRealVar:: n_obs_bina01 = 2670

 -- Profile Likelihood -- 
Limit: r < 4.49277 @ 95% CL
Done in 0.00 min (cpu), 0.00 min (real)
Generate toy 360/500
  1) RooRealVar:: n_obs_bina01 = 2257

 -- Profile Likelihood -- 
Limit: r < 1.60869 @ 95% CL
Done in 0.00 min (cpu), 0.00 min (real)
Generate toy 361/500
  1) RooRealVar:: n_obs_bina01 = 2764

 -- Profile Likelihood -- 
Limit: r < 5.46484 @ 95% CL
Done in 0.00 min (cpu), 0.00 min (real)
Generate toy 362/500
  1) RooRealVar:: n_obs_bina01 = 2514

 -- Profile Likelihood -- 
Limit: r < 3.04094 @ 95% CL
Done in 0.00 min (cpu), 0.00 min (real)
Generate toy 363/500
  1) RooRealVar:: n_obs_bina01 = 2994

 -- Profile Likelihood -- 
Limit: r < 7.84315 @ 95% CL
Done in 0.00 min (cpu), 0.00 min (real)
Generate toy 364/500
  1) RooRealVar:: n_obs_bina01 = 2628

 -- Profile Likelihood -- 
Limit: r < 4.06024 @ 95% CL
Done in 0.00 min (cpu), 0.00 min (real)
Generate toy 365/500
  1) RooRealVar:: n_obs_bina01 = 2491

 -- Profile Likelihood -- 
Limit: r < 2.86709 @ 95% CL
Done in 0.00 min (cpu), 0.00 min (real)
Generate toy 366/500
  1) RooRealVar:: n_obs_bina01 = 2233

 -- Profile Likelihood -- 
Limit: r < 1.52136 @ 95% CL
Done in 0.00 min (cpu), 0.00 min (real)
Generate toy 367/500
  1) RooRealVar:: n_obs_bina01 = 2553

 -- Profile Likelihood -- 
Limit: r < 3.35984 @ 95% CL
Done in 0.00 min (cpu), 0.00 min (real)
Generate toy 368/500
  1) RooRealVar:: n_obs_bina01 = 2446

 -- Profile Likelihood -- 
Limit: r < 2.55624 @ 95% CL
Done in 0.00 min (cpu), 0.00 min (real)
Generate toy 369/500
  1) RooRealVar:: n_obs_bina01 = 2530

 -- Profile Likelihood -- 
Limit: r < 3.16806 @ 95% CL
Done in 0.00 min (cpu), 0.00 min (real)
Generate toy 370/500
  1) RooRealVar:: n_obs_bina01 = 3124

 -- Profile Likelihood -- 
Limit: r < 9.18731 @ 95% CL
Done in 0.00 min (cpu), 0.00 min (real)
Generate toy 371/500
  1) RooRealVar:: n_obs_bina01 = 2658

 -- Profile Likelihood -- 
Limit: r < 4.36886 @ 95% CL
Done in 0.00 min (cpu), 0.00 min (real)
Generate toy 372/500
  1) RooRealVar:: n_obs_bina01 = 2635

 -- Profile Likelihood -- 
Limit: r < 4.13116 @ 95% CL
Done in 0.00 min (cpu), 0.00 min (real)
Generate toy 373/500
  1) RooRealVar:: n_obs_bina01 = 2718

 -- Profile Likelihood -- 
Limit: r < 4.98938 @ 95% CL
Done in 0.00 min (cpu), 0.00 min (real)
Generate toy 374/500
  1) RooRealVar:: n_obs_bina01 = 2504

 -- Profile Likelihood -- 
Limit: r < 2.96408 @ 95% CL
Done in 0.00 min (cpu), 0.00 min (real)
Generate toy 375/500
  1) RooRealVar:: n_obs_bina01 = 2369

 -- Profile Likelihood -- 
Limit: r < 2.10698 @ 95% CL
Done in 0.00 min (cpu), 0.00 min (real)
Generate toy 376/500
  1) RooRealVar:: n_obs_bina01 = 2450

 -- Profile Likelihood -- 
Limit: r < 2.58236 @ 95% CL
Done in 0.00 min (cpu), 0.00 min (real)
Generate toy 377/500
  1) RooRealVar:: n_obs_bina01 = 2587

 -- Profile Likelihood -- 
Limit: r < 3.66316 @ 95% CL
Done in 0.00 min (cpu), 0.00 min (real)
Generate toy 378/500
  1) RooRealVar:: n_obs_bina01 = 2308

 -- Profile Likelihood -- 
Limit: r < 1.81576 @ 95% CL
Done in 0.00 min (cpu), 0.00 min (real)
Generate toy 379/500
  1) RooRealVar:: n_obs_bina01 = 2822

 -- Profile Likelihood -- 
Limit: r < 6.06453 @ 95% CL
Done in 0.00 min (cpu), 0.00 min (real)
Generate toy 380/500
  1) RooRealVar:: n_obs_bina01 = 2556

 -- Profile Likelihood -- 
Limit: r < 3.38565 @ 95% CL
Done in 0.00 min (cpu), 0.00 min (real)
Generate toy 381/500
  1) RooRealVar:: n_obs_bina01 = 2778

 -- Profile Likelihood -- 
Limit: r < 5.60903 @ 95% CL
Done in 0.00 min (cpu), 0.00 min (real)
Generate toy 382/500
  1) RooRealVar:: n_obs_bina01 = 2355

 -- Profile Likelihood -- 
Limit: r < 2.03545 @ 95% CL
Done in 0.00 min (cpu), 0.00 min (real)
Generate toy 383/500
  1) RooRealVar:: n_obs_bina01 = 2838

 -- Profile Likelihood -- 
Limit: r < 6.23005 @ 95% CL
Done in 0.00 min (cpu), 0.00 min (real)
Generate toy 384/500
  1) RooRealVar:: n_obs_bina01 = 2853

 -- Profile Likelihood -- 
Limit: r < 6.38519 @ 95% CL
Done in 0.00 min (cpu), 0.00 min (real)
Generate toy 385/500
  1) RooRealVar:: n_obs_bina01 = 2878

 -- Profile Likelihood -- 
Limit: r < 6.64328 @ 95% CL
Done in 0.00 min (cpu), 0.00 min (real)
Generate toy 386/500
  1) RooRealVar:: n_obs_bina01 = 2513

 -- Profile Likelihood -- 
Limit: r < 3.03317 @ 95% CL
Done in 0.00 min (cpu), 0.00 min (real)
Generate toy 387/500
  1) RooRealVar:: n_obs_bina01 = 2854

 -- Profile Likelihood -- 
Limit: r < 6.39553 @ 95% CL
Done in 0.00 min (cpu), 0.00 min (real)
Generate toy 388/500
  1) RooRealVar:: n_obs_bina01 = 3159

 -- Profile Likelihood -- 
Limit: r < 9.54921 @ 95% CL
Done in 0.00 min (cpu), 0.00 min (real)
Generate toy 389/500
  1) RooRealVar:: n_obs_bina01 = 2579

 -- Profile Likelihood -- 
Limit: r < 3.58964 @ 95% CL
Done in 0.00 min (cpu), 0.00 min (real)
Generate toy 390/500
  1) RooRealVar:: n_obs_bina01 = 2756

 -- Profile Likelihood -- 
Limit: r < 5.38211 @ 95% CL
Done in 0.00 min (cpu), 0.00 min (real)
Generate toy 391/500
  1) RooRealVar:: n_obs_bina01 = 2742

 -- Profile Likelihood -- 
Limit: r < 5.23737 @ 95% CL
Done in 0.00 min (cpu), 0.00 min (real)
Generate toy 392/500
  1) RooRealVar:: n_obs_bina01 = 2927

 -- Profile Likelihood -- 
Limit: r < 7.1504 @ 95% CL
Done in 0.00 min (cpu), 0.00 min (real)
Generate toy 393/500
  1) RooRealVar:: n_obs_bina01 = 2920

 -- Profile Likelihood -- 
Limit: r < 7.07802 @ 95% CL
Done in 0.00 min (cpu), 0.00 min (real)
Generate toy 394/500
  1) RooRealVar:: n_obs_bina01 = 2942

 -- Profile Likelihood -- 
Limit: r < 7.3055 @ 95% CL
Done in 0.00 min (cpu), 0.00 min (real)
Generate toy 395/500
  1) RooRealVar:: n_obs_bina01 = 2821

 -- Profile Likelihood -- 
Limit: r < 6.05419 @ 95% CL
Done in 0.00 min (cpu), 0.00 min (real)
Generate toy 396/500
  1) RooRealVar:: n_obs_bina01 = 2257

 -- Profile Likelihood -- 
Limit: r < 1.60869 @ 95% CL
Done in 0.00 min (cpu), 0.00 min (real)
Generate toy 397/500
  1) RooRealVar:: n_obs_bina01 = 2521

 -- Profile Likelihood -- 
Limit: r < 3.09593 @ 95% CL
Done in 0.00 min (cpu), 0.00 min (real)
Generate toy 398/500
  1) RooRealVar:: n_obs_bina01 = 2715

 -- Profile Likelihood -- 
Limit: r < 4.95842 @ 95% CL
Done in 0.00 min (cpu), 0.00 min (real)
Generate toy 399/500
  1) RooRealVar:: n_obs_bina01 = 2629

 -- Profile Likelihood -- 
Limit: r < 4.07022 @ 95% CL
Done in 0.00 min (cpu), 0.00 min (real)
Generate toy 400/500
  1) RooRealVar:: n_obs_bina01 = 2406

 -- Profile Likelihood -- 
Limit: r < 2.31058 @ 95% CL
Done in 0.00 min (cpu), 0.00 min (real)
Generate toy 401/500
  1) RooRealVar:: n_obs_bina01 = 2978

 -- Profile Likelihood -- 
Limit: r < 7.67772 @ 95% CL
Done in 0.00 min (cpu), 0.00 min (real)
Generate toy 402/500
  1) RooRealVar:: n_obs_bina01 = 2451

 -- Profile Likelihood -- 
Limit: r < 2.58893 @ 95% CL
Done in 0.00 min (cpu), 0.00 min (real)
Generate toy 403/500
  1) RooRealVar:: n_obs_bina01 = 2628

 -- Profile Likelihood -- 
Limit: r < 4.06024 @ 95% CL
Done in 0.00 min (cpu), 0.00 min (real)
Generate toy 404/500
  1) RooRealVar:: n_obs_bina01 = 2232

 -- Profile Likelihood -- 
Limit: r < 1.51785 @ 95% CL
Done in 0.00 min (cpu), 0.00 min (real)
Generate toy 405/500
  1) RooRealVar:: n_obs_bina01 = 2348

 -- Profile Likelihood -- 
Limit: r < 2.00075 @ 95% CL
Done in 0.00 min (cpu), 0.00 min (real)
Generate toy 406/500
  1) RooRealVar:: n_obs_bina01 = 2684

 -- Profile Likelihood -- 
Limit: r < 4.63764 @ 95% CL
Done in 0.00 min (cpu), 0.00 min (real)
Generate toy 407/500
  1) RooRealVar:: n_obs_bina01 = 2778

 -- Profile Likelihood -- 
Limit: r < 5.60903 @ 95% CL
Done in 0.00 min (cpu), 0.00 min (real)
Generate toy 408/500
  1) RooRealVar:: n_obs_bina01 = 3246

 -- Profile Likelihood -- 
Limit: r < 10.4488 @ 95% CL
Done in 0.00 min (cpu), 0.00 min (real)
Generate toy 409/500
  1) RooRealVar:: n_obs_bina01 = 2685

 -- Profile Likelihood -- 
Limit: r < 4.64796 @ 95% CL
Done in 0.00 min (cpu), 0.00 min (real)
Generate toy 410/500
  1) RooRealVar:: n_obs_bina01 = 2865

 -- Profile Likelihood -- 
Limit: r < 6.5103 @ 95% CL
Done in 0.00 min (cpu), 0.00 min (real)
Generate toy 411/500
  1) RooRealVar:: n_obs_bina01 = 2793

 -- Profile Likelihood -- 
Limit: r < 5.7644 @ 95% CL
Done in 0.00 min (cpu), 0.00 min (real)
Generate toy 412/500
  1) RooRealVar:: n_obs_bina01 = 2439

 -- Profile Likelihood -- 
Limit: r < 2.51124 @ 95% CL
Done in 0.00 min (cpu), 0.00 min (real)
Generate toy 413/500
  1) RooRealVar:: n_obs_bina01 = 2634

 -- Profile Likelihood -- 
Limit: r < 4.1209 @ 95% CL
Done in 0.00 min (cpu), 0.00 min (real)
Generate toy 414/500
  1) RooRealVar:: n_obs_bina01 = 3188

 -- Profile Likelihood -- 
Limit: r < 9.84907 @ 95% CL
Done in 0.00 min (cpu), 0.00 min (real)
Generate toy 415/500
  1) RooRealVar:: n_obs_bina01 = 3184

 -- Profile Likelihood -- 
Limit: r < 9.80771 @ 95% CL
Done in 0.00 min (cpu), 0.00 min (real)
Generate toy 416/500
  1) RooRealVar:: n_obs_bina01 = 2381

 -- Profile Likelihood -- 
Limit: r < 2.17065 @ 95% CL
Done in 0.00 min (cpu), 0.00 min (real)
Generate toy 417/500
  1) RooRealVar:: n_obs_bina01 = 2452

 -- Profile Likelihood -- 
Limit: r < 2.59553 @ 95% CL
Done in 0.00 min (cpu), 0.00 min (real)
Generate toy 418/500
  1) RooRealVar:: n_obs_bina01 = 2689

 -- Profile Likelihood -- 
Limit: r < 4.68929 @ 95% CL
Done in 0.00 min (cpu), 0.00 min (real)
Generate toy 419/500
  1) RooRealVar:: n_obs_bina01 = 2625

 -- Profile Likelihood -- 
Limit: r < 4.02979 @ 95% CL
Done in 0.00 min (cpu), 0.00 min (real)
Generate toy 420/500
  1) RooRealVar:: n_obs_bina01 = 2541

 -- Profile Likelihood -- 
Limit: r < 3.25844 @ 95% CL
Done in 0.00 min (cpu), 0.00 min (real)
Generate toy 421/500
  1) RooRealVar:: n_obs_bina01 = 2821

 -- Profile Likelihood -- 
Limit: r < 6.05419 @ 95% CL
Done in 0.00 min (cpu), 0.00 min (real)
Generate toy 422/500
  1) RooRealVar:: n_obs_bina01 = 2276

 -- Profile Likelihood -- 
Limit: r < 1.68227 @ 95% CL
Done in 0.00 min (cpu), 0.00 min (real)
Generate toy 423/500
  1) RooRealVar:: n_obs_bina01 = 2399

 -- Profile Likelihood -- 
Limit: r < 2.27039 @ 95% CL
Done in 0.00 min (cpu), 0.00 min (real)
Generate toy 424/500
  1) RooRealVar:: n_obs_bina01 = 2692

 -- Profile Likelihood -- 
Limit: r < 4.7203 @ 95% CL
Done in 0.00 min (cpu), 0.00 min (real)
Generate toy 425/500
  1) RooRealVar:: n_obs_bina01 = 3054

 -- Profile Likelihood -- 
Limit: r < 8.46353 @ 95% CL
Done in 0.00 min (cpu), 0.00 min (real)
Generate toy 426/500
  1) RooRealVar:: n_obs_bina01 = 2643

 -- Profile Likelihood -- 
Limit: r < 4.21399 @ 95% CL
Done in 0.00 min (cpu), 0.00 min (real)
Generate toy 427/500
  1) RooRealVar:: n_obs_bina01 = 3163

 -- Profile Likelihood -- 
Limit: r < 9.59057 @ 95% CL
Done in 0.00 min (cpu), 0.00 min (real)
Generate toy 428/500
  1) RooRealVar:: n_obs_bina01 = 2847

 -- Profile Likelihood -- 
Limit: r < 6.32314 @ 95% CL
Done in 0.00 min (cpu), 0.00 min (real)
Generate toy 429/500
  1) RooRealVar:: n_obs_bina01 = 2845

 -- Profile Likelihood -- 
Limit: r < 6.30245 @ 95% CL
Done in 0.00 min (cpu), 0.00 min (real)
Generate toy 430/500
  1) RooRealVar:: n_obs_bina01 = 2650

 -- Profile Likelihood -- 
Limit: r < 4.28595 @ 95% CL
Done in 0.00 min (cpu), 0.00 min (real)
Generate toy 431/500
  1) RooRealVar:: n_obs_bina01 = 2855

 -- Profile Likelihood -- 
Limit: r < 6.40587 @ 95% CL
Done in 0.00 min (cpu), 0.00 min (real)
Generate toy 432/500
  1) RooRealVar:: n_obs_bina01 = 2986

 -- Profile Likelihood -- 
Limit: r < 7.76044 @ 95% CL
Done in 0.00 min (cpu), 0.00 min (real)
Generate toy 433/500
  1) RooRealVar:: n_obs_bina01 = 2557

 -- Profile Likelihood -- 
Limit: r < 3.39429 @ 95% CL
Done in 0.00 min (cpu), 0.00 min (real)
Generate toy 434/500
  1) RooRealVar:: n_obs_bina01 = 2693

 -- Profile Likelihood -- 
Limit: r < 4.73063 @ 95% CL
Done in 0.00 min (cpu), 0.00 min (real)
Generate toy 435/500
  1) RooRealVar:: n_obs_bina01 = 2686

 -- Profile Likelihood -- 
Limit: r < 4.65829 @ 95% CL
Done in 0.00 min (cpu), 0.00 min (real)
Generate toy 436/500
  1) RooRealVar:: n_obs_bina01 = 2833

 -- Profile Likelihood -- 
Limit: r < 6.17833 @ 95% CL
Done in 0.00 min (cpu), 0.00 min (real)
Generate toy 437/500
  1) RooRealVar:: n_obs_bina01 = 2632

 -- Profile Likelihood -- 
Limit: r < 4.10102 @ 95% CL
Done in 0.00 min (cpu), 0.00 min (real)
Generate toy 438/500
  1) RooRealVar:: n_obs_bina01 = 2809

 -- Profile Likelihood -- 
Limit: r < 5.93002 @ 95% CL
Done in 0.00 min (cpu), 0.00 min (real)
Generate toy 439/500
  1) RooRealVar:: n_obs_bina01 = 2675

 -- Profile Likelihood -- 
Limit: r < 4.54492 @ 95% CL
Done in 0.00 min (cpu), 0.00 min (real)
Generate toy 440/500
  1) RooRealVar:: n_obs_bina01 = 2809

 -- Profile Likelihood -- 
Limit: r < 5.93002 @ 95% CL
Done in 0.00 min (cpu), 0.00 min (real)
Generate toy 441/500
  1) RooRealVar:: n_obs_bina01 = 2755

 -- Profile Likelihood -- 
Limit: r < 5.37177 @ 95% CL
Done in 0.00 min (cpu), 0.00 min (real)
Generate toy 442/500
  1) RooRealVar:: n_obs_bina01 = 2790

 -- Profile Likelihood -- 
Limit: r < 5.73333 @ 95% CL
Done in 0.00 min (cpu), 0.00 min (real)
Generate toy 443/500
  1) RooRealVar:: n_obs_bina01 = 2823

 -- Profile Likelihood -- 
Limit: r < 6.07488 @ 95% CL
Done in 0.00 min (cpu), 0.00 min (real)
Generate toy 444/500
  1) RooRealVar:: n_obs_bina01 = 2453

 -- Profile Likelihood -- 
Limit: r < 2.60214 @ 95% CL
Done in 0.00 min (cpu), 0.00 min (real)
Generate toy 445/500
  1) RooRealVar:: n_obs_bina01 = 2434

 -- Profile Likelihood -- 
Limit: r < 2.47962 @ 95% CL
Done in 0.00 min (cpu), 0.00 min (real)
Generate toy 446/500
  1) RooRealVar:: n_obs_bina01 = 2350

 -- Profile Likelihood -- 
Limit: r < 2.01059 @ 95% CL
Done in 0.00 min (cpu), 0.00 min (real)
Generate toy 447/500
  1) RooRealVar:: n_obs_bina01 = 2903

 -- Profile Likelihood -- 
Limit: r < 6.90224 @ 95% CL
Done in 0.00 min (cpu), 0.00 min (real)
Generate toy 448/500
  1) RooRealVar:: n_obs_bina01 = 2625

 -- Profile Likelihood -- 
Limit: r < 4.02979 @ 95% CL
Done in 0.00 min (cpu), 0.00 min (real)
Generate toy 449/500
  1) RooRealVar:: n_obs_bina01 = 2445

 -- Profile Likelihood -- 
Limit: r < 2.54976 @ 95% CL
Done in 0.00 min (cpu), 0.00 min (real)
Generate toy 450/500
  1) RooRealVar:: n_obs_bina01 = 2795

 -- Profile Likelihood -- 
Limit: r < 5.78511 @ 95% CL
Done in 0.00 min (cpu), 0.00 min (real)
Generate toy 451/500
  1) RooRealVar:: n_obs_bina01 = 2522

 -- Profile Likelihood -- 
Limit: r < 3.10386 @ 95% CL
Done in 0.00 min (cpu), 0.00 min (real)
Generate toy 452/500
  1) RooRealVar:: n_obs_bina01 = 2851

 -- Profile Likelihood -- 
Limit: r < 6.36451 @ 95% CL
Done in 0.00 min (cpu), 0.00 min (real)
Generate toy 453/500
  1) RooRealVar:: n_obs_bina01 = 2395

 -- Profile Likelihood -- 
Limit: r < 2.24777 @ 95% CL
Done in 0.00 min (cpu), 0.00 min (real)
Generate toy 454/500
  1) RooRealVar:: n_obs_bina01 = 2628

 -- Profile Likelihood -- 
Limit: r < 4.06024 @ 95% CL
Done in 0.00 min (cpu), 0.00 min (real)
Generate toy 455/500
  1) RooRealVar:: n_obs_bina01 = 2666

 -- Profile Likelihood -- 
Limit: r < 4.45142 @ 95% CL
Done in 0.00 min (cpu), 0.00 min (real)
Generate toy 456/500
  1) RooRealVar:: n_obs_bina01 = 2739

 -- Profile Likelihood -- 
Limit: r < 5.20636 @ 95% CL
Done in 0.00 min (cpu), 0.00 min (real)
Generate toy 457/500
  1) RooRealVar:: n_obs_bina01 = 2625

 -- Profile Likelihood -- 
Limit: r < 4.02979 @ 95% CL
Done in 0.00 min (cpu), 0.00 min (real)
Generate toy 458/500
  1) RooRealVar:: n_obs_bina01 = 2531

 -- Profile Likelihood -- 
Limit: r < 3.17618 @ 95% CL
Done in 0.00 min (cpu), 0.00 min (real)
Generate toy 459/500
  1) RooRealVar:: n_obs_bina01 = 2534

 -- Profile Likelihood -- 
Limit: r < 3.20064 @ 95% CL
Done in 0.00 min (cpu), 0.00 min (real)
Generate toy 460/500
  1) RooRealVar:: n_obs_bina01 = 2605

 -- Profile Likelihood -- 
Limit: r < 3.8336 @ 95% CL
Done in 0.00 min (cpu), 0.00 min (real)
Generate toy 461/500
  1) RooRealVar:: n_obs_bina01 = 2532

 -- Profile Likelihood -- 
Limit: r < 3.18431 @ 95% CL
Done in 0.00 min (cpu), 0.00 min (real)
Generate toy 462/500
  1) RooRealVar:: n_obs_bina01 = 2625

 -- Profile Likelihood -- 
Limit: r < 4.02979 @ 95% CL
Done in 0.00 min (cpu), 0.00 min (real)
Generate toy 463/500
  1) RooRealVar:: n_obs_bina01 = 2703

 -- Profile Likelihood -- 
Limit: r < 4.83403 @ 95% CL
Done in 0.00 min (cpu), 0.00 min (real)
Generate toy 464/500
  1) RooRealVar:: n_obs_bina01 = 2574

 -- Profile Likelihood -- 
Limit: r < 3.54437 @ 95% CL
Done in 0.00 min (cpu), 0.00 min (real)
Generate toy 465/500
  1) RooRealVar:: n_obs_bina01 = 2044

 -- Profile Likelihood -- 
Limit: r < 1.00478 @ 95% CL
Done in 0.00 min (cpu), 0.00 min (real)
Generate toy 466/500
  1) RooRealVar:: n_obs_bina01 = 2737

 -- Profile Likelihood -- 
Limit: r < 5.18568 @ 95% CL
Done in 0.00 min (cpu), 0.00 min (real)
Generate toy 467/500
  1) RooRealVar:: n_obs_bina01 = 2334

 -- Profile Likelihood -- 
Limit: r < 1.93346 @ 95% CL
Done in 0.00 min (cpu), 0.00 min (real)
Generate toy 468/500
  1) RooRealVar:: n_obs_bina01 = 2583

 -- Profile Likelihood -- 
Limit: r < 3.62623 @ 95% CL
Done in 0.00 min (cpu), 0.00 min (real)
Generate toy 469/500
  1) RooRealVar:: n_obs_bina01 = 2539

 -- Profile Likelihood -- 
Limit: r < 3.24183 @ 95% CL
Done in 0.00 min (cpu), 0.00 min (real)
Generate toy 470/500
  1) RooRealVar:: n_obs_bina01 = 2450

 -- Profile Likelihood -- 
Limit: r < 2.58236 @ 95% CL
Done in 0.00 min (cpu), 0.00 min (real)
Generate toy 471/500
  1) RooRealVar:: n_obs_bina01 = 2791

 -- Profile Likelihood -- 
Limit: r < 5.74369 @ 95% CL
Done in 0.00 min (cpu), 0.00 min (real)
Generate toy 472/500
  1) RooRealVar:: n_obs_bina01 = 2434

 -- Profile Likelihood -- 
Limit: r < 2.47962 @ 95% CL
Done in 0.00 min (cpu), 0.00 min (real)
Generate toy 473/500
  1) RooRealVar:: n_obs_bina01 = 2458

 -- Profile Likelihood -- 
Limit: r < 2.63546 @ 95% CL
Done in 0.00 min (cpu), 0.00 min (real)
Generate toy 474/500
  1) RooRealVar:: n_obs_bina01 = 2754

 -- Profile Likelihood -- 
Limit: r < 5.36143 @ 95% CL
Done in 0.00 min (cpu), 0.00 min (real)
Generate toy 475/500
  1) RooRealVar:: n_obs_bina01 = 2379

 -- Profile Likelihood -- 
Limit: r < 2.15989 @ 95% CL
Done in 0.00 min (cpu), 0.00 min (real)
Generate toy 476/500
  1) RooRealVar:: n_obs_bina01 = 2659

 -- Profile Likelihood -- 
Limit: r < 4.37916 @ 95% CL
Done in 0.00 min (cpu), 0.00 min (real)
Generate toy 477/500
  1) RooRealVar:: n_obs_bina01 = 2622

 -- Profile Likelihood -- 
Limit: r < 3.99978 @ 95% CL
Done in 0.00 min (cpu), 0.00 min (real)
Generate toy 478/500
  1) RooRealVar:: n_obs_bina01 = 2983

 -- Profile Likelihood -- 
Limit: r < 7.72942 @ 95% CL
Done in 0.00 min (cpu), 0.00 min (real)
Generate toy 479/500
  1) RooRealVar:: n_obs_bina01 = 2839

 -- Profile Likelihood -- 
Limit: r < 6.24039 @ 95% CL
Done in 0.00 min (cpu), 0.00 min (real)
Generate toy 480/500
  1) RooRealVar:: n_obs_bina01 = 2768

 -- Profile Likelihood -- 
Limit: r < 5.50621 @ 95% CL
Done in 0.00 min (cpu), 0.00 min (real)
Generate toy 481/500
  1) RooRealVar:: n_obs_bina01 = 2498

 -- Profile Likelihood -- 
Limit: r < 2.91891 @ 95% CL
Done in 0.00 min (cpu), 0.00 min (real)
Generate toy 482/500
  1) RooRealVar:: n_obs_bina01 = 2661

 -- Profile Likelihood -- 
Limit: r < 4.39978 @ 95% CL
Done in 0.00 min (cpu), 0.00 min (real)
Generate toy 483/500
  1) RooRealVar:: n_obs_bina01 = 2581

 -- Profile Likelihood -- 
Limit: r < 3.60789 @ 95% CL
Done in 0.00 min (cpu), 0.00 min (real)
Generate toy 484/500
  1) RooRealVar:: n_obs_bina01 = 2870

 -- Profile Likelihood -- 
Limit: r < 6.56143 @ 95% CL
Done in 0.00 min (cpu), 0.00 min (real)
Generate toy 485/500
  1) RooRealVar:: n_obs_bina01 = 2730

 -- Profile Likelihood -- 
Limit: r < 5.11333 @ 95% CL
Done in 0.00 min (cpu), 0.00 min (real)
Generate toy 486/500
  1) RooRealVar:: n_obs_bina01 = 2337

 -- Profile Likelihood -- 
Limit: r < 1.94765 @ 95% CL
Done in 0.00 min (cpu), 0.00 min (real)
Generate toy 487/500
  1) RooRealVar:: n_obs_bina01 = 2431

 -- Profile Likelihood -- 
Limit: r < 2.46086 @ 95% CL
Done in 0.00 min (cpu), 0.00 min (real)
Generate toy 488/500
  1) RooRealVar:: n_obs_bina01 = 2454

 -- Profile Likelihood -- 
Limit: r < 2.60876 @ 95% CL
Done in 0.00 min (cpu), 0.00 min (real)
Generate toy 489/500
  1) RooRealVar:: n_obs_bina01 = 2578

 -- Profile Likelihood -- 
Limit: r < 3.58054 @ 95% CL
Done in 0.00 min (cpu), 0.00 min (real)
Generate toy 490/500
  1) RooRealVar:: n_obs_bina01 = 3025

 -- Profile Likelihood -- 
Limit: r < 8.16368 @ 95% CL
Done in 0.00 min (cpu), 0.00 min (real)
Generate toy 491/500
  1) RooRealVar:: n_obs_bina01 = 2339

 -- Profile Likelihood -- 
Limit: r < 1.95718 @ 95% CL
Done in 0.00 min (cpu), 0.00 min (real)
Generate toy 492/500
  1) RooRealVar:: n_obs_bina01 = 2457

 -- Profile Likelihood -- 
Limit: r < 2.62876 @ 95% CL
Done in 0.00 min (cpu), 0.00 min (real)
Generate toy 493/500
  1) RooRealVar:: n_obs_bina01 = 2521

 -- Profile Likelihood -- 
Limit: r < 3.09593 @ 95% CL
Done in 0.00 min (cpu), 0.00 min (real)
Generate toy 494/500
  1) RooRealVar:: n_obs_bina01 = 2750

 -- Profile Likelihood -- 
Limit: r < 5.31963 @ 95% CL
Done in 0.00 min (cpu), 0.00 min (real)
Generate toy 495/500
  1) RooRealVar:: n_obs_bina01 = 2609

 -- Profile Likelihood -- 
Limit: r < 3.87181 @ 95% CL
Done in 0.00 min (cpu), 0.00 min (real)
Generate toy 496/500
  1) RooRealVar:: n_obs_bina01 = 2639

 -- Profile Likelihood -- 
Limit: r < 4.17224 @ 95% CL
Done in 0.00 min (cpu), 0.00 min (real)
Generate toy 497/500
  1) RooRealVar:: n_obs_bina01 = 2591

 -- Profile Likelihood -- 
Limit: r < 3.70042 @ 95% CL
Done in 0.00 min (cpu), 0.00 min (real)
Generate toy 498/500
  1) RooRealVar:: n_obs_bina01 = 2958

 -- Profile Likelihood -- 
Limit: r < 7.47093 @ 95% CL
Done in 0.00 min (cpu), 0.00 min (real)
Generate toy 499/500
  1) RooRealVar:: n_obs_bina01 = 2388

 -- Profile Likelihood -- 
Limit: r < 2.20882 @ 95% CL
Done in 0.00 min (cpu), 0.00 min (real)
Generate toy 500/500
  1) RooRealVar:: n_obs_bina01 = 2527

 -- Profile Likelihood -- 
Limit: r < 3.14384 @ 95% CL
Done in 0.00 min (cpu), 0.00 min (real)
mean   expected limit: r < 4.54383 +/- 0.0957386 @ 95%CL (500 toyMC)
median expected limit: r < 4.20861 @ 95%CL (500 toyMC)
   68% expected band : 2.46086 < r < 6.59211
   95% expected band : 1.52136 < r < 9.68363
