>>> including systematics
>>> method used to compute upper limit is ProfileLikelihood
>>> random number generator seed is 123456

Sanity checks on the model: OK
Generate toy 1/500
  1) RooRealVar:: n_obs_bina01 = 2151

 -- Profile Likelihood -- 
Limit: r < 3.2176 @ 95% CL
Done in 0.00 min (cpu), 0.00 min (real)
Generate toy 2/500
  1) RooRealVar:: n_obs_bina01 = 2309

 -- Profile Likelihood -- 
Limit: r < 4.75944 @ 95% CL
Done in 0.00 min (cpu), 0.00 min (real)
Generate toy 3/500
  1) RooRealVar:: n_obs_bina01 = 2289

 -- Profile Likelihood -- 
Limit: r < 4.56424 @ 95% CL
Done in 0.00 min (cpu), 0.00 min (real)
Generate toy 4/500
  1) RooRealVar:: n_obs_bina01 = 2334

 -- Profile Likelihood -- 
Limit: r < 5.0034 @ 95% CL
Done in 0.00 min (cpu), 0.00 min (real)
Generate toy 5/500
  1) RooRealVar:: n_obs_bina01 = 2229

 -- Profile Likelihood -- 
Limit: r < 3.97864 @ 95% CL
Done in 0.00 min (cpu), 0.00 min (real)
Generate toy 6/500
  1) RooRealVar:: n_obs_bina01 = 2129

 -- Profile Likelihood -- 
Limit: r < 3.01056 @ 95% CL
Done in 0.00 min (cpu), 0.00 min (real)
Generate toy 7/500
  1) RooRealVar:: n_obs_bina01 = 2335

 -- Profile Likelihood -- 
Limit: r < 5.01316 @ 95% CL
Done in 0.00 min (cpu), 0.00 min (real)
Generate toy 8/500
  1) RooRealVar:: n_obs_bina01 = 2229

 -- Profile Likelihood -- 
Limit: r < 3.97864 @ 95% CL
Done in 0.00 min (cpu), 0.00 min (real)
Generate toy 9/500
  1) RooRealVar:: n_obs_bina01 = 1846

 -- Profile Likelihood -- 
Limit: r < 1.27666 @ 95% CL
Done in 0.00 min (cpu), 0.00 min (real)
Generate toy 10/500
  1) RooRealVar:: n_obs_bina01 = 2166

 -- Profile Likelihood -- 
Limit: r < 3.36405 @ 95% CL
Done in 0.00 min (cpu), 0.00 min (real)
Generate toy 11/500
  1) RooRealVar:: n_obs_bina01 = 2012

 -- Profile Likelihood -- 
Limit: r < 2.09637 @ 95% CL
Done in 0.00 min (cpu), 0.00 min (real)
Generate toy 12/500
  1) RooRealVar:: n_obs_bina01 = 2167

 -- Profile Likelihood -- 
Limit: r < 3.37367 @ 95% CL
Done in 0.00 min (cpu), 0.00 min (real)
Generate toy 13/500
  1) RooRealVar:: n_obs_bina01 = 2465

 -- Profile Likelihood -- 
Limit: r < 6.2817 @ 95% CL
Done in 0.00 min (cpu), 0.00 min (real)
Generate toy 14/500
  1) RooRealVar:: n_obs_bina01 = 2048

 -- Profile Likelihood -- 
Limit: r < 2.3442 @ 95% CL
Done in 0.00 min (cpu), 0.00 min (real)
Generate toy 15/500
  1) RooRealVar:: n_obs_bina01 = 2348

 -- Profile Likelihood -- 
Limit: r < 5.14001 @ 95% CL
Done in 0.00 min (cpu), 0.00 min (real)
Generate toy 16/500
  1) RooRealVar:: n_obs_bina01 = 2297

 -- Profile Likelihood -- 
Limit: r < 4.64238 @ 95% CL
Done in 0.00 min (cpu), 0.00 min (real)
Generate toy 17/500
  1) RooRealVar:: n_obs_bina01 = 2225

 -- Profile Likelihood -- 
Limit: r < 3.93959 @ 95% CL
Done in 0.00 min (cpu), 0.00 min (real)
Generate toy 18/500
  1) RooRealVar:: n_obs_bina01 = 2448

 -- Profile Likelihood -- 
Limit: r < 6.11581 @ 95% CL
Done in 0.00 min (cpu), 0.00 min (real)
Generate toy 19/500
  1) RooRealVar:: n_obs_bina01 = 2072

 -- Profile Likelihood -- 
Limit: r < 2.52568 @ 95% CL
Done in 0.00 min (cpu), 0.00 min (real)
Generate toy 20/500
  1) RooRealVar:: n_obs_bina01 = 2050

 -- Profile Likelihood -- 
Limit: r < 2.35881 @ 95% CL
Done in 0.00 min (cpu), 0.00 min (real)
Generate toy 21/500
  1) RooRealVar:: n_obs_bina01 = 2257

 -- Profile Likelihood -- 
Limit: r < 4.25177 @ 95% CL
Done in 0.00 min (cpu), 0.00 min (real)
Generate toy 22/500
  1) RooRealVar:: n_obs_bina01 = 2255

 -- Profile Likelihood -- 
Limit: r < 4.23223 @ 95% CL
Done in 0.00 min (cpu), 0.00 min (real)
Generate toy 23/500
  1) RooRealVar:: n_obs_bina01 = 2205

 -- Profile Likelihood -- 
Limit: r < 3.74481 @ 95% CL
Done in 0.00 min (cpu), 0.00 min (real)
Generate toy 24/500
  1) RooRealVar:: n_obs_bina01 = 1963

 -- Profile Likelihood -- 
Limit: r < 1.80333 @ 95% CL
Done in 0.00 min (cpu), 0.00 min (real)
Generate toy 25/500
  1) RooRealVar:: n_obs_bina01 = 2214

 -- Profile Likelihood -- 
Limit: r < 3.83244 @ 95% CL
Done in 0.00 min (cpu), 0.00 min (real)
Generate toy 26/500
  1) RooRealVar:: n_obs_bina01 = 2255

 -- Profile Likelihood -- 
Limit: r < 4.23223 @ 95% CL
Done in 0.00 min (cpu), 0.00 min (real)
Generate toy 27/500
  1) RooRealVar:: n_obs_bina01 = 2216

 -- Profile Likelihood -- 
Limit: r < 3.85194 @ 95% CL
Done in 0.00 min (cpu), 0.00 min (real)
Generate toy 28/500
  1) RooRealVar:: n_obs_bina01 = 2206

 -- Profile Likelihood -- 
Limit: r < 3.75454 @ 95% CL
Done in 0.00 min (cpu), 0.00 min (real)
Generate toy 29/500
  1) RooRealVar:: n_obs_bina01 = 2354

 -- Profile Likelihood -- 
Limit: r < 5.19856 @ 95% CL
Done in 0.00 min (cpu), 0.00 min (real)
Generate toy 30/500
  1) RooRealVar:: n_obs_bina01 = 2025

 -- Profile Likelihood -- 
Limit: r < 2.18253 @ 95% CL
Done in 0.00 min (cpu), 0.00 min (real)
Generate toy 31/500
  1) RooRealVar:: n_obs_bina01 = 1939

 -- Profile Likelihood -- 
Limit: r < 1.67687 @ 95% CL
Done in 0.00 min (cpu), 0.00 min (real)
Generate toy 32/500
  1) RooRealVar:: n_obs_bina01 = 2049

 -- Profile Likelihood -- 
Limit: r < 2.35149 @ 95% CL
Done in 0.00 min (cpu), 0.00 min (real)
Generate toy 33/500
  1) RooRealVar:: n_obs_bina01 = 1991

 -- Profile Likelihood -- 
Limit: r < 1.96479 @ 95% CL
Done in 0.00 min (cpu), 0.00 min (real)
Generate toy 34/500
  1) RooRealVar:: n_obs_bina01 = 2108

 -- Profile Likelihood -- 
Limit: r < 2.82275 @ 95% CL
Done in 0.00 min (cpu), 0.00 min (real)
Generate toy 35/500
  1) RooRealVar:: n_obs_bina01 = 2140

 -- Profile Likelihood -- 
Limit: r < 3.11247 @ 95% CL
Done in 0.00 min (cpu), 0.00 min (real)
Generate toy 36/500
  1) RooRealVar:: n_obs_bina01 = 2134

 -- Profile Likelihood -- 
Limit: r < 3.05632 @ 95% CL
Done in 0.00 min (cpu), 0.00 min (real)
Generate toy 37/500
  1) RooRealVar:: n_obs_bina01 = 1959

 -- Profile Likelihood -- 
Limit: r < 1.78151 @ 95% CL
Done in 0.00 min (cpu), 0.00 min (real)
Generate toy 38/500
  1) RooRealVar:: n_obs_bina01 = 2337

 -- Profile Likelihood -- 
Limit: r < 5.03267 @ 95% CL
Done in 0.00 min (cpu), 0.00 min (real)
Generate toy 39/500
  1) RooRealVar:: n_obs_bina01 = 2485

 -- Profile Likelihood -- 
Limit: r < 6.47686 @ 95% CL
Done in 0.00 min (cpu), 0.00 min (real)
Generate toy 40/500
  1) RooRealVar:: n_obs_bina01 = 2275

 -- Profile Likelihood -- 
Limit: r < 4.42757 @ 95% CL
Done in 0.00 min (cpu), 0.00 min (real)
Generate toy 41/500
  1) RooRealVar:: n_obs_bina01 = 2330

 -- Profile Likelihood -- 
Limit: r < 4.96437 @ 95% CL
Done in 0.00 min (cpu), 0.00 min (real)
Generate toy 42/500
  1) RooRealVar:: n_obs_bina01 = 1885

 -- Profile Likelihood -- 
Limit: r < 1.42878 @ 95% CL
Done in 0.00 min (cpu), 0.00 min (real)
Generate toy 43/500
  1) RooRealVar:: n_obs_bina01 = 2403

 -- Profile Likelihood -- 
Limit: r < 5.67669 @ 95% CL
Done in 0.00 min (cpu), 0.00 min (real)
Generate toy 44/500
  1) RooRealVar:: n_obs_bina01 = 2270

 -- Profile Likelihood -- 
Limit: r < 4.37875 @ 95% CL
Done in 0.00 min (cpu), 0.00 min (real)
Generate toy 45/500
  1) RooRealVar:: n_obs_bina01 = 2296

 -- Profile Likelihood -- 
Limit: r < 4.63277 @ 95% CL
Done in 0.00 min (cpu), 0.00 min (real)
Generate toy 46/500
  1) RooRealVar:: n_obs_bina01 = 2099

 -- Profile Likelihood -- 
Limit: r < 2.74558 @ 95% CL
Done in 0.00 min (cpu), 0.00 min (real)
Generate toy 47/500
  1) RooRealVar:: n_obs_bina01 = 2278

 -- Profile Likelihood -- 
Limit: r < 4.45686 @ 95% CL
Done in 0.00 min (cpu), 0.00 min (real)
Generate toy 48/500
  1) RooRealVar:: n_obs_bina01 = 2121

 -- Profile Likelihood -- 
Limit: r < 2.93763 @ 95% CL
Done in 0.00 min (cpu), 0.00 min (real)
Generate toy 49/500
  1) RooRealVar:: n_obs_bina01 = 2126

 -- Profile Likelihood -- 
Limit: r < 2.98298 @ 95% CL
Done in 0.00 min (cpu), 0.00 min (real)
Generate toy 50/500
  1) RooRealVar:: n_obs_bina01 = 2180

 -- Profile Likelihood -- 
Limit: r < 3.5005 @ 95% CL
Done in 0.00 min (cpu), 0.00 min (real)
Generate toy 51/500
  1) RooRealVar:: n_obs_bina01 = 2095

 -- Profile Likelihood -- 
Limit: r < 2.7119 @ 95% CL
Done in 0.00 min (cpu), 0.00 min (real)
Generate toy 52/500
  1) RooRealVar:: n_obs_bina01 = 2497

 -- Profile Likelihood -- 
Limit: r < 6.59396 @ 95% CL
Done in 0.00 min (cpu), 0.00 min (real)
Generate toy 53/500
  1) RooRealVar:: n_obs_bina01 = 1908

 -- Profile Likelihood -- 
Limit: r < 1.52855 @ 95% CL
Done in 0.00 min (cpu), 0.00 min (real)
Generate toy 54/500
  1) RooRealVar:: n_obs_bina01 = 2322

 -- Profile Likelihood -- 
Limit: r < 4.8863 @ 95% CL
Done in 0.00 min (cpu), 0.00 min (real)
Generate toy 55/500
  1) RooRealVar:: n_obs_bina01 = 2108

 -- Profile Likelihood -- 
Limit: r < 2.82275 @ 95% CL
Done in 0.00 min (cpu), 0.00 min (real)
Generate toy 56/500
  1) RooRealVar:: n_obs_bina01 = 1990

 -- Profile Likelihood -- 
Limit: r < 1.95875 @ 95% CL
Done in 0.00 min (cpu), 0.00 min (real)
Generate toy 57/500
  1) RooRealVar:: n_obs_bina01 = 2027

 -- Profile Likelihood -- 
Limit: r < 2.19611 @ 95% CL
Done in 0.00 min (cpu), 0.00 min (real)
Generate toy 58/500
  1) RooRealVar:: n_obs_bina01 = 1907

 -- Profile Likelihood -- 
Limit: r < 1.52404 @ 95% CL
Done in 0.00 min (cpu), 0.00 min (real)
Generate toy 59/500
  1) RooRealVar:: n_obs_bina01 = 2215

 -- Profile Likelihood -- 
Limit: r < 3.84219 @ 95% CL
Done in 0.00 min (cpu), 0.00 min (real)
Generate toy 60/500
  1) RooRealVar:: n_obs_bina01 = 2009

 -- Profile Likelihood -- 
Limit: r < 2.077 @ 95% CL
Done in 0.00 min (cpu), 0.00 min (real)
Generate toy 61/500
  1) RooRealVar:: n_obs_bina01 = 2396

 -- Profile Likelihood -- 
Limit: r < 5.60839 @ 95% CL
Done in 0.00 min (cpu), 0.00 min (real)
Generate toy 62/500
  1) RooRealVar:: n_obs_bina01 = 2272

 -- Profile Likelihood -- 
Limit: r < 4.39828 @ 95% CL
Done in 0.00 min (cpu), 0.00 min (real)
Generate toy 63/500
  1) RooRealVar:: n_obs_bina01 = 2065

 -- Profile Likelihood -- 
Limit: r < 2.47137 @ 95% CL
Done in 0.00 min (cpu), 0.00 min (real)
Generate toy 64/500
  1) RooRealVar:: n_obs_bina01 = 2114

 -- Profile Likelihood -- 
Limit: r < 2.87526 @ 95% CL
Done in 0.00 min (cpu), 0.00 min (real)
Generate toy 65/500
  1) RooRealVar:: n_obs_bina01 = 2074

 -- Profile Likelihood -- 
Limit: r < 2.54141 @ 95% CL
Done in 0.00 min (cpu), 0.00 min (real)
Generate toy 66/500
  1) RooRealVar:: n_obs_bina01 = 2420

 -- Profile Likelihood -- 
Limit: r < 5.84258 @ 95% CL
Done in 0.00 min (cpu), 0.00 min (real)
Generate toy 67/500
  1) RooRealVar:: n_obs_bina01 = 2105

 -- Profile Likelihood -- 
Limit: r < 2.79681 @ 95% CL
Done in 0.00 min (cpu), 0.00 min (real)
Generate toy 68/500
  1) RooRealVar:: n_obs_bina01 = 2125

 -- Profile Likelihood -- 
Limit: r < 2.97385 @ 95% CL
Done in 0.00 min (cpu), 0.00 min (real)
Generate toy 69/500
  1) RooRealVar:: n_obs_bina01 = 2292

 -- Profile Likelihood -- 
Limit: r < 4.59435 @ 95% CL
Done in 0.00 min (cpu), 0.00 min (real)
Generate toy 70/500
  1) RooRealVar:: n_obs_bina01 = 1886

 -- Profile Likelihood -- 
Limit: r < 1.43296 @ 95% CL
Done in 0.00 min (cpu), 0.00 min (real)
Generate toy 71/500
  1) RooRealVar:: n_obs_bina01 = 2049

 -- Profile Likelihood -- 
Limit: r < 2.35149 @ 95% CL
Done in 0.00 min (cpu), 0.00 min (real)
Generate toy 72/500
  1) RooRealVar:: n_obs_bina01 = 2437

 -- Profile Likelihood -- 
Limit: r < 6.00847 @ 95% CL
Done in 0.00 min (cpu), 0.00 min (real)
Generate toy 73/500
  1) RooRealVar:: n_obs_bina01 = 2490

 -- Profile Likelihood -- 
Limit: r < 6.52565 @ 95% CL
Done in 0.00 min (cpu), 0.00 min (real)
Generate toy 74/500
  1) RooRealVar:: n_obs_bina01 = 2146

 -- Profile Likelihood -- 
Limit: r < 3.16942 @ 95% CL
Done in 0.00 min (cpu), 0.00 min (real)
Generate toy 75/500
  1) RooRealVar:: n_obs_bina01 = 2668

 -- Profile Likelihood -- 
Limit: r < 8.26269 @ 95% CL
Done in 0.00 min (cpu), 0.00 min (real)
Generate toy 76/500
  1) RooRealVar:: n_obs_bina01 = 2224

 -- Profile Likelihood -- 
Limit: r < 3.92983 @ 95% CL
Done in 0.00 min (cpu), 0.00 min (real)
Generate toy 77/500
  1) RooRealVar:: n_obs_bina01 = 2218

 -- Profile Likelihood -- 
Limit: r < 3.87143 @ 95% CL
Done in 0.00 min (cpu), 0.00 min (real)
Generate toy 78/500
  1) RooRealVar:: n_obs_bina01 = 2001

 -- Profile Likelihood -- 
Limit: r < 2.02629 @ 95% CL
Done in 0.00 min (cpu), 0.00 min (real)
Generate toy 79/500
  1) RooRealVar:: n_obs_bina01 = 2753

 -- Profile Likelihood -- 
Limit: r < 9.0922 @ 95% CL
Done in 0.00 min (cpu), 0.00 min (real)
Generate toy 80/500
  1) RooRealVar:: n_obs_bina01 = 2315

 -- Profile Likelihood -- 
Limit: r < 4.81799 @ 95% CL
Done in 0.00 min (cpu), 0.00 min (real)
Generate toy 81/500
  1) RooRealVar:: n_obs_bina01 = 2311

 -- Profile Likelihood -- 
Limit: r < 4.77895 @ 95% CL
Done in 0.00 min (cpu), 0.00 min (real)
Generate toy 82/500
  1) RooRealVar:: n_obs_bina01 = 2018

 -- Profile Likelihood -- 
Limit: r < 2.13568 @ 95% CL
Done in 0.00 min (cpu), 0.00 min (real)
Generate toy 83/500
  1) RooRealVar:: n_obs_bina01 = 2073

 -- Profile Likelihood -- 
Limit: r < 2.53354 @ 95% CL
Done in 0.00 min (cpu), 0.00 min (real)
Generate toy 84/500
  1) RooRealVar:: n_obs_bina01 = 1885

 -- Profile Likelihood -- 
Limit: r < 1.42878 @ 95% CL
Done in 0.00 min (cpu), 0.00 min (real)
Generate toy 85/500
  1) RooRealVar:: n_obs_bina01 = 2059

 -- Profile Likelihood -- 
Limit: r < 2.42572 @ 95% CL
Done in 0.00 min (cpu), 0.00 min (real)
Generate toy 86/500
  1) RooRealVar:: n_obs_bina01 = 2386

 -- Profile Likelihood -- 
Limit: r < 5.51081 @ 95% CL
Done in 0.00 min (cpu), 0.00 min (real)
Generate toy 87/500
  1) RooRealVar:: n_obs_bina01 = 1950

 -- Profile Likelihood -- 
Limit: r < 1.73352 @ 95% CL
Done in 0.00 min (cpu), 0.00 min (real)
Generate toy 88/500
  1) RooRealVar:: n_obs_bina01 = 2125

 -- Profile Likelihood -- 
Limit: r < 2.97385 @ 95% CL
Done in 0.00 min (cpu), 0.00 min (real)
Generate toy 89/500
  1) RooRealVar:: n_obs_bina01 = 2228

 -- Profile Likelihood -- 
Limit: r < 3.96888 @ 95% CL
Done in 0.00 min (cpu), 0.00 min (real)
Generate toy 90/500
  1) RooRealVar:: n_obs_bina01 = 2200

 -- Profile Likelihood -- 
Limit: r < 3.6956 @ 95% CL
Done in 0.00 min (cpu), 0.00 min (real)
Generate toy 91/500
  1) RooRealVar:: n_obs_bina01 = 2110

 -- Profile Likelihood -- 
Limit: r < 2.84016 @ 95% CL
Done in 0.00 min (cpu), 0.00 min (real)
Generate toy 92/500
  1) RooRealVar:: n_obs_bina01 = 2099

 -- Profile Likelihood -- 
Limit: r < 2.74558 @ 95% CL
Done in 0.00 min (cpu), 0.00 min (real)
Generate toy 93/500
  1) RooRealVar:: n_obs_bina01 = 2426

 -- Profile Likelihood -- 
Limit: r < 5.90113 @ 95% CL
Done in 0.00 min (cpu), 0.00 min (real)
Generate toy 94/500
  1) RooRealVar:: n_obs_bina01 = 1780

 -- Profile Likelihood -- 
Limit: r < 1.06228 @ 95% CL
Done in 0.00 min (cpu), 0.00 min (real)
Generate toy 95/500
  1) RooRealVar:: n_obs_bina01 = 2090

 -- Profile Likelihood -- 
Limit: r < 2.67067 @ 95% CL
Done in 0.00 min (cpu), 0.00 min (real)
Generate toy 96/500
  1) RooRealVar:: n_obs_bina01 = 2389

 -- Profile Likelihood -- 
Limit: r < 5.54008 @ 95% CL
Done in 0.00 min (cpu), 0.00 min (real)
Generate toy 97/500
  1) RooRealVar:: n_obs_bina01 = 2197

 -- Profile Likelihood -- 
Limit: r < 3.66633 @ 95% CL
Done in 0.00 min (cpu), 0.00 min (real)
Generate toy 98/500
  1) RooRealVar:: n_obs_bina01 = 2013

 -- Profile Likelihood -- 
Limit: r < 2.10286 @ 95% CL
Done in 0.00 min (cpu), 0.00 min (real)
Generate toy 99/500
  1) RooRealVar:: n_obs_bina01 = 2185

 -- Profile Likelihood -- 
Limit: r < 3.54923 @ 95% CL
Done in 0.00 min (cpu), 0.00 min (real)
Generate toy 100/500
  1) RooRealVar:: n_obs_bina01 = 2193

 -- Profile Likelihood -- 
Limit: r < 3.62729 @ 95% CL
Done in 0.00 min (cpu), 0.00 min (real)
Generate toy 101/500
  1) RooRealVar:: n_obs_bina01 = 2116

 -- Profile Likelihood -- 
Limit: r < 2.89296 @ 95% CL
Done in 0.00 min (cpu), 0.00 min (real)
Generate toy 102/500
  1) RooRealVar:: n_obs_bina01 = 2638

 -- Profile Likelihood -- 
Limit: r < 7.96993 @ 95% CL
Done in 0.00 min (cpu), 0.00 min (real)
Generate toy 103/500
  1) RooRealVar:: n_obs_bina01 = 2255

 -- Profile Likelihood -- 
Limit: r < 4.23223 @ 95% CL
Done in 0.00 min (cpu), 0.00 min (real)
Generate toy 104/500
  1) RooRealVar:: n_obs_bina01 = 2473

 -- Profile Likelihood -- 
Limit: r < 6.35976 @ 95% CL
Done in 0.00 min (cpu), 0.00 min (real)
Generate toy 105/500
  1) RooRealVar:: n_obs_bina01 = 2209

 -- Profile Likelihood -- 
Limit: r < 3.78374 @ 95% CL
Done in 0.00 min (cpu), 0.00 min (real)
Generate toy 106/500
  1) RooRealVar:: n_obs_bina01 = 2081

 -- Profile Likelihood -- 
Limit: r < 2.59721 @ 95% CL
Done in 0.00 min (cpu), 0.00 min (real)
Generate toy 107/500
  1) RooRealVar:: n_obs_bina01 = 1849

 -- Profile Likelihood -- 
Limit: r < 1.28763 @ 95% CL
Done in 0.00 min (cpu), 0.00 min (real)
Generate toy 108/500
  1) RooRealVar:: n_obs_bina01 = 1995

 -- Profile Likelihood -- 
Limit: r < 1.98914 @ 95% CL
Done in 0.00 min (cpu), 0.00 min (real)
Generate toy 109/500
  1) RooRealVar:: n_obs_bina01 = 2284

 -- Profile Likelihood -- 
Limit: r < 4.51543 @ 95% CL
Done in 0.00 min (cpu), 0.00 min (real)
Generate toy 110/500
  1) RooRealVar:: n_obs_bina01 = 2312

 -- Profile Likelihood -- 
Limit: r < 4.78871 @ 95% CL
Done in 0.00 min (cpu), 0.00 min (real)
Generate toy 111/500
  1) RooRealVar:: n_obs_bina01 = 2262

 -- Profile Likelihood -- 
Limit: r < 4.30062 @ 95% CL
Done in 0.00 min (cpu), 0.00 min (real)
Generate toy 112/500
  1) RooRealVar:: n_obs_bina01 = 2255

 -- Profile Likelihood -- 
Limit: r < 4.23223 @ 95% CL
Done in 0.00 min (cpu), 0.00 min (real)
Generate toy 113/500
  1) RooRealVar:: n_obs_bina01 = 2043

 -- Profile Likelihood -- 
Limit: r < 2.30805 @ 95% CL
Done in 0.00 min (cpu), 0.00 min (real)
Generate toy 114/500
  1) RooRealVar:: n_obs_bina01 = 2481

 -- Profile Likelihood -- 
Limit: r < 6.43783 @ 95% CL
Done in 0.00 min (cpu), 0.00 min (real)
Generate toy 115/500
  1) RooRealVar:: n_obs_bina01 = 2022

 -- Profile Likelihood -- 
Limit: r < 2.16232 @ 95% CL
Done in 0.00 min (cpu), 0.00 min (real)
Generate toy 116/500
  1) RooRealVar:: n_obs_bina01 = 2306

 -- Profile Likelihood -- 
Limit: r < 4.72897 @ 95% CL
Done in 0.00 min (cpu), 0.00 min (real)
Generate toy 117/500
  1) RooRealVar:: n_obs_bina01 = 2152

 -- Profile Likelihood -- 
Limit: r < 3.2274 @ 95% CL
Done in 0.00 min (cpu), 0.00 min (real)
Generate toy 118/500
  1) RooRealVar:: n_obs_bina01 = 2182

 -- Profile Likelihood -- 
Limit: r < 3.51999 @ 95% CL
Done in 0.00 min (cpu), 0.00 min (real)
Generate toy 119/500
  1) RooRealVar:: n_obs_bina01 = 2404

 -- Profile Likelihood -- 
Limit: r < 5.68645 @ 95% CL
Done in 0.00 min (cpu), 0.00 min (real)
Generate toy 120/500
  1) RooRealVar:: n_obs_bina01 = 1874

 -- Profile Likelihood -- 
Limit: r < 1.38372 @ 95% CL
Done in 0.00 min (cpu), 0.00 min (real)
Generate toy 121/500
  1) RooRealVar:: n_obs_bina01 = 2003

 -- Profile Likelihood -- 
Limit: r < 2.03884 @ 95% CL
Done in 0.00 min (cpu), 0.00 min (real)
Generate toy 122/500
  1) RooRealVar:: n_obs_bina01 = 2409

 -- Profile Likelihood -- 
Limit: r < 5.73524 @ 95% CL
Done in 0.00 min (cpu), 0.00 min (real)
Generate toy 123/500
  1) RooRealVar:: n_obs_bina01 = 1918

 -- Profile Likelihood -- 
Limit: r < 1.57463 @ 95% CL
Done in 0.00 min (cpu), 0.00 min (real)
Generate toy 124/500
  1) RooRealVar:: n_obs_bina01 = 1897

 -- Profile Likelihood -- 
Limit: r < 1.47972 @ 95% CL
Done in 0.00 min (cpu), 0.00 min (real)
Generate toy 125/500
  1) RooRealVar:: n_obs_bina01 = 2230

 -- Profile Likelihood -- 
Limit: r < 3.9884 @ 95% CL
Done in 0.00 min (cpu), 0.00 min (real)
Generate toy 126/500
  1) RooRealVar:: n_obs_bina01 = 2336

 -- Profile Likelihood -- 
Limit: r < 5.02291 @ 95% CL
Done in 0.00 min (cpu), 0.00 min (real)
Generate toy 127/500
  1) RooRealVar:: n_obs_bina01 = 2079

 -- Profile Likelihood -- 
Limit: r < 2.58115 @ 95% CL
Done in 0.00 min (cpu), 0.00 min (real)
Generate toy 128/500
  1) RooRealVar:: n_obs_bina01 = 2340

 -- Profile Likelihood -- 
Limit: r < 5.06195 @ 95% CL
Done in 0.00 min (cpu), 0.00 min (real)
Generate toy 129/500
  1) RooRealVar:: n_obs_bina01 = 1905

 -- Profile Likelihood -- 
Limit: r < 1.51505 @ 95% CL
Done in 0.00 min (cpu), 0.00 min (real)
Generate toy 130/500
  1) RooRealVar:: n_obs_bina01 = 2395

 -- Profile Likelihood -- 
Limit: r < 5.59863 @ 95% CL
Done in 0.00 min (cpu), 0.00 min (real)
Generate toy 131/500
  1) RooRealVar:: n_obs_bina01 = 2105

 -- Profile Likelihood -- 
Limit: r < 2.79681 @ 95% CL
Done in 0.00 min (cpu), 0.00 min (real)
Generate toy 132/500
  1) RooRealVar:: n_obs_bina01 = 1919

 -- Profile Likelihood -- 
Limit: r < 1.57933 @ 95% CL
Done in 0.00 min (cpu), 0.00 min (real)
Generate toy 133/500
  1) RooRealVar:: n_obs_bina01 = 1708

 -- Profile Likelihood -- 
Limit: r < 0.877326 @ 95% CL
Done in 0.00 min (cpu), 0.00 min (real)
Generate toy 134/500
  1) RooRealVar:: n_obs_bina01 = 1952

 -- Profile Likelihood -- 
Limit: r < 1.74405 @ 95% CL
Done in 0.00 min (cpu), 0.00 min (real)
Generate toy 135/500
  1) RooRealVar:: n_obs_bina01 = 1896

 -- Profile Likelihood -- 
Limit: r < 1.47537 @ 95% CL
Done in 0.00 min (cpu), 0.00 min (real)
Generate toy 136/500
  1) RooRealVar:: n_obs_bina01 = 2292

 -- Profile Likelihood -- 
Limit: r < 4.59435 @ 95% CL
Done in 0.00 min (cpu), 0.00 min (real)
Generate toy 137/500
  1) RooRealVar:: n_obs_bina01 = 2111

 -- Profile Likelihood -- 
Limit: r < 2.8489 @ 95% CL
Done in 0.00 min (cpu), 0.00 min (real)
Generate toy 138/500
  1) RooRealVar:: n_obs_bina01 = 2430

 -- Profile Likelihood -- 
Limit: r < 5.94016 @ 95% CL
Done in 0.00 min (cpu), 0.00 min (real)
Generate toy 139/500
  1) RooRealVar:: n_obs_bina01 = 2024

 -- Profile Likelihood -- 
Limit: r < 2.17577 @ 95% CL
Done in 0.00 min (cpu), 0.00 min (real)
Generate toy 140/500
  1) RooRealVar:: n_obs_bina01 = 1987

 -- Profile Likelihood -- 
Limit: r < 1.94076 @ 95% CL
Done in 0.00 min (cpu), 0.00 min (real)
Generate toy 141/500
  1) RooRealVar:: n_obs_bina01 = 2176

 -- Profile Likelihood -- 
Limit: r < 3.46163 @ 95% CL
Done in 0.00 min (cpu), 0.00 min (real)
Generate toy 142/500
  1) RooRealVar:: n_obs_bina01 = 1933

 -- Profile Likelihood -- 
Limit: r < 1.64688 @ 95% CL
Done in 0.00 min (cpu), 0.00 min (real)
Generate toy 143/500
  1) RooRealVar:: n_obs_bina01 = 2030

 -- Profile Likelihood -- 
Limit: r < 2.21665 @ 95% CL
Done in 0.00 min (cpu), 0.00 min (real)
Generate toy 144/500
  1) RooRealVar:: n_obs_bina01 = 2006

 -- Profile Likelihood -- 
Limit: r < 2.05783 @ 95% CL
Done in 0.00 min (cpu), 0.00 min (real)
Generate toy 145/500
  1) RooRealVar:: n_obs_bina01 = 2057

 -- Profile Likelihood -- 
Limit: r < 2.41069 @ 95% CL
Done in 0.00 min (cpu), 0.00 min (real)
Generate toy 146/500
  1) RooRealVar:: n_obs_bina01 = 1884

 -- Profile Likelihood -- 
Limit: r < 1.42461 @ 95% CL
Done in 0.00 min (cpu), 0.00 min (real)
Generate toy 147/500
  1) RooRealVar:: n_obs_bina01 = 2338

 -- Profile Likelihood -- 
Limit: r < 5.04243 @ 95% CL
Done in 0.00 min (cpu), 0.00 min (real)
Generate toy 148/500
  1) RooRealVar:: n_obs_bina01 = 2305

 -- Profile Likelihood -- 
Limit: r < 4.71935 @ 95% CL
Done in 0.00 min (cpu), 0.00 min (real)
Generate toy 149/500
  1) RooRealVar:: n_obs_bina01 = 2166

 -- Profile Likelihood -- 
Limit: r < 3.36405 @ 95% CL
Done in 0.00 min (cpu), 0.00 min (real)
Generate toy 150/500
  1) RooRealVar:: n_obs_bina01 = 2161

 -- Profile Likelihood -- 
Limit: r < 3.31497 @ 95% CL
Done in 0.00 min (cpu), 0.00 min (real)
Generate toy 151/500
  1) RooRealVar:: n_obs_bina01 = 2307

 -- Profile Likelihood -- 
Limit: r < 4.73992 @ 95% CL
Done in 0.00 min (cpu), 0.00 min (real)
Generate toy 152/500
  1) RooRealVar:: n_obs_bina01 = 2196

 -- Profile Likelihood -- 
Limit: r < 3.65657 @ 95% CL
Done in 0.00 min (cpu), 0.00 min (real)
Generate toy 153/500
  1) RooRealVar:: n_obs_bina01 = 2102

 -- Profile Likelihood -- 
Limit: r < 2.77109 @ 95% CL
Done in 0.00 min (cpu), 0.00 min (real)
Generate toy 154/500
  1) RooRealVar:: n_obs_bina01 = 2418

 -- Profile Likelihood -- 
Limit: r < 5.82306 @ 95% CL
Done in 0.00 min (cpu), 0.00 min (real)
Generate toy 155/500
  1) RooRealVar:: n_obs_bina01 = 1868

 -- Profile Likelihood -- 
Limit: r < 1.35988 @ 95% CL
Done in 0.00 min (cpu), 0.00 min (real)
Generate toy 156/500
  1) RooRealVar:: n_obs_bina01 = 2007

 -- Profile Likelihood -- 
Limit: r < 2.0642 @ 95% CL
Done in 0.00 min (cpu), 0.00 min (real)
Generate toy 157/500
  1) RooRealVar:: n_obs_bina01 = 2014

 -- Profile Likelihood -- 
Limit: r < 2.10938 @ 95% CL
Done in 0.00 min (cpu), 0.00 min (real)
Generate toy 158/500
  1) RooRealVar:: n_obs_bina01 = 2248

 -- Profile Likelihood -- 
Limit: r < 4.16381 @ 95% CL
Done in 0.00 min (cpu), 0.00 min (real)
Generate toy 159/500
  1) RooRealVar:: n_obs_bina01 = 2185

 -- Profile Likelihood -- 
Limit: r < 3.54923 @ 95% CL
Done in 0.00 min (cpu), 0.00 min (real)
Generate toy 160/500
  1) RooRealVar:: n_obs_bina01 = 2501

 -- Profile Likelihood -- 
Limit: r < 6.63299 @ 95% CL
Done in 0.00 min (cpu), 0.00 min (real)
Generate toy 161/500
  1) RooRealVar:: n_obs_bina01 = 1770

 -- Profile Likelihood -- 
Limit: r < 1.03384 @ 95% CL
Done in 0.00 min (cpu), 0.00 min (real)
Generate toy 162/500
  1) RooRealVar:: n_obs_bina01 = 2367

 -- Profile Likelihood -- 
Limit: r < 5.32541 @ 95% CL
Done in 0.00 min (cpu), 0.00 min (real)
Generate toy 163/500
  1) RooRealVar:: n_obs_bina01 = 2588

 -- Profile Likelihood -- 
Limit: r < 7.48199 @ 95% CL
Done in 0.00 min (cpu), 0.00 min (real)
Generate toy 164/500
  1) RooRealVar:: n_obs_bina01 = 2154

 -- Profile Likelihood -- 
Limit: r < 3.24664 @ 95% CL
Done in 0.00 min (cpu), 0.00 min (real)
Generate toy 165/500
  1) RooRealVar:: n_obs_bina01 = 2072

 -- Profile Likelihood -- 
Limit: r < 2.52568 @ 95% CL
Done in 0.00 min (cpu), 0.00 min (real)
Generate toy 166/500
  1) RooRealVar:: n_obs_bina01 = 2378

 -- Profile Likelihood -- 
Limit: r < 5.43275 @ 95% CL
Done in 0.00 min (cpu), 0.00 min (real)
Generate toy 167/500
  1) RooRealVar:: n_obs_bina01 = 2174

 -- Profile Likelihood -- 
Limit: r < 3.44184 @ 95% CL
Done in 0.00 min (cpu), 0.00 min (real)
Generate toy 168/500
  1) RooRealVar:: n_obs_bina01 = 2489

 -- Profile Likelihood -- 
Limit: r < 6.51589 @ 95% CL
Done in 0.00 min (cpu), 0.00 min (real)
Generate toy 169/500
  1) RooRealVar:: n_obs_bina01 = 2144

 -- Profile Likelihood -- 
Limit: r < 3.15035 @ 95% CL
Done in 0.00 min (cpu), 0.00 min (real)
Generate toy 170/500
  1) RooRealVar:: n_obs_bina01 = 2196

 -- Profile Likelihood -- 
Limit: r < 3.65657 @ 95% CL
Done in 0.00 min (cpu), 0.00 min (real)
Generate toy 171/500
  1) RooRealVar:: n_obs_bina01 = 2282

 -- Profile Likelihood -- 
Limit: r < 4.49591 @ 95% CL
Done in 0.00 min (cpu), 0.00 min (real)
Generate toy 172/500
  1) RooRealVar:: n_obs_bina01 = 1729

 -- Profile Likelihood -- 
Limit: r < 0.926786 @ 95% CL
Done in 0.00 min (cpu), 0.00 min (real)
Generate toy 173/500
  1) RooRealVar:: n_obs_bina01 = 2395

 -- Profile Likelihood -- 
Limit: r < 5.59863 @ 95% CL
Done in 0.00 min (cpu), 0.00 min (real)
Generate toy 174/500
  1) RooRealVar:: n_obs_bina01 = 2089

 -- Profile Likelihood -- 
Limit: r < 2.66241 @ 95% CL
Done in 0.00 min (cpu), 0.00 min (real)
Generate toy 175/500
  1) RooRealVar:: n_obs_bina01 = 1959

 -- Profile Likelihood -- 
Limit: r < 1.78151 @ 95% CL
Done in 0.00 min (cpu), 0.00 min (real)
Generate toy 176/500
  1) RooRealVar:: n_obs_bina01 = 2181

 -- Profile Likelihood -- 
Limit: r < 3.51024 @ 95% CL
Done in 0.00 min (cpu), 0.00 min (real)
Generate toy 177/500
  1) RooRealVar:: n_obs_bina01 = 2207

 -- Profile Likelihood -- 
Limit: r < 3.76427 @ 95% CL
Done in 0.00 min (cpu), 0.00 min (real)
Generate toy 178/500
  1) RooRealVar:: n_obs_bina01 = 2162

 -- Profile Likelihood -- 
Limit: r < 3.32473 @ 95% CL
Done in 0.00 min (cpu), 0.00 min (real)
Generate toy 179/500
  1) RooRealVar:: n_obs_bina01 = 2379

 -- Profile Likelihood -- 
Limit: r < 5.4425 @ 95% CL
Done in 0.00 min (cpu), 0.00 min (real)
Generate toy 180/500
  1) RooRealVar:: n_obs_bina01 = 1865

 -- Profile Likelihood -- 
Limit: r < 1.34814 @ 95% CL
Done in 0.00 min (cpu), 0.00 min (real)
Generate toy 181/500
  1) RooRealVar:: n_obs_bina01 = 2079

 -- Profile Likelihood -- 
Limit: r < 2.58115 @ 95% CL
Done in 0.00 min (cpu), 0.00 min (real)
Generate toy 182/500
  1) RooRealVar:: n_obs_bina01 = 1948

 -- Profile Likelihood -- 
Limit: r < 1.72305 @ 95% CL
Done in 0.00 min (cpu), 0.00 min (real)
Generate toy 183/500
  1) RooRealVar:: n_obs_bina01 = 2143

 -- Profile Likelihood -- 
Limit: r < 3.14085 @ 95% CL
Done in 0.00 min (cpu), 0.00 min (real)
Generate toy 184/500
  1) RooRealVar:: n_obs_bina01 = 2095

 -- Profile Likelihood -- 
Limit: r < 2.7119 @ 95% CL
Done in 0.00 min (cpu), 0.00 min (real)
Generate toy 185/500
  1) RooRealVar:: n_obs_bina01 = 2347

 -- Profile Likelihood -- 
Limit: r < 5.13025 @ 95% CL
Done in 0.00 min (cpu), 0.00 min (real)
Generate toy 186/500
  1) RooRealVar:: n_obs_bina01 = 2113

 -- Profile Likelihood -- 
Limit: r < 2.86645 @ 95% CL
Done in 0.00 min (cpu), 0.00 min (real)
Generate toy 187/500
  1) RooRealVar:: n_obs_bina01 = 2076

 -- Profile Likelihood -- 
Limit: r < 2.55724 @ 95% CL
Done in 0.00 min (cpu), 0.00 min (real)
Generate toy 188/500
  1) RooRealVar:: n_obs_bina01 = 1981

 -- Profile Likelihood -- 
Limit: r < 1.90534 @ 95% CL
Done in 0.00 min (cpu), 0.00 min (real)
Generate toy 189/500
  1) RooRealVar:: n_obs_bina01 = 2552

 -- Profile Likelihood -- 
Limit: r < 7.13068 @ 95% CL
Done in 0.00 min (cpu), 0.00 min (real)
Generate toy 190/500
  1) RooRealVar:: n_obs_bina01 = 2195

 -- Profile Likelihood -- 
Limit: r < 3.64681 @ 95% CL
Done in 0.00 min (cpu), 0.00 min (real)
Generate toy 191/500
  1) RooRealVar:: n_obs_bina01 = 2217

 -- Profile Likelihood -- 
Limit: r < 3.86168 @ 95% CL
Done in 0.00 min (cpu), 0.00 min (real)
Generate toy 192/500
  1) RooRealVar:: n_obs_bina01 = 2470

 -- Profile Likelihood -- 
Limit: r < 6.33049 @ 95% CL
Done in 0.00 min (cpu), 0.00 min (real)
Generate toy 193/500
  1) RooRealVar:: n_obs_bina01 = 2089

 -- Profile Likelihood -- 
Limit: r < 2.66241 @ 95% CL
Done in 0.00 min (cpu), 0.00 min (real)
Generate toy 194/500
  1) RooRealVar:: n_obs_bina01 = 2386

 -- Profile Likelihood -- 
Limit: r < 5.51081 @ 95% CL
Done in 0.00 min (cpu), 0.00 min (real)
Generate toy 195/500
  1) RooRealVar:: n_obs_bina01 = 2064

 -- Profile Likelihood -- 
Limit: r < 2.4637 @ 95% CL
Done in 0.00 min (cpu), 0.00 min (real)
Generate toy 196/500
  1) RooRealVar:: n_obs_bina01 = 2148

 -- Profile Likelihood -- 
Limit: r < 3.1886 @ 95% CL
Done in 0.00 min (cpu), 0.00 min (real)
Generate toy 197/500
  1) RooRealVar:: n_obs_bina01 = 2174

 -- Profile Likelihood -- 
Limit: r < 3.44184 @ 95% CL
Done in 0.00 min (cpu), 0.00 min (real)
Generate toy 198/500
  1) RooRealVar:: n_obs_bina01 = 2459

 -- Profile Likelihood -- 
Limit: r < 6.22315 @ 95% CL
Done in 0.00 min (cpu), 0.00 min (real)
Generate toy 199/500
  1) RooRealVar:: n_obs_bina01 = 2333

 -- Profile Likelihood -- 
Limit: r < 4.99364 @ 95% CL
Done in 0.00 min (cpu), 0.00 min (real)
Generate toy 200/500
  1) RooRealVar:: n_obs_bina01 = 2382

 -- Profile Likelihood -- 
Limit: r < 5.47178 @ 95% CL
Done in 0.00 min (cpu), 0.00 min (real)
Generate toy 201/500
  1) RooRealVar:: n_obs_bina01 = 2058

 -- Profile Likelihood -- 
Limit: r < 2.4182 @ 95% CL
Done in 0.00 min (cpu), 0.00 min (real)
Generate toy 202/500
  1) RooRealVar:: n_obs_bina01 = 2563

 -- Profile Likelihood -- 
Limit: r < 7.23802 @ 95% CL
Done in 0.00 min (cpu), 0.00 min (real)
Generate toy 203/500
  1) RooRealVar:: n_obs_bina01 = 2047

 -- Profile Likelihood -- 
Limit: r < 2.33692 @ 95% CL
Done in 0.00 min (cpu), 0.00 min (real)
Generate toy 204/500
  1) RooRealVar:: n_obs_bina01 = 2190

 -- Profile Likelihood -- 
Limit: r < 3.59801 @ 95% CL
Done in 0.00 min (cpu), 0.00 min (real)
Generate toy 205/500
  1) RooRealVar:: n_obs_bina01 = 1916

 -- Profile Likelihood -- 
Limit: r < 1.56529 @ 95% CL
Done in 0.00 min (cpu), 0.00 min (real)
Generate toy 206/500
  1) RooRealVar:: n_obs_bina01 = 1798

 -- Profile Likelihood -- 
Limit: r < 1.11596 @ 95% CL
Done in 0.00 min (cpu), 0.00 min (real)
Generate toy 207/500
  1) RooRealVar:: n_obs_bina01 = 1969

 -- Profile Likelihood -- 
Limit: r < 1.83663 @ 95% CL
Done in 0.00 min (cpu), 0.00 min (real)
Generate toy 208/500
  1) RooRealVar:: n_obs_bina01 = 2595

 -- Profile Likelihood -- 
Limit: r < 7.5503 @ 95% CL
Done in 0.00 min (cpu), 0.00 min (real)
Generate toy 209/500
  1) RooRealVar:: n_obs_bina01 = 2283

 -- Profile Likelihood -- 
Limit: r < 4.50567 @ 95% CL
Done in 0.00 min (cpu), 0.00 min (real)
Generate toy 210/500
  1) RooRealVar:: n_obs_bina01 = 2597

 -- Profile Likelihood -- 
Limit: r < 7.56982 @ 95% CL
Done in 0.00 min (cpu), 0.00 min (real)
Generate toy 211/500
  1) RooRealVar:: n_obs_bina01 = 2472

 -- Profile Likelihood -- 
Limit: r < 6.35 @ 95% CL
Done in 0.00 min (cpu), 0.00 min (real)
Generate toy 212/500
  1) RooRealVar:: n_obs_bina01 = 2386

 -- Profile Likelihood -- 
Limit: r < 5.51081 @ 95% CL
Done in 0.00 min (cpu), 0.00 min (real)
Generate toy 213/500
  1) RooRealVar:: n_obs_bina01 = 2351

 -- Profile Likelihood -- 
Limit: r < 5.16928 @ 95% CL
Done in 0.00 min (cpu), 0.00 min (real)
Generate toy 214/500
  1) RooRealVar:: n_obs_bina01 = 2188

 -- Profile Likelihood -- 
Limit: r < 3.5785 @ 95% CL
Done in 0.00 min (cpu), 0.00 min (real)
Generate toy 215/500
  1) RooRealVar:: n_obs_bina01 = 2235

 -- Profile Likelihood -- 
Limit: r < 4.0372 @ 95% CL
Done in 0.00 min (cpu), 0.00 min (real)
Generate toy 216/500
  1) RooRealVar:: n_obs_bina01 = 1669

 -- Profile Likelihood -- 
Limit: r < 0.793911 @ 95% CL
Done in 0.00 min (cpu), 0.00 min (real)
Generate toy 217/500
  1) RooRealVar:: n_obs_bina01 = 2068

 -- Profile Likelihood -- 
Limit: r < 2.49451 @ 95% CL
Done in 0.00 min (cpu), 0.00 min (real)
Generate toy 218/500
  1) RooRealVar:: n_obs_bina01 = 1999

 -- Profile Likelihood -- 
Limit: r < 2.01382 @ 95% CL
Done in 0.00 min (cpu), 0.00 min (real)
Generate toy 219/500
  1) RooRealVar:: n_obs_bina01 = 1886

 -- Profile Likelihood -- 
Limit: r < 1.43296 @ 95% CL
Done in 0.00 min (cpu), 0.00 min (real)
Generate toy 220/500
  1) RooRealVar:: n_obs_bina01 = 2208

 -- Profile Likelihood -- 
Limit: r < 3.774 @ 95% CL
Done in 0.00 min (cpu), 0.00 min (real)
Generate toy 221/500
  1) RooRealVar:: n_obs_bina01 = 2076

 -- Profile Likelihood -- 
Limit: r < 2.55724 @ 95% CL
Done in 0.00 min (cpu), 0.00 min (real)
Generate toy 222/500
  1) RooRealVar:: n_obs_bina01 = 2036

 -- Profile Likelihood -- 
Limit: r < 2.25833 @ 95% CL
Done in 0.00 min (cpu), 0.00 min (real)
Generate toy 223/500
  1) RooRealVar:: n_obs_bina01 = 2068

 -- Profile Likelihood -- 
Limit: r < 2.49451 @ 95% CL
Done in 0.00 min (cpu), 0.00 min (real)
Generate toy 224/500
  1) RooRealVar:: n_obs_bina01 = 2065

 -- Profile Likelihood -- 
Limit: r < 2.47137 @ 95% CL
Done in 0.00 min (cpu), 0.00 min (real)
Generate toy 225/500
  1) RooRealVar:: n_obs_bina01 = 1790

 -- Profile Likelihood -- 
Limit: r < 1.09169 @ 95% CL
Done in 0.00 min (cpu), 0.00 min (real)
Generate toy 226/500
  1) RooRealVar:: n_obs_bina01 = 2029

 -- Profile Likelihood -- 
Limit: r < 2.20978 @ 95% CL
Done in 0.00 min (cpu), 0.00 min (real)
Generate toy 227/500
  1) RooRealVar:: n_obs_bina01 = 2063

 -- Profile Likelihood -- 
Limit: r < 2.45606 @ 95% CL
Done in 0.00 min (cpu), 0.00 min (real)
Generate toy 228/500
  1) RooRealVar:: n_obs_bina01 = 1807

 -- Profile Likelihood -- 
Limit: r < 1.14408 @ 95% CL
Done in 0.00 min (cpu), 0.00 min (real)
Generate toy 229/500
  1) RooRealVar:: n_obs_bina01 = 2436

 -- Profile Likelihood -- 
Limit: r < 5.99871 @ 95% CL
Done in 0.00 min (cpu), 0.00 min (real)
Generate toy 230/500
  1) RooRealVar:: n_obs_bina01 = 1849

 -- Profile Likelihood -- 
Limit: r < 1.28763 @ 95% CL
Done in 0.00 min (cpu), 0.00 min (real)
Generate toy 231/500
  1) RooRealVar:: n_obs_bina01 = 1749

 -- Profile Likelihood -- 
Limit: r < 0.977179 @ 95% CL
Done in 0.00 min (cpu), 0.00 min (real)
Generate toy 232/500
  1) RooRealVar:: n_obs_bina01 = 2332

 -- Profile Likelihood -- 
Limit: r < 4.98388 @ 95% CL
Done in 0.00 min (cpu), 0.00 min (real)
Generate toy 233/500
  1) RooRealVar:: n_obs_bina01 = 1726

 -- Profile Likelihood -- 
Limit: r < 0.91951 @ 95% CL
Done in 0.00 min (cpu), 0.00 min (real)
Generate toy 234/500
  1) RooRealVar:: n_obs_bina01 = 2061

 -- Profile Likelihood -- 
Limit: r < 2.44084 @ 95% CL
Done in 0.00 min (cpu), 0.00 min (real)
Generate toy 235/500
  1) RooRealVar:: n_obs_bina01 = 2127

 -- Profile Likelihood -- 
Limit: r < 2.99214 @ 95% CL
Done in 0.00 min (cpu), 0.00 min (real)
Generate toy 236/500
  1) RooRealVar:: n_obs_bina01 = 2219

 -- Profile Likelihood -- 
Limit: r < 3.88118 @ 95% CL
Done in 0.00 min (cpu), 0.00 min (real)
Generate toy 237/500
  1) RooRealVar:: n_obs_bina01 = 2195

 -- Profile Likelihood -- 
Limit: r < 3.64681 @ 95% CL
Done in 0.00 min (cpu), 0.00 min (real)
Generate toy 238/500
  1) RooRealVar:: n_obs_bina01 = 2173

 -- Profile Likelihood -- 
Limit: r < 3.43208 @ 95% CL
Done in 0.00 min (cpu), 0.00 min (real)
Generate toy 239/500
  1) RooRealVar:: n_obs_bina01 = 2579

 -- Profile Likelihood -- 
Limit: r < 7.39416 @ 95% CL
Done in 0.00 min (cpu), 0.00 min (real)
Generate toy 240/500
  1) RooRealVar:: n_obs_bina01 = 2022

 -- Profile Likelihood -- 
Limit: r < 2.16232 @ 95% CL
Done in 0.00 min (cpu), 0.00 min (real)
Generate toy 241/500
  1) RooRealVar:: n_obs_bina01 = 2072

 -- Profile Likelihood -- 
Limit: r < 2.52568 @ 95% CL
Done in 0.00 min (cpu), 0.00 min (real)
Generate toy 242/500
  1) RooRealVar:: n_obs_bina01 = 1908

 -- Profile Likelihood -- 
Limit: r < 1.52855 @ 95% CL
Done in 0.00 min (cpu), 0.00 min (real)
Generate toy 243/500
  1) RooRealVar:: n_obs_bina01 = 2372

 -- Profile Likelihood -- 
Limit: r < 5.3742 @ 95% CL
Done in 0.00 min (cpu), 0.00 min (real)
Generate toy 244/500
  1) RooRealVar:: n_obs_bina01 = 2381

 -- Profile Likelihood -- 
Limit: r < 5.46202 @ 95% CL
Done in 0.00 min (cpu), 0.00 min (real)
Generate toy 245/500
  1) RooRealVar:: n_obs_bina01 = 2212

 -- Profile Likelihood -- 
Limit: r < 3.81295 @ 95% CL
Done in 0.00 min (cpu), 0.00 min (real)
Generate toy 246/500
  1) RooRealVar:: n_obs_bina01 = 2069

 -- Profile Likelihood -- 
Limit: r < 2.50226 @ 95% CL
Done in 0.00 min (cpu), 0.00 min (real)
Generate toy 247/500
  1) RooRealVar:: n_obs_bina01 = 2057

 -- Profile Likelihood -- 
Limit: r < 2.41069 @ 95% CL
Done in 0.00 min (cpu), 0.00 min (real)
Generate toy 248/500
  1) RooRealVar:: n_obs_bina01 = 2269

 -- Profile Likelihood -- 
Limit: r < 4.36898 @ 95% CL
Done in 0.00 min (cpu), 0.00 min (real)
Generate toy 249/500
  1) RooRealVar:: n_obs_bina01 = 1992

 -- Profile Likelihood -- 
Limit: r < 1.97084 @ 95% CL
Done in 0.00 min (cpu), 0.00 min (real)
Generate toy 250/500
  1) RooRealVar:: n_obs_bina01 = 2148

 -- Profile Likelihood -- 
Limit: r < 3.1886 @ 95% CL
Done in 0.00 min (cpu), 0.00 min (real)
Generate toy 251/500
  1) RooRealVar:: n_obs_bina01 = 2592

 -- Profile Likelihood -- 
Limit: r < 7.52103 @ 95% CL
Done in 0.00 min (cpu), 0.00 min (real)
Generate toy 252/500
  1) RooRealVar:: n_obs_bina01 = 2046

 -- Profile Likelihood -- 
Limit: r < 2.32967 @ 95% CL
Done in 0.00 min (cpu), 0.00 min (real)
Generate toy 253/500
  1) RooRealVar:: n_obs_bina01 = 2204

 -- Profile Likelihood -- 
Limit: r < 3.73464 @ 95% CL
Done in 0.00 min (cpu), 0.00 min (real)
Generate toy 254/500
  1) RooRealVar:: n_obs_bina01 = 2155
Done in 0.00 min (cpu), 0.00 min (real)
Generate toy 255/500
  1) RooRealVar:: n_obs_bina01 = 2179

 -- Profile Likelihood -- 
Limit: r < 3.49077 @ 95% CL
Done in 0.00 min (cpu), 0.00 min (real)
Generate toy 256/500
  1) RooRealVar:: n_obs_bina01 = 2201

 -- Profile Likelihood -- 
Limit: r < 3.70536 @ 95% CL
Done in 0.00 min (cpu), 0.00 min (real)
Generate toy 257/500
  1) RooRealVar:: n_obs_bina01 = 2041

 -- Profile Likelihood -- 
Limit: r < 2.29376 @ 95% CL
Done in 0.00 min (cpu), 0.00 min (real)
Generate toy 258/500
  1) RooRealVar:: n_obs_bina01 = 2031

 -- Profile Likelihood -- 
Limit: r < 2.22354 @ 95% CL
Done in 0.00 min (cpu), 0.00 min (real)
Generate toy 259/500
  1) RooRealVar:: n_obs_bina01 = 2073

 -- Profile Likelihood -- 
Limit: r < 2.53354 @ 95% CL
Done in 0.00 min (cpu), 0.00 min (real)
Generate toy 260/500
  1) RooRealVar:: n_obs_bina01 = 2062

 -- Profile Likelihood -- 
Limit: r < 2.44844 @ 95% CL
Done in 0.00 min (cpu), 0.00 min (real)
Generate toy 261/500
  1) RooRealVar:: n_obs_bina01 = 2137

 -- Profile Likelihood -- 
Limit: r < 3.08429 @ 95% CL
Done in 0.00 min (cpu), 0.00 min (real)
Generate toy 262/500
  1) RooRealVar:: n_obs_bina01 = 2552

 -- Profile Likelihood -- 
Limit: r < 7.13068 @ 95% CL
Done in 0.00 min (cpu), 0.00 min (real)
Generate toy 263/500
  1) RooRealVar:: n_obs_bina01 = 2331

 -- Profile Likelihood -- 
Limit: r < 4.97412 @ 95% CL
Done in 0.00 min (cpu), 0.00 min (real)
Generate toy 264/500
  1) RooRealVar:: n_obs_bina01 = 2172

 -- Profile Likelihood -- 
Limit: r < 3.42232 @ 95% CL
Done in 0.00 min (cpu), 0.00 min (real)
Generate toy 265/500
  1) RooRealVar:: n_obs_bina01 = 1975

 -- Profile Likelihood -- 
Limit: r < 1.87063 @ 95% CL
Done in 0.00 min (cpu), 0.00 min (real)
Generate toy 266/500
  1) RooRealVar:: n_obs_bina01 = 2404

 -- Profile Likelihood -- 
Limit: r < 5.68645 @ 95% CL
Done in 0.00 min (cpu), 0.00 min (real)
Generate toy 267/500
  1) RooRealVar:: n_obs_bina01 = 1901

 -- Profile Likelihood -- 
Limit: r < 1.49726 @ 95% CL
Done in 0.00 min (cpu), 0.00 min (real)
Generate toy 268/500
  1) RooRealVar:: n_obs_bina01 = 2012

 -- Profile Likelihood -- 
Limit: r < 2.09637 @ 95% CL
Done in 0.00 min (cpu), 0.00 min (real)
Generate toy 269/500
  1) RooRealVar:: n_obs_bina01 = 2293

 -- Profile Likelihood -- 
Limit: r < 4.60394 @ 95% CL
Done in 0.00 min (cpu), 0.00 min (real)
Generate toy 270/500
  1) RooRealVar:: n_obs_bina01 = 2016

 -- Profile Likelihood -- 
Limit: r < 2.12249 @ 95% CL
Done in 0.00 min (cpu), 0.00 min (real)
Generate toy 271/500
  1) RooRealVar:: n_obs_bina01 = 2089

 -- Profile Likelihood -- 
Limit: r < 2.66241 @ 95% CL
Done in 0.00 min (cpu), 0.00 min (real)
Generate toy 272/500
  1) RooRealVar:: n_obs_bina01 = 2131

 -- Profile Likelihood -- 
Limit: r < 3.02857 @ 95% CL
Done in 0.00 min (cpu), 0.00 min (real)
Generate toy 273/500
  1) RooRealVar:: n_obs_bina01 = 2316

 -- Profile Likelihood -- 
Limit: r < 4.82775 @ 95% CL
Done in 0.00 min (cpu), 0.00 min (real)
Generate toy 274/500
  1) RooRealVar:: n_obs_bina01 = 2334

 -- Profile Likelihood -- 
Limit: r < 5.0034 @ 95% CL
Done in 0.00 min (cpu), 0.00 min (real)
Generate toy 275/500
  1) RooRealVar:: n_obs_bina01 = 2105

 -- Profile Likelihood -- 
Limit: r < 2.79681 @ 95% CL
Done in 0.00 min (cpu), 0.00 min (real)
Generate toy 276/500
  1) RooRealVar:: n_obs_bina01 = 2011

 -- Profile Likelihood -- 
Limit: r < 2.08989 @ 95% CL
Done in 0.00 min (cpu), 0.00 min (real)
Generate toy 277/500
  1) RooRealVar:: n_obs_bina01 = 1885

 -- Profile Likelihood -- 
Limit: r < 1.42878 @ 95% CL
Done in 0.00 min (cpu), 0.00 min (real)
Generate toy 278/500
  1) RooRealVar:: n_obs_bina01 = 1714

 -- Profile Likelihood -- 
Limit: r < 0.891113 @ 95% CL
Done in 0.00 min (cpu), 0.00 min (real)
Generate toy 279/500
  1) RooRealVar:: n_obs_bina01 = 2130

 -- Profile Likelihood -- 
Limit: r < 3.01936 @ 95% CL
Done in 0.00 min (cpu), 0.00 min (real)
Generate toy 280/500
  1) RooRealVar:: n_obs_bina01 = 2288

 -- Profile Likelihood -- 
Limit: r < 4.55448 @ 95% CL
Done in 0.00 min (cpu), 0.00 min (real)
Generate toy 281/500
  1) RooRealVar:: n_obs_bina01 = 2313

 -- Profile Likelihood -- 
Limit: r < 4.79847 @ 95% CL
Done in 0.00 min (cpu), 0.00 min (real)
Generate toy 282/500
  1) RooRealVar:: n_obs_bina01 = 2458

 -- Profile Likelihood -- 
Limit: r < 6.21339 @ 95% CL
Done in 0.00 min (cpu), 0.00 min (real)
Generate toy 283/500
  1) RooRealVar:: n_obs_bina01 = 1982

 -- Profile Likelihood -- 
Limit: r < 1.91119 @ 95% CL
Done in 0.00 min (cpu), 0.00 min (real)
Generate toy 284/500
  1) RooRealVar:: n_obs_bina01 = 2204

 -- Profile Likelihood -- 
Limit: r < 3.73464 @ 95% CL
Done in 0.00 min (cpu), 0.00 min (real)
Generate toy 285/500
  1) RooRealVar:: n_obs_bina01 = 2078

 -- Profile Likelihood -- 
Limit: r < 2.57315 @ 95% CL
Done in 0.00 min (cpu), 0.00 min (real)
Generate toy 286/500
  1) RooRealVar:: n_obs_bina01 = 2515

 -- Profile Likelihood -- 
Limit: r < 6.76961 @ 95% CL
Done in 0.00 min (cpu), 0.00 min (real)
Generate toy 287/500
  1) RooRealVar:: n_obs_bina01 = 2316

 -- Profile Likelihood -- 
Limit: r < 4.82775 @ 95% CL
Done in 0.00 min (cpu), 0.00 min (real)
Generate toy 288/500
  1) RooRealVar:: n_obs_bina01 = 2165

 -- Profile Likelihood -- 
Limit: r < 3.354 @ 95% CL
Done in 0.00 min (cpu), 0.00 min (real)
Generate toy 289/500
  1) RooRealVar:: n_obs_bina01 = 2352

 -- Profile Likelihood -- 
Limit: r < 5.17904 @ 95% CL
Done in 0.00 min (cpu), 0.00 min (real)
Generate toy 290/500
  1) RooRealVar:: n_obs_bina01 = 1953

 -- Profile Likelihood -- 
Limit: r < 1.74935 @ 95% CL
Done in 0.00 min (cpu), 0.00 min (real)
Generate toy 291/500
  1) RooRealVar:: n_obs_bina01 = 2125

 -- Profile Likelihood -- 
Limit: r < 2.97385 @ 95% CL
Done in 0.00 min (cpu), 0.00 min (real)
Generate toy 292/500
  1) RooRealVar:: n_obs_bina01 = 2019

 -- Profile Likelihood -- 
Limit: r < 2.1423 @ 95% CL
Done in 0.00 min (cpu), 0.00 min (real)
Generate toy 293/500
  1) RooRealVar:: n_obs_bina01 = 2325

 -- Profile Likelihood -- 
Limit: r < 4.91557 @ 95% CL
Done in 0.00 min (cpu), 0.00 min (real)
Generate toy 294/500
  1) RooRealVar:: n_obs_bina01 = 2161

 -- Profile Likelihood -- 
Limit: r < 3.31497 @ 95% CL
Done in 0.00 min (cpu), 0.00 min (real)
Generate toy 295/500
  1) RooRealVar:: n_obs_bina01 = 2125

 -- Profile Likelihood -- 
Limit: r < 2.97385 @ 95% CL
Done in 0.00 min (cpu), 0.00 min (real)
Generate toy 296/500
  1) RooRealVar:: n_obs_bina01 = 2493

 -- Profile Likelihood -- 
Limit: r < 6.55493 @ 95% CL
Done in 0.00 min (cpu), 0.00 min (real)
Generate toy 297/500
  1) RooRealVar:: n_obs_bina01 = 2378

 -- Profile Likelihood -- 
Limit: r < 5.43275 @ 95% CL
Done in 0.00 min (cpu), 0.00 min (real)
Generate toy 298/500
  1) RooRealVar:: n_obs_bina01 = 1885

 -- Profile Likelihood -- 
Limit: r < 1.42878 @ 95% CL
Done in 0.00 min (cpu), 0.00 min (real)
Generate toy 299/500
  1) RooRealVar:: n_obs_bina01 = 2413

 -- Profile Likelihood -- 
Limit: r < 5.77427 @ 95% CL
Done in 0.00 min (cpu), 0.00 min (real)
Generate toy 300/500
  1) RooRealVar:: n_obs_bina01 = 2042

 -- Profile Likelihood -- 
Limit: r < 2.30089 @ 95% CL
Done in 0.00 min (cpu), 0.00 min (real)
Generate toy 301/500
  1) RooRealVar:: n_obs_bina01 = 2311

 -- Profile Likelihood -- 
Limit: r < 4.77895 @ 95% CL
Done in 0.00 min (cpu), 0.00 min (real)
Generate toy 302/500
  1) RooRealVar:: n_obs_bina01 = 2002

 -- Profile Likelihood -- 
Limit: r < 2.03256 @ 95% CL
Done in 0.00 min (cpu), 0.00 min (real)
Generate toy 303/500
  1) RooRealVar:: n_obs_bina01 = 2282

 -- Profile Likelihood -- 
Limit: r < 4.49591 @ 95% CL
Done in 0.00 min (cpu), 0.00 min (real)
Generate toy 304/500
  1) RooRealVar:: n_obs_bina01 = 2185

 -- Profile Likelihood -- 
Limit: r < 3.54923 @ 95% CL
Done in 0.00 min (cpu), 0.00 min (real)
Generate toy 305/500
  1) RooRealVar:: n_obs_bina01 = 2206

 -- Profile Likelihood -- 
Limit: r < 3.75454 @ 95% CL
Done in 0.00 min (cpu), 0.00 min (real)
Generate toy 306/500
  1) RooRealVar:: n_obs_bina01 = 2127

 -- Profile Likelihood -- 
Limit: r < 2.99214 @ 95% CL
Done in 0.00 min (cpu), 0.00 min (real)
Generate toy 307/500
  1) RooRealVar:: n_obs_bina01 = 2095

 -- Profile Likelihood -- 
Limit: r < 2.7119 @ 95% CL
Done in 0.00 min (cpu), 0.00 min (real)
Generate toy 308/500
  1) RooRealVar:: n_obs_bina01 = 2087

 -- Profile Likelihood -- 
Limit: r < 2.64597 @ 95% CL
Done in 0.00 min (cpu), 0.00 min (real)
Generate toy 309/500
  1) RooRealVar:: n_obs_bina01 = 2140

 -- Profile Likelihood -- 
Limit: r < 3.11247 @ 95% CL
Done in 0.00 min (cpu), 0.00 min (real)
Generate toy 310/500
  1) RooRealVar:: n_obs_bina01 = 2331

 -- Profile Likelihood -- 
Limit: r < 4.97412 @ 95% CL
Done in 0.00 min (cpu), 0.00 min (real)
Generate toy 311/500
  1) RooRealVar:: n_obs_bina01 = 2254

 -- Profile Likelihood -- 
Limit: r < 4.22245 @ 95% CL
Done in 0.00 min (cpu), 0.00 min (real)
Generate toy 312/500
  1) RooRealVar:: n_obs_bina01 = 2140

 -- Profile Likelihood -- 
Limit: r < 3.11247 @ 95% CL
Done in 0.00 min (cpu), 0.00 min (real)
Generate toy 313/500
  1) RooRealVar:: n_obs_bina01 = 2023

 -- Profile Likelihood -- 
Limit: r < 2.16903 @ 95% CL
Done in 0.00 min (cpu), 0.00 min (real)
Generate toy 314/500
  1) RooRealVar:: n_obs_bina01 = 1988

 -- Profile Likelihood -- 
Limit: r < 1.94674 @ 95% CL
Done in 0.00 min (cpu), 0.00 min (real)
Generate toy 315/500
  1) RooRealVar:: n_obs_bina01 = 1984

 -- Profile Likelihood -- 
Limit: r < 1.92296 @ 95% CL
Done in 0.00 min (cpu), 0.00 min (real)
Generate toy 316/500
  1) RooRealVar:: n_obs_bina01 = 2471

 -- Profile Likelihood -- 
Limit: r < 6.34024 @ 95% CL
Done in 0.00 min (cpu), 0.00 min (real)
Generate toy 317/500
  1) RooRealVar:: n_obs_bina01 = 2661

 -- Profile Likelihood -- 
Limit: r < 8.19438 @ 95% CL
Done in 0.00 min (cpu), 0.00 min (real)
Generate toy 318/500
  1) RooRealVar:: n_obs_bina01 = 2216

 -- Profile Likelihood -- 
Limit: r < 3.85194 @ 95% CL
Done in 0.00 min (cpu), 0.00 min (real)
Generate toy 319/500
  1) RooRealVar:: n_obs_bina01 = 1784

 -- Profile Likelihood -- 
Limit: r < 1.07392 @ 95% CL
Done in 0.00 min (cpu), 0.00 min (real)
Generate toy 320/500
  1) RooRealVar:: n_obs_bina01 = 1909

 -- Profile Likelihood -- 
Limit: r < 1.53309 @ 95% CL
Done in 0.00 min (cpu), 0.00 min (real)
Generate toy 321/500
  1) RooRealVar:: n_obs_bina01 = 1945

 -- Profile Likelihood -- 
Limit: r < 1.7075 @ 95% CL
Done in 0.00 min (cpu), 0.00 min (real)
Generate toy 322/500
  1) RooRealVar:: n_obs_bina01 = 2313

 -- Profile Likelihood -- 
Limit: r < 4.79847 @ 95% CL
Done in 0.00 min (cpu), 0.00 min (real)
Generate toy 323/500
  1) RooRealVar:: n_obs_bina01 = 1963

 -- Profile Likelihood -- 
Limit: r < 1.80333 @ 95% CL
Done in 0.00 min (cpu), 0.00 min (real)
Generate toy 324/500
  1) RooRealVar:: n_obs_bina01 = 2109

 -- Profile Likelihood -- 
Limit: r < 2.83144 @ 95% CL
Done in 0.00 min (cpu), 0.00 min (real)
Generate toy 325/500
  1) RooRealVar:: n_obs_bina01 = 2450

 -- Profile Likelihood -- 
Limit: r < 6.13532 @ 95% CL
Done in 0.00 min (cpu), 0.00 min (real)
Generate toy 326/500
  1) RooRealVar:: n_obs_bina01 = 1831

 -- Profile Likelihood -- 
Limit: r < 1.22352 @ 95% CL
Done in 0.00 min (cpu), 0.00 min (real)
Generate toy 327/500
  1) RooRealVar:: n_obs_bina01 = 2371

 -- Profile Likelihood -- 
Limit: r < 5.36444 @ 95% CL
Done in 0.00 min (cpu), 0.00 min (real)
Generate toy 328/500
  1) RooRealVar:: n_obs_bina01 = 2384

 -- Profile Likelihood -- 
Limit: r < 5.49129 @ 95% CL
Done in 0.00 min (cpu), 0.00 min (real)
Generate toy 329/500
  1) RooRealVar:: n_obs_bina01 = 2427

 -- Profile Likelihood -- 
Limit: r < 5.91089 @ 95% CL
Done in 0.00 min (cpu), 0.00 min (real)
Generate toy 330/500
  1) RooRealVar:: n_obs_bina01 = 1871

 -- Profile Likelihood -- 
Limit: r < 1.37174 @ 95% CL
Done in 0.00 min (cpu), 0.00 min (real)
Generate toy 331/500
  1) RooRealVar:: n_obs_bina01 = 2150

 -- Profile Likelihood -- 
Limit: r < 3.20786 @ 95% CL
Done in 0.00 min (cpu), 0.00 min (real)
Generate toy 332/500
  1) RooRealVar:: n_obs_bina01 = 2320

 -- Profile Likelihood -- 
Limit: r < 4.86678 @ 95% CL
Done in 0.00 min (cpu), 0.00 min (real)
Generate toy 333/500
  1) RooRealVar:: n_obs_bina01 = 2239

 -- Profile Likelihood -- 
Limit: r < 4.07624 @ 95% CL
Done in 0.00 min (cpu), 0.00 min (real)
Generate toy 334/500
  1) RooRealVar:: n_obs_bina01 = 2039

 -- Profile Likelihood -- 
Limit: r < 2.27955 @ 95% CL
Done in 0.00 min (cpu), 0.00 min (real)
Generate toy 335/500
  1) RooRealVar:: n_obs_bina01 = 2006

 -- Profile Likelihood -- 
Limit: r < 2.05783 @ 95% CL
Done in 0.00 min (cpu), 0.00 min (real)
Generate toy 336/500
  1) RooRealVar:: n_obs_bina01 = 2174

 -- Profile Likelihood -- 
Limit: r < 3.44184 @ 95% CL
Done in 0.00 min (cpu), 0.00 min (real)
Generate toy 337/500
  1) RooRealVar:: n_obs_bina01 = 1928

 -- Profile Likelihood -- 
Limit: r < 1.62237 @ 95% CL
Done in 0.00 min (cpu), 0.00 min (real)
Generate toy 338/500
  1) RooRealVar:: n_obs_bina01 = 1994

 -- Profile Likelihood -- 
Limit: r < 1.98302 @ 95% CL
Done in 0.00 min (cpu), 0.00 min (real)
Generate toy 339/500
  1) RooRealVar:: n_obs_bina01 = 2314

 -- Profile Likelihood -- 
Limit: r < 4.80823 @ 95% CL
Done in 0.00 min (cpu), 0.00 min (real)
Generate toy 340/500
  1) RooRealVar:: n_obs_bina01 = 1953

 -- Profile Likelihood -- 
Limit: r < 1.74935 @ 95% CL
Done in 0.00 min (cpu), 0.00 min (real)
Generate toy 341/500
  1) RooRealVar:: n_obs_bina01 = 2075

 -- Profile Likelihood -- 
Limit: r < 2.54931 @ 95% CL
Done in 0.00 min (cpu), 0.00 min (real)
Generate toy 342/500
  1) RooRealVar:: n_obs_bina01 = 2021

 -- Profile Likelihood -- 
Limit: r < 2.15562 @ 95% CL
Done in 0.00 min (cpu), 0.00 min (real)
Generate toy 343/500
  1) RooRealVar:: n_obs_bina01 = 2239

 -- Profile Likelihood -- 
Limit: r < 4.07624 @ 95% CL
Done in 0.00 min (cpu), 0.00 min (real)
Generate toy 344/500
  1) RooRealVar:: n_obs_bina01 = 2235

 -- Profile Likelihood -- 
Limit: r < 4.0372 @ 95% CL
Done in 0.00 min (cpu), 0.00 min (real)
Generate toy 345/500
  1) RooRealVar:: n_obs_bina01 = 2104

 -- Profile Likelihood -- 
Limit: r < 2.78822 @ 95% CL
Done in 0.00 min (cpu), 0.00 min (real)
Generate toy 346/500
  1) RooRealVar:: n_obs_bina01 = 2210

 -- Profile Likelihood -- 
Limit: r < 3.79347 @ 95% CL
Done in 0.00 min (cpu), 0.00 min (real)
Generate toy 347/500
  1) RooRealVar:: n_obs_bina01 = 1819

 -- Profile Likelihood -- 
Limit: r < 1.18298 @ 95% CL
Done in 0.00 min (cpu), 0.00 min (real)
Generate toy 348/500
  1) RooRealVar:: n_obs_bina01 = 2463

 -- Profile Likelihood -- 
Limit: r < 6.26218 @ 95% CL
Done in 0.00 min (cpu), 0.00 min (real)
Generate toy 349/500
  1) RooRealVar:: n_obs_bina01 = 2283

 -- Profile Likelihood -- 
Limit: r < 4.50567 @ 95% CL
Done in 0.00 min (cpu), 0.00 min (real)
Generate toy 350/500
  1) RooRealVar:: n_obs_bina01 = 2805

 -- Profile Likelihood -- 
Limit: r < 9.59966 @ 95% CL
Done in 0.00 min (cpu), 0.00 min (real)
Generate toy 351/500
  1) RooRealVar:: n_obs_bina01 = 2043

 -- Profile Likelihood -- 
Limit: r < 2.30805 @ 95% CL
Done in 0.00 min (cpu), 0.00 min (real)
Generate toy 352/500
  1) RooRealVar:: n_obs_bina01 = 2469

 -- Profile Likelihood -- 
Limit: r < 6.32073 @ 95% CL
Done in 0.00 min (cpu), 0.00 min (real)
Generate toy 353/500
  1) RooRealVar:: n_obs_bina01 = 2010

 -- Profile Likelihood -- 
Limit: r < 2.08343 @ 95% CL
Done in 0.00 min (cpu), 0.00 min (real)
Generate toy 354/500
  1) RooRealVar:: n_obs_bina01 = 2437

 -- Profile Likelihood -- 
Limit: r < 6.00847 @ 95% CL
Done in 0.00 min (cpu), 0.00 min (real)
Generate toy 355/500
  1) RooRealVar:: n_obs_bina01 = 2041

 -- Profile Likelihood -- 
Limit: r < 2.29376 @ 95% CL
Done in 0.00 min (cpu), 0.00 min (real)
Generate toy 356/500
  1) RooRealVar:: n_obs_bina01 = 2024

 -- Profile Likelihood -- 
Limit: r < 2.17577 @ 95% CL
Done in 0.00 min (cpu), 0.00 min (real)
Generate toy 357/500
  1) RooRealVar:: n_obs_bina01 = 2008

 -- Profile Likelihood -- 
Limit: r < 2.07059 @ 95% CL
Done in 0.00 min (cpu), 0.00 min (real)
Generate toy 358/500
  1) RooRealVar:: n_obs_bina01 = 2289

 -- Profile Likelihood -- 
Limit: r < 4.56424 @ 95% CL
Done in 0.00 min (cpu), 0.00 min (real)
Generate toy 359/500
  1) RooRealVar:: n_obs_bina01 = 2168

 -- Profile Likelihood -- 
Limit: r < 3.38336 @ 95% CL
Done in 0.00 min (cpu), 0.00 min (real)
Generate toy 360/500
  1) RooRealVar:: n_obs_bina01 = 1840

 -- Profile Likelihood -- 
Limit: r < 1.25507 @ 95% CL
Done in 0.00 min (cpu), 0.00 min (real)
Generate toy 361/500
  1) RooRealVar:: n_obs_bina01 = 2203

 -- Profile Likelihood -- 
Limit: r < 3.72488 @ 95% CL
Done in 0.00 min (cpu), 0.00 min (real)
Generate toy 362/500
  1) RooRealVar:: n_obs_bina01 = 2140

 -- Profile Likelihood -- 
Limit: r < 3.11247 @ 95% CL
Done in 0.00 min (cpu), 0.00 min (real)
Generate toy 363/500
  1) RooRealVar:: n_obs_bina01 = 2433

 -- Profile Likelihood -- 
Limit: r < 5.96943 @ 95% CL
Done in 0.00 min (cpu), 0.00 min (real)
Generate toy 364/500
  1) RooRealVar:: n_obs_bina01 = 2072

 -- Profile Likelihood -- 
Limit: r < 2.52568 @ 95% CL
Done in 0.00 min (cpu), 0.00 min (real)
Generate toy 365/500
  1) RooRealVar:: n_obs_bina01 = 2015

 -- Profile Likelihood -- 
Limit: r < 2.11592 @ 95% CL
Done in 0.00 min (cpu), 0.00 min (real)
Generate toy 366/500
  1) RooRealVar:: n_obs_bina01 = 1908

 -- Profile Likelihood -- 
Limit: r < 1.52855 @ 95% CL
Done in 0.00 min (cpu), 0.00 min (real)
Generate toy 367/500
  1) RooRealVar:: n_obs_bina01 = 2040

 -- Profile Likelihood -- 
Limit: r < 2.28664 @ 95% CL
Done in 0.00 min (cpu), 0.00 min (real)
Generate toy 368/500
  1) RooRealVar:: n_obs_bina01 = 2006

 -- Profile Likelihood -- 
Limit: r < 2.05783 @ 95% CL
Done in 0.00 min (cpu), 0.00 min (real)
Generate toy 369/500
  1) RooRealVar:: n_obs_bina01 = 2068

 -- Profile Likelihood -- 
Limit: r < 2.49451 @ 95% CL
Done in 0.00 min (cpu), 0.00 min (real)
Generate toy 370/500
  1) RooRealVar:: n_obs_bina01 = 2542

 -- Profile Likelihood -- 
Limit: r < 7.03309 @ 95% CL
Done in 0.00 min (cpu), 0.00 min (real)
Generate toy 371/500
  1) RooRealVar:: n_obs_bina01 = 2231

 -- Profile Likelihood -- 
Limit: r < 3.99816 @ 95% CL
Done in 0.00 min (cpu), 0.00 min (real)
Generate toy 372/500
  1) RooRealVar:: n_obs_bina01 = 2132

 -- Profile Likelihood -- 
Limit: r < 3.0378 @ 95% CL
Done in 0.00 min (cpu), 0.00 min (real)
Generate toy 373/500
  1) RooRealVar:: n_obs_bina01 = 2182

 -- Profile Likelihood -- 
Limit: r < 3.51999 @ 95% CL
Done in 0.00 min (cpu), 0.00 min (real)
Generate toy 374/500
  1) RooRealVar:: n_obs_bina01 = 2113

 -- Profile Likelihood -- 
Limit: r < 2.86645 @ 95% CL
Done in 0.00 min (cpu), 0.00 min (real)
Generate toy 375/500
  1) RooRealVar:: n_obs_bina01 = 1801

 -- Profile Likelihood -- 
Limit: r < 1.12524 @ 95% CL
Done in 0.00 min (cpu), 0.00 min (real)
Generate toy 376/500
  1) RooRealVar:: n_obs_bina01 = 2066

 -- Profile Likelihood -- 
Limit: r < 2.47906 @ 95% CL
Done in 0.00 min (cpu), 0.00 min (real)
Generate toy 377/500
  1) RooRealVar:: n_obs_bina01 = 2104

 -- Profile Likelihood -- 
Limit: r < 2.78822 @ 95% CL
Done in 0.00 min (cpu), 0.00 min (real)
Generate toy 378/500
  1) RooRealVar:: n_obs_bina01 = 1970

 -- Profile Likelihood -- 
Limit: r < 1.84225 @ 95% CL
Done in 0.00 min (cpu), 0.00 min (real)
Generate toy 379/500
  1) RooRealVar:: n_obs_bina01 = 2207

 -- Profile Likelihood -- 
Limit: r < 3.76427 @ 95% CL
Done in 0.00 min (cpu), 0.00 min (real)
Generate toy 380/500
  1) RooRealVar:: n_obs_bina01 = 2144

 -- Profile Likelihood -- 
Limit: r < 3.15035 @ 95% CL
Done in 0.00 min (cpu), 0.00 min (real)
Generate toy 381/500
  1) RooRealVar:: n_obs_bina01 = 2237

 -- Profile Likelihood -- 
Limit: r < 4.05672 @ 95% CL
Done in 0.00 min (cpu), 0.00 min (real)
Generate toy 382/500
  1) RooRealVar:: n_obs_bina01 = 1916

 -- Profile Likelihood -- 
Limit: r < 1.56529 @ 95% CL
Done in 0.00 min (cpu), 0.00 min (real)
Generate toy 383/500
  1) RooRealVar:: n_obs_bina01 = 2332

 -- Profile Likelihood -- 
Limit: r < 4.98388 @ 95% CL
Done in 0.00 min (cpu), 0.00 min (real)
Generate toy 384/500
  1) RooRealVar:: n_obs_bina01 = 2310

 -- Profile Likelihood -- 
Limit: r < 4.76919 @ 95% CL
Done in 0.00 min (cpu), 0.00 min (real)
Generate toy 385/500
  1) RooRealVar:: n_obs_bina01 = 2333

 -- Profile Likelihood -- 
Limit: r < 4.99364 @ 95% CL
Done in 0.00 min (cpu), 0.00 min (real)
Generate toy 386/500
  1) RooRealVar:: n_obs_bina01 = 2113

 -- Profile Likelihood -- 
Limit: r < 2.86645 @ 95% CL
Done in 0.00 min (cpu), 0.00 min (real)
Generate toy 387/500
  1) RooRealVar:: n_obs_bina01 = 2332

 -- Profile Likelihood -- 
Limit: r < 4.98388 @ 95% CL
Done in 0.00 min (cpu), 0.00 min (real)
Generate toy 388/500
  1) RooRealVar:: n_obs_bina01 = 2552

 -- Profile Likelihood -- 
Limit: r < 7.13068 @ 95% CL
Done in 0.00 min (cpu), 0.00 min (real)
Generate toy 389/500
  1) RooRealVar:: n_obs_bina01 = 2065

 -- Profile Likelihood -- 
Limit: r < 2.47137 @ 95% CL
Done in 0.00 min (cpu), 0.00 min (real)
Generate toy 390/500
  1) RooRealVar:: n_obs_bina01 = 2249

 -- Profile Likelihood -- 
Limit: r < 4.17358 @ 95% CL
Done in 0.00 min (cpu), 0.00 min (real)
Generate toy 391/500
  1) RooRealVar:: n_obs_bina01 = 2287

 -- Profile Likelihood -- 
Limit: r < 4.54472 @ 95% CL
Done in 0.00 min (cpu), 0.00 min (real)
Generate toy 392/500
  1) RooRealVar:: n_obs_bina01 = 2347

 -- Profile Likelihood -- 
Limit: r < 5.13025 @ 95% CL
Done in 0.00 min (cpu), 0.00 min (real)
Generate toy 393/500
  1) RooRealVar:: n_obs_bina01 = 2364

 -- Profile Likelihood -- 
Limit: r < 5.29614 @ 95% CL
Done in 0.00 min (cpu), 0.00 min (real)
Generate toy 394/500
  1) RooRealVar:: n_obs_bina01 = 2468

 -- Profile Likelihood -- 
Limit: r < 6.31097 @ 95% CL
Done in 0.00 min (cpu), 0.00 min (real)
Generate toy 395/500
  1) RooRealVar:: n_obs_bina01 = 2274

 -- Profile Likelihood -- 
Limit: r < 4.41781 @ 95% CL
Done in 0.00 min (cpu), 0.00 min (real)
Generate toy 396/500
  1) RooRealVar:: n_obs_bina01 = 1816

 -- Profile Likelihood -- 
Limit: r < 1.17311 @ 95% CL
Done in 0.00 min (cpu), 0.00 min (real)
Generate toy 397/500
  1) RooRealVar:: n_obs_bina01 = 2159

 -- Profile Likelihood -- 
Limit: r < 3.2956 @ 95% CL
Done in 0.00 min (cpu), 0.00 min (real)
Generate toy 398/500
  1) RooRealVar:: n_obs_bina01 = 2091

 -- Profile Likelihood -- 
Limit: r < 2.67896 @ 95% CL
Done in 0.00 min (cpu), 0.00 min (real)
Generate toy 399/500
  1) RooRealVar:: n_obs_bina01 = 2242

 -- Profile Likelihood -- 
Limit: r < 4.10546 @ 95% CL
Done in 0.00 min (cpu), 0.00 min (real)
Generate toy 400/500
  1) RooRealVar:: n_obs_bina01 = 1959

 -- Profile Likelihood -- 
Limit: r < 1.78151 @ 95% CL
Done in 0.00 min (cpu), 0.00 min (real)
Generate toy 401/500
  1) RooRealVar:: n_obs_bina01 = 2378

 -- Profile Likelihood -- 
Limit: r < 5.43275 @ 95% CL
Done in 0.00 min (cpu), 0.00 min (real)
Generate toy 402/500
  1) RooRealVar:: n_obs_bina01 = 1999

 -- Profile Likelihood -- 
Limit: r < 2.01382 @ 95% CL
Done in 0.00 min (cpu), 0.00 min (real)
Generate toy 403/500
  1) RooRealVar:: n_obs_bina01 = 2156

 -- Profile Likelihood -- 
Limit: r < 3.26617 @ 95% CL
Done in 0.00 min (cpu), 0.00 min (real)
Generate toy 404/500
  1) RooRealVar:: n_obs_bina01 = 1808

 -- Profile Likelihood -- 
Limit: r < 1.14726 @ 95% CL
Done in 0.00 min (cpu), 0.00 min (real)
Generate toy 405/500
  1) RooRealVar:: n_obs_bina01 = 1948

 -- Profile Likelihood -- 
Limit: r < 1.72305 @ 95% CL
Done in 0.00 min (cpu), 0.00 min (real)
Generate toy 406/500
  1) RooRealVar:: n_obs_bina01 = 2147

 -- Profile Likelihood -- 
Limit: r < 3.17922 @ 95% CL
Done in 0.00 min (cpu), 0.00 min (real)
Generate toy 407/500
  1) RooRealVar:: n_obs_bina01 = 2291

 -- Profile Likelihood -- 
Limit: r < 4.58474 @ 95% CL
Done in 0.00 min (cpu), 0.00 min (real)
Generate toy 408/500
  1) RooRealVar:: n_obs_bina01 = 2638

 -- Profile Likelihood -- 
Limit: r < 7.96993 @ 95% CL
Done in 0.00 min (cpu), 0.00 min (real)
Generate toy 409/500
  1) RooRealVar:: n_obs_bina01 = 2217

 -- Profile Likelihood -- 
Limit: r < 3.86168 @ 95% CL
Done in 0.00 min (cpu), 0.00 min (real)
Generate toy 410/500
  1) RooRealVar:: n_obs_bina01 = 2368

 -- Profile Likelihood -- 
Limit: r < 5.33517 @ 95% CL
Done in 0.00 min (cpu), 0.00 min (real)
Generate toy 411/500
  1) RooRealVar:: n_obs_bina01 = 2181

 -- Profile Likelihood -- 
Limit: r < 3.51024 @ 95% CL
Done in 0.00 min (cpu), 0.00 min (real)
Generate toy 412/500
  1) RooRealVar:: n_obs_bina01 = 2079

 -- Profile Likelihood -- 
Limit: r < 2.58115 @ 95% CL
Done in 0.00 min (cpu), 0.00 min (real)
Generate toy 413/500
  1) RooRealVar:: n_obs_bina01 = 2227

 -- Profile Likelihood -- 
Limit: r < 3.95912 @ 95% CL
Done in 0.00 min (cpu), 0.00 min (real)
Generate toy 414/500
  1) RooRealVar:: n_obs_bina01 = 2477

 -- Profile Likelihood -- 
Limit: r < 6.39879 @ 95% CL
Done in 0.00 min (cpu), 0.00 min (real)
Generate toy 415/500
  1) RooRealVar:: n_obs_bina01 = 2603

 -- Profile Likelihood -- 
Limit: r < 7.62837 @ 95% CL
Done in 0.00 min (cpu), 0.00 min (real)
Generate toy 416/500
  1) RooRealVar:: n_obs_bina01 = 1874

 -- Profile Likelihood -- 
Limit: r < 1.38372 @ 95% CL
Done in 0.00 min (cpu), 0.00 min (real)
Generate toy 417/500
  1) RooRealVar:: n_obs_bina01 = 2162

 -- Profile Likelihood -- 
Limit: r < 3.32473 @ 95% CL
Done in 0.00 min (cpu), 0.00 min (real)
Generate toy 418/500
  1) RooRealVar:: n_obs_bina01 = 2120

 -- Profile Likelihood -- 
Limit: r < 2.92865 @ 95% CL
Done in 0.00 min (cpu), 0.00 min (real)
Generate toy 419/500
  1) RooRealVar:: n_obs_bina01 = 2216

 -- Profile Likelihood -- 
Limit: r < 3.85194 @ 95% CL
Done in 0.00 min (cpu), 0.00 min (real)
Generate toy 420/500
  1) RooRealVar:: n_obs_bina01 = 2001

 -- Profile Likelihood -- 
Limit: r < 2.02629 @ 95% CL
Done in 0.00 min (cpu), 0.00 min (real)
Generate toy 421/500
  1) RooRealVar:: n_obs_bina01 = 2188

 -- Profile Likelihood -- 
Limit: r < 3.5785 @ 95% CL
Done in 0.00 min (cpu), 0.00 min (real)
Generate toy 422/500
  1) RooRealVar:: n_obs_bina01 = 1950

 -- Profile Likelihood -- 
Limit: r < 1.73352 @ 95% CL
Done in 0.00 min (cpu), 0.00 min (real)
Generate toy 423/500
  1) RooRealVar:: n_obs_bina01 = 1920

 -- Profile Likelihood -- 
Limit: r < 1.58405 @ 95% CL
Done in 0.00 min (cpu), 0.00 min (real)
Generate toy 424/500
  1) RooRealVar:: n_obs_bina01 = 2247

 -- Profile Likelihood -- 
Limit: r < 4.1541 @ 95% CL
Done in 0.00 min (cpu), 0.00 min (real)
Generate toy 425/500
  1) RooRealVar:: n_obs_bina01 = 2473

 -- Profile Likelihood -- 
Limit: r < 6.35976 @ 95% CL
Done in 0.00 min (cpu), 0.00 min (real)
Generate toy 426/500
  1) RooRealVar:: n_obs_bina01 = 2176

 -- Profile Likelihood -- 
Limit: r < 3.46163 @ 95% CL
Done in 0.00 min (cpu), 0.00 min (real)
Generate toy 427/500
  1) RooRealVar:: n_obs_bina01 = 2495

 -- Profile Likelihood -- 
Limit: r < 6.57444 @ 95% CL
Done in 0.00 min (cpu), 0.00 min (real)
Generate toy 428/500
  1) RooRealVar:: n_obs_bina01 = 2408

 -- Profile Likelihood -- 
Limit: r < 5.72548 @ 95% CL
Done in 0.00 min (cpu), 0.00 min (real)
Generate toy 429/500
  1) RooRealVar:: n_obs_bina01 = 2325

 -- Profile Likelihood -- 
Limit: r < 4.91557 @ 95% CL
Done in 0.00 min (cpu), 0.00 min (real)
Generate toy 430/500
  1) RooRealVar:: n_obs_bina01 = 2216

 -- Profile Likelihood -- 
Limit: r < 3.85194 @ 95% CL
Done in 0.00 min (cpu), 0.00 min (real)
Generate toy 431/500
  1) RooRealVar:: n_obs_bina01 = 2316

 -- Profile Likelihood -- 
Limit: r < 4.82775 @ 95% CL
Done in 0.00 min (cpu), 0.00 min (real)
Generate toy 432/500
  1) RooRealVar:: n_obs_bina01 = 2423

 -- Profile Likelihood -- 
Limit: r < 5.87185 @ 95% CL
Done in 0.00 min (cpu), 0.00 min (real)
Generate toy 433/500
  1) RooRealVar:: n_obs_bina01 = 1949

 -- Profile Likelihood -- 
Limit: r < 1.72828 @ 95% CL
Done in 0.00 min (cpu), 0.00 min (real)
Generate toy 434/500
  1) RooRealVar:: n_obs_bina01 = 2321

 -- Profile Likelihood -- 
Limit: r < 4.87654 @ 95% CL
Done in 0.00 min (cpu), 0.00 min (real)
Generate toy 435/500
  1) RooRealVar:: n_obs_bina01 = 2163

 -- Profile Likelihood -- 
Limit: r < 3.33448 @ 95% CL
Done in 0.00 min (cpu), 0.00 min (real)
Generate toy 436/500
  1) RooRealVar:: n_obs_bina01 = 2341

 -- Profile Likelihood -- 
Limit: r < 5.0717 @ 95% CL
Done in 0.00 min (cpu), 0.00 min (real)
Generate toy 437/500
  1) RooRealVar:: n_obs_bina01 = 2137

 -- Profile Likelihood -- 
Limit: r < 3.08429 @ 95% CL
Done in 0.00 min (cpu), 0.00 min (real)
Generate toy 438/500
  1) RooRealVar:: n_obs_bina01 = 2297

 -- Profile Likelihood -- 
Limit: r < 4.64238 @ 95% CL
Done in 0.00 min (cpu), 0.00 min (real)
Generate toy 439/500
  1) RooRealVar:: n_obs_bina01 = 2171

 -- Profile Likelihood -- 
Limit: r < 3.41257 @ 95% CL
Done in 0.00 min (cpu), 0.00 min (real)
Generate toy 440/500
  1) RooRealVar:: n_obs_bina01 = 2325

 -- Profile Likelihood -- 
Limit: r < 4.91557 @ 95% CL
Done in 0.00 min (cpu), 0.00 min (real)
Generate toy 441/500
  1) RooRealVar:: n_obs_bina01 = 2170

 -- Profile Likelihood -- 
Limit: r < 3.40281 @ 95% CL
Done in 0.00 min (cpu), 0.00 min (real)
Generate toy 442/500
  1) RooRealVar:: n_obs_bina01 = 2320

 -- Profile Likelihood -- 
Limit: r < 4.86678 @ 95% CL
Done in 0.00 min (cpu), 0.00 min (real)
Generate toy 443/500
  1) RooRealVar:: n_obs_bina01 = 2158

 -- Profile Likelihood -- 
Limit: r < 3.28585 @ 95% CL
Done in 0.00 min (cpu), 0.00 min (real)
Generate toy 444/500
  1) RooRealVar:: n_obs_bina01 = 1999

 -- Profile Likelihood -- 
Limit: r < 2.01382 @ 95% CL
Done in 0.00 min (cpu), 0.00 min (real)
Generate toy 445/500
  1) RooRealVar:: n_obs_bina01 = 2139

 -- Profile Likelihood -- 
Limit: r < 3.10305 @ 95% CL
Done in 0.00 min (cpu), 0.00 min (real)
Generate toy 446/500
  1) RooRealVar:: n_obs_bina01 = 1928

 -- Profile Likelihood -- 
Limit: r < 1.62237 @ 95% CL
Done in 0.00 min (cpu), 0.00 min (real)
Generate toy 447/500
  1) RooRealVar:: n_obs_bina01 = 2373

 -- Profile Likelihood -- 
Limit: r < 5.38396 @ 95% CL
Done in 0.00 min (cpu), 0.00 min (real)
Generate toy 448/500
  1) RooRealVar:: n_obs_bina01 = 2112

 -- Profile Likelihood -- 
Limit: r < 2.85766 @ 95% CL
Done in 0.00 min (cpu), 0.00 min (real)
Generate toy 449/500
  1) RooRealVar:: n_obs_bina01 = 1906

 -- Profile Likelihood -- 
Limit: r < 1.51953 @ 95% CL
Done in 0.00 min (cpu), 0.00 min (real)
Generate toy 450/500
  1) RooRealVar:: n_obs_bina01 = 2333

 -- Profile Likelihood -- 
Limit: r < 4.99364 @ 95% CL
Done in 0.00 min (cpu), 0.00 min (real)
Generate toy 451/500
  1) RooRealVar:: n_obs_bina01 = 2073

 -- Profile Likelihood -- 
Limit: r < 2.53354 @ 95% CL
Done in 0.00 min (cpu), 0.00 min (real)
Generate toy 452/500
  1) RooRealVar:: n_obs_bina01 = 2269

 -- Profile Likelihood -- 
Limit: r < 4.36898 @ 95% CL
Done in 0.00 min (cpu), 0.00 min (real)
Generate toy 453/500
  1) RooRealVar:: n_obs_bina01 = 1885

 -- Profile Likelihood -- 
Limit: r < 1.42878 @ 95% CL
Done in 0.00 min (cpu), 0.00 min (real)
Generate toy 454/500
  1) RooRealVar:: n_obs_bina01 = 2099

 -- Profile Likelihood -- 
Limit: r < 2.74558 @ 95% CL
Done in 0.00 min (cpu), 0.00 min (real)
Generate toy 455/500
  1) RooRealVar:: n_obs_bina01 = 2210

 -- Profile Likelihood -- 
Limit: r < 3.79347 @ 95% CL
Done in 0.00 min (cpu), 0.00 min (real)
Generate toy 456/500
  1) RooRealVar:: n_obs_bina01 = 2296

 -- Profile Likelihood -- 
Limit: r < 4.63277 @ 95% CL
Done in 0.00 min (cpu), 0.00 min (real)
Generate toy 457/500
  1) RooRealVar:: n_obs_bina01 = 2148

 -- Profile Likelihood -- 
Limit: r < 3.1886 @ 95% CL
Done in 0.00 min (cpu), 0.00 min (real)
Generate toy 458/500
  1) RooRealVar:: n_obs_bina01 = 2057

 -- Profile Likelihood -- 
Limit: r < 2.41069 @ 95% CL
Done in 0.00 min (cpu), 0.00 min (real)
Generate toy 459/500
  1) RooRealVar:: n_obs_bina01 = 2136

 -- Profile Likelihood -- 
Limit: r < 3.07495 @ 95% CL
Done in 0.00 min (cpu), 0.00 min (real)
Generate toy 460/500
  1) RooRealVar:: n_obs_bina01 = 2202

 -- Profile Likelihood -- 
Limit: r < 3.71512 @ 95% CL
Done in 0.00 min (cpu), 0.00 min (real)
Generate toy 461/500
  1) RooRealVar:: n_obs_bina01 = 2132

 -- Profile Likelihood -- 
Limit: r < 3.0378 @ 95% CL
Done in 0.00 min (cpu), 0.00 min (real)
Generate toy 462/500
  1) RooRealVar:: n_obs_bina01 = 2106

 -- Profile Likelihood -- 
Limit: r < 2.80544 @ 95% CL
Done in 0.00 min (cpu), 0.00 min (real)
Generate toy 463/500
  1) RooRealVar:: n_obs_bina01 = 2049

 -- Profile Likelihood -- 
Limit: r < 2.35149 @ 95% CL
Done in 0.00 min (cpu), 0.00 min (real)
Generate toy 464/500
  1) RooRealVar:: n_obs_bina01 = 1961

 -- Profile Likelihood -- 
Limit: r < 1.79238 @ 95% CL
Done in 0.00 min (cpu), 0.00 min (real)
Generate toy 465/500
  1) RooRealVar:: n_obs_bina01 = 1700

 -- Profile Likelihood -- 
Limit: r < 0.859356 @ 95% CL
Done in 0.00 min (cpu), 0.00 min (real)
Generate toy 466/500
  1) RooRealVar:: n_obs_bina01 = 2311

 -- Profile Likelihood -- 
Limit: r < 4.77895 @ 95% CL
Done in 0.00 min (cpu), 0.00 min (real)
Generate toy 467/500
  1) RooRealVar:: n_obs_bina01 = 1936

 -- Profile Likelihood -- 
Limit: r < 1.6618 @ 95% CL
Done in 0.00 min (cpu), 0.00 min (real)
Generate toy 468/500
  1) RooRealVar:: n_obs_bina01 = 2072

 -- Profile Likelihood -- 
Limit: r < 2.52568 @ 95% CL
Done in 0.00 min (cpu), 0.00 min (real)
Generate toy 469/500
  1) RooRealVar:: n_obs_bina01 = 2072

 -- Profile Likelihood -- 
Limit: r < 2.52568 @ 95% CL
Done in 0.00 min (cpu), 0.00 min (real)
Generate toy 470/500
  1) RooRealVar:: n_obs_bina01 = 1985

 -- Profile Likelihood -- 
Limit: r < 1.92887 @ 95% CL
Done in 0.00 min (cpu), 0.00 min (real)
Generate toy 471/500
  1) RooRealVar:: n_obs_bina01 = 2275

 -- Profile Likelihood -- 
Limit: r < 4.42757 @ 95% CL
Done in 0.00 min (cpu), 0.00 min (real)
Generate toy 472/500
  1) RooRealVar:: n_obs_bina01 = 2111

 -- Profile Likelihood -- 
Limit: r < 2.8489 @ 95% CL
Done in 0.00 min (cpu), 0.00 min (real)
Generate toy 473/500
  1) RooRealVar:: n_obs_bina01 = 1968

 -- Profile Likelihood -- 
Limit: r < 1.83103 @ 95% CL
Done in 0.00 min (cpu), 0.00 min (real)
Generate toy 474/500
  1) RooRealVar:: n_obs_bina01 = 2219

 -- Profile Likelihood -- 
Limit: r < 3.88118 @ 95% CL
Done in 0.00 min (cpu), 0.00 min (real)
Generate toy 475/500
  1) RooRealVar:: n_obs_bina01 = 1969

 -- Profile Likelihood -- 
Limit: r < 1.83663 @ 95% CL
Done in 0.00 min (cpu), 0.00 min (real)
Generate toy 476/500
  1) RooRealVar:: n_obs_bina01 = 2209

 -- Profile Likelihood -- 
Limit: r < 3.78374 @ 95% CL
Done in 0.00 min (cpu), 0.00 min (real)
Generate toy 477/500
  1) RooRealVar:: n_obs_bina01 = 2137

 -- Profile Likelihood -- 
Limit: r < 3.08429 @ 95% CL
Done in 0.00 min (cpu), 0.00 min (real)
Generate toy 478/500
  1) RooRealVar:: n_obs_bina01 = 2385

 -- Profile Likelihood -- 
Limit: r < 5.50105 @ 95% CL
Done in 0.00 min (cpu), 0.00 min (real)
Generate toy 479/500
  1) RooRealVar:: n_obs_bina01 = 2338

 -- Profile Likelihood -- 
Limit: r < 5.04243 @ 95% CL
Done in 0.00 min (cpu), 0.00 min (real)
Generate toy 480/500
  1) RooRealVar:: n_obs_bina01 = 2277

 -- Profile Likelihood -- 
Limit: r < 4.4471 @ 95% CL
Done in 0.00 min (cpu), 0.00 min (real)
Generate toy 481/500
  1) RooRealVar:: n_obs_bina01 = 2059

 -- Profile Likelihood -- 
Limit: r < 2.42572 @ 95% CL
Done in 0.00 min (cpu), 0.00 min (real)
Generate toy 482/500
  1) RooRealVar:: n_obs_bina01 = 2022

 -- Profile Likelihood -- 
Limit: r < 2.16232 @ 95% CL
Done in 0.00 min (cpu), 0.00 min (real)
Generate toy 483/500
  1) RooRealVar:: n_obs_bina01 = 2056

 -- Profile Likelihood -- 
Limit: r < 2.40321 @ 95% CL
Done in 0.00 min (cpu), 0.00 min (real)
Generate toy 484/500
  1) RooRealVar:: n_obs_bina01 = 2423

 -- Profile Likelihood -- 
Limit: r < 5.87185 @ 95% CL
Done in 0.00 min (cpu), 0.00 min (real)
Generate toy 485/500
  1) RooRealVar:: n_obs_bina01 = 2183

 -- Profile Likelihood -- 
Limit: r < 3.52973 @ 95% CL
Done in 0.00 min (cpu), 0.00 min (real)
Generate toy 486/500
  1) RooRealVar:: n_obs_bina01 = 1955

 -- Profile Likelihood -- 
Limit: r < 1.75999 @ 95% CL
Done in 0.00 min (cpu), 0.00 min (real)
Generate toy 487/500
  1) RooRealVar:: n_obs_bina01 = 2049

 -- Profile Likelihood -- 
Limit: r < 2.35149 @ 95% CL
Done in 0.00 min (cpu), 0.00 min (real)
Generate toy 488/500
  1) RooRealVar:: n_obs_bina01 = 1973

 -- Profile Likelihood -- 
Limit: r < 1.85922 @ 95% CL
Done in 0.00 min (cpu), 0.00 min (real)
Generate toy 489/500
  1) RooRealVar:: n_obs_bina01 = 2097

 -- Profile Likelihood -- 
Limit: r < 2.72869 @ 95% CL
Done in 0.00 min (cpu), 0.00 min (real)
Generate toy 490/500
  1) RooRealVar:: n_obs_bina01 = 2482

 -- Profile Likelihood -- 
Limit: r < 6.44759 @ 95% CL
Done in 0.00 min (cpu), 0.00 min (real)
Generate toy 491/500
  1) RooRealVar:: n_obs_bina01 = 1876

 -- Profile Likelihood -- 
Limit: r < 1.39178 @ 95% CL
Done in 0.00 min (cpu), 0.00 min (real)
Generate toy 492/500
  1) RooRealVar:: n_obs_bina01 = 2035

 -- Profile Likelihood -- 
Limit: r < 2.25132 @ 95% CL
Done in 0.00 min (cpu), 0.00 min (real)
Generate toy 493/500
  1) RooRealVar:: n_obs_bina01 = 2134

 -- Profile Likelihood -- 
Limit: r < 3.05632 @ 95% CL
Done in 0.00 min (cpu), 0.00 min (real)
Generate toy 494/500
  1) RooRealVar:: n_obs_bina01 = 2235

 -- Profile Likelihood -- 
Limit: r < 4.0372 @ 95% CL
Done in 0.00 min (cpu), 0.00 min (real)
Generate toy 495/500
  1) RooRealVar:: n_obs_bina01 = 2053

 -- Profile Likelihood -- 
Limit: r < 2.38091 @ 95% CL
Done in 0.00 min (cpu), 0.00 min (real)
Generate toy 496/500
  1) RooRealVar:: n_obs_bina01 = 2178

 -- Profile Likelihood -- 
Limit: r < 3.48105 @ 95% CL
Done in 0.00 min (cpu), 0.00 min (real)
Generate toy 497/500
  1) RooRealVar:: n_obs_bina01 = 2036

 -- Profile Likelihood -- 
Limit: r < 2.25833 @ 95% CL
Done in 0.00 min (cpu), 0.00 min (real)
Generate toy 498/500
  1) RooRealVar:: n_obs_bina01 = 2417

 -- Profile Likelihood -- 
Limit: r < 5.8133 @ 95% CL
Done in 0.00 min (cpu), 0.00 min (real)
Generate toy 499/500
  1) RooRealVar:: n_obs_bina01 = 2001

 -- Profile Likelihood -- 
Limit: r < 2.02629 @ 95% CL
Done in 0.00 min (cpu), 0.00 min (real)
Generate toy 500/500
  1) RooRealVar:: n_obs_bina01 = 2051

 -- Profile Likelihood -- 
Limit: r < 2.36616 @ 95% CL
Done in 0.00 min (cpu), 0.00 min (real)
mean   expected limit: r < 3.53037 +/- 0.0737362 @ 95%CL (499 toyMC)
median expected limit: r < 3.2274 @ 95%CL (499 toyMC)
   68% expected band : 1.91119 < r < 5.32541
   95% expected band : 1.12524 < r < 7.39416
