>>> including systematics
>>> method used to compute upper limit is ProfileLikelihood
>>> random number generator seed is 123456

Sanity checks on the model: OK
Generate toy 1/500
  1) RooRealVar:: n_obs_bina01 = 1873

 -- Profile Likelihood -- 
Limit: r < 3.39507 @ 95% CL
Done in 0.00 min (cpu), 0.00 min (real)
Generate toy 2/500
  1) RooRealVar:: n_obs_bina01 = 2011

 -- Profile Likelihood -- 
Limit: r < 5.02652 @ 95% CL
Done in 0.00 min (cpu), 0.00 min (real)
Generate toy 3/500
  1) RooRealVar:: n_obs_bina01 = 1996

 -- Profile Likelihood -- 
Limit: r < 4.84872 @ 95% CL
Done in 0.00 min (cpu), 0.00 min (real)
Generate toy 4/500
  1) RooRealVar:: n_obs_bina01 = 2040

 -- Profile Likelihood -- 
Limit: r < 5.36883 @ 95% CL
Done in 0.00 min (cpu), 0.00 min (real)
Generate toy 5/500
  1) RooRealVar:: n_obs_bina01 = 1940

 -- Profile Likelihood -- 
Limit: r < 4.18677 @ 95% CL
Done in 0.00 min (cpu), 0.00 min (real)
Generate toy 6/500
  1) RooRealVar:: n_obs_bina01 = 1852

 -- Profile Likelihood -- 
Limit: r < 3.15679 @ 95% CL
Done in 0.00 min (cpu), 0.00 min (real)
Generate toy 7/500
  1) RooRealVar:: n_obs_bina01 = 2032

 -- Profile Likelihood -- 
Limit: r < 5.27428 @ 95% CL
Done in 0.00 min (cpu), 0.00 min (real)
Generate toy 8/500
  1) RooRealVar:: n_obs_bina01 = 1944

 -- Profile Likelihood -- 
Limit: r < 4.23406 @ 95% CL
Done in 0.00 min (cpu), 0.00 min (real)
Generate toy 9/500
  1) RooRealVar:: n_obs_bina01 = 1607

 -- Profile Likelihood -- 
Limit: r < 1.35236 @ 95% CL
Done in 0.00 min (cpu), 0.00 min (real)
Generate toy 10/500
  1) RooRealVar:: n_obs_bina01 = 1884

 -- Profile Likelihood -- 
Limit: r < 3.5251 @ 95% CL
Done in 0.00 min (cpu), 0.00 min (real)
Generate toy 11/500
  1) RooRealVar:: n_obs_bina01 = 1753

 -- Profile Likelihood -- 
Limit: r < 2.22472 @ 95% CL
Done in 0.00 min (cpu), 0.00 min (real)
Generate toy 12/500
  1) RooRealVar:: n_obs_bina01 = 1888

 -- Profile Likelihood -- 
Limit: r < 3.5721 @ 95% CL
Done in 0.00 min (cpu), 0.00 min (real)
Generate toy 13/500
  1) RooRealVar:: n_obs_bina01 = 2149

 -- Profile Likelihood -- 
Limit: r < 6.65707 @ 95% CL
Done in 0.00 min (cpu), 0.00 min (real)
Generate toy 14/500
  1) RooRealVar:: n_obs_bina01 = 1780

 -- Profile Likelihood -- 
Limit: r < 2.44809 @ 95% CL
Done in 0.00 min (cpu), 0.00 min (real)
Generate toy 15/500
  1) RooRealVar:: n_obs_bina01 = 2045

 -- Profile Likelihood -- 
Limit: r < 5.42793 @ 95% CL
Done in 0.00 min (cpu), 0.00 min (real)
Generate toy 16/500
  1) RooRealVar:: n_obs_bina01 = 1999

 -- Profile Likelihood -- 
Limit: r < 4.88419 @ 95% CL
Done in 0.00 min (cpu), 0.00 min (real)
Generate toy 17/500
  1) RooRealVar:: n_obs_bina01 = 1939

 -- Profile Likelihood -- 
Limit: r < 4.17497 @ 95% CL
Done in 0.00 min (cpu), 0.00 min (real)
Generate toy 18/500
  1) RooRealVar:: n_obs_bina01 = 2135

 -- Profile Likelihood -- 
Limit: r < 6.49161 @ 95% CL
Done in 0.00 min (cpu), 0.00 min (real)
Generate toy 19/500
  1) RooRealVar:: n_obs_bina01 = 1803

 -- Profile Likelihood -- 
Limit: r < 2.65632 @ 95% CL
Done in 0.00 min (cpu), 0.00 min (real)
Generate toy 20/500
  1) RooRealVar:: n_obs_bina01 = 1786

 -- Profile Likelihood -- 
Limit: r < 2.50079 @ 95% CL
Done in 0.00 min (cpu), 0.00 min (real)
Generate toy 21/500
  1) RooRealVar:: n_obs_bina01 = 1963

 -- Profile Likelihood -- 
Limit: r < 4.45832 @ 95% CL
Done in 0.00 min (cpu), 0.00 min (real)
Generate toy 22/500
  1) RooRealVar:: n_obs_bina01 = 1970

 -- Profile Likelihood -- 
Limit: r < 4.54119 @ 95% CL
Done in 0.00 min (cpu), 0.00 min (real)
Generate toy 23/500
  1) RooRealVar:: n_obs_bina01 = 1922

 -- Profile Likelihood -- 
Limit: r < 3.97413 @ 95% CL
Done in 0.00 min (cpu), 0.00 min (real)
Generate toy 24/500
  1) RooRealVar:: n_obs_bina01 = 1713

 -- Profile Likelihood -- 
Limit: r < 1.93322 @ 95% CL
Done in 0.00 min (cpu), 0.00 min (real)
Generate toy 25/500
  1) RooRealVar:: n_obs_bina01 = 1925

 -- Profile Likelihood -- 
Limit: r < 4.00956 @ 95% CL
Done in 0.00 min (cpu), 0.00 min (real)
Generate toy 26/500
  1) RooRealVar:: n_obs_bina01 = 1967

 -- Profile Likelihood -- 
Limit: r < 4.50568 @ 95% CL
Done in 0.00 min (cpu), 0.00 min (real)
Generate toy 27/500
  1) RooRealVar:: n_obs_bina01 = 1932

 -- Profile Likelihood -- 
Limit: r < 4.09225 @ 95% CL
Done in 0.00 min (cpu), 0.00 min (real)
Generate toy 28/500
  1) RooRealVar:: n_obs_bina01 = 1921

 -- Profile Likelihood -- 
Limit: r < 3.96233 @ 95% CL
Done in 0.00 min (cpu), 0.00 min (real)
Generate toy 29/500
  1) RooRealVar:: n_obs_bina01 = 2053

 -- Profile Likelihood -- 
Limit: r < 5.52248 @ 95% CL
Done in 0.00 min (cpu), 0.00 min (real)
Generate toy 30/500
  1) RooRealVar:: n_obs_bina01 = 1764

 -- Profile Likelihood -- 
Limit: r < 2.31303 @ 95% CL
Done in 0.00 min (cpu), 0.00 min (real)
Generate toy 31/500
  1) RooRealVar:: n_obs_bina01 = 1686

 -- Profile Likelihood -- 
Limit: r < 1.76088 @ 95% CL
Done in 0.00 min (cpu), 0.00 min (real)
Generate toy 32/500
  1) RooRealVar:: n_obs_bina01 = 1787

 -- Profile Likelihood -- 
Limit: r < 2.50968 @ 95% CL
Done in 0.00 min (cpu), 0.00 min (real)
Generate toy 33/500
  1) RooRealVar:: n_obs_bina01 = 1737

 -- Profile Likelihood -- 
Limit: r < 2.10267 @ 95% CL
Done in 0.00 min (cpu), 0.00 min (real)
Generate toy 34/500
  1) RooRealVar:: n_obs_bina01 = 1832

 -- Profile Likelihood -- 
Limit: r < 2.94335 @ 95% CL
Done in 0.00 min (cpu), 0.00 min (real)
Generate toy 35/500
  1) RooRealVar:: n_obs_bina01 = 1866

 -- Profile Likelihood -- 
Limit: r < 3.31407 @ 95% CL
Done in 0.00 min (cpu), 0.00 min (real)
Generate toy 36/500
  1) RooRealVar:: n_obs_bina01 = 1863

 -- Profile Likelihood -- 
Limit: r < 3.28023 @ 95% CL
Done in 0.00 min (cpu), 0.00 min (real)
Generate toy 37/500
  1) RooRealVar:: n_obs_bina01 = 1705

 -- Profile Likelihood -- 
Limit: r < 1.8802 @ 95% CL
Done in 0.00 min (cpu), 0.00 min (real)
Generate toy 38/500
  1) RooRealVar:: n_obs_bina01 = 2037

 -- Profile Likelihood -- 
Limit: r < 5.33337 @ 95% CL
Done in 0.00 min (cpu), 0.00 min (real)
Generate toy 39/500
  1) RooRealVar:: n_obs_bina01 = 2161

 -- Profile Likelihood -- 
Limit: r < 6.7989 @ 95% CL
Done in 0.00 min (cpu), 0.00 min (real)
Generate toy 40/500
  1) RooRealVar:: n_obs_bina01 = 1982

 -- Profile Likelihood -- 
Limit: r < 4.68316 @ 95% CL
Done in 0.00 min (cpu), 0.00 min (real)
Generate toy 41/500
  1) RooRealVar:: n_obs_bina01 = 2031

 -- Profile Likelihood -- 
Limit: r < 5.26246 @ 95% CL
Done in 0.00 min (cpu), 0.00 min (real)
Generate toy 42/500
  1) RooRealVar:: n_obs_bina01 = 1639

 -- Profile Likelihood -- 
Limit: r < 1.50242 @ 95% CL
Done in 0.00 min (cpu), 0.00 min (real)
Generate toy 43/500
  1) RooRealVar:: n_obs_bina01 = 2090

 -- Profile Likelihood -- 
Limit: r < 5.95977 @ 95% CL
Done in 0.00 min (cpu), 0.00 min (real)
Generate toy 44/500
  1) RooRealVar:: n_obs_bina01 = 1980

 -- Profile Likelihood -- 
Limit: r < 4.65951 @ 95% CL
Done in 0.00 min (cpu), 0.00 min (real)
Generate toy 45/500
  1) RooRealVar:: n_obs_bina01 = 2003

 -- Profile Likelihood -- 
Limit: r < 4.93148 @ 95% CL
Done in 0.00 min (cpu), 0.00 min (real)
Generate toy 46/500
  1) RooRealVar:: n_obs_bina01 = 1827

 -- Profile Likelihood -- 
Limit: r < 2.89187 @ 95% CL
Done in 0.00 min (cpu), 0.00 min (real)
Generate toy 47/500
  1) RooRealVar:: n_obs_bina01 = 1984

 -- Profile Likelihood -- 
Limit: r < 4.70682 @ 95% CL
Done in 0.00 min (cpu), 0.00 min (real)
Generate toy 48/500
  1) RooRealVar:: n_obs_bina01 = 1846

 -- Profile Likelihood -- 
Limit: r < 3.09129 @ 95% CL
Done in 0.00 min (cpu), 0.00 min (real)
Generate toy 49/500
  1) RooRealVar:: n_obs_bina01 = 1850

 -- Profile Likelihood -- 
Limit: r < 3.13482 @ 95% CL
Done in 0.00 min (cpu), 0.00 min (real)
Generate toy 50/500
  1) RooRealVar:: n_obs_bina01 = 1898

 -- Profile Likelihood -- 
Limit: r < 3.69035 @ 95% CL
Done in 0.00 min (cpu), 0.00 min (real)
Generate toy 51/500
  1) RooRealVar:: n_obs_bina01 = 1827

 -- Profile Likelihood -- 
Limit: r < 2.89187 @ 95% CL
Done in 0.00 min (cpu), 0.00 min (real)
Generate toy 52/500
  1) RooRealVar:: n_obs_bina01 = 2170

 -- Profile Likelihood -- 
Limit: r < 6.90527 @ 95% CL
Done in 0.00 min (cpu), 0.00 min (real)
Generate toy 53/500
  1) RooRealVar:: n_obs_bina01 = 1663

 -- Profile Likelihood -- 
Limit: r < 1.62815 @ 95% CL
Done in 0.00 min (cpu), 0.00 min (real)
Generate toy 54/500
  1) RooRealVar:: n_obs_bina01 = 2029

 -- Profile Likelihood -- 
Limit: r < 5.23882 @ 95% CL
Done in 0.00 min (cpu), 0.00 min (real)
Generate toy 55/500
  1) RooRealVar:: n_obs_bina01 = 1841

 -- Profile Likelihood -- 
Limit: r < 3.03761 @ 95% CL
Done in 0.00 min (cpu), 0.00 min (real)
Generate toy 56/500
  1) RooRealVar:: n_obs_bina01 = 1739

 -- Profile Likelihood -- 
Limit: r < 2.11752 @ 95% CL
Done in 0.00 min (cpu), 0.00 min (real)
Generate toy 57/500
  1) RooRealVar:: n_obs_bina01 = 1765

 -- Profile Likelihood -- 
Limit: r < 2.32124 @ 95% CL
Done in 0.00 min (cpu), 0.00 min (real)
Generate toy 58/500
  1) RooRealVar:: n_obs_bina01 = 1659

 -- Profile Likelihood -- 
Limit: r < 1.6063 @ 95% CL
Done in 0.00 min (cpu), 0.00 min (real)
Generate toy 59/500
  1) RooRealVar:: n_obs_bina01 = 1929

 -- Profile Likelihood -- 
Limit: r < 4.0568 @ 95% CL
Done in 0.00 min (cpu), 0.00 min (real)
Generate toy 60/500
  1) RooRealVar:: n_obs_bina01 = 1750

 -- Profile Likelihood -- 
Limit: r < 2.20127 @ 95% CL
Done in 0.00 min (cpu), 0.00 min (real)
Generate toy 61/500
  1) RooRealVar:: n_obs_bina01 = 2085

 -- Profile Likelihood -- 
Limit: r < 5.90068 @ 95% CL
Done in 0.00 min (cpu), 0.00 min (real)
Generate toy 62/500
  1) RooRealVar:: n_obs_bina01 = 1983

 -- Profile Likelihood -- 
Limit: r < 4.69499 @ 95% CL
Done in 0.00 min (cpu), 0.00 min (real)
Generate toy 63/500
  1) RooRealVar:: n_obs_bina01 = 1801

 -- Profile Likelihood -- 
Limit: r < 2.63754 @ 95% CL
Done in 0.00 min (cpu), 0.00 min (real)
Generate toy 64/500
  1) RooRealVar:: n_obs_bina01 = 1844

 -- Profile Likelihood -- 
Limit: r < 3.06972 @ 95% CL
Done in 0.00 min (cpu), 0.00 min (real)
Generate toy 65/500
  1) RooRealVar:: n_obs_bina01 = 1806

 -- Profile Likelihood -- 
Limit: r < 2.68473 @ 95% CL
Done in 0.00 min (cpu), 0.00 min (real)
Generate toy 66/500
  1) RooRealVar:: n_obs_bina01 = 2102

 -- Profile Likelihood -- 
Limit: r < 6.10159 @ 95% CL
Done in 0.00 min (cpu), 0.00 min (real)
Generate toy 67/500
  1) RooRealVar:: n_obs_bina01 = 1835

 -- Profile Likelihood -- 
Limit: r < 2.97466 @ 95% CL
Done in 0.00 min (cpu), 0.00 min (real)
Generate toy 68/500
  1) RooRealVar:: n_obs_bina01 = 1851

 -- Profile Likelihood -- 
Limit: r < 3.14579 @ 95% CL
Done in 0.00 min (cpu), 0.00 min (real)
Generate toy 69/500
  1) RooRealVar:: n_obs_bina01 = 1998

 -- Profile Likelihood -- 
Limit: r < 4.87237 @ 95% CL
Done in 0.00 min (cpu), 0.00 min (real)
Generate toy 70/500
  1) RooRealVar:: n_obs_bina01 = 1644

 -- Profile Likelihood -- 
Limit: r < 1.52768 @ 95% CL
Done in 0.00 min (cpu), 0.00 min (real)
Generate toy 71/500
  1) RooRealVar:: n_obs_bina01 = 1787

 -- Profile Likelihood -- 
Limit: r < 2.50968 @ 95% CL
Done in 0.00 min (cpu), 0.00 min (real)
Generate toy 72/500
  1) RooRealVar:: n_obs_bina01 = 2127

 -- Profile Likelihood -- 
Limit: r < 6.39706 @ 95% CL
Done in 0.00 min (cpu), 0.00 min (real)
Generate toy 73/500
  1) RooRealVar:: n_obs_bina01 = 2169

 -- Profile Likelihood -- 
Limit: r < 6.89345 @ 95% CL
Done in 0.00 min (cpu), 0.00 min (real)
Generate toy 74/500
  1) RooRealVar:: n_obs_bina01 = 1872

 -- Profile Likelihood -- 
Limit: r < 3.38355 @ 95% CL
Done in 0.00 min (cpu), 0.00 min (real)
Generate toy 75/500
  1) RooRealVar:: n_obs_bina01 = 2325

 -- Profile Likelihood -- 
Limit: r < 8.73724 @ 95% CL
Done in 0.00 min (cpu), 0.00 min (real)
Generate toy 76/500
  1) RooRealVar:: n_obs_bina01 = 1940

 -- Profile Likelihood -- 
Limit: r < 4.18677 @ 95% CL
Done in 0.00 min (cpu), 0.00 min (real)
Generate toy 77/500
  1) RooRealVar:: n_obs_bina01 = 1937

 -- Profile Likelihood -- 
Limit: r < 4.15134 @ 95% CL
Done in 0.00 min (cpu), 0.00 min (real)
Generate toy 78/500
  1) RooRealVar:: n_obs_bina01 = 1742

 -- Profile Likelihood -- 
Limit: r < 2.14001 @ 95% CL
Done in 0.00 min (cpu), 0.00 min (real)
Generate toy 79/500
  1) RooRealVar:: n_obs_bina01 = 2391

 -- Profile Likelihood -- 
Limit: r < 9.51732 @ 95% CL
Done in 0.00 min (cpu), 0.00 min (real)
Generate toy 80/500
  1) RooRealVar:: n_obs_bina01 = 2018

 -- Profile Likelihood -- 
Limit: r < 5.1082 @ 95% CL
Done in 0.00 min (cpu), 0.00 min (real)
Generate toy 81/500
  1) RooRealVar:: n_obs_bina01 = 2013

 -- Profile Likelihood -- 
Limit: r < 5.04985 @ 95% CL
Done in 0.00 min (cpu), 0.00 min (real)
Generate toy 82/500
  1) RooRealVar:: n_obs_bina01 = 1756

 -- Profile Likelihood -- 
Limit: r < 2.24845 @ 95% CL
Done in 0.00 min (cpu), 0.00 min (real)
Generate toy 83/500
  1) RooRealVar:: n_obs_bina01 = 1807

 -- Profile Likelihood -- 
Limit: r < 2.69427 @ 95% CL
Done in 0.00 min (cpu), 0.00 min (real)
Generate toy 84/500
  1) RooRealVar:: n_obs_bina01 = 1644

 -- Profile Likelihood -- 
Limit: r < 1.52768 @ 95% CL
Done in 0.00 min (cpu), 0.00 min (real)
Generate toy 85/500
  1) RooRealVar:: n_obs_bina01 = 1793

 -- Profile Likelihood -- 
Limit: r < 2.56371 @ 95% CL
Done in 0.00 min (cpu), 0.00 min (real)
Generate toy 86/500
  1) RooRealVar:: n_obs_bina01 = 2078

 -- Profile Likelihood -- 
Limit: r < 5.81795 @ 95% CL
Done in 0.00 min (cpu), 0.00 min (real)
Generate toy 87/500
  1) RooRealVar:: n_obs_bina01 = 1699

 -- Profile Likelihood -- 
Limit: r < 1.84154 @ 95% CL
Done in 0.00 min (cpu), 0.00 min (real)
Generate toy 88/500
  1) RooRealVar:: n_obs_bina01 = 1853

 -- Profile Likelihood -- 
Limit: r < 3.16783 @ 95% CL
Done in 0.00 min (cpu), 0.00 min (real)
Generate toy 89/500
  1) RooRealVar:: n_obs_bina01 = 1940

 -- Profile Likelihood -- 
Limit: r < 4.18677 @ 95% CL
Done in 0.00 min (cpu), 0.00 min (real)
Generate toy 90/500
  1) RooRealVar:: n_obs_bina01 = 1917

 -- Profile Likelihood -- 
Limit: r < 3.91514 @ 95% CL
Done in 0.00 min (cpu), 0.00 min (real)
Generate toy 91/500
  1) RooRealVar:: n_obs_bina01 = 1839

 -- Profile Likelihood -- 
Limit: r < 3.01636 @ 95% CL
Done in 0.00 min (cpu), 0.00 min (real)
Generate toy 92/500
  1) RooRealVar:: n_obs_bina01 = 1832

 -- Profile Likelihood -- 
Limit: r < 2.94335 @ 95% CL
Done in 0.00 min (cpu), 0.00 min (real)
Generate toy 93/500
  1) RooRealVar:: n_obs_bina01 = 2111

 -- Profile Likelihood -- 
Limit: r < 6.20796 @ 95% CL
Done in 0.00 min (cpu), 0.00 min (real)
Generate toy 94/500
  1) RooRealVar:: n_obs_bina01 = 1549

 -- Profile Likelihood -- 
Limit: r < 1.12499 @ 95% CL
Done in 0.00 min (cpu), 0.00 min (real)
Generate toy 95/500
  1) RooRealVar:: n_obs_bina01 = 1817

 -- Profile Likelihood -- 
Limit: r < 2.79142 @ 95% CL
Done in 0.00 min (cpu), 0.00 min (real)
Generate toy 96/500
  1) RooRealVar:: n_obs_bina01 = 2083

 -- Profile Likelihood -- 
Limit: r < 5.87704 @ 95% CL
Done in 0.00 min (cpu), 0.00 min (real)
Generate toy 97/500
  1) RooRealVar:: n_obs_bina01 = 1912

 -- Profile Likelihood -- 
Limit: r < 3.85579 @ 95% CL
Done in 0.00 min (cpu), 0.00 min (real)
Generate toy 98/500
  1) RooRealVar:: n_obs_bina01 = 1753

 -- Profile Likelihood -- 
Limit: r < 2.22472 @ 95% CL
Done in 0.00 min (cpu), 0.00 min (real)
Generate toy 99/500
  1) RooRealVar:: n_obs_bina01 = 1910

 -- Profile Likelihood -- 
Limit: r < 3.83215 @ 95% CL
Done in 0.00 min (cpu), 0.00 min (real)
Generate toy 100/500
  1) RooRealVar:: n_obs_bina01 = 1910

 -- Profile Likelihood -- 
Limit: r < 3.83215 @ 95% CL
Done in 0.00 min (cpu), 0.00 min (real)
Generate toy 101/500
  1) RooRealVar:: n_obs_bina01 = 1847

 -- Profile Likelihood -- 
Limit: r < 3.10212 @ 95% CL
Done in 0.00 min (cpu), 0.00 min (real)
Generate toy 102/500
  1) RooRealVar:: n_obs_bina01 = 2297

 -- Profile Likelihood -- 
Limit: r < 8.4063 @ 95% CL
Done in 0.00 min (cpu), 0.00 min (real)
Generate toy 103/500
  1) RooRealVar:: n_obs_bina01 = 1967

 -- Profile Likelihood -- 
Limit: r < 4.50568 @ 95% CL
Done in 0.00 min (cpu), 0.00 min (real)
Generate toy 104/500
  1) RooRealVar:: n_obs_bina01 = 2155

 -- Profile Likelihood -- 
Limit: r < 6.72799 @ 95% CL
Done in 0.00 min (cpu), 0.00 min (real)
Generate toy 105/500
  1) RooRealVar:: n_obs_bina01 = 1926

 -- Profile Likelihood -- 
Limit: r < 4.02137 @ 95% CL
Done in 0.00 min (cpu), 0.00 min (real)
Generate toy 106/500
  1) RooRealVar:: n_obs_bina01 = 1811

 -- Profile Likelihood -- 
Limit: r < 2.73274 @ 95% CL
Done in 0.00 min (cpu), 0.00 min (real)
Generate toy 107/500
  1) RooRealVar:: n_obs_bina01 = 1611

 -- Profile Likelihood -- 
Limit: r < 1.37007 @ 95% CL
Done in 0.00 min (cpu), 0.00 min (real)
Generate toy 108/500
  1) RooRealVar:: n_obs_bina01 = 1738

 -- Profile Likelihood -- 
Limit: r < 2.11008 @ 95% CL
Done in 0.00 min (cpu), 0.00 min (real)
Generate toy 109/500
  1) RooRealVar:: n_obs_bina01 = 1986

 -- Profile Likelihood -- 
Limit: r < 4.73047 @ 95% CL
Done in 0.00 min (cpu), 0.00 min (real)
Generate toy 110/500
  1) RooRealVar:: n_obs_bina01 = 2011

 -- Profile Likelihood -- 
Limit: r < 5.02652 @ 95% CL
Done in 0.00 min (cpu), 0.00 min (real)
Generate toy 111/500
  1) RooRealVar:: n_obs_bina01 = 1971

 -- Profile Likelihood -- 
Limit: r < 4.55302 @ 95% CL
Done in 0.00 min (cpu), 0.00 min (real)
Generate toy 112/500
  1) RooRealVar:: n_obs_bina01 = 1969

 -- Profile Likelihood -- 
Limit: r < 4.52935 @ 95% CL
Done in 0.00 min (cpu), 0.00 min (real)
Generate toy 113/500
  1) RooRealVar:: n_obs_bina01 = 1782

 -- Profile Likelihood -- 
Limit: r < 2.46553 @ 95% CL
Done in 0.00 min (cpu), 0.00 min (real)
Generate toy 114/500
  1) RooRealVar:: n_obs_bina01 = 2163

 -- Profile Likelihood -- 
Limit: r < 6.82254 @ 95% CL
Done in 0.00 min (cpu), 0.00 min (real)
Generate toy 115/500
  1) RooRealVar:: n_obs_bina01 = 1765

 -- Profile Likelihood -- 
Limit: r < 2.32124 @ 95% CL
Done in 0.00 min (cpu), 0.00 min (real)
Generate toy 116/500
  1) RooRealVar:: n_obs_bina01 = 2008

 -- Profile Likelihood -- 
Limit: r < 4.99154 @ 95% CL
Done in 0.00 min (cpu), 0.00 min (real)
Generate toy 117/500
  1) RooRealVar:: n_obs_bina01 = 1877

 -- Profile Likelihood -- 
Limit: r < 3.44207 @ 95% CL
Done in 0.00 min (cpu), 0.00 min (real)
Generate toy 118/500
  1) RooRealVar:: n_obs_bina01 = 1900

 -- Profile Likelihood -- 
Limit: r < 3.71397 @ 95% CL
Done in 0.00 min (cpu), 0.00 min (real)
Generate toy 119/500
  1) RooRealVar:: n_obs_bina01 = 2098

 -- Profile Likelihood -- 
Limit: r < 6.05432 @ 95% CL
Done in 0.00 min (cpu), 0.00 min (real)
Generate toy 120/500
  1) RooRealVar:: n_obs_bina01 = 1628

 -- Profile Likelihood -- 
Limit: r < 1.44862 @ 95% CL
Done in 0.00 min (cpu), 0.00 min (real)
Generate toy 121/500
  1) RooRealVar:: n_obs_bina01 = 1744

 -- Profile Likelihood -- 
Limit: r < 2.15515 @ 95% CL
Done in 0.00 min (cpu), 0.00 min (real)
Generate toy 122/500
  1) RooRealVar:: n_obs_bina01 = 2096

 -- Profile Likelihood -- 
Limit: r < 6.03068 @ 95% CL
Done in 0.00 min (cpu), 0.00 min (real)
Generate toy 123/500
  1) RooRealVar:: n_obs_bina01 = 1672

 -- Profile Likelihood -- 
Limit: r < 1.67862 @ 95% CL
Done in 0.00 min (cpu), 0.00 min (real)
Generate toy 124/500
  1) RooRealVar:: n_obs_bina01 = 1652

 -- Profile Likelihood -- 
Limit: r < 1.56919 @ 95% CL
Done in 0.00 min (cpu), 0.00 min (real)
Generate toy 125/500
  1) RooRealVar:: n_obs_bina01 = 1945

 -- Profile Likelihood -- 
Limit: r < 4.24588 @ 95% CL
Done in 0.00 min (cpu), 0.00 min (real)
Generate toy 126/500
  1) RooRealVar:: n_obs_bina01 = 2036

 -- Profile Likelihood -- 
Limit: r < 5.32156 @ 95% CL
Done in 0.00 min (cpu), 0.00 min (real)
Generate toy 127/500
  1) RooRealVar:: n_obs_bina01 = 1812

 -- Profile Likelihood -- 
Limit: r < 2.74244 @ 95% CL
Done in 0.00 min (cpu), 0.00 min (real)
Generate toy 128/500
  1) RooRealVar:: n_obs_bina01 = 2038

 -- Profile Likelihood -- 
Limit: r < 5.34519 @ 95% CL
Done in 0.00 min (cpu), 0.00 min (real)
Generate toy 129/500
  1) RooRealVar:: n_obs_bina01 = 1656

 -- Profile Likelihood -- 
Limit: r < 1.59014 @ 95% CL
Done in 0.00 min (cpu), 0.00 min (real)
Generate toy 130/500
  1) RooRealVar:: n_obs_bina01 = 2090

 -- Profile Likelihood -- 
Limit: r < 5.95977 @ 95% CL
Done in 0.00 min (cpu), 0.00 min (real)
Generate toy 131/500
  1) RooRealVar:: n_obs_bina01 = 1838

 -- Profile Likelihood -- 
Limit: r < 3.00579 @ 95% CL
Done in 0.00 min (cpu), 0.00 min (real)
Generate toy 132/500
  1) RooRealVar:: n_obs_bina01 = 1672

 -- Profile Likelihood -- 
Limit: r < 1.67862 @ 95% CL
Done in 0.00 min (cpu), 0.00 min (real)
Generate toy 133/500
  1) RooRealVar:: n_obs_bina01 = 1487

 -- Profile Likelihood -- 
Limit: r < 0.932555 @ 95% CL
Done in 0.00 min (cpu), 0.00 min (real)
Generate toy 134/500
  1) RooRealVar:: n_obs_bina01 = 1703

 -- Profile Likelihood -- 
Limit: r < 1.86721 @ 95% CL
Done in 0.00 min (cpu), 0.00 min (real)
Generate toy 135/500
  1) RooRealVar:: n_obs_bina01 = 1649

 -- Profile Likelihood -- 
Limit: r < 1.55346 @ 95% CL
Done in 0.00 min (cpu), 0.00 min (real)
Generate toy 136/500
  1) RooRealVar:: n_obs_bina01 = 1997

 -- Profile Likelihood -- 
Limit: r < 4.86054 @ 95% CL
Done in 0.00 min (cpu), 0.00 min (real)
Generate toy 137/500
  1) RooRealVar:: n_obs_bina01 = 1840

 -- Profile Likelihood -- 
Limit: r < 3.02697 @ 95% CL
Done in 0.00 min (cpu), 0.00 min (real)
Generate toy 138/500
  1) RooRealVar:: n_obs_bina01 = 2119

 -- Profile Likelihood -- 
Limit: r < 6.30251 @ 95% CL
Done in 0.00 min (cpu), 0.00 min (real)
Generate toy 139/500
  1) RooRealVar:: n_obs_bina01 = 1760

 -- Profile Likelihood -- 
Limit: r < 2.2805 @ 95% CL
Done in 0.00 min (cpu), 0.00 min (real)
Generate toy 140/500
  1) RooRealVar:: n_obs_bina01 = 1731

 -- Profile Likelihood -- 
Limit: r < 2.05881 @ 95% CL
Done in 0.00 min (cpu), 0.00 min (real)
Generate toy 141/500
  1) RooRealVar:: n_obs_bina01 = 1901

 -- Profile Likelihood -- 
Limit: r < 3.72578 @ 95% CL
Done in 0.00 min (cpu), 0.00 min (real)
Generate toy 142/500
  1) RooRealVar:: n_obs_bina01 = 1685

 -- Profile Likelihood -- 
Limit: r < 1.75485 @ 95% CL
Done in 0.00 min (cpu), 0.00 min (real)
Generate toy 143/500
  1) RooRealVar:: n_obs_bina01 = 1768

 -- Profile Likelihood -- 
Limit: r < 2.34605 @ 95% CL
Done in 0.00 min (cpu), 0.00 min (real)
Generate toy 144/500
  1) RooRealVar:: n_obs_bina01 = 1751

 -- Profile Likelihood -- 
Limit: r < 2.20906 @ 95% CL
Done in 0.00 min (cpu), 0.00 min (real)
Generate toy 145/500
  1) RooRealVar:: n_obs_bina01 = 1793

 -- Profile Likelihood -- 
Limit: r < 2.56371 @ 95% CL
Done in 0.00 min (cpu), 0.00 min (real)
Generate toy 146/500
  1) RooRealVar:: n_obs_bina01 = 1642

 -- Profile Likelihood -- 
Limit: r < 1.51751 @ 95% CL
Done in 0.00 min (cpu), 0.00 min (real)
Generate toy 147/500
  1) RooRealVar:: n_obs_bina01 = 2041

 -- Profile Likelihood -- 
Limit: r < 5.38065 @ 95% CL
Done in 0.00 min (cpu), 0.00 min (real)
Generate toy 148/500
  1) RooRealVar:: n_obs_bina01 = 2012

 -- Profile Likelihood -- 
Limit: r < 5.03818 @ 95% CL
Done in 0.00 min (cpu), 0.00 min (real)
Generate toy 149/500
  1) RooRealVar:: n_obs_bina01 = 1883

 -- Profile Likelihood -- 
Limit: r < 3.5133 @ 95% CL
Done in 0.00 min (cpu), 0.00 min (real)
Generate toy 150/500
  1) RooRealVar:: n_obs_bina01 = 1884

 -- Profile Likelihood -- 
Limit: r < 3.5251 @ 95% CL
Done in 0.00 min (cpu), 0.00 min (real)
Generate toy 151/500
  1) RooRealVar:: n_obs_bina01 = 2011

 -- Profile Likelihood -- 
Limit: r < 5.02652 @ 95% CL
Done in 0.00 min (cpu), 0.00 min (real)
Generate toy 152/500
  1) RooRealVar:: n_obs_bina01 = 1913

 -- Profile Likelihood -- 
Limit: r < 3.86804 @ 95% CL
Done in 0.00 min (cpu), 0.00 min (real)
Generate toy 153/500
  1) RooRealVar:: n_obs_bina01 = 1831

 -- Profile Likelihood -- 
Limit: r < 2.93299 @ 95% CL
Done in 0.00 min (cpu), 0.00 min (real)
Generate toy 154/500
  1) RooRealVar:: n_obs_bina01 = 2109

 -- Profile Likelihood -- 
Limit: r < 6.18432 @ 95% CL
Done in 0.00 min (cpu), 0.00 min (real)
Generate toy 155/500
  1) RooRealVar:: n_obs_bina01 = 1626

 -- Profile Likelihood -- 
Limit: r < 1.4391 @ 95% CL
Done in 0.00 min (cpu), 0.00 min (real)
Generate toy 156/500
  1) RooRealVar:: n_obs_bina01 = 1751

 -- Profile Likelihood -- 
Limit: r < 2.20906 @ 95% CL
Done in 0.00 min (cpu), 0.00 min (real)
Generate toy 157/500
  1) RooRealVar:: n_obs_bina01 = 1754

 -- Profile Likelihood -- 
Limit: r < 2.2326 @ 95% CL
Done in 0.00 min (cpu), 0.00 min (real)
Generate toy 158/500
  1) RooRealVar:: n_obs_bina01 = 1957

 -- Profile Likelihood -- 
Limit: r < 4.38756 @ 95% CL
Done in 0.00 min (cpu), 0.00 min (real)
Generate toy 159/500
  1) RooRealVar:: n_obs_bina01 = 1910

 -- Profile Likelihood -- 
Limit: r < 3.83215 @ 95% CL
Done in 0.00 min (cpu), 0.00 min (real)
Generate toy 160/500
  1) RooRealVar:: n_obs_bina01 = 2180

 -- Profile Likelihood -- 
Limit: r < 7.02346 @ 95% CL
Done in 0.00 min (cpu), 0.00 min (real)
Generate toy 161/500
  1) RooRealVar:: n_obs_bina01 = 1542

 -- Profile Likelihood -- 
Limit: r < 1.1009 @ 95% CL
Done in 0.00 min (cpu), 0.00 min (real)
Generate toy 162/500
  1) RooRealVar:: n_obs_bina01 = 2060

 -- Profile Likelihood -- 
Limit: r < 5.60521 @ 95% CL
Done in 0.00 min (cpu), 0.00 min (real)
Generate toy 163/500
  1) RooRealVar:: n_obs_bina01 = 2252

 -- Profile Likelihood -- 
Limit: r < 7.87444 @ 95% CL
Done in 0.00 min (cpu), 0.00 min (real)
Generate toy 164/500
  1) RooRealVar:: n_obs_bina01 = 1874

 -- Profile Likelihood -- 
Limit: r < 3.40678 @ 95% CL
Done in 0.00 min (cpu), 0.00 min (real)
Generate toy 165/500
  1) RooRealVar:: n_obs_bina01 = 1806

 -- Profile Likelihood -- 
Limit: r < 2.68473 @ 95% CL
Done in 0.00 min (cpu), 0.00 min (real)
Generate toy 166/500
  1) RooRealVar:: n_obs_bina01 = 2073

 -- Profile Likelihood -- 
Limit: r < 5.75885 @ 95% CL
Done in 0.00 min (cpu), 0.00 min (real)
Generate toy 167/500
  1) RooRealVar:: n_obs_bina01 = 1894

 -- Profile Likelihood -- 
Limit: r < 3.64323 @ 95% CL
Done in 0.00 min (cpu), 0.00 min (real)
Generate toy 168/500
  1) RooRealVar:: n_obs_bina01 = 2169

 -- Profile Likelihood -- 
Limit: r < 6.89345 @ 95% CL
Done in 0.00 min (cpu), 0.00 min (real)
Generate toy 169/500
  1) RooRealVar:: n_obs_bina01 = 1868

 -- Profile Likelihood -- 
Limit: r < 3.33734 @ 95% CL
Done in 0.00 min (cpu), 0.00 min (real)
Generate toy 170/500
  1) RooRealVar:: n_obs_bina01 = 1913

 -- Profile Likelihood -- 
Limit: r < 3.86804 @ 95% CL
Done in 0.00 min (cpu), 0.00 min (real)
Generate toy 171/500
  1) RooRealVar:: n_obs_bina01 = 1990

 -- Profile Likelihood -- 
Limit: r < 4.77778 @ 95% CL
Done in 0.00 min (cpu), 0.00 min (real)
Generate toy 172/500
  1) RooRealVar:: n_obs_bina01 = 1503

 -- Profile Likelihood -- 
Limit: r < 0.977969 @ 95% CL
Done in 0.00 min (cpu), 0.00 min (real)
Generate toy 173/500
  1) RooRealVar:: n_obs_bina01 = 2091

 -- Profile Likelihood -- 
Limit: r < 5.97159 @ 95% CL
Done in 0.00 min (cpu), 0.00 min (real)
Generate toy 174/500
  1) RooRealVar:: n_obs_bina01 = 1815

 -- Profile Likelihood -- 
Limit: r < 2.77173 @ 95% CL
Done in 0.00 min (cpu), 0.00 min (real)
Generate toy 175/500
  1) RooRealVar:: n_obs_bina01 = 1706

 -- Profile Likelihood -- 
Limit: r < 1.88674 @ 95% CL
Done in 0.00 min (cpu), 0.00 min (real)
Generate toy 176/500
  1) RooRealVar:: n_obs_bina01 = 1898

 -- Profile Likelihood -- 
Limit: r < 3.69035 @ 95% CL
Done in 0.00 min (cpu), 0.00 min (real)
Generate toy 177/500
  1) RooRealVar:: n_obs_bina01 = 1920

 -- Profile Likelihood -- 
Limit: r < 3.95053 @ 95% CL
Done in 0.00 min (cpu), 0.00 min (real)
Generate toy 178/500
  1) RooRealVar:: n_obs_bina01 = 1888

 -- Profile Likelihood -- 
Limit: r < 3.5721 @ 95% CL
Done in 0.00 min (cpu), 0.00 min (real)
Generate toy 179/500
  1) RooRealVar:: n_obs_bina01 = 2067

 -- Profile Likelihood -- 
Limit: r < 5.68794 @ 95% CL
Done in 0.00 min (cpu), 0.00 min (real)
Generate toy 180/500
  1) RooRealVar:: n_obs_bina01 = 1621

 -- Profile Likelihood -- 
Limit: r < 1.41562 @ 95% CL
Done in 0.00 min (cpu), 0.00 min (real)
Generate toy 181/500
  1) RooRealVar:: n_obs_bina01 = 1808

 -- Profile Likelihood -- 
Limit: r < 2.70384 @ 95% CL
Done in 0.00 min (cpu), 0.00 min (real)
Generate toy 182/500
  1) RooRealVar:: n_obs_bina01 = 1695

 -- Profile Likelihood -- 
Limit: r < 1.81627 @ 95% CL
Done in 0.00 min (cpu), 0.00 min (real)
Generate toy 183/500
  1) RooRealVar:: n_obs_bina01 = 1870

 -- Profile Likelihood -- 
Limit: r < 3.3602 @ 95% CL
Done in 0.00 min (cpu), 0.00 min (real)
Generate toy 184/500
  1) RooRealVar:: n_obs_bina01 = 1824

 -- Profile Likelihood -- 
Limit: r < 2.86138 @ 95% CL
Done in 0.00 min (cpu), 0.00 min (real)
Generate toy 185/500
  1) RooRealVar:: n_obs_bina01 = 2047

 -- Profile Likelihood -- 
Limit: r < 5.45157 @ 95% CL
Done in 0.00 min (cpu), 0.00 min (real)
Generate toy 186/500
  1) RooRealVar:: n_obs_bina01 = 1838

 -- Profile Likelihood -- 
Limit: r < 3.00579 @ 95% CL
Done in 0.00 min (cpu), 0.00 min (real)
Generate toy 187/500
  1) RooRealVar:: n_obs_bina01 = 1811

 -- Profile Likelihood -- 
Limit: r < 2.73274 @ 95% CL
Done in 0.00 min (cpu), 0.00 min (real)
Generate toy 188/500
  1) RooRealVar:: n_obs_bina01 = 1730

 -- Profile Likelihood -- 
Limit: r < 2.05159 @ 95% CL
Done in 0.00 min (cpu), 0.00 min (real)
Generate toy 189/500
  1) RooRealVar:: n_obs_bina01 = 2228

 -- Profile Likelihood -- 
Limit: r < 7.59078 @ 95% CL
Done in 0.00 min (cpu), 0.00 min (real)
Generate toy 190/500
  1) RooRealVar:: n_obs_bina01 = 1915

 -- Profile Likelihood -- 
Limit: r < 3.89158 @ 95% CL
Done in 0.00 min (cpu), 0.00 min (real)
Generate toy 191/500
  1) RooRealVar:: n_obs_bina01 = 1931

 -- Profile Likelihood -- 
Limit: r < 4.08043 @ 95% CL
Done in 0.00 min (cpu), 0.00 min (real)
Generate toy 192/500
  1) RooRealVar:: n_obs_bina01 = 2157

 -- Profile Likelihood -- 
Limit: r < 6.75162 @ 95% CL
Done in 0.00 min (cpu), 0.00 min (real)
Generate toy 193/500
  1) RooRealVar:: n_obs_bina01 = 1820

 -- Profile Likelihood -- 
Limit: r < 2.8212 @ 95% CL
Done in 0.00 min (cpu), 0.00 min (real)
Generate toy 194/500
  1) RooRealVar:: n_obs_bina01 = 2082

 -- Profile Likelihood -- 
Limit: r < 5.86522 @ 95% CL
Done in 0.00 min (cpu), 0.00 min (real)
Generate toy 195/500
  1) RooRealVar:: n_obs_bina01 = 1800

 -- Profile Likelihood -- 
Limit: r < 2.6282 @ 95% CL
Done in 0.00 min (cpu), 0.00 min (real)
Generate toy 196/500
  1) RooRealVar:: n_obs_bina01 = 1873

 -- Profile Likelihood -- 
Limit: r < 3.39507 @ 95% CL
Done in 0.00 min (cpu), 0.00 min (real)
Generate toy 197/500
  1) RooRealVar:: n_obs_bina01 = 1898

 -- Profile Likelihood -- 
Limit: r < 3.69035 @ 95% CL
Done in 0.00 min (cpu), 0.00 min (real)
Generate toy 198/500
  1) RooRealVar:: n_obs_bina01 = 2148

 -- Profile Likelihood -- 
Limit: r < 6.64525 @ 95% CL
Done in 0.00 min (cpu), 0.00 min (real)
Generate toy 199/500
  1) RooRealVar:: n_obs_bina01 = 2033

 -- Profile Likelihood -- 
Limit: r < 5.2861 @ 95% CL
Done in 0.00 min (cpu), 0.00 min (real)
Generate toy 200/500
  1) RooRealVar:: n_obs_bina01 = 2081

 -- Profile Likelihood -- 
Limit: r < 5.8534 @ 95% CL
Done in 0.00 min (cpu), 0.00 min (real)
Generate toy 201/500
  1) RooRealVar:: n_obs_bina01 = 1797

 -- Profile Likelihood -- 
Limit: r < 2.60037 @ 95% CL
Done in 0.00 min (cpu), 0.00 min (real)
Generate toy 202/500
  1) RooRealVar:: n_obs_bina01 = 2235

 -- Profile Likelihood -- 
Limit: r < 7.67351 @ 95% CL
Done in 0.00 min (cpu), 0.00 min (real)
Generate toy 203/500
  1) RooRealVar:: n_obs_bina01 = 1782

 -- Profile Likelihood -- 
Limit: r < 2.46553 @ 95% CL
Done in 0.00 min (cpu), 0.00 min (real)
Generate toy 204/500
  1) RooRealVar:: n_obs_bina01 = 1905

 -- Profile Likelihood -- 
Limit: r < 3.77305 @ 95% CL
Done in 0.00 min (cpu), 0.00 min (real)
Generate toy 205/500
  1) RooRealVar:: n_obs_bina01 = 1671

 -- Profile Likelihood -- 
Limit: r < 1.67292 @ 95% CL
Done in 0.00 min (cpu), 0.00 min (real)
Generate toy 206/500
  1) RooRealVar:: n_obs_bina01 = 1562

 -- Profile Likelihood -- 
Limit: r < 1.17151 @ 95% CL
Done in 0.00 min (cpu), 0.00 min (real)
Generate toy 207/500
  1) RooRealVar:: n_obs_bina01 = 1717

 -- Profile Likelihood -- 
Limit: r < 1.96036 @ 95% CL
Done in 0.00 min (cpu), 0.00 min (real)
Generate toy 208/500
  1) RooRealVar:: n_obs_bina01 = 2265

 -- Profile Likelihood -- 
Limit: r < 8.02809 @ 95% CL
Done in 0.00 min (cpu), 0.00 min (real)
Generate toy 209/500
  1) RooRealVar:: n_obs_bina01 = 1995

 -- Profile Likelihood -- 
Limit: r < 4.8369 @ 95% CL
Done in 0.00 min (cpu), 0.00 min (real)
Generate toy 210/500
  1) RooRealVar:: n_obs_bina01 = 2263

 -- Profile Likelihood -- 
Limit: r < 8.00445 @ 95% CL
Done in 0.00 min (cpu), 0.00 min (real)
Generate toy 211/500
  1) RooRealVar:: n_obs_bina01 = 2151

 -- Profile Likelihood -- 
Limit: r < 6.68071 @ 95% CL
Done in 0.00 min (cpu), 0.00 min (real)
Generate toy 212/500
  1) RooRealVar:: n_obs_bina01 = 2077

 -- Profile Likelihood -- 
Limit: r < 5.80613 @ 95% CL
Done in 0.00 min (cpu), 0.00 min (real)
Generate toy 213/500
  1) RooRealVar:: n_obs_bina01 = 2056

 -- Profile Likelihood -- 
Limit: r < 5.55794 @ 95% CL
Done in 0.00 min (cpu), 0.00 min (real)
Generate toy 214/500
  1) RooRealVar:: n_obs_bina01 = 1904

 -- Profile Likelihood -- 
Limit: r < 3.76123 @ 95% CL
Done in 0.00 min (cpu), 0.00 min (real)
Generate toy 215/500
  1) RooRealVar:: n_obs_bina01 = 1950

 -- Profile Likelihood -- 
Limit: r < 4.30498 @ 95% CL
Done in 0.00 min (cpu), 0.00 min (real)
Generate toy 216/500
  1) RooRealVar:: n_obs_bina01 = 1454

 -- Profile Likelihood -- 
Limit: r < 0.846947 @ 95% CL
Done in 0.00 min (cpu), 0.00 min (real)
Generate toy 217/500
  1) RooRealVar:: n_obs_bina01 = 1806

 -- Profile Likelihood -- 
Limit: r < 2.68473 @ 95% CL
Done in 0.00 min (cpu), 0.00 min (real)
Generate toy 218/500
  1) RooRealVar:: n_obs_bina01 = 1742

 -- Profile Likelihood -- 
Limit: r < 2.14001 @ 95% CL
Done in 0.00 min (cpu), 0.00 min (real)
Generate toy 219/500
  1) RooRealVar:: n_obs_bina01 = 1640

 -- Profile Likelihood -- 
Limit: r < 1.50743 @ 95% CL
Done in 0.00 min (cpu), 0.00 min (real)
Generate toy 220/500
  1) RooRealVar:: n_obs_bina01 = 1928

 -- Profile Likelihood -- 
Limit: r < 4.04499 @ 95% CL
Done in 0.00 min (cpu), 0.00 min (real)
Generate toy 221/500
  1) RooRealVar:: n_obs_bina01 = 1809

 -- Profile Likelihood -- 
Limit: r < 2.71344 @ 95% CL
Done in 0.00 min (cpu), 0.00 min (real)
Generate toy 222/500
  1) RooRealVar:: n_obs_bina01 = 1773

 -- Profile Likelihood -- 
Limit: r < 2.38803 @ 95% CL
Done in 0.00 min (cpu), 0.00 min (real)
Generate toy 223/500
  1) RooRealVar:: n_obs_bina01 = 1801

 -- Profile Likelihood -- 
Limit: r < 2.63754 @ 95% CL
Done in 0.00 min (cpu), 0.00 min (real)
Generate toy 224/500
  1) RooRealVar:: n_obs_bina01 = 1800

 -- Profile Likelihood -- 
Limit: r < 2.6282 @ 95% CL
Done in 0.00 min (cpu), 0.00 min (real)
Generate toy 225/500
  1) RooRealVar:: n_obs_bina01 = 1561

 -- Profile Likelihood -- 
Limit: r < 1.16784 @ 95% CL
Done in 0.00 min (cpu), 0.00 min (real)
Generate toy 226/500
  1) RooRealVar:: n_obs_bina01 = 1768

 -- Profile Likelihood -- 
Limit: r < 2.34605 @ 95% CL
Done in 0.00 min (cpu), 0.00 min (real)
Generate toy 227/500
  1) RooRealVar:: n_obs_bina01 = 1788

 -- Profile Likelihood -- 
Limit: r < 2.51861 @ 95% CL
Done in 0.00 min (cpu), 0.00 min (real)
Generate toy 228/500
  1) RooRealVar:: n_obs_bina01 = 1572

 -- Profile Likelihood -- 
Limit: r < 1.20894 @ 95% CL
Done in 0.00 min (cpu), 0.00 min (real)
Generate toy 229/500
  1) RooRealVar:: n_obs_bina01 = 2127

 -- Profile Likelihood -- 
Limit: r < 6.39706 @ 95% CL
Done in 0.00 min (cpu), 0.00 min (real)
Generate toy 230/500
  1) RooRealVar:: n_obs_bina01 = 1609

 -- Profile Likelihood -- 
Limit: r < 1.36118 @ 95% CL
Done in 0.00 min (cpu), 0.00 min (real)
Generate toy 231/500
  1) RooRealVar:: n_obs_bina01 = 1524

 -- Profile Likelihood -- 
Limit: r < 1.04188 @ 95% CL
Done in 0.00 min (cpu), 0.00 min (real)
Generate toy 232/500
  1) RooRealVar:: n_obs_bina01 = 2031

 -- Profile Likelihood -- 
Limit: r < 5.26246 @ 95% CL
Done in 0.00 min (cpu), 0.00 min (real)
Generate toy 233/500
  1) RooRealVar:: n_obs_bina01 = 1503

 -- Profile Likelihood -- 
Limit: r < 0.977969 @ 95% CL
Done in 0.00 min (cpu), 0.00 min (real)
Generate toy 234/500
  1) RooRealVar:: n_obs_bina01 = 1799

 -- Profile Likelihood -- 
Limit: r < 2.61889 @ 95% CL
Done in 0.00 min (cpu), 0.00 min (real)
Generate toy 235/500
  1) RooRealVar:: n_obs_bina01 = 1853

 -- Profile Likelihood -- 
Limit: r < 3.16783 @ 95% CL
Done in 0.00 min (cpu), 0.00 min (real)
Generate toy 236/500
  1) RooRealVar:: n_obs_bina01 = 1938

 -- Profile Likelihood -- 
Limit: r < 4.16316 @ 95% CL
Done in 0.00 min (cpu), 0.00 min (real)
Generate toy 237/500
  1) RooRealVar:: n_obs_bina01 = 1911

 -- Profile Likelihood -- 
Limit: r < 3.84397 @ 95% CL
Done in 0.00 min (cpu), 0.00 min (real)
Generate toy 238/500
  1) RooRealVar:: n_obs_bina01 = 1893

 -- Profile Likelihood -- 
Limit: r < 3.6315 @ 95% CL
Done in 0.00 min (cpu), 0.00 min (real)
Generate toy 239/500
  1) RooRealVar:: n_obs_bina01 = 2254

 -- Profile Likelihood -- 
Limit: r < 7.89807 @ 95% CL
Done in 0.00 min (cpu), 0.00 min (real)
Generate toy 240/500
  1) RooRealVar:: n_obs_bina01 = 1759

 -- Profile Likelihood -- 
Limit: r < 2.27244 @ 95% CL
Done in 0.00 min (cpu), 0.00 min (real)
Generate toy 241/500
  1) RooRealVar:: n_obs_bina01 = 1802

 -- Profile Likelihood -- 
Limit: r < 2.64692 @ 95% CL
Done in 0.00 min (cpu), 0.00 min (real)
Generate toy 242/500
  1) RooRealVar:: n_obs_bina01 = 1658

 -- Profile Likelihood -- 
Limit: r < 1.60089 @ 95% CL
Done in 0.00 min (cpu), 0.00 min (real)
Generate toy 243/500
  1) RooRealVar:: n_obs_bina01 = 2069

 -- Profile Likelihood -- 
Limit: r < 5.71158 @ 95% CL
Done in 0.00 min (cpu), 0.00 min (real)
Generate toy 244/500
  1) RooRealVar:: n_obs_bina01 = 2082

 -- Profile Likelihood -- 
Limit: r < 5.86522 @ 95% CL
Done in 0.00 min (cpu), 0.00 min (real)
Generate toy 245/500
  1) RooRealVar:: n_obs_bina01 = 1930

 -- Profile Likelihood -- 
Limit: r < 4.06861 @ 95% CL
Done in 0.00 min (cpu), 0.00 min (real)
Generate toy 246/500
  1) RooRealVar:: n_obs_bina01 = 1803

 -- Profile Likelihood -- 
Limit: r < 2.65632 @ 95% CL
Done in 0.00 min (cpu), 0.00 min (real)
Generate toy 247/500
  1) RooRealVar:: n_obs_bina01 = 1793

 -- Profile Likelihood -- 
Limit: r < 2.56371 @ 95% CL
Done in 0.00 min (cpu), 0.00 min (real)
Generate toy 248/500
  1) RooRealVar:: n_obs_bina01 = 1974

 -- Profile Likelihood -- 
Limit: r < 4.58852 @ 95% CL
Done in 0.00 min (cpu), 0.00 min (real)
Generate toy 249/500
  1) RooRealVar:: n_obs_bina01 = 1735

 -- Profile Likelihood -- 
Limit: r < 2.08794 @ 95% CL
Done in 0.00 min (cpu), 0.00 min (real)
Generate toy 250/500
  1) RooRealVar:: n_obs_bina01 = 1869

 -- Profile Likelihood -- 
Limit: r < 3.34874 @ 95% CL
Done in 0.00 min (cpu), 0.00 min (real)
Generate toy 251/500
  1) RooRealVar:: n_obs_bina01 = 2259

 -- Profile Likelihood -- 
Limit: r < 7.95717 @ 95% CL
Done in 0.00 min (cpu), 0.00 min (real)
Generate toy 252/500
  1) RooRealVar:: n_obs_bina01 = 1782

 -- Profile Likelihood -- 
Limit: r < 2.46553 @ 95% CL
Done in 0.00 min (cpu), 0.00 min (real)
Generate toy 253/500
  1) RooRealVar:: n_obs_bina01 = 1919

 -- Profile Likelihood -- 
Limit: r < 3.93873 @ 95% CL
Done in 0.00 min (cpu), 0.00 min (real)
Generate toy 254/500
  1) RooRealVar:: n_obs_bina01 = 1876

 -- Profile Likelihood -- 
Limit: r < 3.43056 @ 95% CL
Done in 0.00 min (cpu), 0.00 min (real)
Generate toy 255/500
  1) RooRealVar:: n_obs_bina01 = 1900

 -- Profile Likelihood -- 
Limit: r < 3.71397 @ 95% CL
Done in 0.00 min (cpu), 0.00 min (real)
Generate toy 256/500
  1) RooRealVar:: n_obs_bina01 = 1919

 -- Profile Likelihood -- 
Limit: r < 3.93873 @ 95% CL
Done in 0.00 min (cpu), 0.00 min (real)
Generate toy 257/500
  1) RooRealVar:: n_obs_bina01 = 1778
Done in 0.00 min (cpu), 0.00 min (real)
Generate toy 258/500
  1) RooRealVar:: n_obs_bina01 = 1768

 -- Profile Likelihood -- 
Limit: r < 2.34605 @ 95% CL
Done in 0.00 min (cpu), 0.00 min (real)
Generate toy 259/500
  1) RooRealVar:: n_obs_bina01 = 1803

 -- Profile Likelihood -- 
Limit: r < 2.65632 @ 95% CL
Done in 0.00 min (cpu), 0.00 min (real)
Generate toy 260/500
  1) RooRealVar:: n_obs_bina01 = 1798

 -- Profile Likelihood -- 
Limit: r < 2.60962 @ 95% CL
Done in 0.00 min (cpu), 0.00 min (real)
Generate toy 261/500
  1) RooRealVar:: n_obs_bina01 = 1867

 -- Profile Likelihood -- 
Limit: r < 3.32594 @ 95% CL
Done in 0.00 min (cpu), 0.00 min (real)
Generate toy 262/500
  1) RooRealVar:: n_obs_bina01 = 2222

 -- Profile Likelihood -- 
Limit: r < 7.51986 @ 95% CL
Done in 0.00 min (cpu), 0.00 min (real)
Generate toy 263/500
  1) RooRealVar:: n_obs_bina01 = 2033

 -- Profile Likelihood -- 
Limit: r < 5.2861 @ 95% CL
Done in 0.00 min (cpu), 0.00 min (real)
Generate toy 264/500
  1) RooRealVar:: n_obs_bina01 = 1894

 -- Profile Likelihood -- 
Limit: r < 3.64323 @ 95% CL
Done in 0.00 min (cpu), 0.00 min (real)
Generate toy 265/500
  1) RooRealVar:: n_obs_bina01 = 1728

 -- Profile Likelihood -- 
Limit: r < 2.03725 @ 95% CL
Done in 0.00 min (cpu), 0.00 min (real)
Generate toy 266/500
  1) RooRealVar:: n_obs_bina01 = 2094

 -- Profile Likelihood -- 
Limit: r < 6.00704 @ 95% CL
Done in 0.00 min (cpu), 0.00 min (real)
Generate toy 267/500
  1) RooRealVar:: n_obs_bina01 = 1658

 -- Profile Likelihood -- 
Limit: r < 1.60089 @ 95% CL
Done in 0.00 min (cpu), 0.00 min (real)
Generate toy 268/500
  1) RooRealVar:: n_obs_bina01 = 1750

 -- Profile Likelihood -- 
Limit: r < 2.20127 @ 95% CL
Done in 0.00 min (cpu), 0.00 min (real)
Generate toy 269/500
  1) RooRealVar:: n_obs_bina01 = 2000

 -- Profile Likelihood -- 
Limit: r < 4.89601 @ 95% CL
Done in 0.00 min (cpu), 0.00 min (real)
Generate toy 270/500
  1) RooRealVar:: n_obs_bina01 = 1755

 -- Profile Likelihood -- 
Limit: r < 2.24051 @ 95% CL
Done in 0.00 min (cpu), 0.00 min (real)
Generate toy 271/500
  1) RooRealVar:: n_obs_bina01 = 1820

 -- Profile Likelihood -- 
Limit: r < 2.8212 @ 95% CL
Done in 0.00 min (cpu), 0.00 min (real)
Generate toy 272/500
  1) RooRealVar:: n_obs_bina01 = 1856

 -- Profile Likelihood -- 
Limit: r < 3.20116 @ 95% CL
Done in 0.00 min (cpu), 0.00 min (real)
Generate toy 273/500
  1) RooRealVar:: n_obs_bina01 = 2022

 -- Profile Likelihood -- 
Limit: r < 5.15493 @ 95% CL
Done in 0.00 min (cpu), 0.00 min (real)
Generate toy 274/500
  1) RooRealVar:: n_obs_bina01 = 2040

 -- Profile Likelihood -- 
Limit: r < 5.36883 @ 95% CL
Done in 0.00 min (cpu), 0.00 min (real)
Generate toy 275/500
  1) RooRealVar:: n_obs_bina01 = 1712

 -- Profile Likelihood -- 
Limit: r < 1.9265 @ 95% CL
Done in 0.00 min (cpu), 0.00 min (real)
Generate toy 276/500
  1) RooRealVar:: n_obs_bina01 = 1723

 -- Profile Likelihood -- 
Limit: r < 2.00189 @ 95% CL
Done in 0.00 min (cpu), 0.00 min (real)
Generate toy 277/500
  1) RooRealVar:: n_obs_bina01 = 1681

 -- Profile Likelihood -- 
Limit: r < 1.73097 @ 95% CL
Done in 0.00 min (cpu), 0.00 min (real)
Generate toy 278/500
  1) RooRealVar:: n_obs_bina01 = 1543

 -- Profile Likelihood -- 
Limit: r < 1.10431 @ 95% CL
Done in 0.00 min (cpu), 0.00 min (real)
Generate toy 279/500
  1) RooRealVar:: n_obs_bina01 = 1851

 -- Profile Likelihood -- 
Limit: r < 3.14579 @ 95% CL
Done in 0.00 min (cpu), 0.00 min (real)
Generate toy 280/500
  1) RooRealVar:: n_obs_bina01 = 2024

 -- Profile Likelihood -- 
Limit: r < 5.17972 @ 95% CL
Done in 0.00 min (cpu), 0.00 min (real)
Generate toy 281/500
  1) RooRealVar:: n_obs_bina01 = 2030

 -- Profile Likelihood -- 
Limit: r < 5.25064 @ 95% CL
Done in 0.00 min (cpu), 0.00 min (real)
Generate toy 282/500
  1) RooRealVar:: n_obs_bina01 = 2157

 -- Profile Likelihood -- 
Limit: r < 6.75162 @ 95% CL
Done in 0.00 min (cpu), 0.00 min (real)
Generate toy 283/500
  1) RooRealVar:: n_obs_bina01 = 1673

 -- Profile Likelihood -- 
Limit: r < 1.68434 @ 95% CL
Done in 0.00 min (cpu), 0.00 min (real)
Generate toy 284/500
  1) RooRealVar:: n_obs_bina01 = 1885

 -- Profile Likelihood -- 
Limit: r < 3.53683 @ 95% CL
Done in 0.00 min (cpu), 0.00 min (real)
Generate toy 285/500
  1) RooRealVar:: n_obs_bina01 = 1864

 -- Profile Likelihood -- 
Limit: r < 3.29121 @ 95% CL
Done in 0.00 min (cpu), 0.00 min (real)
Generate toy 286/500
  1) RooRealVar:: n_obs_bina01 = 2157

 -- Profile Likelihood -- 
Limit: r < 6.75162 @ 95% CL
Done in 0.00 min (cpu), 0.00 min (real)
Generate toy 287/500
  1) RooRealVar:: n_obs_bina01 = 1953

 -- Profile Likelihood -- 
Limit: r < 4.34037 @ 95% CL
Done in 0.00 min (cpu), 0.00 min (real)
Generate toy 288/500
  1) RooRealVar:: n_obs_bina01 = 1995

 -- Profile Likelihood -- 
Limit: r < 4.8369 @ 95% CL
Done in 0.00 min (cpu), 0.00 min (real)
Generate toy 289/500
  1) RooRealVar:: n_obs_bina01 = 1953

 -- Profile Likelihood -- 
Limit: r < 4.34037 @ 95% CL
Done in 0.00 min (cpu), 0.00 min (real)
Generate toy 290/500
  1) RooRealVar:: n_obs_bina01 = 1737

 -- Profile Likelihood -- 
Limit: r < 2.10267 @ 95% CL
Done in 0.00 min (cpu), 0.00 min (real)
Generate toy 291/500
  1) RooRealVar:: n_obs_bina01 = 1866

 -- Profile Likelihood -- 
Limit: r < 3.31407 @ 95% CL
Done in 0.00 min (cpu), 0.00 min (real)
Generate toy 292/500
  1) RooRealVar:: n_obs_bina01 = 1833

 -- Profile Likelihood -- 
Limit: r < 2.95375 @ 95% CL
Done in 0.00 min (cpu), 0.00 min (real)
Generate toy 293/500
  1) RooRealVar:: n_obs_bina01 = 1974

 -- Profile Likelihood -- 
Limit: r < 4.58852 @ 95% CL
Done in 0.00 min (cpu), 0.00 min (real)
Generate toy 294/500
  1) RooRealVar:: n_obs_bina01 = 1909

 -- Profile Likelihood -- 
Limit: r < 3.82033 @ 95% CL
Done in 0.00 min (cpu), 0.00 min (real)
Generate toy 295/500
  1) RooRealVar:: n_obs_bina01 = 1913

 -- Profile Likelihood -- 
Limit: r < 3.86804 @ 95% CL
Done in 0.00 min (cpu), 0.00 min (real)
Generate toy 296/500
  1) RooRealVar:: n_obs_bina01 = 2168

 -- Profile Likelihood -- 
Limit: r < 6.88163 @ 95% CL
Done in 0.00 min (cpu), 0.00 min (real)
Generate toy 297/500
  1) RooRealVar:: n_obs_bina01 = 2013

 -- Profile Likelihood -- 
Limit: r < 5.04985 @ 95% CL
Done in 0.00 min (cpu), 0.00 min (real)
Generate toy 298/500
  1) RooRealVar:: n_obs_bina01 = 1594

 -- Profile Likelihood -- 
Limit: r < 1.29674 @ 95% CL
Done in 0.00 min (cpu), 0.00 min (real)
Generate toy 299/500
  1) RooRealVar:: n_obs_bina01 = 2233

 -- Profile Likelihood -- 
Limit: r < 7.64987 @ 95% CL
Done in 0.00 min (cpu), 0.00 min (real)
Generate toy 300/500
  1) RooRealVar:: n_obs_bina01 = 1664

 -- Profile Likelihood -- 
Limit: r < 1.63366 @ 95% CL
Done in 0.00 min (cpu), 0.00 min (real)
Generate toy 301/500
  1) RooRealVar:: n_obs_bina01 = 1998

 -- Profile Likelihood -- 
Limit: r < 4.87237 @ 95% CL
Done in 0.00 min (cpu), 0.00 min (real)
Generate toy 302/500
  1) RooRealVar:: n_obs_bina01 = 1818

 -- Profile Likelihood -- 
Limit: r < 2.80132 @ 95% CL
Done in 0.00 min (cpu), 0.00 min (real)
Generate toy 303/500
  1) RooRealVar:: n_obs_bina01 = 2064

 -- Profile Likelihood -- 
Limit: r < 5.65249 @ 95% CL
Done in 0.00 min (cpu), 0.00 min (real)
Generate toy 304/500
  1) RooRealVar:: n_obs_bina01 = 1797

 -- Profile Likelihood -- 
Limit: r < 2.60037 @ 95% CL
Done in 0.00 min (cpu), 0.00 min (real)
Generate toy 305/500
  1) RooRealVar:: n_obs_bina01 = 2036

 -- Profile Likelihood -- 
Limit: r < 5.32156 @ 95% CL
Done in 0.00 min (cpu), 0.00 min (real)
Generate toy 306/500
  1) RooRealVar:: n_obs_bina01 = 1854

 -- Profile Likelihood -- 
Limit: r < 3.1789 @ 95% CL
Done in 0.00 min (cpu), 0.00 min (real)
Generate toy 307/500
  1) RooRealVar:: n_obs_bina01 = 1823

 -- Profile Likelihood -- 
Limit: r < 2.85129 @ 95% CL
Done in 0.00 min (cpu), 0.00 min (real)
Generate toy 308/500
  1) RooRealVar:: n_obs_bina01 = 1819

 -- Profile Likelihood -- 
Limit: r < 2.81124 @ 95% CL
Done in 0.00 min (cpu), 0.00 min (real)
Generate toy 309/500
  1) RooRealVar:: n_obs_bina01 = 1866

 -- Profile Likelihood -- 
Limit: r < 3.31407 @ 95% CL
Done in 0.00 min (cpu), 0.00 min (real)
Generate toy 310/500
  1) RooRealVar:: n_obs_bina01 = 2028

 -- Profile Likelihood -- 
Limit: r < 5.227 @ 95% CL
Done in 0.00 min (cpu), 0.00 min (real)
Generate toy 311/500
  1) RooRealVar:: n_obs_bina01 = 1968

 -- Profile Likelihood -- 
Limit: r < 4.51751 @ 95% CL
Done in 0.00 min (cpu), 0.00 min (real)
Generate toy 312/500
  1) RooRealVar:: n_obs_bina01 = 1865

 -- Profile Likelihood -- 
Limit: r < 3.30262 @ 95% CL
Done in 0.00 min (cpu), 0.00 min (real)
Generate toy 313/500
  1) RooRealVar:: n_obs_bina01 = 1762

 -- Profile Likelihood -- 
Limit: r < 2.2967 @ 95% CL
Done in 0.00 min (cpu), 0.00 min (real)
Generate toy 314/500
  1) RooRealVar:: n_obs_bina01 = 1729

 -- Profile Likelihood -- 
Limit: r < 2.04441 @ 95% CL
Done in 0.00 min (cpu), 0.00 min (real)
Generate toy 315/500
  1) RooRealVar:: n_obs_bina01 = 1734

 -- Profile Likelihood -- 
Limit: r < 2.08061 @ 95% CL
Done in 0.00 min (cpu), 0.00 min (real)
Generate toy 316/500
  1) RooRealVar:: n_obs_bina01 = 2153

 -- Profile Likelihood -- 
Limit: r < 6.70435 @ 95% CL
Done in 0.00 min (cpu), 0.00 min (real)
Generate toy 317/500
  1) RooRealVar:: n_obs_bina01 = 2318

 -- Profile Likelihood -- 
Limit: r < 8.65451 @ 95% CL
Done in 0.00 min (cpu), 0.00 min (real)
Generate toy 318/500
  1) RooRealVar:: n_obs_bina01 = 1934

 -- Profile Likelihood -- 
Limit: r < 4.11588 @ 95% CL
Done in 0.00 min (cpu), 0.00 min (real)
Generate toy 319/500
  1) RooRealVar:: n_obs_bina01 = 1554

 -- Profile Likelihood -- 
Limit: r < 1.1426 @ 95% CL
Done in 0.00 min (cpu), 0.00 min (real)
Generate toy 320/500
  1) RooRealVar:: n_obs_bina01 = 1658

 -- Profile Likelihood -- 
Limit: r < 1.60089 @ 95% CL
Done in 0.00 min (cpu), 0.00 min (real)
Generate toy 321/500
  1) RooRealVar:: n_obs_bina01 = 1694

 -- Profile Likelihood -- 
Limit: r < 1.81002 @ 95% CL
Done in 0.00 min (cpu), 0.00 min (real)
Generate toy 322/500
  1) RooRealVar:: n_obs_bina01 = 2014

 -- Profile Likelihood -- 
Limit: r < 5.06152 @ 95% CL
Done in 0.00 min (cpu), 0.00 min (real)
Generate toy 323/500
  1) RooRealVar:: n_obs_bina01 = 1715

 -- Profile Likelihood -- 
Limit: r < 1.94674 @ 95% CL
Done in 0.00 min (cpu), 0.00 min (real)
Generate toy 324/500
  1) RooRealVar:: n_obs_bina01 = 1837

 -- Profile Likelihood -- 
Limit: r < 2.99525 @ 95% CL
Done in 0.00 min (cpu), 0.00 min (real)
Generate toy 325/500
  1) RooRealVar:: n_obs_bina01 = 2132

 -- Profile Likelihood -- 
Limit: r < 6.45615 @ 95% CL
Done in 0.00 min (cpu), 0.00 min (real)
Generate toy 326/500
  1) RooRealVar:: n_obs_bina01 = 1591

 -- Profile Likelihood -- 
Limit: r < 1.28431 @ 95% CL
Done in 0.00 min (cpu), 0.00 min (real)
Generate toy 327/500
  1) RooRealVar:: n_obs_bina01 = 2062

 -- Profile Likelihood -- 
Limit: r < 5.62885 @ 95% CL
Done in 0.00 min (cpu), 0.00 min (real)
Generate toy 328/500
  1) RooRealVar:: n_obs_bina01 = 2082

 -- Profile Likelihood -- 
Limit: r < 5.86522 @ 95% CL
Done in 0.00 min (cpu), 0.00 min (real)
Generate toy 329/500
  1) RooRealVar:: n_obs_bina01 = 2112

 -- Profile Likelihood -- 
Limit: r < 6.21978 @ 95% CL
Done in 0.00 min (cpu), 0.00 min (real)
Generate toy 330/500
  1) RooRealVar:: n_obs_bina01 = 1629

 -- Profile Likelihood -- 
Limit: r < 1.45341 @ 95% CL
Done in 0.00 min (cpu), 0.00 min (real)
Generate toy 331/500
  1) RooRealVar:: n_obs_bina01 = 1867

 -- Profile Likelihood -- 
Limit: r < 3.32594 @ 95% CL
Done in 0.00 min (cpu), 0.00 min (real)
Generate toy 332/500
  1) RooRealVar:: n_obs_bina01 = 2027

 -- Profile Likelihood -- 
Limit: r < 5.21518 @ 95% CL
Done in 0.00 min (cpu), 0.00 min (real)
Generate toy 333/500
  1) RooRealVar:: n_obs_bina01 = 1956

 -- Profile Likelihood -- 
Limit: r < 4.37585 @ 95% CL
Done in 0.00 min (cpu), 0.00 min (real)
Generate toy 334/500
  1) RooRealVar:: n_obs_bina01 = 1774

 -- Profile Likelihood -- 
Limit: r < 2.39652 @ 95% CL
Done in 0.00 min (cpu), 0.00 min (real)
Generate toy 335/500
  1) RooRealVar:: n_obs_bina01 = 1746

 -- Profile Likelihood -- 
Limit: r < 2.17041 @ 95% CL
Done in 0.00 min (cpu), 0.00 min (real)
Generate toy 336/500
  1) RooRealVar:: n_obs_bina01 = 1891

 -- Profile Likelihood -- 
Limit: r < 3.60755 @ 95% CL
Done in 0.00 min (cpu), 0.00 min (real)
Generate toy 337/500
  1) RooRealVar:: n_obs_bina01 = 1677

 -- Profile Likelihood -- 
Limit: r < 1.70747 @ 95% CL
Done in 0.00 min (cpu), 0.00 min (real)
Generate toy 338/500
  1) RooRealVar:: n_obs_bina01 = 1735

 -- Profile Likelihood -- 
Limit: r < 2.08794 @ 95% CL
Done in 0.00 min (cpu), 0.00 min (real)
Generate toy 339/500
  1) RooRealVar:: n_obs_bina01 = 2015

 -- Profile Likelihood -- 
Limit: r < 5.07318 @ 95% CL
Done in 0.00 min (cpu), 0.00 min (real)
Generate toy 340/500
  1) RooRealVar:: n_obs_bina01 = 1698

 -- Profile Likelihood -- 
Limit: r < 1.83518 @ 95% CL
Done in 0.00 min (cpu), 0.00 min (real)
Generate toy 341/500
  1) RooRealVar:: n_obs_bina01 = 1805

 -- Profile Likelihood -- 
Limit: r < 2.67523 @ 95% CL
Done in 0.00 min (cpu), 0.00 min (real)
Generate toy 342/500
  1) RooRealVar:: n_obs_bina01 = 1764

 -- Profile Likelihood -- 
Limit: r < 2.31303 @ 95% CL
Done in 0.00 min (cpu), 0.00 min (real)
Generate toy 343/500
  1) RooRealVar:: n_obs_bina01 = 1951

 -- Profile Likelihood -- 
Limit: r < 4.31639 @ 95% CL
Done in 0.00 min (cpu), 0.00 min (real)
Generate toy 344/500
  1) RooRealVar:: n_obs_bina01 = 1945

 -- Profile Likelihood -- 
Limit: r < 4.24588 @ 95% CL
Done in 0.00 min (cpu), 0.00 min (real)
Generate toy 345/500
  1) RooRealVar:: n_obs_bina01 = 1833

 -- Profile Likelihood -- 
Limit: r < 2.95375 @ 95% CL
Done in 0.00 min (cpu), 0.00 min (real)
Generate toy 346/500
  1) RooRealVar:: n_obs_bina01 = 1921

 -- Profile Likelihood -- 
Limit: r < 3.96233 @ 95% CL
Done in 0.00 min (cpu), 0.00 min (real)
Generate toy 347/500
  1) RooRealVar:: n_obs_bina01 = 1586

 -- Profile Likelihood -- 
Limit: r < 1.2639 @ 95% CL
Done in 0.00 min (cpu), 0.00 min (real)
Generate toy 348/500
  1) RooRealVar:: n_obs_bina01 = 2147

 -- Profile Likelihood -- 
Limit: r < 6.63344 @ 95% CL
Done in 0.00 min (cpu), 0.00 min (real)
Generate toy 349/500
  1) RooRealVar:: n_obs_bina01 = 1989

 -- Profile Likelihood -- 
Limit: r < 4.76595 @ 95% CL
Done in 0.00 min (cpu), 0.00 min (real)
Generate toy 350/500
  1) RooRealVar:: n_obs_bina01 = 2448

 -- Profile Likelihood -- 
Limit: r < 10.191 @ 95% CL
Done in 0.00 min (cpu), 0.00 min (real)
Generate toy 351/500
  1) RooRealVar:: n_obs_bina01 = 1784

 -- Profile Likelihood -- 
Limit: r < 2.4831 @ 95% CL
Done in 0.00 min (cpu), 0.00 min (real)
Generate toy 352/500
  1) RooRealVar:: n_obs_bina01 = 2153

 -- Profile Likelihood -- 
Limit: r < 6.70435 @ 95% CL
Done in 0.00 min (cpu), 0.00 min (real)
Generate toy 353/500
  1) RooRealVar:: n_obs_bina01 = 1750

 -- Profile Likelihood -- 
Limit: r < 2.20127 @ 95% CL
Done in 0.00 min (cpu), 0.00 min (real)
Generate toy 354/500
  1) RooRealVar:: n_obs_bina01 = 2124

 -- Profile Likelihood -- 
Limit: r < 6.3616 @ 95% CL
Done in 0.00 min (cpu), 0.00 min (real)
Generate toy 355/500
  1) RooRealVar:: n_obs_bina01 = 1781

 -- Profile Likelihood -- 
Limit: r < 2.4568 @ 95% CL
Done in 0.00 min (cpu), 0.00 min (real)
Generate toy 356/500
  1) RooRealVar:: n_obs_bina01 = 1762

 -- Profile Likelihood -- 
Limit: r < 2.2967 @ 95% CL
Done in 0.00 min (cpu), 0.00 min (real)
Generate toy 357/500
  1) RooRealVar:: n_obs_bina01 = 1749

 -- Profile Likelihood -- 
Limit: r < 2.19351 @ 95% CL
Done in 0.00 min (cpu), 0.00 min (real)
Generate toy 358/500
  1) RooRealVar:: n_obs_bina01 = 1993

 -- Profile Likelihood -- 
Limit: r < 4.81325 @ 95% CL
Done in 0.00 min (cpu), 0.00 min (real)
Generate toy 359/500
  1) RooRealVar:: n_obs_bina01 = 1888

 -- Profile Likelihood -- 
Limit: r < 3.5721 @ 95% CL
Done in 0.00 min (cpu), 0.00 min (real)
Generate toy 360/500
  1) RooRealVar:: n_obs_bina01 = 1602

 -- Profile Likelihood -- 
Limit: r < 1.33062 @ 95% CL
Done in 0.00 min (cpu), 0.00 min (real)
Generate toy 361/500
  1) RooRealVar:: n_obs_bina01 = 1915

 -- Profile Likelihood -- 
Limit: r < 3.89158 @ 95% CL
Done in 0.00 min (cpu), 0.00 min (real)
Generate toy 362/500
  1) RooRealVar:: n_obs_bina01 = 1867

 -- Profile Likelihood -- 
Limit: r < 3.32594 @ 95% CL
Done in 0.00 min (cpu), 0.00 min (real)
Generate toy 363/500
  1) RooRealVar:: n_obs_bina01 = 2121

 -- Profile Likelihood -- 
Limit: r < 6.32615 @ 95% CL
Done in 0.00 min (cpu), 0.00 min (real)
Generate toy 364/500
  1) RooRealVar:: n_obs_bina01 = 1802

 -- Profile Likelihood -- 
Limit: r < 2.64692 @ 95% CL
Done in 0.00 min (cpu), 0.00 min (real)
Generate toy 365/500
  1) RooRealVar:: n_obs_bina01 = 1752

 -- Profile Likelihood -- 
Limit: r < 2.21688 @ 95% CL
Done in 0.00 min (cpu), 0.00 min (real)
Generate toy 366/500
  1) RooRealVar:: n_obs_bina01 = 1664

 -- Profile Likelihood -- 
Limit: r < 1.63366 @ 95% CL
Done in 0.00 min (cpu), 0.00 min (real)
Generate toy 367/500
  1) RooRealVar:: n_obs_bina01 = 1777

 -- Profile Likelihood -- 
Limit: r < 2.42216 @ 95% CL
Done in 0.00 min (cpu), 0.00 min (real)
Generate toy 368/500
  1) RooRealVar:: n_obs_bina01 = 1747

 -- Profile Likelihood -- 
Limit: r < 2.17808 @ 95% CL
Done in 0.00 min (cpu), 0.00 min (real)
Generate toy 369/500
  1) RooRealVar:: n_obs_bina01 = 1801

 -- Profile Likelihood -- 
Limit: r < 2.63754 @ 95% CL
Done in 0.00 min (cpu), 0.00 min (real)
Generate toy 370/500
  1) RooRealVar:: n_obs_bina01 = 2213

 -- Profile Likelihood -- 
Limit: r < 7.41349 @ 95% CL
Done in 0.00 min (cpu), 0.00 min (real)
Generate toy 371/500
  1) RooRealVar:: n_obs_bina01 = 1947

 -- Profile Likelihood -- 
Limit: r < 4.26952 @ 95% CL
Done in 0.00 min (cpu), 0.00 min (real)
Generate toy 372/500
  1) RooRealVar:: n_obs_bina01 = 1859

 -- Profile Likelihood -- 
Limit: r < 3.23482 @ 95% CL
Done in 0.00 min (cpu), 0.00 min (real)
Generate toy 373/500
  1) RooRealVar:: n_obs_bina01 = 1900

 -- Profile Likelihood -- 
Limit: r < 3.71397 @ 95% CL
Done in 0.00 min (cpu), 0.00 min (real)
Generate toy 374/500
  1) RooRealVar:: n_obs_bina01 = 1845

 -- Profile Likelihood -- 
Limit: r < 3.08048 @ 95% CL
Done in 0.00 min (cpu), 0.00 min (real)
Generate toy 375/500
  1) RooRealVar:: n_obs_bina01 = 1565

 -- Profile Likelihood -- 
Limit: r < 1.18258 @ 95% CL
Done in 0.00 min (cpu), 0.00 min (real)
Generate toy 376/500
  1) RooRealVar:: n_obs_bina01 = 1800

 -- Profile Likelihood -- 
Limit: r < 2.6282 @ 95% CL
Done in 0.00 min (cpu), 0.00 min (real)
Generate toy 377/500
  1) RooRealVar:: n_obs_bina01 = 1832

 -- Profile Likelihood -- 
Limit: r < 2.94335 @ 95% CL
Done in 0.00 min (cpu), 0.00 min (real)
Generate toy 378/500
  1) RooRealVar:: n_obs_bina01 = 1721

 -- Profile Likelihood -- 
Limit: r < 1.98794 @ 95% CL
Done in 0.00 min (cpu), 0.00 min (real)
Generate toy 379/500
  1) RooRealVar:: n_obs_bina01 = 1922

 -- Profile Likelihood -- 
Limit: r < 3.97413 @ 95% CL
Done in 0.00 min (cpu), 0.00 min (real)
Generate toy 380/500
  1) RooRealVar:: n_obs_bina01 = 1870

 -- Profile Likelihood -- 
Limit: r < 3.3602 @ 95% CL
Done in 0.00 min (cpu), 0.00 min (real)
Generate toy 381/500
  1) RooRealVar:: n_obs_bina01 = 1949

 -- Profile Likelihood -- 
Limit: r < 4.29316 @ 95% CL
Done in 0.00 min (cpu), 0.00 min (real)
Generate toy 382/500
  1) RooRealVar:: n_obs_bina01 = 1670

 -- Profile Likelihood -- 
Limit: r < 1.66725 @ 95% CL
Done in 0.00 min (cpu), 0.00 min (real)
Generate toy 383/500
  1) RooRealVar:: n_obs_bina01 = 2033

 -- Profile Likelihood -- 
Limit: r < 5.2861 @ 95% CL
Done in 0.00 min (cpu), 0.00 min (real)
Generate toy 384/500
  1) RooRealVar:: n_obs_bina01 = 2012

 -- Profile Likelihood -- 
Limit: r < 5.03818 @ 95% CL
Done in 0.00 min (cpu), 0.00 min (real)
Generate toy 385/500
  1) RooRealVar:: n_obs_bina01 = 2031

 -- Profile Likelihood -- 
Limit: r < 5.26246 @ 95% CL
Done in 0.00 min (cpu), 0.00 min (real)
Generate toy 386/500
  1) RooRealVar:: n_obs_bina01 = 1844

 -- Profile Likelihood -- 
Limit: r < 3.06972 @ 95% CL
Done in 0.00 min (cpu), 0.00 min (real)
Generate toy 387/500
  1) RooRealVar:: n_obs_bina01 = 2034

 -- Profile Likelihood -- 
Limit: r < 5.29792 @ 95% CL
Done in 0.00 min (cpu), 0.00 min (real)
Generate toy 388/500
  1) RooRealVar:: n_obs_bina01 = 2224

 -- Profile Likelihood -- 
Limit: r < 7.5435 @ 95% CL
Done in 0.00 min (cpu), 0.00 min (real)
Generate toy 389/500
  1) RooRealVar:: n_obs_bina01 = 1798

 -- Profile Likelihood -- 
Limit: r < 2.60962 @ 95% CL
Done in 0.00 min (cpu), 0.00 min (real)
Generate toy 390/500
  1) RooRealVar:: n_obs_bina01 = 1957

 -- Profile Likelihood -- 
Limit: r < 4.38756 @ 95% CL
Done in 0.00 min (cpu), 0.00 min (real)
Generate toy 391/500
  1) RooRealVar:: n_obs_bina01 = 1995

 -- Profile Likelihood -- 
Limit: r < 4.8369 @ 95% CL
Done in 0.00 min (cpu), 0.00 min (real)
Generate toy 392/500
  1) RooRealVar:: n_obs_bina01 = 2043

 -- Profile Likelihood -- 
Limit: r < 5.40429 @ 95% CL
Done in 0.00 min (cpu), 0.00 min (real)
Generate toy 393/500
  1) RooRealVar:: n_obs_bina01 = 2057

 -- Profile Likelihood -- 
Limit: r < 5.56975 @ 95% CL
Done in 0.00 min (cpu), 0.00 min (real)
Generate toy 394/500
  1) RooRealVar:: n_obs_bina01 = 2152

 -- Profile Likelihood -- 
Limit: r < 6.69253 @ 95% CL
Done in 0.00 min (cpu), 0.00 min (real)
Generate toy 395/500
  1) RooRealVar:: n_obs_bina01 = 1981

 -- Profile Likelihood -- 
Limit: r < 4.67133 @ 95% CL
Done in 0.00 min (cpu), 0.00 min (real)
Generate toy 396/500
  1) RooRealVar:: n_obs_bina01 = 1581

 -- Profile Likelihood -- 
Limit: r < 1.24392 @ 95% CL
Done in 0.00 min (cpu), 0.00 min (real)
Generate toy 397/500
  1) RooRealVar:: n_obs_bina01 = 1886

 -- Profile Likelihood -- 
Limit: r < 3.54856 @ 95% CL
Done in 0.00 min (cpu), 0.00 min (real)
Generate toy 398/500
  1) RooRealVar:: n_obs_bina01 = 1818

 -- Profile Likelihood -- 
Limit: r < 2.80132 @ 95% CL
Done in 0.00 min (cpu), 0.00 min (real)
Generate toy 399/500
  1) RooRealVar:: n_obs_bina01 = 1957

 -- Profile Likelihood -- 
Limit: r < 4.38756 @ 95% CL
Done in 0.00 min (cpu), 0.00 min (real)
Generate toy 400/500
  1) RooRealVar:: n_obs_bina01 = 1710

 -- Profile Likelihood -- 
Limit: r < 1.91314 @ 95% CL
Done in 0.00 min (cpu), 0.00 min (real)
Generate toy 401/500
  1) RooRealVar:: n_obs_bina01 = 2071

 -- Profile Likelihood -- 
Limit: r < 5.73522 @ 95% CL
Done in 0.00 min (cpu), 0.00 min (real)
Generate toy 402/500
  1) RooRealVar:: n_obs_bina01 = 1741

 -- Profile Likelihood -- 
Limit: r < 2.13249 @ 95% CL
Done in 0.00 min (cpu), 0.00 min (real)
Generate toy 403/500
  1) RooRealVar:: n_obs_bina01 = 1879

 -- Profile Likelihood -- 
Limit: r < 3.46569 @ 95% CL
Done in 0.00 min (cpu), 0.00 min (real)
Generate toy 404/500
  1) RooRealVar:: n_obs_bina01 = 1575

 -- Profile Likelihood -- 
Limit: r < 1.22046 @ 95% CL
Done in 0.00 min (cpu), 0.00 min (real)
Generate toy 405/500
  1) RooRealVar:: n_obs_bina01 = 1699

 -- Profile Likelihood -- 
Limit: r < 1.84154 @ 95% CL
Done in 0.00 min (cpu), 0.00 min (real)
Generate toy 406/500
  1) RooRealVar:: n_obs_bina01 = 1869

 -- Profile Likelihood -- 
Limit: r < 3.34874 @ 95% CL
Done in 0.00 min (cpu), 0.00 min (real)
Generate toy 407/500
  1) RooRealVar:: n_obs_bina01 = 2104

 -- Profile Likelihood -- 
Limit: r < 6.12523 @ 95% CL
Done in 0.00 min (cpu), 0.00 min (real)
Generate toy 408/500
  1) RooRealVar:: n_obs_bina01 = 2308

 -- Profile Likelihood -- 
Limit: r < 8.53632 @ 95% CL
Done in 0.00 min (cpu), 0.00 min (real)
Generate toy 409/500
  1) RooRealVar:: n_obs_bina01 = 1908

 -- Profile Likelihood -- 
Limit: r < 3.80851 @ 95% CL
Done in 0.00 min (cpu), 0.00 min (real)
Generate toy 410/500
  1) RooRealVar:: n_obs_bina01 = 2040

 -- Profile Likelihood -- 
Limit: r < 5.36883 @ 95% CL
Done in 0.00 min (cpu), 0.00 min (real)
Generate toy 411/500
  1) RooRealVar:: n_obs_bina01 = 1992

 -- Profile Likelihood -- 
Limit: r < 4.80143 @ 95% CL
Done in 0.00 min (cpu), 0.00 min (real)
Generate toy 412/500
  1) RooRealVar:: n_obs_bina01 = 1726

 -- Profile Likelihood -- 
Limit: r < 2.02303 @ 95% CL
Done in 0.00 min (cpu), 0.00 min (real)
Generate toy 413/500
  1) RooRealVar:: n_obs_bina01 = 1879

 -- Profile Likelihood -- 
Limit: r < 3.46569 @ 95% CL
Done in 0.00 min (cpu), 0.00 min (real)
Generate toy 414/500
  1) RooRealVar:: n_obs_bina01 = 2285

 -- Profile Likelihood -- 
Limit: r < 8.26447 @ 95% CL
Done in 0.00 min (cpu), 0.00 min (real)
Generate toy 415/500
  1) RooRealVar:: n_obs_bina01 = 2262

 -- Profile Likelihood -- 
Limit: r < 7.99263 @ 95% CL
Done in 0.00 min (cpu), 0.00 min (real)
Generate toy 416/500
  1) RooRealVar:: n_obs_bina01 = 1691

 -- Profile Likelihood -- 
Limit: r < 1.79141 @ 95% CL
Done in 0.00 min (cpu), 0.00 min (real)
Generate toy 417/500
  1) RooRealVar:: n_obs_bina01 = 1732

 -- Profile Likelihood -- 
Limit: r < 2.06605 @ 95% CL
Done in 0.00 min (cpu), 0.00 min (real)
Generate toy 418/500
  1) RooRealVar:: n_obs_bina01 = 1926

 -- Profile Likelihood -- 
Limit: r < 4.02137 @ 95% CL
Done in 0.00 min (cpu), 0.00 min (real)
Generate toy 419/500
  1) RooRealVar:: n_obs_bina01 = 1868

 -- Profile Likelihood -- 
Limit: r < 3.33734 @ 95% CL
Done in 0.00 min (cpu), 0.00 min (real)
Generate toy 420/500
  1) RooRealVar:: n_obs_bina01 = 1818

 -- Profile Likelihood -- 
Limit: r < 2.80132 @ 95% CL
Done in 0.00 min (cpu), 0.00 min (real)
Generate toy 421/500
  1) RooRealVar:: n_obs_bina01 = 2006

 -- Profile Likelihood -- 
Limit: r < 4.96824 @ 95% CL
Done in 0.00 min (cpu), 0.00 min (real)
Generate toy 422/500
  1) RooRealVar:: n_obs_bina01 = 1603

 -- Profile Likelihood -- 
Limit: r < 1.33494 @ 95% CL
Done in 0.00 min (cpu), 0.00 min (real)
Generate toy 423/500
  1) RooRealVar:: n_obs_bina01 = 1705

 -- Profile Likelihood -- 
Limit: r < 1.8802 @ 95% CL
Done in 0.00 min (cpu), 0.00 min (real)
Generate toy 424/500
  1) RooRealVar:: n_obs_bina01 = 1908

 -- Profile Likelihood -- 
Limit: r < 3.80851 @ 95% CL
Done in 0.00 min (cpu), 0.00 min (real)
Generate toy 425/500
  1) RooRealVar:: n_obs_bina01 = 2174

 -- Profile Likelihood -- 
Limit: r < 6.95255 @ 95% CL
Done in 0.00 min (cpu), 0.00 min (real)
Generate toy 426/500
  1) RooRealVar:: n_obs_bina01 = 1878
Done in 0.00 min (cpu), 0.00 min (real)
Generate toy 427/500
  1) RooRealVar:: n_obs_bina01 = 2251

 -- Profile Likelihood -- 
Limit: r < 7.86262 @ 95% CL
Done in 0.00 min (cpu), 0.00 min (real)
Generate toy 428/500
  1) RooRealVar:: n_obs_bina01 = 2014

 -- Profile Likelihood -- 
Limit: r < 5.06152 @ 95% CL
Done in 0.00 min (cpu), 0.00 min (real)
Generate toy 429/500
  1) RooRealVar:: n_obs_bina01 = 2026

 -- Profile Likelihood -- 
Limit: r < 5.20336 @ 95% CL
Done in 0.00 min (cpu), 0.00 min (real)
Generate toy 430/500
  1) RooRealVar:: n_obs_bina01 = 1887

 -- Profile Likelihood -- 
Limit: r < 3.56032 @ 95% CL
Done in 0.00 min (cpu), 0.00 min (real)
Generate toy 431/500
  1) RooRealVar:: n_obs_bina01 = 2040

 -- Profile Likelihood -- 
Limit: r < 5.36883 @ 95% CL
Done in 0.00 min (cpu), 0.00 min (real)
Generate toy 432/500
  1) RooRealVar:: n_obs_bina01 = 2131

 -- Profile Likelihood -- 
Limit: r < 6.44434 @ 95% CL
Done in 0.00 min (cpu), 0.00 min (real)
Generate toy 433/500
  1) RooRealVar:: n_obs_bina01 = 1823

 -- Profile Likelihood -- 
Limit: r < 2.85129 @ 95% CL
Done in 0.00 min (cpu), 0.00 min (real)
Generate toy 434/500
  1) RooRealVar:: n_obs_bina01 = 1898

 -- Profile Likelihood -- 
Limit: r < 3.69035 @ 95% CL
Done in 0.00 min (cpu), 0.00 min (real)
Generate toy 435/500
  1) RooRealVar:: n_obs_bina01 = 1912

 -- Profile Likelihood -- 
Limit: r < 3.85579 @ 95% CL
Done in 0.00 min (cpu), 0.00 min (real)
Generate toy 436/500
  1) RooRealVar:: n_obs_bina01 = 2012

 -- Profile Likelihood -- 
Limit: r < 5.03818 @ 95% CL
Done in 0.00 min (cpu), 0.00 min (real)
Generate toy 437/500
  1) RooRealVar:: n_obs_bina01 = 1874

 -- Profile Likelihood -- 
Limit: r < 3.40678 @ 95% CL
Done in 0.00 min (cpu), 0.00 min (real)
Generate toy 438/500
  1) RooRealVar:: n_obs_bina01 = 1998

 -- Profile Likelihood -- 
Limit: r < 4.87237 @ 95% CL
Done in 0.00 min (cpu), 0.00 min (real)
Generate toy 439/500
  1) RooRealVar:: n_obs_bina01 = 1903

 -- Profile Likelihood -- 
Limit: r < 3.74941 @ 95% CL
Done in 0.00 min (cpu), 0.00 min (real)
Generate toy 440/500
  1) RooRealVar:: n_obs_bina01 = 1996

 -- Profile Likelihood -- 
Limit: r < 4.84872 @ 95% CL
Done in 0.00 min (cpu), 0.00 min (real)
Generate toy 441/500
  1) RooRealVar:: n_obs_bina01 = 1963

 -- Profile Likelihood -- 
Limit: r < 4.45832 @ 95% CL
Done in 0.00 min (cpu), 0.00 min (real)
Generate toy 442/500
  1) RooRealVar:: n_obs_bina01 = 1976

 -- Profile Likelihood -- 
Limit: r < 4.61219 @ 95% CL
Done in 0.00 min (cpu), 0.00 min (real)
Generate toy 443/500
  1) RooRealVar:: n_obs_bina01 = 1958

 -- Profile Likelihood -- 
Limit: r < 4.39922 @ 95% CL
Done in 0.00 min (cpu), 0.00 min (real)
Generate toy 444/500
  1) RooRealVar:: n_obs_bina01 = 1664

 -- Profile Likelihood -- 
Limit: r < 1.63366 @ 95% CL
Done in 0.00 min (cpu), 0.00 min (real)
Generate toy 445/500
  1) RooRealVar:: n_obs_bina01 = 1796

 -- Profile Likelihood -- 
Limit: r < 2.59116 @ 95% CL
Done in 0.00 min (cpu), 0.00 min (real)
Generate toy 446/500
  1) RooRealVar:: n_obs_bina01 = 1739

 -- Profile Likelihood -- 
Limit: r < 2.11752 @ 95% CL
Done in 0.00 min (cpu), 0.00 min (real)
Generate toy 447/500
  1) RooRealVar:: n_obs_bina01 = 2011

 -- Profile Likelihood -- 
Limit: r < 5.02652 @ 95% CL
Done in 0.00 min (cpu), 0.00 min (real)
Generate toy 448/500
  1) RooRealVar:: n_obs_bina01 = 1926

 -- Profile Likelihood -- 
Limit: r < 4.02137 @ 95% CL
Done in 0.00 min (cpu), 0.00 min (real)
Generate toy 449/500
  1) RooRealVar:: n_obs_bina01 = 1664

 -- Profile Likelihood -- 
Limit: r < 1.63366 @ 95% CL
Done in 0.00 min (cpu), 0.00 min (real)
Generate toy 450/500
  1) RooRealVar:: n_obs_bina01 = 1977

 -- Profile Likelihood -- 
Limit: r < 4.62402 @ 95% CL
Done in 0.00 min (cpu), 0.00 min (real)
Generate toy 451/500
  1) RooRealVar:: n_obs_bina01 = 1842

 -- Profile Likelihood -- 
Limit: r < 3.04828 @ 95% CL
Done in 0.00 min (cpu), 0.00 min (real)
Generate toy 452/500
  1) RooRealVar:: n_obs_bina01 = 1993

 -- Profile Likelihood -- 
Limit: r < 4.81325 @ 95% CL
Done in 0.00 min (cpu), 0.00 min (real)
Generate toy 453/500
  1) RooRealVar:: n_obs_bina01 = 1684

 -- Profile Likelihood -- 
Limit: r < 1.74885 @ 95% CL
Done in 0.00 min (cpu), 0.00 min (real)
Generate toy 454/500
  1) RooRealVar:: n_obs_bina01 = 1815

 -- Profile Likelihood -- 
Limit: r < 2.77173 @ 95% CL
Done in 0.00 min (cpu), 0.00 min (real)
Generate toy 455/500
  1) RooRealVar:: n_obs_bina01 = 1892

 -- Profile Likelihood -- 
Limit: r < 3.61937 @ 95% CL
Done in 0.00 min (cpu), 0.00 min (real)
Generate toy 456/500
  1) RooRealVar:: n_obs_bina01 = 1968

 -- Profile Likelihood -- 
Limit: r < 4.51751 @ 95% CL
Done in 0.00 min (cpu), 0.00 min (real)
Generate toy 457/500
  1) RooRealVar:: n_obs_bina01 = 1892

 -- Profile Likelihood -- 
Limit: r < 3.61937 @ 95% CL
Done in 0.00 min (cpu), 0.00 min (real)
Generate toy 458/500
  1) RooRealVar:: n_obs_bina01 = 1777

 -- Profile Likelihood -- 
Limit: r < 2.42216 @ 95% CL
Done in 0.00 min (cpu), 0.00 min (real)
Generate toy 459/500
  1) RooRealVar:: n_obs_bina01 = 1812

 -- Profile Likelihood -- 
Limit: r < 2.74244 @ 95% CL
Done in 0.00 min (cpu), 0.00 min (real)
Generate toy 460/500
  1) RooRealVar:: n_obs_bina01 = 1902

 -- Profile Likelihood -- 
Limit: r < 3.7376 @ 95% CL
Done in 0.00 min (cpu), 0.00 min (real)
Generate toy 461/500
  1) RooRealVar:: n_obs_bina01 = 1826

 -- Profile Likelihood -- 
Limit: r < 2.88167 @ 95% CL
Done in 0.00 min (cpu), 0.00 min (real)
Generate toy 462/500
  1) RooRealVar:: n_obs_bina01 = 1914

 -- Profile Likelihood -- 
Limit: r < 3.8798 @ 95% CL
Done in 0.00 min (cpu), 0.00 min (real)
Generate toy 463/500
  1) RooRealVar:: n_obs_bina01 = 1859

 -- Profile Likelihood -- 
Limit: r < 3.23482 @ 95% CL
Done in 0.00 min (cpu), 0.00 min (real)
Generate toy 464/500
  1) RooRealVar:: n_obs_bina01 = 1757

 -- Profile Likelihood -- 
Limit: r < 2.25642 @ 95% CL
Done in 0.00 min (cpu), 0.00 min (real)
Generate toy 465/500
  1) RooRealVar:: n_obs_bina01 = 1394

 -- Profile Likelihood -- 
Limit: r < 0.714941 @ 95% CL
Done in 0.00 min (cpu), 0.00 min (real)
Generate toy 466/500
  1) RooRealVar:: n_obs_bina01 = 2028

 -- Profile Likelihood -- 
Limit: r < 5.227 @ 95% CL
Done in 0.00 min (cpu), 0.00 min (real)
Generate toy 467/500
  1) RooRealVar:: n_obs_bina01 = 1641

 -- Profile Likelihood -- 
Limit: r < 1.51246 @ 95% CL
Done in 0.00 min (cpu), 0.00 min (real)
Generate toy 468/500
  1) RooRealVar:: n_obs_bina01 = 1881

 -- Profile Likelihood -- 
Limit: r < 3.48934 @ 95% CL
Done in 0.00 min (cpu), 0.00 min (real)
Generate toy 469/500
  1) RooRealVar:: n_obs_bina01 = 1729

 -- Profile Likelihood -- 
Limit: r < 2.04441 @ 95% CL
Done in 0.00 min (cpu), 0.00 min (real)
Generate toy 470/500
  1) RooRealVar:: n_obs_bina01 = 1809

 -- Profile Likelihood -- 
Limit: r < 2.71344 @ 95% CL
Done in 0.00 min (cpu), 0.00 min (real)
Generate toy 471/500
  1) RooRealVar:: n_obs_bina01 = 1899

 -- Profile Likelihood -- 
Limit: r < 3.70216 @ 95% CL
Done in 0.00 min (cpu), 0.00 min (real)
Generate toy 472/500
  1) RooRealVar:: n_obs_bina01 = 1800

 -- Profile Likelihood -- 
Limit: r < 2.6282 @ 95% CL
Done in 0.00 min (cpu), 0.00 min (real)
Generate toy 473/500
  1) RooRealVar:: n_obs_bina01 = 1791

 -- Profile Likelihood -- 
Limit: r < 2.54558 @ 95% CL
Done in 0.00 min (cpu), 0.00 min (real)
Generate toy 474/500
  1) RooRealVar:: n_obs_bina01 = 1885

 -- Profile Likelihood -- 
Limit: r < 3.53683 @ 95% CL
Done in 0.00 min (cpu), 0.00 min (real)
Generate toy 475/500
  1) RooRealVar:: n_obs_bina01 = 1734

 -- Profile Likelihood -- 
Limit: r < 2.08061 @ 95% CL
Done in 0.00 min (cpu), 0.00 min (real)
Generate toy 476/500
  1) RooRealVar:: n_obs_bina01 = 1875

 -- Profile Likelihood -- 
Limit: r < 3.41862 @ 95% CL
Done in 0.00 min (cpu), 0.00 min (real)
Generate toy 477/500
  1) RooRealVar:: n_obs_bina01 = 1917

 -- Profile Likelihood -- 
Limit: r < 3.91514 @ 95% CL
Done in 0.00 min (cpu), 0.00 min (real)
Generate toy 478/500
  1) RooRealVar:: n_obs_bina01 = 2073

 -- Profile Likelihood -- 
Limit: r < 5.75885 @ 95% CL
Done in 0.00 min (cpu), 0.00 min (real)
Generate toy 479/500
  1) RooRealVar:: n_obs_bina01 = 2024

 -- Profile Likelihood -- 
Limit: r < 5.17972 @ 95% CL
Done in 0.00 min (cpu), 0.00 min (real)
Generate toy 480/500
  1) RooRealVar:: n_obs_bina01 = 1983

 -- Profile Likelihood -- 
Limit: r < 4.69499 @ 95% CL
Done in 0.00 min (cpu), 0.00 min (real)
Generate toy 481/500
  1) RooRealVar:: n_obs_bina01 = 1781

 -- Profile Likelihood -- 
Limit: r < 2.4568 @ 95% CL
Done in 0.00 min (cpu), 0.00 min (real)
Generate toy 482/500
  1) RooRealVar:: n_obs_bina01 = 1911

 -- Profile Likelihood -- 
Limit: r < 3.84397 @ 95% CL
Done in 0.00 min (cpu), 0.00 min (real)
Generate toy 483/500
  1) RooRealVar:: n_obs_bina01 = 1687

 -- Profile Likelihood -- 
Limit: r < 1.76694 @ 95% CL
Done in 0.00 min (cpu), 0.00 min (real)
Generate toy 484/500
  1) RooRealVar:: n_obs_bina01 = 2134

 -- Profile Likelihood -- 
Limit: r < 6.47979 @ 95% CL
Done in 0.00 min (cpu), 0.00 min (real)
Generate toy 485/500
  1) RooRealVar:: n_obs_bina01 = 1914

 -- Profile Likelihood -- 
Limit: r < 3.8798 @ 95% CL
Done in 0.00 min (cpu), 0.00 min (real)
Generate toy 486/500
  1) RooRealVar:: n_obs_bina01 = 1642

 -- Profile Likelihood -- 
Limit: r < 1.51751 @ 95% CL
Done in 0.00 min (cpu), 0.00 min (real)
Generate toy 487/500
  1) RooRealVar:: n_obs_bina01 = 1785

 -- Profile Likelihood -- 
Limit: r < 2.49193 @ 95% CL
Done in 0.00 min (cpu), 0.00 min (real)
Generate toy 488/500
  1) RooRealVar:: n_obs_bina01 = 1748

 -- Profile Likelihood -- 
Limit: r < 2.18578 @ 95% CL
Done in 0.00 min (cpu), 0.00 min (real)
Generate toy 489/500
  1) RooRealVar:: n_obs_bina01 = 1806

 -- Profile Likelihood -- 
Limit: r < 2.68473 @ 95% CL
Done in 0.00 min (cpu), 0.00 min (real)
Generate toy 490/500
  1) RooRealVar:: n_obs_bina01 = 2173

 -- Profile Likelihood -- 
Limit: r < 6.94073 @ 95% CL
Done in 0.00 min (cpu), 0.00 min (real)
Generate toy 491/500
  1) RooRealVar:: n_obs_bina01 = 1654

 -- Profile Likelihood -- 
Limit: r < 1.57948 @ 95% CL
Done in 0.00 min (cpu), 0.00 min (real)
Generate toy 492/500
  1) RooRealVar:: n_obs_bina01 = 1725

 -- Profile Likelihood -- 
Limit: r < 2.01595 @ 95% CL
Done in 0.00 min (cpu), 0.00 min (real)
Generate toy 493/500
  1) RooRealVar:: n_obs_bina01 = 1839

 -- Profile Likelihood -- 
Limit: r < 3.01636 @ 95% CL
Done in 0.00 min (cpu), 0.00 min (real)
Generate toy 494/500
  1) RooRealVar:: n_obs_bina01 = 1984

 -- Profile Likelihood -- 
Limit: r < 4.70682 @ 95% CL
Done in 0.00 min (cpu), 0.00 min (real)
Generate toy 495/500
  1) RooRealVar:: n_obs_bina01 = 1828

 -- Profile Likelihood -- 
Limit: r < 2.9021 @ 95% CL
Done in 0.00 min (cpu), 0.00 min (real)
Generate toy 496/500
  1) RooRealVar:: n_obs_bina01 = 1837

 -- Profile Likelihood -- 
Limit: r < 2.99525 @ 95% CL
Done in 0.00 min (cpu), 0.00 min (real)
Generate toy 497/500
  1) RooRealVar:: n_obs_bina01 = 1900

 -- Profile Likelihood -- 
Limit: r < 3.71397 @ 95% CL
Done in 0.00 min (cpu), 0.00 min (real)
Generate toy 498/500
  1) RooRealVar:: n_obs_bina01 = 1970

 -- Profile Likelihood -- 
Limit: r < 4.54119 @ 95% CL
Done in 0.00 min (cpu), 0.00 min (real)
Generate toy 499/500
  1) RooRealVar:: n_obs_bina01 = 1811

 -- Profile Likelihood -- 
Limit: r < 2.73274 @ 95% CL
Done in 0.00 min (cpu), 0.00 min (real)
Generate toy 500/500
  1) RooRealVar:: n_obs_bina01 = 1732

 -- Profile Likelihood -- 
Limit: r < 2.06605 @ 95% CL
Done in 0.00 min (cpu), 0.00 min (real)
mean   expected limit: r < 3.74918 +/- 0.0785698 @ 95%CL (498 toyMC)
median expected limit: r < 3.47751 @ 95%CL (498 toyMC)
   68% expected band : 2.04441 < r < 5.52248
   95% expected band : 1.18258 < r < 7.89807
