>>> including systematics
>>> method used to compute upper limit is ProfileLikelihood
>>> random number generator seed is 123456

Sanity checks on the model: OK
Generate toy 1/500
  1) RooRealVar:: n_obs_bina01 = 2830

 -- Profile Likelihood -- 
Limit: r < 3.9706 @ 95% CL
Done in 0.00 min (cpu), 0.00 min (real)
Generate toy 2/500
  1) RooRealVar:: n_obs_bina01 = 3036

 -- Profile Likelihood -- 
Limit: r < 5.86762 @ 95% CL
Done in 0.00 min (cpu), 0.00 min (real)
Generate toy 3/500
  1) RooRealVar:: n_obs_bina01 = 3004

 -- Profile Likelihood -- 
Limit: r < 5.57276 @ 95% CL
Done in 0.00 min (cpu), 0.00 min (real)
Generate toy 4/500
  1) RooRealVar:: n_obs_bina01 = 3051

 -- Profile Likelihood -- 
Limit: r < 6.00579 @ 95% CL
Done in 0.00 min (cpu), 0.00 min (real)
Generate toy 5/500
  1) RooRealVar:: n_obs_bina01 = 2936

 -- Profile Likelihood -- 
Limit: r < 4.94681 @ 95% CL
Done in 0.00 min (cpu), 0.00 min (real)
Generate toy 6/500
  1) RooRealVar:: n_obs_bina01 = 2806

 -- Profile Likelihood -- 
Limit: r < 3.75535 @ 95% CL
Done in 0.00 min (cpu), 0.00 min (real)
Generate toy 7/500
  1) RooRealVar:: n_obs_bina01 = 3076

 -- Profile Likelihood -- 
Limit: r < 6.23501 @ 95% CL
Done in 0.00 min (cpu), 0.00 min (real)
Generate toy 8/500
  1) RooRealVar:: n_obs_bina01 = 2926

 -- Profile Likelihood -- 
Limit: r < 4.85485 @ 95% CL
Done in 0.00 min (cpu), 0.00 min (real)
Generate toy 9/500
  1) RooRealVar:: n_obs_bina01 = 2432

 -- Profile Likelihood -- 
Limit: r < 1.56944 @ 95% CL
Done in 0.00 min (cpu), 0.00 min (real)
Generate toy 10/500
  1) RooRealVar:: n_obs_bina01 = 2857

 -- Profile Likelihood -- 
Limit: r < 4.21913 @ 95% CL
Done in 0.00 min (cpu), 0.00 min (real)
Generate toy 11/500
  1) RooRealVar:: n_obs_bina01 = 2648

 -- Profile Likelihood -- 
Limit: r < 2.58023 @ 95% CL
Done in 0.00 min (cpu), 0.00 min (real)
Generate toy 12/500
  1) RooRealVar:: n_obs_bina01 = 2850

 -- Profile Likelihood -- 
Limit: r < 4.15457 @ 95% CL
Done in 0.00 min (cpu), 0.00 min (real)
Generate toy 13/500
  1) RooRealVar:: n_obs_bina01 = 3239

 -- Profile Likelihood -- 
Limit: r < 7.73705 @ 95% CL
Done in 0.00 min (cpu), 0.00 min (real)
Generate toy 14/500
  1) RooRealVar:: n_obs_bina01 = 2704

 -- Profile Likelihood -- 
Limit: r < 2.9492 @ 95% CL
Done in 0.00 min (cpu), 0.00 min (real)
Generate toy 15/500
  1) RooRealVar:: n_obs_bina01 = 3089

 -- Profile Likelihood -- 
Limit: r < 6.35576 @ 95% CL
Done in 0.00 min (cpu), 0.00 min (real)
Generate toy 16/500
  1) RooRealVar:: n_obs_bina01 = 3024

 -- Profile Likelihood -- 
Limit: r < 5.75706 @ 95% CL
Done in 0.00 min (cpu), 0.00 min (real)
Generate toy 17/500
  1) RooRealVar:: n_obs_bina01 = 2927

 -- Profile Likelihood -- 
Limit: r < 4.86404 @ 95% CL
Done in 0.00 min (cpu), 0.00 min (real)
Generate toy 18/500
  1) RooRealVar:: n_obs_bina01 = 3213

 -- Profile Likelihood -- 
Limit: r < 7.49763 @ 95% CL
Done in 0.00 min (cpu), 0.00 min (real)
Generate toy 19/500
  1) RooRealVar:: n_obs_bina01 = 2729

 -- Profile Likelihood -- 
Limit: r < 3.13054 @ 95% CL
Done in 0.00 min (cpu), 0.00 min (real)
Generate toy 20/500
  1) RooRealVar:: n_obs_bina01 = 2697

 -- Profile Likelihood -- 
Limit: r < 2.9003 @ 95% CL
Done in 0.00 min (cpu), 0.00 min (real)
Generate toy 21/500
  1) RooRealVar:: n_obs_bina01 = 2975

 -- Profile Likelihood -- 
Limit: r < 5.30533 @ 95% CL
Done in 0.00 min (cpu), 0.00 min (real)
Generate toy 22/500
  1) RooRealVar:: n_obs_bina01 = 2951

 -- Profile Likelihood -- 
Limit: r < 5.08441 @ 95% CL
Done in 0.00 min (cpu), 0.00 min (real)
Generate toy 23/500
  1) RooRealVar:: n_obs_bina01 = 2897

 -- Profile Likelihood -- 
Limit: r < 4.58746 @ 95% CL
Done in 0.00 min (cpu), 0.00 min (real)
Generate toy 24/500
  1) RooRealVar:: n_obs_bina01 = 2574

 -- Profile Likelihood -- 
Limit: r < 2.16652 @ 95% CL
Done in 0.00 min (cpu), 0.00 min (real)
Generate toy 25/500
  1) RooRealVar:: n_obs_bina01 = 2922

 -- Profile Likelihood -- 
Limit: r < 4.81809 @ 95% CL
Done in 0.00 min (cpu), 0.00 min (real)
Generate toy 26/500
  1) RooRealVar:: n_obs_bina01 = 2960

 -- Profile Likelihood -- 
Limit: r < 5.16768 @ 95% CL
Done in 0.00 min (cpu), 0.00 min (real)
Generate toy 27/500
  1) RooRealVar:: n_obs_bina01 = 2910

 -- Profile Likelihood -- 
Limit: r < 4.70718 @ 95% CL
Done in 0.00 min (cpu), 0.00 min (real)
Generate toy 28/500
  1) RooRealVar:: n_obs_bina01 = 2903

 -- Profile Likelihood -- 
Limit: r < 4.64271 @ 95% CL
Done in 0.00 min (cpu), 0.00 min (real)
Generate toy 29/500
  1) RooRealVar:: n_obs_bina01 = 3089

 -- Profile Likelihood -- 
Limit: r < 6.35576 @ 95% CL
Done in 0.00 min (cpu), 0.00 min (real)
Generate toy 30/500
  1) RooRealVar:: n_obs_bina01 = 2665

 -- Profile Likelihood -- 
Limit: r < 2.68692 @ 95% CL
Done in 0.00 min (cpu), 0.00 min (real)
Generate toy 31/500
  1) RooRealVar:: n_obs_bina01 = 2559

 -- Profile Likelihood -- 
Limit: r < 2.09206 @ 95% CL
Done in 0.00 min (cpu), 0.00 min (real)
Generate toy 32/500
  1) RooRealVar:: n_obs_bina01 = 2690

 -- Profile Likelihood -- 
Limit: r < 2.8522 @ 95% CL
Done in 0.00 min (cpu), 0.00 min (real)
Generate toy 33/500
  1) RooRealVar:: n_obs_bina01 = 2613

 -- Profile Likelihood -- 
Limit: r < 2.37459 @ 95% CL
Done in 0.00 min (cpu), 0.00 min (real)
Generate toy 34/500
  1) RooRealVar:: n_obs_bina01 = 2785

 -- Profile Likelihood -- 
Limit: r < 3.57537 @ 95% CL
Done in 0.00 min (cpu), 0.00 min (real)
Generate toy 35/500
  1) RooRealVar:: n_obs_bina01 = 2812

 -- Profile Likelihood -- 
Limit: r < 3.80826 @ 95% CL
Done in 0.00 min (cpu), 0.00 min (real)
Generate toy 36/500
  1) RooRealVar:: n_obs_bina01 = 2798

 -- Profile Likelihood -- 
Limit: r < 3.68575 @ 95% CL
Done in 0.00 min (cpu), 0.00 min (real)
Generate toy 37/500
  1) RooRealVar:: n_obs_bina01 = 2579

 -- Profile Likelihood -- 
Limit: r < 2.192 @ 95% CL
Done in 0.00 min (cpu), 0.00 min (real)
Generate toy 38/500
  1) RooRealVar:: n_obs_bina01 = 3072

 -- Profile Likelihood -- 
Limit: r < 6.19856 @ 95% CL
Done in 0.00 min (cpu), 0.00 min (real)
Generate toy 39/500
  1) RooRealVar:: n_obs_bina01 = 3275

 -- Profile Likelihood -- 
Limit: r < 8.06856 @ 95% CL
Done in 0.00 min (cpu), 0.00 min (real)
Generate toy 40/500
  1) RooRealVar:: n_obs_bina01 = 2992

 -- Profile Likelihood -- 
Limit: r < 5.46214 @ 95% CL
Done in 0.00 min (cpu), 0.00 min (real)
Generate toy 41/500
  1) RooRealVar:: n_obs_bina01 = 3059

 -- Profile Likelihood -- 
Limit: r < 6.08029 @ 95% CL
Done in 0.00 min (cpu), 0.00 min (real)
Generate toy 42/500
  1) RooRealVar:: n_obs_bina01 = 2487

 -- Profile Likelihood -- 
Limit: r < 1.77408 @ 95% CL
Done in 0.00 min (cpu), 0.00 min (real)
Generate toy 43/500
  1) RooRealVar:: n_obs_bina01 = 3167

 -- Profile Likelihood -- 
Limit: r < 7.07404 @ 95% CL
Done in 0.00 min (cpu), 0.00 min (real)
Generate toy 44/500
  1) RooRealVar:: n_obs_bina01 = 2978

 -- Profile Likelihood -- 
Limit: r < 5.33301 @ 95% CL
Done in 0.00 min (cpu), 0.00 min (real)
Generate toy 45/500
  1) RooRealVar:: n_obs_bina01 = 3011

 -- Profile Likelihood -- 
Limit: r < 5.63728 @ 95% CL
Done in 0.00 min (cpu), 0.00 min (real)
Generate toy 46/500
  1) RooRealVar:: n_obs_bina01 = 2763

 -- Profile Likelihood -- 
Limit: r < 3.39413 @ 95% CL
Done in 0.00 min (cpu), 0.00 min (real)
Generate toy 47/500
  1) RooRealVar:: n_obs_bina01 = 2997

 -- Profile Likelihood -- 
Limit: r < 5.50823 @ 95% CL
Done in 0.00 min (cpu), 0.00 min (real)
Generate toy 48/500
  1) RooRealVar:: n_obs_bina01 = 2794

 -- Profile Likelihood -- 
Limit: r < 3.65136 @ 95% CL
Done in 0.00 min (cpu), 0.00 min (real)
Generate toy 49/500
  1) RooRealVar:: n_obs_bina01 = 2801

 -- Profile Likelihood -- 
Limit: r < 3.71172 @ 95% CL
Done in 0.00 min (cpu), 0.00 min (real)
Generate toy 50/500
  1) RooRealVar:: n_obs_bina01 = 2870

 -- Profile Likelihood -- 
Limit: r < 4.33877 @ 95% CL
Done in 0.00 min (cpu), 0.00 min (real)
Generate toy 51/500
  1) RooRealVar:: n_obs_bina01 = 2750

 -- Profile Likelihood -- 
Limit: r < 3.29102 @ 95% CL
Done in 0.00 min (cpu), 0.00 min (real)
Generate toy 52/500
  1) RooRealVar:: n_obs_bina01 = 3296

 -- Profile Likelihood -- 
Limit: r < 8.26194 @ 95% CL
Done in 0.00 min (cpu), 0.00 min (real)
Generate toy 53/500
  1) RooRealVar:: n_obs_bina01 = 2506

 -- Profile Likelihood -- 
Limit: r < 1.85185 @ 95% CL
Done in 0.00 min (cpu), 0.00 min (real)
Generate toy 54/500
  1) RooRealVar:: n_obs_bina01 = 3040

 -- Profile Likelihood -- 
Limit: r < 5.90446 @ 95% CL
Done in 0.00 min (cpu), 0.00 min (real)
Generate toy 55/500
  1) RooRealVar:: n_obs_bina01 = 2761

 -- Profile Likelihood -- 
Limit: r < 3.37808 @ 95% CL
Done in 0.00 min (cpu), 0.00 min (real)
Generate toy 56/500
  1) RooRealVar:: n_obs_bina01 = 2604

 -- Profile Likelihood -- 
Limit: r < 2.32466 @ 95% CL
Done in 0.00 min (cpu), 0.00 min (real)
Generate toy 57/500
  1) RooRealVar:: n_obs_bina01 = 2669

 -- Profile Likelihood -- 
Limit: r < 2.71269 @ 95% CL
Done in 0.00 min (cpu), 0.00 min (real)
Generate toy 58/500
  1) RooRealVar:: n_obs_bina01 = 2514

 -- Profile Likelihood -- 
Limit: r < 1.88594 @ 95% CL
Done in 0.00 min (cpu), 0.00 min (real)
Generate toy 59/500
  1) RooRealVar:: n_obs_bina01 = 2914

 -- Profile Likelihood -- 
Limit: r < 4.74402 @ 95% CL
Done in 0.00 min (cpu), 0.00 min (real)
Generate toy 60/500
  1) RooRealVar:: n_obs_bina01 = 2644

 -- Profile Likelihood -- 
Limit: r < 2.5558 @ 95% CL
Done in 0.00 min (cpu), 0.00 min (real)
Generate toy 61/500
  1) RooRealVar:: n_obs_bina01 = 3156

 -- Profile Likelihood -- 
Limit: r < 6.97275 @ 95% CL
Done in 0.00 min (cpu), 0.00 min (real)
Generate toy 62/500
  1) RooRealVar:: n_obs_bina01 = 2977

 -- Profile Likelihood -- 
Limit: r < 5.32378 @ 95% CL
Done in 0.00 min (cpu), 0.00 min (real)
Generate toy 63/500
  1) RooRealVar:: n_obs_bina01 = 2711

 -- Profile Likelihood -- 
Limit: r < 2.99893 @ 95% CL
Done in 0.00 min (cpu), 0.00 min (real)
Generate toy 64/500
  1) RooRealVar:: n_obs_bina01 = 2775

 -- Profile Likelihood -- 
Limit: r < 3.49191 @ 95% CL
Done in 0.00 min (cpu), 0.00 min (real)
Generate toy 65/500
  1) RooRealVar:: n_obs_bina01 = 2729

 -- Profile Likelihood -- 
Limit: r < 3.13054 @ 95% CL
Done in 0.00 min (cpu), 0.00 min (real)
Generate toy 66/500
  1) RooRealVar:: n_obs_bina01 = 3198

 -- Profile Likelihood -- 
Limit: r < 7.3595 @ 95% CL
Done in 0.00 min (cpu), 0.00 min (real)
Generate toy 67/500
  1) RooRealVar:: n_obs_bina01 = 2766

 -- Profile Likelihood -- 
Limit: r < 3.41834 @ 95% CL
Done in 0.00 min (cpu), 0.00 min (real)
Generate toy 68/500
  1) RooRealVar:: n_obs_bina01 = 2796

 -- Profile Likelihood -- 
Limit: r < 3.66852 @ 95% CL
Done in 0.00 min (cpu), 0.00 min (real)
Generate toy 69/500
  1) RooRealVar:: n_obs_bina01 = 3009

 -- Profile Likelihood -- 
Limit: r < 5.61884 @ 95% CL
Done in 0.00 min (cpu), 0.00 min (real)
Generate toy 70/500
  1) RooRealVar:: n_obs_bina01 = 2478

 -- Profile Likelihood -- 
Limit: r < 1.73846 @ 95% CL
Done in 0.00 min (cpu), 0.00 min (real)
Generate toy 71/500
  1) RooRealVar:: n_obs_bina01 = 2691

 -- Profile Likelihood -- 
Limit: r < 2.85902 @ 95% CL
Done in 0.00 min (cpu), 0.00 min (real)
Generate toy 72/500
  1) RooRealVar:: n_obs_bina01 = 3192

 -- Profile Likelihood -- 
Limit: r < 7.30425 @ 95% CL
Done in 0.00 min (cpu), 0.00 min (real)
Generate toy 73/500
  1) RooRealVar:: n_obs_bina01 = 3276

 -- Profile Likelihood -- 
Limit: r < 8.07777 @ 95% CL
Done in 0.00 min (cpu), 0.00 min (real)
Generate toy 74/500
  1) RooRealVar:: n_obs_bina01 = 2814

 -- Profile Likelihood -- 
Limit: r < 3.82602 @ 95% CL
Done in 0.00 min (cpu), 0.00 min (real)
Generate toy 75/500
  1) RooRealVar:: n_obs_bina01 = 3506

 -- Profile Likelihood -- 
Limit: r < 10.1958 @ 95% CL
Done in 0.00 min (cpu), 0.00 min (real)
Generate toy 76/500
  1) RooRealVar:: n_obs_bina01 = 2916

 -- Profile Likelihood -- 
Limit: r < 4.76244 @ 95% CL
Done in 0.00 min (cpu), 0.00 min (real)
Generate toy 77/500
  1) RooRealVar:: n_obs_bina01 = 2904

 -- Profile Likelihood -- 
Limit: r < 4.65192 @ 95% CL
Done in 0.00 min (cpu), 0.00 min (real)
Generate toy 78/500
  1) RooRealVar:: n_obs_bina01 = 2636

 -- Profile Likelihood -- 
Limit: r < 2.50765 @ 95% CL
Done in 0.00 min (cpu), 0.00 min (real)
Generate toy 79/500
  1) RooRealVar:: n_obs_bina01 = 3639

 -- Profile Likelihood -- 
Limit: r < 11.4207 @ 95% CL
Done in 0.00 min (cpu), 0.00 min (real)
Generate toy 80/500
  1) RooRealVar:: n_obs_bina01 = 3040

 -- Profile Likelihood -- 
Limit: r < 5.90446 @ 95% CL
Done in 0.00 min (cpu), 0.00 min (real)
Generate toy 81/500
  1) RooRealVar:: n_obs_bina01 = 3039

 -- Profile Likelihood -- 
Limit: r < 5.89525 @ 95% CL
Done in 0.00 min (cpu), 0.00 min (real)
Generate toy 82/500
  1) RooRealVar:: n_obs_bina01 = 2660

 -- Profile Likelihood -- 
Limit: r < 2.65507 @ 95% CL
Done in 0.00 min (cpu), 0.00 min (real)
Generate toy 83/500
  1) RooRealVar:: n_obs_bina01 = 2725

 -- Profile Likelihood -- 
Limit: r < 3.10083 @ 95% CL
Done in 0.00 min (cpu), 0.00 min (real)
Generate toy 84/500
  1) RooRealVar:: n_obs_bina01 = 2476

 -- Profile Likelihood -- 
Limit: r < 1.73066 @ 95% CL
Done in 0.00 min (cpu), 0.00 min (real)
Generate toy 85/500
  1) RooRealVar:: n_obs_bina01 = 2709

 -- Profile Likelihood -- 
Limit: r < 2.98464 @ 95% CL
Done in 0.00 min (cpu), 0.00 min (real)
Generate toy 86/500
  1) RooRealVar:: n_obs_bina01 = 3137

 -- Profile Likelihood -- 
Limit: r < 6.79779 @ 95% CL
Done in 0.00 min (cpu), 0.00 min (real)
Generate toy 87/500
  1) RooRealVar:: n_obs_bina01 = 2564

 -- Profile Likelihood -- 
Limit: r < 2.11655 @ 95% CL
Done in 0.00 min (cpu), 0.00 min (real)
Generate toy 88/500
  1) RooRealVar:: n_obs_bina01 = 2790

 -- Profile Likelihood -- 
Limit: r < 3.61724 @ 95% CL
Done in 0.00 min (cpu), 0.00 min (real)
Generate toy 89/500
  1) RooRealVar:: n_obs_bina01 = 2930

 -- Profile Likelihood -- 
Limit: r < 4.89162 @ 95% CL
Done in 0.00 min (cpu), 0.00 min (real)
Generate toy 90/500
  1) RooRealVar:: n_obs_bina01 = 2893

 -- Profile Likelihood -- 
Limit: r < 4.55064 @ 95% CL
Done in 0.00 min (cpu), 0.00 min (real)
Generate toy 91/500
  1) RooRealVar:: n_obs_bina01 = 2773

 -- Profile Likelihood -- 
Limit: r < 3.47544 @ 95% CL
Done in 0.00 min (cpu), 0.00 min (real)
Generate toy 92/500
  1) RooRealVar:: n_obs_bina01 = 2752

 -- Profile Likelihood -- 
Limit: r < 3.30669 @ 95% CL
Done in 0.00 min (cpu), 0.00 min (real)
Generate toy 93/500
  1) RooRealVar:: n_obs_bina01 = 3196

 -- Profile Likelihood -- 
Limit: r < 7.34109 @ 95% CL
Done in 0.00 min (cpu), 0.00 min (real)
Generate toy 94/500
  1) RooRealVar:: n_obs_bina01 = 2347

 -- Profile Likelihood -- 
Limit: r < 1.30723 @ 95% CL
Done in 0.00 min (cpu), 0.00 min (real)
Generate toy 95/500
  1) RooRealVar:: n_obs_bina01 = 2757

 -- Profile Likelihood -- 
Limit: r < 3.34618 @ 95% CL
Done in 0.00 min (cpu), 0.00 min (real)
Generate toy 96/500
  1) RooRealVar:: n_obs_bina01 = 3137

 -- Profile Likelihood -- 
Limit: r < 6.79779 @ 95% CL
Done in 0.00 min (cpu), 0.00 min (real)
Generate toy 97/500
  1) RooRealVar:: n_obs_bina01 = 2893

 -- Profile Likelihood -- 
Limit: r < 4.55064 @ 95% CL
Done in 0.00 min (cpu), 0.00 min (real)
Generate toy 98/500
  1) RooRealVar:: n_obs_bina01 = 2649

 -- Profile Likelihood -- 
Limit: r < 2.58638 @ 95% CL
Done in 0.00 min (cpu), 0.00 min (real)
Generate toy 99/500
  1) RooRealVar:: n_obs_bina01 = 2858

 -- Profile Likelihood -- 
Limit: r < 4.22832 @ 95% CL
Done in 0.00 min (cpu), 0.00 min (real)
Generate toy 100/500
  1) RooRealVar:: n_obs_bina01 = 2885

 -- Profile Likelihood -- 
Limit: r < 4.47702 @ 95% CL
Done in 0.00 min (cpu), 0.00 min (real)
Generate toy 101/500
  1) RooRealVar:: n_obs_bina01 = 2774

 -- Profile Likelihood -- 
Limit: r < 3.48367 @ 95% CL
Done in 0.00 min (cpu), 0.00 min (real)
Generate toy 102/500
  1) RooRealVar:: n_obs_bina01 = 3471

 -- Profile Likelihood -- 
Limit: r < 9.8735 @ 95% CL
Done in 0.00 min (cpu), 0.00 min (real)
Generate toy 103/500
  1) RooRealVar:: n_obs_bina01 = 2958

 -- Profile Likelihood -- 
Limit: r < 5.14926 @ 95% CL
Done in 0.00 min (cpu), 0.00 min (real)
Generate toy 104/500
  1) RooRealVar:: n_obs_bina01 = 3247

 -- Profile Likelihood -- 
Limit: r < 7.81072 @ 95% CL
Done in 0.00 min (cpu), 0.00 min (real)
Generate toy 105/500
  1) RooRealVar:: n_obs_bina01 = 2902

 -- Profile Likelihood -- 
Limit: r < 4.6335 @ 95% CL
Done in 0.00 min (cpu), 0.00 min (real)
Generate toy 106/500
  1) RooRealVar:: n_obs_bina01 = 2742

 -- Profile Likelihood -- 
Limit: r < 3.229 @ 95% CL
Done in 0.00 min (cpu), 0.00 min (real)
Generate toy 107/500
  1) RooRealVar:: n_obs_bina01 = 2431

 -- Profile Likelihood -- 
Limit: r < 1.566 @ 95% CL
Done in 0.00 min (cpu), 0.00 min (real)
Generate toy 108/500
  1) RooRealVar:: n_obs_bina01 = 2625

 -- Profile Likelihood -- 
Limit: r < 2.44302 @ 95% CL
Done in 0.00 min (cpu), 0.00 min (real)
Generate toy 109/500
  1) RooRealVar:: n_obs_bina01 = 3014

 -- Profile Likelihood -- 
Limit: r < 5.66492 @ 95% CL
Done in 0.00 min (cpu), 0.00 min (real)
Generate toy 110/500
  1) RooRealVar:: n_obs_bina01 = 3045

 -- Profile Likelihood -- 
Limit: r < 5.95052 @ 95% CL
Done in 0.00 min (cpu), 0.00 min (real)
Generate toy 111/500
  1) RooRealVar:: n_obs_bina01 = 2972

 -- Profile Likelihood -- 
Limit: r < 5.27764 @ 95% CL
Done in 0.00 min (cpu), 0.00 min (real)
Generate toy 112/500
  1) RooRealVar:: n_obs_bina01 = 2954

 -- Profile Likelihood -- 
Limit: r < 5.11242 @ 95% CL
Done in 0.00 min (cpu), 0.00 min (real)
Generate toy 113/500
  1) RooRealVar:: n_obs_bina01 = 2681

 -- Profile Likelihood -- 
Limit: r < 2.79153 @ 95% CL
Done in 0.00 min (cpu), 0.00 min (real)
Generate toy 114/500
  1) RooRealVar:: n_obs_bina01 = 3256

 -- Profile Likelihood -- 
Limit: r < 7.8936 @ 95% CL
Done in 0.00 min (cpu), 0.00 min (real)
Generate toy 115/500
  1) RooRealVar:: n_obs_bina01 = 2649

 -- Profile Likelihood -- 
Limit: r < 2.58638 @ 95% CL
Done in 0.00 min (cpu), 0.00 min (real)
Generate toy 116/500
  1) RooRealVar:: n_obs_bina01 = 3035

 -- Profile Likelihood -- 
Limit: r < 5.8584 @ 95% CL
Done in 0.00 min (cpu), 0.00 min (real)
Generate toy 117/500
  1) RooRealVar:: n_obs_bina01 = 2824

 -- Profile Likelihood -- 
Limit: r < 3.91578 @ 95% CL
Done in 0.00 min (cpu), 0.00 min (real)
Generate toy 118/500
  1) RooRealVar:: n_obs_bina01 = 2872

 -- Profile Likelihood -- 
Limit: r < 4.35719 @ 95% CL
Done in 0.00 min (cpu), 0.00 min (real)
Generate toy 119/500
  1) RooRealVar:: n_obs_bina01 = 3150

 -- Profile Likelihood -- 
Limit: r < 6.9175 @ 95% CL
Done in 0.00 min (cpu), 0.00 min (real)
Generate toy 120/500
  1) RooRealVar:: n_obs_bina01 = 2478

 -- Profile Likelihood -- 
Limit: r < 1.73846 @ 95% CL
Done in 0.00 min (cpu), 0.00 min (real)
Generate toy 121/500
  1) RooRealVar:: n_obs_bina01 = 2639

 -- Profile Likelihood -- 
Limit: r < 2.52559 @ 95% CL
Done in 0.00 min (cpu), 0.00 min (real)
Generate toy 122/500
  1) RooRealVar:: n_obs_bina01 = 3173

 -- Profile Likelihood -- 
Limit: r < 7.12929 @ 95% CL
Done in 0.00 min (cpu), 0.00 min (real)
Generate toy 123/500
  1) RooRealVar:: n_obs_bina01 = 2521

 -- Profile Likelihood -- 
Limit: r < 1.91637 @ 95% CL
Done in 0.00 min (cpu), 0.00 min (real)
Generate toy 124/500
  1) RooRealVar:: n_obs_bina01 = 2512

 -- Profile Likelihood -- 
Limit: r < 1.87735 @ 95% CL
Done in 0.00 min (cpu), 0.00 min (real)
Generate toy 125/500
  1) RooRealVar:: n_obs_bina01 = 2872

 -- Profile Likelihood -- 
Limit: r < 4.35719 @ 95% CL
Done in 0.00 min (cpu), 0.00 min (real)
Generate toy 126/500
  1) RooRealVar:: n_obs_bina01 = 3075

 -- Profile Likelihood -- 
Limit: r < 6.2259 @ 95% CL
Done in 0.00 min (cpu), 0.00 min (real)
Generate toy 127/500
  1) RooRealVar:: n_obs_bina01 = 2760

 -- Profile Likelihood -- 
Limit: r < 3.37007 @ 95% CL
Done in 0.00 min (cpu), 0.00 min (real)
Generate toy 128/500
  1) RooRealVar:: n_obs_bina01 = 3088

 -- Profile Likelihood -- 
Limit: r < 6.34655 @ 95% CL
Done in 0.00 min (cpu), 0.00 min (real)
Generate toy 129/500
  1) RooRealVar:: n_obs_bina01 = 2571

 -- Profile Likelihood -- 
Limit: r < 2.15138 @ 95% CL
Done in 0.00 min (cpu), 0.00 min (real)
Generate toy 130/500
  1) RooRealVar:: n_obs_bina01 = 3000

 -- Profile Likelihood -- 
Limit: r < 5.53589 @ 95% CL
Done in 0.00 min (cpu), 0.00 min (real)
Generate toy 131/500
  1) RooRealVar:: n_obs_bina01 = 2742

 -- Profile Likelihood -- 
Limit: r < 3.229 @ 95% CL
Done in 0.00 min (cpu), 0.00 min (real)
Generate toy 132/500
  1) RooRealVar:: n_obs_bina01 = 2591

 -- Profile Likelihood -- 
Limit: r < 2.25458 @ 95% CL
Done in 0.00 min (cpu), 0.00 min (real)
Generate toy 133/500
  1) RooRealVar:: n_obs_bina01 = 2270

 -- Profile Likelihood -- 
Limit: r < 1.11525 @ 95% CL
Done in 0.00 min (cpu), 0.00 min (real)
Generate toy 134/500
  1) RooRealVar:: n_obs_bina01 = 2510

 -- Profile Likelihood -- 
Limit: r < 1.8688 @ 95% CL
Done in 0.00 min (cpu), 0.00 min (real)
Generate toy 135/500
  1) RooRealVar:: n_obs_bina01 = 2593

 -- Profile Likelihood -- 
Limit: r < 2.26521 @ 95% CL
Done in 0.00 min (cpu), 0.00 min (real)
Generate toy 136/500
  1) RooRealVar:: n_obs_bina01 = 2946

 -- Profile Likelihood -- 
Limit: r < 5.03816 @ 95% CL
Done in 0.00 min (cpu), 0.00 min (real)
Generate toy 137/500
  1) RooRealVar:: n_obs_bina01 = 2772

 -- Profile Likelihood -- 
Limit: r < 3.46723 @ 95% CL
Done in 0.00 min (cpu), 0.00 min (real)
Generate toy 138/500
  1) RooRealVar:: n_obs_bina01 = 3148

 -- Profile Likelihood -- 
Limit: r < 6.89908 @ 95% CL
Done in 0.00 min (cpu), 0.00 min (real)
Generate toy 139/500
  1) RooRealVar:: n_obs_bina01 = 2775

 -- Profile Likelihood -- 
Limit: r < 3.49191 @ 95% CL
Done in 0.00 min (cpu), 0.00 min (real)
Generate toy 140/500
  1) RooRealVar:: n_obs_bina01 = 2570

 -- Profile Likelihood -- 
Limit: r < 2.14637 @ 95% CL
Done in 0.00 min (cpu), 0.00 min (real)
Generate toy 141/500
  1) RooRealVar:: n_obs_bina01 = 2754

 -- Profile Likelihood -- 
Limit: r < 3.32243 @ 95% CL
Done in 0.00 min (cpu), 0.00 min (real)
Generate toy 142/500
  1) RooRealVar:: n_obs_bina01 = 2625

 -- Profile Likelihood -- 
Limit: r < 2.44302 @ 95% CL
Done in 0.00 min (cpu), 0.00 min (real)
Generate toy 143/500
  1) RooRealVar:: n_obs_bina01 = 2685

 -- Profile Likelihood -- 
Limit: r < 2.81833 @ 95% CL
Done in 0.00 min (cpu), 0.00 min (real)
Generate toy 144/500
  1) RooRealVar:: n_obs_bina01 = 2565

 -- Profile Likelihood -- 
Limit: r < 2.12148 @ 95% CL
Done in 0.00 min (cpu), 0.00 min (real)
Generate toy 145/500
  1) RooRealVar:: n_obs_bina01 = 2731

 -- Profile Likelihood -- 
Limit: r < 3.14551 @ 95% CL
Done in 0.00 min (cpu), 0.00 min (real)
Generate toy 146/500
  1) RooRealVar:: n_obs_bina01 = 2486

 -- Profile Likelihood -- 
Limit: r < 1.77008 @ 95% CL
Done in 0.00 min (cpu), 0.00 min (real)
Generate toy 147/500
  1) RooRealVar:: n_obs_bina01 = 3000

 -- Profile Likelihood -- 
Limit: r < 5.53589 @ 95% CL
Done in 0.00 min (cpu), 0.00 min (real)
Generate toy 148/500
  1) RooRealVar:: n_obs_bina01 = 3035

 -- Profile Likelihood -- 
Limit: r < 5.8584 @ 95% CL
Done in 0.00 min (cpu), 0.00 min (real)
Generate toy 149/500
  1) RooRealVar:: n_obs_bina01 = 2984

 -- Profile Likelihood -- 
Limit: r < 5.38836 @ 95% CL
Done in 0.00 min (cpu), 0.00 min (real)
Generate toy 150/500
  1) RooRealVar:: n_obs_bina01 = 2753

 -- Profile Likelihood -- 
Limit: r < 3.31455 @ 95% CL
Done in 0.00 min (cpu), 0.00 min (real)
Generate toy 151/500
  1) RooRealVar:: n_obs_bina01 = 3034

 -- Profile Likelihood -- 
Limit: r < 5.84919 @ 95% CL
Done in 0.00 min (cpu), 0.00 min (real)
Generate toy 152/500
  1) RooRealVar:: n_obs_bina01 = 2907

 -- Profile Likelihood -- 
Limit: r < 4.67955 @ 95% CL
Done in 0.00 min (cpu), 0.00 min (real)
Generate toy 153/500
  1) RooRealVar:: n_obs_bina01 = 2766

 -- Profile Likelihood -- 
Limit: r < 3.41834 @ 95% CL
Done in 0.00 min (cpu), 0.00 min (real)
Generate toy 154/500
  1) RooRealVar:: n_obs_bina01 = 3112

 -- Profile Likelihood -- 
Limit: r < 6.56757 @ 95% CL
Done in 0.00 min (cpu), 0.00 min (real)
Generate toy 155/500
  1) RooRealVar:: n_obs_bina01 = 2540

 -- Profile Likelihood -- 
Limit: r < 2.00196 @ 95% CL
Done in 0.00 min (cpu), 0.00 min (real)
Generate toy 156/500
  1) RooRealVar:: n_obs_bina01 = 2567

 -- Profile Likelihood -- 
Limit: r < 2.1314 @ 95% CL
Done in 0.00 min (cpu), 0.00 min (real)
Generate toy 157/500
  1) RooRealVar:: n_obs_bina01 = 2718

 -- Profile Likelihood -- 
Limit: r < 3.04946 @ 95% CL
Done in 0.00 min (cpu), 0.00 min (real)
Generate toy 158/500
  1) RooRealVar:: n_obs_bina01 = 2968

 -- Profile Likelihood -- 
Limit: r < 5.24136 @ 95% CL
Done in 0.00 min (cpu), 0.00 min (real)
Generate toy 159/500
  1) RooRealVar:: n_obs_bina01 = 2717

 -- Profile Likelihood -- 
Limit: r < 3.04219 @ 95% CL
Done in 0.00 min (cpu), 0.00 min (real)
Generate toy 160/500
  1) RooRealVar:: n_obs_bina01 = 3383

 -- Profile Likelihood -- 
Limit: r < 9.06311 @ 95% CL
Done in 0.00 min (cpu), 0.00 min (real)
Generate toy 161/500
  1) RooRealVar:: n_obs_bina01 = 2353

 -- Profile Likelihood -- 
Limit: r < 1.32386 @ 95% CL
Done in 0.00 min (cpu), 0.00 min (real)
Generate toy 162/500
  1) RooRealVar:: n_obs_bina01 = 3156

 -- Profile Likelihood -- 
Limit: r < 6.97275 @ 95% CL
Done in 0.00 min (cpu), 0.00 min (real)
Generate toy 163/500
  1) RooRealVar:: n_obs_bina01 = 3421

 -- Profile Likelihood -- 
Limit: r < 9.41305 @ 95% CL
Done in 0.00 min (cpu), 0.00 min (real)
Generate toy 164/500
  1) RooRealVar:: n_obs_bina01 = 2825

 -- Profile Likelihood -- 
Limit: r < 3.92516 @ 95% CL
Done in 0.00 min (cpu), 0.00 min (real)
Generate toy 165/500
  1) RooRealVar:: n_obs_bina01 = 2675

 -- Profile Likelihood -- 
Limit: r < 2.75182 @ 95% CL
Done in 0.00 min (cpu), 0.00 min (real)
Generate toy 166/500
  1) RooRealVar:: n_obs_bina01 = 3105

 -- Profile Likelihood -- 
Limit: r < 6.50311 @ 95% CL
Done in 0.00 min (cpu), 0.00 min (real)
Generate toy 167/500
  1) RooRealVar:: n_obs_bina01 = 2885

 -- Profile Likelihood -- 
Limit: r < 4.47702 @ 95% CL
Done in 0.00 min (cpu), 0.00 min (real)
Generate toy 168/500
  1) RooRealVar:: n_obs_bina01 = 3242

 -- Profile Likelihood -- 
Limit: r < 7.76468 @ 95% CL
Done in 0.00 min (cpu), 0.00 min (real)
Generate toy 169/500
  1) RooRealVar:: n_obs_bina01 = 2857

 -- Profile Likelihood -- 
Limit: r < 4.21913 @ 95% CL
Done in 0.00 min (cpu), 0.00 min (real)
Generate toy 170/500
  1) RooRealVar:: n_obs_bina01 = 2877

 -- Profile Likelihood -- 
Limit: r < 4.40353 @ 95% CL
Done in 0.00 min (cpu), 0.00 min (real)
Generate toy 171/500
  1) RooRealVar:: n_obs_bina01 = 2949

 -- Profile Likelihood -- 
Limit: r < 5.06624 @ 95% CL
Done in 0.00 min (cpu), 0.00 min (real)
Generate toy 172/500
  1) RooRealVar:: n_obs_bina01 = 2382

 -- Profile Likelihood -- 
Limit: r < 1.40807 @ 95% CL
Done in 0.00 min (cpu), 0.00 min (real)
Generate toy 173/500
  1) RooRealVar:: n_obs_bina01 = 2984

 -- Profile Likelihood -- 
Limit: r < 5.38836 @ 95% CL
Done in 0.00 min (cpu), 0.00 min (real)
Generate toy 174/500
  1) RooRealVar:: n_obs_bina01 = 2924

 -- Profile Likelihood -- 
Limit: r < 4.83647 @ 95% CL
Done in 0.00 min (cpu), 0.00 min (real)
Generate toy 175/500
  1) RooRealVar:: n_obs_bina01 = 2513

 -- Profile Likelihood -- 
Limit: r < 1.88164 @ 95% CL
Done in 0.00 min (cpu), 0.00 min (real)
Generate toy 176/500
  1) RooRealVar:: n_obs_bina01 = 2894

 -- Profile Likelihood -- 
Limit: r < 4.55984 @ 95% CL
Done in 0.00 min (cpu), 0.00 min (real)
Generate toy 177/500
  1) RooRealVar:: n_obs_bina01 = 2905

 -- Profile Likelihood -- 
Limit: r < 4.66113 @ 95% CL
Done in 0.00 min (cpu), 0.00 min (real)
Generate toy 178/500
  1) RooRealVar:: n_obs_bina01 = 2730

 -- Profile Likelihood -- 
Limit: r < 3.13802 @ 95% CL
Done in 0.00 min (cpu), 0.00 min (real)
Generate toy 179/500
  1) RooRealVar:: n_obs_bina01 = 3309

 -- Profile Likelihood -- 
Limit: r < 8.38166 @ 95% CL
Done in 0.00 min (cpu), 0.00 min (real)
Generate toy 180/500
  1) RooRealVar:: n_obs_bina01 = 2454

 -- Profile Likelihood -- 
Limit: r < 1.64764 @ 95% CL
Done in 0.00 min (cpu), 0.00 min (real)
Generate toy 181/500
  1) RooRealVar:: n_obs_bina01 = 2730

 -- Profile Likelihood -- 
Limit: r < 3.13802 @ 95% CL
Done in 0.00 min (cpu), 0.00 min (real)
Generate toy 182/500
  1) RooRealVar:: n_obs_bina01 = 2554

 -- Profile Likelihood -- 
Limit: r < 2.0679 @ 95% CL
Done in 0.00 min (cpu), 0.00 min (real)
Generate toy 183/500
  1) RooRealVar:: n_obs_bina01 = 2716

 -- Profile Likelihood -- 
Limit: r < 3.03494 @ 95% CL
Done in 0.00 min (cpu), 0.00 min (real)
Generate toy 184/500
  1) RooRealVar:: n_obs_bina01 = 2825

 -- Profile Likelihood -- 
Limit: r < 3.92516 @ 95% CL
Done in 0.00 min (cpu), 0.00 min (real)
Generate toy 185/500
  1) RooRealVar:: n_obs_bina01 = 3024

 -- Profile Likelihood -- 
Limit: r < 5.75706 @ 95% CL
Done in 0.00 min (cpu), 0.00 min (real)
Generate toy 186/500
  1) RooRealVar:: n_obs_bina01 = 2873

 -- Profile Likelihood -- 
Limit: r < 4.36692 @ 95% CL
Done in 0.00 min (cpu), 0.00 min (real)
Generate toy 187/500
  1) RooRealVar:: n_obs_bina01 = 2623

 -- Profile Likelihood -- 
Limit: r < 2.43147 @ 95% CL
Done in 0.00 min (cpu), 0.00 min (real)
Generate toy 188/500
  1) RooRealVar:: n_obs_bina01 = 2574

 -- Profile Likelihood -- 
Limit: r < 2.16652 @ 95% CL
Done in 0.00 min (cpu), 0.00 min (real)
Generate toy 189/500
  1) RooRealVar:: n_obs_bina01 = 3324

 -- Profile Likelihood -- 
Limit: r < 8.51979 @ 95% CL
Done in 0.00 min (cpu), 0.00 min (real)
Generate toy 190/500
  1) RooRealVar:: n_obs_bina01 = 2912

 -- Profile Likelihood -- 
Limit: r < 4.7256 @ 95% CL
Done in 0.00 min (cpu), 0.00 min (real)
Generate toy 191/500
  1) RooRealVar:: n_obs_bina01 = 2976

 -- Profile Likelihood -- 
Limit: r < 5.31455 @ 95% CL
Done in 0.00 min (cpu), 0.00 min (real)
Generate toy 192/500
  1) RooRealVar:: n_obs_bina01 = 3122

 -- Profile Likelihood -- 
Limit: r < 6.65966 @ 95% CL
Done in 0.00 min (cpu), 0.00 min (real)
Generate toy 193/500
  1) RooRealVar:: n_obs_bina01 = 2850

 -- Profile Likelihood -- 
Limit: r < 4.15457 @ 95% CL
Done in 0.00 min (cpu), 0.00 min (real)
Generate toy 194/500
  1) RooRealVar:: n_obs_bina01 = 3046

 -- Profile Likelihood -- 
Limit: r < 5.95973 @ 95% CL
Done in 0.00 min (cpu), 0.00 min (real)
Generate toy 195/500
  1) RooRealVar:: n_obs_bina01 = 2751

 -- Profile Likelihood -- 
Limit: r < 3.29884 @ 95% CL
Done in 0.00 min (cpu), 0.00 min (real)
Generate toy 196/500
  1) RooRealVar:: n_obs_bina01 = 2831

 -- Profile Likelihood -- 
Limit: r < 3.97961 @ 95% CL
Done in 0.00 min (cpu), 0.00 min (real)
Generate toy 197/500
  1) RooRealVar:: n_obs_bina01 = 2792

 -- Profile Likelihood -- 
Limit: r < 3.63427 @ 95% CL
Done in 0.00 min (cpu), 0.00 min (real)
Generate toy 198/500
  1) RooRealVar:: n_obs_bina01 = 3190

 -- Profile Likelihood -- 
Limit: r < 7.28584 @ 95% CL
Done in 0.00 min (cpu), 0.00 min (real)
Generate toy 199/500
  1) RooRealVar:: n_obs_bina01 = 3176

 -- Profile Likelihood -- 
Limit: r < 7.15692 @ 95% CL
Done in 0.00 min (cpu), 0.00 min (real)
Generate toy 200/500
  1) RooRealVar:: n_obs_bina01 = 3007

 -- Profile Likelihood -- 
Limit: r < 5.60041 @ 95% CL
Done in 0.00 min (cpu), 0.00 min (real)
Generate toy 201/500
  1) RooRealVar:: n_obs_bina01 = 2725

 -- Profile Likelihood -- 
Limit: r < 3.10083 @ 95% CL
Done in 0.00 min (cpu), 0.00 min (real)
Generate toy 202/500
  1) RooRealVar:: n_obs_bina01 = 3399

 -- Profile Likelihood -- 
Limit: r < 9.21045 @ 95% CL
Done in 0.00 min (cpu), 0.00 min (real)
Generate toy 203/500
  1) RooRealVar:: n_obs_bina01 = 2758

 -- Profile Likelihood -- 
Limit: r < 3.35413 @ 95% CL
Done in 0.00 min (cpu), 0.00 min (real)
Generate toy 204/500
  1) RooRealVar:: n_obs_bina01 = 2917

 -- Profile Likelihood -- 
Limit: r < 4.77165 @ 95% CL
Done in 0.00 min (cpu), 0.00 min (real)
Generate toy 205/500
  1) RooRealVar:: n_obs_bina01 = 2456

 -- Profile Likelihood -- 
Limit: r < 1.65498 @ 95% CL
Done in 0.00 min (cpu), 0.00 min (real)
Generate toy 206/500
  1) RooRealVar:: n_obs_bina01 = 2486

 -- Profile Likelihood -- 
Limit: r < 1.77008 @ 95% CL
Done in 0.00 min (cpu), 0.00 min (real)
Generate toy 207/500
  1) RooRealVar:: n_obs_bina01 = 2458

 -- Profile Likelihood -- 
Limit: r < 1.66237 @ 95% CL
Done in 0.00 min (cpu), 0.00 min (real)
Generate toy 208/500
  1) RooRealVar:: n_obs_bina01 = 3360

 -- Profile Likelihood -- 
Limit: r < 8.8513 @ 95% CL
Done in 0.00 min (cpu), 0.00 min (real)
Generate toy 209/500
  1) RooRealVar:: n_obs_bina01 = 2951

 -- Profile Likelihood -- 
Limit: r < 5.08441 @ 95% CL
Done in 0.00 min (cpu), 0.00 min (real)
Generate toy 210/500
  1) RooRealVar:: n_obs_bina01 = 3509

 -- Profile Likelihood -- 
Limit: r < 10.2235 @ 95% CL
Done in 0.00 min (cpu), 0.00 min (real)
Generate toy 211/500
  1) RooRealVar:: n_obs_bina01 = 3325

 -- Profile Likelihood -- 
Limit: r < 8.529 @ 95% CL
Done in 0.00 min (cpu), 0.00 min (real)
Generate toy 212/500
  1) RooRealVar:: n_obs_bina01 = 3125

 -- Profile Likelihood -- 
Limit: r < 6.68728 @ 95% CL
Done in 0.00 min (cpu), 0.00 min (real)
Generate toy 213/500
  1) RooRealVar:: n_obs_bina01 = 2881

 -- Profile Likelihood -- 
Limit: r < 4.44025 @ 95% CL
Done in 0.00 min (cpu), 0.00 min (real)
Generate toy 214/500
  1) RooRealVar:: n_obs_bina01 = 3087

 -- Profile Likelihood -- 
Limit: r < 6.33734 @ 95% CL
Done in 0.00 min (cpu), 0.00 min (real)
Generate toy 215/500
  1) RooRealVar:: n_obs_bina01 = 2834

 -- Profile Likelihood -- 
Limit: r < 4.00737 @ 95% CL
Done in 0.00 min (cpu), 0.00 min (real)
Generate toy 216/500
  1) RooRealVar:: n_obs_bina01 = 2262

 -- Profile Likelihood -- 
Limit: r < 1.09737 @ 95% CL
Done in 0.00 min (cpu), 0.00 min (real)
Generate toy 217/500
  1) RooRealVar:: n_obs_bina01 = 2627

 -- Profile Likelihood -- 
Limit: r < 2.45464 @ 95% CL
Done in 0.00 min (cpu), 0.00 min (real)
Generate toy 218/500
  1) RooRealVar:: n_obs_bina01 = 2688

 -- Profile Likelihood -- 
Limit: r < 2.8386 @ 95% CL
Done in 0.00 min (cpu), 0.00 min (real)
Generate toy 219/500
  1) RooRealVar:: n_obs_bina01 = 2563

 -- Profile Likelihood -- 
Limit: r < 2.11162 @ 95% CL
Done in 0.00 min (cpu), 0.00 min (real)
Generate toy 220/500
  1) RooRealVar:: n_obs_bina01 = 2748

 -- Profile Likelihood -- 
Limit: r < 3.27541 @ 95% CL
Done in 0.00 min (cpu), 0.00 min (real)
Generate toy 221/500
  1) RooRealVar:: n_obs_bina01 = 2807

 -- Profile Likelihood -- 
Limit: r < 3.76413 @ 95% CL
Done in 0.00 min (cpu), 0.00 min (real)
Generate toy 222/500
  1) RooRealVar:: n_obs_bina01 = 2680

 -- Profile Likelihood -- 
Limit: r < 2.78487 @ 95% CL
Done in 0.00 min (cpu), 0.00 min (real)
Generate toy 223/500
  1) RooRealVar:: n_obs_bina01 = 2726

 -- Profile Likelihood -- 
Limit: r < 3.10823 @ 95% CL
Done in 0.00 min (cpu), 0.00 min (real)
Generate toy 224/500
  1) RooRealVar:: n_obs_bina01 = 2691

 -- Profile Likelihood -- 
Limit: r < 2.85902 @ 95% CL
Done in 0.00 min (cpu), 0.00 min (real)
Generate toy 225/500
  1) RooRealVar:: n_obs_bina01 = 2349

 -- Profile Likelihood -- 
Limit: r < 1.31275 @ 95% CL
Done in 0.00 min (cpu), 0.00 min (real)
Generate toy 226/500
  1) RooRealVar:: n_obs_bina01 = 2673

 -- Profile Likelihood -- 
Limit: r < 2.73871 @ 95% CL
Done in 0.00 min (cpu), 0.00 min (real)
Generate toy 227/500
  1) RooRealVar:: n_obs_bina01 = 2904

 -- Profile Likelihood -- 
Limit: r < 4.65192 @ 95% CL
Done in 0.00 min (cpu), 0.00 min (real)
Generate toy 228/500
  1) RooRealVar:: n_obs_bina01 = 2272

 -- Profile Likelihood -- 
Limit: r < 1.11977 @ 95% CL
Done in 0.00 min (cpu), 0.00 min (real)
Generate toy 229/500
  1) RooRealVar:: n_obs_bina01 = 3047

 -- Profile Likelihood -- 
Limit: r < 5.96894 @ 95% CL
Done in 0.00 min (cpu), 0.00 min (real)
Generate toy 230/500
  1) RooRealVar:: n_obs_bina01 = 2575

 -- Profile Likelihood -- 
Limit: r < 2.17159 @ 95% CL
Done in 0.00 min (cpu), 0.00 min (real)
Generate toy 231/500
  1) RooRealVar:: n_obs_bina01 = 2264

 -- Profile Likelihood -- 
Limit: r < 1.10181 @ 95% CL
Done in 0.00 min (cpu), 0.00 min (real)
Generate toy 232/500
  1) RooRealVar:: n_obs_bina01 = 3080

 -- Profile Likelihood -- 
Limit: r < 6.27143 @ 95% CL
Done in 0.00 min (cpu), 0.00 min (real)
Generate toy 233/500
  1) RooRealVar:: n_obs_bina01 = 2281

 -- Profile Likelihood -- 
Limit: r < 1.14041 @ 95% CL
Done in 0.00 min (cpu), 0.00 min (real)
Generate toy 234/500
  1) RooRealVar:: n_obs_bina01 = 2629

 -- Profile Likelihood -- 
Limit: r < 2.46631 @ 95% CL
Done in 0.00 min (cpu), 0.00 min (real)
Generate toy 235/500
  1) RooRealVar:: n_obs_bina01 = 2841

 -- Profile Likelihood -- 
Limit: r < 4.07168 @ 95% CL
Done in 0.00 min (cpu), 0.00 min (real)
Generate toy 236/500
  1) RooRealVar:: n_obs_bina01 = 2830

 -- Profile Likelihood -- 
Limit: r < 3.9706 @ 95% CL
Done in 0.00 min (cpu), 0.00 min (real)
Generate toy 237/500
  1) RooRealVar:: n_obs_bina01 = 2997

 -- Profile Likelihood -- 
Limit: r < 5.50823 @ 95% CL
Done in 0.00 min (cpu), 0.00 min (real)
Generate toy 238/500
  1) RooRealVar:: n_obs_bina01 = 2838

 -- Profile Likelihood -- 
Limit: r < 4.04456 @ 95% CL
Done in 0.00 min (cpu), 0.00 min (real)
Generate toy 239/500
  1) RooRealVar:: n_obs_bina01 = 3241

 -- Profile Likelihood -- 
Limit: r < 7.75547 @ 95% CL
Done in 0.00 min (cpu), 0.00 min (real)
Generate toy 240/500
  1) RooRealVar:: n_obs_bina01 = 2842

 -- Profile Likelihood -- 
Limit: r < 4.0809 @ 95% CL
Done in 0.00 min (cpu), 0.00 min (real)
Generate toy 241/500
  1) RooRealVar:: n_obs_bina01 = 2742

 -- Profile Likelihood -- 
Limit: r < 3.229 @ 95% CL
Done in 0.00 min (cpu), 0.00 min (real)
Generate toy 242/500
  1) RooRealVar:: n_obs_bina01 = 2532

 -- Profile Likelihood -- 
Limit: r < 1.96539 @ 95% CL
Done in 0.00 min (cpu), 0.00 min (real)
Generate toy 243/500
  1) RooRealVar:: n_obs_bina01 = 2974

 -- Profile Likelihood -- 
Limit: r < 5.2961 @ 95% CL
Done in 0.00 min (cpu), 0.00 min (real)
Generate toy 244/500
  1) RooRealVar:: n_obs_bina01 = 3034

 -- Profile Likelihood -- 
Limit: r < 5.84919 @ 95% CL
Done in 0.00 min (cpu), 0.00 min (real)
Generate toy 245/500
  1) RooRealVar:: n_obs_bina01 = 2980

 -- Profile Likelihood -- 
Limit: r < 5.35146 @ 95% CL
Done in 0.00 min (cpu), 0.00 min (real)
Generate toy 246/500
  1) RooRealVar:: n_obs_bina01 = 2764

 -- Profile Likelihood -- 
Limit: r < 3.40218 @ 95% CL
Done in 0.00 min (cpu), 0.00 min (real)
Generate toy 247/500
  1) RooRealVar:: n_obs_bina01 = 2697

 -- Profile Likelihood -- 
Limit: r < 2.9003 @ 95% CL
Done in 0.00 min (cpu), 0.00 min (real)
Generate toy 248/500
  1) RooRealVar:: n_obs_bina01 = 3042

 -- Profile Likelihood -- 
Limit: r < 5.92289 @ 95% CL
Done in 0.00 min (cpu), 0.00 min (real)
Generate toy 249/500
  1) RooRealVar:: n_obs_bina01 = 2578

 -- Profile Likelihood -- 
Limit: r < 2.18688 @ 95% CL
Done in 0.00 min (cpu), 0.00 min (real)
Generate toy 250/500
  1) RooRealVar:: n_obs_bina01 = 2887

 -- Profile Likelihood -- 
Limit: r < 4.49541 @ 95% CL
Done in 0.00 min (cpu), 0.00 min (real)
Generate toy 251/500
  1) RooRealVar:: n_obs_bina01 = 3325

 -- Profile Likelihood -- 
Limit: r < 8.529 @ 95% CL
Done in 0.00 min (cpu), 0.00 min (real)
Generate toy 252/500
  1) RooRealVar:: n_obs_bina01 = 2723

 -- Profile Likelihood -- 
Limit: r < 3.08607 @ 95% CL
Done in 0.00 min (cpu), 0.00 min (real)
Generate toy 253/500
  1) RooRealVar:: n_obs_bina01 = 2910

 -- Profile Likelihood -- 
Limit: r < 4.70718 @ 95% CL
Done in 0.00 min (cpu), 0.00 min (real)
Generate toy 254/500
  1) RooRealVar:: n_obs_bina01 = 2851

 -- Profile Likelihood -- 
Limit: r < 4.16421 @ 95% CL
Done in 0.00 min (cpu), 0.00 min (real)
Generate toy 255/500
  1) RooRealVar:: n_obs_bina01 = 2804

 -- Profile Likelihood -- 
Limit: r < 3.73785 @ 95% CL
Done in 0.00 min (cpu), 0.00 min (real)
Generate toy 256/500
  1) RooRealVar:: n_obs_bina01 = 2879

 -- Profile Likelihood -- 
Limit: r < 4.42188 @ 95% CL
Done in 0.00 min (cpu), 0.00 min (real)
Generate toy 257/500
  1) RooRealVar:: n_obs_bina01 = 2731

 -- Profile Likelihood -- 
Limit: r < 3.14551 @ 95% CL
Done in 0.00 min (cpu), 0.00 min (real)
Generate toy 258/500
  1) RooRealVar:: n_obs_bina01 = 2680

 -- Profile Likelihood -- 
Limit: r < 2.78487 @ 95% CL
Done in 0.00 min (cpu), 0.00 min (real)
Generate toy 259/500
  1) RooRealVar:: n_obs_bina01 = 2775

 -- Profile Likelihood -- 
Limit: r < 3.49191 @ 95% CL
Done in 0.00 min (cpu), 0.00 min (real)
Generate toy 260/500
  1) RooRealVar:: n_obs_bina01 = 2623

 -- Profile Likelihood -- 
Limit: r < 2.43147 @ 95% CL
Done in 0.00 min (cpu), 0.00 min (real)
Generate toy 261/500
  1) RooRealVar:: n_obs_bina01 = 2731

 -- Profile Likelihood -- 
Limit: r < 3.14551 @ 95% CL
Done in 0.00 min (cpu), 0.00 min (real)
Generate toy 262/500
  1) RooRealVar:: n_obs_bina01 = 3489

 -- Profile Likelihood -- 
Limit: r < 10.0393 @ 95% CL
Done in 0.00 min (cpu), 0.00 min (real)
Generate toy 263/500
  1) RooRealVar:: n_obs_bina01 = 2983

 -- Profile Likelihood -- 
Limit: r < 5.37914 @ 95% CL
Done in 0.00 min (cpu), 0.00 min (real)
Generate toy 264/500
  1) RooRealVar:: n_obs_bina01 = 2876

 -- Profile Likelihood -- 
Limit: r < 4.39436 @ 95% CL
Done in 0.00 min (cpu), 0.00 min (real)
Generate toy 265/500
  1) RooRealVar:: n_obs_bina01 = 2468

 -- Profile Likelihood -- 
Limit: r < 1.69989 @ 95% CL
Done in 0.00 min (cpu), 0.00 min (real)
Generate toy 266/500
  1) RooRealVar:: n_obs_bina01 = 3310

 -- Profile Likelihood -- 
Limit: r < 8.39086 @ 95% CL
Done in 0.00 min (cpu), 0.00 min (real)
Generate toy 267/500
  1) RooRealVar:: n_obs_bina01 = 2488

 -- Profile Likelihood -- 
Limit: r < 1.77809 @ 95% CL
Done in 0.00 min (cpu), 0.00 min (real)
Generate toy 268/500
  1) RooRealVar:: n_obs_bina01 = 2727

 -- Profile Likelihood -- 
Limit: r < 3.11565 @ 95% CL
Done in 0.00 min (cpu), 0.00 min (real)
Generate toy 269/500
  1) RooRealVar:: n_obs_bina01 = 2911

 -- Profile Likelihood -- 
Limit: r < 4.71639 @ 95% CL
Done in 0.00 min (cpu), 0.00 min (real)
Generate toy 270/500
  1) RooRealVar:: n_obs_bina01 = 2708

 -- Profile Likelihood -- 
Limit: r < 2.97752 @ 95% CL
Done in 0.00 min (cpu), 0.00 min (real)
Generate toy 271/500
  1) RooRealVar:: n_obs_bina01 = 2731

 -- Profile Likelihood -- 
Limit: r < 3.14551 @ 95% CL
Done in 0.00 min (cpu), 0.00 min (real)
Generate toy 272/500
  1) RooRealVar:: n_obs_bina01 = 2819

 -- Profile Likelihood -- 
Limit: r < 3.87066 @ 95% CL
Done in 0.00 min (cpu), 0.00 min (real)
Generate toy 273/500
  1) RooRealVar:: n_obs_bina01 = 2947

 -- Profile Likelihood -- 
Limit: r < 5.04794 @ 95% CL
Done in 0.00 min (cpu), 0.00 min (real)
Generate toy 274/500
  1) RooRealVar:: n_obs_bina01 = 3053

 -- Profile Likelihood -- 
Limit: r < 6.02575 @ 95% CL
Done in 0.00 min (cpu), 0.00 min (real)
Generate toy 275/500
  1) RooRealVar:: n_obs_bina01 = 2753

 -- Profile Likelihood -- 
Limit: r < 3.31455 @ 95% CL
Done in 0.00 min (cpu), 0.00 min (real)
Generate toy 276/500
  1) RooRealVar:: n_obs_bina01 = 2814

 -- Profile Likelihood -- 
Limit: r < 3.82602 @ 95% CL
Done in 0.00 min (cpu), 0.00 min (real)
Generate toy 277/500
  1) RooRealVar:: n_obs_bina01 = 2525

 -- Profile Likelihood -- 
Limit: r < 1.93403 @ 95% CL
Done in 0.00 min (cpu), 0.00 min (real)
Generate toy 278/500
  1) RooRealVar:: n_obs_bina01 = 2211

 -- Profile Likelihood -- 
Limit: r < 0.991419 @ 95% CL
Done in 0.00 min (cpu), 0.00 min (real)
Generate toy 279/500
  1) RooRealVar:: n_obs_bina01 = 2729

 -- Profile Likelihood -- 
Limit: r < 3.13054 @ 95% CL
Done in 0.00 min (cpu), 0.00 min (real)
Generate toy 280/500
  1) RooRealVar:: n_obs_bina01 = 3014

 -- Profile Likelihood -- 
Limit: r < 5.66492 @ 95% CL
Done in 0.00 min (cpu), 0.00 min (real)
Generate toy 281/500
  1) RooRealVar:: n_obs_bina01 = 2997

 -- Profile Likelihood -- 
Limit: r < 5.50823 @ 95% CL
Done in 0.00 min (cpu), 0.00 min (real)
Generate toy 282/500
  1) RooRealVar:: n_obs_bina01 = 3207

 -- Profile Likelihood -- 
Limit: r < 7.44238 @ 95% CL
Done in 0.00 min (cpu), 0.00 min (real)
Generate toy 283/500
  1) RooRealVar:: n_obs_bina01 = 2583

 -- Profile Likelihood -- 
Limit: r < 2.21264 @ 95% CL
Done in 0.00 min (cpu), 0.00 min (real)
Generate toy 284/500
  1) RooRealVar:: n_obs_bina01 = 2974

 -- Profile Likelihood -- 
Limit: r < 5.2961 @ 95% CL
Done in 0.00 min (cpu), 0.00 min (real)
Generate toy 285/500
  1) RooRealVar:: n_obs_bina01 = 2781

 -- Profile Likelihood -- 
Limit: r < 3.54176 @ 95% CL
Done in 0.00 min (cpu), 0.00 min (real)
Generate toy 286/500
  1) RooRealVar:: n_obs_bina01 = 3229

 -- Profile Likelihood -- 
Limit: r < 7.64497 @ 95% CL
Done in 0.00 min (cpu), 0.00 min (real)
Generate toy 287/500
  1) RooRealVar:: n_obs_bina01 = 3090

 -- Profile Likelihood -- 
Limit: r < 6.36497 @ 95% CL
Done in 0.00 min (cpu), 0.00 min (real)
Generate toy 288/500
  1) RooRealVar:: n_obs_bina01 = 2936

 -- Profile Likelihood -- 
Limit: r < 4.94681 @ 95% CL
Done in 0.00 min (cpu), 0.00 min (real)
Generate toy 289/500
  1) RooRealVar:: n_obs_bina01 = 2943

 -- Profile Likelihood -- 
Limit: r < 5.01093 @ 95% CL
Done in 0.00 min (cpu), 0.00 min (real)
Generate toy 290/500
  1) RooRealVar:: n_obs_bina01 = 2692

 -- Profile Likelihood -- 
Limit: r < 2.86586 @ 95% CL
Done in 0.00 min (cpu), 0.00 min (real)
Generate toy 291/500
  1) RooRealVar:: n_obs_bina01 = 2747

 -- Profile Likelihood -- 
Limit: r < 3.26763 @ 95% CL
Done in 0.00 min (cpu), 0.00 min (real)
Generate toy 292/500
  1) RooRealVar:: n_obs_bina01 = 2636

 -- Profile Likelihood -- 
Limit: r < 2.50765 @ 95% CL
Done in 0.00 min (cpu), 0.00 min (real)
Generate toy 293/500
  1) RooRealVar:: n_obs_bina01 = 2947

 -- Profile Likelihood -- 
Limit: r < 5.04794 @ 95% CL
Done in 0.00 min (cpu), 0.00 min (real)
Generate toy 294/500
  1) RooRealVar:: n_obs_bina01 = 2906

 -- Profile Likelihood -- 
Limit: r < 4.67034 @ 95% CL
Done in 0.00 min (cpu), 0.00 min (real)
Generate toy 295/500
  1) RooRealVar:: n_obs_bina01 = 2757

 -- Profile Likelihood -- 
Limit: r < 3.34618 @ 95% CL
Done in 0.00 min (cpu), 0.00 min (real)
Generate toy 296/500
  1) RooRealVar:: n_obs_bina01 = 3181

 -- Profile Likelihood -- 
Limit: r < 7.20296 @ 95% CL
Done in 0.00 min (cpu), 0.00 min (real)
Generate toy 297/500
  1) RooRealVar:: n_obs_bina01 = 3123

 -- Profile Likelihood -- 
Limit: r < 6.66887 @ 95% CL
Done in 0.00 min (cpu), 0.00 min (real)
Generate toy 298/500
  1) RooRealVar:: n_obs_bina01 = 2547

 -- Profile Likelihood -- 
Limit: r < 2.03462 @ 95% CL
Done in 0.00 min (cpu), 0.00 min (real)
Generate toy 299/500
  1) RooRealVar:: n_obs_bina01 = 3248

 -- Profile Likelihood -- 
Limit: r < 7.81993 @ 95% CL
Done in 0.00 min (cpu), 0.00 min (real)
Generate toy 300/500
  1) RooRealVar:: n_obs_bina01 = 2524

 -- Profile Likelihood -- 
Limit: r < 1.9296 @ 95% CL
Done in 0.00 min (cpu), 0.00 min (real)
Generate toy 301/500
  1) RooRealVar:: n_obs_bina01 = 3208

 -- Profile Likelihood -- 
Limit: r < 7.45159 @ 95% CL
Done in 0.00 min (cpu), 0.00 min (real)
Generate toy 302/500
  1) RooRealVar:: n_obs_bina01 = 2655

 -- Profile Likelihood -- 
Limit: r < 2.62361 @ 95% CL
Done in 0.00 min (cpu), 0.00 min (real)
Generate toy 303/500
  1) RooRealVar:: n_obs_bina01 = 2895

 -- Profile Likelihood -- 
Limit: r < 4.56904 @ 95% CL
Done in 0.00 min (cpu), 0.00 min (real)
Generate toy 304/500
  1) RooRealVar:: n_obs_bina01 = 2767

 -- Profile Likelihood -- 
Limit: r < 3.42644 @ 95% CL
Done in 0.00 min (cpu), 0.00 min (real)
Generate toy 305/500
  1) RooRealVar:: n_obs_bina01 = 3046

 -- Profile Likelihood -- 
Limit: r < 5.95973 @ 95% CL
Done in 0.00 min (cpu), 0.00 min (real)
Generate toy 306/500
  1) RooRealVar:: n_obs_bina01 = 2779

 -- Profile Likelihood -- 
Limit: r < 3.52507 @ 95% CL
Done in 0.00 min (cpu), 0.00 min (real)
Generate toy 307/500
  1) RooRealVar:: n_obs_bina01 = 2797

 -- Profile Likelihood -- 
Limit: r < 3.67713 @ 95% CL
Done in 0.00 min (cpu), 0.00 min (real)
Generate toy 308/500
  1) RooRealVar:: n_obs_bina01 = 2686

 -- Profile Likelihood -- 
Limit: r < 2.82507 @ 95% CL
Done in 0.00 min (cpu), 0.00 min (real)
Generate toy 309/500
  1) RooRealVar:: n_obs_bina01 = 2806

 -- Profile Likelihood -- 
Limit: r < 3.75535 @ 95% CL
Done in 0.00 min (cpu), 0.00 min (real)
Generate toy 310/500
  1) RooRealVar:: n_obs_bina01 = 3152

 -- Profile Likelihood -- 
Limit: r < 6.93591 @ 95% CL
Done in 0.00 min (cpu), 0.00 min (real)
Generate toy 311/500
  1) RooRealVar:: n_obs_bina01 = 2828

 -- Profile Likelihood -- 
Limit: r < 3.95224 @ 95% CL
Done in 0.00 min (cpu), 0.00 min (real)
Generate toy 312/500
  1) RooRealVar:: n_obs_bina01 = 2892

 -- Profile Likelihood -- 
Limit: r < 4.54143 @ 95% CL
Done in 0.00 min (cpu), 0.00 min (real)
Generate toy 313/500
  1) RooRealVar:: n_obs_bina01 = 2679

 -- Profile Likelihood -- 
Limit: r < 2.77823 @ 95% CL
Done in 0.00 min (cpu), 0.00 min (real)
Generate toy 314/500
  1) RooRealVar:: n_obs_bina01 = 2664

 -- Profile Likelihood -- 
Limit: r < 2.68052 @ 95% CL
Done in 0.00 min (cpu), 0.00 min (real)
Generate toy 315/500
  1) RooRealVar:: n_obs_bina01 = 2443

 -- Profile Likelihood -- 
Limit: r < 1.60796 @ 95% CL
Done in 0.00 min (cpu), 0.00 min (real)
Generate toy 316/500
  1) RooRealVar:: n_obs_bina01 = 3336

 -- Profile Likelihood -- 
Limit: r < 8.63029 @ 95% CL
Done in 0.00 min (cpu), 0.00 min (real)
Generate toy 317/500
  1) RooRealVar:: n_obs_bina01 = 3513

 -- Profile Likelihood -- 
Limit: r < 10.2603 @ 95% CL
Done in 0.00 min (cpu), 0.00 min (real)
Generate toy 318/500
  1) RooRealVar:: n_obs_bina01 = 2846

 -- Profile Likelihood -- 
Limit: r < 4.11774 @ 95% CL
Done in 0.00 min (cpu), 0.00 min (real)
Generate toy 319/500
  1) RooRealVar:: n_obs_bina01 = 2411

 -- Profile Likelihood -- 
Limit: r < 1.49902 @ 95% CL
Done in 0.00 min (cpu), 0.00 min (real)
Generate toy 320/500
  1) RooRealVar:: n_obs_bina01 = 2611

 -- Profile Likelihood -- 
Limit: r < 2.36339 @ 95% CL
Done in 0.00 min (cpu), 0.00 min (real)
Generate toy 321/500
  1) RooRealVar:: n_obs_bina01 = 2472

 -- Profile Likelihood -- 
Limit: r < 1.71519 @ 95% CL
Done in 0.00 min (cpu), 0.00 min (real)
Generate toy 322/500
  1) RooRealVar:: n_obs_bina01 = 3046

 -- Profile Likelihood -- 
Limit: r < 5.95973 @ 95% CL
Done in 0.00 min (cpu), 0.00 min (real)
Generate toy 323/500
  1) RooRealVar:: n_obs_bina01 = 2475

 -- Profile Likelihood -- 
Limit: r < 1.72678 @ 95% CL
Done in 0.00 min (cpu), 0.00 min (real)
Generate toy 324/500
  1) RooRealVar:: n_obs_bina01 = 2890

 -- Profile Likelihood -- 
Limit: r < 4.52302 @ 95% CL
Done in 0.00 min (cpu), 0.00 min (real)
Generate toy 325/500
  1) RooRealVar:: n_obs_bina01 = 3252

 -- Profile Likelihood -- 
Limit: r < 7.85676 @ 95% CL
Done in 0.00 min (cpu), 0.00 min (real)
Generate toy 326/500
  1) RooRealVar:: n_obs_bina01 = 2467

 -- Profile Likelihood -- 
Limit: r < 1.69609 @ 95% CL
Done in 0.00 min (cpu), 0.00 min (real)
Generate toy 327/500
  1) RooRealVar:: n_obs_bina01 = 3089

 -- Profile Likelihood -- 
Limit: r < 6.35576 @ 95% CL
Done in 0.00 min (cpu), 0.00 min (real)
Generate toy 328/500
  1) RooRealVar:: n_obs_bina01 = 2980

 -- Profile Likelihood -- 
Limit: r < 5.35146 @ 95% CL
Done in 0.00 min (cpu), 0.00 min (real)
Generate toy 329/500
  1) RooRealVar:: n_obs_bina01 = 3335

 -- Profile Likelihood -- 
Limit: r < 8.62108 @ 95% CL
Done in 0.00 min (cpu), 0.00 min (real)
Generate toy 330/500
  1) RooRealVar:: n_obs_bina01 = 2452

 -- Profile Likelihood -- 
Limit: r < 1.64034 @ 95% CL
Done in 0.00 min (cpu), 0.00 min (real)
Generate toy 331/500
  1) RooRealVar:: n_obs_bina01 = 2921

 -- Profile Likelihood -- 
Limit: r < 4.80891 @ 95% CL
Done in 0.00 min (cpu), 0.00 min (real)
Generate toy 332/500
  1) RooRealVar:: n_obs_bina01 = 2825

 -- Profile Likelihood -- 
Limit: r < 3.92516 @ 95% CL
Done in 0.00 min (cpu), 0.00 min (real)
Generate toy 333/500
  1) RooRealVar:: n_obs_bina01 = 2933

 -- Profile Likelihood -- 
Limit: r < 4.91921 @ 95% CL
Done in 0.00 min (cpu), 0.00 min (real)
Generate toy 334/500
  1) RooRealVar:: n_obs_bina01 = 2833
Done in 0.00 min (cpu), 0.00 min (real)
Generate toy 335/500
  1) RooRealVar:: n_obs_bina01 = 2612

 -- Profile Likelihood -- 
Limit: r < 2.36899 @ 95% CL
Done in 0.00 min (cpu), 0.00 min (real)
Generate toy 336/500
  1) RooRealVar:: n_obs_bina01 = 2899

 -- Profile Likelihood -- 
Limit: r < 4.60588 @ 95% CL
Done in 0.00 min (cpu), 0.00 min (real)
Generate toy 337/500
  1) RooRealVar:: n_obs_bina01 = 2558

 -- Profile Likelihood -- 
Limit: r < 2.0872 @ 95% CL
Done in 0.00 min (cpu), 0.00 min (real)
Generate toy 338/500
  1) RooRealVar:: n_obs_bina01 = 2613

 -- Profile Likelihood -- 
Limit: r < 2.37459 @ 95% CL
Done in 0.00 min (cpu), 0.00 min (real)
Generate toy 339/500
  1) RooRealVar:: n_obs_bina01 = 3019

 -- Profile Likelihood -- 
Limit: r < 5.71099 @ 95% CL
Done in 0.00 min (cpu), 0.00 min (real)
Generate toy 340/500
  1) RooRealVar:: n_obs_bina01 = 2628

 -- Profile Likelihood -- 
Limit: r < 2.46047 @ 95% CL
Done in 0.00 min (cpu), 0.00 min (real)
Generate toy 341/500
  1) RooRealVar:: n_obs_bina01 = 2717

 -- Profile Likelihood -- 
Limit: r < 3.04219 @ 95% CL
Done in 0.00 min (cpu), 0.00 min (real)
Generate toy 342/500
  1) RooRealVar:: n_obs_bina01 = 2558

 -- Profile Likelihood -- 
Limit: r < 2.0872 @ 95% CL
Done in 0.00 min (cpu), 0.00 min (real)
Generate toy 343/500
  1) RooRealVar:: n_obs_bina01 = 2993

 -- Profile Likelihood -- 
Limit: r < 5.47136 @ 95% CL
Done in 0.00 min (cpu), 0.00 min (real)
Generate toy 344/500
  1) RooRealVar:: n_obs_bina01 = 2984

 -- Profile Likelihood -- 
Limit: r < 5.38836 @ 95% CL
Done in 0.00 min (cpu), 0.00 min (real)
Generate toy 345/500
  1) RooRealVar:: n_obs_bina01 = 2728

 -- Profile Likelihood -- 
Limit: r < 3.12309 @ 95% CL
Done in 0.00 min (cpu), 0.00 min (real)
Generate toy 346/500
  1) RooRealVar:: n_obs_bina01 = 2999

 -- Profile Likelihood -- 
Limit: r < 5.52667 @ 95% CL
Done in 0.00 min (cpu), 0.00 min (real)
Generate toy 347/500
  1) RooRealVar:: n_obs_bina01 = 2295

 -- Profile Likelihood -- 
Limit: r < 1.17348 @ 95% CL
Done in 0.00 min (cpu), 0.00 min (real)
Generate toy 348/500
  1) RooRealVar:: n_obs_bina01 = 3224

 -- Profile Likelihood -- 
Limit: r < 7.59892 @ 95% CL
Done in 0.00 min (cpu), 0.00 min (real)
Generate toy 349/500
  1) RooRealVar:: n_obs_bina01 = 3036

 -- Profile Likelihood -- 
Limit: r < 5.86762 @ 95% CL
Done in 0.00 min (cpu), 0.00 min (real)
Generate toy 350/500
  1) RooRealVar:: n_obs_bina01 = 3574

 -- Profile Likelihood -- 
Limit: r < 10.822 @ 95% CL
Done in 0.00 min (cpu), 0.00 min (real)
Generate toy 351/500
  1) RooRealVar:: n_obs_bina01 = 2695

 -- Profile Likelihood -- 
Limit: r < 2.88647 @ 95% CL
Done in 0.00 min (cpu), 0.00 min (real)
Generate toy 352/500
  1) RooRealVar:: n_obs_bina01 = 3272

 -- Profile Likelihood -- 
Limit: r < 8.04093 @ 95% CL
Done in 0.00 min (cpu), 0.00 min (real)
Generate toy 353/500
  1) RooRealVar:: n_obs_bina01 = 2711

 -- Profile Likelihood -- 
Limit: r < 2.99893 @ 95% CL
Done in 0.00 min (cpu), 0.00 min (real)
Generate toy 354/500
  1) RooRealVar:: n_obs_bina01 = 3160

 -- Profile Likelihood -- 
Limit: r < 7.00958 @ 95% CL
Done in 0.00 min (cpu), 0.00 min (real)
Generate toy 355/500
  1) RooRealVar:: n_obs_bina01 = 2638

 -- Profile Likelihood -- 
Limit: r < 2.5196 @ 95% CL
Done in 0.00 min (cpu), 0.00 min (real)
Generate toy 356/500
  1) RooRealVar:: n_obs_bina01 = 2735

 -- Profile Likelihood -- 
Limit: r < 3.17563 @ 95% CL
Done in 0.00 min (cpu), 0.00 min (real)
Generate toy 357/500
  1) RooRealVar:: n_obs_bina01 = 2631

 -- Profile Likelihood -- 
Limit: r < 2.47805 @ 95% CL
Done in 0.00 min (cpu), 0.00 min (real)
Generate toy 358/500
  1) RooRealVar:: n_obs_bina01 = 3016

 -- Profile Likelihood -- 
Limit: r < 5.68335 @ 95% CL
Done in 0.00 min (cpu), 0.00 min (real)
Generate toy 359/500
  1) RooRealVar:: n_obs_bina01 = 2865

 -- Profile Likelihood -- 
Limit: r < 4.29273 @ 95% CL
Done in 0.00 min (cpu), 0.00 min (real)
Generate toy 360/500
  1) RooRealVar:: n_obs_bina01 = 2422

 -- Profile Likelihood -- 
Limit: r < 1.53541 @ 95% CL
Done in 0.00 min (cpu), 0.00 min (real)
Generate toy 361/500
  1) RooRealVar:: n_obs_bina01 = 2967

 -- Profile Likelihood -- 
Limit: r < 5.23215 @ 95% CL
Done in 0.00 min (cpu), 0.00 min (real)
Generate toy 362/500
  1) RooRealVar:: n_obs_bina01 = 2700

 -- Profile Likelihood -- 
Limit: r < 2.92116 @ 95% CL
Done in 0.00 min (cpu), 0.00 min (real)
Generate toy 363/500
  1) RooRealVar:: n_obs_bina01 = 3212

 -- Profile Likelihood -- 
Limit: r < 7.48842 @ 95% CL
Done in 0.00 min (cpu), 0.00 min (real)
Generate toy 364/500
  1) RooRealVar:: n_obs_bina01 = 2819

 -- Profile Likelihood -- 
Limit: r < 3.87066 @ 95% CL
Done in 0.00 min (cpu), 0.00 min (real)
Generate toy 365/500
  1) RooRealVar:: n_obs_bina01 = 2675

 -- Profile Likelihood -- 
Limit: r < 2.75182 @ 95% CL
Done in 0.00 min (cpu), 0.00 min (real)
Generate toy 366/500
  1) RooRealVar:: n_obs_bina01 = 2399

 -- Profile Likelihood -- 
Limit: r < 1.46053 @ 95% CL
Done in 0.00 min (cpu), 0.00 min (real)
Generate toy 367/500
  1) RooRealVar:: n_obs_bina01 = 2738

 -- Profile Likelihood -- 
Limit: r < 3.1984 @ 95% CL
Done in 0.00 min (cpu), 0.00 min (real)
Generate toy 368/500
  1) RooRealVar:: n_obs_bina01 = 2625

 -- Profile Likelihood -- 
Limit: r < 2.44302 @ 95% CL
Done in 0.00 min (cpu), 0.00 min (real)
Generate toy 369/500
  1) RooRealVar:: n_obs_bina01 = 2715

 -- Profile Likelihood -- 
Limit: r < 3.02771 @ 95% CL
Done in 0.00 min (cpu), 0.00 min (real)
Generate toy 370/500
  1) RooRealVar:: n_obs_bina01 = 3352

 -- Profile Likelihood -- 
Limit: r < 8.77763 @ 95% CL
Done in 0.00 min (cpu), 0.00 min (real)
Generate toy 371/500
  1) RooRealVar:: n_obs_bina01 = 2852

 -- Profile Likelihood -- 
Limit: r < 4.17332 @ 95% CL
Done in 0.00 min (cpu), 0.00 min (real)
Generate toy 372/500
  1) RooRealVar:: n_obs_bina01 = 2825

 -- Profile Likelihood -- 
Limit: r < 3.92516 @ 95% CL
Done in 0.00 min (cpu), 0.00 min (real)
Generate toy 373/500
  1) RooRealVar:: n_obs_bina01 = 2915

 -- Profile Likelihood -- 
Limit: r < 4.75323 @ 95% CL
Done in 0.00 min (cpu), 0.00 min (real)
Generate toy 374/500
  1) RooRealVar:: n_obs_bina01 = 2686

 -- Profile Likelihood -- 
Limit: r < 2.82507 @ 95% CL
Done in 0.00 min (cpu), 0.00 min (real)
Generate toy 375/500
  1) RooRealVar:: n_obs_bina01 = 2539

 -- Profile Likelihood -- 
Limit: r < 1.99735 @ 95% CL
Done in 0.00 min (cpu), 0.00 min (real)
Generate toy 376/500
  1) RooRealVar:: n_obs_bina01 = 2632

 -- Profile Likelihood -- 
Limit: r < 2.48394 @ 95% CL
Done in 0.00 min (cpu), 0.00 min (real)
Generate toy 377/500
  1) RooRealVar:: n_obs_bina01 = 2776

 -- Profile Likelihood -- 
Limit: r < 3.50017 @ 95% CL
Done in 0.00 min (cpu), 0.00 min (real)
Generate toy 378/500
  1) RooRealVar:: n_obs_bina01 = 2476

 -- Profile Likelihood -- 
Limit: r < 1.73066 @ 95% CL
Done in 0.00 min (cpu), 0.00 min (real)
Generate toy 379/500
  1) RooRealVar:: n_obs_bina01 = 3024

 -- Profile Likelihood -- 
Limit: r < 5.75706 @ 95% CL
Done in 0.00 min (cpu), 0.00 min (real)
Generate toy 380/500
  1) RooRealVar:: n_obs_bina01 = 2743

 -- Profile Likelihood -- 
Limit: r < 3.23669 @ 95% CL
Done in 0.00 min (cpu), 0.00 min (real)
Generate toy 381/500
  1) RooRealVar:: n_obs_bina01 = 2980

 -- Profile Likelihood -- 
Limit: r < 5.35146 @ 95% CL
Done in 0.00 min (cpu), 0.00 min (real)
Generate toy 382/500
  1) RooRealVar:: n_obs_bina01 = 2526

 -- Profile Likelihood -- 
Limit: r < 1.93847 @ 95% CL
Done in 0.00 min (cpu), 0.00 min (real)
Generate toy 383/500
  1) RooRealVar:: n_obs_bina01 = 3045

 -- Profile Likelihood -- 
Limit: r < 5.95052 @ 95% CL
Done in 0.00 min (cpu), 0.00 min (real)
Generate toy 384/500
  1) RooRealVar:: n_obs_bina01 = 3061

 -- Profile Likelihood -- 
Limit: r < 6.09846 @ 95% CL
Done in 0.00 min (cpu), 0.00 min (real)
Generate toy 385/500
  1) RooRealVar:: n_obs_bina01 = 3088

 -- Profile Likelihood -- 
Limit: r < 6.34655 @ 95% CL
Done in 0.00 min (cpu), 0.00 min (real)
Generate toy 386/500
  1) RooRealVar:: n_obs_bina01 = 2697

 -- Profile Likelihood -- 
Limit: r < 2.9003 @ 95% CL
Done in 0.00 min (cpu), 0.00 min (real)
Generate toy 387/500
  1) RooRealVar:: n_obs_bina01 = 3061

 -- Profile Likelihood -- 
Limit: r < 6.09846 @ 95% CL
Done in 0.00 min (cpu), 0.00 min (real)
Generate toy 388/500
  1) RooRealVar:: n_obs_bina01 = 3388

 -- Profile Likelihood -- 
Limit: r < 9.10915 @ 95% CL
Done in 0.00 min (cpu), 0.00 min (real)
Generate toy 389/500
  1) RooRealVar:: n_obs_bina01 = 2767

 -- Profile Likelihood -- 
Limit: r < 3.42644 @ 95% CL
Done in 0.00 min (cpu), 0.00 min (real)
Generate toy 390/500
  1) RooRealVar:: n_obs_bina01 = 2958

 -- Profile Likelihood -- 
Limit: r < 5.14926 @ 95% CL
Done in 0.00 min (cpu), 0.00 min (real)
Generate toy 391/500
  1) RooRealVar:: n_obs_bina01 = 2943

 -- Profile Likelihood -- 
Limit: r < 5.01093 @ 95% CL
Done in 0.00 min (cpu), 0.00 min (real)
Generate toy 392/500
  1) RooRealVar:: n_obs_bina01 = 3140

 -- Profile Likelihood -- 
Limit: r < 6.82541 @ 95% CL
Done in 0.00 min (cpu), 0.00 min (real)
Generate toy 393/500
  1) RooRealVar:: n_obs_bina01 = 3134

 -- Profile Likelihood -- 
Limit: r < 6.77016 @ 95% CL
Done in 0.00 min (cpu), 0.00 min (real)
Generate toy 394/500
  1) RooRealVar:: n_obs_bina01 = 3159

 -- Profile Likelihood -- 
Limit: r < 7.00037 @ 95% CL
Done in 0.00 min (cpu), 0.00 min (real)
Generate toy 395/500
  1) RooRealVar:: n_obs_bina01 = 3025

 -- Profile Likelihood -- 
Limit: r < 5.76628 @ 95% CL
Done in 0.00 min (cpu), 0.00 min (real)
Generate toy 396/500
  1) RooRealVar:: n_obs_bina01 = 2421

 -- Profile Likelihood -- 
Limit: r < 1.53206 @ 95% CL
Done in 0.00 min (cpu), 0.00 min (real)
Generate toy 397/500
  1) RooRealVar:: n_obs_bina01 = 2705

 -- Profile Likelihood -- 
Limit: r < 2.95626 @ 95% CL
Done in 0.00 min (cpu), 0.00 min (real)
Generate toy 398/500
  1) RooRealVar:: n_obs_bina01 = 2910

 -- Profile Likelihood -- 
Limit: r < 4.70718 @ 95% CL
Done in 0.00 min (cpu), 0.00 min (real)
Generate toy 399/500
  1) RooRealVar:: n_obs_bina01 = 2823

 -- Profile Likelihood -- 
Limit: r < 3.90676 @ 95% CL
Done in 0.00 min (cpu), 0.00 min (real)
Generate toy 400/500
  1) RooRealVar:: n_obs_bina01 = 2579

 -- Profile Likelihood -- 
Limit: r < 2.192 @ 95% CL
Done in 0.00 min (cpu), 0.00 min (real)
Generate toy 401/500
  1) RooRealVar:: n_obs_bina01 = 3194

 -- Profile Likelihood -- 
Limit: r < 7.32267 @ 95% CL
Done in 0.00 min (cpu), 0.00 min (real)
Generate toy 402/500
  1) RooRealVar:: n_obs_bina01 = 2630

 -- Profile Likelihood -- 
Limit: r < 2.47217 @ 95% CL
Done in 0.00 min (cpu), 0.00 min (real)
Generate toy 403/500
  1) RooRealVar:: n_obs_bina01 = 2820

 -- Profile Likelihood -- 
Limit: r < 3.87965 @ 95% CL
Done in 0.00 min (cpu), 0.00 min (real)
Generate toy 404/500
  1) RooRealVar:: n_obs_bina01 = 2394

 -- Profile Likelihood -- 
Limit: r < 1.44485 @ 95% CL
Done in 0.00 min (cpu), 0.00 min (real)
Generate toy 405/500
  1) RooRealVar:: n_obs_bina01 = 2520

 -- Profile Likelihood -- 
Limit: r < 1.91199 @ 95% CL
Done in 0.00 min (cpu), 0.00 min (real)
Generate toy 406/500
  1) RooRealVar:: n_obs_bina01 = 2879

 -- Profile Likelihood -- 
Limit: r < 4.42188 @ 95% CL
Done in 0.00 min (cpu), 0.00 min (real)
Generate toy 407/500
  1) RooRealVar:: n_obs_bina01 = 2982

 -- Profile Likelihood -- 
Limit: r < 5.36991 @ 95% CL
Done in 0.00 min (cpu), 0.00 min (real)
Generate toy 408/500
  1) RooRealVar:: n_obs_bina01 = 3626

 -- Profile Likelihood -- 
Limit: r < 11.3009 @ 95% CL
Done in 0.00 min (cpu), 0.00 min (real)
Generate toy 409/500
  1) RooRealVar:: n_obs_bina01 = 2893

 -- Profile Likelihood -- 
Limit: r < 4.55064 @ 95% CL
Done in 0.00 min (cpu), 0.00 min (real)
Generate toy 410/500
  1) RooRealVar:: n_obs_bina01 = 3042

 -- Profile Likelihood -- 
Limit: r < 5.92289 @ 95% CL
Done in 0.00 min (cpu), 0.00 min (real)
Generate toy 411/500
  1) RooRealVar:: n_obs_bina01 = 2963

 -- Profile Likelihood -- 
Limit: r < 5.19531 @ 95% CL
Done in 0.00 min (cpu), 0.00 min (real)
Generate toy 412/500
  1) RooRealVar:: n_obs_bina01 = 2731

 -- Profile Likelihood -- 
Limit: r < 3.14551 @ 95% CL
Done in 0.00 min (cpu), 0.00 min (real)
Generate toy 413/500
  1) RooRealVar:: n_obs_bina01 = 2714

 -- Profile Likelihood -- 
Limit: r < 3.02049 @ 95% CL
Done in 0.00 min (cpu), 0.00 min (real)
Generate toy 414/500
  1) RooRealVar:: n_obs_bina01 = 3324

 -- Profile Likelihood -- 
Limit: r < 8.51979 @ 95% CL
Done in 0.00 min (cpu), 0.00 min (real)
Generate toy 415/500
  1) RooRealVar:: n_obs_bina01 = 3578

 -- Profile Likelihood -- 
Limit: r < 10.8589 @ 95% CL
Done in 0.00 min (cpu), 0.00 min (real)
Generate toy 416/500
  1) RooRealVar:: n_obs_bina01 = 2549

 -- Profile Likelihood -- 
Limit: r < 2.04406 @ 95% CL
Done in 0.00 min (cpu), 0.00 min (real)
Generate toy 417/500
  1) RooRealVar:: n_obs_bina01 = 2714

 -- Profile Likelihood -- 
Limit: r < 3.02049 @ 95% CL
Done in 0.00 min (cpu), 0.00 min (real)
Generate toy 418/500
  1) RooRealVar:: n_obs_bina01 = 2686

 -- Profile Likelihood -- 
Limit: r < 2.82507 @ 95% CL
Done in 0.00 min (cpu), 0.00 min (real)
Generate toy 419/500
  1) RooRealVar:: n_obs_bina01 = 2912

 -- Profile Likelihood -- 
Limit: r < 4.7256 @ 95% CL
Done in 0.00 min (cpu), 0.00 min (real)
Generate toy 420/500
  1) RooRealVar:: n_obs_bina01 = 2642

 -- Profile Likelihood -- 
Limit: r < 2.54367 @ 95% CL
Done in 0.00 min (cpu), 0.00 min (real)
Generate toy 421/500
  1) RooRealVar:: n_obs_bina01 = 3126

 -- Profile Likelihood -- 
Limit: r < 6.69649 @ 95% CL
Done in 0.00 min (cpu), 0.00 min (real)
Generate toy 422/500
  1) RooRealVar:: n_obs_bina01 = 2567

 -- Profile Likelihood -- 
Limit: r < 2.1314 @ 95% CL
Done in 0.00 min (cpu), 0.00 min (real)
Generate toy 423/500
  1) RooRealVar:: n_obs_bina01 = 2455

 -- Profile Likelihood -- 
Limit: r < 1.65131 @ 95% CL
Done in 0.00 min (cpu), 0.00 min (real)
Generate toy 424/500
  1) RooRealVar:: n_obs_bina01 = 2935

 -- Profile Likelihood -- 
Limit: r < 4.93761 @ 95% CL
Done in 0.00 min (cpu), 0.00 min (real)
Generate toy 425/500
  1) RooRealVar:: n_obs_bina01 = 3212

 -- Profile Likelihood -- 
Limit: r < 7.48842 @ 95% CL
Done in 0.00 min (cpu), 0.00 min (real)
Generate toy 426/500
  1) RooRealVar:: n_obs_bina01 = 2858

 -- Profile Likelihood -- 
Limit: r < 4.22832 @ 95% CL
Done in 0.00 min (cpu), 0.00 min (real)
Generate toy 427/500
  1) RooRealVar:: n_obs_bina01 = 3369

 -- Profile Likelihood -- 
Limit: r < 8.93419 @ 95% CL
Done in 0.00 min (cpu), 0.00 min (real)
Generate toy 428/500
  1) RooRealVar:: n_obs_bina01 = 3156

 -- Profile Likelihood -- 
Limit: r < 6.97275 @ 95% CL
Done in 0.00 min (cpu), 0.00 min (real)
Generate toy 429/500
  1) RooRealVar:: n_obs_bina01 = 2950

 -- Profile Likelihood -- 
Limit: r < 5.07534 @ 95% CL
Done in 0.00 min (cpu), 0.00 min (real)
Generate toy 430/500
  1) RooRealVar:: n_obs_bina01 = 2841

 -- Profile Likelihood -- 
Limit: r < 4.07168 @ 95% CL
Done in 0.00 min (cpu), 0.00 min (real)
Generate toy 431/500
  1) RooRealVar:: n_obs_bina01 = 2999

 -- Profile Likelihood -- 
Limit: r < 5.52667 @ 95% CL
Done in 0.00 min (cpu), 0.00 min (real)
Generate toy 432/500
  1) RooRealVar:: n_obs_bina01 = 3226

 -- Profile Likelihood -- 
Limit: r < 7.61734 @ 95% CL
Done in 0.00 min (cpu), 0.00 min (real)
Generate toy 433/500
  1) RooRealVar:: n_obs_bina01 = 2763

 -- Profile Likelihood -- 
Limit: r < 3.39413 @ 95% CL
Done in 0.00 min (cpu), 0.00 min (real)
Generate toy 434/500
  1) RooRealVar:: n_obs_bina01 = 3065

 -- Profile Likelihood -- 
Limit: r < 6.13484 @ 95% CL
Done in 0.00 min (cpu), 0.00 min (real)
Generate toy 435/500
  1) RooRealVar:: n_obs_bina01 = 2731

 -- Profile Likelihood -- 
Limit: r < 3.14551 @ 95% CL
Done in 0.00 min (cpu), 0.00 min (real)
Generate toy 436/500
  1) RooRealVar:: n_obs_bina01 = 3076

 -- Profile Likelihood -- 
Limit: r < 6.23501 @ 95% CL
Done in 0.00 min (cpu), 0.00 min (real)
Generate toy 437/500
  1) RooRealVar:: n_obs_bina01 = 2790

 -- Profile Likelihood -- 
Limit: r < 3.61724 @ 95% CL
Done in 0.00 min (cpu), 0.00 min (real)
Generate toy 438/500
  1) RooRealVar:: n_obs_bina01 = 3029

 -- Profile Likelihood -- 
Limit: r < 5.80313 @ 95% CL
Done in 0.00 min (cpu), 0.00 min (real)
Generate toy 439/500
  1) RooRealVar:: n_obs_bina01 = 2866

 -- Profile Likelihood -- 
Limit: r < 4.30194 @ 95% CL
Done in 0.00 min (cpu), 0.00 min (real)
Generate toy 440/500
  1) RooRealVar:: n_obs_bina01 = 3029

 -- Profile Likelihood -- 
Limit: r < 5.80313 @ 95% CL
Done in 0.00 min (cpu), 0.00 min (real)
Generate toy 441/500
  1) RooRealVar:: n_obs_bina01 = 2917

 -- Profile Likelihood -- 
Limit: r < 4.77165 @ 95% CL
Done in 0.00 min (cpu), 0.00 min (real)
Generate toy 442/500
  1) RooRealVar:: n_obs_bina01 = 3090

 -- Profile Likelihood -- 
Limit: r < 6.36497 @ 95% CL
Done in 0.00 min (cpu), 0.00 min (real)
Generate toy 443/500
  1) RooRealVar:: n_obs_bina01 = 2901

 -- Profile Likelihood -- 
Limit: r < 4.62429 @ 95% CL
Done in 0.00 min (cpu), 0.00 min (real)
Generate toy 444/500
  1) RooRealVar:: n_obs_bina01 = 2698

 -- Profile Likelihood -- 
Limit: r < 2.90723 @ 95% CL
Done in 0.00 min (cpu), 0.00 min (real)
Generate toy 445/500
  1) RooRealVar:: n_obs_bina01 = 2714

 -- Profile Likelihood -- 
Limit: r < 3.02049 @ 95% CL
Done in 0.00 min (cpu), 0.00 min (real)
Generate toy 446/500
  1) RooRealVar:: n_obs_bina01 = 2428

 -- Profile Likelihood -- 
Limit: r < 1.55572 @ 95% CL
Done in 0.00 min (cpu), 0.00 min (real)
Generate toy 447/500
  1) RooRealVar:: n_obs_bina01 = 3018

 -- Profile Likelihood -- 
Limit: r < 5.70178 @ 95% CL
Done in 0.00 min (cpu), 0.00 min (real)
Generate toy 448/500
  1) RooRealVar:: n_obs_bina01 = 2892

 -- Profile Likelihood -- 
Limit: r < 4.54143 @ 95% CL
Done in 0.00 min (cpu), 0.00 min (real)
Generate toy 449/500
  1) RooRealVar:: n_obs_bina01 = 2551

 -- Profile Likelihood -- 
Limit: r < 2.05356 @ 95% CL
Done in 0.00 min (cpu), 0.00 min (real)
Generate toy 450/500
  1) RooRealVar:: n_obs_bina01 = 3112

 -- Profile Likelihood -- 
Limit: r < 6.56757 @ 95% CL
Done in 0.00 min (cpu), 0.00 min (real)
Generate toy 451/500
  1) RooRealVar:: n_obs_bina01 = 2714

 -- Profile Likelihood -- 
Limit: r < 3.02049 @ 95% CL
Done in 0.00 min (cpu), 0.00 min (real)
Generate toy 452/500
  1) RooRealVar:: n_obs_bina01 = 2988

 -- Profile Likelihood -- 
Limit: r < 5.42525 @ 95% CL
Done in 0.00 min (cpu), 0.00 min (real)
Generate toy 453/500
  1) RooRealVar:: n_obs_bina01 = 2613

 -- Profile Likelihood -- 
Limit: r < 2.37459 @ 95% CL
Done in 0.00 min (cpu), 0.00 min (real)
Generate toy 454/500
  1) RooRealVar:: n_obs_bina01 = 2842

 -- Profile Likelihood -- 
Limit: r < 4.0809 @ 95% CL
Done in 0.00 min (cpu), 0.00 min (real)
Generate toy 455/500
  1) RooRealVar:: n_obs_bina01 = 2924

 -- Profile Likelihood -- 
Limit: r < 4.83647 @ 95% CL
Done in 0.00 min (cpu), 0.00 min (real)
Generate toy 456/500
  1) RooRealVar:: n_obs_bina01 = 2930

 -- Profile Likelihood -- 
Limit: r < 4.89162 @ 95% CL
Done in 0.00 min (cpu), 0.00 min (real)
Generate toy 457/500
  1) RooRealVar:: n_obs_bina01 = 2781

 -- Profile Likelihood -- 
Limit: r < 3.54176 @ 95% CL
Done in 0.00 min (cpu), 0.00 min (real)
Generate toy 458/500
  1) RooRealVar:: n_obs_bina01 = 2678

 -- Profile Likelihood -- 
Limit: r < 2.7716 @ 95% CL
Done in 0.00 min (cpu), 0.00 min (real)
Generate toy 459/500
  1) RooRealVar:: n_obs_bina01 = 2746

 -- Profile Likelihood -- 
Limit: r < 3.25987 @ 95% CL
Done in 0.00 min (cpu), 0.00 min (real)
Generate toy 460/500
  1) RooRealVar:: n_obs_bina01 = 2777

 -- Profile Likelihood -- 
Limit: r < 3.50846 @ 95% CL
Done in 0.00 min (cpu), 0.00 min (real)
Generate toy 461/500
  1) RooRealVar:: n_obs_bina01 = 2652

 -- Profile Likelihood -- 
Limit: r < 2.60493 @ 95% CL
Done in 0.00 min (cpu), 0.00 min (real)
Generate toy 462/500
  1) RooRealVar:: n_obs_bina01 = 2789

 -- Profile Likelihood -- 
Limit: r < 3.60875 @ 95% CL
Done in 0.00 min (cpu), 0.00 min (real)
Generate toy 463/500
  1) RooRealVar:: n_obs_bina01 = 2848

 -- Profile Likelihood -- 
Limit: r < 4.13615 @ 95% CL
Done in 0.00 min (cpu), 0.00 min (real)
Generate toy 464/500
  1) RooRealVar:: n_obs_bina01 = 2857

 -- Profile Likelihood -- 
Limit: r < 4.21913 @ 95% CL
Done in 0.00 min (cpu), 0.00 min (real)
Generate toy 465/500
  1) RooRealVar:: n_obs_bina01 = 2280

 -- Profile Likelihood -- 
Limit: r < 1.1381 @ 95% CL
Done in 0.00 min (cpu), 0.00 min (real)
Generate toy 466/500
  1) RooRealVar:: n_obs_bina01 = 3015

 -- Profile Likelihood -- 
Limit: r < 5.67414 @ 95% CL
Done in 0.00 min (cpu), 0.00 min (real)
Generate toy 467/500
  1) RooRealVar:: n_obs_bina01 = 2393

 -- Profile Likelihood -- 
Limit: r < 1.44174 @ 95% CL
Done in 0.00 min (cpu), 0.00 min (real)
Generate toy 468/500
  1) RooRealVar:: n_obs_bina01 = 2793

 -- Profile Likelihood -- 
Limit: r < 3.6428 @ 95% CL
Done in 0.00 min (cpu), 0.00 min (real)
Generate toy 469/500
  1) RooRealVar:: n_obs_bina01 = 2664

 -- Profile Likelihood -- 
Limit: r < 2.68052 @ 95% CL
Done in 0.00 min (cpu), 0.00 min (real)
Generate toy 470/500
  1) RooRealVar:: n_obs_bina01 = 2728

 -- Profile Likelihood -- 
Limit: r < 3.12309 @ 95% CL
Done in 0.00 min (cpu), 0.00 min (real)
Generate toy 471/500
  1) RooRealVar:: n_obs_bina01 = 2895

 -- Profile Likelihood -- 
Limit: r < 4.56904 @ 95% CL
Done in 0.00 min (cpu), 0.00 min (real)
Generate toy 472/500
  1) RooRealVar:: n_obs_bina01 = 2718

 -- Profile Likelihood -- 
Limit: r < 3.04946 @ 95% CL
Done in 0.00 min (cpu), 0.00 min (real)
Generate toy 473/500
  1) RooRealVar:: n_obs_bina01 = 2540

 -- Profile Likelihood -- 
Limit: r < 2.00196 @ 95% CL
Done in 0.00 min (cpu), 0.00 min (real)
Generate toy 474/500
  1) RooRealVar:: n_obs_bina01 = 2898

 -- Profile Likelihood -- 
Limit: r < 4.59667 @ 95% CL
Done in 0.00 min (cpu), 0.00 min (real)
Generate toy 475/500
  1) RooRealVar:: n_obs_bina01 = 2648

 -- Profile Likelihood -- 
Limit: r < 2.58023 @ 95% CL
Done in 0.00 min (cpu), 0.00 min (real)
Generate toy 476/500
  1) RooRealVar:: n_obs_bina01 = 2791

 -- Profile Likelihood -- 
Limit: r < 3.62575 @ 95% CL
Done in 0.00 min (cpu), 0.00 min (real)
Generate toy 477/500
  1) RooRealVar:: n_obs_bina01 = 2835

 -- Profile Likelihood -- 
Limit: r < 4.01643 @ 95% CL
Done in 0.00 min (cpu), 0.00 min (real)
Generate toy 478/500
  1) RooRealVar:: n_obs_bina01 = 3130

 -- Profile Likelihood -- 
Limit: r < 6.73333 @ 95% CL
Done in 0.00 min (cpu), 0.00 min (real)
Generate toy 479/500
  1) RooRealVar:: n_obs_bina01 = 3117

 -- Profile Likelihood -- 
Limit: r < 6.61361 @ 95% CL
Done in 0.00 min (cpu), 0.00 min (real)
Generate toy 480/500
  1) RooRealVar:: n_obs_bina01 = 2963

 -- Profile Likelihood -- 
Limit: r < 5.19531 @ 95% CL
Done in 0.00 min (cpu), 0.00 min (real)
Generate toy 481/500
  1) RooRealVar:: n_obs_bina01 = 2663

 -- Profile Likelihood -- 
Limit: r < 2.67413 @ 95% CL
Done in 0.00 min (cpu), 0.00 min (real)
Generate toy 482/500
  1) RooRealVar:: n_obs_bina01 = 2851

 -- Profile Likelihood -- 
Limit: r < 4.16421 @ 95% CL
Done in 0.00 min (cpu), 0.00 min (real)
Generate toy 483/500
  1) RooRealVar:: n_obs_bina01 = 2748

 -- Profile Likelihood -- 
Limit: r < 3.27541 @ 95% CL
Done in 0.00 min (cpu), 0.00 min (real)
Generate toy 484/500
  1) RooRealVar:: n_obs_bina01 = 3291

 -- Profile Likelihood -- 
Limit: r < 8.2159 @ 95% CL
Done in 0.00 min (cpu), 0.00 min (real)
Generate toy 485/500
  1) RooRealVar:: n_obs_bina01 = 2797

 -- Profile Likelihood -- 
Limit: r < 3.67713 @ 95% CL
Done in 0.00 min (cpu), 0.00 min (real)
Generate toy 486/500
  1) RooRealVar:: n_obs_bina01 = 2537

 -- Profile Likelihood -- 
Limit: r < 1.98815 @ 95% CL
Done in 0.00 min (cpu), 0.00 min (real)
Generate toy 487/500
  1) RooRealVar:: n_obs_bina01 = 2629

 -- Profile Likelihood -- 
Limit: r < 2.46631 @ 95% CL
Done in 0.00 min (cpu), 0.00 min (real)
Generate toy 488/500
  1) RooRealVar:: n_obs_bina01 = 2553

 -- Profile Likelihood -- 
Limit: r < 2.06311 @ 95% CL
Done in 0.00 min (cpu), 0.00 min (real)
Generate toy 489/500
  1) RooRealVar:: n_obs_bina01 = 2764

 -- Profile Likelihood -- 
Limit: r < 3.40218 @ 95% CL
Done in 0.00 min (cpu), 0.00 min (real)
Generate toy 490/500
  1) RooRealVar:: n_obs_bina01 = 3287

 -- Profile Likelihood -- 
Limit: r < 8.17907 @ 95% CL
Done in 0.00 min (cpu), 0.00 min (real)
Generate toy 491/500
  1) RooRealVar:: n_obs_bina01 = 2484

 -- Profile Likelihood -- 
Limit: r < 1.76211 @ 95% CL
Done in 0.00 min (cpu), 0.00 min (real)
Generate toy 492/500
  1) RooRealVar:: n_obs_bina01 = 2649

 -- Profile Likelihood -- 
Limit: r < 2.58638 @ 95% CL
Done in 0.00 min (cpu), 0.00 min (real)
Generate toy 493/500
  1) RooRealVar:: n_obs_bina01 = 2732

 -- Profile Likelihood -- 
Limit: r < 3.15301 @ 95% CL
Done in 0.00 min (cpu), 0.00 min (real)
Generate toy 494/500
  1) RooRealVar:: n_obs_bina01 = 2885

 -- Profile Likelihood -- 
Limit: r < 4.47702 @ 95% CL
Done in 0.00 min (cpu), 0.00 min (real)
Generate toy 495/500
  1) RooRealVar:: n_obs_bina01 = 2767

 -- Profile Likelihood -- 
Limit: r < 3.42644 @ 95% CL
Done in 0.00 min (cpu), 0.00 min (real)
Generate toy 496/500
  1) RooRealVar:: n_obs_bina01 = 2874

 -- Profile Likelihood -- 
Limit: r < 4.37606 @ 95% CL
Done in 0.00 min (cpu), 0.00 min (real)
Generate toy 497/500
  1) RooRealVar:: n_obs_bina01 = 2831

 -- Profile Likelihood -- 
Limit: r < 3.97961 @ 95% CL
Done in 0.00 min (cpu), 0.00 min (real)
Generate toy 498/500
  1) RooRealVar:: n_obs_bina01 = 3091

 -- Profile Likelihood -- 
Limit: r < 6.37418 @ 95% CL
Done in 0.00 min (cpu), 0.00 min (real)
Generate toy 499/500
  1) RooRealVar:: n_obs_bina01 = 2725

 -- Profile Likelihood -- 
Limit: r < 3.10083 @ 95% CL
Done in 0.00 min (cpu), 0.00 min (real)
Generate toy 500/500
  1) RooRealVar:: n_obs_bina01 = 2553

 -- Profile Likelihood -- 
Limit: r < 2.06311 @ 95% CL
Done in 0.00 min (cpu), 0.00 min (real)
mean   expected limit: r < 4.34187 +/- 0.0920528 @ 95%CL (499 toyMC)
median expected limit: r < 3.97961 @ 95%CL (499 toyMC)
   68% expected band : 2.26521 < r < 6.35576
   95% expected band : 1.44174 < r < 9.10915
