>>> including systematics
>>> method used to compute upper limit is ProfileLikelihood
>>> random number generator seed is 123456

Sanity checks on the model: OK
Generate toy 1/500
  1) RooRealVar:: n_obs_bina01 = 2164

 -- Profile Likelihood -- 
Limit: r < 6.25374 @ 95% CL
Done in 0.00 min (cpu), 0.00 min (real)
Generate toy 2/500
  1) RooRealVar:: n_obs_bina01 = 2322

 -- Profile Likelihood -- 
Limit: r < 9.23068 @ 95% CL
Done in 0.00 min (cpu), 0.00 min (real)
Generate toy 3/500
  1) RooRealVar:: n_obs_bina01 = 2302

 -- Profile Likelihood -- 
Limit: r < 8.85382 @ 95% CL
Done in 0.00 min (cpu), 0.00 min (real)
Generate toy 4/500
  1) RooRealVar:: n_obs_bina01 = 2212

 -- Profile Likelihood -- 
Limit: r < 7.15801 @ 95% CL
Done in 0.00 min (cpu), 0.00 min (real)
Generate toy 5/500
  1) RooRealVar:: n_obs_bina01 = 2232

 -- Profile Likelihood -- 
Limit: r < 7.53481 @ 95% CL
Done in 0.00 min (cpu), 0.00 min (real)
Generate toy 6/500
  1) RooRealVar:: n_obs_bina01 = 2149

 -- Profile Likelihood -- 
Limit: r < 5.97841 @ 95% CL
Done in 0.00 min (cpu), 0.00 min (real)
Generate toy 7/500
  1) RooRealVar:: n_obs_bina01 = 2413

 -- Profile Likelihood -- 
Limit: r < 10.945 @ 95% CL
Done in 0.00 min (cpu), 0.00 min (real)
Generate toy 8/500
  1) RooRealVar:: n_obs_bina01 = 2182

 -- Profile Likelihood -- 
Limit: r < 6.59272 @ 95% CL
Done in 0.00 min (cpu), 0.00 min (real)
Generate toy 9/500
  1) RooRealVar:: n_obs_bina01 = 1840

 -- Profile Likelihood -- 
Limit: r < 2.36415 @ 95% CL
Done in 0.00 min (cpu), 0.00 min (real)
Generate toy 10/500
  1) RooRealVar:: n_obs_bina01 = 2218

 -- Profile Likelihood -- 
Limit: r < 7.27186 @ 95% CL
Done in 0.00 min (cpu), 0.00 min (real)
Generate toy 11/500
  1) RooRealVar:: n_obs_bina01 = 2033

 -- Profile Likelihood -- 
Limit: r < 4.18707 @ 95% CL
Done in 0.00 min (cpu), 0.00 min (real)
Generate toy 12/500
  1) RooRealVar:: n_obs_bina01 = 2195

 -- Profile Likelihood -- 
Limit: r < 6.83778 @ 95% CL
Done in 0.00 min (cpu), 0.00 min (real)
Generate toy 13/500
  1) RooRealVar:: n_obs_bina01 = 2397

 -- Profile Likelihood -- 
Limit: r < 10.6434 @ 95% CL
Done in 0.00 min (cpu), 0.00 min (real)
Generate toy 14/500
  1) RooRealVar:: n_obs_bina01 = 2116

 -- Profile Likelihood -- 
Limit: r < 5.40762 @ 95% CL
Done in 0.00 min (cpu), 0.00 min (real)
Generate toy 15/500
  1) RooRealVar:: n_obs_bina01 = 2349

 -- Profile Likelihood -- 
Limit: r < 9.73944 @ 95% CL
Done in 0.00 min (cpu), 0.00 min (real)
Generate toy 16/500
  1) RooRealVar:: n_obs_bina01 = 2328

 -- Profile Likelihood -- 
Limit: r < 9.34374 @ 95% CL
Done in 0.00 min (cpu), 0.00 min (real)
Generate toy 17/500
  1) RooRealVar:: n_obs_bina01 = 2277

 -- Profile Likelihood -- 
Limit: r < 8.38275 @ 95% CL
Done in 0.00 min (cpu), 0.00 min (real)
Generate toy 18/500
  1) RooRealVar:: n_obs_bina01 = 2397

 -- Profile Likelihood -- 
Limit: r < 10.6434 @ 95% CL
Done in 0.00 min (cpu), 0.00 min (real)
Generate toy 19/500
  1) RooRealVar:: n_obs_bina01 = 2105

 -- Profile Likelihood -- 
Limit: r < 5.22823 @ 95% CL
Done in 0.00 min (cpu), 0.00 min (real)
Generate toy 20/500
  1) RooRealVar:: n_obs_bina01 = 2025

 -- Profile Likelihood -- 
Limit: r < 4.0852 @ 95% CL
Done in 0.00 min (cpu), 0.00 min (real)
Generate toy 21/500
  1) RooRealVar:: n_obs_bina01 = 2409

 -- Profile Likelihood -- 
Limit: r < 10.8696 @ 95% CL
Done in 0.00 min (cpu), 0.00 min (real)
Generate toy 22/500
  1) RooRealVar:: n_obs_bina01 = 2197

 -- Profile Likelihood -- 
Limit: r < 6.87538 @ 95% CL
Done in 0.00 min (cpu), 0.00 min (real)
Generate toy 23/500
  1) RooRealVar:: n_obs_bina01 = 2249

 -- Profile Likelihood -- 
Limit: r < 7.85514 @ 95% CL
Done in 0.00 min (cpu), 0.00 min (real)
Generate toy 24/500
  1) RooRealVar:: n_obs_bina01 = 1868

 -- Profile Likelihood -- 
Limit: r < 2.55885 @ 95% CL
Done in 0.00 min (cpu), 0.00 min (real)
Generate toy 25/500
  1) RooRealVar:: n_obs_bina01 = 2324

 -- Profile Likelihood -- 
Limit: r < 9.26836 @ 95% CL
Done in 0.00 min (cpu), 0.00 min (real)
Generate toy 26/500
  1) RooRealVar:: n_obs_bina01 = 2262

 -- Profile Likelihood -- 
Limit: r < 8.1001 @ 95% CL
Done in 0.00 min (cpu), 0.00 min (real)
Generate toy 27/500
  1) RooRealVar:: n_obs_bina01 = 2191

 -- Profile Likelihood -- 
Limit: r < 6.7629 @ 95% CL
Done in 0.00 min (cpu), 0.00 min (real)
Generate toy 28/500
  1) RooRealVar:: n_obs_bina01 = 2272

 -- Profile Likelihood -- 
Limit: r < 8.28853 @ 95% CL
Done in 0.00 min (cpu), 0.00 min (real)
Generate toy 29/500
  1) RooRealVar:: n_obs_bina01 = 2321

 -- Profile Likelihood -- 
Limit: r < 9.21184 @ 95% CL
Done in 0.00 min (cpu), 0.00 min (real)
Generate toy 30/500
  1) RooRealVar:: n_obs_bina01 = 1990

 -- Profile Likelihood -- 
Limit: r < 3.66995 @ 95% CL
Done in 0.00 min (cpu), 0.00 min (real)
Generate toy 31/500
  1) RooRealVar:: n_obs_bina01 = 2033

 -- Profile Likelihood -- 
Limit: r < 4.18707 @ 95% CL
Done in 0.00 min (cpu), 0.00 min (real)
Generate toy 32/500
  1) RooRealVar:: n_obs_bina01 = 2063

 -- Profile Likelihood -- 
Limit: r < 4.59325 @ 95% CL
Done in 0.00 min (cpu), 0.00 min (real)
Generate toy 33/500
  1) RooRealVar:: n_obs_bina01 = 1900

 -- Profile Likelihood -- 
Limit: r < 2.80613 @ 95% CL
Done in 0.00 min (cpu), 0.00 min (real)
Generate toy 34/500
  1) RooRealVar:: n_obs_bina01 = 2215

 -- Profile Likelihood -- 
Limit: r < 7.21448 @ 95% CL
Done in 0.00 min (cpu), 0.00 min (real)
Generate toy 35/500
  1) RooRealVar:: n_obs_bina01 = 2191

 -- Profile Likelihood -- 
Limit: r < 6.7629 @ 95% CL
Done in 0.00 min (cpu), 0.00 min (real)
Generate toy 36/500
  1) RooRealVar:: n_obs_bina01 = 2074

 -- Profile Likelihood -- 
Limit: r < 4.75197 @ 95% CL
Done in 0.00 min (cpu), 0.00 min (real)
Generate toy 37/500
  1) RooRealVar:: n_obs_bina01 = 1997

 -- Profile Likelihood -- 
Limit: r < 3.74914 @ 95% CL
Done in 0.00 min (cpu), 0.00 min (real)
Generate toy 38/500
  1) RooRealVar:: n_obs_bina01 = 2297

 -- Profile Likelihood -- 
Limit: r < 8.75961 @ 95% CL
Done in 0.00 min (cpu), 0.00 min (real)
Generate toy 39/500
  1) RooRealVar:: n_obs_bina01 = 2546

 -- Profile Likelihood -- 
Limit: r < 13.4514 @ 95% CL
Done in 0.00 min (cpu), 0.00 min (real)
Generate toy 40/500
  1) RooRealVar:: n_obs_bina01 = 2315

 -- Profile Likelihood -- 
Limit: r < 9.09878 @ 95% CL
Done in 0.00 min (cpu), 0.00 min (real)
Generate toy 41/500
  1) RooRealVar:: n_obs_bina01 = 2266

 -- Profile Likelihood -- 
Limit: r < 8.17547 @ 95% CL
Done in 0.00 min (cpu), 0.00 min (real)
Generate toy 42/500
  1) RooRealVar:: n_obs_bina01 = 1905

 -- Profile Likelihood -- 
Limit: r < 2.84736 @ 95% CL
Done in 0.00 min (cpu), 0.00 min (real)
Generate toy 43/500
  1) RooRealVar:: n_obs_bina01 = 2502

 -- Profile Likelihood -- 
Limit: r < 12.6223 @ 95% CL
Done in 0.00 min (cpu), 0.00 min (real)
Generate toy 44/500
  1) RooRealVar:: n_obs_bina01 = 2294

 -- Profile Likelihood -- 
Limit: r < 8.70308 @ 95% CL
Done in 0.00 min (cpu), 0.00 min (real)
Generate toy 45/500
  1) RooRealVar:: n_obs_bina01 = 2239

 -- Profile Likelihood -- 
Limit: r < 7.66671 @ 95% CL
Done in 0.00 min (cpu), 0.00 min (real)
Generate toy 46/500
  1) RooRealVar:: n_obs_bina01 = 2123

 -- Profile Likelihood -- 
Limit: r < 5.52466 @ 95% CL
Done in 0.00 min (cpu), 0.00 min (real)
Generate toy 47/500
  1) RooRealVar:: n_obs_bina01 = 2272

 -- Profile Likelihood -- 
Limit: r < 8.28853 @ 95% CL
Done in 0.00 min (cpu), 0.00 min (real)
Generate toy 48/500
  1) RooRealVar:: n_obs_bina01 = 2131

 -- Profile Likelihood -- 
Limit: r < 5.66113 @ 95% CL
Done in 0.00 min (cpu), 0.00 min (real)
Generate toy 49/500
  1) RooRealVar:: n_obs_bina01 = 2152

 -- Profile Likelihood -- 
Limit: r < 6.03262 @ 95% CL
Done in 0.00 min (cpu), 0.00 min (real)
Generate toy 50/500
  1) RooRealVar:: n_obs_bina01 = 2239

 -- Profile Likelihood -- 
Limit: r < 7.66671 @ 95% CL
Done in 0.00 min (cpu), 0.00 min (real)
Generate toy 51/500
  1) RooRealVar:: n_obs_bina01 = 2013

 -- Profile Likelihood -- 
Limit: r < 3.93733 @ 95% CL
Done in 0.00 min (cpu), 0.00 min (real)
Generate toy 52/500
  1) RooRealVar:: n_obs_bina01 = 2606

 -- Profile Likelihood -- 
Limit: r < 14.5838 @ 95% CL
Done in 0.00 min (cpu), 0.00 min (real)
Generate toy 53/500
  1) RooRealVar:: n_obs_bina01 = 1980

 -- Profile Likelihood -- 
Limit: r < 3.56006 @ 95% CL
Done in 0.00 min (cpu), 0.00 min (real)
Generate toy 54/500
  1) RooRealVar:: n_obs_bina01 = 2326

 -- Profile Likelihood -- 
Limit: r < 9.30605 @ 95% CL
Done in 0.00 min (cpu), 0.00 min (real)
Generate toy 55/500
  1) RooRealVar:: n_obs_bina01 = 2135

 -- Profile Likelihood -- 
Limit: r < 5.73045 @ 95% CL
Done in 0.00 min (cpu), 0.00 min (real)
Generate toy 56/500
  1) RooRealVar:: n_obs_bina01 = 1902

 -- Profile Likelihood -- 
Limit: r < 2.82253 @ 95% CL
Done in 0.00 min (cpu), 0.00 min (real)
Generate toy 57/500
  1) RooRealVar:: n_obs_bina01 = 2021

 -- Profile Likelihood -- 
Limit: r < 4.03526 @ 95% CL
Done in 0.00 min (cpu), 0.00 min (real)
Generate toy 58/500
  1) RooRealVar:: n_obs_bina01 = 1943

 -- Profile Likelihood -- 
Limit: r < 3.18492 @ 95% CL
Done in 0.00 min (cpu), 0.00 min (real)
Generate toy 59/500
  1) RooRealVar:: n_obs_bina01 = 2232

 -- Profile Likelihood -- 
Limit: r < 7.53481 @ 95% CL
Done in 0.00 min (cpu), 0.00 min (real)
Generate toy 60/500
  1) RooRealVar:: n_obs_bina01 = 1998

 -- Profile Likelihood -- 
Limit: r < 3.76061 @ 95% CL
Done in 0.00 min (cpu), 0.00 min (real)
Generate toy 61/500
  1) RooRealVar:: n_obs_bina01 = 2509

 -- Profile Likelihood -- 
Limit: r < 12.7542 @ 95% CL
Done in 0.00 min (cpu), 0.00 min (real)
Generate toy 62/500
  1) RooRealVar:: n_obs_bina01 = 2254

 -- Profile Likelihood -- 
Limit: r < 7.94936 @ 95% CL
Done in 0.00 min (cpu), 0.00 min (real)
Generate toy 63/500
  1) RooRealVar:: n_obs_bina01 = 2079

 -- Profile Likelihood -- 
Limit: r < 4.82588 @ 95% CL
Done in 0.00 min (cpu), 0.00 min (real)
Generate toy 64/500
  1) RooRealVar:: n_obs_bina01 = 2084

 -- Profile Likelihood -- 
Limit: r < 4.9009 @ 95% CL
Done in 0.00 min (cpu), 0.00 min (real)
Generate toy 65/500
  1) RooRealVar:: n_obs_bina01 = 2009

 -- Profile Likelihood -- 
Limit: r < 3.88933 @ 95% CL
Done in 0.00 min (cpu), 0.00 min (real)
Generate toy 66/500
  1) RooRealVar:: n_obs_bina01 = 2546

 -- Profile Likelihood -- 
Limit: r < 13.4514 @ 95% CL
Done in 0.00 min (cpu), 0.00 min (real)
Generate toy 67/500
  1) RooRealVar:: n_obs_bina01 = 2094

 -- Profile Likelihood -- 
Limit: r < 5.0543 @ 95% CL
Done in 0.00 min (cpu), 0.00 min (real)
Generate toy 68/500
  1) RooRealVar:: n_obs_bina01 = 2174

 -- Profile Likelihood -- 
Limit: r < 6.44205 @ 95% CL
Done in 0.00 min (cpu), 0.00 min (real)
Generate toy 69/500
  1) RooRealVar:: n_obs_bina01 = 2295

 -- Profile Likelihood -- 
Limit: r < 8.72192 @ 95% CL
Done in 0.00 min (cpu), 0.00 min (real)
Generate toy 70/500
  1) RooRealVar:: n_obs_bina01 = 1909

 -- Profile Likelihood -- 
Limit: r < 2.88087 @ 95% CL
Done in 0.00 min (cpu), 0.00 min (real)
Generate toy 71/500
  1) RooRealVar:: n_obs_bina01 = 2101

 -- Profile Likelihood -- 
Limit: r < 5.16435 @ 95% CL
Done in 0.00 min (cpu), 0.00 min (real)
Generate toy 72/500
  1) RooRealVar:: n_obs_bina01 = 2368

 -- Profile Likelihood -- 
Limit: r < 10.0966 @ 95% CL
Done in 0.00 min (cpu), 0.00 min (real)
Generate toy 73/500
  1) RooRealVar:: n_obs_bina01 = 2562

 -- Profile Likelihood -- 
Limit: r < 13.7529 @ 95% CL
Done in 0.00 min (cpu), 0.00 min (real)
Generate toy 74/500
  1) RooRealVar:: n_obs_bina01 = 2127

 -- Profile Likelihood -- 
Limit: r < 5.59253 @ 95% CL
Done in 0.00 min (cpu), 0.00 min (real)
Generate toy 75/500
  1) RooRealVar:: n_obs_bina01 = 2726

 -- Profile Likelihood -- 
Limit: r < 16.842 @ 95% CL
Done in 0.00 min (cpu), 0.00 min (real)
Generate toy 76/500
  1) RooRealVar:: n_obs_bina01 = 2264

 -- Profile Likelihood -- 
Limit: r < 8.13742 @ 95% CL
Done in 0.00 min (cpu), 0.00 min (real)
Generate toy 77/500
  1) RooRealVar:: n_obs_bina01 = 2128

 -- Profile Likelihood -- 
Limit: r < 5.60955 @ 95% CL
Done in 0.00 min (cpu), 0.00 min (real)
Generate toy 78/500
  1) RooRealVar:: n_obs_bina01 = 1940

 -- Profile Likelihood -- 
Limit: r < 3.15657 @ 95% CL
Done in 0.00 min (cpu), 0.00 min (real)
Generate toy 79/500
  1) RooRealVar:: n_obs_bina01 = 2911

 -- Profile Likelihood -- 
Limit: r < 20.3287 @ 95% CL
Done in 0.00 min (cpu), 0.00 min (real)
Generate toy 80/500
  1) RooRealVar:: n_obs_bina01 = 2306

 -- Profile Likelihood -- 
Limit: r < 8.92919 @ 95% CL
Done in 0.00 min (cpu), 0.00 min (real)
Generate toy 81/500
  1) RooRealVar:: n_obs_bina01 = 2289

 -- Profile Likelihood -- 
Limit: r < 8.60882 @ 95% CL
Done in 0.00 min (cpu), 0.00 min (real)
Generate toy 82/500
  1) RooRealVar:: n_obs_bina01 = 2080

 -- Profile Likelihood -- 
Limit: r < 4.84127 @ 95% CL
Done in 0.00 min (cpu), 0.00 min (real)
Generate toy 83/500
  1) RooRealVar:: n_obs_bina01 = 2098

 -- Profile Likelihood -- 
Limit: r < 5.1169 @ 95% CL
Done in 0.00 min (cpu), 0.00 min (real)
Generate toy 84/500
  1) RooRealVar:: n_obs_bina01 = 1865

 -- Profile Likelihood -- 
Limit: r < 2.53714 @ 95% CL
Done in 0.00 min (cpu), 0.00 min (real)
Generate toy 85/500
  1) RooRealVar:: n_obs_bina01 = 2076

 -- Profile Likelihood -- 
Limit: r < 4.78184 @ 95% CL
Done in 0.00 min (cpu), 0.00 min (real)
Generate toy 86/500
  1) RooRealVar:: n_obs_bina01 = 2401

 -- Profile Likelihood -- 
Limit: r < 10.7189 @ 95% CL
Done in 0.00 min (cpu), 0.00 min (real)
Generate toy 87/500
  1) RooRealVar:: n_obs_bina01 = 1987

 -- Profile Likelihood -- 
Limit: r < 3.6366 @ 95% CL
Done in 0.00 min (cpu), 0.00 min (real)
Generate toy 88/500
  1) RooRealVar:: n_obs_bina01 = 2108

 -- Profile Likelihood -- 
Limit: r < 5.27658 @ 95% CL
Done in 0.00 min (cpu), 0.00 min (real)
Generate toy 89/500
  1) RooRealVar:: n_obs_bina01 = 2245

 -- Profile Likelihood -- 
Limit: r < 7.77977 @ 95% CL
Done in 0.00 min (cpu), 0.00 min (real)
Generate toy 90/500
  1) RooRealVar:: n_obs_bina01 = 2227

 -- Profile Likelihood -- 
Limit: r < 7.44123 @ 95% CL
Done in 0.00 min (cpu), 0.00 min (real)
Generate toy 91/500
  1) RooRealVar:: n_obs_bina01 = 2164

 -- Profile Likelihood -- 
Limit: r < 6.25395 @ 95% CL
Done in 0.00 min (cpu), 0.00 min (real)
Generate toy 92/500
  1) RooRealVar:: n_obs_bina01 = 2027

 -- Profile Likelihood -- 
Limit: r < 4.11047 @ 95% CL
Done in 0.00 min (cpu), 0.00 min (real)
Generate toy 93/500
  1) RooRealVar:: n_obs_bina01 = 2437

 -- Profile Likelihood -- 
Limit: r < 11.3971 @ 95% CL
Done in 0.00 min (cpu), 0.00 min (real)
Generate toy 94/500
  1) RooRealVar:: n_obs_bina01 = 1773

 -- Profile Likelihood -- 
Limit: r < 1.96816 @ 95% CL
Done in 0.00 min (cpu), 0.00 min (real)
Generate toy 95/500
  1) RooRealVar:: n_obs_bina01 = 2186

 -- Profile Likelihood -- 
Limit: r < 6.66803 @ 95% CL
Done in 0.00 min (cpu), 0.00 min (real)
Generate toy 96/500
  1) RooRealVar:: n_obs_bina01 = 2348

 -- Profile Likelihood -- 
Limit: r < 9.72049 @ 95% CL
Done in 0.00 min (cpu), 0.00 min (real)
Generate toy 97/500
  1) RooRealVar:: n_obs_bina01 = 2219

 -- Profile Likelihood -- 
Limit: r < 7.28985 @ 95% CL
Done in 0.00 min (cpu), 0.00 min (real)
Generate toy 98/500
  1) RooRealVar:: n_obs_bina01 = 2131

 -- Profile Likelihood -- 
Limit: r < 5.66111 @ 95% CL
Done in 0.00 min (cpu), 0.00 min (real)
Generate toy 99/500
  1) RooRealVar:: n_obs_bina01 = 2098

 -- Profile Likelihood -- 
Limit: r < 5.1169 @ 95% CL
Done in 0.00 min (cpu), 0.00 min (real)
Generate toy 100/500
  1) RooRealVar:: n_obs_bina01 = 2269

 -- Profile Likelihood -- 
Limit: r < 8.23174 @ 95% CL
Done in 0.00 min (cpu), 0.00 min (real)
Generate toy 101/500
  1) RooRealVar:: n_obs_bina01 = 2063

 -- Profile Likelihood -- 
Limit: r < 4.5936 @ 95% CL
Done in 0.00 min (cpu), 0.00 min (real)
Generate toy 102/500
  1) RooRealVar:: n_obs_bina01 = 2711

 -- Profile Likelihood -- 
Limit: r < 16.5594 @ 95% CL
Done in 0.00 min (cpu), 0.00 min (real)
Generate toy 103/500
  1) RooRealVar:: n_obs_bina01 = 2251

 -- Profile Likelihood -- 
Limit: r < 7.89283 @ 95% CL
Done in 0.00 min (cpu), 0.00 min (real)
Generate toy 104/500
  1) RooRealVar:: n_obs_bina01 = 2483

 -- Profile Likelihood -- 
Limit: r < 12.2638 @ 95% CL
Done in 0.00 min (cpu), 0.00 min (real)
Generate toy 105/500
  1) RooRealVar:: n_obs_bina01 = 2173

 -- Profile Likelihood -- 
Limit: r < 6.42309 @ 95% CL
Done in 0.00 min (cpu), 0.00 min (real)
Generate toy 106/500
  1) RooRealVar:: n_obs_bina01 = 2126

 -- Profile Likelihood -- 
Limit: r < 5.57542 @ 95% CL
Done in 0.00 min (cpu), 0.00 min (real)
Generate toy 107/500
  1) RooRealVar:: n_obs_bina01 = 1853

 -- Profile Likelihood -- 
Limit: r < 2.45224 @ 95% CL
Done in 0.00 min (cpu), 0.00 min (real)
Generate toy 108/500
  1) RooRealVar:: n_obs_bina01 = 1956

 -- Profile Likelihood -- 
Limit: r < 3.31126 @ 95% CL
Done in 0.00 min (cpu), 0.00 min (real)
Generate toy 109/500
  1) RooRealVar:: n_obs_bina01 = 2324

 -- Profile Likelihood -- 
Limit: r < 9.26834 @ 95% CL
Done in 0.00 min (cpu), 0.00 min (real)
Generate toy 110/500
  1) RooRealVar:: n_obs_bina01 = 2369

 -- Profile Likelihood -- 
Limit: r < 10.1161 @ 95% CL
Done in 0.00 min (cpu), 0.00 min (real)
Generate toy 111/500
  1) RooRealVar:: n_obs_bina01 = 2336

 -- Profile Likelihood -- 
Limit: r < 9.49442 @ 95% CL
Done in 0.00 min (cpu), 0.00 min (real)
Generate toy 112/500
  1) RooRealVar:: n_obs_bina01 = 2232

 -- Profile Likelihood -- 
Limit: r < 7.53527 @ 95% CL
Done in 0.00 min (cpu), 0.00 min (real)
Generate toy 113/500
  1) RooRealVar:: n_obs_bina01 = 2052

 -- Profile Likelihood -- 
Limit: r < 4.43988 @ 95% CL
Done in 0.00 min (cpu), 0.00 min (real)
Generate toy 114/500
  1) RooRealVar:: n_obs_bina01 = 2530

 -- Profile Likelihood -- 
Limit: r < 13.1492 @ 95% CL
Done in 0.00 min (cpu), 0.00 min (real)
Generate toy 115/500
  1) RooRealVar:: n_obs_bina01 = 1961

 -- Profile Likelihood -- 
Limit: r < 3.3614 @ 95% CL
Done in 0.00 min (cpu), 0.00 min (real)
Generate toy 116/500
  1) RooRealVar:: n_obs_bina01 = 2370

 -- Profile Likelihood -- 
Limit: r < 10.1349 @ 95% CL
Done in 0.00 min (cpu), 0.00 min (real)
Generate toy 117/500
  1) RooRealVar:: n_obs_bina01 = 2117

 -- Profile Likelihood -- 
Limit: r < 5.42416 @ 95% CL
Done in 0.00 min (cpu), 0.00 min (real)
Generate toy 118/500
  1) RooRealVar:: n_obs_bina01 = 2271

 -- Profile Likelihood -- 
Limit: r < 8.26946 @ 95% CL
Done in 0.00 min (cpu), 0.00 min (real)
Generate toy 119/500
  1) RooRealVar:: n_obs_bina01 = 2269

 -- Profile Likelihood -- 
Limit: r < 8.23174 @ 95% CL
Done in 0.00 min (cpu), 0.00 min (real)
Generate toy 120/500
  1) RooRealVar:: n_obs_bina01 = 1938

 -- Profile Likelihood -- 
Limit: r < 3.13784 @ 95% CL
Done in 0.00 min (cpu), 0.00 min (real)
Generate toy 121/500
  1) RooRealVar:: n_obs_bina01 = 2008

 -- Profile Likelihood -- 
Limit: r < 3.87745 @ 95% CL
Done in 0.00 min (cpu), 0.00 min (real)
Generate toy 122/500
  1) RooRealVar:: n_obs_bina01 = 2469

 -- Profile Likelihood -- 
Limit: r < 12 @ 95% CL
Done in 0.00 min (cpu), 0.00 min (real)
Generate toy 123/500
  1) RooRealVar:: n_obs_bina01 = 1904

 -- Profile Likelihood -- 
Limit: r < 2.83921 @ 95% CL
Done in 0.00 min (cpu), 0.00 min (real)
Generate toy 124/500
  1) RooRealVar:: n_obs_bina01 = 1954

 -- Profile Likelihood -- 
Limit: r < 3.29145 @ 95% CL
Done in 0.00 min (cpu), 0.00 min (real)
Generate toy 125/500
  1) RooRealVar:: n_obs_bina01 = 2237

 -- Profile Likelihood -- 
Limit: r < 7.629 @ 95% CL
Done in 0.00 min (cpu), 0.00 min (real)
Generate toy 126/500
  1) RooRealVar:: n_obs_bina01 = 2326

 -- Profile Likelihood -- 
Limit: r < 9.30602 @ 95% CL
Done in 0.00 min (cpu), 0.00 min (real)
Generate toy 127/500
  1) RooRealVar:: n_obs_bina01 = 2083

 -- Profile Likelihood -- 
Limit: r < 4.88632 @ 95% CL
Done in 0.00 min (cpu), 0.00 min (real)
Generate toy 128/500
  1) RooRealVar:: n_obs_bina01 = 2300

 -- Profile Likelihood -- 
Limit: r < 8.81799 @ 95% CL
Done in 0.00 min (cpu), 0.00 min (real)
Generate toy 129/500
  1) RooRealVar:: n_obs_bina01 = 2028

 -- Profile Likelihood -- 
Limit: r < 4.12314 @ 95% CL
Done in 0.00 min (cpu), 0.00 min (real)
Generate toy 130/500
  1) RooRealVar:: n_obs_bina01 = 2423

 -- Profile Likelihood -- 
Limit: r < 11.1334 @ 95% CL
Done in 0.00 min (cpu), 0.00 min (real)
Generate toy 131/500
  1) RooRealVar:: n_obs_bina01 = 2055

 -- Profile Likelihood -- 
Limit: r < 4.48147 @ 95% CL
Done in 0.00 min (cpu), 0.00 min (real)
Generate toy 132/500
  1) RooRealVar:: n_obs_bina01 = 1910

 -- Profile Likelihood -- 
Limit: r < 2.88893 @ 95% CL
Done in 0.00 min (cpu), 0.00 min (real)
Generate toy 133/500
  1) RooRealVar:: n_obs_bina01 = 1760

 -- Profile Likelihood -- 
Limit: r < 1.90121 @ 95% CL
Done in 0.00 min (cpu), 0.00 min (real)
Generate toy 134/500
  1) RooRealVar:: n_obs_bina01 = 1884

 -- Profile Likelihood -- 
Limit: r < 2.6791 @ 95% CL
Done in 0.00 min (cpu), 0.00 min (real)
Generate toy 135/500
  1) RooRealVar:: n_obs_bina01 = 1962

 -- Profile Likelihood -- 
Limit: r < 3.37154 @ 95% CL
Done in 0.00 min (cpu), 0.00 min (real)
Generate toy 136/500
  1) RooRealVar:: n_obs_bina01 = 2308

 -- Profile Likelihood -- 
Limit: r < 8.9663 @ 95% CL
Done in 0.00 min (cpu), 0.00 min (real)
Generate toy 137/500
  1) RooRealVar:: n_obs_bina01 = 2155

 -- Profile Likelihood -- 
Limit: r < 6.08736 @ 95% CL
Done in 0.00 min (cpu), 0.00 min (real)
Generate toy 138/500
  1) RooRealVar:: n_obs_bina01 = 2346

 -- Profile Likelihood -- 
Limit: r < 9.68281 @ 95% CL
Done in 0.00 min (cpu), 0.00 min (real)
Generate toy 139/500
  1) RooRealVar:: n_obs_bina01 = 2076

 -- Profile Likelihood -- 
Limit: r < 4.78184 @ 95% CL
Done in 0.00 min (cpu), 0.00 min (real)
Generate toy 140/500
  1) RooRealVar:: n_obs_bina01 = 2081

 -- Profile Likelihood -- 
Limit: r < 4.85624 @ 95% CL
Done in 0.00 min (cpu), 0.00 min (real)
Generate toy 141/500
  1) RooRealVar:: n_obs_bina01 = 2114

 -- Profile Likelihood -- 
Limit: r < 5.37456 @ 95% CL
Done in 0.00 min (cpu), 0.00 min (real)
Generate toy 142/500
  1) RooRealVar:: n_obs_bina01 = 1934

 -- Profile Likelihood -- 
Limit: r < 3.10076 @ 95% CL
Done in 0.00 min (cpu), 0.00 min (real)
Generate toy 143/500
  1) RooRealVar:: n_obs_bina01 = 2101

 -- Profile Likelihood -- 
Limit: r < 5.16433 @ 95% CL
Done in 0.00 min (cpu), 0.00 min (real)
Generate toy 144/500
  1) RooRealVar:: n_obs_bina01 = 1992

 -- Profile Likelihood -- 
Limit: r < 3.6924 @ 95% CL
Done in 0.00 min (cpu), 0.00 min (real)
Generate toy 145/500
  1) RooRealVar:: n_obs_bina01 = 2060

 -- Profile Likelihood -- 
Limit: r < 4.55122 @ 95% CL
Done in 0.00 min (cpu), 0.00 min (real)
Generate toy 146/500
  1) RooRealVar:: n_obs_bina01 = 1945

 -- Profile Likelihood -- 
Limit: r < 3.20399 @ 95% CL
Done in 0.00 min (cpu), 0.00 min (real)
Generate toy 147/500
  1) RooRealVar:: n_obs_bina01 = 2340

 -- Profile Likelihood -- 
Limit: r < 9.56978 @ 95% CL
Done in 0.00 min (cpu), 0.00 min (real)
Generate toy 148/500
  1) RooRealVar:: n_obs_bina01 = 2207

 -- Profile Likelihood -- 
Limit: r < 7.06375 @ 95% CL
Done in 0.00 min (cpu), 0.00 min (real)
Generate toy 149/500
  1) RooRealVar:: n_obs_bina01 = 2255

 -- Profile Likelihood -- 
Limit: r < 7.96795 @ 95% CL
Done in 0.00 min (cpu), 0.00 min (real)
Generate toy 150/500
  1) RooRealVar:: n_obs_bina01 = 2171

 -- Profile Likelihood -- 
Limit: r < 6.38538 @ 95% CL
Done in 0.00 min (cpu), 0.00 min (real)
Generate toy 151/500
  1) RooRealVar:: n_obs_bina01 = 2304

 -- Profile Likelihood -- 
Limit: r < 8.89209 @ 95% CL
Done in 0.00 min (cpu), 0.00 min (real)
Generate toy 152/500
  1) RooRealVar:: n_obs_bina01 = 2207

 -- Profile Likelihood -- 
Limit: r < 7.06375 @ 95% CL
Done in 0.00 min (cpu), 0.00 min (real)
Generate toy 153/500
  1) RooRealVar:: n_obs_bina01 = 2163

 -- Profile Likelihood -- 
Limit: r < 6.2351 @ 95% CL
Done in 0.00 min (cpu), 0.00 min (real)
Generate toy 154/500
  1) RooRealVar:: n_obs_bina01 = 2355

 -- Profile Likelihood -- 
Limit: r < 9.85236 @ 95% CL
Done in 0.00 min (cpu), 0.00 min (real)
Generate toy 155/500
  1) RooRealVar:: n_obs_bina01 = 1937

 -- Profile Likelihood -- 
Limit: r < 3.12852 @ 95% CL
Done in 0.00 min (cpu), 0.00 min (real)
Generate toy 156/500
  1) RooRealVar:: n_obs_bina01 = 1963

 -- Profile Likelihood -- 
Limit: r < 3.38171 @ 95% CL
Done in 0.00 min (cpu), 0.00 min (real)
Generate toy 157/500
  1) RooRealVar:: n_obs_bina01 = 2021

 -- Profile Likelihood -- 
Limit: r < 4.0353 @ 95% CL
Done in 0.00 min (cpu), 0.00 min (real)
Generate toy 158/500
  1) RooRealVar:: n_obs_bina01 = 2390

 -- Profile Likelihood -- 
Limit: r < 10.5117 @ 95% CL
Done in 0.00 min (cpu), 0.00 min (real)
Generate toy 159/500
  1) RooRealVar:: n_obs_bina01 = 2120

 -- Profile Likelihood -- 
Limit: r < 5.47416 @ 95% CL
Done in 0.00 min (cpu), 0.00 min (real)
Generate toy 160/500
  1) RooRealVar:: n_obs_bina01 = 2491

 -- Profile Likelihood -- 
Limit: r < 12.4145 @ 95% CL
Done in 0.00 min (cpu), 0.00 min (real)
Generate toy 161/500
  1) RooRealVar:: n_obs_bina01 = 1753

 -- Profile Likelihood -- 
Limit: r < 1.86634 @ 95% CL
Done in 0.00 min (cpu), 0.00 min (real)
Generate toy 162/500
  1) RooRealVar:: n_obs_bina01 = 2373

 -- Profile Likelihood -- 
Limit: r < 10.1915 @ 95% CL
Done in 0.00 min (cpu), 0.00 min (real)
Generate toy 163/500
  1) RooRealVar:: n_obs_bina01 = 2616

 -- Profile Likelihood -- 
Limit: r < 14.7695 @ 95% CL
Done in 0.00 min (cpu), 0.00 min (real)
Generate toy 164/500
  1) RooRealVar:: n_obs_bina01 = 2210

 -- Profile Likelihood -- 
Limit: r < 7.12027 @ 95% CL
Done in 0.00 min (cpu), 0.00 min (real)
Generate toy 165/500
  1) RooRealVar:: n_obs_bina01 = 2099

 -- Profile Likelihood -- 
Limit: r < 5.13267 @ 95% CL
Done in 0.00 min (cpu), 0.00 min (real)
Generate toy 166/500
  1) RooRealVar:: n_obs_bina01 = 2368

 -- Profile Likelihood -- 
Limit: r < 10.0973 @ 95% CL
Done in 0.00 min (cpu), 0.00 min (real)
Generate toy 167/500
  1) RooRealVar:: n_obs_bina01 = 2208

 -- Profile Likelihood -- 
Limit: r < 7.08259 @ 95% CL
Done in 0.00 min (cpu), 0.00 min (real)
Generate toy 168/500
  1) RooRealVar:: n_obs_bina01 = 2470

 -- Profile Likelihood -- 
Limit: r < 12.0188 @ 95% CL
Done in 0.00 min (cpu), 0.00 min (real)
Generate toy 169/500
  1) RooRealVar:: n_obs_bina01 = 2166

 -- Profile Likelihood -- 
Limit: r < 6.29125 @ 95% CL
Done in 0.00 min (cpu), 0.00 min (real)
Generate toy 170/500
  1) RooRealVar:: n_obs_bina01 = 2248

 -- Profile Likelihood -- 
Limit: r < 7.8363 @ 95% CL
Done in 0.00 min (cpu), 0.00 min (real)
Generate toy 171/500
  1) RooRealVar:: n_obs_bina01 = 2197

 -- Profile Likelihood -- 
Limit: r < 6.87542 @ 95% CL
Done in 0.00 min (cpu), 0.00 min (real)
Generate toy 172/500
  1) RooRealVar:: n_obs_bina01 = 1856

 -- Profile Likelihood -- 
Limit: r < 2.47313 @ 95% CL
Done in 0.00 min (cpu), 0.00 min (real)
Generate toy 173/500
  1) RooRealVar:: n_obs_bina01 = 2259

 -- Profile Likelihood -- 
Limit: r < 8.04347 @ 95% CL
Done in 0.00 min (cpu), 0.00 min (real)
Generate toy 174/500
  1) RooRealVar:: n_obs_bina01 = 2162

 -- Profile Likelihood -- 
Limit: r < 6.21644 @ 95% CL
Done in 0.00 min (cpu), 0.00 min (real)
Generate toy 175/500
  1) RooRealVar:: n_obs_bina01 = 1953

 -- Profile Likelihood -- 
Limit: r < 3.2816 @ 95% CL
Done in 0.00 min (cpu), 0.00 min (real)
Generate toy 176/500
  1) RooRealVar:: n_obs_bina01 = 2195

 -- Profile Likelihood -- 
Limit: r < 6.8378 @ 95% CL
Done in 0.00 min (cpu), 0.00 min (real)
Generate toy 177/500
  1) RooRealVar:: n_obs_bina01 = 2313

 -- Profile Likelihood -- 
Limit: r < 9.05912 @ 95% CL
Done in 0.00 min (cpu), 0.00 min (real)
Generate toy 178/500
  1) RooRealVar:: n_obs_bina01 = 2039

 -- Profile Likelihood -- 
Limit: r < 4.26529 @ 95% CL
Done in 0.00 min (cpu), 0.00 min (real)
Generate toy 179/500
  1) RooRealVar:: n_obs_bina01 = 2403

 -- Profile Likelihood -- 
Limit: r < 10.7566 @ 95% CL
Done in 0.00 min (cpu), 0.00 min (real)
Generate toy 180/500
  1) RooRealVar:: n_obs_bina01 = 1888

 -- Profile Likelihood -- 
Limit: r < 2.71022 @ 95% CL
Done in 0.00 min (cpu), 0.00 min (real)
Generate toy 181/500
  1) RooRealVar:: n_obs_bina01 = 2105

 -- Profile Likelihood -- 
Limit: r < 5.22821 @ 95% CL
Done in 0.00 min (cpu), 0.00 min (real)
Generate toy 182/500
  1) RooRealVar:: n_obs_bina01 = 2041

 -- Profile Likelihood -- 
Limit: r < 4.29168 @ 95% CL
Done in 0.00 min (cpu), 0.00 min (real)
Generate toy 183/500
  1) RooRealVar:: n_obs_bina01 = 2097

 -- Profile Likelihood -- 
Limit: r < 5.10118 @ 95% CL
Done in 0.00 min (cpu), 0.00 min (real)
Generate toy 184/500
  1) RooRealVar:: n_obs_bina01 = 2155

 -- Profile Likelihood -- 
Limit: r < 6.08736 @ 95% CL
Done in 0.00 min (cpu), 0.00 min (real)
Generate toy 185/500
  1) RooRealVar:: n_obs_bina01 = 2282

 -- Profile Likelihood -- 
Limit: r < 8.47688 @ 95% CL
Done in 0.00 min (cpu), 0.00 min (real)
Generate toy 186/500
  1) RooRealVar:: n_obs_bina01 = 2214

 -- Profile Likelihood -- 
Limit: r < 7.19564 @ 95% CL
Done in 0.00 min (cpu), 0.00 min (real)
Generate toy 187/500
  1) RooRealVar:: n_obs_bina01 = 2107

 -- Profile Likelihood -- 
Limit: r < 5.26041 @ 95% CL
Done in 0.00 min (cpu), 0.00 min (real)
Generate toy 188/500
  1) RooRealVar:: n_obs_bina01 = 2006

 -- Profile Likelihood -- 
Limit: r < 3.85377 @ 95% CL
Done in 0.00 min (cpu), 0.00 min (real)
Generate toy 189/500
  1) RooRealVar:: n_obs_bina01 = 2535

 -- Profile Likelihood -- 
Limit: r < 13.2434 @ 95% CL
Done in 0.00 min (cpu), 0.00 min (real)
Generate toy 190/500
  1) RooRealVar:: n_obs_bina01 = 2156

 -- Profile Likelihood -- 
Limit: r < 6.10567 @ 95% CL
Done in 0.00 min (cpu), 0.00 min (real)
Generate toy 191/500
  1) RooRealVar:: n_obs_bina01 = 2323

 -- Profile Likelihood -- 
Limit: r < 9.2495 @ 95% CL
Done in 0.00 min (cpu), 0.00 min (real)
Generate toy 192/500
  1) RooRealVar:: n_obs_bina01 = 2389

 -- Profile Likelihood -- 
Limit: r < 10.4929 @ 95% CL
Done in 0.00 min (cpu), 0.00 min (real)
Generate toy 193/500
  1) RooRealVar:: n_obs_bina01 = 2168

 -- Profile Likelihood -- 
Limit: r < 6.32897 @ 95% CL
Done in 0.00 min (cpu), 0.00 min (real)
Generate toy 194/500
  1) RooRealVar:: n_obs_bina01 = 2361

 -- Profile Likelihood -- 
Limit: r < 9.9654 @ 95% CL
Done in 0.00 min (cpu), 0.00 min (real)
Generate toy 195/500
  1) RooRealVar:: n_obs_bina01 = 2069

 -- Profile Likelihood -- 
Limit: r < 4.67955 @ 95% CL
Done in 0.00 min (cpu), 0.00 min (real)
Generate toy 196/500
  1) RooRealVar:: n_obs_bina01 = 2210

 -- Profile Likelihood -- 
Limit: r < 7.12027 @ 95% CL
Done in 0.00 min (cpu), 0.00 min (real)
Generate toy 197/500
  1) RooRealVar:: n_obs_bina01 = 2209

 -- Profile Likelihood -- 
Limit: r < 7.10143 @ 95% CL
Done in 0.00 min (cpu), 0.00 min (real)
Generate toy 198/500
  1) RooRealVar:: n_obs_bina01 = 2378

 -- Profile Likelihood -- 
Limit: r < 10.2857 @ 95% CL
Done in 0.00 min (cpu), 0.00 min (real)
Generate toy 199/500
  1) RooRealVar:: n_obs_bina01 = 2444

 -- Profile Likelihood -- 
Limit: r < 11.529 @ 95% CL
Done in 0.00 min (cpu), 0.00 min (real)
Generate toy 200/500
  1) RooRealVar:: n_obs_bina01 = 2368

 -- Profile Likelihood -- 
Limit: r < 10.0973 @ 95% CL
Done in 0.00 min (cpu), 0.00 min (real)
Generate toy 201/500
  1) RooRealVar:: n_obs_bina01 = 2042

 -- Profile Likelihood -- 
Limit: r < 4.30494 @ 95% CL
Done in 0.00 min (cpu), 0.00 min (real)
Generate toy 202/500
  1) RooRealVar:: n_obs_bina01 = 2517

 -- Profile Likelihood -- 
Limit: r < 12.9043 @ 95% CL
Done in 0.00 min (cpu), 0.00 min (real)
Generate toy 203/500
  1) RooRealVar:: n_obs_bina01 = 2034

 -- Profile Likelihood -- 
Limit: r < 4.20005 @ 95% CL
Done in 0.00 min (cpu), 0.00 min (real)
Generate toy 204/500
  1) RooRealVar:: n_obs_bina01 = 2262

 -- Profile Likelihood -- 
Limit: r < 8.09968 @ 95% CL
Done in 0.00 min (cpu), 0.00 min (real)
Generate toy 205/500
  1) RooRealVar:: n_obs_bina01 = 1833

 -- Profile Likelihood -- 
Limit: r < 2.31844 @ 95% CL
Done in 0.00 min (cpu), 0.00 min (real)
Generate toy 206/500
  1) RooRealVar:: n_obs_bina01 = 1917

 -- Profile Likelihood -- 
Limit: r < 2.94888 @ 95% CL
Done in 0.00 min (cpu), 0.00 min (real)
Generate toy 207/500
  1) RooRealVar:: n_obs_bina01 = 2011

 -- Profile Likelihood -- 
Limit: r < 3.91327 @ 95% CL
Done in 0.00 min (cpu), 0.00 min (real)
Generate toy 208/500
  1) RooRealVar:: n_obs_bina01 = 2643

 -- Profile Likelihood -- 
Limit: r < 15.2782 @ 95% CL
Done in 0.00 min (cpu), 0.00 min (real)
Generate toy 209/500
  1) RooRealVar:: n_obs_bina01 = 2217

 -- Profile Likelihood -- 
Limit: r < 7.25217 @ 95% CL
Done in 0.00 min (cpu), 0.00 min (real)
Generate toy 210/500
  1) RooRealVar:: n_obs_bina01 = 2552

 -- Profile Likelihood -- 
Limit: r < 13.5637 @ 95% CL
Done in 0.00 min (cpu), 0.00 min (real)
Generate toy 211/500
  1) RooRealVar:: n_obs_bina01 = 2502

 -- Profile Likelihood -- 
Limit: r < 12.6217 @ 95% CL
Done in 0.00 min (cpu), 0.00 min (real)
Generate toy 212/500
  1) RooRealVar:: n_obs_bina01 = 2571

 -- Profile Likelihood -- 
Limit: r < 13.9217 @ 95% CL
Done in 0.00 min (cpu), 0.00 min (real)
Generate toy 213/500
  1) RooRealVar:: n_obs_bina01 = 2187

 -- Profile Likelihood -- 
Limit: r < 6.68687 @ 95% CL
Done in 0.00 min (cpu), 0.00 min (real)
Generate toy 214/500
  1) RooRealVar:: n_obs_bina01 = 2288

 -- Profile Likelihood -- 
Limit: r < 8.58998 @ 95% CL
Done in 0.00 min (cpu), 0.00 min (real)
Generate toy 215/500
  1) RooRealVar:: n_obs_bina01 = 2185

 -- Profile Likelihood -- 
Limit: r < 6.64919 @ 95% CL
Done in 0.00 min (cpu), 0.00 min (real)
Generate toy 216/500
  1) RooRealVar:: n_obs_bina01 = 1746

 -- Profile Likelihood -- 
Limit: r < 1.83226 @ 95% CL
Done in 0.00 min (cpu), 0.00 min (real)
Generate toy 217/500
  1) RooRealVar:: n_obs_bina01 = 2029

 -- Profile Likelihood -- 
Limit: r < 4.13585 @ 95% CL
Done in 0.00 min (cpu), 0.00 min (real)
Generate toy 218/500
  1) RooRealVar:: n_obs_bina01 = 1947

 -- Profile Likelihood -- 
Limit: r < 3.22319 @ 95% CL
Done in 0.00 min (cpu), 0.00 min (real)
Generate toy 219/500
  1) RooRealVar:: n_obs_bina01 = 2018

 -- Profile Likelihood -- 
Limit: r < 3.99827 @ 95% CL
Done in 0.00 min (cpu), 0.00 min (real)
Generate toy 220/500
  1) RooRealVar:: n_obs_bina01 = 2153

 -- Profile Likelihood -- 
Limit: r < 6.05085 @ 95% CL
Done in 0.00 min (cpu), 0.00 min (real)
Generate toy 221/500
  1) RooRealVar:: n_obs_bina01 = 2087

 -- Profile Likelihood -- 
Limit: r < 4.94702 @ 95% CL
Done in 0.00 min (cpu), 0.00 min (real)
Generate toy 222/500
  1) RooRealVar:: n_obs_bina01 = 2043

 -- Profile Likelihood -- 
Limit: r < 4.31824 @ 95% CL
Done in 0.00 min (cpu), 0.00 min (real)
Generate toy 223/500
  1) RooRealVar:: n_obs_bina01 = 2100

 -- Profile Likelihood -- 
Limit: r < 5.14848 @ 95% CL
Done in 0.00 min (cpu), 0.00 min (real)
Generate toy 224/500
  1) RooRealVar:: n_obs_bina01 = 2080

 -- Profile Likelihood -- 
Limit: r < 4.84127 @ 95% CL
Done in 0.00 min (cpu), 0.00 min (real)
Generate toy 225/500
  1) RooRealVar:: n_obs_bina01 = 1795

 -- Profile Likelihood -- 
Limit: r < 2.08835 @ 95% CL
Done in 0.00 min (cpu), 0.00 min (real)
Generate toy 226/500
  1) RooRealVar:: n_obs_bina01 = 1899

 -- Profile Likelihood -- 
Limit: r < 2.79811 @ 95% CL
Done in 0.00 min (cpu), 0.00 min (real)
Generate toy 227/500
  1) RooRealVar:: n_obs_bina01 = 2180

 -- Profile Likelihood -- 
Limit: r < 6.55547 @ 95% CL
Done in 0.00 min (cpu), 0.00 min (real)
Generate toy 228/500
  1) RooRealVar:: n_obs_bina01 = 1926

 -- Profile Likelihood -- 
Limit: r < 3.02815 @ 95% CL
Done in 0.00 min (cpu), 0.00 min (real)
Generate toy 229/500
  1) RooRealVar:: n_obs_bina01 = 2317

 -- Profile Likelihood -- 
Limit: r < 9.13645 @ 95% CL
Done in 0.00 min (cpu), 0.00 min (real)
Generate toy 230/500
  1) RooRealVar:: n_obs_bina01 = 1894

 -- Profile Likelihood -- 
Limit: r < 2.75774 @ 95% CL
Done in 0.00 min (cpu), 0.00 min (real)
Generate toy 231/500
  1) RooRealVar:: n_obs_bina01 = 1751

 -- Profile Likelihood -- 
Limit: r < 1.85652 @ 95% CL
Done in 0.00 min (cpu), 0.00 min (real)
Generate toy 232/500
  1) RooRealVar:: n_obs_bina01 = 2339

 -- Profile Likelihood -- 
Limit: r < 9.55094 @ 95% CL
Done in 0.00 min (cpu), 0.00 min (real)
Generate toy 233/500
  1) RooRealVar:: n_obs_bina01 = 1797

 -- Profile Likelihood -- 
Limit: r < 2.09972 @ 95% CL
Done in 0.00 min (cpu), 0.00 min (real)
Generate toy 234/500
  1) RooRealVar:: n_obs_bina01 = 2035

 -- Profile Likelihood -- 
Limit: r < 4.21301 @ 95% CL
Done in 0.00 min (cpu), 0.00 min (real)
Generate toy 235/500
  1) RooRealVar:: n_obs_bina01 = 2205

 -- Profile Likelihood -- 
Limit: r < 7.02607 @ 95% CL
Done in 0.00 min (cpu), 0.00 min (real)
Generate toy 236/500
  1) RooRealVar:: n_obs_bina01 = 2140

 -- Profile Likelihood -- 
Limit: r < 5.81781 @ 95% CL
Done in 0.00 min (cpu), 0.00 min (real)
Generate toy 237/500
  1) RooRealVar:: n_obs_bina01 = 2226

 -- Profile Likelihood -- 
Limit: r < 7.42243 @ 95% CL
Done in 0.00 min (cpu), 0.00 min (real)
Generate toy 238/500
  1) RooRealVar:: n_obs_bina01 = 2294

 -- Profile Likelihood -- 
Limit: r < 8.70306 @ 95% CL
Done in 0.00 min (cpu), 0.00 min (real)
Generate toy 239/500
  1) RooRealVar:: n_obs_bina01 = 2428

 -- Profile Likelihood -- 
Limit: r < 11.2276 @ 95% CL
Done in 0.00 min (cpu), 0.00 min (real)
Generate toy 240/500
  1) RooRealVar:: n_obs_bina01 = 2028

 -- Profile Likelihood -- 
Limit: r < 4.12314 @ 95% CL
Done in 0.00 min (cpu), 0.00 min (real)
Generate toy 241/500
  1) RooRealVar:: n_obs_bina01 = 2074

 -- Profile Likelihood -- 
Limit: r < 4.75239 @ 95% CL
Done in 0.00 min (cpu), 0.00 min (real)
Generate toy 242/500
  1) RooRealVar:: n_obs_bina01 = 2029

 -- Profile Likelihood -- 
Limit: r < 4.13585 @ 95% CL
Done in 0.00 min (cpu), 0.00 min (real)
Generate toy 243/500
  1) RooRealVar:: n_obs_bina01 = 2455

 -- Profile Likelihood -- 
Limit: r < 11.7363 @ 95% CL
Done in 0.00 min (cpu), 0.00 min (real)
Generate toy 244/500
  1) RooRealVar:: n_obs_bina01 = 2325

 -- Profile Likelihood -- 
Limit: r < 9.28718 @ 95% CL
Done in 0.00 min (cpu), 0.00 min (real)
Generate toy 245/500
  1) RooRealVar:: n_obs_bina01 = 2185

 -- Profile Likelihood -- 
Limit: r < 6.64919 @ 95% CL
Done in 0.00 min (cpu), 0.00 min (real)
Generate toy 246/500
  1) RooRealVar:: n_obs_bina01 = 2087

 -- Profile Likelihood -- 
Limit: r < 4.94702 @ 95% CL
Done in 0.00 min (cpu), 0.00 min (real)
Generate toy 247/500
  1) RooRealVar:: n_obs_bina01 = 2025

 -- Profile Likelihood -- 
Limit: r < 4.08524 @ 95% CL
Done in 0.00 min (cpu), 0.00 min (real)
Generate toy 248/500
  1) RooRealVar:: n_obs_bina01 = 2320

 -- Profile Likelihood -- 
Limit: r < 9.19298 @ 95% CL
Done in 0.00 min (cpu), 0.00 min (real)
Generate toy 249/500
  1) RooRealVar:: n_obs_bina01 = 1958

 -- Profile Likelihood -- 
Limit: r < 3.33122 @ 95% CL
Done in 0.00 min (cpu), 0.00 min (real)
Generate toy 250/500
  1) RooRealVar:: n_obs_bina01 = 2225

 -- Profile Likelihood -- 
Limit: r < 7.40363 @ 95% CL
Done in 0.00 min (cpu), 0.00 min (real)
Generate toy 251/500
  1) RooRealVar:: n_obs_bina01 = 2577

 -- Profile Likelihood -- 
Limit: r < 14.0347 @ 95% CL
Done in 0.00 min (cpu), 0.00 min (real)
Generate toy 252/500
  1) RooRealVar:: n_obs_bina01 = 2050

 -- Profile Likelihood -- 
Limit: r < 4.41255 @ 95% CL
Done in 0.00 min (cpu), 0.00 min (real)
Generate toy 253/500
  1) RooRealVar:: n_obs_bina01 = 2207

 -- Profile Likelihood -- 
Limit: r < 7.06375 @ 95% CL
Done in 0.00 min (cpu), 0.00 min (real)
Generate toy 254/500
  1) RooRealVar:: n_obs_bina01 = 2219

 -- Profile Likelihood -- 
Limit: r < 7.28985 @ 95% CL
Done in 0.00 min (cpu), 0.00 min (real)
Generate toy 255/500
  1) RooRealVar:: n_obs_bina01 = 2200

 -- Profile Likelihood -- 
Limit: r < 6.9319 @ 95% CL
Done in 0.00 min (cpu), 0.00 min (real)
Generate toy 256/500
  1) RooRealVar:: n_obs_bina01 = 2173

 -- Profile Likelihood -- 
Limit: r < 6.42309 @ 95% CL
Done in 0.00 min (cpu), 0.00 min (real)
Generate toy 257/500
  1) RooRealVar:: n_obs_bina01 = 2047

 -- Profile Likelihood -- 
Limit: r < 4.37187 @ 95% CL
Done in 0.00 min (cpu), 0.00 min (real)
Generate toy 258/500
  1) RooRealVar:: n_obs_bina01 = 2007

 -- Profile Likelihood -- 
Limit: r < 3.86559 @ 95% CL
Done in 0.00 min (cpu), 0.00 min (real)
Generate toy 259/500
  1) RooRealVar:: n_obs_bina01 = 2161

 -- Profile Likelihood -- 
Limit: r < 6.19796 @ 95% CL
Done in 0.00 min (cpu), 0.00 min (real)
Generate toy 260/500
  1) RooRealVar:: n_obs_bina01 = 2132

 -- Profile Likelihood -- 
Limit: r < 5.67839 @ 95% CL
Done in 0.00 min (cpu), 0.00 min (real)
Generate toy 261/500
  1) RooRealVar:: n_obs_bina01 = 2048

 -- Profile Likelihood -- 
Limit: r < 4.38539 @ 95% CL
Done in 0.00 min (cpu), 0.00 min (real)
Generate toy 262/500
  1) RooRealVar:: n_obs_bina01 = 2637

 -- Profile Likelihood -- 
Limit: r < 15.1652 @ 95% CL
Done in 0.00 min (cpu), 0.00 min (real)
Generate toy 263/500
  1) RooRealVar:: n_obs_bina01 = 2323

 -- Profile Likelihood -- 
Limit: r < 9.2495 @ 95% CL
Done in 0.00 min (cpu), 0.00 min (real)
Generate toy 264/500
  1) RooRealVar:: n_obs_bina01 = 2288

 -- Profile Likelihood -- 
Limit: r < 8.58998 @ 95% CL
Done in 0.00 min (cpu), 0.00 min (real)
Generate toy 265/500
  1) RooRealVar:: n_obs_bina01 = 1871

 -- Profile Likelihood -- 
Limit: r < 2.58094 @ 95% CL
Done in 0.00 min (cpu), 0.00 min (real)
Generate toy 266/500
  1) RooRealVar:: n_obs_bina01 = 2429

 -- Profile Likelihood -- 
Limit: r < 11.2464 @ 95% CL
Done in 0.00 min (cpu), 0.00 min (real)
Generate toy 267/500
  1) RooRealVar:: n_obs_bina01 = 1852

 -- Profile Likelihood -- 
Limit: r < 2.44533 @ 95% CL
Done in 0.00 min (cpu), 0.00 min (real)
Generate toy 268/500
  1) RooRealVar:: n_obs_bina01 = 2107

 -- Profile Likelihood -- 
Limit: r < 5.26041 @ 95% CL
Done in 0.00 min (cpu), 0.00 min (real)
Generate toy 269/500
  1) RooRealVar:: n_obs_bina01 = 2256

 -- Profile Likelihood -- 
Limit: r < 7.98696 @ 95% CL
Done in 0.00 min (cpu), 0.00 min (real)
Generate toy 270/500
  1) RooRealVar:: n_obs_bina01 = 2042

 -- Profile Likelihood -- 
Limit: r < 4.30494 @ 95% CL
Done in 0.00 min (cpu), 0.00 min (real)
Generate toy 271/500
  1) RooRealVar:: n_obs_bina01 = 2089

 -- Profile Likelihood -- 
Limit: r < 4.97764 @ 95% CL
Done in 0.00 min (cpu), 0.00 min (real)
Generate toy 272/500
  1) RooRealVar:: n_obs_bina01 = 2220

 -- Profile Likelihood -- 
Limit: r < 7.30869 @ 95% CL
Done in 0.00 min (cpu), 0.00 min (real)
Generate toy 273/500
  1) RooRealVar:: n_obs_bina01 = 2334

 -- Profile Likelihood -- 
Limit: r < 9.45674 @ 95% CL
Done in 0.00 min (cpu), 0.00 min (real)
Generate toy 274/500
  1) RooRealVar:: n_obs_bina01 = 2351

 -- Profile Likelihood -- 
Limit: r < 9.77701 @ 95% CL
Done in 0.00 min (cpu), 0.00 min (real)
Generate toy 275/500
  1) RooRealVar:: n_obs_bina01 = 1981

 -- Profile Likelihood -- 
Limit: r < 3.57089 @ 95% CL
Done in 0.00 min (cpu), 0.00 min (real)
Generate toy 276/500
  1) RooRealVar:: n_obs_bina01 = 1997

 -- Profile Likelihood -- 
Limit: r < 3.74916 @ 95% CL
Done in 0.00 min (cpu), 0.00 min (real)
Generate toy 277/500
  1) RooRealVar:: n_obs_bina01 = 1944

 -- Profile Likelihood -- 
Limit: r < 3.19444 @ 95% CL
Done in 0.00 min (cpu), 0.00 min (real)
Generate toy 278/500
  1) RooRealVar:: n_obs_bina01 = 1780

 -- Profile Likelihood -- 
Limit: r < 2.00544 @ 95% CL
Done in 0.00 min (cpu), 0.00 min (real)
Generate toy 279/500
  1) RooRealVar:: n_obs_bina01 = 2137

 -- Profile Likelihood -- 
Limit: r < 5.76564 @ 95% CL
Done in 0.00 min (cpu), 0.00 min (real)
Generate toy 280/500
  1) RooRealVar:: n_obs_bina01 = 2334

 -- Profile Likelihood -- 
Limit: r < 9.45674 @ 95% CL
Done in 0.00 min (cpu), 0.00 min (real)
Generate toy 281/500
  1) RooRealVar:: n_obs_bina01 = 2340

 -- Profile Likelihood -- 
Limit: r < 9.56978 @ 95% CL
Done in 0.00 min (cpu), 0.00 min (real)
Generate toy 282/500
  1) RooRealVar:: n_obs_bina01 = 2485

 -- Profile Likelihood -- 
Limit: r < 12.3014 @ 95% CL
Done in 0.00 min (cpu), 0.00 min (real)
Generate toy 283/500
  1) RooRealVar:: n_obs_bina01 = 1931

 -- Profile Likelihood -- 
Limit: r < 3.07329 @ 95% CL
Done in 0.00 min (cpu), 0.00 min (real)
Generate toy 284/500
  1) RooRealVar:: n_obs_bina01 = 2179

 -- Profile Likelihood -- 
Limit: r < 6.53612 @ 95% CL
Done in 0.00 min (cpu), 0.00 min (real)
Generate toy 285/500
  1) RooRealVar:: n_obs_bina01 = 2150

 -- Profile Likelihood -- 
Limit: r < 5.99639 @ 95% CL
Done in 0.00 min (cpu), 0.00 min (real)
Generate toy 286/500
  1) RooRealVar:: n_obs_bina01 = 2492

 -- Profile Likelihood -- 
Limit: r < 12.4333 @ 95% CL
Done in 0.00 min (cpu), 0.00 min (real)
Generate toy 287/500
  1) RooRealVar:: n_obs_bina01 = 2261

 -- Profile Likelihood -- 
Limit: r < 8.0808 @ 95% CL
Done in 0.00 min (cpu), 0.00 min (real)
Generate toy 288/500
  1) RooRealVar:: n_obs_bina01 = 2301

 -- Profile Likelihood -- 
Limit: r < 8.83651 @ 95% CL
Done in 0.00 min (cpu), 0.00 min (real)
Generate toy 289/500
  1) RooRealVar:: n_obs_bina01 = 2260

 -- Profile Likelihood -- 
Limit: r < 8.06214 @ 95% CL
Done in 0.00 min (cpu), 0.00 min (real)
Generate toy 290/500
  1) RooRealVar:: n_obs_bina01 = 2007

 -- Profile Likelihood -- 
Limit: r < 3.86559 @ 95% CL
Done in 0.00 min (cpu), 0.00 min (real)
Generate toy 291/500
  1) RooRealVar:: n_obs_bina01 = 2154

 -- Profile Likelihood -- 
Limit: r < 6.06908 @ 95% CL
Done in 0.00 min (cpu), 0.00 min (real)
Generate toy 292/500
  1) RooRealVar:: n_obs_bina01 = 2110

 -- Profile Likelihood -- 
Limit: r < 5.30906 @ 95% CL
Done in 0.00 min (cpu), 0.00 min (real)
Generate toy 293/500
  1) RooRealVar:: n_obs_bina01 = 2278

 -- Profile Likelihood -- 
Limit: r < 8.40146 @ 95% CL
Done in 0.00 min (cpu), 0.00 min (real)
Generate toy 294/500
  1) RooRealVar:: n_obs_bina01 = 2200

 -- Profile Likelihood -- 
Limit: r < 6.9319 @ 95% CL
Done in 0.00 min (cpu), 0.00 min (real)
Generate toy 295/500
  1) RooRealVar:: n_obs_bina01 = 2201

 -- Profile Likelihood -- 
Limit: r < 6.95073 @ 95% CL
Done in 0.00 min (cpu), 0.00 min (real)
Generate toy 296/500
  1) RooRealVar:: n_obs_bina01 = 2495

 -- Profile Likelihood -- 
Limit: r < 12.4898 @ 95% CL
Done in 0.00 min (cpu), 0.00 min (real)
Generate toy 297/500
  1) RooRealVar:: n_obs_bina01 = 2322

 -- Profile Likelihood -- 
Limit: r < 9.23066 @ 95% CL
Done in 0.00 min (cpu), 0.00 min (real)
Generate toy 298/500
  1) RooRealVar:: n_obs_bina01 = 1842

 -- Profile Likelihood -- 
Limit: r < 2.3775 @ 95% CL
Done in 0.00 min (cpu), 0.00 min (real)
Generate toy 299/500
  1) RooRealVar:: n_obs_bina01 = 2570

 -- Profile Likelihood -- 
Limit: r < 13.9028 @ 95% CL
Done in 0.00 min (cpu), 0.00 min (real)
Generate toy 300/500
  1) RooRealVar:: n_obs_bina01 = 1923

 -- Profile Likelihood -- 
Limit: r < 3.00145 @ 95% CL
Done in 0.00 min (cpu), 0.00 min (real)
Generate toy 301/500
  1) RooRealVar:: n_obs_bina01 = 2310

 -- Profile Likelihood -- 
Limit: r < 9.00343 @ 95% CL
Done in 0.00 min (cpu), 0.00 min (real)
Generate toy 302/500
  1) RooRealVar:: n_obs_bina01 = 2096

 -- Profile Likelihood -- 
Limit: r < 5.0855 @ 95% CL
Done in 0.00 min (cpu), 0.00 min (real)
Generate toy 303/500
  1) RooRealVar:: n_obs_bina01 = 2375

 -- Profile Likelihood -- 
Limit: r < 10.2291 @ 95% CL
Done in 0.00 min (cpu), 0.00 min (real)
Generate toy 304/500
  1) RooRealVar:: n_obs_bina01 = 2075

 -- Profile Likelihood -- 
Limit: r < 4.76709 @ 95% CL
Done in 0.00 min (cpu), 0.00 min (real)
Generate toy 305/500
  1) RooRealVar:: n_obs_bina01 = 2342

 -- Profile Likelihood -- 
Limit: r < 9.60745 @ 95% CL
Done in 0.00 min (cpu), 0.00 min (real)
Generate toy 306/500
  1) RooRealVar:: n_obs_bina01 = 2140

 -- Profile Likelihood -- 
Limit: r < 5.81781 @ 95% CL
Done in 0.00 min (cpu), 0.00 min (real)
Generate toy 307/500
  1) RooRealVar:: n_obs_bina01 = 2107

 -- Profile Likelihood -- 
Limit: r < 5.26041 @ 95% CL
Done in 0.00 min (cpu), 0.00 min (real)
Generate toy 308/500
  1) RooRealVar:: n_obs_bina01 = 2099

 -- Profile Likelihood -- 
Limit: r < 5.13267 @ 95% CL
Done in 0.00 min (cpu), 0.00 min (real)
Generate toy 309/500
  1) RooRealVar:: n_obs_bina01 = 2153

 -- Profile Likelihood -- 
Limit: r < 6.05085 @ 95% CL
Done in 0.00 min (cpu), 0.00 min (real)
Generate toy 310/500
  1) RooRealVar:: n_obs_bina01 = 2345

 -- Profile Likelihood -- 
Limit: r < 9.66397 @ 95% CL
Done in 0.00 min (cpu), 0.00 min (real)
Generate toy 311/500
  1) RooRealVar:: n_obs_bina01 = 2267

 -- Profile Likelihood -- 
Limit: r < 8.19402 @ 95% CL
Done in 0.00 min (cpu), 0.00 min (real)
Generate toy 312/500
  1) RooRealVar:: n_obs_bina01 = 2153

 -- Profile Likelihood -- 
Limit: r < 6.05085 @ 95% CL
Done in 0.00 min (cpu), 0.00 min (real)
Generate toy 313/500
  1) RooRealVar:: n_obs_bina01 = 2035

 -- Profile Likelihood -- 
Limit: r < 4.21301 @ 95% CL
Done in 0.00 min (cpu), 0.00 min (real)
Generate toy 314/500
  1) RooRealVar:: n_obs_bina01 = 2000

 -- Profile Likelihood -- 
Limit: r < 3.78368 @ 95% CL
Done in 0.00 min (cpu), 0.00 min (real)
Generate toy 315/500
  1) RooRealVar:: n_obs_bina01 = 1995

 -- Profile Likelihood -- 
Limit: r < 3.72634 @ 95% CL
Done in 0.00 min (cpu), 0.00 min (real)
Generate toy 316/500
  1) RooRealVar:: n_obs_bina01 = 2485

 -- Profile Likelihood -- 
Limit: r < 12.3014 @ 95% CL
Done in 0.00 min (cpu), 0.00 min (real)
Generate toy 317/500
  1) RooRealVar:: n_obs_bina01 = 2677

 -- Profile Likelihood -- 
Limit: r < 15.9188 @ 95% CL
Done in 0.00 min (cpu), 0.00 min (real)
Generate toy 318/500
  1) RooRealVar:: n_obs_bina01 = 2229

 -- Profile Likelihood -- 
Limit: r < 7.47884 @ 95% CL
Done in 0.00 min (cpu), 0.00 min (real)
Generate toy 319/500
  1) RooRealVar:: n_obs_bina01 = 1794

 -- Profile Likelihood -- 
Limit: r < 2.08269 @ 95% CL
Done in 0.00 min (cpu), 0.00 min (real)
Generate toy 320/500
  1) RooRealVar:: n_obs_bina01 = 1920

 -- Profile Likelihood -- 
Limit: r < 2.97502 @ 95% CL
Done in 0.00 min (cpu), 0.00 min (real)
Generate toy 321/500
  1) RooRealVar:: n_obs_bina01 = 1956

 -- Profile Likelihood -- 
Limit: r < 3.31126 @ 95% CL
Done in 0.00 min (cpu), 0.00 min (real)
Generate toy 322/500
  1) RooRealVar:: n_obs_bina01 = 2327

 -- Profile Likelihood -- 
Limit: r < 9.32486 @ 95% CL
Done in 0.00 min (cpu), 0.00 min (real)
Generate toy 323/500
  1) RooRealVar:: n_obs_bina01 = 1974

 -- Profile Likelihood -- 
Limit: r < 3.49592 @ 95% CL
Done in 0.00 min (cpu), 0.00 min (real)
Generate toy 324/500
  1) RooRealVar:: n_obs_bina01 = 2122

 -- Profile Likelihood -- 
Limit: r < 5.50773 @ 95% CL
Done in 0.00 min (cpu), 0.00 min (real)
Generate toy 325/500
  1) RooRealVar:: n_obs_bina01 = 2465

 -- Profile Likelihood -- 
Limit: r < 11.9246 @ 95% CL
Done in 0.00 min (cpu), 0.00 min (real)
Generate toy 326/500
  1) RooRealVar:: n_obs_bina01 = 1842

 -- Profile Likelihood -- 
Limit: r < 2.3775 @ 95% CL
Done in 0.00 min (cpu), 0.00 min (real)
Generate toy 327/500
  1) RooRealVar:: n_obs_bina01 = 2385

 -- Profile Likelihood -- 
Limit: r < 10.4175 @ 95% CL
Done in 0.00 min (cpu), 0.00 min (real)
Generate toy 328/500
  1) RooRealVar:: n_obs_bina01 = 2398

 -- Profile Likelihood -- 
Limit: r < 10.6624 @ 95% CL
Done in 0.00 min (cpu), 0.00 min (real)
Generate toy 329/500
  1) RooRealVar:: n_obs_bina01 = 2442

 -- Profile Likelihood -- 
Limit: r < 11.4913 @ 95% CL
Done in 0.00 min (cpu), 0.00 min (real)
Generate toy 330/500
  1) RooRealVar:: n_obs_bina01 = 1882

 -- Profile Likelihood -- 
Limit: r < 2.6637 @ 95% CL
Done in 0.00 min (cpu), 0.00 min (real)
Generate toy 331/500
  1) RooRealVar:: n_obs_bina01 = 2163

 -- Profile Likelihood -- 
Limit: r < 6.2351 @ 95% CL
Done in 0.00 min (cpu), 0.00 min (real)
Generate toy 332/500
  1) RooRealVar:: n_obs_bina01 = 2334

 -- Profile Likelihood -- 
Limit: r < 9.45674 @ 95% CL
Done in 0.00 min (cpu), 0.00 min (real)
Generate toy 333/500
  1) RooRealVar:: n_obs_bina01 = 2252

 -- Profile Likelihood -- 
Limit: r < 7.91167 @ 95% CL
Done in 0.00 min (cpu), 0.00 min (real)
Generate toy 334/500
  1) RooRealVar:: n_obs_bina01 = 2052

 -- Profile Likelihood -- 
Limit: r < 4.43988 @ 95% CL
Done in 0.00 min (cpu), 0.00 min (real)
Generate toy 335/500
  1) RooRealVar:: n_obs_bina01 = 2018

 -- Profile Likelihood -- 
Limit: r < 3.99827 @ 95% CL
Done in 0.00 min (cpu), 0.00 min (real)
Generate toy 336/500
  1) RooRealVar:: n_obs_bina01 = 2188

 -- Profile Likelihood -- 
Limit: r < 6.70571 @ 95% CL
Done in 0.00 min (cpu), 0.00 min (real)
Generate toy 337/500
  1) RooRealVar:: n_obs_bina01 = 1946

 -- Profile Likelihood -- 
Limit: r < 3.21357 @ 95% CL
Done in 0.00 min (cpu), 0.00 min (real)
Generate toy 338/500
  1) RooRealVar:: n_obs_bina01 = 1992

 -- Profile Likelihood -- 
Limit: r < 3.6924 @ 95% CL
Done in 0.00 min (cpu), 0.00 min (real)
Generate toy 339/500
  1) RooRealVar:: n_obs_bina01 = 2304

 -- Profile Likelihood -- 
Limit: r < 8.89209 @ 95% CL
Done in 0.00 min (cpu), 0.00 min (real)
Generate toy 340/500
  1) RooRealVar:: n_obs_bina01 = 2008

 -- Profile Likelihood -- 
Limit: r < 3.87745 @ 95% CL
Done in 0.00 min (cpu), 0.00 min (real)
Generate toy 341/500
  1) RooRealVar:: n_obs_bina01 = 2071

 -- Profile Likelihood -- 
Limit: r < 4.70855 @ 95% CL
Done in 0.00 min (cpu), 0.00 min (real)
Generate toy 342/500
  1) RooRealVar:: n_obs_bina01 = 1951

 -- Profile Likelihood -- 
Limit: r < 3.26199 @ 95% CL
Done in 0.00 min (cpu), 0.00 min (real)
Generate toy 343/500
  1) RooRealVar:: n_obs_bina01 = 2295

 -- Profile Likelihood -- 
Limit: r < 8.72191 @ 95% CL
Done in 0.00 min (cpu), 0.00 min (real)
Generate toy 344/500
  1) RooRealVar:: n_obs_bina01 = 2283

 -- Profile Likelihood -- 
Limit: r < 8.49573 @ 95% CL
Done in 0.00 min (cpu), 0.00 min (real)
Generate toy 345/500
  1) RooRealVar:: n_obs_bina01 = 2082

 -- Profile Likelihood -- 
Limit: r < 4.87126 @ 95% CL
Done in 0.00 min (cpu), 0.00 min (real)
Generate toy 346/500
  1) RooRealVar:: n_obs_bina01 = 2294

 -- Profile Likelihood -- 
Limit: r < 8.70306 @ 95% CL
Done in 0.00 min (cpu), 0.00 min (real)
Generate toy 347/500
  1) RooRealVar:: n_obs_bina01 = 1747

 -- Profile Likelihood -- 
Limit: r < 1.83708 @ 95% CL
Done in 0.00 min (cpu), 0.00 min (real)
Generate toy 348/500
  1) RooRealVar:: n_obs_bina01 = 2469

 -- Profile Likelihood -- 
Limit: r < 12 @ 95% CL
Done in 0.00 min (cpu), 0.00 min (real)
Generate toy 349/500
  1) RooRealVar:: n_obs_bina01 = 2326

 -- Profile Likelihood -- 
Limit: r < 9.30602 @ 95% CL
Done in 0.00 min (cpu), 0.00 min (real)
Generate toy 350/500
  1) RooRealVar:: n_obs_bina01 = 2735

 -- Profile Likelihood -- 
Limit: r < 17.0116 @ 95% CL
Done in 0.00 min (cpu), 0.00 min (real)
Generate toy 351/500
  1) RooRealVar:: n_obs_bina01 = 2071

 -- Profile Likelihood -- 
Limit: r < 4.70855 @ 95% CL
Done in 0.00 min (cpu), 0.00 min (real)
Generate toy 352/500
  1) RooRealVar:: n_obs_bina01 = 2512

 -- Profile Likelihood -- 
Limit: r < 12.8101 @ 95% CL
Done in 0.00 min (cpu), 0.00 min (real)
Generate toy 353/500
  1) RooRealVar:: n_obs_bina01 = 2077

 -- Profile Likelihood -- 
Limit: r < 4.79663 @ 95% CL
Done in 0.00 min (cpu), 0.00 min (real)
Generate toy 354/500
  1) RooRealVar:: n_obs_bina01 = 2414

 -- Profile Likelihood -- 
Limit: r < 10.9638 @ 95% CL
Done in 0.00 min (cpu), 0.00 min (real)
Generate toy 355/500
  1) RooRealVar:: n_obs_bina01 = 2019

 -- Profile Likelihood -- 
Limit: r < 4.01057 @ 95% CL
Done in 0.00 min (cpu), 0.00 min (real)
Generate toy 356/500
  1) RooRealVar:: n_obs_bina01 = 2097

 -- Profile Likelihood -- 
Limit: r < 5.10118 @ 95% CL
Done in 0.00 min (cpu), 0.00 min (real)
Generate toy 357/500
  1) RooRealVar:: n_obs_bina01 = 2010

 -- Profile Likelihood -- 
Limit: r < 3.90129 @ 95% CL
Done in 0.00 min (cpu), 0.00 min (real)
Generate toy 358/500
  1) RooRealVar:: n_obs_bina01 = 2307

 -- Profile Likelihood -- 
Limit: r < 8.94774 @ 95% CL
Done in 0.00 min (cpu), 0.00 min (real)
Generate toy 359/500
  1) RooRealVar:: n_obs_bina01 = 2190

 -- Profile Likelihood -- 
Limit: r < 6.74397 @ 95% CL
Done in 0.00 min (cpu), 0.00 min (real)
Generate toy 360/500
  1) RooRealVar:: n_obs_bina01 = 1850

 -- Profile Likelihood -- 
Limit: r < 2.43157 @ 95% CL
Done in 0.00 min (cpu), 0.00 min (real)
Generate toy 361/500
  1) RooRealVar:: n_obs_bina01 = 2268

 -- Profile Likelihood -- 
Limit: r < 8.21288 @ 95% CL
Done in 0.00 min (cpu), 0.00 min (real)
Generate toy 362/500
  1) RooRealVar:: n_obs_bina01 = 2057

 -- Profile Likelihood -- 
Limit: r < 4.50924 @ 95% CL
Done in 0.00 min (cpu), 0.00 min (real)
Generate toy 363/500
  1) RooRealVar:: n_obs_bina01 = 2461

 -- Profile Likelihood -- 
Limit: r < 11.8493 @ 95% CL
Done in 0.00 min (cpu), 0.00 min (real)
Generate toy 364/500
  1) RooRealVar:: n_obs_bina01 = 2158

 -- Profile Likelihood -- 
Limit: r < 6.14241 @ 95% CL
Done in 0.00 min (cpu), 0.00 min (real)
Generate toy 365/500
  1) RooRealVar:: n_obs_bina01 = 2039

 -- Profile Likelihood -- 
Limit: r < 4.26529 @ 95% CL
Done in 0.00 min (cpu), 0.00 min (real)
Generate toy 366/500
  1) RooRealVar:: n_obs_bina01 = 1826

 -- Profile Likelihood -- 
Limit: r < 2.27376 @ 95% CL
Done in 0.00 min (cpu), 0.00 min (real)
Generate toy 367/500
  1) RooRealVar:: n_obs_bina01 = 2098

 -- Profile Likelihood -- 
Limit: r < 5.1169 @ 95% CL
Done in 0.00 min (cpu), 0.00 min (real)
Generate toy 368/500
  1) RooRealVar:: n_obs_bina01 = 2005

 -- Profile Likelihood -- 
Limit: r < 3.84199 @ 95% CL
Done in 0.00 min (cpu), 0.00 min (real)
Generate toy 369/500
  1) RooRealVar:: n_obs_bina01 = 2076

 -- Profile Likelihood -- 
Limit: r < 4.78184 @ 95% CL
Done in 0.00 min (cpu), 0.00 min (real)
Generate toy 370/500
  1) RooRealVar:: n_obs_bina01 = 2565

 -- Profile Likelihood -- 
Limit: r < 13.8086 @ 95% CL
Done in 0.00 min (cpu), 0.00 min (real)
Generate toy 371/500
  1) RooRealVar:: n_obs_bina01 = 2181

 -- Profile Likelihood -- 
Limit: r < 6.57408 @ 95% CL
Done in 0.00 min (cpu), 0.00 min (real)
Generate toy 372/500
  1) RooRealVar:: n_obs_bina01 = 2167

 -- Profile Likelihood -- 
Limit: r < 6.31006 @ 95% CL
Done in 0.00 min (cpu), 0.00 min (real)
Generate toy 373/500
  1) RooRealVar:: n_obs_bina01 = 2234

 -- Profile Likelihood -- 
Limit: r < 7.57249 @ 95% CL
Done in 0.00 min (cpu), 0.00 min (real)
Generate toy 374/500
  1) RooRealVar:: n_obs_bina01 = 2054

 -- Profile Likelihood -- 
Limit: r < 4.46765 @ 95% CL
Done in 0.00 min (cpu), 0.00 min (real)
Generate toy 375/500
  1) RooRealVar:: n_obs_bina01 = 1949

 -- Profile Likelihood -- 
Limit: r < 3.24252 @ 95% CL
Done in 0.00 min (cpu), 0.00 min (real)
Generate toy 376/500
  1) RooRealVar:: n_obs_bina01 = 2004

 -- Profile Likelihood -- 
Limit: r < 3.83025 @ 95% CL
Done in 0.00 min (cpu), 0.00 min (real)
Generate toy 377/500
  1) RooRealVar:: n_obs_bina01 = 2122

 -- Profile Likelihood -- 
Limit: r < 5.50773 @ 95% CL
Done in 0.00 min (cpu), 0.00 min (real)
Generate toy 378/500
  1) RooRealVar:: n_obs_bina01 = 1892

 -- Profile Likelihood -- 
Limit: r < 2.74178 @ 95% CL
Done in 0.00 min (cpu), 0.00 min (real)
Generate toy 379/500
  1) RooRealVar:: n_obs_bina01 = 2324

 -- Profile Likelihood -- 
Limit: r < 9.26834 @ 95% CL
Done in 0.00 min (cpu), 0.00 min (real)
Generate toy 380/500
  1) RooRealVar:: n_obs_bina01 = 2096

 -- Profile Likelihood -- 
Limit: r < 5.0855 @ 95% CL
Done in 0.00 min (cpu), 0.00 min (real)
Generate toy 381/500
  1) RooRealVar:: n_obs_bina01 = 2285

 -- Profile Likelihood -- 
Limit: r < 8.53343 @ 95% CL
Done in 0.00 min (cpu), 0.00 min (real)
Generate toy 382/500
  1) RooRealVar:: n_obs_bina01 = 1933

 -- Profile Likelihood -- 
Limit: r < 3.09157 @ 95% CL
Done in 0.00 min (cpu), 0.00 min (real)
Generate toy 383/500
  1) RooRealVar:: n_obs_bina01 = 2330

 -- Profile Likelihood -- 
Limit: r < 9.38138 @ 95% CL
Done in 0.00 min (cpu), 0.00 min (real)
Generate toy 384/500
  1) RooRealVar:: n_obs_bina01 = 2344

 -- Profile Likelihood -- 
Limit: r < 9.64513 @ 95% CL
Done in 0.00 min (cpu), 0.00 min (real)
Generate toy 385/500
  1) RooRealVar:: n_obs_bina01 = 2362

 -- Profile Likelihood -- 
Limit: r < 9.98423 @ 95% CL
Done in 0.00 min (cpu), 0.00 min (real)
Generate toy 386/500
  1) RooRealVar:: n_obs_bina01 = 2061

 -- Profile Likelihood -- 
Limit: r < 4.56531 @ 95% CL
Done in 0.00 min (cpu), 0.00 min (real)
Generate toy 387/500
  1) RooRealVar:: n_obs_bina01 = 2348

 -- Profile Likelihood -- 
Limit: r < 9.72049 @ 95% CL
Done in 0.00 min (cpu), 0.00 min (real)
Generate toy 388/500
  1) RooRealVar:: n_obs_bina01 = 2599

 -- Profile Likelihood -- 
Limit: r < 14.4492 @ 95% CL
Done in 0.00 min (cpu), 0.00 min (real)
Generate toy 389/500
  1) RooRealVar:: n_obs_bina01 = 2118

 -- Profile Likelihood -- 
Limit: r < 5.44078 @ 95% CL
Done in 0.00 min (cpu), 0.00 min (real)
Generate toy 390/500
  1) RooRealVar:: n_obs_bina01 = 2260

 -- Profile Likelihood -- 
Limit: r < 8.06214 @ 95% CL
Done in 0.00 min (cpu), 0.00 min (real)
Generate toy 391/500
  1) RooRealVar:: n_obs_bina01 = 2249

 -- Profile Likelihood -- 
Limit: r < 7.85514 @ 95% CL
Done in 0.00 min (cpu), 0.00 min (real)
Generate toy 392/500
  1) RooRealVar:: n_obs_bina01 = 2406

 -- Profile Likelihood -- 
Limit: r < 10.8131 @ 95% CL
Done in 0.00 min (cpu), 0.00 min (real)
Generate toy 393/500
  1) RooRealVar:: n_obs_bina01 = 2396

 -- Profile Likelihood -- 
Limit: r < 10.6247 @ 95% CL
Done in 0.00 min (cpu), 0.00 min (real)
Generate toy 394/500
  1) RooRealVar:: n_obs_bina01 = 2412

 -- Profile Likelihood -- 
Limit: r < 10.9262 @ 95% CL
Done in 0.00 min (cpu), 0.00 min (real)
Generate toy 395/500
  1) RooRealVar:: n_obs_bina01 = 2319

 -- Profile Likelihood -- 
Limit: r < 9.17414 @ 95% CL
Done in 0.00 min (cpu), 0.00 min (real)
Generate toy 396/500
  1) RooRealVar:: n_obs_bina01 = 1852

 -- Profile Likelihood -- 
Limit: r < 2.44533 @ 95% CL
Done in 0.00 min (cpu), 0.00 min (real)
Generate toy 397/500
  1) RooRealVar:: n_obs_bina01 = 2067

 -- Profile Likelihood -- 
Limit: r < 4.65072 @ 95% CL
Done in 0.00 min (cpu), 0.00 min (real)
Generate toy 398/500
  1) RooRealVar:: n_obs_bina01 = 2236

 -- Profile Likelihood -- 
Limit: r < 7.61015 @ 95% CL
Done in 0.00 min (cpu), 0.00 min (real)
Generate toy 399/500
  1) RooRealVar:: n_obs_bina01 = 2153

 -- Profile Likelihood -- 
Limit: r < 6.05085 @ 95% CL
Done in 0.00 min (cpu), 0.00 min (real)
Generate toy 400/500
  1) RooRealVar:: n_obs_bina01 = 1978

 -- Profile Likelihood -- 
Limit: r < 3.53854 @ 95% CL
Done in 0.00 min (cpu), 0.00 min (real)
Generate toy 401/500
  1) RooRealVar:: n_obs_bina01 = 2449

 -- Profile Likelihood -- 
Limit: r < 11.6232 @ 95% CL
Done in 0.00 min (cpu), 0.00 min (real)
Generate toy 402/500
  1) RooRealVar:: n_obs_bina01 = 2010

 -- Profile Likelihood -- 
Limit: r < 3.90129 @ 95% CL
Done in 0.00 min (cpu), 0.00 min (real)
Generate toy 403/500
  1) RooRealVar:: n_obs_bina01 = 2156

 -- Profile Likelihood -- 
Limit: r < 6.10567 @ 95% CL
Done in 0.00 min (cpu), 0.00 min (real)
Generate toy 404/500
  1) RooRealVar:: n_obs_bina01 = 1831

 -- Profile Likelihood -- 
Limit: r < 2.30557 @ 95% CL
Done in 0.00 min (cpu), 0.00 min (real)
Generate toy 405/500
  1) RooRealVar:: n_obs_bina01 = 1926

 -- Profile Likelihood -- 
Limit: r < 3.02815 @ 95% CL
Done in 0.00 min (cpu), 0.00 min (real)
Generate toy 406/500
  1) RooRealVar:: n_obs_bina01 = 2205

 -- Profile Likelihood -- 
Limit: r < 7.02607 @ 95% CL
Done in 0.00 min (cpu), 0.00 min (real)
Generate toy 407/500
  1) RooRealVar:: n_obs_bina01 = 2278

 -- Profile Likelihood -- 
Limit: r < 8.40146 @ 95% CL
Done in 0.00 min (cpu), 0.00 min (real)
Generate toy 408/500
  1) RooRealVar:: n_obs_bina01 = 2791

 -- Profile Likelihood -- 
Limit: r < 18.0677 @ 95% CL
Done in 0.00 min (cpu), 0.00 min (real)
Generate toy 409/500
  1) RooRealVar:: n_obs_bina01 = 2214

 -- Profile Likelihood -- 
Limit: r < 7.19564 @ 95% CL
Done in 0.00 min (cpu), 0.00 min (real)
Generate toy 410/500
  1) RooRealVar:: n_obs_bina01 = 2326

 -- Profile Likelihood -- 
Limit: r < 9.30602 @ 95% CL
Done in 0.00 min (cpu), 0.00 min (real)
Generate toy 411/500
  1) RooRealVar:: n_obs_bina01 = 2269

 -- Profile Likelihood -- 
Limit: r < 8.23174 @ 95% CL
Done in 0.00 min (cpu), 0.00 min (real)
Generate toy 412/500
  1) RooRealVar:: n_obs_bina01 = 2095

 -- Profile Likelihood -- 
Limit: r < 5.06987 @ 95% CL
Done in 0.00 min (cpu), 0.00 min (real)
Generate toy 413/500
  1) RooRealVar:: n_obs_bina01 = 2069

 -- Profile Likelihood -- 
Limit: r < 4.67955 @ 95% CL
Done in 0.00 min (cpu), 0.00 min (real)
Generate toy 414/500
  1) RooRealVar:: n_obs_bina01 = 2549

 -- Profile Likelihood -- 
Limit: r < 13.5072 @ 95% CL
Done in 0.00 min (cpu), 0.00 min (real)
Generate toy 415/500
  1) RooRealVar:: n_obs_bina01 = 2754

 -- Profile Likelihood -- 
Limit: r < 17.3695 @ 95% CL
Done in 0.00 min (cpu), 0.00 min (real)
Generate toy 416/500
  1) RooRealVar:: n_obs_bina01 = 1948

 -- Profile Likelihood -- 
Limit: r < 3.23284 @ 95% CL
Done in 0.00 min (cpu), 0.00 min (real)
Generate toy 417/500
  1) RooRealVar:: n_obs_bina01 = 2075

 -- Profile Likelihood -- 
Limit: r < 4.76709 @ 95% CL
Done in 0.00 min (cpu), 0.00 min (real)
Generate toy 418/500
  1) RooRealVar:: n_obs_bina01 = 2045

 -- Profile Likelihood -- 
Limit: r < 4.34497 @ 95% CL
Done in 0.00 min (cpu), 0.00 min (real)
Generate toy 419/500
  1) RooRealVar:: n_obs_bina01 = 2239

 -- Profile Likelihood -- 
Limit: r < 7.6667 @ 95% CL
Done in 0.00 min (cpu), 0.00 min (real)
Generate toy 420/500
  1) RooRealVar:: n_obs_bina01 = 2022

 -- Profile Likelihood -- 
Limit: r < 4.04772 @ 95% CL
Done in 0.00 min (cpu), 0.00 min (real)
Generate toy 421/500
  1) RooRealVar:: n_obs_bina01 = 2403

 -- Profile Likelihood -- 
Limit: r < 10.7566 @ 95% CL
Done in 0.00 min (cpu), 0.00 min (real)
Generate toy 422/500
  1) RooRealVar:: n_obs_bina01 = 1963

 -- Profile Likelihood -- 
Limit: r < 3.38171 @ 95% CL
Done in 0.00 min (cpu), 0.00 min (real)
Generate toy 423/500
  1) RooRealVar:: n_obs_bina01 = 1865

 -- Profile Likelihood -- 
Limit: r < 2.53714 @ 95% CL
Done in 0.00 min (cpu), 0.00 min (real)
Generate toy 424/500
  1) RooRealVar:: n_obs_bina01 = 2246

 -- Profile Likelihood -- 
Limit: r < 7.79861 @ 95% CL
Done in 0.00 min (cpu), 0.00 min (real)
Generate toy 425/500
  1) RooRealVar:: n_obs_bina01 = 2452

 -- Profile Likelihood -- 
Limit: r < 11.6797 @ 95% CL
Done in 0.00 min (cpu), 0.00 min (real)
Generate toy 426/500
  1) RooRealVar:: n_obs_bina01 = 2188

 -- Profile Likelihood -- 
Limit: r < 6.70571 @ 95% CL
Done in 0.00 min (cpu), 0.00 min (real)
Generate toy 427/500
  1) RooRealVar:: n_obs_bina01 = 2577

 -- Profile Likelihood -- 
Limit: r < 14.0347 @ 95% CL
Done in 0.00 min (cpu), 0.00 min (real)
Generate toy 428/500
  1) RooRealVar:: n_obs_bina01 = 2416

 -- Profile Likelihood -- 
Limit: r < 11.0015 @ 95% CL
Done in 0.00 min (cpu), 0.00 min (real)
Generate toy 429/500
  1) RooRealVar:: n_obs_bina01 = 2248

 -- Profile Likelihood -- 
Limit: r < 7.8363 @ 95% CL
Done in 0.00 min (cpu), 0.00 min (real)
Generate toy 430/500
  1) RooRealVar:: n_obs_bina01 = 2175

 -- Profile Likelihood -- 
Limit: r < 6.46079 @ 95% CL
Done in 0.00 min (cpu), 0.00 min (real)
Generate toy 431/500
  1) RooRealVar:: n_obs_bina01 = 2297

 -- Profile Likelihood -- 
Limit: r < 8.7596 @ 95% CL
Done in 0.00 min (cpu), 0.00 min (real)
Generate toy 432/500
  1) RooRealVar:: n_obs_bina01 = 2478

 -- Profile Likelihood -- 
Limit: r < 12.1696 @ 95% CL
Done in 0.00 min (cpu), 0.00 min (real)
Generate toy 433/500
  1) RooRealVar:: n_obs_bina01 = 2120

 -- Profile Likelihood -- 
Limit: r < 5.47416 @ 95% CL
Done in 0.00 min (cpu), 0.00 min (real)
Generate toy 434/500
  1) RooRealVar:: n_obs_bina01 = 2350

 -- Profile Likelihood -- 
Limit: r < 9.75817 @ 95% CL
Done in 0.00 min (cpu), 0.00 min (real)
Generate toy 435/500
  1) RooRealVar:: n_obs_bina01 = 2076

 -- Profile Likelihood -- 
Limit: r < 4.78184 @ 95% CL
Done in 0.00 min (cpu), 0.00 min (real)
Generate toy 436/500
  1) RooRealVar:: n_obs_bina01 = 2356

 -- Profile Likelihood -- 
Limit: r < 9.8712 @ 95% CL
Done in 0.00 min (cpu), 0.00 min (real)
Generate toy 437/500
  1) RooRealVar:: n_obs_bina01 = 2133

 -- Profile Likelihood -- 
Limit: r < 5.69573 @ 95% CL
Done in 0.00 min (cpu), 0.00 min (real)
Generate toy 438/500
  1) RooRealVar:: n_obs_bina01 = 2320

 -- Profile Likelihood -- 
Limit: r < 9.19298 @ 95% CL
Done in 0.00 min (cpu), 0.00 min (real)
Generate toy 439/500
  1) RooRealVar:: n_obs_bina01 = 2193

 -- Profile Likelihood -- 
Limit: r < 6.80022 @ 95% CL
Done in 0.00 min (cpu), 0.00 min (real)
Generate toy 440/500
  1) RooRealVar:: n_obs_bina01 = 2319

 -- Profile Likelihood -- 
Limit: r < 9.17414 @ 95% CL
Done in 0.00 min (cpu), 0.00 min (real)
Generate toy 441/500
  1) RooRealVar:: n_obs_bina01 = 2231

 -- Profile Likelihood -- 
Limit: r < 7.51646 @ 95% CL
Done in 0.00 min (cpu), 0.00 min (real)
Generate toy 442/500
  1) RooRealVar:: n_obs_bina01 = 2368

 -- Profile Likelihood -- 
Limit: r < 10.0973 @ 95% CL
Done in 0.00 min (cpu), 0.00 min (real)
Generate toy 443/500
  1) RooRealVar:: n_obs_bina01 = 2213

 -- Profile Likelihood -- 
Limit: r < 7.1768 @ 95% CL
Done in 0.00 min (cpu), 0.00 min (real)
Generate toy 444/500
  1) RooRealVar:: n_obs_bina01 = 2013

 -- Profile Likelihood -- 
Limit: r < 3.93736 @ 95% CL
Done in 0.00 min (cpu), 0.00 min (real)
Generate toy 445/500
  1) RooRealVar:: n_obs_bina01 = 1989

 -- Profile Likelihood -- 
Limit: r < 3.65881 @ 95% CL
Done in 0.00 min (cpu), 0.00 min (real)
Generate toy 446/500
  1) RooRealVar:: n_obs_bina01 = 1928

 -- Profile Likelihood -- 
Limit: r < 3.04611 @ 95% CL
Done in 0.00 min (cpu), 0.00 min (real)
Generate toy 447/500
  1) RooRealVar:: n_obs_bina01 = 2390

 -- Profile Likelihood -- 
Limit: r < 10.5117 @ 95% CL
Done in 0.00 min (cpu), 0.00 min (real)
Generate toy 448/500
  1) RooRealVar:: n_obs_bina01 = 2155

 -- Profile Likelihood -- 
Limit: r < 6.08736 @ 95% CL
Done in 0.00 min (cpu), 0.00 min (real)
Generate toy 449/500
  1) RooRealVar:: n_obs_bina01 = 2013

 -- Profile Likelihood -- 
Limit: r < 3.93736 @ 95% CL
Done in 0.00 min (cpu), 0.00 min (real)
Generate toy 450/500
  1) RooRealVar:: n_obs_bina01 = 2292

 -- Profile Likelihood -- 
Limit: r < 8.66537 @ 95% CL
Done in 0.00 min (cpu), 0.00 min (real)
Generate toy 451/500
  1) RooRealVar:: n_obs_bina01 = 2067

 -- Profile Likelihood -- 
Limit: r < 4.65072 @ 95% CL
Done in 0.00 min (cpu), 0.00 min (real)
Generate toy 452/500
  1) RooRealVar:: n_obs_bina01 = 2343

 -- Profile Likelihood -- 
Limit: r < 9.62629 @ 95% CL
Done in 0.00 min (cpu), 0.00 min (real)
Generate toy 453/500
  1) RooRealVar:: n_obs_bina01 = 1964

 -- Profile Likelihood -- 
Limit: r < 3.39191 @ 95% CL
Done in 0.00 min (cpu), 0.00 min (real)
Generate toy 454/500
  1) RooRealVar:: n_obs_bina01 = 2154

 -- Profile Likelihood -- 
Limit: r < 6.06908 @ 95% CL
Done in 0.00 min (cpu), 0.00 min (real)
Generate toy 455/500
  1) RooRealVar:: n_obs_bina01 = 2180

 -- Profile Likelihood -- 
Limit: r < 6.55547 @ 95% CL
Done in 0.00 min (cpu), 0.00 min (real)
Generate toy 456/500
  1) RooRealVar:: n_obs_bina01 = 2241

 -- Profile Likelihood -- 
Limit: r < 7.70439 @ 95% CL
Done in 0.00 min (cpu), 0.00 min (real)
Generate toy 457/500
  1) RooRealVar:: n_obs_bina01 = 2151

 -- Profile Likelihood -- 
Limit: r < 6.0145 @ 95% CL
Done in 0.00 min (cpu), 0.00 min (real)
Generate toy 458/500
  1) RooRealVar:: n_obs_bina01 = 2077

 -- Profile Likelihood -- 
Limit: r < 4.79663 @ 95% CL
Done in 0.00 min (cpu), 0.00 min (real)
Generate toy 459/500
  1) RooRealVar:: n_obs_bina01 = 2077

 -- Profile Likelihood -- 
Limit: r < 4.79663 @ 95% CL
Done in 0.00 min (cpu), 0.00 min (real)
Generate toy 460/500
  1) RooRealVar:: n_obs_bina01 = 2137

 -- Profile Likelihood -- 
Limit: r < 5.76564 @ 95% CL
Done in 0.00 min (cpu), 0.00 min (real)
Generate toy 461/500
  1) RooRealVar:: n_obs_bina01 = 2082

 -- Profile Likelihood -- 
Limit: r < 4.87126 @ 95% CL
Done in 0.00 min (cpu), 0.00 min (real)
Generate toy 462/500
  1) RooRealVar:: n_obs_bina01 = 2160

 -- Profile Likelihood -- 
Limit: r < 6.17932 @ 95% CL
Done in 0.00 min (cpu), 0.00 min (real)
Generate toy 463/500
  1) RooRealVar:: n_obs_bina01 = 2229

 -- Profile Likelihood -- 
Limit: r < 7.47884 @ 95% CL
Done in 0.00 min (cpu), 0.00 min (real)
Generate toy 464/500
  1) RooRealVar:: n_obs_bina01 = 2132

 -- Profile Likelihood -- 
Limit: r < 5.67839 @ 95% CL
Done in 0.00 min (cpu), 0.00 min (real)
Generate toy 465/500
  1) RooRealVar:: n_obs_bina01 = 1746

 -- Profile Likelihood -- 
Limit: r < 1.83226 @ 95% CL
Done in 0.00 min (cpu), 0.00 min (real)
Generate toy 466/500
  1) RooRealVar:: n_obs_bina01 = 2299

 -- Profile Likelihood -- 
Limit: r < 8.79947 @ 95% CL
Done in 0.00 min (cpu), 0.00 min (real)
Generate toy 467/500
  1) RooRealVar:: n_obs_bina01 = 1816

 -- Profile Likelihood -- 
Limit: r < 2.21176 @ 95% CL
Done in 0.00 min (cpu), 0.00 min (real)
Generate toy 468/500
  1) RooRealVar:: n_obs_bina01 = 2134

 -- Profile Likelihood -- 
Limit: r < 5.71312 @ 95% CL
Done in 0.00 min (cpu), 0.00 min (real)
Generate toy 469/500
  1) RooRealVar:: n_obs_bina01 = 2034

 -- Profile Likelihood -- 
Limit: r < 4.20005 @ 95% CL
Done in 0.00 min (cpu), 0.00 min (real)
Generate toy 470/500
  1) RooRealVar:: n_obs_bina01 = 2089

 -- Profile Likelihood -- 
Limit: r < 4.97764 @ 95% CL
Done in 0.00 min (cpu), 0.00 min (real)
Generate toy 471/500
  1) RooRealVar:: n_obs_bina01 = 2206

 -- Profile Likelihood -- 
Limit: r < 7.04491 @ 95% CL
Done in 0.00 min (cpu), 0.00 min (real)
Generate toy 472/500
  1) RooRealVar:: n_obs_bina01 = 2081

 -- Profile Likelihood -- 
Limit: r < 4.85624 @ 95% CL
Done in 0.00 min (cpu), 0.00 min (real)
Generate toy 473/500
  1) RooRealVar:: n_obs_bina01 = 1933

 -- Profile Likelihood -- 
Limit: r < 3.09157 @ 95% CL
Done in 0.00 min (cpu), 0.00 min (real)
Generate toy 474/500
  1) RooRealVar:: n_obs_bina01 = 2218

 -- Profile Likelihood -- 
Limit: r < 7.27101 @ 95% CL
Done in 0.00 min (cpu), 0.00 min (real)
Generate toy 475/500
  1) RooRealVar:: n_obs_bina01 = 2032

 -- Profile Likelihood -- 
Limit: r < 4.17424 @ 95% CL
Done in 0.00 min (cpu), 0.00 min (real)
Generate toy 476/500
  1) RooRealVar:: n_obs_bina01 = 2132

 -- Profile Likelihood -- 
Limit: r < 5.67839 @ 95% CL
Done in 0.00 min (cpu), 0.00 min (real)
Generate toy 477/500
  1) RooRealVar:: n_obs_bina01 = 2172

 -- Profile Likelihood -- 
Limit: r < 6.40422 @ 95% CL
Done in 0.00 min (cpu), 0.00 min (real)
Generate toy 478/500
  1) RooRealVar:: n_obs_bina01 = 2396

 -- Profile Likelihood -- 
Limit: r < 10.6247 @ 95% CL
Done in 0.00 min (cpu), 0.00 min (real)
Generate toy 479/500
  1) RooRealVar:: n_obs_bina01 = 2393

 -- Profile Likelihood -- 
Limit: r < 10.5682 @ 95% CL
Done in 0.00 min (cpu), 0.00 min (real)
Generate toy 480/500
  1) RooRealVar:: n_obs_bina01 = 2268

 -- Profile Likelihood -- 
Limit: r < 8.21288 @ 95% CL
Done in 0.00 min (cpu), 0.00 min (real)
Generate toy 481/500
  1) RooRealVar:: n_obs_bina01 = 2038

 -- Profile Likelihood -- 
Limit: r < 4.25216 @ 95% CL
Done in 0.00 min (cpu), 0.00 min (real)
Generate toy 482/500
  1) RooRealVar:: n_obs_bina01 = 2184

 -- Profile Likelihood -- 
Limit: r < 6.63036 @ 95% CL
Done in 0.00 min (cpu), 0.00 min (real)
Generate toy 483/500
  1) RooRealVar:: n_obs_bina01 = 2105

 -- Profile Likelihood -- 
Limit: r < 5.22821 @ 95% CL
Done in 0.00 min (cpu), 0.00 min (real)
Generate toy 484/500
  1) RooRealVar:: n_obs_bina01 = 2524

 -- Profile Likelihood -- 
Limit: r < 13.0362 @ 95% CL
Done in 0.00 min (cpu), 0.00 min (real)
Generate toy 485/500
  1) RooRealVar:: n_obs_bina01 = 2124

 -- Profile Likelihood -- 
Limit: r < 5.54148 @ 95% CL
Done in 0.00 min (cpu), 0.00 min (real)
Generate toy 486/500
  1) RooRealVar:: n_obs_bina01 = 1939

 -- Profile Likelihood -- 
Limit: r < 3.14719 @ 95% CL
Done in 0.00 min (cpu), 0.00 min (real)
Generate toy 487/500
  1) RooRealVar:: n_obs_bina01 = 2006

 -- Profile Likelihood -- 
Limit: r < 3.85377 @ 95% CL
Done in 0.00 min (cpu), 0.00 min (real)
Generate toy 488/500
  1) RooRealVar:: n_obs_bina01 = 1946

 -- Profile Likelihood -- 
Limit: r < 3.21357 @ 95% CL
Done in 0.00 min (cpu), 0.00 min (real)
Generate toy 489/500
  1) RooRealVar:: n_obs_bina01 = 2117

 -- Profile Likelihood -- 
Limit: r < 5.42416 @ 95% CL
Done in 0.00 min (cpu), 0.00 min (real)
Generate toy 490/500
  1) RooRealVar:: n_obs_bina01 = 2518

 -- Profile Likelihood -- 
Limit: r < 12.9232 @ 95% CL
Done in 0.00 min (cpu), 0.00 min (real)
Generate toy 491/500
  1) RooRealVar:: n_obs_bina01 = 1898

 -- Profile Likelihood -- 
Limit: r < 2.78998 @ 95% CL
Done in 0.00 min (cpu), 0.00 min (real)
Generate toy 492/500
  1) RooRealVar:: n_obs_bina01 = 2027

 -- Profile Likelihood -- 
Limit: r < 4.11047 @ 95% CL
Done in 0.00 min (cpu), 0.00 min (real)
Generate toy 493/500
  1) RooRealVar:: n_obs_bina01 = 2090

 -- Profile Likelihood -- 
Limit: r < 4.99302 @ 95% CL
Done in 0.00 min (cpu), 0.00 min (real)
Generate toy 494/500
  1) RooRealVar:: n_obs_bina01 = 2204

 -- Profile Likelihood -- 
Limit: r < 7.00723 @ 95% CL
Done in 0.00 min (cpu), 0.00 min (real)
Generate toy 495/500
  1) RooRealVar:: n_obs_bina01 = 2120

 -- Profile Likelihood -- 
Limit: r < 5.47416 @ 95% CL
Done in 0.00 min (cpu), 0.00 min (real)
Generate toy 496/500
  1) RooRealVar:: n_obs_bina01 = 2206

 -- Profile Likelihood -- 
Limit: r < 7.04491 @ 95% CL
Done in 0.00 min (cpu), 0.00 min (real)
Generate toy 497/500
  1) RooRealVar:: n_obs_bina01 = 2168

 -- Profile Likelihood -- 
Limit: r < 6.32897 @ 95% CL
Done in 0.00 min (cpu), 0.00 min (real)
Generate toy 498/500
  1) RooRealVar:: n_obs_bina01 = 2362

 -- Profile Likelihood -- 
Limit: r < 9.98423 @ 95% CL
Done in 0.00 min (cpu), 0.00 min (real)
Generate toy 499/500
  1) RooRealVar:: n_obs_bina01 = 2089

 -- Profile Likelihood -- 
Limit: r < 4.97764 @ 95% CL
Done in 0.00 min (cpu), 0.00 min (real)
Generate toy 500/500
  1) RooRealVar:: n_obs_bina01 = 1940

 -- Profile Likelihood -- 
Limit: r < 3.15657 @ 95% CL
Done in 0.00 min (cpu), 0.00 min (real)
mean   expected limit: r < 6.86508 +/- 0.146392 @ 95%CL (500 toyMC)
median expected limit: r < 6.31951 @ 95%CL (500 toyMC)
   68% expected band : 3.66995 < r < 10.0966
   95% expected band : 2.27376 < r < 14.4492
