>>> including systematics
>>> method used to compute upper limit is ProfileLikelihood
>>> random number generator seed is 123456

Sanity checks on the model: OK
Generate toy 1/500
  1) RooRealVar:: n_obs_bina01 = 842

 -- Profile Likelihood -- 
Limit: r < 6.0982 @ 95% CL
Done in 0.00 min (cpu), 0.00 min (real)
Generate toy 2/500
  1) RooRealVar:: n_obs_bina01 = 902

 -- Profile Likelihood -- 
Limit: r < 8.92915 @ 95% CL
Done in 0.00 min (cpu), 0.00 min (real)
Generate toy 3/500
  1) RooRealVar:: n_obs_bina01 = 903

 -- Profile Likelihood -- 
Limit: r < 8.97638 @ 95% CL
Done in 0.00 min (cpu), 0.00 min (real)
Generate toy 4/500
  1) RooRealVar:: n_obs_bina01 = 939

 -- Profile Likelihood -- 
Limit: r < 10.6759 @ 95% CL
Done in 0.00 min (cpu), 0.00 min (real)
Generate toy 5/500
  1) RooRealVar:: n_obs_bina01 = 866

 -- Profile Likelihood -- 
Limit: r < 7.2203 @ 95% CL
Done in 0.00 min (cpu), 0.00 min (real)
Generate toy 6/500
  1) RooRealVar:: n_obs_bina01 = 825

 -- Profile Likelihood -- 
Limit: r < 5.35507 @ 95% CL
Done in 0.00 min (cpu), 0.00 min (real)
Generate toy 7/500
  1) RooRealVar:: n_obs_bina01 = 905

 -- Profile Likelihood -- 
Limit: r < 9.07083 @ 95% CL
Done in 0.00 min (cpu), 0.00 min (real)
Generate toy 8/500
  1) RooRealVar:: n_obs_bina01 = 880

 -- Profile Likelihood -- 
Limit: r < 7.89014 @ 95% CL
Done in 0.00 min (cpu), 0.00 min (real)
Generate toy 9/500
  1) RooRealVar:: n_obs_bina01 = 722

 -- Profile Likelihood -- 
Limit: r < 2.48014 @ 95% CL
Done in 0.00 min (cpu), 0.00 min (real)
Generate toy 10/500
  1) RooRealVar:: n_obs_bina01 = 838

 -- Profile Likelihood -- 
Limit: r < 5.91537 @ 95% CL
Done in 0.00 min (cpu), 0.00 min (real)
Generate toy 11/500
  1) RooRealVar:: n_obs_bina01 = 789

 -- Profile Likelihood -- 
Limit: r < 4.05685 @ 95% CL
Done in 0.00 min (cpu), 0.00 min (real)
Generate toy 12/500
  1) RooRealVar:: n_obs_bina01 = 837

 -- Profile Likelihood -- 
Limit: r < 5.87055 @ 95% CL
Done in 0.00 min (cpu), 0.00 min (real)
Generate toy 13/500
  1) RooRealVar:: n_obs_bina01 = 947

 -- Profile Likelihood -- 
Limit: r < 11.0538 @ 95% CL
Done in 0.00 min (cpu), 0.00 min (real)
Generate toy 14/500
  1) RooRealVar:: n_obs_bina01 = 785

 -- Profile Likelihood -- 
Limit: r < 3.93447 @ 95% CL
Done in 0.00 min (cpu), 0.00 min (real)
Generate toy 15/500
  1) RooRealVar:: n_obs_bina01 = 986

 -- Profile Likelihood -- 
Limit: r < 12.8957 @ 95% CL
Done in 0.00 min (cpu), 0.00 min (real)
Generate toy 16/500
  1) RooRealVar:: n_obs_bina01 = 898

 -- Profile Likelihood -- 
Limit: r < 8.74024 @ 95% CL
Done in 0.00 min (cpu), 0.00 min (real)
Generate toy 17/500
  1) RooRealVar:: n_obs_bina01 = 868

 -- Profile Likelihood -- 
Limit: r < 7.32339 @ 95% CL
Done in 0.00 min (cpu), 0.00 min (real)
Generate toy 18/500
  1) RooRealVar:: n_obs_bina01 = 929

 -- Profile Likelihood -- 
Limit: r < 10.2034 @ 95% CL
Done in 0.00 min (cpu), 0.00 min (real)
Generate toy 19/500
  1) RooRealVar:: n_obs_bina01 = 822

 -- Profile Likelihood -- 
Limit: r < 5.23274 @ 95% CL
Done in 0.00 min (cpu), 0.00 min (real)
Generate toy 20/500
  1) RooRealVar:: n_obs_bina01 = 829

 -- Profile Likelihood -- 
Limit: r < 5.52225 @ 95% CL
Done in 0.00 min (cpu), 0.00 min (real)
Generate toy 21/500
  1) RooRealVar:: n_obs_bina01 = 883

 -- Profile Likelihood -- 
Limit: r < 8.03183 @ 95% CL
Done in 0.00 min (cpu), 0.00 min (real)
Generate toy 22/500
  1) RooRealVar:: n_obs_bina01 = 845

 -- Profile Likelihood -- 
Limit: r < 6.23719 @ 95% CL
Done in 0.00 min (cpu), 0.00 min (real)
Generate toy 23/500
  1) RooRealVar:: n_obs_bina01 = 828

 -- Profile Likelihood -- 
Limit: r < 5.48002 @ 95% CL
Done in 0.00 min (cpu), 0.00 min (real)
Generate toy 24/500
  1) RooRealVar:: n_obs_bina01 = 808

 -- Profile Likelihood -- 
Limit: r < 4.69631 @ 95% CL
Done in 0.00 min (cpu), 0.00 min (real)
Generate toy 25/500
  1) RooRealVar:: n_obs_bina01 = 903

 -- Profile Likelihood -- 
Limit: r < 8.97638 @ 95% CL
Done in 0.00 min (cpu), 0.00 min (real)
Generate toy 26/500
  1) RooRealVar:: n_obs_bina01 = 902

 -- Profile Likelihood -- 
Limit: r < 8.92915 @ 95% CL
Done in 0.00 min (cpu), 0.00 min (real)
Generate toy 27/500
  1) RooRealVar:: n_obs_bina01 = 819

 -- Profile Likelihood -- 
Limit: r < 5.11303 @ 95% CL
Done in 0.00 min (cpu), 0.00 min (real)
Generate toy 28/500
  1) RooRealVar:: n_obs_bina01 = 889

 -- Profile Likelihood -- 
Limit: r < 8.3152 @ 95% CL
Done in 0.00 min (cpu), 0.00 min (real)
Generate toy 29/500
  1) RooRealVar:: n_obs_bina01 = 921

 -- Profile Likelihood -- 
Limit: r < 9.82527 @ 95% CL
Done in 0.00 min (cpu), 0.00 min (real)
Generate toy 30/500
  1) RooRealVar:: n_obs_bina01 = 791

 -- Profile Likelihood -- 
Limit: r < 4.11961 @ 95% CL
Done in 0.00 min (cpu), 0.00 min (real)
Generate toy 31/500
  1) RooRealVar:: n_obs_bina01 = 807

 -- Profile Likelihood -- 
Limit: r < 4.66014 @ 95% CL
Done in 0.00 min (cpu), 0.00 min (real)
Generate toy 32/500
  1) RooRealVar:: n_obs_bina01 = 791

 -- Profile Likelihood -- 
Limit: r < 4.11961 @ 95% CL
Done in 0.00 min (cpu), 0.00 min (real)
Generate toy 33/500
  1) RooRealVar:: n_obs_bina01 = 739

 -- Profile Likelihood -- 
Limit: r < 2.79591 @ 95% CL
Done in 0.00 min (cpu), 0.00 min (real)
Generate toy 34/500
  1) RooRealVar:: n_obs_bina01 = 875

 -- Profile Likelihood -- 
Limit: r < 7.654 @ 95% CL
Done in 0.00 min (cpu), 0.00 min (real)
Generate toy 35/500
  1) RooRealVar:: n_obs_bina01 = 853

 -- Profile Likelihood -- 
Limit: r < 6.61493 @ 95% CL
Done in 0.00 min (cpu), 0.00 min (real)
Generate toy 36/500
  1) RooRealVar:: n_obs_bina01 = 770

 -- Profile Likelihood -- 
Limit: r < 3.51133 @ 95% CL
Done in 0.00 min (cpu), 0.00 min (real)
Generate toy 37/500
  1) RooRealVar:: n_obs_bina01 = 788

 -- Profile Likelihood -- 
Limit: r < 4.02587 @ 95% CL
Done in 0.00 min (cpu), 0.00 min (real)
Generate toy 38/500
  1) RooRealVar:: n_obs_bina01 = 946

 -- Profile Likelihood -- 
Limit: r < 11.0065 @ 95% CL
Done in 0.00 min (cpu), 0.00 min (real)
Generate toy 39/500
  1) RooRealVar:: n_obs_bina01 = 974

 -- Profile Likelihood -- 
Limit: r < 12.329 @ 95% CL
Done in 0.00 min (cpu), 0.00 min (real)
Generate toy 40/500
  1) RooRealVar:: n_obs_bina01 = 896

 -- Profile Likelihood -- 
Limit: r < 8.64579 @ 95% CL
Done in 0.00 min (cpu), 0.00 min (real)
Generate toy 41/500
  1) RooRealVar:: n_obs_bina01 = 874

 -- Profile Likelihood -- 
Limit: r < 7.60677 @ 95% CL
Done in 0.00 min (cpu), 0.00 min (real)
Generate toy 42/500
  1) RooRealVar:: n_obs_bina01 = 761

 -- Profile Likelihood -- 
Limit: r < 3.28249 @ 95% CL
Done in 0.00 min (cpu), 0.00 min (real)
Generate toy 43/500
  1) RooRealVar:: n_obs_bina01 = 971

 -- Profile Likelihood -- 
Limit: r < 12.1873 @ 95% CL
Done in 0.00 min (cpu), 0.00 min (real)
Generate toy 44/500
  1) RooRealVar:: n_obs_bina01 = 842

 -- Profile Likelihood -- 
Limit: r < 6.0982 @ 95% CL
Done in 0.00 min (cpu), 0.00 min (real)
Generate toy 45/500
  1) RooRealVar:: n_obs_bina01 = 853

 -- Profile Likelihood -- 
Limit: r < 6.61493 @ 95% CL
Done in 0.00 min (cpu), 0.00 min (real)
Generate toy 46/500
  1) RooRealVar:: n_obs_bina01 = 856

 -- Profile Likelihood -- 
Limit: r < 6.7568 @ 95% CL
Done in 0.00 min (cpu), 0.00 min (real)
Generate toy 47/500
  1) RooRealVar:: n_obs_bina01 = 927

 -- Profile Likelihood -- 
Limit: r < 10.1089 @ 95% CL
Done in 0.00 min (cpu), 0.00 min (real)
Generate toy 48/500
  1) RooRealVar:: n_obs_bina01 = 830

 -- Profile Likelihood -- 
Limit: r < 5.56477 @ 95% CL
Done in 0.00 min (cpu), 0.00 min (real)
Generate toy 49/500
  1) RooRealVar:: n_obs_bina01 = 841

 -- Profile Likelihood -- 
Limit: r < 6.05182 @ 95% CL
Done in 0.00 min (cpu), 0.00 min (real)
Generate toy 50/500
  1) RooRealVar:: n_obs_bina01 = 844

 -- Profile Likelihood -- 
Limit: r < 6.19035 @ 95% CL
Done in 0.00 min (cpu), 0.00 min (real)
Generate toy 51/500
  1) RooRealVar:: n_obs_bina01 = 794

 -- Profile Likelihood -- 
Limit: r < 4.21575 @ 95% CL
Done in 0.00 min (cpu), 0.00 min (real)
Generate toy 52/500
  1) RooRealVar:: n_obs_bina01 = 990

 -- Profile Likelihood -- 
Limit: r < 13.0846 @ 95% CL
Done in 0.00 min (cpu), 0.00 min (real)
Generate toy 53/500
  1) RooRealVar:: n_obs_bina01 = 762

 -- Profile Likelihood -- 
Limit: r < 3.30741 @ 95% CL
Done in 0.00 min (cpu), 0.00 min (real)
Generate toy 54/500
  1) RooRealVar:: n_obs_bina01 = 833

 -- Profile Likelihood -- 
Limit: r < 5.69409 @ 95% CL
Done in 0.00 min (cpu), 0.00 min (real)
Generate toy 55/500
  1) RooRealVar:: n_obs_bina01 = 811

 -- Profile Likelihood -- 
Limit: r < 4.80652 @ 95% CL
Done in 0.00 min (cpu), 0.00 min (real)
Generate toy 56/500
  1) RooRealVar:: n_obs_bina01 = 801

 -- Profile Likelihood -- 
Limit: r < 4.44956 @ 95% CL
Done in 0.00 min (cpu), 0.00 min (real)
Generate toy 57/500
  1) RooRealVar:: n_obs_bina01 = 848

 -- Profile Likelihood -- 
Limit: r < 6.37877 @ 95% CL
Done in 0.00 min (cpu), 0.00 min (real)
Generate toy 58/500
  1) RooRealVar:: n_obs_bina01 = 817

 -- Profile Likelihood -- 
Limit: r < 5.03468 @ 95% CL
Done in 0.00 min (cpu), 0.00 min (real)
Generate toy 59/500
  1) RooRealVar:: n_obs_bina01 = 860

 -- Profile Likelihood -- 
Limit: r < 6.94555 @ 95% CL
Done in 0.00 min (cpu), 0.00 min (real)
Generate toy 60/500
  1) RooRealVar:: n_obs_bina01 = 770

 -- Profile Likelihood -- 
Limit: r < 3.51133 @ 95% CL
Done in 0.00 min (cpu), 0.00 min (real)
Generate toy 61/500
  1) RooRealVar:: n_obs_bina01 = 941

 -- Profile Likelihood -- 
Limit: r < 10.7703 @ 95% CL
Done in 0.00 min (cpu), 0.00 min (real)
Generate toy 62/500
  1) RooRealVar:: n_obs_bina01 = 862

 -- Profile Likelihood -- 
Limit: r < 7.04028 @ 95% CL
Done in 0.00 min (cpu), 0.00 min (real)
Generate toy 63/500
  1) RooRealVar:: n_obs_bina01 = 781

 -- Profile Likelihood -- 
Limit: r < 3.8162 @ 95% CL
Done in 0.00 min (cpu), 0.00 min (real)
Generate toy 64/500
  1) RooRealVar:: n_obs_bina01 = 855

 -- Profile Likelihood -- 
Limit: r < 6.70977 @ 95% CL
Done in 0.00 min (cpu), 0.00 min (real)
Generate toy 65/500
  1) RooRealVar:: n_obs_bina01 = 837

 -- Profile Likelihood -- 
Limit: r < 5.87055 @ 95% CL
Done in 0.00 min (cpu), 0.00 min (real)
Generate toy 66/500
  1) RooRealVar:: n_obs_bina01 = 1003

 -- Profile Likelihood -- 
Limit: r < 13.6984 @ 95% CL
Done in 0.00 min (cpu), 0.00 min (real)
Generate toy 67/500
  1) RooRealVar:: n_obs_bina01 = 815

 -- Profile Likelihood -- 
Limit: r < 4.95748 @ 95% CL
Done in 0.00 min (cpu), 0.00 min (real)
Generate toy 68/500
  1) RooRealVar:: n_obs_bina01 = 829

 -- Profile Likelihood -- 
Limit: r < 5.52225 @ 95% CL
Done in 0.00 min (cpu), 0.00 min (real)
Generate toy 69/500
  1) RooRealVar:: n_obs_bina01 = 970

 -- Profile Likelihood -- 
Limit: r < 12.1401 @ 95% CL
Done in 0.00 min (cpu), 0.00 min (real)
Generate toy 70/500
  1) RooRealVar:: n_obs_bina01 = 770

 -- Profile Likelihood -- 
Limit: r < 3.51133 @ 95% CL
Done in 0.00 min (cpu), 0.00 min (real)
Generate toy 71/500
  1) RooRealVar:: n_obs_bina01 = 781

 -- Profile Likelihood -- 
Limit: r < 3.8162 @ 95% CL
Done in 0.00 min (cpu), 0.00 min (real)
Generate toy 72/500
  1) RooRealVar:: n_obs_bina01 = 852

 -- Profile Likelihood -- 
Limit: r < 6.56771 @ 95% CL
Done in 0.00 min (cpu), 0.00 min (real)
Generate toy 73/500
  1) RooRealVar:: n_obs_bina01 = 966

 -- Profile Likelihood -- 
Limit: r < 11.9512 @ 95% CL
Done in 0.00 min (cpu), 0.00 min (real)
Generate toy 74/500
  1) RooRealVar:: n_obs_bina01 = 816

 -- Profile Likelihood -- 
Limit: r < 4.99593 @ 95% CL
Done in 0.00 min (cpu), 0.00 min (real)
Generate toy 75/500
  1) RooRealVar:: n_obs_bina01 = 988

 -- Profile Likelihood -- 
Limit: r < 12.9901 @ 95% CL
Done in 0.00 min (cpu), 0.00 min (real)
Generate toy 76/500
  1) RooRealVar:: n_obs_bina01 = 849

 -- Profile Likelihood -- 
Limit: r < 6.42601 @ 95% CL
Done in 0.00 min (cpu), 0.00 min (real)
Generate toy 77/500
  1) RooRealVar:: n_obs_bina01 = 802

 -- Profile Likelihood -- 
Limit: r < 4.48406 @ 95% CL
Done in 0.00 min (cpu), 0.00 min (real)
Generate toy 78/500
  1) RooRealVar:: n_obs_bina01 = 835

 -- Profile Likelihood -- 
Limit: r < 5.78175 @ 95% CL
Done in 0.00 min (cpu), 0.00 min (real)
Generate toy 79/500
  1) RooRealVar:: n_obs_bina01 = 1065

 -- Profile Likelihood -- 
Limit: r < 16.6255 @ 95% CL
Done in 0.00 min (cpu), 0.00 min (real)
Generate toy 80/500
  1) RooRealVar:: n_obs_bina01 = 937

 -- Profile Likelihood -- 
Limit: r < 10.582 @ 95% CL
Done in 0.00 min (cpu), 0.00 min (real)
Generate toy 81/500
  1) RooRealVar:: n_obs_bina01 = 845

 -- Profile Likelihood -- 
Limit: r < 6.23719 @ 95% CL
Done in 0.00 min (cpu), 0.00 min (real)
Generate toy 82/500
  1) RooRealVar:: n_obs_bina01 = 832

 -- Profile Likelihood -- 
Limit: r < 5.65065 @ 95% CL
Done in 0.00 min (cpu), 0.00 min (real)
Generate toy 83/500
  1) RooRealVar:: n_obs_bina01 = 831

 -- Profile Likelihood -- 
Limit: r < 5.60755 @ 95% CL
Done in 0.00 min (cpu), 0.00 min (real)
Generate toy 84/500
  1) RooRealVar:: n_obs_bina01 = 785

 -- Profile Likelihood -- 
Limit: r < 3.93407 @ 95% CL
Done in 0.00 min (cpu), 0.00 min (real)
Generate toy 85/500
  1) RooRealVar:: n_obs_bina01 = 844

 -- Profile Likelihood -- 
Limit: r < 6.19038 @ 95% CL
Done in 0.00 min (cpu), 0.00 min (real)
Generate toy 86/500
  1) RooRealVar:: n_obs_bina01 = 930

 -- Profile Likelihood -- 
Limit: r < 10.2514 @ 95% CL
Done in 0.00 min (cpu), 0.00 min (real)
Generate toy 87/500
  1) RooRealVar:: n_obs_bina01 = 768

 -- Profile Likelihood -- 
Limit: r < 3.45856 @ 95% CL
Done in 0.00 min (cpu), 0.00 min (real)
Generate toy 88/500
  1) RooRealVar:: n_obs_bina01 = 832

 -- Profile Likelihood -- 
Limit: r < 5.65065 @ 95% CL
Done in 0.00 min (cpu), 0.00 min (real)
Generate toy 89/500
  1) RooRealVar:: n_obs_bina01 = 909

 -- Profile Likelihood -- 
Limit: r < 9.25973 @ 95% CL
Done in 0.00 min (cpu), 0.00 min (real)
Generate toy 90/500
  1) RooRealVar:: n_obs_bina01 = 842

 -- Profile Likelihood -- 
Limit: r < 6.09759 @ 95% CL
Done in 0.00 min (cpu), 0.00 min (real)
Generate toy 91/500
  1) RooRealVar:: n_obs_bina01 = 802

 -- Profile Likelihood -- 
Limit: r < 4.48354 @ 95% CL
Done in 0.00 min (cpu), 0.00 min (real)
Generate toy 92/500
  1) RooRealVar:: n_obs_bina01 = 771

 -- Profile Likelihood -- 
Limit: r < 3.53743 @ 95% CL
Done in 0.00 min (cpu), 0.00 min (real)
Generate toy 93/500
  1) RooRealVar:: n_obs_bina01 = 980

 -- Profile Likelihood -- 
Limit: r < 12.6123 @ 95% CL
Done in 0.00 min (cpu), 0.00 min (real)
Generate toy 94/500
  1) RooRealVar:: n_obs_bina01 = 703

 -- Profile Likelihood -- 
Limit: r < 2.17934 @ 95% CL
Done in 0.00 min (cpu), 0.00 min (real)
Generate toy 95/500
  1) RooRealVar:: n_obs_bina01 = 832

 -- Profile Likelihood -- 
Limit: r < 5.65065 @ 95% CL
Done in 0.00 min (cpu), 0.00 min (real)
Generate toy 96/500
  1) RooRealVar:: n_obs_bina01 = 983

 -- Profile Likelihood -- 
Limit: r < 12.754 @ 95% CL
Done in 0.00 min (cpu), 0.00 min (real)
Generate toy 97/500
  1) RooRealVar:: n_obs_bina01 = 865

 -- Profile Likelihood -- 
Limit: r < 7.18208 @ 95% CL
Done in 0.00 min (cpu), 0.00 min (real)
Generate toy 98/500
  1) RooRealVar:: n_obs_bina01 = 831

 -- Profile Likelihood -- 
Limit: r < 5.60755 @ 95% CL
Done in 0.00 min (cpu), 0.00 min (real)
Generate toy 99/500
  1) RooRealVar:: n_obs_bina01 = 814

 -- Profile Likelihood -- 
Limit: r < 4.91939 @ 95% CL
Done in 0.00 min (cpu), 0.00 min (real)
Generate toy 100/500
  1) RooRealVar:: n_obs_bina01 = 887

 -- Profile Likelihood -- 
Limit: r < 8.22036 @ 95% CL
Done in 0.00 min (cpu), 0.00 min (real)
Generate toy 101/500
  1) RooRealVar:: n_obs_bina01 = 824

 -- Profile Likelihood -- 
Limit: r < 5.31423 @ 95% CL
Done in 0.00 min (cpu), 0.00 min (real)
Generate toy 102/500
  1) RooRealVar:: n_obs_bina01 = 1044

 -- Profile Likelihood -- 
Limit: r < 15.634 @ 95% CL
Done in 0.00 min (cpu), 0.00 min (real)
Generate toy 103/500
  1) RooRealVar:: n_obs_bina01 = 848

 -- Profile Likelihood -- 
Limit: r < 6.37883 @ 95% CL
Done in 0.00 min (cpu), 0.00 min (real)
Generate toy 104/500
  1) RooRealVar:: n_obs_bina01 = 957

 -- Profile Likelihood -- 
Limit: r < 11.5263 @ 95% CL
Done in 0.00 min (cpu), 0.00 min (real)
Generate toy 105/500
  1) RooRealVar:: n_obs_bina01 = 856

 -- Profile Likelihood -- 
Limit: r < 6.75666 @ 95% CL
Done in 0.00 min (cpu), 0.00 min (real)
Generate toy 106/500
  1) RooRealVar:: n_obs_bina01 = 793

 -- Profile Likelihood -- 
Limit: r < 4.18302 @ 95% CL
Done in 0.00 min (cpu), 0.00 min (real)
Generate toy 107/500
  1) RooRealVar:: n_obs_bina01 = 710

 -- Profile Likelihood -- 
Limit: r < 2.28438 @ 95% CL
Done in 0.00 min (cpu), 0.00 min (real)
Generate toy 108/500
  1) RooRealVar:: n_obs_bina01 = 792

 -- Profile Likelihood -- 
Limit: r < 4.15098 @ 95% CL
Done in 0.00 min (cpu), 0.00 min (real)
Generate toy 109/500
  1) RooRealVar:: n_obs_bina01 = 961

 -- Profile Likelihood -- 
Limit: r < 11.7152 @ 95% CL
Done in 0.00 min (cpu), 0.00 min (real)
Generate toy 110/500
  1) RooRealVar:: n_obs_bina01 = 938

 -- Profile Likelihood -- 
Limit: r < 10.6292 @ 95% CL
Done in 0.00 min (cpu), 0.00 min (real)
Generate toy 111/500
  1) RooRealVar:: n_obs_bina01 = 900

 -- Profile Likelihood -- 
Limit: r < 8.83464 @ 95% CL
Done in 0.00 min (cpu), 0.00 min (real)
Generate toy 112/500
  1) RooRealVar:: n_obs_bina01 = 896

 -- Profile Likelihood -- 
Limit: r < 8.64568 @ 95% CL
Done in 0.00 min (cpu), 0.00 min (real)
Generate toy 113/500
  1) RooRealVar:: n_obs_bina01 = 783

 -- Profile Likelihood -- 
Limit: r < 3.87443 @ 95% CL
Done in 0.00 min (cpu), 0.00 min (real)
Generate toy 114/500
  1) RooRealVar:: n_obs_bina01 = 978

 -- Profile Likelihood -- 
Limit: r < 12.5179 @ 95% CL
Done in 0.00 min (cpu), 0.00 min (real)
Generate toy 115/500
  1) RooRealVar:: n_obs_bina01 = 765

 -- Profile Likelihood -- 
Limit: r < 3.38176 @ 95% CL
Done in 0.00 min (cpu), 0.00 min (real)
Generate toy 116/500
  1) RooRealVar:: n_obs_bina01 = 948

 -- Profile Likelihood -- 
Limit: r < 11.1014 @ 95% CL
Done in 0.00 min (cpu), 0.00 min (real)
Generate toy 117/500
  1) RooRealVar:: n_obs_bina01 = 781

 -- Profile Likelihood -- 
Limit: r < 3.8158 @ 95% CL
Done in 0.00 min (cpu), 0.00 min (real)
Generate toy 118/500
  1) RooRealVar:: n_obs_bina01 = 844

 -- Profile Likelihood -- 
Limit: r < 6.19038 @ 95% CL
Done in 0.00 min (cpu), 0.00 min (real)
Generate toy 119/500
  1) RooRealVar:: n_obs_bina01 = 893

 -- Profile Likelihood -- 
Limit: r < 8.50393 @ 95% CL
Done in 0.00 min (cpu), 0.00 min (real)
Generate toy 120/500
  1) RooRealVar:: n_obs_bina01 = 774

 -- Profile Likelihood -- 
Limit: r < 3.6184 @ 95% CL
Done in 0.00 min (cpu), 0.00 min (real)
Generate toy 121/500
  1) RooRealVar:: n_obs_bina01 = 787

 -- Profile Likelihood -- 
Limit: r < 3.99474 @ 95% CL
Done in 0.00 min (cpu), 0.00 min (real)
Generate toy 122/500
  1) RooRealVar:: n_obs_bina01 = 974

 -- Profile Likelihood -- 
Limit: r < 12.329 @ 95% CL
Done in 0.00 min (cpu), 0.00 min (real)
Generate toy 123/500
  1) RooRealVar:: n_obs_bina01 = 767

 -- Profile Likelihood -- 
Limit: r < 3.43274 @ 95% CL
Done in 0.00 min (cpu), 0.00 min (real)
Generate toy 124/500
  1) RooRealVar:: n_obs_bina01 = 755

 -- Profile Likelihood -- 
Limit: r < 3.14007 @ 95% CL
Done in 0.00 min (cpu), 0.00 min (real)
Generate toy 125/500
  1) RooRealVar:: n_obs_bina01 = 857

 -- Profile Likelihood -- 
Limit: r < 6.80387 @ 95% CL
Done in 0.00 min (cpu), 0.00 min (real)
Generate toy 126/500
  1) RooRealVar:: n_obs_bina01 = 866

 -- Profile Likelihood -- 
Limit: r < 7.22922 @ 95% CL
Done in 0.00 min (cpu), 0.00 min (real)
Generate toy 127/500
  1) RooRealVar:: n_obs_bina01 = 852

 -- Profile Likelihood -- 
Limit: r < 6.56826 @ 95% CL
Done in 0.00 min (cpu), 0.00 min (real)
Generate toy 128/500
  1) RooRealVar:: n_obs_bina01 = 904

 -- Profile Likelihood -- 
Limit: r < 9.02358 @ 95% CL
Done in 0.00 min (cpu), 0.00 min (real)
Generate toy 129/500
  1) RooRealVar:: n_obs_bina01 = 797

 -- Profile Likelihood -- 
Limit: r < 4.31387 @ 95% CL
Done in 0.00 min (cpu), 0.00 min (real)
Generate toy 130/500
  1) RooRealVar:: n_obs_bina01 = 955

 -- Profile Likelihood -- 
Limit: r < 11.4319 @ 95% CL
Done in 0.00 min (cpu), 0.00 min (real)
Generate toy 131/500
  1) RooRealVar:: n_obs_bina01 = 834

 -- Profile Likelihood -- 
Limit: r < 5.73772 @ 95% CL
Done in 0.00 min (cpu), 0.00 min (real)
Generate toy 132/500
  1) RooRealVar:: n_obs_bina01 = 783

 -- Profile Likelihood -- 
Limit: r < 3.87443 @ 95% CL
Done in 0.00 min (cpu), 0.00 min (real)
Generate toy 133/500
  1) RooRealVar:: n_obs_bina01 = 664

 -- Profile Likelihood -- 
Limit: r < 1.69642 @ 95% CL
Done in 0.00 min (cpu), 0.00 min (real)
Generate toy 134/500
  1) RooRealVar:: n_obs_bina01 = 757

 -- Profile Likelihood -- 
Limit: r < 3.18669 @ 95% CL
Done in 0.00 min (cpu), 0.00 min (real)
Generate toy 135/500
  1) RooRealVar:: n_obs_bina01 = 795

 -- Profile Likelihood -- 
Limit: r < 4.24791 @ 95% CL
Done in 0.00 min (cpu), 0.00 min (real)
Generate toy 136/500
  1) RooRealVar:: n_obs_bina01 = 909

 -- Profile Likelihood -- 
Limit: r < 9.25973 @ 95% CL
Done in 0.00 min (cpu), 0.00 min (real)
Generate toy 137/500
  1) RooRealVar:: n_obs_bina01 = 845

 -- Profile Likelihood -- 
Limit: r < 6.23719 @ 95% CL
Done in 0.00 min (cpu), 0.00 min (real)
Generate toy 138/500
  1) RooRealVar:: n_obs_bina01 = 965

 -- Profile Likelihood -- 
Limit: r < 11.9041 @ 95% CL
Done in 0.00 min (cpu), 0.00 min (real)
Generate toy 139/500
  1) RooRealVar:: n_obs_bina01 = 772

 -- Profile Likelihood -- 
Limit: r < 3.56418 @ 95% CL
Done in 0.00 min (cpu), 0.00 min (real)
Generate toy 140/500
  1) RooRealVar:: n_obs_bina01 = 836

 -- Profile Likelihood -- 
Limit: r < 5.82595 @ 95% CL
Done in 0.00 min (cpu), 0.00 min (real)
Generate toy 141/500
  1) RooRealVar:: n_obs_bina01 = 791

 -- Profile Likelihood -- 
Limit: r < 4.1192 @ 95% CL
Done in 0.00 min (cpu), 0.00 min (real)
Generate toy 142/500
  1) RooRealVar:: n_obs_bina01 = 774

 -- Profile Likelihood -- 
Limit: r < 3.6184 @ 95% CL
Done in 0.00 min (cpu), 0.00 min (real)
Generate toy 143/500
  1) RooRealVar:: n_obs_bina01 = 813

 -- Profile Likelihood -- 
Limit: r < 4.8815 @ 95% CL
Done in 0.00 min (cpu), 0.00 min (real)
Generate toy 144/500
  1) RooRealVar:: n_obs_bina01 = 772

 -- Profile Likelihood -- 
Limit: r < 3.56418 @ 95% CL
Done in 0.00 min (cpu), 0.00 min (real)
Generate toy 145/500
  1) RooRealVar:: n_obs_bina01 = 800

 -- Profile Likelihood -- 
Limit: r < 4.41486 @ 95% CL
Done in 0.00 min (cpu), 0.00 min (real)
Generate toy 146/500
  1) RooRealVar:: n_obs_bina01 = 767

 -- Profile Likelihood -- 
Limit: r < 3.43274 @ 95% CL
Done in 0.00 min (cpu), 0.00 min (real)
Generate toy 147/500
  1) RooRealVar:: n_obs_bina01 = 872

 -- Profile Likelihood -- 
Limit: r < 7.5123 @ 95% CL
Done in 0.00 min (cpu), 0.00 min (real)
Generate toy 148/500
  1) RooRealVar:: n_obs_bina01 = 904

 -- Profile Likelihood -- 
Limit: r < 9.02358 @ 95% CL
Done in 0.00 min (cpu), 0.00 min (real)
Generate toy 149/500
  1) RooRealVar:: n_obs_bina01 = 856

 -- Profile Likelihood -- 
Limit: r < 6.75666 @ 95% CL
Done in 0.00 min (cpu), 0.00 min (real)
Generate toy 150/500
  1) RooRealVar:: n_obs_bina01 = 822

 -- Profile Likelihood -- 
Limit: r < 5.23292 @ 95% CL
Done in 0.00 min (cpu), 0.00 min (real)
Generate toy 151/500
  1) RooRealVar:: n_obs_bina01 = 958

 -- Profile Likelihood -- 
Limit: r < 11.5736 @ 95% CL
Done in 0.00 min (cpu), 0.00 min (real)
Generate toy 152/500
  1) RooRealVar:: n_obs_bina01 = 871

 -- Profile Likelihood -- 
Limit: r < 7.4652 @ 95% CL
Done in 0.00 min (cpu), 0.00 min (real)
Generate toy 153/500
  1) RooRealVar:: n_obs_bina01 = 822

 -- Profile Likelihood -- 
Limit: r < 5.23292 @ 95% CL
Done in 0.00 min (cpu), 0.00 min (real)
Generate toy 154/500
  1) RooRealVar:: n_obs_bina01 = 901

 -- Profile Likelihood -- 
Limit: r < 8.88188 @ 95% CL
Done in 0.00 min (cpu), 0.00 min (real)
Generate toy 155/500
  1) RooRealVar:: n_obs_bina01 = 720

 -- Profile Likelihood -- 
Limit: r < 2.44609 @ 95% CL
Done in 0.00 min (cpu), 0.00 min (real)
Generate toy 156/500
  1) RooRealVar:: n_obs_bina01 = 757

 -- Profile Likelihood -- 
Limit: r < 3.18669 @ 95% CL
Done in 0.00 min (cpu), 0.00 min (real)
Generate toy 157/500
  1) RooRealVar:: n_obs_bina01 = 807

 -- Profile Likelihood -- 
Limit: r < 4.66019 @ 95% CL
Done in 0.00 min (cpu), 0.00 min (real)
Generate toy 158/500
  1) RooRealVar:: n_obs_bina01 = 907

 -- Profile Likelihood -- 
Limit: r < 9.16527 @ 95% CL
Done in 0.00 min (cpu), 0.00 min (real)
Generate toy 159/500
  1) RooRealVar:: n_obs_bina01 = 822

 -- Profile Likelihood -- 
Limit: r < 5.23292 @ 95% CL
Done in 0.00 min (cpu), 0.00 min (real)
Generate toy 160/500
  1) RooRealVar:: n_obs_bina01 = 984

 -- Profile Likelihood -- 
Limit: r < 12.8012 @ 95% CL
Done in 0.00 min (cpu), 0.00 min (real)
Generate toy 161/500
  1) RooRealVar:: n_obs_bina01 = 698

 -- Profile Likelihood -- 
Limit: r < 2.10814 @ 95% CL
Done in 0.00 min (cpu), 0.00 min (real)
Generate toy 162/500
  1) RooRealVar:: n_obs_bina01 = 940

 -- Profile Likelihood -- 
Limit: r < 10.7236 @ 95% CL
Done in 0.00 min (cpu), 0.00 min (real)
Generate toy 163/500
  1) RooRealVar:: n_obs_bina01 = 1053

 -- Profile Likelihood -- 
Limit: r < 16.0589 @ 95% CL
Done in 0.00 min (cpu), 0.00 min (real)
Generate toy 164/500
  1) RooRealVar:: n_obs_bina01 = 821

 -- Profile Likelihood -- 
Limit: r < 5.19271 @ 95% CL
Done in 0.00 min (cpu), 0.00 min (real)
Generate toy 165/500
  1) RooRealVar:: n_obs_bina01 = 854

 -- Profile Likelihood -- 
Limit: r < 6.66229 @ 95% CL
Done in 0.00 min (cpu), 0.00 min (real)
Generate toy 166/500
  1) RooRealVar:: n_obs_bina01 = 872

 -- Profile Likelihood -- 
Limit: r < 7.5123 @ 95% CL
Done in 0.00 min (cpu), 0.00 min (real)
Generate toy 167/500
  1) RooRealVar:: n_obs_bina01 = 844

 -- Profile Likelihood -- 
Limit: r < 6.19038 @ 95% CL
Done in 0.00 min (cpu), 0.00 min (real)
Generate toy 168/500
  1) RooRealVar:: n_obs_bina01 = 941

 -- Profile Likelihood -- 
Limit: r < 10.7708 @ 95% CL
Done in 0.00 min (cpu), 0.00 min (real)
Generate toy 169/500
  1) RooRealVar:: n_obs_bina01 = 825

 -- Profile Likelihood -- 
Limit: r < 5.35533 @ 95% CL
Done in 0.00 min (cpu), 0.00 min (real)
Generate toy 170/500
  1) RooRealVar:: n_obs_bina01 = 899

 -- Profile Likelihood -- 
Limit: r < 8.7874 @ 95% CL
Done in 0.00 min (cpu), 0.00 min (real)
Generate toy 171/500
  1) RooRealVar:: n_obs_bina01 = 830

 -- Profile Likelihood -- 
Limit: r < 5.56537 @ 95% CL
Done in 0.00 min (cpu), 0.00 min (real)
Generate toy 172/500
  1) RooRealVar:: n_obs_bina01 = 666

 -- Profile Likelihood -- 
Limit: r < 1.71756 @ 95% CL
Done in 0.00 min (cpu), 0.00 min (real)
Generate toy 173/500
  1) RooRealVar:: n_obs_bina01 = 873

 -- Profile Likelihood -- 
Limit: r < 7.55953 @ 95% CL
Done in 0.00 min (cpu), 0.00 min (real)
Generate toy 174/500
  1) RooRealVar:: n_obs_bina01 = 822

 -- Profile Likelihood -- 
Limit: r < 5.23292 @ 95% CL
Done in 0.00 min (cpu), 0.00 min (real)
Generate toy 175/500
  1) RooRealVar:: n_obs_bina01 = 802

 -- Profile Likelihood -- 
Limit: r < 4.48354 @ 95% CL
Done in 0.00 min (cpu), 0.00 min (real)
Generate toy 176/500
  1) RooRealVar:: n_obs_bina01 = 857

 -- Profile Likelihood -- 
Limit: r < 6.80387 @ 95% CL
Done in 0.00 min (cpu), 0.00 min (real)
Generate toy 177/500
  1) RooRealVar:: n_obs_bina01 = 896

 -- Profile Likelihood -- 
Limit: r < 8.64568 @ 95% CL
Done in 0.00 min (cpu), 0.00 min (real)
Generate toy 178/500
  1) RooRealVar:: n_obs_bina01 = 797

 -- Profile Likelihood -- 
Limit: r < 4.31387 @ 95% CL
Done in 0.00 min (cpu), 0.00 min (real)
Generate toy 179/500
  1) RooRealVar:: n_obs_bina01 = 989

 -- Profile Likelihood -- 
Limit: r < 13.0373 @ 95% CL
Done in 0.00 min (cpu), 0.00 min (real)
Generate toy 180/500
  1) RooRealVar:: n_obs_bina01 = 798

 -- Profile Likelihood -- 
Limit: r < 4.34726 @ 95% CL
Done in 0.00 min (cpu), 0.00 min (real)
Generate toy 181/500
  1) RooRealVar:: n_obs_bina01 = 885

 -- Profile Likelihood -- 
Limit: r < 8.1258 @ 95% CL
Done in 0.00 min (cpu), 0.00 min (real)
Generate toy 182/500
  1) RooRealVar:: n_obs_bina01 = 811

 -- Profile Likelihood -- 
Limit: r < 4.80659 @ 95% CL
Done in 0.00 min (cpu), 0.00 min (real)
Generate toy 183/500
  1) RooRealVar:: n_obs_bina01 = 822

 -- Profile Likelihood -- 
Limit: r < 5.23292 @ 95% CL
Done in 0.00 min (cpu), 0.00 min (real)
Generate toy 184/500
  1) RooRealVar:: n_obs_bina01 = 883

 -- Profile Likelihood -- 
Limit: r < 8.03122 @ 95% CL
Done in 0.00 min (cpu), 0.00 min (real)
Generate toy 185/500
  1) RooRealVar:: n_obs_bina01 = 903

 -- Profile Likelihood -- 
Limit: r < 8.97634 @ 95% CL
Done in 0.00 min (cpu), 0.00 min (real)
Generate toy 186/500
  1) RooRealVar:: n_obs_bina01 = 886

 -- Profile Likelihood -- 
Limit: r < 8.17309 @ 95% CL
Done in 0.00 min (cpu), 0.00 min (real)
Generate toy 187/500
  1) RooRealVar:: n_obs_bina01 = 816

 -- Profile Likelihood -- 
Limit: r < 4.99603 @ 95% CL
Done in 0.00 min (cpu), 0.00 min (real)
Generate toy 188/500
  1) RooRealVar:: n_obs_bina01 = 769

 -- Profile Likelihood -- 
Limit: r < 3.48462 @ 95% CL
Done in 0.00 min (cpu), 0.00 min (real)
Generate toy 189/500
  1) RooRealVar:: n_obs_bina01 = 978

 -- Profile Likelihood -- 
Limit: r < 12.5179 @ 95% CL
Done in 0.00 min (cpu), 0.00 min (real)
Generate toy 190/500
  1) RooRealVar:: n_obs_bina01 = 879

 -- Profile Likelihood -- 
Limit: r < 7.84218 @ 95% CL
Done in 0.00 min (cpu), 0.00 min (real)
Generate toy 191/500
  1) RooRealVar:: n_obs_bina01 = 906

 -- Profile Likelihood -- 
Limit: r < 9.11804 @ 95% CL
Done in 0.00 min (cpu), 0.00 min (real)
Generate toy 192/500
  1) RooRealVar:: n_obs_bina01 = 913

 -- Profile Likelihood -- 
Limit: r < 9.44908 @ 95% CL
Done in 0.00 min (cpu), 0.00 min (real)
Generate toy 193/500
  1) RooRealVar:: n_obs_bina01 = 868

 -- Profile Likelihood -- 
Limit: r < 7.32359 @ 95% CL
Done in 0.00 min (cpu), 0.00 min (real)
Generate toy 194/500
  1) RooRealVar:: n_obs_bina01 = 903

 -- Profile Likelihood -- 
Limit: r < 8.97634 @ 95% CL
Done in 0.00 min (cpu), 0.00 min (real)
Generate toy 195/500
  1) RooRealVar:: n_obs_bina01 = 824

 -- Profile Likelihood -- 
Limit: r < 5.31423 @ 95% CL
Done in 0.00 min (cpu), 0.00 min (real)
Generate toy 196/500
  1) RooRealVar:: n_obs_bina01 = 818

 -- Profile Likelihood -- 
Limit: r < 5.07382 @ 95% CL
Done in 0.00 min (cpu), 0.00 min (real)
Generate toy 197/500
  1) RooRealVar:: n_obs_bina01 = 850

 -- Profile Likelihood -- 
Limit: r < 6.47325 @ 95% CL
Done in 0.00 min (cpu), 0.00 min (real)
Generate toy 198/500
  1) RooRealVar:: n_obs_bina01 = 948

 -- Profile Likelihood -- 
Limit: r < 11.1014 @ 95% CL
Done in 0.00 min (cpu), 0.00 min (real)
Generate toy 199/500
  1) RooRealVar:: n_obs_bina01 = 900

 -- Profile Likelihood -- 
Limit: r < 8.83464 @ 95% CL
Done in 0.00 min (cpu), 0.00 min (real)
Generate toy 200/500
  1) RooRealVar:: n_obs_bina01 = 938

 -- Profile Likelihood -- 
Limit: r < 10.6292 @ 95% CL
Done in 0.00 min (cpu), 0.00 min (real)
Generate toy 201/500
  1) RooRealVar:: n_obs_bina01 = 791

 -- Profile Likelihood -- 
Limit: r < 4.1192 @ 95% CL
Done in 0.00 min (cpu), 0.00 min (real)
Generate toy 202/500
  1) RooRealVar:: n_obs_bina01 = 997

 -- Profile Likelihood -- 
Limit: r < 13.415 @ 95% CL
Done in 0.00 min (cpu), 0.00 min (real)
Generate toy 203/500
  1) RooRealVar:: n_obs_bina01 = 823

 -- Profile Likelihood -- 
Limit: r < 5.27343 @ 95% CL
Done in 0.00 min (cpu), 0.00 min (real)
Generate toy 204/500
  1) RooRealVar:: n_obs_bina01 = 892

 -- Profile Likelihood -- 
Limit: r < 8.45668 @ 95% CL
Done in 0.00 min (cpu), 0.00 min (real)
Generate toy 205/500
  1) RooRealVar:: n_obs_bina01 = 768

 -- Profile Likelihood -- 
Limit: r < 3.45856 @ 95% CL
Done in 0.00 min (cpu), 0.00 min (real)
Generate toy 206/500
  1) RooRealVar:: n_obs_bina01 = 767

 -- Profile Likelihood -- 
Limit: r < 3.43274 @ 95% CL
Done in 0.00 min (cpu), 0.00 min (real)
Generate toy 207/500
  1) RooRealVar:: n_obs_bina01 = 836

 -- Profile Likelihood -- 
Limit: r < 5.82595 @ 95% CL
Done in 0.00 min (cpu), 0.00 min (real)
Generate toy 208/500
  1) RooRealVar:: n_obs_bina01 = 976

 -- Profile Likelihood -- 
Limit: r < 12.4235 @ 95% CL
Done in 0.00 min (cpu), 0.00 min (real)
Generate toy 209/500
  1) RooRealVar:: n_obs_bina01 = 847

 -- Profile Likelihood -- 
Limit: r < 6.33158 @ 95% CL
Done in 0.00 min (cpu), 0.00 min (real)
Generate toy 210/500
  1) RooRealVar:: n_obs_bina01 = 1016

 -- Profile Likelihood -- 
Limit: r < 14.3121 @ 95% CL
Done in 0.00 min (cpu), 0.00 min (real)
Generate toy 211/500
  1) RooRealVar:: n_obs_bina01 = 954

 -- Profile Likelihood -- 
Limit: r < 11.3847 @ 95% CL
Done in 0.00 min (cpu), 0.00 min (real)
Generate toy 212/500
  1) RooRealVar:: n_obs_bina01 = 969

 -- Profile Likelihood -- 
Limit: r < 12.093 @ 95% CL
Done in 0.00 min (cpu), 0.00 min (real)
Generate toy 213/500
  1) RooRealVar:: n_obs_bina01 = 864

 -- Profile Likelihood -- 
Limit: r < 7.13494 @ 95% CL
Done in 0.00 min (cpu), 0.00 min (real)
Generate toy 214/500
  1) RooRealVar:: n_obs_bina01 = 879

 -- Profile Likelihood -- 
Limit: r < 7.84218 @ 95% CL
Done in 0.00 min (cpu), 0.00 min (real)
Generate toy 215/500
  1) RooRealVar:: n_obs_bina01 = 851

 -- Profile Likelihood -- 
Limit: r < 6.52047 @ 95% CL
Done in 0.00 min (cpu), 0.00 min (real)
Generate toy 216/500
  1) RooRealVar:: n_obs_bina01 = 688

 -- Profile Likelihood -- 
Limit: r < 1.9746 @ 95% CL
Done in 0.00 min (cpu), 0.00 min (real)
Generate toy 217/500
  1) RooRealVar:: n_obs_bina01 = 746

 -- Profile Likelihood -- 
Limit: r < 2.94028 @ 95% CL
Done in 0.00 min (cpu), 0.00 min (real)
Generate toy 218/500
  1) RooRealVar:: n_obs_bina01 = 789

 -- Profile Likelihood -- 
Limit: r < 4.05645 @ 95% CL
Done in 0.00 min (cpu), 0.00 min (real)
Generate toy 219/500
  1) RooRealVar:: n_obs_bina01 = 755

 -- Profile Likelihood -- 
Limit: r < 3.14007 @ 95% CL
Done in 0.00 min (cpu), 0.00 min (real)
Generate toy 220/500
  1) RooRealVar:: n_obs_bina01 = 822

 -- Profile Likelihood -- 
Limit: r < 5.23292 @ 95% CL
Done in 0.00 min (cpu), 0.00 min (real)
Generate toy 221/500
  1) RooRealVar:: n_obs_bina01 = 845

 -- Profile Likelihood -- 
Limit: r < 6.23719 @ 95% CL
Done in 0.00 min (cpu), 0.00 min (real)
Generate toy 222/500
  1) RooRealVar:: n_obs_bina01 = 718

 -- Profile Likelihood -- 
Limit: r < 2.41259 @ 95% CL
Done in 0.00 min (cpu), 0.00 min (real)
Generate toy 223/500
  1) RooRealVar:: n_obs_bina01 = 795

 -- Profile Likelihood -- 
Limit: r < 4.24791 @ 95% CL
Done in 0.00 min (cpu), 0.00 min (real)
Generate toy 224/500
  1) RooRealVar:: n_obs_bina01 = 859

 -- Profile Likelihood -- 
Limit: r < 6.89832 @ 95% CL
Done in 0.00 min (cpu), 0.00 min (real)
Generate toy 225/500
  1) RooRealVar:: n_obs_bina01 = 678

 -- Profile Likelihood -- 
Limit: r < 1.85192 @ 95% CL
Done in 0.00 min (cpu), 0.00 min (real)
Generate toy 226/500
  1) RooRealVar:: n_obs_bina01 = 791

 -- Profile Likelihood -- 
Limit: r < 4.1192 @ 95% CL
Done in 0.00 min (cpu), 0.00 min (real)
Generate toy 227/500
  1) RooRealVar:: n_obs_bina01 = 853

 -- Profile Likelihood -- 
Limit: r < 6.6152 @ 95% CL
Done in 0.00 min (cpu), 0.00 min (real)
Generate toy 228/500
  1) RooRealVar:: n_obs_bina01 = 713

 -- Profile Likelihood -- 
Limit: r < 2.3314 @ 95% CL
Done in 0.00 min (cpu), 0.00 min (real)
Generate toy 229/500
  1) RooRealVar:: n_obs_bina01 = 947

 -- Profile Likelihood -- 
Limit: r < 11.0542 @ 95% CL
Done in 0.00 min (cpu), 0.00 min (real)
Generate toy 230/500
  1) RooRealVar:: n_obs_bina01 = 749

 -- Profile Likelihood -- 
Limit: r < 3.00509 @ 95% CL
Done in 0.00 min (cpu), 0.00 min (real)
Generate toy 231/500
  1) RooRealVar:: n_obs_bina01 = 735

 -- Profile Likelihood -- 
Limit: r < 2.71731 @ 95% CL
Done in 0.00 min (cpu), 0.00 min (real)
Generate toy 232/500
  1) RooRealVar:: n_obs_bina01 = 905

 -- Profile Likelihood -- 
Limit: r < 9.07081 @ 95% CL
Done in 0.00 min (cpu), 0.00 min (real)
Generate toy 233/500
  1) RooRealVar:: n_obs_bina01 = 690

 -- Profile Likelihood -- 
Limit: r < 2.00041 @ 95% CL
Done in 0.00 min (cpu), 0.00 min (real)
Generate toy 234/500
  1) RooRealVar:: n_obs_bina01 = 857

 -- Profile Likelihood -- 
Limit: r < 6.80387 @ 95% CL
Done in 0.00 min (cpu), 0.00 min (real)
Generate toy 235/500
  1) RooRealVar:: n_obs_bina01 = 801

 -- Profile Likelihood -- 
Limit: r < 4.44905 @ 95% CL
Done in 0.00 min (cpu), 0.00 min (real)
Generate toy 236/500
  1) RooRealVar:: n_obs_bina01 = 806

 -- Profile Likelihood -- 
Limit: r < 4.6243 @ 95% CL
Done in 0.00 min (cpu), 0.00 min (real)
Generate toy 237/500
  1) RooRealVar:: n_obs_bina01 = 825

 -- Profile Likelihood -- 
Limit: r < 5.35533 @ 95% CL
Done in 0.00 min (cpu), 0.00 min (real)
Generate toy 238/500
  1) RooRealVar:: n_obs_bina01 = 882

 -- Profile Likelihood -- 
Limit: r < 7.98435 @ 95% CL
Done in 0.00 min (cpu), 0.00 min (real)
Generate toy 239/500
  1) RooRealVar:: n_obs_bina01 = 1038

 -- Profile Likelihood -- 
Limit: r < 15.3508 @ 95% CL
Done in 0.00 min (cpu), 0.00 min (real)
Generate toy 240/500
  1) RooRealVar:: n_obs_bina01 = 841

 -- Profile Likelihood -- 
Limit: r < 6.05164 @ 95% CL
Done in 0.00 min (cpu), 0.00 min (real)
Generate toy 241/500
  1) RooRealVar:: n_obs_bina01 = 839

 -- Profile Likelihood -- 
Limit: r < 5.9605 @ 95% CL
Done in 0.00 min (cpu), 0.00 min (real)
Generate toy 242/500
  1) RooRealVar:: n_obs_bina01 = 783

 -- Profile Likelihood -- 
Limit: r < 3.87443 @ 95% CL
Done in 0.00 min (cpu), 0.00 min (real)
Generate toy 243/500
  1) RooRealVar:: n_obs_bina01 = 887

 -- Profile Likelihood -- 
Limit: r < 8.22036 @ 95% CL
Done in 0.00 min (cpu), 0.00 min (real)
Generate toy 244/500
  1) RooRealVar:: n_obs_bina01 = 889

 -- Profile Likelihood -- 
Limit: r < 8.3149 @ 95% CL
Done in 0.00 min (cpu), 0.00 min (real)
Generate toy 245/500
  1) RooRealVar:: n_obs_bina01 = 822

 -- Profile Likelihood -- 
Limit: r < 5.23292 @ 95% CL
Done in 0.00 min (cpu), 0.00 min (real)
Generate toy 246/500
  1) RooRealVar:: n_obs_bina01 = 823

 -- Profile Likelihood -- 
Limit: r < 5.27343 @ 95% CL
Done in 0.00 min (cpu), 0.00 min (real)
Generate toy 247/500
  1) RooRealVar:: n_obs_bina01 = 799

 -- Profile Likelihood -- 
Limit: r < 4.38093 @ 95% CL
Done in 0.00 min (cpu), 0.00 min (real)
Generate toy 248/500
  1) RooRealVar:: n_obs_bina01 = 891

 -- Profile Likelihood -- 
Limit: r < 8.40943 @ 95% CL
Done in 0.00 min (cpu), 0.00 min (real)
Generate toy 249/500
  1) RooRealVar:: n_obs_bina01 = 767

 -- Profile Likelihood -- 
Limit: r < 3.43274 @ 95% CL
Done in 0.00 min (cpu), 0.00 min (real)
Generate toy 250/500
  1) RooRealVar:: n_obs_bina01 = 874

 -- Profile Likelihood -- 
Limit: r < 7.60676 @ 95% CL
Done in 0.00 min (cpu), 0.00 min (real)
Generate toy 251/500
  1) RooRealVar:: n_obs_bina01 = 1023

 -- Profile Likelihood -- 
Limit: r < 14.6426 @ 95% CL
Done in 0.00 min (cpu), 0.00 min (real)
Generate toy 252/500
  1) RooRealVar:: n_obs_bina01 = 802

 -- Profile Likelihood -- 
Limit: r < 4.48354 @ 95% CL
Done in 0.00 min (cpu), 0.00 min (real)
Generate toy 253/500
  1) RooRealVar:: n_obs_bina01 = 860

 -- Profile Likelihood -- 
Limit: r < 6.94555 @ 95% CL
Done in 0.00 min (cpu), 0.00 min (real)
Generate toy 254/500
  1) RooRealVar:: n_obs_bina01 = 823

 -- Profile Likelihood -- 
Limit: r < 5.27343 @ 95% CL
Done in 0.00 min (cpu), 0.00 min (real)
Generate toy 255/500
  1) RooRealVar:: n_obs_bina01 = 861

 -- Profile Likelihood -- 
Limit: r < 6.99278 @ 95% CL
Done in 0.00 min (cpu), 0.00 min (real)
Generate toy 256/500
  1) RooRealVar:: n_obs_bina01 = 903

 -- Profile Likelihood -- 
Limit: r < 8.97634 @ 95% CL
Done in 0.00 min (cpu), 0.00 min (real)
Generate toy 257/500
  1) RooRealVar:: n_obs_bina01 = 793

 -- Profile Likelihood -- 
Limit: r < 4.18302 @ 95% CL
Done in 0.00 min (cpu), 0.00 min (real)
Generate toy 258/500
  1) RooRealVar:: n_obs_bina01 = 831

 -- Profile Likelihood -- 
Limit: r < 5.60755 @ 95% CL
Done in 0.00 min (cpu), 0.00 min (real)
Generate toy 259/500
  1) RooRealVar:: n_obs_bina01 = 848

 -- Profile Likelihood -- 
Limit: r < 6.37883 @ 95% CL
Done in 0.00 min (cpu), 0.00 min (real)
Generate toy 260/500
  1) RooRealVar:: n_obs_bina01 = 878

 -- Profile Likelihood -- 
Limit: r < 7.79568 @ 95% CL
Done in 0.00 min (cpu), 0.00 min (real)
Generate toy 261/500
  1) RooRealVar:: n_obs_bina01 = 809

 -- Profile Likelihood -- 
Limit: r < 4.73282 @ 95% CL
Done in 0.00 min (cpu), 0.00 min (real)
Generate toy 262/500
  1) RooRealVar:: n_obs_bina01 = 1012

 -- Profile Likelihood -- 
Limit: r < 14.1232 @ 95% CL
Done in 0.00 min (cpu), 0.00 min (real)
Generate toy 263/500
  1) RooRealVar:: n_obs_bina01 = 861

 -- Profile Likelihood -- 
Limit: r < 6.99278 @ 95% CL
Done in 0.00 min (cpu), 0.00 min (real)
Generate toy 264/500
  1) RooRealVar:: n_obs_bina01 = 864

 -- Profile Likelihood -- 
Limit: r < 7.13494 @ 95% CL
Done in 0.00 min (cpu), 0.00 min (real)
Generate toy 265/500
  1) RooRealVar:: n_obs_bina01 = 724

 -- Profile Likelihood -- 
Limit: r < 2.51489 @ 95% CL
Done in 0.00 min (cpu), 0.00 min (real)
Generate toy 266/500
  1) RooRealVar:: n_obs_bina01 = 937

 -- Profile Likelihood -- 
Limit: r < 10.582 @ 95% CL
Done in 0.00 min (cpu), 0.00 min (real)
Generate toy 267/500
  1) RooRealVar:: n_obs_bina01 = 737

 -- Profile Likelihood -- 
Limit: r < 2.75634 @ 95% CL
Done in 0.00 min (cpu), 0.00 min (real)
Generate toy 268/500
  1) RooRealVar:: n_obs_bina01 = 848

 -- Profile Likelihood -- 
Limit: r < 6.37883 @ 95% CL
Done in 0.00 min (cpu), 0.00 min (real)
Generate toy 269/500
  1) RooRealVar:: n_obs_bina01 = 929

 -- Profile Likelihood -- 
Limit: r < 10.2042 @ 95% CL
Done in 0.00 min (cpu), 0.00 min (real)
Generate toy 270/500
  1) RooRealVar:: n_obs_bina01 = 756

 -- Profile Likelihood -- 
Limit: r < 3.16328 @ 95% CL
Done in 0.00 min (cpu), 0.00 min (real)
Generate toy 271/500
  1) RooRealVar:: n_obs_bina01 = 761

 -- Profile Likelihood -- 
Limit: r < 3.28249 @ 95% CL
Done in 0.00 min (cpu), 0.00 min (real)
Generate toy 272/500
  1) RooRealVar:: n_obs_bina01 = 812

 -- Profile Likelihood -- 
Limit: r < 4.8439 @ 95% CL
Done in 0.00 min (cpu), 0.00 min (real)
Generate toy 273/500
  1) RooRealVar:: n_obs_bina01 = 891

 -- Profile Likelihood -- 
Limit: r < 8.40943 @ 95% CL
Done in 0.00 min (cpu), 0.00 min (real)
Generate toy 274/500
  1) RooRealVar:: n_obs_bina01 = 892

 -- Profile Likelihood -- 
Limit: r < 8.45668 @ 95% CL
Done in 0.00 min (cpu), 0.00 min (real)
Generate toy 275/500
  1) RooRealVar:: n_obs_bina01 = 825

 -- Profile Likelihood -- 
Limit: r < 5.35533 @ 95% CL
Done in 0.00 min (cpu), 0.00 min (real)
Generate toy 276/500
  1) RooRealVar:: n_obs_bina01 = 850

 -- Profile Likelihood -- 
Limit: r < 6.47325 @ 95% CL
Done in 0.00 min (cpu), 0.00 min (real)
Generate toy 277/500
  1) RooRealVar:: n_obs_bina01 = 818

 -- Profile Likelihood -- 
Limit: r < 5.07382 @ 95% CL
Done in 0.00 min (cpu), 0.00 min (real)
Generate toy 278/500
  1) RooRealVar:: n_obs_bina01 = 695

 -- Profile Likelihood -- 
Limit: r < 2.06687 @ 95% CL
Done in 0.00 min (cpu), 0.00 min (real)
Generate toy 279/500
  1) RooRealVar:: n_obs_bina01 = 807

 -- Profile Likelihood -- 
Limit: r < 4.66019 @ 95% CL
Done in 0.00 min (cpu), 0.00 min (real)
Generate toy 280/500
  1) RooRealVar:: n_obs_bina01 = 907

 -- Profile Likelihood -- 
Limit: r < 9.16527 @ 95% CL
Done in 0.00 min (cpu), 0.00 min (real)
Generate toy 281/500
  1) RooRealVar:: n_obs_bina01 = 881

 -- Profile Likelihood -- 
Limit: r < 7.93917 @ 95% CL
Done in 0.00 min (cpu), 0.00 min (real)
Generate toy 282/500
  1) RooRealVar:: n_obs_bina01 = 886

 -- Profile Likelihood -- 
Limit: r < 8.17309 @ 95% CL
Done in 0.00 min (cpu), 0.00 min (real)
Generate toy 283/500
  1) RooRealVar:: n_obs_bina01 = 782

 -- Profile Likelihood -- 
Limit: r < 3.84499 @ 95% CL
Done in 0.00 min (cpu), 0.00 min (real)
Generate toy 284/500
  1) RooRealVar:: n_obs_bina01 = 825

 -- Profile Likelihood -- 
Limit: r < 5.35533 @ 95% CL
Done in 0.00 min (cpu), 0.00 min (real)
Generate toy 285/500
  1) RooRealVar:: n_obs_bina01 = 819

 -- Profile Likelihood -- 
Limit: r < 5.11316 @ 95% CL
Done in 0.00 min (cpu), 0.00 min (real)
Generate toy 286/500
  1) RooRealVar:: n_obs_bina01 = 971

 -- Profile Likelihood -- 
Limit: r < 12.1874 @ 95% CL
Done in 0.00 min (cpu), 0.00 min (real)
Generate toy 287/500
  1) RooRealVar:: n_obs_bina01 = 964

 -- Profile Likelihood -- 
Limit: r < 11.8569 @ 95% CL
Done in 0.00 min (cpu), 0.00 min (real)
Generate toy 288/500
  1) RooRealVar:: n_obs_bina01 = 893

 -- Profile Likelihood -- 
Limit: r < 8.50393 @ 95% CL
Done in 0.00 min (cpu), 0.00 min (real)
Generate toy 289/500
  1) RooRealVar:: n_obs_bina01 = 934

 -- Profile Likelihood -- 
Limit: r < 10.4403 @ 95% CL
Done in 0.00 min (cpu), 0.00 min (real)
Generate toy 290/500
  1) RooRealVar:: n_obs_bina01 = 860

 -- Profile Likelihood -- 
Limit: r < 6.94555 @ 95% CL
Done in 0.00 min (cpu), 0.00 min (real)
Generate toy 291/500
  1) RooRealVar:: n_obs_bina01 = 903

 -- Profile Likelihood -- 
Limit: r < 8.97634 @ 95% CL
Done in 0.00 min (cpu), 0.00 min (real)
Generate toy 292/500
  1) RooRealVar:: n_obs_bina01 = 814

 -- Profile Likelihood -- 
Limit: r < 4.91939 @ 95% CL
Done in 0.00 min (cpu), 0.00 min (real)
Generate toy 293/500
  1) RooRealVar:: n_obs_bina01 = 862

 -- Profile Likelihood -- 
Limit: r < 7.04077 @ 95% CL
Done in 0.00 min (cpu), 0.00 min (real)
Generate toy 294/500
  1) RooRealVar:: n_obs_bina01 = 907

 -- Profile Likelihood -- 
Limit: r < 9.16527 @ 95% CL
Done in 0.00 min (cpu), 0.00 min (real)
Generate toy 295/500
  1) RooRealVar:: n_obs_bina01 = 798

 -- Profile Likelihood -- 
Limit: r < 4.34726 @ 95% CL
Done in 0.00 min (cpu), 0.00 min (real)
Generate toy 296/500
  1) RooRealVar:: n_obs_bina01 = 900

 -- Profile Likelihood -- 
Limit: r < 8.83464 @ 95% CL
Done in 0.00 min (cpu), 0.00 min (real)
Generate toy 297/500
  1) RooRealVar:: n_obs_bina01 = 917

 -- Profile Likelihood -- 
Limit: r < 9.63661 @ 95% CL
Done in 0.00 min (cpu), 0.00 min (real)
Generate toy 298/500
  1) RooRealVar:: n_obs_bina01 = 801

 -- Profile Likelihood -- 
Limit: r < 4.44905 @ 95% CL
Done in 0.00 min (cpu), 0.00 min (real)
Generate toy 299/500
  1) RooRealVar:: n_obs_bina01 = 948

 -- Profile Likelihood -- 
Limit: r < 11.1014 @ 95% CL
Done in 0.00 min (cpu), 0.00 min (real)
Generate toy 300/500
  1) RooRealVar:: n_obs_bina01 = 833

 -- Profile Likelihood -- 
Limit: r < 5.69404 @ 95% CL
Done in 0.00 min (cpu), 0.00 min (real)
Generate toy 301/500
  1) RooRealVar:: n_obs_bina01 = 921

 -- Profile Likelihood -- 
Limit: r < 9.82643 @ 95% CL
Done in 0.00 min (cpu), 0.00 min (real)
Generate toy 302/500
  1) RooRealVar:: n_obs_bina01 = 788

 -- Profile Likelihood -- 
Limit: r < 4.02546 @ 95% CL
Done in 0.00 min (cpu), 0.00 min (real)
Generate toy 303/500
  1) RooRealVar:: n_obs_bina01 = 892

 -- Profile Likelihood -- 
Limit: r < 8.45668 @ 95% CL
Done in 0.00 min (cpu), 0.00 min (real)
Generate toy 304/500
  1) RooRealVar:: n_obs_bina01 = 829

 -- Profile Likelihood -- 
Limit: r < 5.52274 @ 95% CL
Done in 0.00 min (cpu), 0.00 min (real)
Generate toy 305/500
  1) RooRealVar:: n_obs_bina01 = 842

 -- Profile Likelihood -- 
Limit: r < 6.09759 @ 95% CL
Done in 0.00 min (cpu), 0.00 min (real)
Generate toy 306/500
  1) RooRealVar:: n_obs_bina01 = 874

 -- Profile Likelihood -- 
Limit: r < 7.60676 @ 95% CL
Done in 0.00 min (cpu), 0.00 min (real)
Generate toy 307/500
  1) RooRealVar:: n_obs_bina01 = 832

 -- Profile Likelihood -- 
Limit: r < 5.65065 @ 95% CL
Done in 0.00 min (cpu), 0.00 min (real)
Generate toy 308/500
  1) RooRealVar:: n_obs_bina01 = 803

 -- Profile Likelihood -- 
Limit: r < 4.51831 @ 95% CL
Done in 0.00 min (cpu), 0.00 min (real)
Generate toy 309/500
  1) RooRealVar:: n_obs_bina01 = 798

 -- Profile Likelihood -- 
Limit: r < 4.34726 @ 95% CL
Done in 0.00 min (cpu), 0.00 min (real)
Generate toy 310/500
  1) RooRealVar:: n_obs_bina01 = 986

 -- Profile Likelihood -- 
Limit: r < 12.8956 @ 95% CL
Done in 0.00 min (cpu), 0.00 min (real)
Generate toy 311/500
  1) RooRealVar:: n_obs_bina01 = 867

 -- Profile Likelihood -- 
Limit: r < 7.2764 @ 95% CL
Done in 0.00 min (cpu), 0.00 min (real)
Generate toy 312/500
  1) RooRealVar:: n_obs_bina01 = 842

 -- Profile Likelihood -- 
Limit: r < 6.09759 @ 95% CL
Done in 0.00 min (cpu), 0.00 min (real)
Generate toy 313/500
  1) RooRealVar:: n_obs_bina01 = 834

 -- Profile Likelihood -- 
Limit: r < 5.73772 @ 95% CL
Done in 0.00 min (cpu), 0.00 min (real)
Generate toy 314/500
  1) RooRealVar:: n_obs_bina01 = 797

 -- Profile Likelihood -- 
Limit: r < 4.31387 @ 95% CL
Done in 0.00 min (cpu), 0.00 min (real)
Generate toy 315/500
  1) RooRealVar:: n_obs_bina01 = 699

 -- Profile Likelihood -- 
Limit: r < 2.12214 @ 95% CL
Done in 0.00 min (cpu), 0.00 min (real)
Generate toy 316/500
  1) RooRealVar:: n_obs_bina01 = 953

 -- Profile Likelihood -- 
Limit: r < 11.3375 @ 95% CL
Done in 0.00 min (cpu), 0.00 min (real)
Generate toy 317/500
  1) RooRealVar:: n_obs_bina01 = 1028

 -- Profile Likelihood -- 
Limit: r < 14.8786 @ 95% CL
Done in 0.00 min (cpu), 0.00 min (real)
Generate toy 318/500
  1) RooRealVar:: n_obs_bina01 = 897

 -- Profile Likelihood -- 
Limit: r < 8.69292 @ 95% CL
Done in 0.00 min (cpu), 0.00 min (real)
Generate toy 319/500
  1) RooRealVar:: n_obs_bina01 = 758

 -- Profile Likelihood -- 
Limit: r < 3.21032 @ 95% CL
Done in 0.00 min (cpu), 0.00 min (real)
Generate toy 320/500
  1) RooRealVar:: n_obs_bina01 = 771

 -- Profile Likelihood -- 
Limit: r < 3.53743 @ 95% CL
Done in 0.00 min (cpu), 0.00 min (real)
Generate toy 321/500
  1) RooRealVar:: n_obs_bina01 = 745

 -- Profile Likelihood -- 
Limit: r < 2.91959 @ 95% CL
Done in 0.00 min (cpu), 0.00 min (real)
Generate toy 322/500
  1) RooRealVar:: n_obs_bina01 = 855

 -- Profile Likelihood -- 
Limit: r < 6.70946 @ 95% CL
Done in 0.00 min (cpu), 0.00 min (real)
Generate toy 323/500
  1) RooRealVar:: n_obs_bina01 = 715

 -- Profile Likelihood -- 
Limit: r < 2.36345 @ 95% CL
Done in 0.00 min (cpu), 0.00 min (real)
Generate toy 324/500
  1) RooRealVar:: n_obs_bina01 = 879

 -- Profile Likelihood -- 
Limit: r < 7.84218 @ 95% CL
Done in 0.00 min (cpu), 0.00 min (real)
Generate toy 325/500
  1) RooRealVar:: n_obs_bina01 = 945

 -- Profile Likelihood -- 
Limit: r < 10.9597 @ 95% CL
Done in 0.00 min (cpu), 0.00 min (real)
Generate toy 326/500
  1) RooRealVar:: n_obs_bina01 = 736

 -- Profile Likelihood -- 
Limit: r < 2.73675 @ 95% CL
Done in 0.00 min (cpu), 0.00 min (real)
Generate toy 327/500
  1) RooRealVar:: n_obs_bina01 = 884

 -- Profile Likelihood -- 
Limit: r < 8.07851 @ 95% CL
Done in 0.00 min (cpu), 0.00 min (real)
Generate toy 328/500
  1) RooRealVar:: n_obs_bina01 = 960

 -- Profile Likelihood -- 
Limit: r < 11.668 @ 95% CL
Done in 0.00 min (cpu), 0.00 min (real)
Generate toy 329/500
  1) RooRealVar:: n_obs_bina01 = 1020

 -- Profile Likelihood -- 
Limit: r < 14.5009 @ 95% CL
Done in 0.00 min (cpu), 0.00 min (real)
Generate toy 330/500
  1) RooRealVar:: n_obs_bina01 = 723

 -- Profile Likelihood -- 
Limit: r < 2.49746 @ 95% CL
Done in 0.00 min (cpu), 0.00 min (real)
Generate toy 331/500
  1) RooRealVar:: n_obs_bina01 = 868

 -- Profile Likelihood -- 
Limit: r < 7.32359 @ 95% CL
Done in 0.00 min (cpu), 0.00 min (real)
Generate toy 332/500
  1) RooRealVar:: n_obs_bina01 = 845

 -- Profile Likelihood -- 
Limit: r < 6.23719 @ 95% CL
Done in 0.00 min (cpu), 0.00 min (real)
Generate toy 333/500
  1) RooRealVar:: n_obs_bina01 = 814

 -- Profile Likelihood -- 
Limit: r < 4.91939 @ 95% CL
Done in 0.00 min (cpu), 0.00 min (real)
Generate toy 334/500
  1) RooRealVar:: n_obs_bina01 = 783

 -- Profile Likelihood -- 
Limit: r < 3.87443 @ 95% CL
Done in 0.00 min (cpu), 0.00 min (real)
Generate toy 335/500
  1) RooRealVar:: n_obs_bina01 = 770

 -- Profile Likelihood -- 
Limit: r < 3.51091 @ 95% CL
Done in 0.00 min (cpu), 0.00 min (real)
Generate toy 336/500
  1) RooRealVar:: n_obs_bina01 = 858

 -- Profile Likelihood -- 
Limit: r < 6.8511 @ 95% CL
Done in 0.00 min (cpu), 0.00 min (real)
Generate toy 337/500
  1) RooRealVar:: n_obs_bina01 = 742

 -- Profile Likelihood -- 
Limit: r < 2.85698 @ 95% CL
Done in 0.00 min (cpu), 0.00 min (real)
Generate toy 338/500
  1) RooRealVar:: n_obs_bina01 = 772

 -- Profile Likelihood -- 
Limit: r < 3.56418 @ 95% CL
Done in 0.00 min (cpu), 0.00 min (real)
Generate toy 339/500
  1) RooRealVar:: n_obs_bina01 = 938

 -- Profile Likelihood -- 
Limit: r < 10.6292 @ 95% CL
Done in 0.00 min (cpu), 0.00 min (real)
Generate toy 340/500
  1) RooRealVar:: n_obs_bina01 = 791

 -- Profile Likelihood -- 
Limit: r < 4.1192 @ 95% CL
Done in 0.00 min (cpu), 0.00 min (real)
Generate toy 341/500
  1) RooRealVar:: n_obs_bina01 = 811

 -- Profile Likelihood -- 
Limit: r < 4.80659 @ 95% CL
Done in 0.00 min (cpu), 0.00 min (real)
Generate toy 342/500
  1) RooRealVar:: n_obs_bina01 = 780

 -- Profile Likelihood -- 
Limit: r < 3.78686 @ 95% CL
Done in 0.00 min (cpu), 0.00 min (real)
Generate toy 343/500
  1) RooRealVar:: n_obs_bina01 = 833

 -- Profile Likelihood -- 
Limit: r < 5.69404 @ 95% CL
Done in 0.00 min (cpu), 0.00 min (real)
Generate toy 344/500
  1) RooRealVar:: n_obs_bina01 = 902

 -- Profile Likelihood -- 
Limit: r < 8.92911 @ 95% CL
Done in 0.00 min (cpu), 0.00 min (real)
Generate toy 345/500
  1) RooRealVar:: n_obs_bina01 = 843

 -- Profile Likelihood -- 
Limit: r < 6.14381 @ 95% CL
Done in 0.00 min (cpu), 0.00 min (real)
Generate toy 346/500
  1) RooRealVar:: n_obs_bina01 = 892

 -- Profile Likelihood -- 
Limit: r < 8.45668 @ 95% CL
Done in 0.00 min (cpu), 0.00 min (real)
Generate toy 347/500
  1) RooRealVar:: n_obs_bina01 = 756

 -- Profile Likelihood -- 
Limit: r < 3.16328 @ 95% CL
Done in 0.00 min (cpu), 0.00 min (real)
Generate toy 348/500
  1) RooRealVar:: n_obs_bina01 = 990

 -- Profile Likelihood -- 
Limit: r < 13.0845 @ 95% CL
Done in 0.00 min (cpu), 0.00 min (real)
Generate toy 349/500
  1) RooRealVar:: n_obs_bina01 = 915

 -- Profile Likelihood -- 
Limit: r < 9.54282 @ 95% CL
Done in 0.00 min (cpu), 0.00 min (real)
Generate toy 350/500
  1) RooRealVar:: n_obs_bina01 = 1041

 -- Profile Likelihood -- 
Limit: r < 15.4924 @ 95% CL
Done in 0.00 min (cpu), 0.00 min (real)
Generate toy 351/500
  1) RooRealVar:: n_obs_bina01 = 789

 -- Profile Likelihood -- 
Limit: r < 4.05645 @ 95% CL
Done in 0.00 min (cpu), 0.00 min (real)
Generate toy 352/500
  1) RooRealVar:: n_obs_bina01 = 981

 -- Profile Likelihood -- 
Limit: r < 12.6596 @ 95% CL
Done in 0.00 min (cpu), 0.00 min (real)
Generate toy 353/500
  1) RooRealVar:: n_obs_bina01 = 790

 -- Profile Likelihood -- 
Limit: r < 4.08769 @ 95% CL
Done in 0.00 min (cpu), 0.00 min (real)
Generate toy 354/500
  1) RooRealVar:: n_obs_bina01 = 943

 -- Profile Likelihood -- 
Limit: r < 10.8653 @ 95% CL
Done in 0.00 min (cpu), 0.00 min (real)
Generate toy 355/500
  1) RooRealVar:: n_obs_bina01 = 779

 -- Profile Likelihood -- 
Limit: r < 3.75817 @ 95% CL
Done in 0.00 min (cpu), 0.00 min (real)
Generate toy 356/500
  1) RooRealVar:: n_obs_bina01 = 790

 -- Profile Likelihood -- 
Limit: r < 4.08769 @ 95% CL
Done in 0.00 min (cpu), 0.00 min (real)
Generate toy 357/500
  1) RooRealVar:: n_obs_bina01 = 781

 -- Profile Likelihood -- 
Limit: r < 3.8158 @ 95% CL
Done in 0.00 min (cpu), 0.00 min (real)
Generate toy 358/500
  1) RooRealVar:: n_obs_bina01 = 855

 -- Profile Likelihood -- 
Limit: r < 6.70946 @ 95% CL
Done in 0.00 min (cpu), 0.00 min (real)
Generate toy 359/500
  1) RooRealVar:: n_obs_bina01 = 875

 -- Profile Likelihood -- 
Limit: r < 7.65399 @ 95% CL
Done in 0.00 min (cpu), 0.00 min (real)
Generate toy 360/500
  1) RooRealVar:: n_obs_bina01 = 742

 -- Profile Likelihood -- 
Limit: r < 2.85698 @ 95% CL
Done in 0.00 min (cpu), 0.00 min (real)
Generate toy 361/500
  1) RooRealVar:: n_obs_bina01 = 852

 -- Profile Likelihood -- 
Limit: r < 6.56826 @ 95% CL
Done in 0.00 min (cpu), 0.00 min (real)
Generate toy 362/500
  1) RooRealVar:: n_obs_bina01 = 786

 -- Profile Likelihood -- 
Limit: r < 3.96428 @ 95% CL
Done in 0.00 min (cpu), 0.00 min (real)
Generate toy 363/500
  1) RooRealVar:: n_obs_bina01 = 963

 -- Profile Likelihood -- 
Limit: r < 11.8097 @ 95% CL
Done in 0.00 min (cpu), 0.00 min (real)
Generate toy 364/500
  1) RooRealVar:: n_obs_bina01 = 825

 -- Profile Likelihood -- 
Limit: r < 5.35533 @ 95% CL
Done in 0.00 min (cpu), 0.00 min (real)
Generate toy 365/500
  1) RooRealVar:: n_obs_bina01 = 816

 -- Profile Likelihood -- 
Limit: r < 4.99603 @ 95% CL
Done in 0.00 min (cpu), 0.00 min (real)
Generate toy 366/500
  1) RooRealVar:: n_obs_bina01 = 741

 -- Profile Likelihood -- 
Limit: r < 2.83649 @ 95% CL
Done in 0.00 min (cpu), 0.00 min (real)
Generate toy 367/500
  1) RooRealVar:: n_obs_bina01 = 803

 -- Profile Likelihood -- 
Limit: r < 4.51831 @ 95% CL
Done in 0.00 min (cpu), 0.00 min (real)
Generate toy 368/500
  1) RooRealVar:: n_obs_bina01 = 824

 -- Profile Likelihood -- 
Limit: r < 5.31423 @ 95% CL
Done in 0.00 min (cpu), 0.00 min (real)
Generate toy 369/500
  1) RooRealVar:: n_obs_bina01 = 832

 -- Profile Likelihood -- 
Limit: r < 5.65065 @ 95% CL
Done in 0.00 min (cpu), 0.00 min (real)
Generate toy 370/500
  1) RooRealVar:: n_obs_bina01 = 989

 -- Profile Likelihood -- 
Limit: r < 13.0373 @ 95% CL
Done in 0.00 min (cpu), 0.00 min (real)
Generate toy 371/500
  1) RooRealVar:: n_obs_bina01 = 894

 -- Profile Likelihood -- 
Limit: r < 8.55118 @ 95% CL
Done in 0.00 min (cpu), 0.00 min (real)
Generate toy 372/500
  1) RooRealVar:: n_obs_bina01 = 775

 -- Profile Likelihood -- 
Limit: r < 3.64587 @ 95% CL
Done in 0.00 min (cpu), 0.00 min (real)
Generate toy 373/500
  1) RooRealVar:: n_obs_bina01 = 855

 -- Profile Likelihood -- 
Limit: r < 6.70946 @ 95% CL
Done in 0.00 min (cpu), 0.00 min (real)
Generate toy 374/500
  1) RooRealVar:: n_obs_bina01 = 798

 -- Profile Likelihood -- 
Limit: r < 4.34726 @ 95% CL
Done in 0.00 min (cpu), 0.00 min (real)
Generate toy 375/500
  1) RooRealVar:: n_obs_bina01 = 789

 -- Profile Likelihood -- 
Limit: r < 4.05645 @ 95% CL
Done in 0.00 min (cpu), 0.00 min (real)
Generate toy 376/500
  1) RooRealVar:: n_obs_bina01 = 802

 -- Profile Likelihood -- 
Limit: r < 4.48354 @ 95% CL
Done in 0.00 min (cpu), 0.00 min (real)
Generate toy 377/500
  1) RooRealVar:: n_obs_bina01 = 812

 -- Profile Likelihood -- 
Limit: r < 4.8439 @ 95% CL
Done in 0.00 min (cpu), 0.00 min (real)
Generate toy 378/500
  1) RooRealVar:: n_obs_bina01 = 779

 -- Profile Likelihood -- 
Limit: r < 3.75817 @ 95% CL
Done in 0.00 min (cpu), 0.00 min (real)
Generate toy 379/500
  1) RooRealVar:: n_obs_bina01 = 877

 -- Profile Likelihood -- 
Limit: r < 7.74845 @ 95% CL
Done in 0.00 min (cpu), 0.00 min (real)
Generate toy 380/500
  1) RooRealVar:: n_obs_bina01 = 787

 -- Profile Likelihood -- 
Limit: r < 3.99474 @ 95% CL
Done in 0.00 min (cpu), 0.00 min (real)
Generate toy 381/500
  1) RooRealVar:: n_obs_bina01 = 866

 -- Profile Likelihood -- 
Limit: r < 7.22922 @ 95% CL
Done in 0.00 min (cpu), 0.00 min (real)
Generate toy 382/500
  1) RooRealVar:: n_obs_bina01 = 735

 -- Profile Likelihood -- 
Limit: r < 2.71731 @ 95% CL
Done in 0.00 min (cpu), 0.00 min (real)
Generate toy 383/500
  1) RooRealVar:: n_obs_bina01 = 956

 -- Profile Likelihood -- 
Limit: r < 11.4791 @ 95% CL
Done in 0.00 min (cpu), 0.00 min (real)
Generate toy 384/500
  1) RooRealVar:: n_obs_bina01 = 917

 -- Profile Likelihood -- 
Limit: r < 9.63661 @ 95% CL
Done in 0.00 min (cpu), 0.00 min (real)
Generate toy 385/500
  1) RooRealVar:: n_obs_bina01 = 930

 -- Profile Likelihood -- 
Limit: r < 10.2514 @ 95% CL
Done in 0.00 min (cpu), 0.00 min (real)
Generate toy 386/500
  1) RooRealVar:: n_obs_bina01 = 842

 -- Profile Likelihood -- 
Limit: r < 6.09759 @ 95% CL
Done in 0.00 min (cpu), 0.00 min (real)
Generate toy 387/500
  1) RooRealVar:: n_obs_bina01 = 836

 -- Profile Likelihood -- 
Limit: r < 5.82595 @ 95% CL
Done in 0.00 min (cpu), 0.00 min (real)
Generate toy 388/500
  1) RooRealVar:: n_obs_bina01 = 1003

 -- Profile Likelihood -- 
Limit: r < 13.6983 @ 95% CL
Done in 0.00 min (cpu), 0.00 min (real)
Generate toy 389/500
  1) RooRealVar:: n_obs_bina01 = 801

 -- Profile Likelihood -- 
Limit: r < 4.44905 @ 95% CL
Done in 0.00 min (cpu), 0.00 min (real)
Generate toy 390/500
  1) RooRealVar:: n_obs_bina01 = 882

 -- Profile Likelihood -- 
Limit: r < 7.98435 @ 95% CL
Done in 0.00 min (cpu), 0.00 min (real)
Generate toy 391/500
  1) RooRealVar:: n_obs_bina01 = 883

 -- Profile Likelihood -- 
Limit: r < 8.03122 @ 95% CL
Done in 0.00 min (cpu), 0.00 min (real)
Generate toy 392/500
  1) RooRealVar:: n_obs_bina01 = 863

 -- Profile Likelihood -- 
Limit: r < 7.08784 @ 95% CL
Done in 0.00 min (cpu), 0.00 min (real)
Generate toy 393/500
  1) RooRealVar:: n_obs_bina01 = 948

 -- Profile Likelihood -- 
Limit: r < 11.1014 @ 95% CL
Done in 0.00 min (cpu), 0.00 min (real)
Generate toy 394/500
  1) RooRealVar:: n_obs_bina01 = 911

 -- Profile Likelihood -- 
Limit: r < 9.35537 @ 95% CL
Done in 0.00 min (cpu), 0.00 min (real)
Generate toy 395/500
  1) RooRealVar:: n_obs_bina01 = 903

 -- Profile Likelihood -- 
Limit: r < 8.97634 @ 95% CL
Done in 0.00 min (cpu), 0.00 min (real)
Generate toy 396/500
  1) RooRealVar:: n_obs_bina01 = 755

 -- Profile Likelihood -- 
Limit: r < 3.14007 @ 95% CL
Done in 0.00 min (cpu), 0.00 min (real)
Generate toy 397/500
  1) RooRealVar:: n_obs_bina01 = 842

 -- Profile Likelihood -- 
Limit: r < 6.09759 @ 95% CL
Done in 0.00 min (cpu), 0.00 min (real)
Generate toy 398/500
  1) RooRealVar:: n_obs_bina01 = 833

 -- Profile Likelihood -- 
Limit: r < 5.69404 @ 95% CL
Done in 0.00 min (cpu), 0.00 min (real)
Generate toy 399/500
  1) RooRealVar:: n_obs_bina01 = 852

 -- Profile Likelihood -- 
Limit: r < 6.56826 @ 95% CL
Done in 0.00 min (cpu), 0.00 min (real)
Generate toy 400/500
  1) RooRealVar:: n_obs_bina01 = 758

 -- Profile Likelihood -- 
Limit: r < 3.21032 @ 95% CL
Done in 0.00 min (cpu), 0.00 min (real)
Generate toy 401/500
  1) RooRealVar:: n_obs_bina01 = 926

 -- Profile Likelihood -- 
Limit: r < 10.0625 @ 95% CL
Done in 0.00 min (cpu), 0.00 min (real)
Generate toy 402/500
  1) RooRealVar:: n_obs_bina01 = 805

 -- Profile Likelihood -- 
Limit: r < 4.58869 @ 95% CL
Done in 0.00 min (cpu), 0.00 min (real)
Generate toy 403/500
  1) RooRealVar:: n_obs_bina01 = 832

 -- Profile Likelihood -- 
Limit: r < 5.65065 @ 95% CL
Done in 0.00 min (cpu), 0.00 min (real)
Generate toy 404/500
  1) RooRealVar:: n_obs_bina01 = 786

 -- Profile Likelihood -- 
Limit: r < 3.96428 @ 95% CL
Done in 0.00 min (cpu), 0.00 min (real)
Generate toy 405/500
  1) RooRealVar:: n_obs_bina01 = 761

 -- Profile Likelihood -- 
Limit: r < 3.28249 @ 95% CL
Done in 0.00 min (cpu), 0.00 min (real)
Generate toy 406/500
  1) RooRealVar:: n_obs_bina01 = 846
Done in 0.00 min (cpu), 0.00 min (real)
Generate toy 407/500
  1) RooRealVar:: n_obs_bina01 = 907

 -- Profile Likelihood -- 
Limit: r < 9.16527 @ 95% CL
Done in 0.00 min (cpu), 0.00 min (real)
Generate toy 408/500
  1) RooRealVar:: n_obs_bina01 = 1062

 -- Profile Likelihood -- 
Limit: r < 16.4838 @ 95% CL
Done in 0.00 min (cpu), 0.00 min (real)
Generate toy 409/500
  1) RooRealVar:: n_obs_bina01 = 827

 -- Profile Likelihood -- 
Limit: r < 5.43843 @ 95% CL
Done in 0.00 min (cpu), 0.00 min (real)
Generate toy 410/500
  1) RooRealVar:: n_obs_bina01 = 935

 -- Profile Likelihood -- 
Limit: r < 10.4875 @ 95% CL
Done in 0.00 min (cpu), 0.00 min (real)
Generate toy 411/500
  1) RooRealVar:: n_obs_bina01 = 951

 -- Profile Likelihood -- 
Limit: r < 11.243 @ 95% CL
Done in 0.00 min (cpu), 0.00 min (real)
Generate toy 412/500
  1) RooRealVar:: n_obs_bina01 = 795

 -- Profile Likelihood -- 
Limit: r < 4.24791 @ 95% CL
Done in 0.00 min (cpu), 0.00 min (real)
Generate toy 413/500
  1) RooRealVar:: n_obs_bina01 = 825

 -- Profile Likelihood -- 
Limit: r < 5.35533 @ 95% CL
Done in 0.00 min (cpu), 0.00 min (real)
Generate toy 414/500
  1) RooRealVar:: n_obs_bina01 = 919

 -- Profile Likelihood -- 
Limit: r < 9.73043 @ 95% CL
Done in 0.00 min (cpu), 0.00 min (real)
Generate toy 415/500
  1) RooRealVar:: n_obs_bina01 = 1082

 -- Profile Likelihood -- 
Limit: r < 17.428 @ 95% CL
Done in 0.00 min (cpu), 0.00 min (real)
Generate toy 416/500
  1) RooRealVar:: n_obs_bina01 = 794

 -- Profile Likelihood -- 
Limit: r < 4.21533 @ 95% CL
Done in 0.00 min (cpu), 0.00 min (real)
Generate toy 417/500
  1) RooRealVar:: n_obs_bina01 = 772

 -- Profile Likelihood -- 
Limit: r < 3.56418 @ 95% CL
Done in 0.00 min (cpu), 0.00 min (real)
Generate toy 418/500
  1) RooRealVar:: n_obs_bina01 = 816

 -- Profile Likelihood -- 
Limit: r < 4.99603 @ 95% CL
Done in 0.00 min (cpu), 0.00 min (real)
Generate toy 419/500
  1) RooRealVar:: n_obs_bina01 = 868

 -- Profile Likelihood -- 
Limit: r < 7.32359 @ 95% CL
Done in 0.00 min (cpu), 0.00 min (real)
Generate toy 420/500
  1) RooRealVar:: n_obs_bina01 = 841

 -- Profile Likelihood -- 
Limit: r < 6.05164 @ 95% CL
Done in 0.00 min (cpu), 0.00 min (real)
Generate toy 421/500
  1) RooRealVar:: n_obs_bina01 = 918

 -- Profile Likelihood -- 
Limit: r < 9.68352 @ 95% CL
Done in 0.00 min (cpu), 0.00 min (real)
Generate toy 422/500
  1) RooRealVar:: n_obs_bina01 = 762

 -- Profile Likelihood -- 
Limit: r < 3.30698 @ 95% CL
Done in 0.00 min (cpu), 0.00 min (real)
Generate toy 423/500
  1) RooRealVar:: n_obs_bina01 = 788

 -- Profile Likelihood -- 
Limit: r < 4.02546 @ 95% CL
Done in 0.00 min (cpu), 0.00 min (real)
Generate toy 424/500
  1) RooRealVar:: n_obs_bina01 = 827

 -- Profile Likelihood -- 
Limit: r < 5.43843 @ 95% CL
Done in 0.00 min (cpu), 0.00 min (real)
Generate toy 425/500
  1) RooRealVar:: n_obs_bina01 = 941

 -- Profile Likelihood -- 
Limit: r < 10.7708 @ 95% CL
Done in 0.00 min (cpu), 0.00 min (real)
Generate toy 426/500
  1) RooRealVar:: n_obs_bina01 = 929

 -- Profile Likelihood -- 
Limit: r < 10.2042 @ 95% CL
Done in 0.00 min (cpu), 0.00 min (real)
Generate toy 427/500
  1) RooRealVar:: n_obs_bina01 = 1041

 -- Profile Likelihood -- 
Limit: r < 15.4924 @ 95% CL
Done in 0.00 min (cpu), 0.00 min (real)
Generate toy 428/500
  1) RooRealVar:: n_obs_bina01 = 977

 -- Profile Likelihood -- 
Limit: r < 12.4707 @ 95% CL
Done in 0.00 min (cpu), 0.00 min (real)
Generate toy 429/500
  1) RooRealVar:: n_obs_bina01 = 830

 -- Profile Likelihood -- 
Limit: r < 5.56537 @ 95% CL
Done in 0.00 min (cpu), 0.00 min (real)
Generate toy 430/500
  1) RooRealVar:: n_obs_bina01 = 854

 -- Profile Likelihood -- 
Limit: r < 6.66229 @ 95% CL
Done in 0.00 min (cpu), 0.00 min (real)
Generate toy 431/500
  1) RooRealVar:: n_obs_bina01 = 879

 -- Profile Likelihood -- 
Limit: r < 7.84218 @ 95% CL
Done in 0.00 min (cpu), 0.00 min (real)
Generate toy 432/500
  1) RooRealVar:: n_obs_bina01 = 945

 -- Profile Likelihood -- 
Limit: r < 10.9597 @ 95% CL
Done in 0.00 min (cpu), 0.00 min (real)
Generate toy 433/500
  1) RooRealVar:: n_obs_bina01 = 812

 -- Profile Likelihood -- 
Limit: r < 4.8439 @ 95% CL
Done in 0.00 min (cpu), 0.00 min (real)
Generate toy 434/500
  1) RooRealVar:: n_obs_bina01 = 907

 -- Profile Likelihood -- 
Limit: r < 9.16527 @ 95% CL
Done in 0.00 min (cpu), 0.00 min (real)
Generate toy 435/500
  1) RooRealVar:: n_obs_bina01 = 850

 -- Profile Likelihood -- 
Limit: r < 6.47325 @ 95% CL
Done in 0.00 min (cpu), 0.00 min (real)
Generate toy 436/500
  1) RooRealVar:: n_obs_bina01 = 927

 -- Profile Likelihood -- 
Limit: r < 10.1098 @ 95% CL
Done in 0.00 min (cpu), 0.00 min (real)
Generate toy 437/500
  1) RooRealVar:: n_obs_bina01 = 805

 -- Profile Likelihood -- 
Limit: r < 4.58869 @ 95% CL
Done in 0.00 min (cpu), 0.00 min (real)
Generate toy 438/500
  1) RooRealVar:: n_obs_bina01 = 931

 -- Profile Likelihood -- 
Limit: r < 10.2986 @ 95% CL
Done in 0.00 min (cpu), 0.00 min (real)
Generate toy 439/500
  1) RooRealVar:: n_obs_bina01 = 850

 -- Profile Likelihood -- 
Limit: r < 6.47325 @ 95% CL
Done in 0.00 min (cpu), 0.00 min (real)
Generate toy 440/500
  1) RooRealVar:: n_obs_bina01 = 839

 -- Profile Likelihood -- 
Limit: r < 5.9605 @ 95% CL
Done in 0.00 min (cpu), 0.00 min (real)
Generate toy 441/500
  1) RooRealVar:: n_obs_bina01 = 867

 -- Profile Likelihood -- 
Limit: r < 7.2764 @ 95% CL
Done in 0.00 min (cpu), 0.00 min (real)
Generate toy 442/500
  1) RooRealVar:: n_obs_bina01 = 957

 -- Profile Likelihood -- 
Limit: r < 11.5263 @ 95% CL
Done in 0.00 min (cpu), 0.00 min (real)
Generate toy 443/500
  1) RooRealVar:: n_obs_bina01 = 896

 -- Profile Likelihood -- 
Limit: r < 8.64568 @ 95% CL
Done in 0.00 min (cpu), 0.00 min (real)
Generate toy 444/500
  1) RooRealVar:: n_obs_bina01 = 779

 -- Profile Likelihood -- 
Limit: r < 3.75817 @ 95% CL
Done in 0.00 min (cpu), 0.00 min (real)
Generate toy 445/500
  1) RooRealVar:: n_obs_bina01 = 847

 -- Profile Likelihood -- 
Limit: r < 6.33158 @ 95% CL
Done in 0.00 min (cpu), 0.00 min (real)
Generate toy 446/500
  1) RooRealVar:: n_obs_bina01 = 735

 -- Profile Likelihood -- 
Limit: r < 2.71731 @ 95% CL
Done in 0.00 min (cpu), 0.00 min (real)
Generate toy 447/500
  1) RooRealVar:: n_obs_bina01 = 915

 -- Profile Likelihood -- 
Limit: r < 9.54282 @ 95% CL
Done in 0.00 min (cpu), 0.00 min (real)
Generate toy 448/500
  1) RooRealVar:: n_obs_bina01 = 817

 -- Profile Likelihood -- 
Limit: r < 5.03478 @ 95% CL
Done in 0.00 min (cpu), 0.00 min (real)
Generate toy 449/500
  1) RooRealVar:: n_obs_bina01 = 703

 -- Profile Likelihood -- 
Limit: r < 2.17934 @ 95% CL
Done in 0.00 min (cpu), 0.00 min (real)
Generate toy 450/500
  1) RooRealVar:: n_obs_bina01 = 885

 -- Profile Likelihood -- 
Limit: r < 8.1258 @ 95% CL
Done in 0.00 min (cpu), 0.00 min (real)
Generate toy 451/500
  1) RooRealVar:: n_obs_bina01 = 781

 -- Profile Likelihood -- 
Limit: r < 3.8158 @ 95% CL
Done in 0.00 min (cpu), 0.00 min (real)
Generate toy 452/500
  1) RooRealVar:: n_obs_bina01 = 890

 -- Profile Likelihood -- 
Limit: r < 8.36217 @ 95% CL
Done in 0.00 min (cpu), 0.00 min (real)
Generate toy 453/500
  1) RooRealVar:: n_obs_bina01 = 767

 -- Profile Likelihood -- 
Limit: r < 3.43274 @ 95% CL
Done in 0.00 min (cpu), 0.00 min (real)
Generate toy 454/500
  1) RooRealVar:: n_obs_bina01 = 876

 -- Profile Likelihood -- 
Limit: r < 7.70122 @ 95% CL
Done in 0.00 min (cpu), 0.00 min (real)
Generate toy 455/500
  1) RooRealVar:: n_obs_bina01 = 917

 -- Profile Likelihood -- 
Limit: r < 9.63661 @ 95% CL
Done in 0.00 min (cpu), 0.00 min (real)
Generate toy 456/500
  1) RooRealVar:: n_obs_bina01 = 907

 -- Profile Likelihood -- 
Limit: r < 9.16527 @ 95% CL
Done in 0.00 min (cpu), 0.00 min (real)
Generate toy 457/500
  1) RooRealVar:: n_obs_bina01 = 847

 -- Profile Likelihood -- 
Limit: r < 6.33158 @ 95% CL
Done in 0.00 min (cpu), 0.00 min (real)
Generate toy 458/500
  1) RooRealVar:: n_obs_bina01 = 810

 -- Profile Likelihood -- 
Limit: r < 4.76956 @ 95% CL
Done in 0.00 min (cpu), 0.00 min (real)
Generate toy 459/500
  1) RooRealVar:: n_obs_bina01 = 804

 -- Profile Likelihood -- 
Limit: r < 4.55336 @ 95% CL
Done in 0.00 min (cpu), 0.00 min (real)
Generate toy 460/500
  1) RooRealVar:: n_obs_bina01 = 831

 -- Profile Likelihood -- 
Limit: r < 5.60755 @ 95% CL
Done in 0.00 min (cpu), 0.00 min (real)
Generate toy 461/500
  1) RooRealVar:: n_obs_bina01 = 824

 -- Profile Likelihood -- 
Limit: r < 5.31423 @ 95% CL
Done in 0.00 min (cpu), 0.00 min (real)
Generate toy 462/500
  1) RooRealVar:: n_obs_bina01 = 859

 -- Profile Likelihood -- 
Limit: r < 6.89832 @ 95% CL
Done in 0.00 min (cpu), 0.00 min (real)
Generate toy 463/500
  1) RooRealVar:: n_obs_bina01 = 895

 -- Profile Likelihood -- 
Limit: r < 8.59843 @ 95% CL
Done in 0.00 min (cpu), 0.00 min (real)
Generate toy 464/500
  1) RooRealVar:: n_obs_bina01 = 842

 -- Profile Likelihood -- 
Limit: r < 6.09759 @ 95% CL
Done in 0.00 min (cpu), 0.00 min (real)
Generate toy 465/500
  1) RooRealVar:: n_obs_bina01 = 693

 -- Profile Likelihood -- 
Limit: r < 2.03994 @ 95% CL
Done in 0.00 min (cpu), 0.00 min (real)
Generate toy 466/500
  1) RooRealVar:: n_obs_bina01 = 879

 -- Profile Likelihood -- 
Limit: r < 7.84218 @ 95% CL
Done in 0.00 min (cpu), 0.00 min (real)
Generate toy 467/500
  1) RooRealVar:: n_obs_bina01 = 685

 -- Profile Likelihood -- 
Limit: r < 1.93671 @ 95% CL
Done in 0.00 min (cpu), 0.00 min (real)
Generate toy 468/500
  1) RooRealVar:: n_obs_bina01 = 829

 -- Profile Likelihood -- 
Limit: r < 5.52274 @ 95% CL
Done in 0.00 min (cpu), 0.00 min (real)
Generate toy 469/500
  1) RooRealVar:: n_obs_bina01 = 787

 -- Profile Likelihood -- 
Limit: r < 3.99474 @ 95% CL
Done in 0.00 min (cpu), 0.00 min (real)
Generate toy 470/500
  1) RooRealVar:: n_obs_bina01 = 821

 -- Profile Likelihood -- 
Limit: r < 5.19271 @ 95% CL
Done in 0.00 min (cpu), 0.00 min (real)
Generate toy 471/500
  1) RooRealVar:: n_obs_bina01 = 842

 -- Profile Likelihood -- 
Limit: r < 6.09759 @ 95% CL
Done in 0.00 min (cpu), 0.00 min (real)
Generate toy 472/500
  1) RooRealVar:: n_obs_bina01 = 817

 -- Profile Likelihood -- 
Limit: r < 5.03478 @ 95% CL
Done in 0.00 min (cpu), 0.00 min (real)
Generate toy 473/500
  1) RooRealVar:: n_obs_bina01 = 740

 -- Profile Likelihood -- 
Limit: r < 2.81618 @ 95% CL
Done in 0.00 min (cpu), 0.00 min (real)
Generate toy 474/500
  1) RooRealVar:: n_obs_bina01 = 867

 -- Profile Likelihood -- 
Limit: r < 7.2764 @ 95% CL
Done in 0.00 min (cpu), 0.00 min (real)
Generate toy 475/500
  1) RooRealVar:: n_obs_bina01 = 809

 -- Profile Likelihood -- 
Limit: r < 4.73282 @ 95% CL
Done in 0.00 min (cpu), 0.00 min (real)
Generate toy 476/500
  1) RooRealVar:: n_obs_bina01 = 825

 -- Profile Likelihood -- 
Limit: r < 5.35533 @ 95% CL
Done in 0.00 min (cpu), 0.00 min (real)
Generate toy 477/500
  1) RooRealVar:: n_obs_bina01 = 853

 -- Profile Likelihood -- 
Limit: r < 6.6152 @ 95% CL
Done in 0.00 min (cpu), 0.00 min (real)
Generate toy 478/500
  1) RooRealVar:: n_obs_bina01 = 932

 -- Profile Likelihood -- 
Limit: r < 10.3459 @ 95% CL
Done in 0.00 min (cpu), 0.00 min (real)
Generate toy 479/500
  1) RooRealVar:: n_obs_bina01 = 946

 -- Profile Likelihood -- 
Limit: r < 11.0069 @ 95% CL
Done in 0.00 min (cpu), 0.00 min (real)
Generate toy 480/500
  1) RooRealVar:: n_obs_bina01 = 884

 -- Profile Likelihood -- 
Limit: r < 8.07851 @ 95% CL
Done in 0.00 min (cpu), 0.00 min (real)
Generate toy 481/500
  1) RooRealVar:: n_obs_bina01 = 799

 -- Profile Likelihood -- 
Limit: r < 4.38093 @ 95% CL
Done in 0.00 min (cpu), 0.00 min (real)
Generate toy 482/500
  1) RooRealVar:: n_obs_bina01 = 857

 -- Profile Likelihood -- 
Limit: r < 6.80387 @ 95% CL
Done in 0.00 min (cpu), 0.00 min (real)
Generate toy 483/500
  1) RooRealVar:: n_obs_bina01 = 829

 -- Profile Likelihood -- 
Limit: r < 5.52274 @ 95% CL
Done in 0.00 min (cpu), 0.00 min (real)
Generate toy 484/500
  1) RooRealVar:: n_obs_bina01 = 990

 -- Profile Likelihood -- 
Limit: r < 13.0845 @ 95% CL
Done in 0.00 min (cpu), 0.00 min (real)
Generate toy 485/500
  1) RooRealVar:: n_obs_bina01 = 928

 -- Profile Likelihood -- 
Limit: r < 10.157 @ 95% CL
Done in 0.00 min (cpu), 0.00 min (real)
Generate toy 486/500
  1) RooRealVar:: n_obs_bina01 = 732

 -- Profile Likelihood -- 
Limit: r < 2.66011 @ 95% CL
Done in 0.00 min (cpu), 0.00 min (real)
Generate toy 487/500
  1) RooRealVar:: n_obs_bina01 = 808

 -- Profile Likelihood -- 
Limit: r < 4.69636 @ 95% CL
Done in 0.00 min (cpu), 0.00 min (real)
Generate toy 488/500
  1) RooRealVar:: n_obs_bina01 = 756

 -- Profile Likelihood -- 
Limit: r < 3.16328 @ 95% CL
Done in 0.00 min (cpu), 0.00 min (real)
Generate toy 489/500
  1) RooRealVar:: n_obs_bina01 = 829

 -- Profile Likelihood -- 
Limit: r < 5.52274 @ 95% CL
Done in 0.00 min (cpu), 0.00 min (real)
Generate toy 490/500
  1) RooRealVar:: n_obs_bina01 = 929

 -- Profile Likelihood -- 
Limit: r < 10.2042 @ 95% CL
Done in 0.00 min (cpu), 0.00 min (real)
Generate toy 491/500
  1) RooRealVar:: n_obs_bina01 = 777

 -- Profile Likelihood -- 
Limit: r < 3.70153 @ 95% CL
Done in 0.00 min (cpu), 0.00 min (real)
Generate toy 492/500
  1) RooRealVar:: n_obs_bina01 = 773

 -- Profile Likelihood -- 
Limit: r < 3.59117 @ 95% CL
Done in 0.00 min (cpu), 0.00 min (real)
Generate toy 493/500
  1) RooRealVar:: n_obs_bina01 = 836

 -- Profile Likelihood -- 
Limit: r < 5.82595 @ 95% CL
Done in 0.00 min (cpu), 0.00 min (real)
Generate toy 494/500
  1) RooRealVar:: n_obs_bina01 = 830

 -- Profile Likelihood -- 
Limit: r < 5.56537 @ 95% CL
Done in 0.00 min (cpu), 0.00 min (real)
Generate toy 495/500
  1) RooRealVar:: n_obs_bina01 = 802

 -- Profile Likelihood -- 
Limit: r < 4.48354 @ 95% CL
Done in 0.00 min (cpu), 0.00 min (real)
Generate toy 496/500
  1) RooRealVar:: n_obs_bina01 = 823

 -- Profile Likelihood -- 
Limit: r < 5.27343 @ 95% CL
Done in 0.00 min (cpu), 0.00 min (real)
Generate toy 497/500
  1) RooRealVar:: n_obs_bina01 = 844

 -- Profile Likelihood -- 
Limit: r < 6.19038 @ 95% CL
Done in 0.00 min (cpu), 0.00 min (real)
Generate toy 498/500
  1) RooRealVar:: n_obs_bina01 = 893

 -- Profile Likelihood -- 
Limit: r < 8.50393 @ 95% CL
Done in 0.00 min (cpu), 0.00 min (real)
Generate toy 499/500
  1) RooRealVar:: n_obs_bina01 = 780

 -- Profile Likelihood -- 
Limit: r < 3.78686 @ 95% CL
Done in 0.00 min (cpu), 0.00 min (real)
Generate toy 500/500
  1) RooRealVar:: n_obs_bina01 = 764

 -- Profile Likelihood -- 
Limit: r < 3.35661 @ 95% CL
Done in 0.00 min (cpu), 0.00 min (real)
mean   expected limit: r < 6.79237 +/- 0.140314 @ 95%CL (499 toyMC)
median expected limit: r < 6.09759 @ 95%CL (499 toyMC)
   68% expected band : 3.8158 < r < 10.2514
   95% expected band : 2.28438 < r < 14.3121
