>>> including systematics
>>> method used to compute upper limit is Asymptotic
>>> random number generator seed is 123456
The signal model has no nuisance parameters. Please run the limit tool with no systematics (option -S 0).
To make things easier, I will assume you have done it.

Computing limit starting from observation
PDF didn't factorize!
Parameters: 
  1) RooRealVar:: n_exp_binel2jetCMS_proc_Bkgrdtot = 987.19
  2) RooRealVar:: n_exp_binel3jetCMS_proc_Bkgrdtot = 684.57
  3) RooRealVar:: n_exp_binmu2jetCMS_proc_Bkgrdtot = 1189.75
  4) RooRealVar:: n_exp_binmu3jetCMS_proc_Bkgrdtot = 529.58
  5) RooRealVar::                                r = 0.2
Obs: 
  1) RooCategory:: CMS_channel = mu3jetCMS
  2) RooRealVar::    CMS_th1x = 11.5
PDF didn't factorize!
Parameters: 
  1) RooRealVar:: n_exp_binel2jetCMS_proc_Bkgrdtot = 987.19
  2) RooRealVar:: n_exp_binel3jetCMS_proc_Bkgrdtot = 684.57
  3) RooRealVar:: n_exp_binmu2jetCMS_proc_Bkgrdtot = 1189.75
  4) RooRealVar:: n_exp_binmu3jetCMS_proc_Bkgrdtot = 529.58
  5) RooRealVar::                                r = 10
Obs: 
  1) RooCategory:: CMS_channel = mu3jetCMS
  2) RooRealVar::    CMS_th1x = 11.5
PDF didn't factorize!
Parameters: 
  1) RooRealVar:: n_exp_binel2jetCMS_proc_Bkgrdtot = 987.19
  2) RooRealVar:: n_exp_binel3jetCMS_proc_Bkgrdtot = 684.57
  3) RooRealVar:: n_exp_binmu2jetCMS_proc_Bkgrdtot = 1189.75
  4) RooRealVar:: n_exp_binmu3jetCMS_proc_Bkgrdtot = 529.58
  5) RooRealVar::                                r = 10
Obs: 
  1) RooCategory:: CMS_channel = mu3jetCMS
  2) RooRealVar::    CMS_th1x = 11.5

 -- Asymptotic -- 
Observed Limit: r < 4.1685
Expected  2.5%: r < 1.4200
Expected 16.0%: r < 1.8888
Expected 50.0%: r < 2.6172
Expected 84.0%: r < 3.6353
Expected 97.5%: r < 4.8299

Done in 0.00 min (cpu), 0.00 min (real)
