>>> including systematics
>>> method used to compute upper limit is Asymptotic
>>> random number generator seed is 123456
The signal model has no nuisance parameters. Please run the limit tool with no systematics (option -S 0).
To make things easier, I will assume you have done it.

Computing limit starting from observation
PDF didn't factorize!
Parameters: 
  1) RooRealVar:: n_exp_binel2jetCMS_proc_Bkgrdtot = 5944.19
  2) RooRealVar:: n_exp_binel3jetCMS_proc_Bkgrdtot = 1349.01
  3) RooRealVar:: n_exp_binmu2jetCMS_proc_Bkgrdtot = 10255.1
  4) RooRealVar:: n_exp_binmu3jetCMS_proc_Bkgrdtot = 2996.08
  5) RooRealVar::                                r = 0.2
Obs: 
  1) RooCategory:: CMS_channel = mu3jetCMS
  2) RooRealVar::    CMS_th1x = 6.5
PDF didn't factorize!
Parameters: 
  1) RooRealVar:: n_exp_binel2jetCMS_proc_Bkgrdtot = 5944.19
  2) RooRealVar:: n_exp_binel3jetCMS_proc_Bkgrdtot = 1349.01
  3) RooRealVar:: n_exp_binmu2jetCMS_proc_Bkgrdtot = 10255.1
  4) RooRealVar:: n_exp_binmu3jetCMS_proc_Bkgrdtot = 2996.08
  5) RooRealVar::                                r = 10
Obs: 
  1) RooCategory:: CMS_channel = mu3jetCMS
  2) RooRealVar::    CMS_th1x = 6.5
PDF didn't factorize!
Parameters: 
  1) RooRealVar:: n_exp_binel2jetCMS_proc_Bkgrdtot = 5944.19
  2) RooRealVar:: n_exp_binel3jetCMS_proc_Bkgrdtot = 1349.01
  3) RooRealVar:: n_exp_binmu2jetCMS_proc_Bkgrdtot = 10255.1
  4) RooRealVar:: n_exp_binmu3jetCMS_proc_Bkgrdtot = 2996.08
  5) RooRealVar::                                r = 10
Obs: 
  1) RooCategory:: CMS_channel = mu3jetCMS
  2) RooRealVar::    CMS_th1x = 6.5

 -- Asymptotic -- 
Observed Limit: r < 1.5548
Expected  2.5%: r < 0.7820
Expected 16.0%: r < 1.0402
Expected 50.0%: r < 1.4414
Expected 84.0%: r < 2.0021
Expected 97.5%: r < 2.6601

Done in 0.00 min (cpu), 0.00 min (real)
