>>> including systematics
>>> method used to compute upper limit is ProfileLikelihood
>>> random number generator seed is 123456

Sanity checks on the model: OK
Generate toy 1/500
  1) RooRealVar:: n_obs_bina01 = 772

 -- Profile Likelihood -- 
Limit: r < 4.35645 @ 95% CL
Done in 0.00 min (cpu), 0.00 min (real)
Generate toy 2/500
  1) RooRealVar:: n_obs_bina01 = 800

 -- Profile Likelihood -- 
Limit: r < 5.97662 @ 95% CL
Done in 0.00 min (cpu), 0.00 min (real)
Generate toy 3/500
  1) RooRealVar:: n_obs_bina01 = 811

 -- Profile Likelihood -- 
Limit: r < 6.61707 @ 95% CL
Done in 0.00 min (cpu), 0.00 min (real)
Generate toy 4/500
  1) RooRealVar:: n_obs_bina01 = 852

 -- Profile Likelihood -- 
Limit: r < 9.00291 @ 95% CL
Done in 0.00 min (cpu), 0.00 min (real)
Generate toy 5/500
  1) RooRealVar:: n_obs_bina01 = 776

 -- Profile Likelihood -- 
Limit: r < 4.58085 @ 95% CL
Done in 0.00 min (cpu), 0.00 min (real)
Generate toy 6/500
  1) RooRealVar:: n_obs_bina01 = 755

 -- Profile Likelihood -- 
Limit: r < 3.52085 @ 95% CL
Done in 0.00 min (cpu), 0.00 min (real)
Generate toy 7/500
  1) RooRealVar:: n_obs_bina01 = 793

 -- Profile Likelihood -- 
Limit: r < 5.57026 @ 95% CL
Done in 0.00 min (cpu), 0.00 min (real)
Generate toy 8/500
  1) RooRealVar:: n_obs_bina01 = 801

 -- Profile Likelihood -- 
Limit: r < 6.03486 @ 95% CL
Done in 0.00 min (cpu), 0.00 min (real)
Generate toy 9/500
  1) RooRealVar:: n_obs_bina01 = 707

 -- Profile Likelihood -- 
Limit: r < 2.03513 @ 95% CL
Done in 0.00 min (cpu), 0.00 min (real)
Generate toy 10/500
  1) RooRealVar:: n_obs_bina01 = 758

 -- Profile Likelihood -- 
Limit: r < 3.65455 @ 95% CL
Done in 0.00 min (cpu), 0.00 min (real)
Generate toy 11/500
  1) RooRealVar:: n_obs_bina01 = 746

 -- Profile Likelihood -- 
Limit: r < 3.15304 @ 95% CL
Done in 0.00 min (cpu), 0.00 min (real)
Generate toy 12/500
  1) RooRealVar:: n_obs_bina01 = 766

 -- Profile Likelihood -- 
Limit: r < 4.03955 @ 95% CL
Done in 0.00 min (cpu), 0.00 min (real)
Generate toy 13/500
  1) RooRealVar:: n_obs_bina01 = 817

 -- Profile Likelihood -- 
Limit: r < 6.9663 @ 95% CL
Done in 0.00 min (cpu), 0.00 min (real)
Generate toy 14/500
  1) RooRealVar:: n_obs_bina01 = 726

 -- Profile Likelihood -- 
Limit: r < 2.49553 @ 95% CL
Done in 0.00 min (cpu), 0.00 min (real)
Generate toy 15/500
  1) RooRealVar:: n_obs_bina01 = 871

 -- Profile Likelihood -- 
Limit: r < 10.1082 @ 95% CL
Done in 0.00 min (cpu), 0.00 min (real)
Generate toy 16/500
  1) RooRealVar:: n_obs_bina01 = 796

 -- Profile Likelihood -- 
Limit: r < 5.74446 @ 95% CL
Done in 0.00 min (cpu), 0.00 min (real)
Generate toy 17/500
  1) RooRealVar:: n_obs_bina01 = 784

 -- Profile Likelihood -- 
Limit: r < 5.04632 @ 95% CL
Done in 0.00 min (cpu), 0.00 min (real)
Generate toy 18/500
  1) RooRealVar:: n_obs_bina01 = 807

 -- Profile Likelihood -- 
Limit: r < 6.38422 @ 95% CL
Done in 0.00 min (cpu), 0.00 min (real)
Generate toy 19/500
  1) RooRealVar:: n_obs_bina01 = 764

 -- Profile Likelihood -- 
Limit: r < 3.93935 @ 95% CL
Done in 0.00 min (cpu), 0.00 min (real)
Generate toy 20/500
  1) RooRealVar:: n_obs_bina01 = 778

 -- Profile Likelihood -- 
Limit: r < 4.69659 @ 95% CL
Done in 0.00 min (cpu), 0.00 min (real)
Generate toy 21/500
  1) RooRealVar:: n_obs_bina01 = 784

 -- Profile Likelihood -- 
Limit: r < 5.04632 @ 95% CL
Done in 0.00 min (cpu), 0.00 min (real)
Generate toy 22/500
  1) RooRealVar:: n_obs_bina01 = 773

 -- Profile Likelihood -- 
Limit: r < 4.41162 @ 95% CL
Done in 0.00 min (cpu), 0.00 min (real)
Generate toy 23/500
  1) RooRealVar:: n_obs_bina01 = 754

 -- Profile Likelihood -- 
Limit: r < 3.47755 @ 95% CL
Done in 0.00 min (cpu), 0.00 min (real)
Generate toy 24/500
  1) RooRealVar:: n_obs_bina01 = 784

 -- Profile Likelihood -- 
Limit: r < 5.04632 @ 95% CL
Done in 0.00 min (cpu), 0.00 min (real)
Generate toy 25/500
  1) RooRealVar:: n_obs_bina01 = 808

 -- Profile Likelihood -- 
Limit: r < 6.44244 @ 95% CL
Done in 0.00 min (cpu), 0.00 min (real)
Generate toy 26/500
  1) RooRealVar:: n_obs_bina01 = 818

 -- Profile Likelihood -- 
Limit: r < 7.0245 @ 95% CL
Done in 0.00 min (cpu), 0.00 min (real)
Generate toy 27/500
  1) RooRealVar:: n_obs_bina01 = 744

 -- Profile Likelihood -- 
Limit: r < 3.07779 @ 95% CL
Done in 0.00 min (cpu), 0.00 min (real)
Generate toy 28/500
  1) RooRealVar:: n_obs_bina01 = 806

 -- Profile Likelihood -- 
Limit: r < 6.326 @ 95% CL
Done in 0.00 min (cpu), 0.00 min (real)
Generate toy 29/500
  1) RooRealVar:: n_obs_bina01 = 818

 -- Profile Likelihood -- 
Limit: r < 7.0245 @ 95% CL
Done in 0.00 min (cpu), 0.00 min (real)
Generate toy 30/500
  1) RooRealVar:: n_obs_bina01 = 746

 -- Profile Likelihood -- 
Limit: r < 3.15304 @ 95% CL
Done in 0.00 min (cpu), 0.00 min (real)
Generate toy 31/500
  1) RooRealVar:: n_obs_bina01 = 770

 -- Profile Likelihood -- 
Limit: r < 4.24806 @ 95% CL
Done in 0.00 min (cpu), 0.00 min (real)
Generate toy 32/500
  1) RooRealVar:: n_obs_bina01 = 748

 -- Profile Likelihood -- 
Limit: r < 3.23059 @ 95% CL
Done in 0.00 min (cpu), 0.00 min (real)
Generate toy 33/500
  1) RooRealVar:: n_obs_bina01 = 708

 -- Profile Likelihood -- 
Limit: r < 2.05614 @ 95% CL
Done in 0.00 min (cpu), 0.00 min (real)
Generate toy 34/500
  1) RooRealVar:: n_obs_bina01 = 799

 -- Profile Likelihood -- 
Limit: r < 5.91838 @ 95% CL
Done in 0.00 min (cpu), 0.00 min (real)
Generate toy 35/500
  1) RooRealVar:: n_obs_bina01 = 789

 -- Profile Likelihood -- 
Limit: r < 5.33689 @ 95% CL
Done in 0.00 min (cpu), 0.00 min (real)
Generate toy 36/500
  1) RooRealVar:: n_obs_bina01 = 717

 -- Profile Likelihood -- 
Limit: r < 2.26059 @ 95% CL
Done in 0.00 min (cpu), 0.00 min (real)
Generate toy 37/500
  1) RooRealVar:: n_obs_bina01 = 754

 -- Profile Likelihood -- 
Limit: r < 3.47755 @ 95% CL
Done in 0.00 min (cpu), 0.00 min (real)
Generate toy 38/500
  1) RooRealVar:: n_obs_bina01 = 839

 -- Profile Likelihood -- 
Limit: r < 8.24654 @ 95% CL
Done in 0.00 min (cpu), 0.00 min (real)
Generate toy 39/500
  1) RooRealVar:: n_obs_bina01 = 827

 -- Profile Likelihood -- 
Limit: r < 7.54827 @ 95% CL
Done in 0.00 min (cpu), 0.00 min (real)
Generate toy 40/500
  1) RooRealVar:: n_obs_bina01 = 802

 -- Profile Likelihood -- 
Limit: r < 6.0931 @ 95% CL
Done in 0.00 min (cpu), 0.00 min (real)
Generate toy 41/500
  1) RooRealVar:: n_obs_bina01 = 775

 -- Profile Likelihood -- 
Limit: r < 4.52348 @ 95% CL
Done in 0.00 min (cpu), 0.00 min (real)
Generate toy 42/500
  1) RooRealVar:: n_obs_bina01 = 735

 -- Profile Likelihood -- 
Limit: r < 2.76632 @ 95% CL
Done in 0.00 min (cpu), 0.00 min (real)
Generate toy 43/500
  1) RooRealVar:: n_obs_bina01 = 840

 -- Profile Likelihood -- 
Limit: r < 8.30473 @ 95% CL
Done in 0.00 min (cpu), 0.00 min (real)
Generate toy 44/500
  1) RooRealVar:: n_obs_bina01 = 759

 -- Profile Likelihood -- 
Limit: r < 3.70039 @ 95% CL
Done in 0.00 min (cpu), 0.00 min (real)
Generate toy 45/500
  1) RooRealVar:: n_obs_bina01 = 767

 -- Profile Likelihood -- 
Limit: r < 4.09066 @ 95% CL
Done in 0.00 min (cpu), 0.00 min (real)
Generate toy 46/500
  1) RooRealVar:: n_obs_bina01 = 793

 -- Profile Likelihood -- 
Limit: r < 5.57026 @ 95% CL
Done in 0.00 min (cpu), 0.00 min (real)
Generate toy 47/500
  1) RooRealVar:: n_obs_bina01 = 829

 -- Profile Likelihood -- 
Limit: r < 7.66465 @ 95% CL
Done in 0.00 min (cpu), 0.00 min (real)
Generate toy 48/500
  1) RooRealVar:: n_obs_bina01 = 763

 -- Profile Likelihood -- 
Limit: r < 3.89024 @ 95% CL
Done in 0.00 min (cpu), 0.00 min (real)
Generate toy 49/500
  1) RooRealVar:: n_obs_bina01 = 771

 -- Profile Likelihood -- 
Limit: r < 4.30191 @ 95% CL
Done in 0.00 min (cpu), 0.00 min (real)
Generate toy 50/500
  1) RooRealVar:: n_obs_bina01 = 767

 -- Profile Likelihood -- 
Limit: r < 4.09066 @ 95% CL
Done in 0.00 min (cpu), 0.00 min (real)
Generate toy 51/500
  1) RooRealVar:: n_obs_bina01 = 742

 -- Profile Likelihood -- 
Limit: r < 3.0048 @ 95% CL
Done in 0.00 min (cpu), 0.00 min (real)
Generate toy 52/500
  1) RooRealVar:: n_obs_bina01 = 835

 -- Profile Likelihood -- 
Limit: r < 8.01379 @ 95% CL
Done in 0.00 min (cpu), 0.00 min (real)
Generate toy 53/500
  1) RooRealVar:: n_obs_bina01 = 744

 -- Profile Likelihood -- 
Limit: r < 3.07779 @ 95% CL
Done in 0.00 min (cpu), 0.00 min (real)
Generate toy 54/500
  1) RooRealVar:: n_obs_bina01 = 749

 -- Profile Likelihood -- 
Limit: r < 3.27024 @ 95% CL
Done in 0.00 min (cpu), 0.00 min (real)
Generate toy 55/500
  1) RooRealVar:: n_obs_bina01 = 765

 -- Profile Likelihood -- 
Limit: r < 3.98911 @ 95% CL
Done in 0.00 min (cpu), 0.00 min (real)
Generate toy 56/500
  1) RooRealVar:: n_obs_bina01 = 779

 -- Profile Likelihood -- 
Limit: r < 4.75512 @ 95% CL
Done in 0.00 min (cpu), 0.00 min (real)
Generate toy 57/500
  1) RooRealVar:: n_obs_bina01 = 799

 -- Profile Likelihood -- 
Limit: r < 5.91838 @ 95% CL
Done in 0.00 min (cpu), 0.00 min (real)
Generate toy 58/500
  1) RooRealVar:: n_obs_bina01 = 788

 -- Profile Likelihood -- 
Limit: r < 5.2787 @ 95% CL
Done in 0.00 min (cpu), 0.00 min (real)
Generate toy 59/500
  1) RooRealVar:: n_obs_bina01 = 777

 -- Profile Likelihood -- 
Limit: r < 4.63845 @ 95% CL
Done in 0.00 min (cpu), 0.00 min (real)
Generate toy 60/500
  1) RooRealVar:: n_obs_bina01 = 729

 -- Profile Likelihood -- 
Limit: r < 2.58159 @ 95% CL
Done in 0.00 min (cpu), 0.00 min (real)
Generate toy 61/500
  1) RooRealVar:: n_obs_bina01 = 816

 -- Profile Likelihood -- 
Limit: r < 6.9081 @ 95% CL
Done in 0.00 min (cpu), 0.00 min (real)
Generate toy 62/500
  1) RooRealVar:: n_obs_bina01 = 781

 -- Profile Likelihood -- 
Limit: r < 4.87126 @ 95% CL
Done in 0.00 min (cpu), 0.00 min (real)
Generate toy 63/500
  1) RooRealVar:: n_obs_bina01 = 736

 -- Profile Likelihood -- 
Limit: r < 2.79883 @ 95% CL
Done in 0.00 min (cpu), 0.00 min (real)
Generate toy 64/500
  1) RooRealVar:: n_obs_bina01 = 799

 -- Profile Likelihood -- 
Limit: r < 5.91838 @ 95% CL
Done in 0.00 min (cpu), 0.00 min (real)
Generate toy 65/500
  1) RooRealVar:: n_obs_bina01 = 781

 -- Profile Likelihood -- 
Limit: r < 4.87126 @ 95% CL
Done in 0.00 min (cpu), 0.00 min (real)
Generate toy 66/500
  1) RooRealVar:: n_obs_bina01 = 857

 -- Profile Likelihood -- 
Limit: r < 9.2938 @ 95% CL
Done in 0.00 min (cpu), 0.00 min (real)
Generate toy 67/500
  1) RooRealVar:: n_obs_bina01 = 759

 -- Profile Likelihood -- 
Limit: r < 3.70039 @ 95% CL
Done in 0.00 min (cpu), 0.00 min (real)
Generate toy 68/500
  1) RooRealVar:: n_obs_bina01 = 764

 -- Profile Likelihood -- 
Limit: r < 3.93935 @ 95% CL
Done in 0.00 min (cpu), 0.00 min (real)
Generate toy 69/500
  1) RooRealVar:: n_obs_bina01 = 874

 -- Profile Likelihood -- 
Limit: r < 10.2827 @ 95% CL
Done in 0.00 min (cpu), 0.00 min (real)
Generate toy 70/500
  1) RooRealVar:: n_obs_bina01 = 756

 -- Profile Likelihood -- 
Limit: r < 3.56479 @ 95% CL
Done in 0.00 min (cpu), 0.00 min (real)
Generate toy 71/500
  1) RooRealVar:: n_obs_bina01 = 738

 -- Profile Likelihood -- 
Limit: r < 2.86538 @ 95% CL
Done in 0.00 min (cpu), 0.00 min (real)
Generate toy 72/500
  1) RooRealVar:: n_obs_bina01 = 745

 -- Profile Likelihood -- 
Limit: r < 3.11513 @ 95% CL
Done in 0.00 min (cpu), 0.00 min (real)
Generate toy 73/500
  1) RooRealVar:: n_obs_bina01 = 826

 -- Profile Likelihood -- 
Limit: r < 7.49008 @ 95% CL
Done in 0.00 min (cpu), 0.00 min (real)
Generate toy 74/500
  1) RooRealVar:: n_obs_bina01 = 758

 -- Profile Likelihood -- 
Limit: r < 3.65455 @ 95% CL
Done in 0.00 min (cpu), 0.00 min (real)
Generate toy 75/500
  1) RooRealVar:: n_obs_bina01 = 818

 -- Profile Likelihood -- 
Limit: r < 7.0245 @ 95% CL
Done in 0.00 min (cpu), 0.00 min (real)
Generate toy 76/500
  1) RooRealVar:: n_obs_bina01 = 776

 -- Profile Likelihood -- 
Limit: r < 4.58085 @ 95% CL
Done in 0.00 min (cpu), 0.00 min (real)
Generate toy 77/500
  1) RooRealVar:: n_obs_bina01 = 737

 -- Profile Likelihood -- 
Limit: r < 2.83184 @ 95% CL
Done in 0.00 min (cpu), 0.00 min (real)
Generate toy 78/500
  1) RooRealVar:: n_obs_bina01 = 790

 -- Profile Likelihood -- 
Limit: r < 5.39509 @ 95% CL
Done in 0.00 min (cpu), 0.00 min (real)
Generate toy 79/500
  1) RooRealVar:: n_obs_bina01 = 847

 -- Profile Likelihood -- 
Limit: r < 8.71201 @ 95% CL
Done in 0.00 min (cpu), 0.00 min (real)
Generate toy 80/500
  1) RooRealVar:: n_obs_bina01 = 837

 -- Profile Likelihood -- 
Limit: r < 8.13017 @ 95% CL
Done in 0.00 min (cpu), 0.00 min (real)
Generate toy 81/500
  1) RooRealVar:: n_obs_bina01 = 747

 -- Profile Likelihood -- 
Limit: r < 3.19152 @ 95% CL
Done in 0.00 min (cpu), 0.00 min (real)
Generate toy 82/500
  1) RooRealVar:: n_obs_bina01 = 781

 -- Profile Likelihood -- 
Limit: r < 4.87126 @ 95% CL
Done in 0.00 min (cpu), 0.00 min (real)
Generate toy 83/500
  1) RooRealVar:: n_obs_bina01 = 780

 -- Profile Likelihood -- 
Limit: r < 4.81315 @ 95% CL
Done in 0.00 min (cpu), 0.00 min (real)
Generate toy 84/500
  1) RooRealVar:: n_obs_bina01 = 772

 -- Profile Likelihood -- 
Limit: r < 4.35645 @ 95% CL
Done in 0.00 min (cpu), 0.00 min (real)
Generate toy 85/500
  1) RooRealVar:: n_obs_bina01 = 792

 -- Profile Likelihood -- 
Limit: r < 5.51149 @ 95% CL
Done in 0.00 min (cpu), 0.00 min (real)
Generate toy 86/500
  1) RooRealVar:: n_obs_bina01 = 813

 -- Profile Likelihood -- 
Limit: r < 6.73349 @ 95% CL
Done in 0.00 min (cpu), 0.00 min (real)
Generate toy 87/500
  1) RooRealVar:: n_obs_bina01 = 739

 -- Profile Likelihood -- 
Limit: r < 2.89943 @ 95% CL
Done in 0.00 min (cpu), 0.00 min (real)
Generate toy 88/500
  1) RooRealVar:: n_obs_bina01 = 774

 -- Profile Likelihood -- 
Limit: r < 4.46731 @ 95% CL
Done in 0.00 min (cpu), 0.00 min (real)
Generate toy 89/500
  1) RooRealVar:: n_obs_bina01 = 823

 -- Profile Likelihood -- 
Limit: r < 7.31549 @ 95% CL
Done in 0.00 min (cpu), 0.00 min (real)
Generate toy 90/500
  1) RooRealVar:: n_obs_bina01 = 765

 -- Profile Likelihood -- 
Limit: r < 3.98911 @ 95% CL
Done in 0.00 min (cpu), 0.00 min (real)
Generate toy 91/500
  1) RooRealVar:: n_obs_bina01 = 745

 -- Profile Likelihood -- 
Limit: r < 3.11513 @ 95% CL
Done in 0.00 min (cpu), 0.00 min (real)
Generate toy 92/500
  1) RooRealVar:: n_obs_bina01 = 724

 -- Profile Likelihood -- 
Limit: r < 2.44078 @ 95% CL
Done in 0.00 min (cpu), 0.00 min (real)
Generate toy 93/500
  1) RooRealVar:: n_obs_bina01 = 846

 -- Profile Likelihood -- 
Limit: r < 8.65383 @ 95% CL
Done in 0.00 min (cpu), 0.00 min (real)
Generate toy 94/500
  1) RooRealVar:: n_obs_bina01 = 699

 -- Profile Likelihood -- 
Limit: r < 1.87813 @ 95% CL
Done in 0.00 min (cpu), 0.00 min (real)
Generate toy 95/500
  1) RooRealVar:: n_obs_bina01 = 765

 -- Profile Likelihood -- 
Limit: r < 3.98911 @ 95% CL
Done in 0.00 min (cpu), 0.00 min (real)
Generate toy 96/500
  1) RooRealVar:: n_obs_bina01 = 869

 -- Profile Likelihood -- 
Limit: r < 9.9919 @ 95% CL
Done in 0.00 min (cpu), 0.00 min (real)
Generate toy 97/500
  1) RooRealVar:: n_obs_bina01 = 783

 -- Profile Likelihood -- 
Limit: r < 4.98763 @ 95% CL
Done in 0.00 min (cpu), 0.00 min (real)
Generate toy 98/500
  1) RooRealVar:: n_obs_bina01 = 786

 -- Profile Likelihood -- 
Limit: r < 5.16237 @ 95% CL
Done in 0.00 min (cpu), 0.00 min (real)
Generate toy 99/500
  1) RooRealVar:: n_obs_bina01 = 758

 -- Profile Likelihood -- 
Limit: r < 3.65455 @ 95% CL
Done in 0.00 min (cpu), 0.00 min (real)
Generate toy 100/500
  1) RooRealVar:: n_obs_bina01 = 807

 -- Profile Likelihood -- 
Limit: r < 6.38422 @ 95% CL
Done in 0.00 min (cpu), 0.00 min (real)
Generate toy 101/500
  1) RooRealVar:: n_obs_bina01 = 772

 -- Profile Likelihood -- 
Limit: r < 4.35645 @ 95% CL
Done in 0.00 min (cpu), 0.00 min (real)
Generate toy 102/500
  1) RooRealVar:: n_obs_bina01 = 869

 -- Profile Likelihood -- 
Limit: r < 9.9919 @ 95% CL
Done in 0.00 min (cpu), 0.00 min (real)
Generate toy 103/500
  1) RooRealVar:: n_obs_bina01 = 768

 -- Profile Likelihood -- 
Limit: r < 4.14244 @ 95% CL
Done in 0.00 min (cpu), 0.00 min (real)
Generate toy 104/500
  1) RooRealVar:: n_obs_bina01 = 827

 -- Profile Likelihood -- 
Limit: r < 7.54827 @ 95% CL
Done in 0.00 min (cpu), 0.00 min (real)
Generate toy 105/500
  1) RooRealVar:: n_obs_bina01 = 779

 -- Profile Likelihood -- 
Limit: r < 4.75512 @ 95% CL
Done in 0.00 min (cpu), 0.00 min (real)
Generate toy 106/500
  1) RooRealVar:: n_obs_bina01 = 733

 -- Profile Likelihood -- 
Limit: r < 2.70281 @ 95% CL
Done in 0.00 min (cpu), 0.00 min (real)
Generate toy 107/500
  1) RooRealVar:: n_obs_bina01 = 700

 -- Profile Likelihood -- 
Limit: r < 1.89673 @ 95% CL
Done in 0.00 min (cpu), 0.00 min (real)
Generate toy 108/500
  1) RooRealVar:: n_obs_bina01 = 753

 -- Profile Likelihood -- 
Limit: r < 3.43486 @ 95% CL
Done in 0.00 min (cpu), 0.00 min (real)
Generate toy 109/500
  1) RooRealVar:: n_obs_bina01 = 850

 -- Profile Likelihood -- 
Limit: r < 8.88655 @ 95% CL
Done in 0.00 min (cpu), 0.00 min (real)
Generate toy 110/500
  1) RooRealVar:: n_obs_bina01 = 828

 -- Profile Likelihood -- 
Limit: r < 7.60646 @ 95% CL
Done in 0.00 min (cpu), 0.00 min (real)
Generate toy 111/500
  1) RooRealVar:: n_obs_bina01 = 810

 -- Profile Likelihood -- 
Limit: r < 6.55886 @ 95% CL
Done in 0.00 min (cpu), 0.00 min (real)
Generate toy 112/500
  1) RooRealVar:: n_obs_bina01 = 818

 -- Profile Likelihood -- 
Limit: r < 7.0245 @ 95% CL
Done in 0.00 min (cpu), 0.00 min (real)
Generate toy 113/500
  1) RooRealVar:: n_obs_bina01 = 741

 -- Profile Likelihood -- 
Limit: r < 2.96914 @ 95% CL
Done in 0.00 min (cpu), 0.00 min (real)
Generate toy 114/500
  1) RooRealVar:: n_obs_bina01 = 847

 -- Profile Likelihood -- 
Limit: r < 8.71201 @ 95% CL
Done in 0.00 min (cpu), 0.00 min (real)
Generate toy 115/500
  1) RooRealVar:: n_obs_bina01 = 733

 -- Profile Likelihood -- 
Limit: r < 2.70281 @ 95% CL
Done in 0.00 min (cpu), 0.00 min (real)
Generate toy 116/500
  1) RooRealVar:: n_obs_bina01 = 842

 -- Profile Likelihood -- 
Limit: r < 8.42109 @ 95% CL
Done in 0.00 min (cpu), 0.00 min (real)
Generate toy 117/500
  1) RooRealVar:: n_obs_bina01 = 721

 -- Profile Likelihood -- 
Limit: r < 2.36112 @ 95% CL
Done in 0.00 min (cpu), 0.00 min (real)
Generate toy 118/500
  1) RooRealVar:: n_obs_bina01 = 767

 -- Profile Likelihood -- 
Limit: r < 4.09066 @ 95% CL
Done in 0.00 min (cpu), 0.00 min (real)
Generate toy 119/500
  1) RooRealVar:: n_obs_bina01 = 787

 -- Profile Likelihood -- 
Limit: r < 5.22052 @ 95% CL
Done in 0.00 min (cpu), 0.00 min (real)
Generate toy 120/500
  1) RooRealVar:: n_obs_bina01 = 745

 -- Profile Likelihood -- 
Limit: r < 3.11513 @ 95% CL
Done in 0.00 min (cpu), 0.00 min (real)
Generate toy 121/500
  1) RooRealVar:: n_obs_bina01 = 743

 -- Profile Likelihood -- 
Limit: r < 3.04102 @ 95% CL
Done in 0.00 min (cpu), 0.00 min (real)
Generate toy 122/500
  1) RooRealVar:: n_obs_bina01 = 844

 -- Profile Likelihood -- 
Limit: r < 8.53746 @ 95% CL
Done in 0.00 min (cpu), 0.00 min (real)
Generate toy 123/500
  1) RooRealVar:: n_obs_bina01 = 745

 -- Profile Likelihood -- 
Limit: r < 3.11513 @ 95% CL
Done in 0.00 min (cpu), 0.00 min (real)
Generate toy 124/500
  1) RooRealVar:: n_obs_bina01 = 732

 -- Profile Likelihood -- 
Limit: r < 2.67179 @ 95% CL
Done in 0.00 min (cpu), 0.00 min (real)
Generate toy 125/500
  1) RooRealVar:: n_obs_bina01 = 779

 -- Profile Likelihood -- 
Limit: r < 4.75512 @ 95% CL
Done in 0.00 min (cpu), 0.00 min (real)
Generate toy 126/500
  1) RooRealVar:: n_obs_bina01 = 767

 -- Profile Likelihood -- 
Limit: r < 4.09066 @ 95% CL
Done in 0.00 min (cpu), 0.00 min (real)
Generate toy 127/500
  1) RooRealVar:: n_obs_bina01 = 796

 -- Profile Likelihood -- 
Limit: r < 5.74446 @ 95% CL
Done in 0.00 min (cpu), 0.00 min (real)
Generate toy 128/500
  1) RooRealVar:: n_obs_bina01 = 796

 -- Profile Likelihood -- 
Limit: r < 5.74446 @ 95% CL
Done in 0.00 min (cpu), 0.00 min (real)
Generate toy 129/500
  1) RooRealVar:: n_obs_bina01 = 765

 -- Profile Likelihood -- 
Limit: r < 3.98911 @ 95% CL
Done in 0.00 min (cpu), 0.00 min (real)
Generate toy 130/500
  1) RooRealVar:: n_obs_bina01 = 847

 -- Profile Likelihood -- 
Limit: r < 8.71201 @ 95% CL
Done in 0.00 min (cpu), 0.00 min (real)
Generate toy 131/500
  1) RooRealVar:: n_obs_bina01 = 787

 -- Profile Likelihood -- 
Limit: r < 5.22052 @ 95% CL
Done in 0.00 min (cpu), 0.00 min (real)
Generate toy 132/500
  1) RooRealVar:: n_obs_bina01 = 760

 -- Profile Likelihood -- 
Limit: r < 3.74688 @ 95% CL
Done in 0.00 min (cpu), 0.00 min (real)
Generate toy 133/500
  1) RooRealVar:: n_obs_bina01 = 677

 -- Profile Likelihood -- 
Limit: r < 1.531 @ 95% CL
Done in 0.00 min (cpu), 0.00 min (real)
Generate toy 134/500
  1) RooRealVar:: n_obs_bina01 = 734

 -- Profile Likelihood -- 
Limit: r < 2.73432 @ 95% CL
Done in 0.00 min (cpu), 0.00 min (real)
Generate toy 135/500
  1) RooRealVar:: n_obs_bina01 = 767

 -- Profile Likelihood -- 
Limit: r < 4.09066 @ 95% CL
Done in 0.00 min (cpu), 0.00 min (real)
Generate toy 136/500
  1) RooRealVar:: n_obs_bina01 = 812

 -- Profile Likelihood -- 
Limit: r < 6.67528 @ 95% CL
Done in 0.00 min (cpu), 0.00 min (real)
Generate toy 137/500
  1) RooRealVar:: n_obs_bina01 = 786

 -- Profile Likelihood -- 
Limit: r < 5.16237 @ 95% CL
Done in 0.00 min (cpu), 0.00 min (real)
Generate toy 138/500
  1) RooRealVar:: n_obs_bina01 = 846

 -- Profile Likelihood -- 
Limit: r < 8.65383 @ 95% CL
Done in 0.00 min (cpu), 0.00 min (real)
Generate toy 139/500
  1) RooRealVar:: n_obs_bina01 = 720

 -- Profile Likelihood -- 
Limit: r < 2.33539 @ 95% CL
Done in 0.00 min (cpu), 0.00 min (real)
Generate toy 140/500
  1) RooRealVar:: n_obs_bina01 = 796

 -- Profile Likelihood -- 
Limit: r < 5.74446 @ 95% CL
Done in 0.00 min (cpu), 0.00 min (real)
Generate toy 141/500
  1) RooRealVar:: n_obs_bina01 = 734

 -- Profile Likelihood -- 
Limit: r < 2.73432 @ 95% CL
Done in 0.00 min (cpu), 0.00 min (real)
Generate toy 142/500
  1) RooRealVar:: n_obs_bina01 = 748

 -- Profile Likelihood -- 
Limit: r < 3.23059 @ 95% CL
Done in 0.00 min (cpu), 0.00 min (real)
Generate toy 143/500
  1) RooRealVar:: n_obs_bina01 = 766

 -- Profile Likelihood -- 
Limit: r < 4.03955 @ 95% CL
Done in 0.00 min (cpu), 0.00 min (real)
Generate toy 144/500
  1) RooRealVar:: n_obs_bina01 = 741

 -- Profile Likelihood -- 
Limit: r < 2.96914 @ 95% CL
Done in 0.00 min (cpu), 0.00 min (real)
Generate toy 145/500
  1) RooRealVar:: n_obs_bina01 = 754

 -- Profile Likelihood -- 
Limit: r < 3.47755 @ 95% CL
Done in 0.00 min (cpu), 0.00 min (real)
Generate toy 146/500
  1) RooRealVar:: n_obs_bina01 = 752

 -- Profile Likelihood -- 
Limit: r < 3.3928 @ 95% CL
Done in 0.00 min (cpu), 0.00 min (real)
Generate toy 147/500
  1) RooRealVar:: n_obs_bina01 = 780

 -- Profile Likelihood -- 
Limit: r < 4.81315 @ 95% CL
Done in 0.00 min (cpu), 0.00 min (real)
Generate toy 148/500
  1) RooRealVar:: n_obs_bina01 = 814

 -- Profile Likelihood -- 
Limit: r < 6.79169 @ 95% CL
Done in 0.00 min (cpu), 0.00 min (real)
Generate toy 149/500
  1) RooRealVar:: n_obs_bina01 = 774

 -- Profile Likelihood -- 
Limit: r < 4.46731 @ 95% CL
Done in 0.00 min (cpu), 0.00 min (real)
Generate toy 150/500
  1) RooRealVar:: n_obs_bina01 = 756

 -- Profile Likelihood -- 
Limit: r < 3.56479 @ 95% CL
Done in 0.00 min (cpu), 0.00 min (real)
Generate toy 151/500
  1) RooRealVar:: n_obs_bina01 = 858

 -- Profile Likelihood -- 
Limit: r < 9.35198 @ 95% CL
Done in 0.00 min (cpu), 0.00 min (real)
Generate toy 152/500
  1) RooRealVar:: n_obs_bina01 = 793

 -- Profile Likelihood -- 
Limit: r < 5.57026 @ 95% CL
Done in 0.00 min (cpu), 0.00 min (real)
Generate toy 153/500
  1) RooRealVar:: n_obs_bina01 = 763

 -- Profile Likelihood -- 
Limit: r < 3.89024 @ 95% CL
Done in 0.00 min (cpu), 0.00 min (real)
Generate toy 154/500
  1) RooRealVar:: n_obs_bina01 = 790

 -- Profile Likelihood -- 
Limit: r < 5.39509 @ 95% CL
Done in 0.00 min (cpu), 0.00 min (real)
Generate toy 155/500
  1) RooRealVar:: n_obs_bina01 = 702

 -- Profile Likelihood -- 
Limit: r < 1.93478 @ 95% CL
Done in 0.00 min (cpu), 0.00 min (real)
Generate toy 156/500
  1) RooRealVar:: n_obs_bina01 = 724

 -- Profile Likelihood -- 
Limit: r < 2.44078 @ 95% CL
Done in 0.00 min (cpu), 0.00 min (real)
Generate toy 157/500
  1) RooRealVar:: n_obs_bina01 = 761

 -- Profile Likelihood -- 
Limit: r < 3.79401 @ 95% CL
Done in 0.00 min (cpu), 0.00 min (real)
Generate toy 158/500
  1) RooRealVar:: n_obs_bina01 = 812

 -- Profile Likelihood -- 
Limit: r < 6.67528 @ 95% CL
Done in 0.00 min (cpu), 0.00 min (real)
Generate toy 159/500
  1) RooRealVar:: n_obs_bina01 = 766

 -- Profile Likelihood -- 
Limit: r < 4.03955 @ 95% CL
Done in 0.00 min (cpu), 0.00 min (real)
Generate toy 160/500
  1) RooRealVar:: n_obs_bina01 = 846

 -- Profile Likelihood -- 
Limit: r < 8.65383 @ 95% CL
Done in 0.00 min (cpu), 0.00 min (real)
Generate toy 161/500
  1) RooRealVar:: n_obs_bina01 = 701

 -- Profile Likelihood -- 
Limit: r < 1.91561 @ 95% CL
Done in 0.00 min (cpu), 0.00 min (real)
Generate toy 162/500
  1) RooRealVar:: n_obs_bina01 = 819

 -- Profile Likelihood -- 
Limit: r < 7.0827 @ 95% CL
Done in 0.00 min (cpu), 0.00 min (real)
Generate toy 163/500
  1) RooRealVar:: n_obs_bina01 = 880

 -- Profile Likelihood -- 
Limit: r < 10.6318 @ 95% CL
Done in 0.00 min (cpu), 0.00 min (real)
Generate toy 164/500
  1) RooRealVar:: n_obs_bina01 = 747

 -- Profile Likelihood -- 
Limit: r < 3.19152 @ 95% CL
Done in 0.00 min (cpu), 0.00 min (real)
Generate toy 165/500
  1) RooRealVar:: n_obs_bina01 = 802

 -- Profile Likelihood -- 
Limit: r < 6.0931 @ 95% CL
Done in 0.00 min (cpu), 0.00 min (real)
Generate toy 166/500
  1) RooRealVar:: n_obs_bina01 = 765

 -- Profile Likelihood -- 
Limit: r < 3.98911 @ 95% CL
Done in 0.00 min (cpu), 0.00 min (real)
Generate toy 167/500
  1) RooRealVar:: n_obs_bina01 = 771

 -- Profile Likelihood -- 
Limit: r < 4.30191 @ 95% CL
Done in 0.00 min (cpu), 0.00 min (real)
Generate toy 168/500
  1) RooRealVar:: n_obs_bina01 = 809

 -- Profile Likelihood -- 
Limit: r < 6.50065 @ 95% CL
Done in 0.00 min (cpu), 0.00 min (real)
Generate toy 169/500
  1) RooRealVar:: n_obs_bina01 = 757

 -- Profile Likelihood -- 
Limit: r < 3.60935 @ 95% CL
Done in 0.00 min (cpu), 0.00 min (real)
Generate toy 170/500
  1) RooRealVar:: n_obs_bina01 = 820

 -- Profile Likelihood -- 
Limit: r < 7.1409 @ 95% CL
Done in 0.00 min (cpu), 0.00 min (real)
Generate toy 171/500
  1) RooRealVar:: n_obs_bina01 = 745

 -- Profile Likelihood -- 
Limit: r < 3.11513 @ 95% CL
Done in 0.00 min (cpu), 0.00 min (real)
Generate toy 172/500
  1) RooRealVar:: n_obs_bina01 = 668

 -- Profile Likelihood -- 
Limit: r < 1.41729 @ 95% CL
Done in 0.00 min (cpu), 0.00 min (real)
Generate toy 173/500
  1) RooRealVar:: n_obs_bina01 = 771

 -- Profile Likelihood -- 
Limit: r < 4.30191 @ 95% CL
Done in 0.00 min (cpu), 0.00 min (real)
Generate toy 174/500
  1) RooRealVar:: n_obs_bina01 = 753

 -- Profile Likelihood -- 
Limit: r < 3.43486 @ 95% CL
Done in 0.00 min (cpu), 0.00 min (real)
Generate toy 175/500
  1) RooRealVar:: n_obs_bina01 = 768

 -- Profile Likelihood -- 
Limit: r < 4.14244 @ 95% CL
Done in 0.00 min (cpu), 0.00 min (real)
Generate toy 176/500
  1) RooRealVar:: n_obs_bina01 = 776

 -- Profile Likelihood -- 
Limit: r < 4.58085 @ 95% CL
Done in 0.00 min (cpu), 0.00 min (real)
Generate toy 177/500
  1) RooRealVar:: n_obs_bina01 = 809

 -- Profile Likelihood -- 
Limit: r < 6.50065 @ 95% CL
Done in 0.00 min (cpu), 0.00 min (real)
Generate toy 178/500
  1) RooRealVar:: n_obs_bina01 = 740

 -- Profile Likelihood -- 
Limit: r < 2.93401 @ 95% CL
Done in 0.00 min (cpu), 0.00 min (real)
Generate toy 179/500
  1) RooRealVar:: n_obs_bina01 = 855

 -- Profile Likelihood -- 
Limit: r < 9.17745 @ 95% CL
Done in 0.00 min (cpu), 0.00 min (real)
Generate toy 180/500
  1) RooRealVar:: n_obs_bina01 = 772

 -- Profile Likelihood -- 
Limit: r < 4.35645 @ 95% CL
Done in 0.00 min (cpu), 0.00 min (real)
Generate toy 181/500
  1) RooRealVar:: n_obs_bina01 = 819

 -- Profile Likelihood -- 
Limit: r < 7.0827 @ 95% CL
Done in 0.00 min (cpu), 0.00 min (real)
Generate toy 182/500
  1) RooRealVar:: n_obs_bina01 = 774

 -- Profile Likelihood -- 
Limit: r < 4.46731 @ 95% CL
Done in 0.00 min (cpu), 0.00 min (real)
Generate toy 183/500
  1) RooRealVar:: n_obs_bina01 = 764

 -- Profile Likelihood -- 
Limit: r < 3.93935 @ 95% CL
Done in 0.00 min (cpu), 0.00 min (real)
Generate toy 184/500
  1) RooRealVar:: n_obs_bina01 = 821

 -- Profile Likelihood -- 
Limit: r < 7.1991 @ 95% CL
Done in 0.00 min (cpu), 0.00 min (real)
Generate toy 185/500
  1) RooRealVar:: n_obs_bina01 = 802

 -- Profile Likelihood -- 
Limit: r < 6.0931 @ 95% CL
Done in 0.00 min (cpu), 0.00 min (real)
Generate toy 186/500
  1) RooRealVar:: n_obs_bina01 = 815

 -- Profile Likelihood -- 
Limit: r < 6.8499 @ 95% CL
Done in 0.00 min (cpu), 0.00 min (real)
Generate toy 187/500
  1) RooRealVar:: n_obs_bina01 = 770

 -- Profile Likelihood -- 
Limit: r < 4.24806 @ 95% CL
Done in 0.00 min (cpu), 0.00 min (real)
Generate toy 188/500
  1) RooRealVar:: n_obs_bina01 = 745

 -- Profile Likelihood -- 
Limit: r < 3.11513 @ 95% CL
Done in 0.00 min (cpu), 0.00 min (real)
Generate toy 189/500
  1) RooRealVar:: n_obs_bina01 = 843

 -- Profile Likelihood -- 
Limit: r < 8.47928 @ 95% CL
Done in 0.00 min (cpu), 0.00 min (real)
Generate toy 190/500
  1) RooRealVar:: n_obs_bina01 = 810

 -- Profile Likelihood -- 
Limit: r < 6.55886 @ 95% CL
Done in 0.00 min (cpu), 0.00 min (real)
Generate toy 191/500
  1) RooRealVar:: n_obs_bina01 = 821

 -- Profile Likelihood -- 
Limit: r < 7.1991 @ 95% CL
Done in 0.00 min (cpu), 0.00 min (real)
Generate toy 192/500
  1) RooRealVar:: n_obs_bina01 = 799

 -- Profile Likelihood -- 
Limit: r < 5.91838 @ 95% CL
Done in 0.00 min (cpu), 0.00 min (real)
Generate toy 193/500
  1) RooRealVar:: n_obs_bina01 = 809

 -- Profile Likelihood -- 
Limit: r < 6.50065 @ 95% CL
Done in 0.00 min (cpu), 0.00 min (real)
Generate toy 194/500
  1) RooRealVar:: n_obs_bina01 = 801

 -- Profile Likelihood -- 
Limit: r < 6.03486 @ 95% CL
Done in 0.00 min (cpu), 0.00 min (real)
Generate toy 195/500
  1) RooRealVar:: n_obs_bina01 = 777

 -- Profile Likelihood -- 
Limit: r < 4.63845 @ 95% CL
Done in 0.00 min (cpu), 0.00 min (real)
Generate toy 196/500
  1) RooRealVar:: n_obs_bina01 = 754

 -- Profile Likelihood -- 
Limit: r < 3.47755 @ 95% CL
Done in 0.00 min (cpu), 0.00 min (real)
Generate toy 197/500
  1) RooRealVar:: n_obs_bina01 = 789

 -- Profile Likelihood -- 
Limit: r < 5.33689 @ 95% CL
Done in 0.00 min (cpu), 0.00 min (real)
Generate toy 198/500
  1) RooRealVar:: n_obs_bina01 = 835

 -- Profile Likelihood -- 
Limit: r < 8.01379 @ 95% CL
Done in 0.00 min (cpu), 0.00 min (real)
Generate toy 199/500
  1) RooRealVar:: n_obs_bina01 = 795

 -- Profile Likelihood -- 
Limit: r < 5.68635 @ 95% CL
Done in 0.00 min (cpu), 0.00 min (real)
Generate toy 200/500
  1) RooRealVar:: n_obs_bina01 = 840

 -- Profile Likelihood -- 
Limit: r < 8.30473 @ 95% CL
Done in 0.00 min (cpu), 0.00 min (real)
Generate toy 201/500
  1) RooRealVar:: n_obs_bina01 = 753

 -- Profile Likelihood -- 
Limit: r < 3.43486 @ 95% CL
Done in 0.00 min (cpu), 0.00 min (real)
Generate toy 202/500
  1) RooRealVar:: n_obs_bina01 = 850

 -- Profile Likelihood -- 
Limit: r < 8.88655 @ 95% CL
Done in 0.00 min (cpu), 0.00 min (real)
Generate toy 203/500
  1) RooRealVar:: n_obs_bina01 = 771

 -- Profile Likelihood -- 
Limit: r < 4.30191 @ 95% CL
Done in 0.00 min (cpu), 0.00 min (real)
Generate toy 204/500
  1) RooRealVar:: n_obs_bina01 = 806

 -- Profile Likelihood -- 
Limit: r < 6.326 @ 95% CL
Done in 0.00 min (cpu), 0.00 min (real)
Generate toy 205/500
  1) RooRealVar:: n_obs_bina01 = 747

 -- Profile Likelihood -- 
Limit: r < 3.19152 @ 95% CL
Done in 0.00 min (cpu), 0.00 min (real)
Generate toy 206/500
  1) RooRealVar:: n_obs_bina01 = 751

 -- Profile Likelihood -- 
Limit: r < 3.35134 @ 95% CL
Done in 0.00 min (cpu), 0.00 min (real)
Generate toy 207/500
  1) RooRealVar:: n_obs_bina01 = 807

 -- Profile Likelihood -- 
Limit: r < 6.38422 @ 95% CL
Done in 0.00 min (cpu), 0.00 min (real)
Generate toy 208/500
  1) RooRealVar:: n_obs_bina01 = 830

 -- Profile Likelihood -- 
Limit: r < 7.72284 @ 95% CL
Done in 0.00 min (cpu), 0.00 min (real)
Generate toy 209/500
  1) RooRealVar:: n_obs_bina01 = 771

 -- Profile Likelihood -- 
Limit: r < 4.30191 @ 95% CL
Done in 0.00 min (cpu), 0.00 min (real)
Generate toy 210/500
  1) RooRealVar:: n_obs_bina01 = 857

 -- Profile Likelihood -- 
Limit: r < 9.2938 @ 95% CL
Done in 0.00 min (cpu), 0.00 min (real)
Generate toy 211/500
  1) RooRealVar:: n_obs_bina01 = 812

 -- Profile Likelihood -- 
Limit: r < 6.67528 @ 95% CL
Done in 0.00 min (cpu), 0.00 min (real)
Generate toy 212/500
  1) RooRealVar:: n_obs_bina01 = 845

 -- Profile Likelihood -- 
Limit: r < 8.59565 @ 95% CL
Done in 0.00 min (cpu), 0.00 min (real)
Generate toy 213/500
  1) RooRealVar:: n_obs_bina01 = 783

 -- Profile Likelihood -- 
Limit: r < 4.98763 @ 95% CL
Done in 0.00 min (cpu), 0.00 min (real)
Generate toy 214/500
  1) RooRealVar:: n_obs_bina01 = 794

 -- Profile Likelihood -- 
Limit: r < 5.62827 @ 95% CL
Done in 0.00 min (cpu), 0.00 min (real)
Generate toy 215/500
  1) RooRealVar:: n_obs_bina01 = 775

 -- Profile Likelihood -- 
Limit: r < 4.52348 @ 95% CL
Done in 0.00 min (cpu), 0.00 min (real)
Generate toy 216/500
  1) RooRealVar:: n_obs_bina01 = 707

 -- Profile Likelihood -- 
Limit: r < 2.03513 @ 95% CL
Done in 0.00 min (cpu), 0.00 min (real)
Generate toy 217/500
  1) RooRealVar:: n_obs_bina01 = 706

 -- Profile Likelihood -- 
Limit: r < 2.01444 @ 95% CL
Done in 0.00 min (cpu), 0.00 min (real)
Generate toy 218/500
  1) RooRealVar:: n_obs_bina01 = 751

 -- Profile Likelihood -- 
Limit: r < 3.35134 @ 95% CL
Done in 0.00 min (cpu), 0.00 min (real)
Generate toy 219/500
  1) RooRealVar:: n_obs_bina01 = 727

 -- Profile Likelihood -- 
Limit: r < 2.52377 @ 95% CL
Done in 0.00 min (cpu), 0.00 min (real)
Generate toy 220/500
  1) RooRealVar:: n_obs_bina01 = 756

 -- Profile Likelihood -- 
Limit: r < 3.56479 @ 95% CL
Done in 0.00 min (cpu), 0.00 min (real)
Generate toy 221/500
  1) RooRealVar:: n_obs_bina01 = 790

 -- Profile Likelihood -- 
Limit: r < 5.39509 @ 95% CL
Done in 0.00 min (cpu), 0.00 min (real)
Generate toy 222/500
  1) RooRealVar:: n_obs_bina01 = 674

 -- Profile Likelihood -- 
Limit: r < 1.49153 @ 95% CL
Done in 0.00 min (cpu), 0.00 min (real)
Generate toy 223/500
  1) RooRealVar:: n_obs_bina01 = 742

 -- Profile Likelihood -- 
Limit: r < 3.0048 @ 95% CL
Done in 0.00 min (cpu), 0.00 min (real)
Generate toy 224/500
  1) RooRealVar:: n_obs_bina01 = 808

 -- Profile Likelihood -- 
Limit: r < 6.44244 @ 95% CL
Done in 0.00 min (cpu), 0.00 min (real)
Generate toy 225/500
  1) RooRealVar:: n_obs_bina01 = 681

 -- Profile Likelihood -- 
Limit: r < 1.58624 @ 95% CL
Done in 0.00 min (cpu), 0.00 min (real)
Generate toy 226/500
  1) RooRealVar:: n_obs_bina01 = 748

 -- Profile Likelihood -- 
Limit: r < 3.23059 @ 95% CL
Done in 0.00 min (cpu), 0.00 min (real)
Generate toy 227/500
  1) RooRealVar:: n_obs_bina01 = 774

 -- Profile Likelihood -- 
Limit: r < 4.46731 @ 95% CL
Done in 0.00 min (cpu), 0.00 min (real)
Generate toy 228/500
  1) RooRealVar:: n_obs_bina01 = 705

 -- Profile Likelihood -- 
Limit: r < 1.99407 @ 95% CL
Done in 0.00 min (cpu), 0.00 min (real)
Generate toy 229/500
  1) RooRealVar:: n_obs_bina01 = 836

 -- Profile Likelihood -- 
Limit: r < 8.07198 @ 95% CL
Done in 0.00 min (cpu), 0.00 min (real)
Generate toy 230/500
  1) RooRealVar:: n_obs_bina01 = 731

 -- Profile Likelihood -- 
Limit: r < 2.64125 @ 95% CL
Done in 0.00 min (cpu), 0.00 min (real)
Generate toy 231/500
  1) RooRealVar:: n_obs_bina01 = 742

 -- Profile Likelihood -- 
Limit: r < 3.0048 @ 95% CL
Done in 0.00 min (cpu), 0.00 min (real)
Generate toy 232/500
  1) RooRealVar:: n_obs_bina01 = 797

 -- Profile Likelihood -- 
Limit: r < 5.80261 @ 95% CL
Done in 0.00 min (cpu), 0.00 min (real)
Generate toy 233/500
  1) RooRealVar:: n_obs_bina01 = 698

 -- Profile Likelihood -- 
Limit: r < 1.85981 @ 95% CL
Done in 0.00 min (cpu), 0.00 min (real)
Generate toy 234/500
  1) RooRealVar:: n_obs_bina01 = 813

 -- Profile Likelihood -- 
Limit: r < 6.73349 @ 95% CL
Done in 0.00 min (cpu), 0.00 min (real)
Generate toy 235/500
  1) RooRealVar:: n_obs_bina01 = 740

 -- Profile Likelihood -- 
Limit: r < 2.93401 @ 95% CL
Done in 0.00 min (cpu), 0.00 min (real)
Generate toy 236/500
  1) RooRealVar:: n_obs_bina01 = 740

 -- Profile Likelihood -- 
Limit: r < 2.93401 @ 95% CL
Done in 0.00 min (cpu), 0.00 min (real)
Generate toy 237/500
  1) RooRealVar:: n_obs_bina01 = 745

 -- Profile Likelihood -- 
Limit: r < 3.11513 @ 95% CL
Done in 0.00 min (cpu), 0.00 min (real)
Generate toy 238/500
  1) RooRealVar:: n_obs_bina01 = 808

 -- Profile Likelihood -- 
Limit: r < 6.44244 @ 95% CL
Done in 0.00 min (cpu), 0.00 min (real)
Generate toy 239/500
  1) RooRealVar:: n_obs_bina01 = 899

 -- Profile Likelihood -- 
Limit: r < 11.7369 @ 95% CL
Done in 0.00 min (cpu), 0.00 min (real)
Generate toy 240/500
  1) RooRealVar:: n_obs_bina01 = 787

 -- Profile Likelihood -- 
Limit: r < 5.22052 @ 95% CL
Done in 0.00 min (cpu), 0.00 min (real)
Generate toy 241/500
  1) RooRealVar:: n_obs_bina01 = 774

 -- Profile Likelihood -- 
Limit: r < 4.46731 @ 95% CL
Done in 0.00 min (cpu), 0.00 min (real)
Generate toy 242/500
  1) RooRealVar:: n_obs_bina01 = 750

 -- Profile Likelihood -- 
Limit: r < 3.31049 @ 95% CL
Done in 0.00 min (cpu), 0.00 min (real)
Generate toy 243/500
  1) RooRealVar:: n_obs_bina01 = 784

 -- Profile Likelihood -- 
Limit: r < 5.04632 @ 95% CL
Done in 0.00 min (cpu), 0.00 min (real)
Generate toy 244/500
  1) RooRealVar:: n_obs_bina01 = 797

 -- Profile Likelihood -- 
Limit: r < 5.80261 @ 95% CL
Done in 0.00 min (cpu), 0.00 min (real)
Generate toy 245/500
  1) RooRealVar:: n_obs_bina01 = 752

 -- Profile Likelihood -- 
Limit: r < 3.3928 @ 95% CL
Done in 0.00 min (cpu), 0.00 min (real)
Generate toy 246/500
  1) RooRealVar:: n_obs_bina01 = 771

 -- Profile Likelihood -- 
Limit: r < 4.30191 @ 95% CL
Done in 0.00 min (cpu), 0.00 min (real)
Generate toy 247/500
  1) RooRealVar:: n_obs_bina01 = 751

 -- Profile Likelihood -- 
Limit: r < 3.35134 @ 95% CL
Done in 0.00 min (cpu), 0.00 min (real)
Generate toy 248/500
  1) RooRealVar:: n_obs_bina01 = 792

 -- Profile Likelihood -- 
Limit: r < 5.51149 @ 95% CL
Done in 0.00 min (cpu), 0.00 min (real)
Generate toy 249/500
  1) RooRealVar:: n_obs_bina01 = 730

 -- Profile Likelihood -- 
Limit: r < 2.61118 @ 95% CL
Done in 0.00 min (cpu), 0.00 min (real)
Generate toy 250/500
  1) RooRealVar:: n_obs_bina01 = 797

 -- Profile Likelihood -- 
Limit: r < 5.80261 @ 95% CL
Done in 0.00 min (cpu), 0.00 min (real)
Generate toy 251/500
  1) RooRealVar:: n_obs_bina01 = 866

 -- Profile Likelihood -- 
Limit: r < 9.81738 @ 95% CL
Done in 0.00 min (cpu), 0.00 min (real)
Generate toy 252/500
  1) RooRealVar:: n_obs_bina01 = 753

 -- Profile Likelihood -- 
Limit: r < 3.43486 @ 95% CL
Done in 0.00 min (cpu), 0.00 min (real)
Generate toy 253/500
  1) RooRealVar:: n_obs_bina01 = 778

 -- Profile Likelihood -- 
Limit: r < 4.69659 @ 95% CL
Done in 0.00 min (cpu), 0.00 min (real)
Generate toy 254/500
  1) RooRealVar:: n_obs_bina01 = 750

 -- Profile Likelihood -- 
Limit: r < 3.31049 @ 95% CL
Done in 0.00 min (cpu), 0.00 min (real)
Generate toy 255/500
  1) RooRealVar:: n_obs_bina01 = 791

 -- Profile Likelihood -- 
Limit: r < 5.45329 @ 95% CL
Done in 0.00 min (cpu), 0.00 min (real)
Generate toy 256/500
  1) RooRealVar:: n_obs_bina01 = 829

 -- Profile Likelihood -- 
Limit: r < 7.66465 @ 95% CL
Done in 0.00 min (cpu), 0.00 min (real)
Generate toy 257/500
  1) RooRealVar:: n_obs_bina01 = 745

 -- Profile Likelihood -- 
Limit: r < 3.11513 @ 95% CL
Done in 0.00 min (cpu), 0.00 min (real)
Generate toy 258/500
  1) RooRealVar:: n_obs_bina01 = 782

 -- Profile Likelihood -- 
Limit: r < 4.92943 @ 95% CL
Done in 0.00 min (cpu), 0.00 min (real)
Generate toy 259/500
  1) RooRealVar:: n_obs_bina01 = 784

 -- Profile Likelihood -- 
Limit: r < 5.04632 @ 95% CL
Done in 0.00 min (cpu), 0.00 min (real)
Generate toy 260/500
  1) RooRealVar:: n_obs_bina01 = 830

 -- Profile Likelihood -- 
Limit: r < 7.72284 @ 95% CL
Done in 0.00 min (cpu), 0.00 min (real)
Generate toy 261/500
  1) RooRealVar:: n_obs_bina01 = 760

 -- Profile Likelihood -- 
Limit: r < 3.74688 @ 95% CL
Done in 0.00 min (cpu), 0.00 min (real)
Generate toy 262/500
  1) RooRealVar:: n_obs_bina01 = 854

 -- Profile Likelihood -- 
Limit: r < 9.11927 @ 95% CL
Done in 0.00 min (cpu), 0.00 min (real)
Generate toy 263/500
  1) RooRealVar:: n_obs_bina01 = 767

 -- Profile Likelihood -- 
Limit: r < 4.09066 @ 95% CL
Done in 0.00 min (cpu), 0.00 min (real)
Generate toy 264/500
  1) RooRealVar:: n_obs_bina01 = 795

 -- Profile Likelihood -- 
Limit: r < 5.68635 @ 95% CL
Done in 0.00 min (cpu), 0.00 min (real)
Generate toy 265/500
  1) RooRealVar:: n_obs_bina01 = 712

 -- Profile Likelihood -- 
Limit: r < 2.14349 @ 95% CL
Done in 0.00 min (cpu), 0.00 min (real)
Generate toy 266/500
  1) RooRealVar:: n_obs_bina01 = 817

 -- Profile Likelihood -- 
Limit: r < 6.9663 @ 95% CL
Done in 0.00 min (cpu), 0.00 min (real)
Generate toy 267/500
  1) RooRealVar:: n_obs_bina01 = 719

 -- Profile Likelihood -- 
Limit: r < 2.31007 @ 95% CL
Done in 0.00 min (cpu), 0.00 min (real)
Generate toy 268/500
  1) RooRealVar:: n_obs_bina01 = 796

 -- Profile Likelihood -- 
Limit: r < 5.74446 @ 95% CL
Done in 0.00 min (cpu), 0.00 min (real)
Generate toy 269/500
  1) RooRealVar:: n_obs_bina01 = 834

 -- Profile Likelihood -- 
Limit: r < 7.9556 @ 95% CL
Done in 0.00 min (cpu), 0.00 min (real)
Generate toy 270/500
  1) RooRealVar:: n_obs_bina01 = 795

 -- Profile Likelihood -- 
Limit: r < 5.68635 @ 95% CL
Done in 0.00 min (cpu), 0.00 min (real)
Generate toy 271/500
  1) RooRealVar:: n_obs_bina01 = 723

 -- Profile Likelihood -- 
Limit: r < 2.41381 @ 95% CL
Done in 0.00 min (cpu), 0.00 min (real)
Generate toy 272/500
  1) RooRealVar:: n_obs_bina01 = 716

 -- Profile Likelihood -- 
Limit: r < 2.23644 @ 95% CL
Done in 0.00 min (cpu), 0.00 min (real)
Generate toy 273/500
  1) RooRealVar:: n_obs_bina01 = 764

 -- Profile Likelihood -- 
Limit: r < 3.93935 @ 95% CL
Done in 0.00 min (cpu), 0.00 min (real)
Generate toy 274/500
  1) RooRealVar:: n_obs_bina01 = 804

 -- Profile Likelihood -- 
Limit: r < 6.20956 @ 95% CL
Done in 0.00 min (cpu), 0.00 min (real)
Generate toy 275/500
  1) RooRealVar:: n_obs_bina01 = 760

 -- Profile Likelihood -- 
Limit: r < 3.74688 @ 95% CL
Done in 0.00 min (cpu), 0.00 min (real)
Generate toy 276/500
  1) RooRealVar:: n_obs_bina01 = 786

 -- Profile Likelihood -- 
Limit: r < 5.16237 @ 95% CL
Done in 0.00 min (cpu), 0.00 min (real)
Generate toy 277/500
  1) RooRealVar:: n_obs_bina01 = 775

 -- Profile Likelihood -- 
Limit: r < 4.52348 @ 95% CL
Done in 0.00 min (cpu), 0.00 min (real)
Generate toy 278/500
  1) RooRealVar:: n_obs_bina01 = 739

 -- Profile Likelihood -- 
Limit: r < 2.89943 @ 95% CL
Done in 0.00 min (cpu), 0.00 min (real)
Generate toy 279/500
  1) RooRealVar:: n_obs_bina01 = 769

 -- Profile Likelihood -- 
Limit: r < 4.19491 @ 95% CL
Done in 0.00 min (cpu), 0.00 min (real)
Generate toy 280/500
  1) RooRealVar:: n_obs_bina01 = 775

 -- Profile Likelihood -- 
Limit: r < 4.52348 @ 95% CL
Done in 0.00 min (cpu), 0.00 min (real)
Generate toy 281/500
  1) RooRealVar:: n_obs_bina01 = 810

 -- Profile Likelihood -- 
Limit: r < 6.55886 @ 95% CL
Done in 0.00 min (cpu), 0.00 min (real)
Generate toy 282/500
  1) RooRealVar:: n_obs_bina01 = 810

 -- Profile Likelihood -- 
Limit: r < 6.55886 @ 95% CL
Done in 0.00 min (cpu), 0.00 min (real)
Generate toy 283/500
  1) RooRealVar:: n_obs_bina01 = 758

 -- Profile Likelihood -- 
Limit: r < 3.65455 @ 95% CL
Done in 0.00 min (cpu), 0.00 min (real)
Generate toy 284/500
  1) RooRealVar:: n_obs_bina01 = 748

 -- Profile Likelihood -- 
Limit: r < 3.23059 @ 95% CL
Done in 0.00 min (cpu), 0.00 min (real)
Generate toy 285/500
  1) RooRealVar:: n_obs_bina01 = 758

 -- Profile Likelihood -- 
Limit: r < 3.65455 @ 95% CL
Done in 0.00 min (cpu), 0.00 min (real)
Generate toy 286/500
  1) RooRealVar:: n_obs_bina01 = 832

 -- Profile Likelihood -- 
Limit: r < 7.83923 @ 95% CL
Done in 0.00 min (cpu), 0.00 min (real)
Generate toy 287/500
  1) RooRealVar:: n_obs_bina01 = 856

 -- Profile Likelihood -- 
Limit: r < 9.23563 @ 95% CL
Done in 0.00 min (cpu), 0.00 min (real)
Generate toy 288/500
  1) RooRealVar:: n_obs_bina01 = 805

 -- Profile Likelihood -- 
Limit: r < 6.26778 @ 95% CL
Done in 0.00 min (cpu), 0.00 min (real)
Generate toy 289/500
  1) RooRealVar:: n_obs_bina01 = 832

 -- Profile Likelihood -- 
Limit: r < 7.83923 @ 95% CL
Done in 0.00 min (cpu), 0.00 min (real)
Generate toy 290/500
  1) RooRealVar:: n_obs_bina01 = 817

 -- Profile Likelihood -- 
Limit: r < 6.9663 @ 95% CL
Done in 0.00 min (cpu), 0.00 min (real)
Generate toy 291/500
  1) RooRealVar:: n_obs_bina01 = 834

 -- Profile Likelihood -- 
Limit: r < 7.9556 @ 95% CL
Done in 0.00 min (cpu), 0.00 min (real)
Generate toy 292/500
  1) RooRealVar:: n_obs_bina01 = 771

 -- Profile Likelihood -- 
Limit: r < 4.30191 @ 95% CL
Done in 0.00 min (cpu), 0.00 min (real)
Generate toy 293/500
  1) RooRealVar:: n_obs_bina01 = 776

 -- Profile Likelihood -- 
Limit: r < 4.58085 @ 95% CL
Done in 0.00 min (cpu), 0.00 min (real)
Generate toy 294/500
  1) RooRealVar:: n_obs_bina01 = 838

 -- Profile Likelihood -- 
Limit: r < 8.18835 @ 95% CL
Done in 0.00 min (cpu), 0.00 min (real)
Generate toy 295/500
  1) RooRealVar:: n_obs_bina01 = 745

 -- Profile Likelihood -- 
Limit: r < 3.11513 @ 95% CL
Done in 0.00 min (cpu), 0.00 min (real)
Generate toy 296/500
  1) RooRealVar:: n_obs_bina01 = 787

 -- Profile Likelihood -- 
Limit: r < 5.22052 @ 95% CL
Done in 0.00 min (cpu), 0.00 min (real)
Generate toy 297/500
  1) RooRealVar:: n_obs_bina01 = 822

 -- Profile Likelihood -- 
Limit: r < 7.25729 @ 95% CL
Done in 0.00 min (cpu), 0.00 min (real)
Generate toy 298/500
  1) RooRealVar:: n_obs_bina01 = 789

 -- Profile Likelihood -- 
Limit: r < 5.33689 @ 95% CL
Done in 0.00 min (cpu), 0.00 min (real)
Generate toy 299/500
  1) RooRealVar:: n_obs_bina01 = 821

 -- Profile Likelihood -- 
Limit: r < 7.1991 @ 95% CL
Done in 0.00 min (cpu), 0.00 min (real)
Generate toy 300/500
  1) RooRealVar:: n_obs_bina01 = 804

 -- Profile Likelihood -- 
Limit: r < 6.20956 @ 95% CL
Done in 0.00 min (cpu), 0.00 min (real)
Generate toy 301/500
  1) RooRealVar:: n_obs_bina01 = 813

 -- Profile Likelihood -- 
Limit: r < 6.73349 @ 95% CL
Done in 0.00 min (cpu), 0.00 min (real)
Generate toy 302/500
  1) RooRealVar:: n_obs_bina01 = 741

 -- Profile Likelihood -- 
Limit: r < 2.96914 @ 95% CL
Done in 0.00 min (cpu), 0.00 min (real)
Generate toy 303/500
  1) RooRealVar:: n_obs_bina01 = 805

 -- Profile Likelihood -- 
Limit: r < 6.26778 @ 95% CL
Done in 0.00 min (cpu), 0.00 min (real)
Generate toy 304/500
  1) RooRealVar:: n_obs_bina01 = 777

 -- Profile Likelihood -- 
Limit: r < 4.63845 @ 95% CL
Done in 0.00 min (cpu), 0.00 min (real)
Generate toy 305/500
  1) RooRealVar:: n_obs_bina01 = 762

 -- Profile Likelihood -- 
Limit: r < 3.8418 @ 95% CL
Done in 0.00 min (cpu), 0.00 min (real)
Generate toy 306/500
  1) RooRealVar:: n_obs_bina01 = 810

 -- Profile Likelihood -- 
Limit: r < 6.55886 @ 95% CL
Done in 0.00 min (cpu), 0.00 min (real)
Generate toy 307/500
  1) RooRealVar:: n_obs_bina01 = 770

 -- Profile Likelihood -- 
Limit: r < 4.24806 @ 95% CL
Done in 0.00 min (cpu), 0.00 min (real)
Generate toy 308/500
  1) RooRealVar:: n_obs_bina01 = 752

 -- Profile Likelihood -- 
Limit: r < 3.3928 @ 95% CL
Done in 0.00 min (cpu), 0.00 min (real)
Generate toy 309/500
  1) RooRealVar:: n_obs_bina01 = 738

 -- Profile Likelihood -- 
Limit: r < 2.86538 @ 95% CL
Done in 0.00 min (cpu), 0.00 min (real)
Generate toy 310/500
  1) RooRealVar:: n_obs_bina01 = 869

 -- Profile Likelihood -- 
Limit: r < 9.9919 @ 95% CL
Done in 0.00 min (cpu), 0.00 min (real)
Generate toy 311/500
  1) RooRealVar:: n_obs_bina01 = 791

 -- Profile Likelihood -- 
Limit: r < 5.45329 @ 95% CL
Done in 0.00 min (cpu), 0.00 min (real)
Generate toy 312/500
  1) RooRealVar:: n_obs_bina01 = 776

 -- Profile Likelihood -- 
Limit: r < 4.58085 @ 95% CL
Done in 0.00 min (cpu), 0.00 min (real)
Generate toy 313/500
  1) RooRealVar:: n_obs_bina01 = 787

 -- Profile Likelihood -- 
Limit: r < 5.22052 @ 95% CL
Done in 0.00 min (cpu), 0.00 min (real)
Generate toy 314/500
  1) RooRealVar:: n_obs_bina01 = 751

 -- Profile Likelihood -- 
Limit: r < 3.35134 @ 95% CL
Done in 0.00 min (cpu), 0.00 min (real)
Generate toy 315/500
  1) RooRealVar:: n_obs_bina01 = 680

 -- Profile Likelihood -- 
Limit: r < 1.57214 @ 95% CL
Done in 0.00 min (cpu), 0.00 min (real)
Generate toy 316/500
  1) RooRealVar:: n_obs_bina01 = 823

 -- Profile Likelihood -- 
Limit: r < 7.31549 @ 95% CL
Done in 0.00 min (cpu), 0.00 min (real)
Generate toy 317/500
  1) RooRealVar:: n_obs_bina01 = 853

 -- Profile Likelihood -- 
Limit: r < 9.06109 @ 95% CL
Done in 0.00 min (cpu), 0.00 min (real)
Generate toy 318/500
  1) RooRealVar:: n_obs_bina01 = 824

 -- Profile Likelihood -- 
Limit: r < 7.37369 @ 95% CL
Done in 0.00 min (cpu), 0.00 min (real)
Generate toy 319/500
  1) RooRealVar:: n_obs_bina01 = 759

 -- Profile Likelihood -- 
Limit: r < 3.70039 @ 95% CL
Done in 0.00 min (cpu), 0.00 min (real)
Generate toy 320/500
  1) RooRealVar:: n_obs_bina01 = 734

 -- Profile Likelihood -- 
Limit: r < 2.73432 @ 95% CL
Done in 0.00 min (cpu), 0.00 min (real)
Generate toy 321/500
  1) RooRealVar:: n_obs_bina01 = 716

 -- Profile Likelihood -- 
Limit: r < 2.23644 @ 95% CL
Done in 0.00 min (cpu), 0.00 min (real)
Generate toy 322/500
  1) RooRealVar:: n_obs_bina01 = 755

 -- Profile Likelihood -- 
Limit: r < 3.52085 @ 95% CL
Done in 0.00 min (cpu), 0.00 min (real)
Generate toy 323/500
  1) RooRealVar:: n_obs_bina01 = 698

 -- Profile Likelihood -- 
Limit: r < 1.85981 @ 95% CL
Done in 0.00 min (cpu), 0.00 min (real)
Generate toy 324/500
  1) RooRealVar:: n_obs_bina01 = 813

 -- Profile Likelihood -- 
Limit: r < 6.73349 @ 95% CL
Done in 0.00 min (cpu), 0.00 min (real)
Generate toy 325/500
  1) RooRealVar:: n_obs_bina01 = 807

 -- Profile Likelihood -- 
Limit: r < 6.38422 @ 95% CL
Done in 0.00 min (cpu), 0.00 min (real)
Generate toy 326/500
  1) RooRealVar:: n_obs_bina01 = 715

 -- Profile Likelihood -- 
Limit: r < 2.21265 @ 95% CL
Done in 0.00 min (cpu), 0.00 min (real)
Generate toy 327/500
  1) RooRealVar:: n_obs_bina01 = 763

 -- Profile Likelihood -- 
Limit: r < 3.89024 @ 95% CL
Done in 0.00 min (cpu), 0.00 min (real)
Generate toy 328/500
  1) RooRealVar:: n_obs_bina01 = 856

 -- Profile Likelihood -- 
Limit: r < 9.23563 @ 95% CL
Done in 0.00 min (cpu), 0.00 min (real)
Generate toy 329/500
  1) RooRealVar:: n_obs_bina01 = 882

 -- Profile Likelihood -- 
Limit: r < 10.7481 @ 95% CL
Done in 0.00 min (cpu), 0.00 min (real)
Generate toy 330/500
  1) RooRealVar:: n_obs_bina01 = 704

 -- Profile Likelihood -- 
Limit: r < 1.974 @ 95% CL
Done in 0.00 min (cpu), 0.00 min (real)
Generate toy 331/500
  1) RooRealVar:: n_obs_bina01 = 781

 -- Profile Likelihood -- 
Limit: r < 4.87126 @ 95% CL
Done in 0.00 min (cpu), 0.00 min (real)
Generate toy 332/500
  1) RooRealVar:: n_obs_bina01 = 762

 -- Profile Likelihood -- 
Limit: r < 3.8418 @ 95% CL
Done in 0.00 min (cpu), 0.00 min (real)
Generate toy 333/500
  1) RooRealVar:: n_obs_bina01 = 746

 -- Profile Likelihood -- 
Limit: r < 3.15304 @ 95% CL
Done in 0.00 min (cpu), 0.00 min (real)
Generate toy 334/500
  1) RooRealVar:: n_obs_bina01 = 729

 -- Profile Likelihood -- 
Limit: r < 2.58159 @ 95% CL
Done in 0.00 min (cpu), 0.00 min (real)
Generate toy 335/500
  1) RooRealVar:: n_obs_bina01 = 727

 -- Profile Likelihood -- 
Limit: r < 2.52377 @ 95% CL
Done in 0.00 min (cpu), 0.00 min (real)
Generate toy 336/500
  1) RooRealVar:: n_obs_bina01 = 776

 -- Profile Likelihood -- 
Limit: r < 4.58085 @ 95% CL
Done in 0.00 min (cpu), 0.00 min (real)
Generate toy 337/500
  1) RooRealVar:: n_obs_bina01 = 708

 -- Profile Likelihood -- 
Limit: r < 2.05614 @ 95% CL
Done in 0.00 min (cpu), 0.00 min (real)
Generate toy 338/500
  1) RooRealVar:: n_obs_bina01 = 727

 -- Profile Likelihood -- 
Limit: r < 2.52377 @ 95% CL
Done in 0.00 min (cpu), 0.00 min (real)
Generate toy 339/500
  1) RooRealVar:: n_obs_bina01 = 831

 -- Profile Likelihood -- 
Limit: r < 7.78104 @ 95% CL
Done in 0.00 min (cpu), 0.00 min (real)
Generate toy 340/500
  1) RooRealVar:: n_obs_bina01 = 749

 -- Profile Likelihood -- 
Limit: r < 3.27024 @ 95% CL
Done in 0.00 min (cpu), 0.00 min (real)
Generate toy 341/500
  1) RooRealVar:: n_obs_bina01 = 749

 -- Profile Likelihood -- 
Limit: r < 3.27024 @ 95% CL
Done in 0.00 min (cpu), 0.00 min (real)
Generate toy 342/500
  1) RooRealVar:: n_obs_bina01 = 745

 -- Profile Likelihood -- 
Limit: r < 3.11513 @ 95% CL
Done in 0.00 min (cpu), 0.00 min (real)
Generate toy 343/500
  1) RooRealVar:: n_obs_bina01 = 749

 -- Profile Likelihood -- 
Limit: r < 3.27024 @ 95% CL
Done in 0.00 min (cpu), 0.00 min (real)
Generate toy 344/500
  1) RooRealVar:: n_obs_bina01 = 840

 -- Profile Likelihood -- 
Limit: r < 8.30473 @ 95% CL
Done in 0.00 min (cpu), 0.00 min (real)
Generate toy 345/500
  1) RooRealVar:: n_obs_bina01 = 779

 -- Profile Likelihood -- 
Limit: r < 4.75512 @ 95% CL
Done in 0.00 min (cpu), 0.00 min (real)
Generate toy 346/500
  1) RooRealVar:: n_obs_bina01 = 815

 -- Profile Likelihood -- 
Limit: r < 6.8499 @ 95% CL
Done in 0.00 min (cpu), 0.00 min (real)
Generate toy 347/500
  1) RooRealVar:: n_obs_bina01 = 710

 -- Profile Likelihood -- 
Limit: r < 2.09914 @ 95% CL
Done in 0.00 min (cpu), 0.00 min (real)
Generate toy 348/500
  1) RooRealVar:: n_obs_bina01 = 870

 -- Profile Likelihood -- 
Limit: r < 10.0501 @ 95% CL
Done in 0.00 min (cpu), 0.00 min (real)
Generate toy 349/500
  1) RooRealVar:: n_obs_bina01 = 835

 -- Profile Likelihood -- 
Limit: r < 8.01379 @ 95% CL
Done in 0.00 min (cpu), 0.00 min (real)
Generate toy 350/500
  1) RooRealVar:: n_obs_bina01 = 890

 -- Profile Likelihood -- 
Limit: r < 11.2134 @ 95% CL
Done in 0.00 min (cpu), 0.00 min (real)
Generate toy 351/500
  1) RooRealVar:: n_obs_bina01 = 732

 -- Profile Likelihood -- 
Limit: r < 2.67179 @ 95% CL
Done in 0.00 min (cpu), 0.00 min (real)
Generate toy 352/500
  1) RooRealVar:: n_obs_bina01 = 831

 -- Profile Likelihood -- 
Limit: r < 7.78104 @ 95% CL
Done in 0.00 min (cpu), 0.00 min (real)
Generate toy 353/500
  1) RooRealVar:: n_obs_bina01 = 782

 -- Profile Likelihood -- 
Limit: r < 4.92943 @ 95% CL
Done in 0.00 min (cpu), 0.00 min (real)
Generate toy 354/500
  1) RooRealVar:: n_obs_bina01 = 812

 -- Profile Likelihood -- 
Limit: r < 6.67528 @ 95% CL
Done in 0.00 min (cpu), 0.00 min (real)
Generate toy 355/500
  1) RooRealVar:: n_obs_bina01 = 744

 -- Profile Likelihood -- 
Limit: r < 3.07779 @ 95% CL
Done in 0.00 min (cpu), 0.00 min (real)
Generate toy 356/500
  1) RooRealVar:: n_obs_bina01 = 749

 -- Profile Likelihood -- 
Limit: r < 3.27024 @ 95% CL
Done in 0.00 min (cpu), 0.00 min (real)
Generate toy 357/500
  1) RooRealVar:: n_obs_bina01 = 739

 -- Profile Likelihood -- 
Limit: r < 2.89943 @ 95% CL
Done in 0.00 min (cpu), 0.00 min (real)
Generate toy 358/500
  1) RooRealVar:: n_obs_bina01 = 790

 -- Profile Likelihood -- 
Limit: r < 5.39509 @ 95% CL
Done in 0.00 min (cpu), 0.00 min (real)
Generate toy 359/500
  1) RooRealVar:: n_obs_bina01 = 740

 -- Profile Likelihood -- 
Limit: r < 2.93401 @ 95% CL
Done in 0.00 min (cpu), 0.00 min (real)
Generate toy 360/500
  1) RooRealVar:: n_obs_bina01 = 738

 -- Profile Likelihood -- 
Limit: r < 2.86538 @ 95% CL
Done in 0.00 min (cpu), 0.00 min (real)
Generate toy 361/500
  1) RooRealVar:: n_obs_bina01 = 806

 -- Profile Likelihood -- 
Limit: r < 6.326 @ 95% CL
Done in 0.00 min (cpu), 0.00 min (real)
Generate toy 362/500
  1) RooRealVar:: n_obs_bina01 = 734

 -- Profile Likelihood -- 
Limit: r < 2.73432 @ 95% CL
Done in 0.00 min (cpu), 0.00 min (real)
Generate toy 363/500
  1) RooRealVar:: n_obs_bina01 = 778

 -- Profile Likelihood -- 
Limit: r < 4.69659 @ 95% CL
Done in 0.00 min (cpu), 0.00 min (real)
Generate toy 364/500
  1) RooRealVar:: n_obs_bina01 = 789

 -- Profile Likelihood -- 
Limit: r < 5.33689 @ 95% CL
Done in 0.00 min (cpu), 0.00 min (real)
Generate toy 365/500
  1) RooRealVar:: n_obs_bina01 = 753

 -- Profile Likelihood -- 
Limit: r < 3.43486 @ 95% CL
Done in 0.00 min (cpu), 0.00 min (real)
Generate toy 366/500
  1) RooRealVar:: n_obs_bina01 = 723

 -- Profile Likelihood -- 
Limit: r < 2.41381 @ 95% CL
Done in 0.00 min (cpu), 0.00 min (real)
Generate toy 367/500
  1) RooRealVar:: n_obs_bina01 = 758

 -- Profile Likelihood -- 
Limit: r < 3.65455 @ 95% CL
Done in 0.00 min (cpu), 0.00 min (real)
Generate toy 368/500
  1) RooRealVar:: n_obs_bina01 = 745

 -- Profile Likelihood -- 
Limit: r < 3.11513 @ 95% CL
Done in 0.00 min (cpu), 0.00 min (real)
Generate toy 369/500
  1) RooRealVar:: n_obs_bina01 = 793

 -- Profile Likelihood -- 
Limit: r < 5.57026 @ 95% CL
Done in 0.00 min (cpu), 0.00 min (real)
Generate toy 370/500
  1) RooRealVar:: n_obs_bina01 = 862

 -- Profile Likelihood -- 
Limit: r < 9.58468 @ 95% CL
Done in 0.00 min (cpu), 0.00 min (real)
Generate toy 371/500
  1) RooRealVar:: n_obs_bina01 = 775

 -- Profile Likelihood -- 
Limit: r < 4.52348 @ 95% CL
Done in 0.00 min (cpu), 0.00 min (real)
Generate toy 372/500
  1) RooRealVar:: n_obs_bina01 = 805

 -- Profile Likelihood -- 
Limit: r < 6.26778 @ 95% CL
Done in 0.00 min (cpu), 0.00 min (real)
Generate toy 373/500
  1) RooRealVar:: n_obs_bina01 = 733

 -- Profile Likelihood -- 
Limit: r < 2.70281 @ 95% CL
Done in 0.00 min (cpu), 0.00 min (real)
Generate toy 374/500
  1) RooRealVar:: n_obs_bina01 = 754

 -- Profile Likelihood -- 
Limit: r < 3.47755 @ 95% CL
Done in 0.00 min (cpu), 0.00 min (real)
Generate toy 375/500
  1) RooRealVar:: n_obs_bina01 = 718

 -- Profile Likelihood -- 
Limit: r < 2.28514 @ 95% CL
Done in 0.00 min (cpu), 0.00 min (real)
Generate toy 376/500
  1) RooRealVar:: n_obs_bina01 = 810

 -- Profile Likelihood -- 
Limit: r < 6.55886 @ 95% CL
Done in 0.00 min (cpu), 0.00 min (real)
Generate toy 377/500
  1) RooRealVar:: n_obs_bina01 = 758

 -- Profile Likelihood -- 
Limit: r < 3.65455 @ 95% CL
Done in 0.00 min (cpu), 0.00 min (real)
Generate toy 378/500
  1) RooRealVar:: n_obs_bina01 = 711

 -- Profile Likelihood -- 
Limit: r < 2.12114 @ 95% CL
Done in 0.00 min (cpu), 0.00 min (real)
Generate toy 379/500
  1) RooRealVar:: n_obs_bina01 = 822

 -- Profile Likelihood -- 
Limit: r < 7.25729 @ 95% CL
Done in 0.00 min (cpu), 0.00 min (real)
Generate toy 380/500
  1) RooRealVar:: n_obs_bina01 = 771

 -- Profile Likelihood -- 
Limit: r < 4.30191 @ 95% CL
Done in 0.00 min (cpu), 0.00 min (real)
Generate toy 381/500
  1) RooRealVar:: n_obs_bina01 = 751

 -- Profile Likelihood -- 
Limit: r < 3.35134 @ 95% CL
Done in 0.00 min (cpu), 0.00 min (real)
Generate toy 382/500
  1) RooRealVar:: n_obs_bina01 = 726

 -- Profile Likelihood -- 
Limit: r < 2.49553 @ 95% CL
Done in 0.00 min (cpu), 0.00 min (real)
Generate toy 383/500
  1) RooRealVar:: n_obs_bina01 = 783

 -- Profile Likelihood -- 
Limit: r < 4.98763 @ 95% CL
Done in 0.00 min (cpu), 0.00 min (real)
Generate toy 384/500
  1) RooRealVar:: n_obs_bina01 = 851

 -- Profile Likelihood -- 
Limit: r < 8.94473 @ 95% CL
Done in 0.00 min (cpu), 0.00 min (real)
Generate toy 385/500
  1) RooRealVar:: n_obs_bina01 = 822

 -- Profile Likelihood -- 
Limit: r < 7.25729 @ 95% CL
Done in 0.00 min (cpu), 0.00 min (real)
Generate toy 386/500
  1) RooRealVar:: n_obs_bina01 = 770

 -- Profile Likelihood -- 
Limit: r < 4.24806 @ 95% CL
Done in 0.00 min (cpu), 0.00 min (real)
Generate toy 387/500
  1) RooRealVar:: n_obs_bina01 = 829

 -- Profile Likelihood -- 
Limit: r < 7.66465 @ 95% CL
Done in 0.00 min (cpu), 0.00 min (real)
Generate toy 388/500
  1) RooRealVar:: n_obs_bina01 = 784

 -- Profile Likelihood -- 
Limit: r < 5.04632 @ 95% CL
Done in 0.00 min (cpu), 0.00 min (real)
Generate toy 389/500
  1) RooRealVar:: n_obs_bina01 = 778

 -- Profile Likelihood -- 
Limit: r < 4.69659 @ 95% CL
Done in 0.00 min (cpu), 0.00 min (real)
Generate toy 390/500
  1) RooRealVar:: n_obs_bina01 = 777

 -- Profile Likelihood -- 
Limit: r < 4.63845 @ 95% CL
Done in 0.00 min (cpu), 0.00 min (real)
Generate toy 391/500
  1) RooRealVar:: n_obs_bina01 = 788

 -- Profile Likelihood -- 
Limit: r < 5.2787 @ 95% CL
Done in 0.00 min (cpu), 0.00 min (real)
Generate toy 392/500
  1) RooRealVar:: n_obs_bina01 = 811

 -- Profile Likelihood -- 
Limit: r < 6.61707 @ 95% CL
Done in 0.00 min (cpu), 0.00 min (real)
Generate toy 393/500
  1) RooRealVar:: n_obs_bina01 = 761

 -- Profile Likelihood -- 
Limit: r < 3.79401 @ 95% CL
Done in 0.00 min (cpu), 0.00 min (real)
Generate toy 394/500
  1) RooRealVar:: n_obs_bina01 = 834

 -- Profile Likelihood -- 
Limit: r < 7.9556 @ 95% CL
Done in 0.00 min (cpu), 0.00 min (real)
Generate toy 395/500
  1) RooRealVar:: n_obs_bina01 = 761

 -- Profile Likelihood -- 
Limit: r < 3.79401 @ 95% CL
Done in 0.00 min (cpu), 0.00 min (real)
Generate toy 396/500
  1) RooRealVar:: n_obs_bina01 = 730

 -- Profile Likelihood -- 
Limit: r < 2.61118 @ 95% CL
Done in 0.00 min (cpu), 0.00 min (real)
Generate toy 397/500
  1) RooRealVar:: n_obs_bina01 = 792

 -- Profile Likelihood -- 
Limit: r < 5.51149 @ 95% CL
Done in 0.00 min (cpu), 0.00 min (real)
Generate toy 398/500
  1) RooRealVar:: n_obs_bina01 = 799

 -- Profile Likelihood -- 
Limit: r < 5.91838 @ 95% CL
Done in 0.00 min (cpu), 0.00 min (real)
Generate toy 399/500
  1) RooRealVar:: n_obs_bina01 = 775

 -- Profile Likelihood -- 
Limit: r < 4.52348 @ 95% CL
Done in 0.00 min (cpu), 0.00 min (real)
Generate toy 400/500
  1) RooRealVar:: n_obs_bina01 = 727

 -- Profile Likelihood -- 
Limit: r < 2.52377 @ 95% CL
Done in 0.00 min (cpu), 0.00 min (real)
Generate toy 401/500
  1) RooRealVar:: n_obs_bina01 = 817

 -- Profile Likelihood -- 
Limit: r < 6.9663 @ 95% CL
Done in 0.00 min (cpu), 0.00 min (real)
Generate toy 402/500
  1) RooRealVar:: n_obs_bina01 = 743

 -- Profile Likelihood -- 
Limit: r < 3.04102 @ 95% CL
Done in 0.00 min (cpu), 0.00 min (real)
Generate toy 403/500
  1) RooRealVar:: n_obs_bina01 = 790

 -- Profile Likelihood -- 
Limit: r < 5.39509 @ 95% CL
Done in 0.00 min (cpu), 0.00 min (real)
Generate toy 404/500
  1) RooRealVar:: n_obs_bina01 = 702

 -- Profile Likelihood -- 
Limit: r < 1.93478 @ 95% CL
Done in 0.00 min (cpu), 0.00 min (real)
Generate toy 405/500
  1) RooRealVar:: n_obs_bina01 = 802

 -- Profile Likelihood -- 
Limit: r < 6.0931 @ 95% CL
Done in 0.00 min (cpu), 0.00 min (real)
Generate toy 406/500
  1) RooRealVar:: n_obs_bina01 = 780

 -- Profile Likelihood -- 
Limit: r < 4.81315 @ 95% CL
Done in 0.00 min (cpu), 0.00 min (real)
Generate toy 407/500
  1) RooRealVar:: n_obs_bina01 = 795

 -- Profile Likelihood -- 
Limit: r < 5.68635 @ 95% CL
Done in 0.00 min (cpu), 0.00 min (real)
Generate toy 408/500
  1) RooRealVar:: n_obs_bina01 = 870

 -- Profile Likelihood -- 
Limit: r < 10.0501 @ 95% CL
Done in 0.00 min (cpu), 0.00 min (real)
Generate toy 409/500
  1) RooRealVar:: n_obs_bina01 = 812

 -- Profile Likelihood -- 
Limit: r < 6.67528 @ 95% CL
Done in 0.00 min (cpu), 0.00 min (real)
Generate toy 410/500
  1) RooRealVar:: n_obs_bina01 = 771

 -- Profile Likelihood -- 
Limit: r < 4.30191 @ 95% CL
Done in 0.00 min (cpu), 0.00 min (real)
Generate toy 411/500
  1) RooRealVar:: n_obs_bina01 = 816

 -- Profile Likelihood -- 
Limit: r < 6.9081 @ 95% CL
Done in 0.00 min (cpu), 0.00 min (real)
Generate toy 412/500
  1) RooRealVar:: n_obs_bina01 = 825

 -- Profile Likelihood -- 
Limit: r < 7.43188 @ 95% CL
Done in 0.00 min (cpu), 0.00 min (real)
Generate toy 413/500
  1) RooRealVar:: n_obs_bina01 = 762

 -- Profile Likelihood -- 
Limit: r < 3.8418 @ 95% CL
Done in 0.00 min (cpu), 0.00 min (real)
Generate toy 414/500
  1) RooRealVar:: n_obs_bina01 = 829

 -- Profile Likelihood -- 
Limit: r < 7.66465 @ 95% CL
Done in 0.00 min (cpu), 0.00 min (real)
Generate toy 415/500
  1) RooRealVar:: n_obs_bina01 = 804

 -- Profile Likelihood -- 
Limit: r < 6.20956 @ 95% CL
Done in 0.00 min (cpu), 0.00 min (real)
Generate toy 416/500
  1) RooRealVar:: n_obs_bina01 = 795

 -- Profile Likelihood -- 
Limit: r < 5.68635 @ 95% CL
Done in 0.00 min (cpu), 0.00 min (real)
Generate toy 417/500
  1) RooRealVar:: n_obs_bina01 = 788

 -- Profile Likelihood -- 
Limit: r < 5.2787 @ 95% CL
Done in 0.00 min (cpu), 0.00 min (real)
Generate toy 418/500
  1) RooRealVar:: n_obs_bina01 = 728

 -- Profile Likelihood -- 
Limit: r < 2.55245 @ 95% CL
Done in 0.00 min (cpu), 0.00 min (real)
Generate toy 419/500
  1) RooRealVar:: n_obs_bina01 = 761

 -- Profile Likelihood -- 
Limit: r < 3.79401 @ 95% CL
Done in 0.00 min (cpu), 0.00 min (real)
Generate toy 420/500
  1) RooRealVar:: n_obs_bina01 = 778

 -- Profile Likelihood -- 
Limit: r < 4.69659 @ 95% CL
Done in 0.00 min (cpu), 0.00 min (real)
Generate toy 421/500
  1) RooRealVar:: n_obs_bina01 = 856

 -- Profile Likelihood -- 
Limit: r < 9.23563 @ 95% CL
Done in 0.00 min (cpu), 0.00 min (real)
Generate toy 422/500
  1) RooRealVar:: n_obs_bina01 = 756

 -- Profile Likelihood -- 
Limit: r < 3.56479 @ 95% CL
Done in 0.00 min (cpu), 0.00 min (real)
Generate toy 423/500
  1) RooRealVar:: n_obs_bina01 = 734

 -- Profile Likelihood -- 
Limit: r < 2.73432 @ 95% CL
Done in 0.00 min (cpu), 0.00 min (real)
Generate toy 424/500
  1) RooRealVar:: n_obs_bina01 = 807

 -- Profile Likelihood -- 
Limit: r < 6.38422 @ 95% CL
Done in 0.00 min (cpu), 0.00 min (real)
Generate toy 425/500
  1) RooRealVar:: n_obs_bina01 = 785

 -- Profile Likelihood -- 
Limit: r < 5.10428 @ 95% CL
Done in 0.00 min (cpu), 0.00 min (real)
Generate toy 426/500
  1) RooRealVar:: n_obs_bina01 = 754

 -- Profile Likelihood -- 
Limit: r < 3.47755 @ 95% CL
Done in 0.00 min (cpu), 0.00 min (real)
Generate toy 427/500
  1) RooRealVar:: n_obs_bina01 = 927

 -- Profile Likelihood -- 
Limit: r < 13.3651 @ 95% CL
Done in 0.00 min (cpu), 0.00 min (real)
Generate toy 428/500
  1) RooRealVar:: n_obs_bina01 = 852

 -- Profile Likelihood -- 
Limit: r < 9.00291 @ 95% CL
Done in 0.00 min (cpu), 0.00 min (real)
Generate toy 429/500
  1) RooRealVar:: n_obs_bina01 = 843

 -- Profile Likelihood -- 
Limit: r < 8.47928 @ 95% CL
Done in 0.00 min (cpu), 0.00 min (real)
Generate toy 430/500
  1) RooRealVar:: n_obs_bina01 = 786

 -- Profile Likelihood -- 
Limit: r < 5.16237 @ 95% CL
Done in 0.00 min (cpu), 0.00 min (real)
Generate toy 431/500
  1) RooRealVar:: n_obs_bina01 = 789

 -- Profile Likelihood -- 
Limit: r < 5.33689 @ 95% CL
Done in 0.00 min (cpu), 0.00 min (real)
Generate toy 432/500
  1) RooRealVar:: n_obs_bina01 = 828

 -- Profile Likelihood -- 
Limit: r < 7.60646 @ 95% CL
Done in 0.00 min (cpu), 0.00 min (real)
Generate toy 433/500
  1) RooRealVar:: n_obs_bina01 = 763

 -- Profile Likelihood -- 
Limit: r < 3.89024 @ 95% CL
Done in 0.00 min (cpu), 0.00 min (real)
Generate toy 434/500
  1) RooRealVar:: n_obs_bina01 = 808

 -- Profile Likelihood -- 
Limit: r < 6.44244 @ 95% CL
Done in 0.00 min (cpu), 0.00 min (real)
Generate toy 435/500
  1) RooRealVar:: n_obs_bina01 = 778

 -- Profile Likelihood -- 
Limit: r < 4.69659 @ 95% CL
Done in 0.00 min (cpu), 0.00 min (real)
Generate toy 436/500
  1) RooRealVar:: n_obs_bina01 = 823

 -- Profile Likelihood -- 
Limit: r < 7.31549 @ 95% CL
Done in 0.00 min (cpu), 0.00 min (real)
Generate toy 437/500
  1) RooRealVar:: n_obs_bina01 = 742

 -- Profile Likelihood -- 
Limit: r < 3.0048 @ 95% CL
Done in 0.00 min (cpu), 0.00 min (real)
Generate toy 438/500
  1) RooRealVar:: n_obs_bina01 = 797

 -- Profile Likelihood -- 
Limit: r < 5.80261 @ 95% CL
Done in 0.00 min (cpu), 0.00 min (real)
Generate toy 439/500
  1) RooRealVar:: n_obs_bina01 = 725

 -- Profile Likelihood -- 
Limit: r < 2.46774 @ 95% CL
Done in 0.00 min (cpu), 0.00 min (real)
Generate toy 440/500
  1) RooRealVar:: n_obs_bina01 = 798

 -- Profile Likelihood -- 
Limit: r < 5.86077 @ 95% CL
Done in 0.00 min (cpu), 0.00 min (real)
Generate toy 441/500
  1) RooRealVar:: n_obs_bina01 = 833

 -- Profile Likelihood -- 
Limit: r < 7.89741 @ 95% CL
Done in 0.00 min (cpu), 0.00 min (real)
Generate toy 442/500
  1) RooRealVar:: n_obs_bina01 = 819

 -- Profile Likelihood -- 
Limit: r < 7.0827 @ 95% CL
Done in 0.00 min (cpu), 0.00 min (real)
Generate toy 443/500
  1) RooRealVar:: n_obs_bina01 = 784

 -- Profile Likelihood -- 
Limit: r < 5.04632 @ 95% CL
Done in 0.00 min (cpu), 0.00 min (real)
Generate toy 444/500
  1) RooRealVar:: n_obs_bina01 = 783

 -- Profile Likelihood -- 
Limit: r < 4.98763 @ 95% CL
Done in 0.00 min (cpu), 0.00 min (real)
Generate toy 445/500
  1) RooRealVar:: n_obs_bina01 = 738

 -- Profile Likelihood -- 
Limit: r < 2.86538 @ 95% CL
Done in 0.00 min (cpu), 0.00 min (real)
Generate toy 446/500
  1) RooRealVar:: n_obs_bina01 = 747

 -- Profile Likelihood -- 
Limit: r < 3.19152 @ 95% CL
Done in 0.00 min (cpu), 0.00 min (real)
Generate toy 447/500
  1) RooRealVar:: n_obs_bina01 = 781

 -- Profile Likelihood -- 
Limit: r < 4.87126 @ 95% CL
Done in 0.00 min (cpu), 0.00 min (real)
Generate toy 448/500
  1) RooRealVar:: n_obs_bina01 = 713

 -- Profile Likelihood -- 
Limit: r < 2.16618 @ 95% CL
Done in 0.00 min (cpu), 0.00 min (real)
Generate toy 449/500
  1) RooRealVar:: n_obs_bina01 = 722

 -- Profile Likelihood -- 
Limit: r < 2.38725 @ 95% CL
Done in 0.00 min (cpu), 0.00 min (real)
Generate toy 450/500
  1) RooRealVar:: n_obs_bina01 = 764

 -- Profile Likelihood -- 
Limit: r < 3.93935 @ 95% CL
Done in 0.00 min (cpu), 0.00 min (real)
Generate toy 451/500
  1) RooRealVar:: n_obs_bina01 = 755

 -- Profile Likelihood -- 
Limit: r < 3.52085 @ 95% CL
Done in 0.00 min (cpu), 0.00 min (real)
Generate toy 452/500
  1) RooRealVar:: n_obs_bina01 = 795

 -- Profile Likelihood -- 
Limit: r < 5.68635 @ 95% CL
Done in 0.00 min (cpu), 0.00 min (real)
Generate toy 453/500
  1) RooRealVar:: n_obs_bina01 = 765

 -- Profile Likelihood -- 
Limit: r < 3.98911 @ 95% CL
Done in 0.00 min (cpu), 0.00 min (real)
Generate toy 454/500
  1) RooRealVar:: n_obs_bina01 = 812

 -- Profile Likelihood -- 
Limit: r < 6.67528 @ 95% CL
Done in 0.00 min (cpu), 0.00 min (real)
Generate toy 455/500
  1) RooRealVar:: n_obs_bina01 = 799

 -- Profile Likelihood -- 
Limit: r < 5.91838 @ 95% CL
Done in 0.00 min (cpu), 0.00 min (real)
Generate toy 456/500
  1) RooRealVar:: n_obs_bina01 = 795

 -- Profile Likelihood -- 
Limit: r < 5.68635 @ 95% CL
Done in 0.00 min (cpu), 0.00 min (real)
Generate toy 457/500
  1) RooRealVar:: n_obs_bina01 = 777

 -- Profile Likelihood -- 
Limit: r < 4.63845 @ 95% CL
Done in 0.00 min (cpu), 0.00 min (real)
Generate toy 458/500
  1) RooRealVar:: n_obs_bina01 = 744

 -- Profile Likelihood -- 
Limit: r < 3.07779 @ 95% CL
Done in 0.00 min (cpu), 0.00 min (real)
Generate toy 459/500
  1) RooRealVar:: n_obs_bina01 = 758

 -- Profile Likelihood -- 
Limit: r < 3.65455 @ 95% CL
Done in 0.00 min (cpu), 0.00 min (real)
Generate toy 460/500
  1) RooRealVar:: n_obs_bina01 = 799

 -- Profile Likelihood -- 
Limit: r < 5.91838 @ 95% CL
Done in 0.00 min (cpu), 0.00 min (real)
Generate toy 461/500
  1) RooRealVar:: n_obs_bina01 = 792

 -- Profile Likelihood -- 
Limit: r < 5.51149 @ 95% CL
Done in 0.00 min (cpu), 0.00 min (real)
Generate toy 462/500
  1) RooRealVar:: n_obs_bina01 = 828

 -- Profile Likelihood -- 
Limit: r < 7.60646 @ 95% CL
Done in 0.00 min (cpu), 0.00 min (real)
Generate toy 463/500
  1) RooRealVar:: n_obs_bina01 = 792

 -- Profile Likelihood -- 
Limit: r < 5.51149 @ 95% CL
Done in 0.00 min (cpu), 0.00 min (real)
Generate toy 464/500
  1) RooRealVar:: n_obs_bina01 = 777

 -- Profile Likelihood -- 
Limit: r < 4.63845 @ 95% CL
Done in 0.00 min (cpu), 0.00 min (real)
Generate toy 465/500
  1) RooRealVar:: n_obs_bina01 = 660

 -- Profile Likelihood -- 
Limit: r < 1.3271 @ 95% CL
Done in 0.00 min (cpu), 0.00 min (real)
Generate toy 466/500
  1) RooRealVar:: n_obs_bina01 = 735

 -- Profile Likelihood -- 
Limit: r < 2.76632 @ 95% CL
Done in 0.00 min (cpu), 0.00 min (real)
Generate toy 467/500
  1) RooRealVar:: n_obs_bina01 = 723

 -- Profile Likelihood -- 
Limit: r < 2.41381 @ 95% CL
Done in 0.00 min (cpu), 0.00 min (real)
Generate toy 468/500
  1) RooRealVar:: n_obs_bina01 = 753

 -- Profile Likelihood -- 
Limit: r < 3.43486 @ 95% CL
Done in 0.00 min (cpu), 0.00 min (real)
Generate toy 469/500
  1) RooRealVar:: n_obs_bina01 = 770

 -- Profile Likelihood -- 
Limit: r < 4.24806 @ 95% CL
Done in 0.00 min (cpu), 0.00 min (real)
Generate toy 470/500
  1) RooRealVar:: n_obs_bina01 = 719

 -- Profile Likelihood -- 
Limit: r < 2.31007 @ 95% CL
Done in 0.00 min (cpu), 0.00 min (real)
Generate toy 471/500
  1) RooRealVar:: n_obs_bina01 = 805

 -- Profile Likelihood -- 
Limit: r < 6.26778 @ 95% CL
Done in 0.00 min (cpu), 0.00 min (real)
Generate toy 472/500
  1) RooRealVar:: n_obs_bina01 = 713

 -- Profile Likelihood -- 
Limit: r < 2.16618 @ 95% CL
Done in 0.00 min (cpu), 0.00 min (real)
Generate toy 473/500
  1) RooRealVar:: n_obs_bina01 = 755

 -- Profile Likelihood -- 
Limit: r < 3.52085 @ 95% CL
Done in 0.00 min (cpu), 0.00 min (real)
Generate toy 474/500
  1) RooRealVar:: n_obs_bina01 = 819

 -- Profile Likelihood -- 
Limit: r < 7.0827 @ 95% CL
Done in 0.00 min (cpu), 0.00 min (real)
Generate toy 475/500
  1) RooRealVar:: n_obs_bina01 = 726

 -- Profile Likelihood -- 
Limit: r < 2.49553 @ 95% CL
Done in 0.00 min (cpu), 0.00 min (real)
Generate toy 476/500
  1) RooRealVar:: n_obs_bina01 = 790

 -- Profile Likelihood -- 
Limit: r < 5.39509 @ 95% CL
Done in 0.00 min (cpu), 0.00 min (real)
Generate toy 477/500
  1) RooRealVar:: n_obs_bina01 = 776

 -- Profile Likelihood -- 
Limit: r < 4.58085 @ 95% CL
Done in 0.00 min (cpu), 0.00 min (real)
Generate toy 478/500
  1) RooRealVar:: n_obs_bina01 = 853

 -- Profile Likelihood -- 
Limit: r < 9.06109 @ 95% CL
Done in 0.00 min (cpu), 0.00 min (real)
Generate toy 479/500
  1) RooRealVar:: n_obs_bina01 = 806

 -- Profile Likelihood -- 
Limit: r < 6.326 @ 95% CL
Done in 0.00 min (cpu), 0.00 min (real)
Generate toy 480/500
  1) RooRealVar:: n_obs_bina01 = 799

 -- Profile Likelihood -- 
Limit: r < 5.91838 @ 95% CL
Done in 0.00 min (cpu), 0.00 min (real)
Generate toy 481/500
  1) RooRealVar:: n_obs_bina01 = 766

 -- Profile Likelihood -- 
Limit: r < 4.03955 @ 95% CL
Done in 0.00 min (cpu), 0.00 min (real)
Generate toy 482/500
  1) RooRealVar:: n_obs_bina01 = 791

 -- Profile Likelihood -- 
Limit: r < 5.45329 @ 95% CL
Done in 0.00 min (cpu), 0.00 min (real)
Generate toy 483/500
  1) RooRealVar:: n_obs_bina01 = 786

 -- Profile Likelihood -- 
Limit: r < 5.16237 @ 95% CL
Done in 0.00 min (cpu), 0.00 min (real)
Generate toy 484/500
  1) RooRealVar:: n_obs_bina01 = 878

 -- Profile Likelihood -- 
Limit: r < 10.5154 @ 95% CL
Done in 0.00 min (cpu), 0.00 min (real)
Generate toy 485/500
  1) RooRealVar:: n_obs_bina01 = 758

 -- Profile Likelihood -- 
Limit: r < 3.65455 @ 95% CL
Done in 0.00 min (cpu), 0.00 min (real)
Generate toy 486/500
  1) RooRealVar:: n_obs_bina01 = 746

 -- Profile Likelihood -- 
Limit: r < 3.15304 @ 95% CL
Done in 0.00 min (cpu), 0.00 min (real)
Generate toy 487/500
  1) RooRealVar:: n_obs_bina01 = 728

 -- Profile Likelihood -- 
Limit: r < 2.55245 @ 95% CL
Done in 0.00 min (cpu), 0.00 min (real)
Generate toy 488/500
  1) RooRealVar:: n_obs_bina01 = 754

 -- Profile Likelihood -- 
Limit: r < 3.47755 @ 95% CL
Done in 0.00 min (cpu), 0.00 min (real)
Generate toy 489/500
  1) RooRealVar:: n_obs_bina01 = 729

 -- Profile Likelihood -- 
Limit: r < 2.58159 @ 95% CL
Done in 0.00 min (cpu), 0.00 min (real)
Generate toy 490/500
  1) RooRealVar:: n_obs_bina01 = 861

 -- Profile Likelihood -- 
Limit: r < 9.52651 @ 95% CL
Done in 0.00 min (cpu), 0.00 min (real)
Generate toy 491/500
  1) RooRealVar:: n_obs_bina01 = 714

 -- Profile Likelihood -- 
Limit: r < 2.18924 @ 95% CL
Done in 0.00 min (cpu), 0.00 min (real)
Generate toy 492/500
  1) RooRealVar:: n_obs_bina01 = 768

 -- Profile Likelihood -- 
Limit: r < 4.14244 @ 95% CL
Done in 0.00 min (cpu), 0.00 min (real)
Generate toy 493/500
  1) RooRealVar:: n_obs_bina01 = 726

 -- Profile Likelihood -- 
Limit: r < 2.49553 @ 95% CL
Done in 0.00 min (cpu), 0.00 min (real)
Generate toy 494/500
  1) RooRealVar:: n_obs_bina01 = 773

 -- Profile Likelihood -- 
Limit: r < 4.41162 @ 95% CL
Done in 0.00 min (cpu), 0.00 min (real)
Generate toy 495/500
  1) RooRealVar:: n_obs_bina01 = 748

 -- Profile Likelihood -- 
Limit: r < 3.23059 @ 95% CL
Done in 0.00 min (cpu), 0.00 min (real)
Generate toy 496/500
  1) RooRealVar:: n_obs_bina01 = 778

 -- Profile Likelihood -- 
Limit: r < 4.69659 @ 95% CL
Done in 0.00 min (cpu), 0.00 min (real)
Generate toy 497/500
  1) RooRealVar:: n_obs_bina01 = 741

 -- Profile Likelihood -- 
Limit: r < 2.96914 @ 95% CL
Done in 0.00 min (cpu), 0.00 min (real)
Generate toy 498/500
  1) RooRealVar:: n_obs_bina01 = 793

 -- Profile Likelihood -- 
Limit: r < 5.57026 @ 95% CL
Done in 0.00 min (cpu), 0.00 min (real)
Generate toy 499/500
  1) RooRealVar:: n_obs_bina01 = 723

 -- Profile Likelihood -- 
Limit: r < 2.41381 @ 95% CL
Done in 0.00 min (cpu), 0.00 min (real)
Generate toy 500/500
  1) RooRealVar:: n_obs_bina01 = 801

 -- Profile Likelihood -- 
Limit: r < 6.03486 @ 95% CL
Done in 0.00 min (cpu), 0.00 min (real)
mean   expected limit: r < 5.00875 +/- 0.0957441 @ 95%CL (500 toyMC)
median expected limit: r < 4.63845 @ 95%CL (500 toyMC)
   68% expected band : 2.93401 < r < 7.25729
   95% expected band : 1.93478 < r < 9.9919
