>>> including systematics
>>> method used to compute upper limit is ProfileLikelihood
>>> random number generator seed is 123456

Sanity checks on the model: OK
Generate toy 1/500
  1) RooRealVar:: n_obs_bina01 = 1025

 -- Profile Likelihood -- 
Limit: r < 2.07619 @ 95% CL
Done in 0.00 min (cpu), 0.00 min (real)
Generate toy 2/500
  1) RooRealVar:: n_obs_bina01 = 1063

 -- Profile Likelihood -- 
Limit: r < 2.90092 @ 95% CL
Done in 0.00 min (cpu), 0.00 min (real)
Generate toy 3/500
  1) RooRealVar:: n_obs_bina01 = 1074

 -- Profile Likelihood -- 
Limit: r < 3.14054 @ 95% CL
Done in 0.00 min (cpu), 0.00 min (real)
Generate toy 4/500
  1) RooRealVar:: n_obs_bina01 = 1119

 -- Profile Likelihood -- 
Limit: r < 4.12061 @ 95% CL
Done in 0.00 min (cpu), 0.00 min (real)
Generate toy 5/500
  1) RooRealVar:: n_obs_bina01 = 1033

 -- Profile Likelihood -- 
Limit: r < 2.24747 @ 95% CL
Done in 0.00 min (cpu), 0.00 min (real)
Generate toy 6/500
  1) RooRealVar:: n_obs_bina01 = 1005

 -- Profile Likelihood -- 
Limit: r < 1.7018 @ 95% CL
Done in 0.00 min (cpu), 0.00 min (real)
Generate toy 7/500
  1) RooRealVar:: n_obs_bina01 = 1056

 -- Profile Likelihood -- 
Limit: r < 2.74847 @ 95% CL
Done in 0.00 min (cpu), 0.00 min (real)
Generate toy 8/500
  1) RooRealVar:: n_obs_bina01 = 1060

 -- Profile Likelihood -- 
Limit: r < 2.83556 @ 95% CL
Done in 0.00 min (cpu), 0.00 min (real)
Generate toy 9/500
  1) RooRealVar:: n_obs_bina01 = 940

 -- Profile Likelihood -- 
Limit: r < 0.941825 @ 95% CL
Done in 0.00 min (cpu), 0.00 min (real)
Generate toy 10/500
  1) RooRealVar:: n_obs_bina01 = 1010

 -- Profile Likelihood -- 
Limit: r < 1.788 @ 95% CL
Done in 0.00 min (cpu), 0.00 min (real)
Generate toy 11/500
  1) RooRealVar:: n_obs_bina01 = 991

 -- Profile Likelihood -- 
Limit: r < 1.48412 @ 95% CL
Done in 0.00 min (cpu), 0.00 min (real)
Generate toy 12/500
  1) RooRealVar:: n_obs_bina01 = 1018

 -- Profile Likelihood -- 
Limit: r < 1.93614 @ 95% CL
Done in 0.00 min (cpu), 0.00 min (real)
Generate toy 13/500
  1) RooRealVar:: n_obs_bina01 = 1086

 -- Profile Likelihood -- 
Limit: r < 3.40191 @ 95% CL
Done in 0.00 min (cpu), 0.00 min (real)
Generate toy 14/500
  1) RooRealVar:: n_obs_bina01 = 970

 -- Profile Likelihood -- 
Limit: r < 1.21909 @ 95% CL
Done in 0.00 min (cpu), 0.00 min (real)
Generate toy 15/500
  1) RooRealVar:: n_obs_bina01 = 1146

 -- Profile Likelihood -- 
Limit: r < 4.70869 @ 95% CL
Done in 0.00 min (cpu), 0.00 min (real)
Generate toy 16/500
  1) RooRealVar:: n_obs_bina01 = 1058

 -- Profile Likelihood -- 
Limit: r < 2.79199 @ 95% CL
Done in 0.00 min (cpu), 0.00 min (real)
Generate toy 17/500
  1) RooRealVar:: n_obs_bina01 = 1041

 -- Profile Likelihood -- 
Limit: r < 2.42175 @ 95% CL
Done in 0.00 min (cpu), 0.00 min (real)
Generate toy 18/500
  1) RooRealVar:: n_obs_bina01 = 1074

 -- Profile Likelihood -- 
Limit: r < 3.14054 @ 95% CL
Done in 0.00 min (cpu), 0.00 min (real)
Generate toy 19/500
  1) RooRealVar:: n_obs_bina01 = 1013

 -- Profile Likelihood -- 
Limit: r < 1.84217 @ 95% CL
Done in 0.00 min (cpu), 0.00 min (real)
Generate toy 20/500
  1) RooRealVar:: n_obs_bina01 = 1029

 -- Profile Likelihood -- 
Limit: r < 2.16058 @ 95% CL
Done in 0.00 min (cpu), 0.00 min (real)
Generate toy 21/500
  1) RooRealVar:: n_obs_bina01 = 1044

 -- Profile Likelihood -- 
Limit: r < 2.48708 @ 95% CL
Done in 0.00 min (cpu), 0.00 min (real)
Generate toy 22/500
  1) RooRealVar:: n_obs_bina01 = 1027

 -- Profile Likelihood -- 
Limit: r < 2.11803 @ 95% CL
Done in 0.00 min (cpu), 0.00 min (real)
Generate toy 23/500
  1) RooRealVar:: n_obs_bina01 = 1005

 -- Profile Likelihood -- 
Limit: r < 1.7018 @ 95% CL
Done in 0.00 min (cpu), 0.00 min (real)
Generate toy 24/500
  1) RooRealVar:: n_obs_bina01 = 1031

 -- Profile Likelihood -- 
Limit: r < 2.204 @ 95% CL
Done in 0.00 min (cpu), 0.00 min (real)
Generate toy 25/500
  1) RooRealVar:: n_obs_bina01 = 1071

 -- Profile Likelihood -- 
Limit: r < 3.07519 @ 95% CL
Done in 0.00 min (cpu), 0.00 min (real)
Generate toy 26/500
  1) RooRealVar:: n_obs_bina01 = 1080

 -- Profile Likelihood -- 
Limit: r < 3.27123 @ 95% CL
Done in 0.00 min (cpu), 0.00 min (real)
Generate toy 27/500
  1) RooRealVar:: n_obs_bina01 = 994

 -- Profile Likelihood -- 
Limit: r < 1.52778 @ 95% CL
Done in 0.00 min (cpu), 0.00 min (real)
Generate toy 28/500
  1) RooRealVar:: n_obs_bina01 = 1066

 -- Profile Likelihood -- 
Limit: r < 2.96627 @ 95% CL
Done in 0.00 min (cpu), 0.00 min (real)
Generate toy 29/500
  1) RooRealVar:: n_obs_bina01 = 1083

 -- Profile Likelihood -- 
Limit: r < 3.33657 @ 95% CL
Done in 0.00 min (cpu), 0.00 min (real)
Generate toy 30/500
  1) RooRealVar:: n_obs_bina01 = 990

 -- Profile Likelihood -- 
Limit: r < 1.46991 @ 95% CL
Done in 0.00 min (cpu), 0.00 min (real)
Generate toy 31/500
  1) RooRealVar:: n_obs_bina01 = 1016

 -- Profile Likelihood -- 
Limit: r < 1.89812 @ 95% CL
Done in 0.00 min (cpu), 0.00 min (real)
Generate toy 32/500
  1) RooRealVar:: n_obs_bina01 = 993

 -- Profile Likelihood -- 
Limit: r < 1.51305 @ 95% CL
Done in 0.00 min (cpu), 0.00 min (real)
Generate toy 33/500
  1) RooRealVar:: n_obs_bina01 = 945

 -- Profile Likelihood -- 
Limit: r < 0.98127 @ 95% CL
Done in 0.00 min (cpu), 0.00 min (real)
Generate toy 34/500
  1) RooRealVar:: n_obs_bina01 = 1057

 -- Profile Likelihood -- 
Limit: r < 2.7702 @ 95% CL
Done in 0.00 min (cpu), 0.00 min (real)
Generate toy 35/500
  1) RooRealVar:: n_obs_bina01 = 1044

 -- Profile Likelihood -- 
Limit: r < 2.48708 @ 95% CL
Done in 0.00 min (cpu), 0.00 min (real)
Generate toy 36/500
  1) RooRealVar:: n_obs_bina01 = 959

 -- Profile Likelihood -- 
Limit: r < 1.10552 @ 95% CL
Done in 0.00 min (cpu), 0.00 min (real)
Generate toy 37/500
  1) RooRealVar:: n_obs_bina01 = 997

 -- Profile Likelihood -- 
Limit: r < 1.57301 @ 95% CL
Done in 0.00 min (cpu), 0.00 min (real)
Generate toy 38/500
  1) RooRealVar:: n_obs_bina01 = 1108

 -- Profile Likelihood -- 
Limit: r < 3.88106 @ 95% CL
Done in 0.00 min (cpu), 0.00 min (real)
Generate toy 39/500
  1) RooRealVar:: n_obs_bina01 = 1101

 -- Profile Likelihood -- 
Limit: r < 3.72861 @ 95% CL
Done in 0.00 min (cpu), 0.00 min (real)
Generate toy 40/500
  1) RooRealVar:: n_obs_bina01 = 1064

 -- Profile Likelihood -- 
Limit: r < 2.9227 @ 95% CL
Done in 0.00 min (cpu), 0.00 min (real)
Generate toy 41/500
  1) RooRealVar:: n_obs_bina01 = 1034

 -- Profile Likelihood -- 
Limit: r < 2.26924 @ 95% CL
Done in 0.00 min (cpu), 0.00 min (real)
Generate toy 42/500
  1) RooRealVar:: n_obs_bina01 = 974

 -- Profile Likelihood -- 
Limit: r < 1.26445 @ 95% CL
Done in 0.00 min (cpu), 0.00 min (real)
Generate toy 43/500
  1) RooRealVar:: n_obs_bina01 = 1113

 -- Profile Likelihood -- 
Limit: r < 3.98995 @ 95% CL
Done in 0.00 min (cpu), 0.00 min (real)
Generate toy 44/500
  1) RooRealVar:: n_obs_bina01 = 1012

 -- Profile Likelihood -- 
Limit: r < 1.82392 @ 95% CL
Done in 0.00 min (cpu), 0.00 min (real)
Generate toy 45/500
  1) RooRealVar:: n_obs_bina01 = 1022
Done in 0.00 min (cpu), 0.00 min (real)
Generate toy 46/500
  1) RooRealVar:: n_obs_bina01 = 1047

 -- Profile Likelihood -- 
Limit: r < 2.55243 @ 95% CL
Done in 0.00 min (cpu), 0.00 min (real)
Generate toy 47/500
  1) RooRealVar:: n_obs_bina01 = 1095

 -- Profile Likelihood -- 
Limit: r < 3.59793 @ 95% CL
Done in 0.00 min (cpu), 0.00 min (real)
Generate toy 48/500
  1) RooRealVar:: n_obs_bina01 = 1014

 -- Profile Likelihood -- 
Limit: r < 1.86062 @ 95% CL
Done in 0.00 min (cpu), 0.00 min (real)
Generate toy 49/500
  1) RooRealVar:: n_obs_bina01 = 1024

 -- Profile Likelihood -- 
Limit: r < 2.05558 @ 95% CL
Done in 0.00 min (cpu), 0.00 min (real)
Generate toy 50/500
  1) RooRealVar:: n_obs_bina01 = 1020

 -- Profile Likelihood -- 
Limit: r < 1.97516 @ 95% CL
Done in 0.00 min (cpu), 0.00 min (real)
Generate toy 51/500
  1) RooRealVar:: n_obs_bina01 = 988

 -- Profile Likelihood -- 
Limit: r < 1.44199 @ 95% CL
Done in 0.00 min (cpu), 0.00 min (real)
Generate toy 52/500
  1) RooRealVar:: n_obs_bina01 = 1110

 -- Profile Likelihood -- 
Limit: r < 3.92461 @ 95% CL
Done in 0.00 min (cpu), 0.00 min (real)
Generate toy 53/500
  1) RooRealVar:: n_obs_bina01 = 983

 -- Profile Likelihood -- 
Limit: r < 1.37508 @ 95% CL
Done in 0.00 min (cpu), 0.00 min (real)
Generate toy 54/500
  1) RooRealVar:: n_obs_bina01 = 1001

 -- Profile Likelihood -- 
Limit: r < 1.63582 @ 95% CL
Done in 0.00 min (cpu), 0.00 min (real)
Generate toy 55/500
  1) RooRealVar:: n_obs_bina01 = 1013

 -- Profile Likelihood -- 
Limit: r < 1.84217 @ 95% CL
Done in 0.00 min (cpu), 0.00 min (real)
Generate toy 56/500
  1) RooRealVar:: n_obs_bina01 = 1024

 -- Profile Likelihood -- 
Limit: r < 2.05558 @ 95% CL
Done in 0.00 min (cpu), 0.00 min (real)
Generate toy 57/500
  1) RooRealVar:: n_obs_bina01 = 1052

 -- Profile Likelihood -- 
Limit: r < 2.6609 @ 95% CL
Done in 0.00 min (cpu), 0.00 min (real)
Generate toy 58/500
  1) RooRealVar:: n_obs_bina01 = 1036

 -- Profile Likelihood -- 
Limit: r < 2.31297 @ 95% CL
Done in 0.00 min (cpu), 0.00 min (real)
Generate toy 59/500
  1) RooRealVar:: n_obs_bina01 = 1033

 -- Profile Likelihood -- 
Limit: r < 2.24747 @ 95% CL
Done in 0.00 min (cpu), 0.00 min (real)
Generate toy 60/500
  1) RooRealVar:: n_obs_bina01 = 970

 -- Profile Likelihood -- 
Limit: r < 1.21909 @ 95% CL
Done in 0.00 min (cpu), 0.00 min (real)
Generate toy 61/500
  1) RooRealVar:: n_obs_bina01 = 1084

 -- Profile Likelihood -- 
Limit: r < 3.35835 @ 95% CL
Done in 0.00 min (cpu), 0.00 min (real)
Generate toy 62/500
  1) RooRealVar:: n_obs_bina01 = 1037

 -- Profile Likelihood -- 
Limit: r < 2.33468 @ 95% CL
Done in 0.00 min (cpu), 0.00 min (real)
Generate toy 63/500
  1) RooRealVar:: n_obs_bina01 = 979

 -- Profile Likelihood -- 
Limit: r < 1.3244 @ 95% CL
Done in 0.00 min (cpu), 0.00 min (real)
Generate toy 64/500
  1) RooRealVar:: n_obs_bina01 = 1053

 -- Profile Likelihood -- 
Limit: r < 2.68292 @ 95% CL
Done in 0.00 min (cpu), 0.00 min (real)
Generate toy 65/500
  1) RooRealVar:: n_obs_bina01 = 1033

 -- Profile Likelihood -- 
Limit: r < 2.24747 @ 95% CL
Done in 0.00 min (cpu), 0.00 min (real)
Generate toy 66/500
  1) RooRealVar:: n_obs_bina01 = 1134

 -- Profile Likelihood -- 
Limit: r < 4.44727 @ 95% CL
Done in 0.00 min (cpu), 0.00 min (real)
Generate toy 67/500
  1) RooRealVar:: n_obs_bina01 = 1007

 -- Profile Likelihood -- 
Limit: r < 1.73549 @ 95% CL
Done in 0.00 min (cpu), 0.00 min (real)
Generate toy 68/500
  1) RooRealVar:: n_obs_bina01 = 1015

 -- Profile Likelihood -- 
Limit: r < 1.87927 @ 95% CL
Done in 0.00 min (cpu), 0.00 min (real)
Generate toy 69/500
  1) RooRealVar:: n_obs_bina01 = 1146

 -- Profile Likelihood -- 
Limit: r < 4.70869 @ 95% CL
Done in 0.00 min (cpu), 0.00 min (real)
Generate toy 70/500
  1) RooRealVar:: n_obs_bina01 = 996

 -- Profile Likelihood -- 
Limit: r < 1.55775 @ 95% CL
Done in 0.00 min (cpu), 0.00 min (real)
Generate toy 71/500
  1) RooRealVar:: n_obs_bina01 = 981

 -- Profile Likelihood -- 
Limit: r < 1.34943 @ 95% CL
Done in 0.00 min (cpu), 0.00 min (real)
Generate toy 72/500
  1) RooRealVar:: n_obs_bina01 = 1000

 -- Profile Likelihood -- 
Limit: r < 1.61984 @ 95% CL
Done in 0.00 min (cpu), 0.00 min (real)
Generate toy 73/500
  1) RooRealVar:: n_obs_bina01 = 1098

 -- Profile Likelihood -- 
Limit: r < 3.66327 @ 95% CL
Done in 0.00 min (cpu), 0.00 min (real)
Generate toy 74/500
  1) RooRealVar:: n_obs_bina01 = 1007

 -- Profile Likelihood -- 
Limit: r < 1.73549 @ 95% CL
Done in 0.00 min (cpu), 0.00 min (real)
Generate toy 75/500
  1) RooRealVar:: n_obs_bina01 = 1094

 -- Profile Likelihood -- 
Limit: r < 3.57615 @ 95% CL
Done in 0.00 min (cpu), 0.00 min (real)
Generate toy 76/500
  1) RooRealVar:: n_obs_bina01 = 1030

 -- Profile Likelihood -- 
Limit: r < 2.18213 @ 95% CL
Done in 0.00 min (cpu), 0.00 min (real)
Generate toy 77/500
  1) RooRealVar:: n_obs_bina01 = 984

 -- Profile Likelihood -- 
Limit: r < 1.38814 @ 95% CL
Done in 0.00 min (cpu), 0.00 min (real)
Generate toy 78/500
  1) RooRealVar:: n_obs_bina01 = 1041

 -- Profile Likelihood -- 
Limit: r < 2.42175 @ 95% CL
Done in 0.00 min (cpu), 0.00 min (real)
Generate toy 79/500
  1) RooRealVar:: n_obs_bina01 = 1134

 -- Profile Likelihood -- 
Limit: r < 4.44727 @ 95% CL
Done in 0.00 min (cpu), 0.00 min (real)
Generate toy 80/500
  1) RooRealVar:: n_obs_bina01 = 1105

 -- Profile Likelihood -- 
Limit: r < 3.81572 @ 95% CL
Done in 0.00 min (cpu), 0.00 min (real)
Generate toy 81/500
  1) RooRealVar:: n_obs_bina01 = 1001

 -- Profile Likelihood -- 
Limit: r < 1.63582 @ 95% CL
Done in 0.00 min (cpu), 0.00 min (real)
Generate toy 82/500
  1) RooRealVar:: n_obs_bina01 = 1032

 -- Profile Likelihood -- 
Limit: r < 2.22575 @ 95% CL
Done in 0.00 min (cpu), 0.00 min (real)
Generate toy 83/500
  1) RooRealVar:: n_obs_bina01 = 1030

 -- Profile Likelihood -- 
Limit: r < 2.18213 @ 95% CL
Done in 0.00 min (cpu), 0.00 min (real)
Generate toy 84/500
  1) RooRealVar:: n_obs_bina01 = 1015

 -- Profile Likelihood -- 
Limit: r < 1.87927 @ 95% CL
Done in 0.00 min (cpu), 0.00 min (real)
Generate toy 85/500
  1) RooRealVar:: n_obs_bina01 = 1044

 -- Profile Likelihood -- 
Limit: r < 2.48708 @ 95% CL
Done in 0.00 min (cpu), 0.00 min (real)
Generate toy 86/500
  1) RooRealVar:: n_obs_bina01 = 1080

 -- Profile Likelihood -- 
Limit: r < 3.27123 @ 95% CL
Done in 0.00 min (cpu), 0.00 min (real)
Generate toy 87/500
  1) RooRealVar:: n_obs_bina01 = 980

 -- Profile Likelihood -- 
Limit: r < 1.33684 @ 95% CL
Done in 0.00 min (cpu), 0.00 min (real)
Generate toy 88/500
  1) RooRealVar:: n_obs_bina01 = 1025

 -- Profile Likelihood -- 
Limit: r < 2.07619 @ 95% CL
Done in 0.00 min (cpu), 0.00 min (real)
Generate toy 89/500
  1) RooRealVar:: n_obs_bina01 = 1086

 -- Profile Likelihood -- 
Limit: r < 3.40191 @ 95% CL
Done in 0.00 min (cpu), 0.00 min (real)
Generate toy 90/500
  1) RooRealVar:: n_obs_bina01 = 1018

 -- Profile Likelihood -- 
Limit: r < 1.93614 @ 95% CL
Done in 0.00 min (cpu), 0.00 min (real)
Generate toy 91/500
  1) RooRealVar:: n_obs_bina01 = 991

 -- Profile Likelihood -- 
Limit: r < 1.48412 @ 95% CL
Done in 0.00 min (cpu), 0.00 min (real)
Generate toy 92/500
  1) RooRealVar:: n_obs_bina01 = 966

 -- Profile Likelihood -- 
Limit: r < 1.17592 @ 95% CL
Done in 0.00 min (cpu), 0.00 min (real)
Generate toy 93/500
  1) RooRealVar:: n_obs_bina01 = 1120

 -- Profile Likelihood -- 
Limit: r < 4.14239 @ 95% CL
Done in 0.00 min (cpu), 0.00 min (real)
Generate toy 94/500
  1) RooRealVar:: n_obs_bina01 = 929

 -- Profile Likelihood -- 
Limit: r < 0.862976 @ 95% CL
Done in 0.00 min (cpu), 0.00 min (real)
Generate toy 95/500
  1) RooRealVar:: n_obs_bina01 = 1016

 -- Profile Likelihood -- 
Limit: r < 1.89812 @ 95% CL
Done in 0.00 min (cpu), 0.00 min (real)
Generate toy 96/500
  1) RooRealVar:: n_obs_bina01 = 1143

 -- Profile Likelihood -- 
Limit: r < 4.64337 @ 95% CL
Done in 0.00 min (cpu), 0.00 min (real)
Generate toy 97/500
  1) RooRealVar:: n_obs_bina01 = 1040

 -- Profile Likelihood -- 
Limit: r < 2.39997 @ 95% CL
Done in 0.00 min (cpu), 0.00 min (real)
Generate toy 98/500
  1) RooRealVar:: n_obs_bina01 = 1036

 -- Profile Likelihood -- 
Limit: r < 2.31297 @ 95% CL
Done in 0.00 min (cpu), 0.00 min (real)
Generate toy 99/500
  1) RooRealVar:: n_obs_bina01 = 1006

 -- Profile Likelihood -- 
Limit: r < 1.7184 @ 95% CL
Done in 0.00 min (cpu), 0.00 min (real)
Generate toy 100/500
  1) RooRealVar:: n_obs_bina01 = 1067

 -- Profile Likelihood -- 
Limit: r < 2.98806 @ 95% CL
Done in 0.00 min (cpu), 0.00 min (real)
Generate toy 101/500
  1) RooRealVar:: n_obs_bina01 = 1022
Done in 0.00 min (cpu), 0.00 min (real)
Generate toy 102/500
  1) RooRealVar:: n_obs_bina01 = 1153

 -- Profile Likelihood -- 
Limit: r < 4.86108 @ 95% CL
Done in 0.00 min (cpu), 0.00 min (real)
Generate toy 103/500
  1) RooRealVar:: n_obs_bina01 = 1022
Done in 0.00 min (cpu), 0.00 min (real)
Generate toy 104/500
  1) RooRealVar:: n_obs_bina01 = 1098

 -- Profile Likelihood -- 
Limit: r < 3.66327 @ 95% CL
Done in 0.00 min (cpu), 0.00 min (real)
Generate toy 105/500
  1) RooRealVar:: n_obs_bina01 = 1034

 -- Profile Likelihood -- 
Limit: r < 2.26924 @ 95% CL
Done in 0.00 min (cpu), 0.00 min (real)
Generate toy 106/500
  1) RooRealVar:: n_obs_bina01 = 979

 -- Profile Likelihood -- 
Limit: r < 1.3244 @ 95% CL
Done in 0.00 min (cpu), 0.00 min (real)
Generate toy 107/500
  1) RooRealVar:: n_obs_bina01 = 931

 -- Profile Likelihood -- 
Limit: r < 0.876554 @ 95% CL
Done in 0.00 min (cpu), 0.00 min (real)
Generate toy 108/500
  1) RooRealVar:: n_obs_bina01 = 997

 -- Profile Likelihood -- 
Limit: r < 1.57301 @ 95% CL
Done in 0.00 min (cpu), 0.00 min (real)
Generate toy 109/500
  1) RooRealVar:: n_obs_bina01 = 1121

 -- Profile Likelihood -- 
Limit: r < 4.16417 @ 95% CL
Done in 0.00 min (cpu), 0.00 min (real)
Generate toy 110/500
  1) RooRealVar:: n_obs_bina01 = 1096

 -- Profile Likelihood -- 
Limit: r < 3.61971 @ 95% CL
Done in 0.00 min (cpu), 0.00 min (real)
Generate toy 111/500
  1) RooRealVar:: n_obs_bina01 = 1072

 -- Profile Likelihood -- 
Limit: r < 3.09697 @ 95% CL
Done in 0.00 min (cpu), 0.00 min (real)
Generate toy 112/500
  1) RooRealVar:: n_obs_bina01 = 1079

 -- Profile Likelihood -- 
Limit: r < 3.24944 @ 95% CL
Done in 0.00 min (cpu), 0.00 min (real)
Generate toy 113/500
  1) RooRealVar:: n_obs_bina01 = 985

 -- Profile Likelihood -- 
Limit: r < 1.40136 @ 95% CL
Done in 0.00 min (cpu), 0.00 min (real)
Generate toy 114/500
  1) RooRealVar:: n_obs_bina01 = 1120

 -- Profile Likelihood -- 
Limit: r < 4.14239 @ 95% CL
Done in 0.00 min (cpu), 0.00 min (real)
Generate toy 115/500
  1) RooRealVar:: n_obs_bina01 = 973

 -- Profile Likelihood -- 
Limit: r < 1.2529 @ 95% CL
Done in 0.00 min (cpu), 0.00 min (real)
Generate toy 116/500
  1) RooRealVar:: n_obs_bina01 = 1111

 -- Profile Likelihood -- 
Limit: r < 3.94639 @ 95% CL
Done in 0.00 min (cpu), 0.00 min (real)
Generate toy 117/500
  1) RooRealVar:: n_obs_bina01 = 965

 -- Profile Likelihood -- 
Limit: r < 1.16545 @ 95% CL
Done in 0.00 min (cpu), 0.00 min (real)
Generate toy 118/500
  1) RooRealVar:: n_obs_bina01 = 1021

 -- Profile Likelihood -- 
Limit: r < 1.99497 @ 95% CL
Done in 0.00 min (cpu), 0.00 min (real)
Generate toy 119/500
  1) RooRealVar:: n_obs_bina01 = 1048

 -- Profile Likelihood -- 
Limit: r < 2.57422 @ 95% CL
Done in 0.00 min (cpu), 0.00 min (real)
Generate toy 120/500
  1) RooRealVar:: n_obs_bina01 = 986

 -- Profile Likelihood -- 
Limit: r < 1.41474 @ 95% CL
Done in 0.00 min (cpu), 0.00 min (real)
Generate toy 121/500
  1) RooRealVar:: n_obs_bina01 = 987

 -- Profile Likelihood -- 
Limit: r < 1.42828 @ 95% CL
Done in 0.00 min (cpu), 0.00 min (real)
Generate toy 122/500
  1) RooRealVar:: n_obs_bina01 = 1117

 -- Profile Likelihood -- 
Limit: r < 4.07706 @ 95% CL
Done in 0.00 min (cpu), 0.00 min (real)
Generate toy 123/500
  1) RooRealVar:: n_obs_bina01 = 985

 -- Profile Likelihood -- 
Limit: r < 1.40136 @ 95% CL
Done in 0.00 min (cpu), 0.00 min (real)
Generate toy 124/500
  1) RooRealVar:: n_obs_bina01 = 971

 -- Profile Likelihood -- 
Limit: r < 1.23022 @ 95% CL
Done in 0.00 min (cpu), 0.00 min (real)
Generate toy 125/500
  1) RooRealVar:: n_obs_bina01 = 1034

 -- Profile Likelihood -- 
Limit: r < 2.26924 @ 95% CL
Done in 0.00 min (cpu), 0.00 min (real)
Generate toy 126/500
  1) RooRealVar:: n_obs_bina01 = 1024

 -- Profile Likelihood -- 
Limit: r < 2.05558 @ 95% CL
Done in 0.00 min (cpu), 0.00 min (real)
Generate toy 127/500
  1) RooRealVar:: n_obs_bina01 = 1050

 -- Profile Likelihood -- 
Limit: r < 2.61653 @ 95% CL
Done in 0.00 min (cpu), 0.00 min (real)
Generate toy 128/500
  1) RooRealVar:: n_obs_bina01 = 1059

 -- Profile Likelihood -- 
Limit: r < 2.81377 @ 95% CL
Done in 0.00 min (cpu), 0.00 min (real)
Generate toy 129/500
  1) RooRealVar:: n_obs_bina01 = 1010

 -- Profile Likelihood -- 
Limit: r < 1.788 @ 95% CL
Done in 0.00 min (cpu), 0.00 min (real)
Generate toy 130/500
  1) RooRealVar:: n_obs_bina01 = 1117

 -- Profile Likelihood -- 
Limit: r < 4.07706 @ 95% CL
Done in 0.00 min (cpu), 0.00 min (real)
Generate toy 131/500
  1) RooRealVar:: n_obs_bina01 = 1038

 -- Profile Likelihood -- 
Limit: r < 2.35643 @ 95% CL
Done in 0.00 min (cpu), 0.00 min (real)
Generate toy 132/500
  1) RooRealVar:: n_obs_bina01 = 1003

 -- Profile Likelihood -- 
Limit: r < 1.66836 @ 95% CL
Done in 0.00 min (cpu), 0.00 min (real)
Generate toy 133/500
  1) RooRealVar:: n_obs_bina01 = 899

 -- Profile Likelihood -- 
Limit: r < 0.692726 @ 95% CL
Done in 0.00 min (cpu), 0.00 min (real)
Generate toy 134/500
  1) RooRealVar:: n_obs_bina01 = 972

 -- Profile Likelihood -- 
Limit: r < 1.24149 @ 95% CL
Done in 0.00 min (cpu), 0.00 min (real)
Generate toy 135/500
  1) RooRealVar:: n_obs_bina01 = 1011

 -- Profile Likelihood -- 
Limit: r < 1.80586 @ 95% CL
Done in 0.00 min (cpu), 0.00 min (real)
Generate toy 136/500
  1) RooRealVar:: n_obs_bina01 = 1075

 -- Profile Likelihood -- 
Limit: r < 3.16232 @ 95% CL
Done in 0.00 min (cpu), 0.00 min (real)
Generate toy 137/500
  1) RooRealVar:: n_obs_bina01 = 1039

 -- Profile Likelihood -- 
Limit: r < 2.3782 @ 95% CL
Done in 0.00 min (cpu), 0.00 min (real)
Generate toy 138/500
  1) RooRealVar:: n_obs_bina01 = 1118

 -- Profile Likelihood -- 
Limit: r < 4.09884 @ 95% CL
Done in 0.00 min (cpu), 0.00 min (real)
Generate toy 139/500
  1) RooRealVar:: n_obs_bina01 = 962

 -- Profile Likelihood -- 
Limit: r < 1.13483 @ 95% CL
Done in 0.00 min (cpu), 0.00 min (real)
Generate toy 140/500
  1) RooRealVar:: n_obs_bina01 = 1047

 -- Profile Likelihood -- 
Limit: r < 2.55243 @ 95% CL
Done in 0.00 min (cpu), 0.00 min (real)
Generate toy 141/500
  1) RooRealVar:: n_obs_bina01 = 979

 -- Profile Likelihood -- 
Limit: r < 1.3244 @ 95% CL
Done in 0.00 min (cpu), 0.00 min (real)
Generate toy 142/500
  1) RooRealVar:: n_obs_bina01 = 989

 -- Profile Likelihood -- 
Limit: r < 1.45587 @ 95% CL
Done in 0.00 min (cpu), 0.00 min (real)
Generate toy 143/500
  1) RooRealVar:: n_obs_bina01 = 1014

 -- Profile Likelihood -- 
Limit: r < 1.86062 @ 95% CL
Done in 0.00 min (cpu), 0.00 min (real)
Generate toy 144/500
  1) RooRealVar:: n_obs_bina01 = 982

 -- Profile Likelihood -- 
Limit: r < 1.36217 @ 95% CL
Done in 0.00 min (cpu), 0.00 min (real)
Generate toy 145/500
  1) RooRealVar:: n_obs_bina01 = 1000

 -- Profile Likelihood -- 
Limit: r < 1.61984 @ 95% CL
Done in 0.00 min (cpu), 0.00 min (real)
Generate toy 146/500
  1) RooRealVar:: n_obs_bina01 = 992

 -- Profile Likelihood -- 
Limit: r < 1.4985 @ 95% CL
Done in 0.00 min (cpu), 0.00 min (real)
Generate toy 147/500
  1) RooRealVar:: n_obs_bina01 = 1038

 -- Profile Likelihood -- 
Limit: r < 2.35643 @ 95% CL
Done in 0.00 min (cpu), 0.00 min (real)
Generate toy 148/500
  1) RooRealVar:: n_obs_bina01 = 1076

 -- Profile Likelihood -- 
Limit: r < 3.1841 @ 95% CL
Done in 0.00 min (cpu), 0.00 min (real)
Generate toy 149/500
  1) RooRealVar:: n_obs_bina01 = 1029

 -- Profile Likelihood -- 
Limit: r < 2.16058 @ 95% CL
Done in 0.00 min (cpu), 0.00 min (real)
Generate toy 150/500
  1) RooRealVar:: n_obs_bina01 = 1006

 -- Profile Likelihood -- 
Limit: r < 1.7184 @ 95% CL
Done in 0.00 min (cpu), 0.00 min (real)
Generate toy 151/500
  1) RooRealVar:: n_obs_bina01 = 1128

 -- Profile Likelihood -- 
Limit: r < 4.31661 @ 95% CL
Done in 0.00 min (cpu), 0.00 min (real)
Generate toy 152/500
  1) RooRealVar:: n_obs_bina01 = 1050

 -- Profile Likelihood -- 
Limit: r < 2.61653 @ 95% CL
Done in 0.00 min (cpu), 0.00 min (real)
Generate toy 153/500
  1) RooRealVar:: n_obs_bina01 = 1013

 -- Profile Likelihood -- 
Limit: r < 1.84217 @ 95% CL
Done in 0.00 min (cpu), 0.00 min (real)
Generate toy 154/500
  1) RooRealVar:: n_obs_bina01 = 1052

 -- Profile Likelihood -- 
Limit: r < 2.6609 @ 95% CL
Done in 0.00 min (cpu), 0.00 min (real)
Generate toy 155/500
  1) RooRealVar:: n_obs_bina01 = 935

 -- Profile Likelihood -- 
Limit: r < 0.904696 @ 95% CL
Done in 0.00 min (cpu), 0.00 min (real)
Generate toy 156/500
  1) RooRealVar:: n_obs_bina01 = 963

 -- Profile Likelihood -- 
Limit: r < 1.14491 @ 95% CL
Done in 0.00 min (cpu), 0.00 min (real)
Generate toy 157/500
  1) RooRealVar:: n_obs_bina01 = 1008

 -- Profile Likelihood -- 
Limit: r < 1.75286 @ 95% CL
Done in 0.00 min (cpu), 0.00 min (real)
Generate toy 158/500
  1) RooRealVar:: n_obs_bina01 = 1075

 -- Profile Likelihood -- 
Limit: r < 3.16232 @ 95% CL
Done in 0.00 min (cpu), 0.00 min (real)
Generate toy 159/500
  1) RooRealVar:: n_obs_bina01 = 1015

 -- Profile Likelihood -- 
Limit: r < 1.87927 @ 95% CL
Done in 0.00 min (cpu), 0.00 min (real)
Generate toy 160/500
  1) RooRealVar:: n_obs_bina01 = 1120

 -- Profile Likelihood -- 
Limit: r < 4.14239 @ 95% CL
Done in 0.00 min (cpu), 0.00 min (real)
Generate toy 161/500
  1) RooRealVar:: n_obs_bina01 = 929

 -- Profile Likelihood -- 
Limit: r < 0.862976 @ 95% CL
Done in 0.00 min (cpu), 0.00 min (real)
Generate toy 162/500
  1) RooRealVar:: n_obs_bina01 = 1087

 -- Profile Likelihood -- 
Limit: r < 3.42369 @ 95% CL
Done in 0.00 min (cpu), 0.00 min (real)
Generate toy 163/500
  1) RooRealVar:: n_obs_bina01 = 1165

 -- Profile Likelihood -- 
Limit: r < 5.12233 @ 95% CL
Done in 0.00 min (cpu), 0.00 min (real)
Generate toy 164/500
  1) RooRealVar:: n_obs_bina01 = 997

 -- Profile Likelihood -- 
Limit: r < 1.57301 @ 95% CL
Done in 0.00 min (cpu), 0.00 min (real)
Generate toy 165/500
  1) RooRealVar:: n_obs_bina01 = 1056

 -- Profile Likelihood -- 
Limit: r < 2.74847 @ 95% CL
Done in 0.00 min (cpu), 0.00 min (real)
Generate toy 166/500
  1) RooRealVar:: n_obs_bina01 = 1024

 -- Profile Likelihood -- 
Limit: r < 2.05558 @ 95% CL
Done in 0.00 min (cpu), 0.00 min (real)
Generate toy 167/500
  1) RooRealVar:: n_obs_bina01 = 1025

 -- Profile Likelihood -- 
Limit: r < 2.07619 @ 95% CL
Done in 0.00 min (cpu), 0.00 min (real)
Generate toy 168/500
  1) RooRealVar:: n_obs_bina01 = 1077

 -- Profile Likelihood -- 
Limit: r < 3.20588 @ 95% CL
Done in 0.00 min (cpu), 0.00 min (real)
Generate toy 169/500
  1) RooRealVar:: n_obs_bina01 = 1008

 -- Profile Likelihood -- 
Limit: r < 1.75286 @ 95% CL
Done in 0.00 min (cpu), 0.00 min (real)
Generate toy 170/500
  1) RooRealVar:: n_obs_bina01 = 1082

 -- Profile Likelihood -- 
Limit: r < 3.31479 @ 95% CL
Done in 0.00 min (cpu), 0.00 min (real)
Generate toy 171/500
  1) RooRealVar:: n_obs_bina01 = 997

 -- Profile Likelihood -- 
Limit: r < 1.57301 @ 95% CL
Done in 0.00 min (cpu), 0.00 min (real)
Generate toy 172/500
  1) RooRealVar:: n_obs_bina01 = 892

 -- Profile Likelihood -- 
Limit: r < 0.660503 @ 95% CL
Done in 0.00 min (cpu), 0.00 min (real)
Generate toy 173/500
  1) RooRealVar:: n_obs_bina01 = 1030

 -- Profile Likelihood -- 
Limit: r < 2.18213 @ 95% CL
Done in 0.00 min (cpu), 0.00 min (real)
Generate toy 174/500
  1) RooRealVar:: n_obs_bina01 = 1003

 -- Profile Likelihood -- 
Limit: r < 1.66836 @ 95% CL
Done in 0.00 min (cpu), 0.00 min (real)
Generate toy 175/500
  1) RooRealVar:: n_obs_bina01 = 1014

 -- Profile Likelihood -- 
Limit: r < 1.86062 @ 95% CL
Done in 0.00 min (cpu), 0.00 min (real)
Generate toy 176/500
  1) RooRealVar:: n_obs_bina01 = 1032

 -- Profile Likelihood -- 
Limit: r < 2.22575 @ 95% CL
Done in 0.00 min (cpu), 0.00 min (real)
Generate toy 177/500
  1) RooRealVar:: n_obs_bina01 = 1070

 -- Profile Likelihood -- 
Limit: r < 3.05341 @ 95% CL
Done in 0.00 min (cpu), 0.00 min (real)
Generate toy 178/500
  1) RooRealVar:: n_obs_bina01 = 986

 -- Profile Likelihood -- 
Limit: r < 1.41474 @ 95% CL
Done in 0.00 min (cpu), 0.00 min (real)
Generate toy 179/500
  1) RooRealVar:: n_obs_bina01 = 1130

 -- Profile Likelihood -- 
Limit: r < 4.36016 @ 95% CL
Done in 0.00 min (cpu), 0.00 min (real)
Generate toy 180/500
  1) RooRealVar:: n_obs_bina01 = 1017

 -- Profile Likelihood -- 
Limit: r < 1.91717 @ 95% CL
Done in 0.00 min (cpu), 0.00 min (real)
Generate toy 181/500
  1) RooRealVar:: n_obs_bina01 = 1078

 -- Profile Likelihood -- 
Limit: r < 3.22766 @ 95% CL
Done in 0.00 min (cpu), 0.00 min (real)
Generate toy 182/500
  1) RooRealVar:: n_obs_bina01 = 1021

 -- Profile Likelihood -- 
Limit: r < 1.99497 @ 95% CL
Done in 0.00 min (cpu), 0.00 min (real)
Generate toy 183/500
  1) RooRealVar:: n_obs_bina01 = 1014

 -- Profile Likelihood -- 
Limit: r < 1.86062 @ 95% CL
Done in 0.00 min (cpu), 0.00 min (real)
Generate toy 184/500
  1) RooRealVar:: n_obs_bina01 = 1079

 -- Profile Likelihood -- 
Limit: r < 3.24944 @ 95% CL
Done in 0.00 min (cpu), 0.00 min (real)
Generate toy 185/500
  1) RooRealVar:: n_obs_bina01 = 1064

 -- Profile Likelihood -- 
Limit: r < 2.9227 @ 95% CL
Done in 0.00 min (cpu), 0.00 min (real)
Generate toy 186/500
  1) RooRealVar:: n_obs_bina01 = 1074

 -- Profile Likelihood -- 
Limit: r < 3.14054 @ 95% CL
Done in 0.00 min (cpu), 0.00 min (real)
Generate toy 187/500
  1) RooRealVar:: n_obs_bina01 = 1018

 -- Profile Likelihood -- 
Limit: r < 1.93614 @ 95% CL
Done in 0.00 min (cpu), 0.00 min (real)
Generate toy 188/500
  1) RooRealVar:: n_obs_bina01 = 985

 -- Profile Likelihood -- 
Limit: r < 1.40136 @ 95% CL
Done in 0.00 min (cpu), 0.00 min (real)
Generate toy 189/500
  1) RooRealVar:: n_obs_bina01 = 1116

 -- Profile Likelihood -- 
Limit: r < 4.05528 @ 95% CL
Done in 0.00 min (cpu), 0.00 min (real)
Generate toy 190/500
  1) RooRealVar:: n_obs_bina01 = 1069

 -- Profile Likelihood -- 
Limit: r < 3.03162 @ 95% CL
Done in 0.00 min (cpu), 0.00 min (real)
Generate toy 191/500
  1) RooRealVar:: n_obs_bina01 = 1084

 -- Profile Likelihood -- 
Limit: r < 3.35835 @ 95% CL
Done in 0.00 min (cpu), 0.00 min (real)
Generate toy 192/500
  1) RooRealVar:: n_obs_bina01 = 1064

 -- Profile Likelihood -- 
Limit: r < 2.9227 @ 95% CL
Done in 0.00 min (cpu), 0.00 min (real)
Generate toy 193/500
  1) RooRealVar:: n_obs_bina01 = 1066

 -- Profile Likelihood -- 
Limit: r < 2.96627 @ 95% CL
Done in 0.00 min (cpu), 0.00 min (real)
Generate toy 194/500
  1) RooRealVar:: n_obs_bina01 = 1063

 -- Profile Likelihood -- 
Limit: r < 2.90092 @ 95% CL
Done in 0.00 min (cpu), 0.00 min (real)
Generate toy 195/500
  1) RooRealVar:: n_obs_bina01 = 1027

 -- Profile Likelihood -- 
Limit: r < 2.11803 @ 95% CL
Done in 0.00 min (cpu), 0.00 min (real)
Generate toy 196/500
  1) RooRealVar:: n_obs_bina01 = 1003

 -- Profile Likelihood -- 
Limit: r < 1.66836 @ 95% CL
Done in 0.00 min (cpu), 0.00 min (real)
Generate toy 197/500
  1) RooRealVar:: n_obs_bina01 = 1043

 -- Profile Likelihood -- 
Limit: r < 2.4653 @ 95% CL
Done in 0.00 min (cpu), 0.00 min (real)
Generate toy 198/500
  1) RooRealVar:: n_obs_bina01 = 1104

 -- Profile Likelihood -- 
Limit: r < 3.79394 @ 95% CL
Done in 0.00 min (cpu), 0.00 min (real)
Generate toy 199/500
  1) RooRealVar:: n_obs_bina01 = 1057

 -- Profile Likelihood -- 
Limit: r < 2.7702 @ 95% CL
Done in 0.00 min (cpu), 0.00 min (real)
Generate toy 200/500
  1) RooRealVar:: n_obs_bina01 = 1107

 -- Profile Likelihood -- 
Limit: r < 3.85928 @ 95% CL
Done in 0.00 min (cpu), 0.00 min (real)
Generate toy 201/500
  1) RooRealVar:: n_obs_bina01 = 998

 -- Profile Likelihood -- 
Limit: r < 1.58844 @ 95% CL
Done in 0.00 min (cpu), 0.00 min (real)
Generate toy 202/500
  1) RooRealVar:: n_obs_bina01 = 1127

 -- Profile Likelihood -- 
Limit: r < 4.29483 @ 95% CL
Done in 0.00 min (cpu), 0.00 min (real)
Generate toy 203/500
  1) RooRealVar:: n_obs_bina01 = 1021

 -- Profile Likelihood -- 
Limit: r < 1.99497 @ 95% CL
Done in 0.00 min (cpu), 0.00 min (real)
Generate toy 204/500
  1) RooRealVar:: n_obs_bina01 = 1066

 -- Profile Likelihood -- 
Limit: r < 2.96627 @ 95% CL
Done in 0.00 min (cpu), 0.00 min (real)
Generate toy 205/500
  1) RooRealVar:: n_obs_bina01 = 987

 -- Profile Likelihood -- 
Limit: r < 1.42828 @ 95% CL
Done in 0.00 min (cpu), 0.00 min (real)
Generate toy 206/500
  1) RooRealVar:: n_obs_bina01 = 991

 -- Profile Likelihood -- 
Limit: r < 1.48412 @ 95% CL
Done in 0.00 min (cpu), 0.00 min (real)
Generate toy 207/500
  1) RooRealVar:: n_obs_bina01 = 1057

 -- Profile Likelihood -- 
Limit: r < 2.7702 @ 95% CL
Done in 0.00 min (cpu), 0.00 min (real)
Generate toy 208/500
  1) RooRealVar:: n_obs_bina01 = 1103

 -- Profile Likelihood -- 
Limit: r < 3.77217 @ 95% CL
Done in 0.00 min (cpu), 0.00 min (real)
Generate toy 209/500
  1) RooRealVar:: n_obs_bina01 = 1025

 -- Profile Likelihood -- 
Limit: r < 2.07619 @ 95% CL
Done in 0.00 min (cpu), 0.00 min (real)
Generate toy 210/500
  1) RooRealVar:: n_obs_bina01 = 1137

 -- Profile Likelihood -- 
Limit: r < 4.51275 @ 95% CL
Done in 0.00 min (cpu), 0.00 min (real)
Generate toy 211/500
  1) RooRealVar:: n_obs_bina01 = 1083

 -- Profile Likelihood -- 
Limit: r < 3.33657 @ 95% CL
Done in 0.00 min (cpu), 0.00 min (real)
Generate toy 212/500
  1) RooRealVar:: n_obs_bina01 = 1118

 -- Profile Likelihood -- 
Limit: r < 4.09884 @ 95% CL
Done in 0.00 min (cpu), 0.00 min (real)
Generate toy 213/500
  1) RooRealVar:: n_obs_bina01 = 1039

 -- Profile Likelihood -- 
Limit: r < 2.3782 @ 95% CL
Done in 0.00 min (cpu), 0.00 min (real)
Generate toy 214/500
  1) RooRealVar:: n_obs_bina01 = 1053

 -- Profile Likelihood -- 
Limit: r < 2.68292 @ 95% CL
Done in 0.00 min (cpu), 0.00 min (real)
Generate toy 215/500
  1) RooRealVar:: n_obs_bina01 = 1030

 -- Profile Likelihood -- 
Limit: r < 2.18213 @ 95% CL
Done in 0.00 min (cpu), 0.00 min (real)
Generate toy 216/500
  1) RooRealVar:: n_obs_bina01 = 933

 -- Profile Likelihood -- 
Limit: r < 0.890457 @ 95% CL
Done in 0.00 min (cpu), 0.00 min (real)
Generate toy 217/500
  1) RooRealVar:: n_obs_bina01 = 944

 -- Profile Likelihood -- 
Limit: r < 0.973188 @ 95% CL
Done in 0.00 min (cpu), 0.00 min (real)
Generate toy 218/500
  1) RooRealVar:: n_obs_bina01 = 996

 -- Profile Likelihood -- 
Limit: r < 1.55775 @ 95% CL
Done in 0.00 min (cpu), 0.00 min (real)
Generate toy 219/500
  1) RooRealVar:: n_obs_bina01 = 966

 -- Profile Likelihood -- 
Limit: r < 1.17592 @ 95% CL
Done in 0.00 min (cpu), 0.00 min (real)
Generate toy 220/500
  1) RooRealVar:: n_obs_bina01 = 1006

 -- Profile Likelihood -- 
Limit: r < 1.7184 @ 95% CL
Done in 0.00 min (cpu), 0.00 min (real)
Generate toy 221/500
  1) RooRealVar:: n_obs_bina01 = 1043

 -- Profile Likelihood -- 
Limit: r < 2.4653 @ 95% CL
Done in 0.00 min (cpu), 0.00 min (real)
Generate toy 222/500
  1) RooRealVar:: n_obs_bina01 = 908

 -- Profile Likelihood -- 
Limit: r < 0.737912 @ 95% CL
Done in 0.00 min (cpu), 0.00 min (real)
Generate toy 223/500
  1) RooRealVar:: n_obs_bina01 = 987

 -- Profile Likelihood -- 
Limit: r < 1.42828 @ 95% CL
Done in 0.00 min (cpu), 0.00 min (real)
Generate toy 224/500
  1) RooRealVar:: n_obs_bina01 = 1062

 -- Profile Likelihood -- 
Limit: r < 2.87913 @ 95% CL
Done in 0.00 min (cpu), 0.00 min (real)
Generate toy 225/500
  1) RooRealVar:: n_obs_bina01 = 906

 -- Profile Likelihood -- 
Limit: r < 0.727481 @ 95% CL
Done in 0.00 min (cpu), 0.00 min (real)
Generate toy 226/500
  1) RooRealVar:: n_obs_bina01 = 992

 -- Profile Likelihood -- 
Limit: r < 1.4985 @ 95% CL
Done in 0.00 min (cpu), 0.00 min (real)
Generate toy 227/500
  1) RooRealVar:: n_obs_bina01 = 1029

 -- Profile Likelihood -- 
Limit: r < 2.16058 @ 95% CL
Done in 0.00 min (cpu), 0.00 min (real)
Generate toy 228/500
  1) RooRealVar:: n_obs_bina01 = 936

 -- Profile Likelihood -- 
Limit: r < 0.911945 @ 95% CL
Done in 0.00 min (cpu), 0.00 min (real)
Generate toy 229/500
  1) RooRealVar:: n_obs_bina01 = 1105

 -- Profile Likelihood -- 
Limit: r < 3.81572 @ 95% CL
Done in 0.00 min (cpu), 0.00 min (real)
Generate toy 230/500
  1) RooRealVar:: n_obs_bina01 = 968

 -- Profile Likelihood -- 
Limit: r < 1.19723 @ 95% CL
Done in 0.00 min (cpu), 0.00 min (real)
Generate toy 231/500
  1) RooRealVar:: n_obs_bina01 = 976

 -- Profile Likelihood -- 
Limit: r < 1.28799 @ 95% CL
Done in 0.00 min (cpu), 0.00 min (real)
Generate toy 232/500
  1) RooRealVar:: n_obs_bina01 = 1060

 -- Profile Likelihood -- 
Limit: r < 2.83556 @ 95% CL
Done in 0.00 min (cpu), 0.00 min (real)
Generate toy 233/500
  1) RooRealVar:: n_obs_bina01 = 925

 -- Profile Likelihood -- 
Limit: r < 0.836761 @ 95% CL
Done in 0.00 min (cpu), 0.00 min (real)
Generate toy 234/500
  1) RooRealVar:: n_obs_bina01 = 1067

 -- Profile Likelihood -- 
Limit: r < 2.98806 @ 95% CL
Done in 0.00 min (cpu), 0.00 min (real)
Generate toy 235/500
  1) RooRealVar:: n_obs_bina01 = 986

 -- Profile Likelihood -- 
Limit: r < 1.41474 @ 95% CL
Done in 0.00 min (cpu), 0.00 min (real)
Generate toy 236/500
  1) RooRealVar:: n_obs_bina01 = 988

 -- Profile Likelihood -- 
Limit: r < 1.44199 @ 95% CL
Done in 0.00 min (cpu), 0.00 min (real)
Generate toy 237/500
  1) RooRealVar:: n_obs_bina01 = 996

 -- Profile Likelihood -- 
Limit: r < 1.55775 @ 95% CL
Done in 0.00 min (cpu), 0.00 min (real)
Generate toy 238/500
  1) RooRealVar:: n_obs_bina01 = 1066

 -- Profile Likelihood -- 
Limit: r < 2.96627 @ 95% CL
Done in 0.00 min (cpu), 0.00 min (real)
Generate toy 239/500
  1) RooRealVar:: n_obs_bina01 = 1181

 -- Profile Likelihood -- 
Limit: r < 5.47065 @ 95% CL
Done in 0.00 min (cpu), 0.00 min (real)
Generate toy 240/500
  1) RooRealVar:: n_obs_bina01 = 1040

 -- Profile Likelihood -- 
Limit: r < 2.39997 @ 95% CL
Done in 0.00 min (cpu), 0.00 min (real)
Generate toy 241/500
  1) RooRealVar:: n_obs_bina01 = 1027

 -- Profile Likelihood -- 
Limit: r < 2.11803 @ 95% CL
Done in 0.00 min (cpu), 0.00 min (real)
Generate toy 242/500
  1) RooRealVar:: n_obs_bina01 = 993

 -- Profile Likelihood -- 
Limit: r < 1.51305 @ 95% CL
Done in 0.00 min (cpu), 0.00 min (real)
Generate toy 243/500
  1) RooRealVar:: n_obs_bina01 = 1045

 -- Profile Likelihood -- 
Limit: r < 2.50886 @ 95% CL
Done in 0.00 min (cpu), 0.00 min (real)
Generate toy 244/500
  1) RooRealVar:: n_obs_bina01 = 1057

 -- Profile Likelihood -- 
Limit: r < 2.7702 @ 95% CL
Done in 0.00 min (cpu), 0.00 min (real)
Generate toy 245/500
  1) RooRealVar:: n_obs_bina01 = 1002

 -- Profile Likelihood -- 
Limit: r < 1.65198 @ 95% CL
Done in 0.00 min (cpu), 0.00 min (real)
Generate toy 246/500
  1) RooRealVar:: n_obs_bina01 = 1021

 -- Profile Likelihood -- 
Limit: r < 1.99497 @ 95% CL
Done in 0.00 min (cpu), 0.00 min (real)
Generate toy 247/500
  1) RooRealVar:: n_obs_bina01 = 997

 -- Profile Likelihood -- 
Limit: r < 1.57301 @ 95% CL
Done in 0.00 min (cpu), 0.00 min (real)
Generate toy 248/500
  1) RooRealVar:: n_obs_bina01 = 1052

 -- Profile Likelihood -- 
Limit: r < 2.6609 @ 95% CL
Done in 0.00 min (cpu), 0.00 min (real)
Generate toy 249/500
  1) RooRealVar:: n_obs_bina01 = 971

 -- Profile Likelihood -- 
Limit: r < 1.23022 @ 95% CL
Done in 0.00 min (cpu), 0.00 min (real)
Generate toy 250/500
  1) RooRealVar:: n_obs_bina01 = 1054

 -- Profile Likelihood -- 
Limit: r < 2.70484 @ 95% CL
Done in 0.00 min (cpu), 0.00 min (real)
Generate toy 251/500
  1) RooRealVar:: n_obs_bina01 = 1146

 -- Profile Likelihood -- 
Limit: r < 4.70869 @ 95% CL
Done in 0.00 min (cpu), 0.00 min (real)
Generate toy 252/500
  1) RooRealVar:: n_obs_bina01 = 999

 -- Profile Likelihood -- 
Limit: r < 1.60405 @ 95% CL
Done in 0.00 min (cpu), 0.00 min (real)
Generate toy 253/500
  1) RooRealVar:: n_obs_bina01 = 1034

 -- Profile Likelihood -- 
Limit: r < 2.26924 @ 95% CL
Done in 0.00 min (cpu), 0.00 min (real)
Generate toy 254/500
  1) RooRealVar:: n_obs_bina01 = 1000

 -- Profile Likelihood -- 
Limit: r < 1.61984 @ 95% CL
Done in 0.00 min (cpu), 0.00 min (real)
Generate toy 255/500
  1) RooRealVar:: n_obs_bina01 = 1047

 -- Profile Likelihood -- 
Limit: r < 2.55243 @ 95% CL
Done in 0.00 min (cpu), 0.00 min (real)
Generate toy 256/500
  1) RooRealVar:: n_obs_bina01 = 1091

 -- Profile Likelihood -- 
Limit: r < 3.51081 @ 95% CL
Done in 0.00 min (cpu), 0.00 min (real)
Generate toy 257/500
  1) RooRealVar:: n_obs_bina01 = 990

 -- Profile Likelihood -- 
Limit: r < 1.46991 @ 95% CL
Done in 0.00 min (cpu), 0.00 min (real)
Generate toy 258/500
  1) RooRealVar:: n_obs_bina01 = 1033

 -- Profile Likelihood -- 
Limit: r < 2.24747 @ 95% CL
Done in 0.00 min (cpu), 0.00 min (real)
Generate toy 259/500
  1) RooRealVar:: n_obs_bina01 = 1038

 -- Profile Likelihood -- 
Limit: r < 2.35643 @ 95% CL
Done in 0.00 min (cpu), 0.00 min (real)
Generate toy 260/500
  1) RooRealVar:: n_obs_bina01 = 1087

 -- Profile Likelihood -- 
Limit: r < 3.42369 @ 95% CL
Done in 0.00 min (cpu), 0.00 min (real)
Generate toy 261/500
  1) RooRealVar:: n_obs_bina01 = 1007

 -- Profile Likelihood -- 
Limit: r < 1.73549 @ 95% CL
Done in 0.00 min (cpu), 0.00 min (real)
Generate toy 262/500
  1) RooRealVar:: n_obs_bina01 = 1133

 -- Profile Likelihood -- 
Limit: r < 4.42549 @ 95% CL
Done in 0.00 min (cpu), 0.00 min (real)
Generate toy 263/500
  1) RooRealVar:: n_obs_bina01 = 1024

 -- Profile Likelihood -- 
Limit: r < 2.05558 @ 95% CL
Done in 0.00 min (cpu), 0.00 min (real)
Generate toy 264/500
  1) RooRealVar:: n_obs_bina01 = 1051

 -- Profile Likelihood -- 
Limit: r < 2.63877 @ 95% CL
Done in 0.00 min (cpu), 0.00 min (real)
Generate toy 265/500
  1) RooRealVar:: n_obs_bina01 = 945

 -- Profile Likelihood -- 
Limit: r < 0.98127 @ 95% CL
Done in 0.00 min (cpu), 0.00 min (real)
Generate toy 266/500
  1) RooRealVar:: n_obs_bina01 = 1085

 -- Profile Likelihood -- 
Limit: r < 3.38013 @ 95% CL
Done in 0.00 min (cpu), 0.00 min (real)
Generate toy 267/500
  1) RooRealVar:: n_obs_bina01 = 955

 -- Profile Likelihood -- 
Limit: r < 1.0678 @ 95% CL
Done in 0.00 min (cpu), 0.00 min (real)
Generate toy 268/500
  1) RooRealVar:: n_obs_bina01 = 1049

 -- Profile Likelihood -- 
Limit: r < 2.596 @ 95% CL
Done in 0.00 min (cpu), 0.00 min (real)
Generate toy 269/500
  1) RooRealVar:: n_obs_bina01 = 1102

 -- Profile Likelihood -- 
Limit: r < 3.75039 @ 95% CL
Done in 0.00 min (cpu), 0.00 min (real)
Generate toy 270/500
  1) RooRealVar:: n_obs_bina01 = 952

 -- Profile Likelihood -- 
Limit: r < 1.04071 @ 95% CL
Done in 0.00 min (cpu), 0.00 min (real)
Generate toy 271/500
  1) RooRealVar:: n_obs_bina01 = 947

 -- Profile Likelihood -- 
Limit: r < 0.997734 @ 95% CL
Done in 0.00 min (cpu), 0.00 min (real)
Generate toy 272/500
  1) RooRealVar:: n_obs_bina01 = 994

 -- Profile Likelihood -- 
Limit: r < 1.52778 @ 95% CL
Done in 0.00 min (cpu), 0.00 min (real)
Generate toy 273/500
  1) RooRealVar:: n_obs_bina01 = 1062

 -- Profile Likelihood -- 
Limit: r < 2.87913 @ 95% CL
Done in 0.00 min (cpu), 0.00 min (real)
Generate toy 274/500
  1) RooRealVar:: n_obs_bina01 = 1061

 -- Profile Likelihood -- 
Limit: r < 2.85735 @ 95% CL
Done in 0.00 min (cpu), 0.00 min (real)
Generate toy 275/500
  1) RooRealVar:: n_obs_bina01 = 1028

 -- Profile Likelihood -- 
Limit: r < 2.13925 @ 95% CL
Done in 0.00 min (cpu), 0.00 min (real)
Generate toy 276/500
  1) RooRealVar:: n_obs_bina01 = 1047

 -- Profile Likelihood -- 
Limit: r < 2.55243 @ 95% CL
Done in 0.00 min (cpu), 0.00 min (real)
Generate toy 277/500
  1) RooRealVar:: n_obs_bina01 = 1030

 -- Profile Likelihood -- 
Limit: r < 2.18213 @ 95% CL
Done in 0.00 min (cpu), 0.00 min (real)
Generate toy 278/500
  1) RooRealVar:: n_obs_bina01 = 929

 -- Profile Likelihood -- 
Limit: r < 0.862976 @ 95% CL
Done in 0.00 min (cpu), 0.00 min (real)
Generate toy 279/500
  1) RooRealVar:: n_obs_bina01 = 994

 -- Profile Likelihood -- 
Limit: r < 1.52778 @ 95% CL
Done in 0.00 min (cpu), 0.00 min (real)
Generate toy 280/500
  1) RooRealVar:: n_obs_bina01 = 1074

 -- Profile Likelihood -- 
Limit: r < 3.14054 @ 95% CL
Done in 0.00 min (cpu), 0.00 min (real)
Generate toy 281/500
  1) RooRealVar:: n_obs_bina01 = 1047

 -- Profile Likelihood -- 
Limit: r < 2.55243 @ 95% CL
Done in 0.00 min (cpu), 0.00 min (real)
Generate toy 282/500
  1) RooRealVar:: n_obs_bina01 = 1030

 -- Profile Likelihood -- 
Limit: r < 2.18213 @ 95% CL
Done in 0.00 min (cpu), 0.00 min (real)
Generate toy 283/500
  1) RooRealVar:: n_obs_bina01 = 1000

 -- Profile Likelihood -- 
Limit: r < 1.61984 @ 95% CL
Done in 0.00 min (cpu), 0.00 min (real)
Generate toy 284/500
  1) RooRealVar:: n_obs_bina01 = 998

 -- Profile Likelihood -- 
Limit: r < 1.58844 @ 95% CL
Done in 0.00 min (cpu), 0.00 min (real)
Generate toy 285/500
  1) RooRealVar:: n_obs_bina01 = 1008

 -- Profile Likelihood -- 
Limit: r < 1.75286 @ 95% CL
Done in 0.00 min (cpu), 0.00 min (real)
Generate toy 286/500
  1) RooRealVar:: n_obs_bina01 = 1105

 -- Profile Likelihood -- 
Limit: r < 3.81572 @ 95% CL
Done in 0.00 min (cpu), 0.00 min (real)
Generate toy 287/500
  1) RooRealVar:: n_obs_bina01 = 1127

 -- Profile Likelihood -- 
Limit: r < 4.29483 @ 95% CL
Done in 0.00 min (cpu), 0.00 min (real)
Generate toy 288/500
  1) RooRealVar:: n_obs_bina01 = 1066

 -- Profile Likelihood -- 
Limit: r < 2.96627 @ 95% CL
Done in 0.00 min (cpu), 0.00 min (real)
Generate toy 289/500
  1) RooRealVar:: n_obs_bina01 = 1099

 -- Profile Likelihood -- 
Limit: r < 3.68505 @ 95% CL
Done in 0.00 min (cpu), 0.00 min (real)
Generate toy 290/500
  1) RooRealVar:: n_obs_bina01 = 1071

 -- Profile Likelihood -- 
Limit: r < 3.07519 @ 95% CL
Done in 0.00 min (cpu), 0.00 min (real)
Generate toy 291/500
  1) RooRealVar:: n_obs_bina01 = 1096

 -- Profile Likelihood -- 
Limit: r < 3.61971 @ 95% CL
Done in 0.00 min (cpu), 0.00 min (real)
Generate toy 292/500
  1) RooRealVar:: n_obs_bina01 = 1019

 -- Profile Likelihood -- 
Limit: r < 1.95555 @ 95% CL
Done in 0.00 min (cpu), 0.00 min (real)
Generate toy 293/500
  1) RooRealVar:: n_obs_bina01 = 1032

 -- Profile Likelihood -- 
Limit: r < 2.22575 @ 95% CL
Done in 0.00 min (cpu), 0.00 min (real)
Generate toy 294/500
  1) RooRealVar:: n_obs_bina01 = 1100

 -- Profile Likelihood -- 
Limit: r < 3.70683 @ 95% CL
Done in 0.00 min (cpu), 0.00 min (real)
Generate toy 295/500
  1) RooRealVar:: n_obs_bina01 = 991

 -- Profile Likelihood -- 
Limit: r < 1.48412 @ 95% CL
Done in 0.00 min (cpu), 0.00 min (real)
Generate toy 296/500
  1) RooRealVar:: n_obs_bina01 = 1049

 -- Profile Likelihood -- 
Limit: r < 2.596 @ 95% CL
Done in 0.00 min (cpu), 0.00 min (real)
Generate toy 297/500
  1) RooRealVar:: n_obs_bina01 = 1086

 -- Profile Likelihood -- 
Limit: r < 3.40191 @ 95% CL
Done in 0.00 min (cpu), 0.00 min (real)
Generate toy 298/500
  1) RooRealVar:: n_obs_bina01 = 1034

 -- Profile Likelihood -- 
Limit: r < 2.26924 @ 95% CL
Done in 0.00 min (cpu), 0.00 min (real)
Generate toy 299/500
  1) RooRealVar:: n_obs_bina01 = 1090

 -- Profile Likelihood -- 
Limit: r < 3.48903 @ 95% CL
Done in 0.00 min (cpu), 0.00 min (real)
Generate toy 300/500
  1) RooRealVar:: n_obs_bina01 = 983

 -- Profile Likelihood -- 
Limit: r < 1.37508 @ 95% CL
Done in 0.00 min (cpu), 0.00 min (real)
Generate toy 301/500
  1) RooRealVar:: n_obs_bina01 = 1055

 -- Profile Likelihood -- 
Limit: r < 2.72669 @ 95% CL
Done in 0.00 min (cpu), 0.00 min (real)
Generate toy 302/500
  1) RooRealVar:: n_obs_bina01 = 1018

 -- Profile Likelihood -- 
Limit: r < 1.93614 @ 95% CL
Done in 0.00 min (cpu), 0.00 min (real)
Generate toy 303/500
  1) RooRealVar:: n_obs_bina01 = 1068

 -- Profile Likelihood -- 
Limit: r < 3.00984 @ 95% CL
Done in 0.00 min (cpu), 0.00 min (real)
Generate toy 304/500
  1) RooRealVar:: n_obs_bina01 = 982

 -- Profile Likelihood -- 
Limit: r < 1.36217 @ 95% CL
Done in 0.00 min (cpu), 0.00 min (real)
Generate toy 305/500
  1) RooRealVar:: n_obs_bina01 = 1090

 -- Profile Likelihood -- 
Limit: r < 3.48903 @ 95% CL
Done in 0.00 min (cpu), 0.00 min (real)
Generate toy 306/500
  1) RooRealVar:: n_obs_bina01 = 1021

 -- Profile Likelihood -- 
Limit: r < 1.99497 @ 95% CL
Done in 0.00 min (cpu), 0.00 min (real)
Generate toy 307/500
  1) RooRealVar:: n_obs_bina01 = 1012

 -- Profile Likelihood -- 
Limit: r < 1.82392 @ 95% CL
Done in 0.00 min (cpu), 0.00 min (real)
Generate toy 308/500
  1) RooRealVar:: n_obs_bina01 = 973

 -- Profile Likelihood -- 
Limit: r < 1.2529 @ 95% CL
Done in 0.00 min (cpu), 0.00 min (real)
Generate toy 309/500
  1) RooRealVar:: n_obs_bina01 = 1081

 -- Profile Likelihood -- 
Limit: r < 3.29301 @ 95% CL
Done in 0.00 min (cpu), 0.00 min (real)
Generate toy 310/500
  1) RooRealVar:: n_obs_bina01 = 1091

 -- Profile Likelihood -- 
Limit: r < 3.51081 @ 95% CL
Done in 0.00 min (cpu), 0.00 min (real)
Generate toy 311/500
  1) RooRealVar:: n_obs_bina01 = 1039

 -- Profile Likelihood -- 
Limit: r < 2.3782 @ 95% CL
Done in 0.00 min (cpu), 0.00 min (real)
Generate toy 312/500
  1) RooRealVar:: n_obs_bina01 = 1064

 -- Profile Likelihood -- 
Limit: r < 2.9227 @ 95% CL
Done in 0.00 min (cpu), 0.00 min (real)
Generate toy 313/500
  1) RooRealVar:: n_obs_bina01 = 997

 -- Profile Likelihood -- 
Limit: r < 1.57301 @ 95% CL
Done in 0.00 min (cpu), 0.00 min (real)
Generate toy 314/500
  1) RooRealVar:: n_obs_bina01 = 943

 -- Profile Likelihood -- 
Limit: r < 0.965204 @ 95% CL
Done in 0.00 min (cpu), 0.00 min (real)
Generate toy 315/500
  1) RooRealVar:: n_obs_bina01 = 962

 -- Profile Likelihood -- 
Limit: r < 1.13483 @ 95% CL
Done in 0.00 min (cpu), 0.00 min (real)
Generate toy 316/500
  1) RooRealVar:: n_obs_bina01 = 1091

 -- Profile Likelihood -- 
Limit: r < 3.51081 @ 95% CL
Done in 0.00 min (cpu), 0.00 min (real)
Generate toy 317/500
  1) RooRealVar:: n_obs_bina01 = 1198

 -- Profile Likelihood -- 
Limit: r < 5.84073 @ 95% CL
Done in 0.00 min (cpu), 0.00 min (real)
Generate toy 318/500
  1) RooRealVar:: n_obs_bina01 = 1017

 -- Profile Likelihood -- 
Limit: r < 1.91717 @ 95% CL
Done in 0.00 min (cpu), 0.00 min (real)
Generate toy 319/500
  1) RooRealVar:: n_obs_bina01 = 912

 -- Profile Likelihood -- 
Limit: r < 0.759484 @ 95% CL
Done in 0.00 min (cpu), 0.00 min (real)
Generate toy 320/500
  1) RooRealVar:: n_obs_bina01 = 934

 -- Profile Likelihood -- 
Limit: r < 0.897534 @ 95% CL
Done in 0.00 min (cpu), 0.00 min (real)
Generate toy 321/500
  1) RooRealVar:: n_obs_bina01 = 945

 -- Profile Likelihood -- 
Limit: r < 0.98127 @ 95% CL
Done in 0.00 min (cpu), 0.00 min (real)
Generate toy 322/500
  1) RooRealVar:: n_obs_bina01 = 1117

 -- Profile Likelihood -- 
Limit: r < 4.07706 @ 95% CL
Done in 0.00 min (cpu), 0.00 min (real)
Generate toy 323/500
  1) RooRealVar:: n_obs_bina01 = 937

 -- Profile Likelihood -- 
Limit: r < 0.91928 @ 95% CL
Done in 0.00 min (cpu), 0.00 min (real)
Generate toy 324/500
  1) RooRealVar:: n_obs_bina01 = 1004

 -- Profile Likelihood -- 
Limit: r < 1.68497 @ 95% CL
Done in 0.00 min (cpu), 0.00 min (real)
Generate toy 325/500
  1) RooRealVar:: n_obs_bina01 = 1038

 -- Profile Likelihood -- 
Limit: r < 2.35643 @ 95% CL
Done in 0.00 min (cpu), 0.00 min (real)
Generate toy 326/500
  1) RooRealVar:: n_obs_bina01 = 1027

 -- Profile Likelihood -- 
Limit: r < 2.11803 @ 95% CL
Done in 0.00 min (cpu), 0.00 min (real)
Generate toy 327/500
  1) RooRealVar:: n_obs_bina01 = 1151

 -- Profile Likelihood -- 
Limit: r < 4.81754 @ 95% CL
Done in 0.00 min (cpu), 0.00 min (real)
Generate toy 328/500
  1) RooRealVar:: n_obs_bina01 = 1035

 -- Profile Likelihood -- 
Limit: r < 2.29103 @ 95% CL
Done in 0.00 min (cpu), 0.00 min (real)
Generate toy 329/500
  1) RooRealVar:: n_obs_bina01 = 1089

 -- Profile Likelihood -- 
Limit: r < 3.46725 @ 95% CL
Done in 0.00 min (cpu), 0.00 min (real)
Generate toy 330/500
  1) RooRealVar:: n_obs_bina01 = 936

 -- Profile Likelihood -- 
Limit: r < 0.911945 @ 95% CL
Done in 0.00 min (cpu), 0.00 min (real)
Generate toy 331/500
  1) RooRealVar:: n_obs_bina01 = 1016

 -- Profile Likelihood -- 
Limit: r < 1.89812 @ 95% CL
Done in 0.00 min (cpu), 0.00 min (real)
Generate toy 332/500
  1) RooRealVar:: n_obs_bina01 = 1008

 -- Profile Likelihood -- 
Limit: r < 1.75286 @ 95% CL
Done in 0.00 min (cpu), 0.00 min (real)
Generate toy 333/500
  1) RooRealVar:: n_obs_bina01 = 1000

 -- Profile Likelihood -- 
Limit: r < 1.61984 @ 95% CL
Done in 0.00 min (cpu), 0.00 min (real)
Generate toy 334/500
  1) RooRealVar:: n_obs_bina01 = 999

 -- Profile Likelihood -- 
Limit: r < 1.60405 @ 95% CL
Done in 0.00 min (cpu), 0.00 min (real)
Generate toy 335/500
  1) RooRealVar:: n_obs_bina01 = 955

 -- Profile Likelihood -- 
Limit: r < 1.0678 @ 95% CL
Done in 0.00 min (cpu), 0.00 min (real)
Generate toy 336/500
  1) RooRealVar:: n_obs_bina01 = 1013

 -- Profile Likelihood -- 
Limit: r < 1.84217 @ 95% CL
Done in 0.00 min (cpu), 0.00 min (real)
Generate toy 337/500
  1) RooRealVar:: n_obs_bina01 = 1014

 -- Profile Likelihood -- 
Limit: r < 1.86062 @ 95% CL
Done in 0.00 min (cpu), 0.00 min (real)
Generate toy 338/500
  1) RooRealVar:: n_obs_bina01 = 999

 -- Profile Likelihood -- 
Limit: r < 1.60405 @ 95% CL
Done in 0.00 min (cpu), 0.00 min (real)
Generate toy 339/500
  1) RooRealVar:: n_obs_bina01 = 1046

 -- Profile Likelihood -- 
Limit: r < 2.53065 @ 95% CL
Done in 0.00 min (cpu), 0.00 min (real)
Generate toy 340/500
  1) RooRealVar:: n_obs_bina01 = 995

 -- Profile Likelihood -- 
Limit: r < 1.54268 @ 95% CL
Done in 0.00 min (cpu), 0.00 min (real)
Generate toy 341/500
  1) RooRealVar:: n_obs_bina01 = 973

 -- Profile Likelihood -- 
Limit: r < 1.2529 @ 95% CL
Done in 0.00 min (cpu), 0.00 min (real)
Generate toy 342/500
  1) RooRealVar:: n_obs_bina01 = 1037

 -- Profile Likelihood -- 
Limit: r < 2.33468 @ 95% CL
Done in 0.00 min (cpu), 0.00 min (real)
Generate toy 343/500
  1) RooRealVar:: n_obs_bina01 = 1064

 -- Profile Likelihood -- 
Limit: r < 2.9227 @ 95% CL
Done in 0.00 min (cpu), 0.00 min (real)
Generate toy 344/500
  1) RooRealVar:: n_obs_bina01 = 1076

 -- Profile Likelihood -- 
Limit: r < 3.1841 @ 95% CL
Done in 0.00 min (cpu), 0.00 min (real)
Generate toy 345/500
  1) RooRealVar:: n_obs_bina01 = 1017

 -- Profile Likelihood -- 
Limit: r < 1.91717 @ 95% CL
Done in 0.00 min (cpu), 0.00 min (real)
Generate toy 346/500
  1) RooRealVar:: n_obs_bina01 = 1112

 -- Profile Likelihood -- 
Limit: r < 3.96817 @ 95% CL
Done in 0.00 min (cpu), 0.00 min (real)
Generate toy 347/500
  1) RooRealVar:: n_obs_bina01 = 981

 -- Profile Likelihood -- 
Limit: r < 1.34943 @ 95% CL
Done in 0.00 min (cpu), 0.00 min (real)
Generate toy 348/500
  1) RooRealVar:: n_obs_bina01 = 1117

 -- Profile Likelihood -- 
Limit: r < 4.07706 @ 95% CL
Done in 0.00 min (cpu), 0.00 min (real)
Generate toy 349/500
  1) RooRealVar:: n_obs_bina01 = 1043

 -- Profile Likelihood -- 
Limit: r < 2.4653 @ 95% CL
Done in 0.00 min (cpu), 0.00 min (real)
Generate toy 350/500
  1) RooRealVar:: n_obs_bina01 = 1163

 -- Profile Likelihood -- 
Limit: r < 5.07879 @ 95% CL
Done in 0.00 min (cpu), 0.00 min (real)
Generate toy 351/500
  1) RooRealVar:: n_obs_bina01 = 1020

 -- Profile Likelihood -- 
Limit: r < 1.97516 @ 95% CL
Done in 0.00 min (cpu), 0.00 min (real)
Generate toy 352/500
  1) RooRealVar:: n_obs_bina01 = 1082

 -- Profile Likelihood -- 
Limit: r < 3.31479 @ 95% CL
Done in 0.00 min (cpu), 0.00 min (real)
Generate toy 353/500
  1) RooRealVar:: n_obs_bina01 = 996

 -- Profile Likelihood -- 
Limit: r < 1.55775 @ 95% CL
Done in 0.00 min (cpu), 0.00 min (real)
Generate toy 354/500
  1) RooRealVar:: n_obs_bina01 = 1084

 -- Profile Likelihood -- 
Limit: r < 3.35835 @ 95% CL
Done in 0.00 min (cpu), 0.00 min (real)
Generate toy 355/500
  1) RooRealVar:: n_obs_bina01 = 978

 -- Profile Likelihood -- 
Limit: r < 1.31211 @ 95% CL
Done in 0.00 min (cpu), 0.00 min (real)
Generate toy 356/500
  1) RooRealVar:: n_obs_bina01 = 989

 -- Profile Likelihood -- 
Limit: r < 1.45587 @ 95% CL
Done in 0.00 min (cpu), 0.00 min (real)
Generate toy 357/500
  1) RooRealVar:: n_obs_bina01 = 949

 -- Profile Likelihood -- 
Limit: r < 1.01461 @ 95% CL
Done in 0.00 min (cpu), 0.00 min (real)
Generate toy 358/500
  1) RooRealVar:: n_obs_bina01 = 1083

 -- Profile Likelihood -- 
Limit: r < 3.33657 @ 95% CL
Done in 0.00 min (cpu), 0.00 min (real)
Generate toy 359/500
  1) RooRealVar:: n_obs_bina01 = 1048

 -- Profile Likelihood -- 
Limit: r < 2.57422 @ 95% CL
Done in 0.00 min (cpu), 0.00 min (real)
Generate toy 360/500
  1) RooRealVar:: n_obs_bina01 = 917

 -- Profile Likelihood -- 
Limit: r < 0.787853 @ 95% CL
Done in 0.00 min (cpu), 0.00 min (real)
Generate toy 361/500
  1) RooRealVar:: n_obs_bina01 = 1008

 -- Profile Likelihood -- 
Limit: r < 1.75286 @ 95% CL
Done in 0.00 min (cpu), 0.00 min (real)
Generate toy 362/500
  1) RooRealVar:: n_obs_bina01 = 1039

 -- Profile Likelihood -- 
Limit: r < 2.3782 @ 95% CL
Done in 0.00 min (cpu), 0.00 min (real)
Generate toy 363/500
  1) RooRealVar:: n_obs_bina01 = 1077

 -- Profile Likelihood -- 
Limit: r < 3.20588 @ 95% CL
Done in 0.00 min (cpu), 0.00 min (real)
Generate toy 364/500
  1) RooRealVar:: n_obs_bina01 = 1020

 -- Profile Likelihood -- 
Limit: r < 1.97516 @ 95% CL
Done in 0.00 min (cpu), 0.00 min (real)
Generate toy 365/500
  1) RooRealVar:: n_obs_bina01 = 1012

 -- Profile Likelihood -- 
Limit: r < 1.82392 @ 95% CL
Done in 0.00 min (cpu), 0.00 min (real)
Generate toy 366/500
  1) RooRealVar:: n_obs_bina01 = 957

 -- Profile Likelihood -- 
Limit: r < 1.08642 @ 95% CL
Done in 0.00 min (cpu), 0.00 min (real)
Generate toy 367/500
  1) RooRealVar:: n_obs_bina01 = 1043

 -- Profile Likelihood -- 
Limit: r < 2.4653 @ 95% CL
Done in 0.00 min (cpu), 0.00 min (real)
Generate toy 368/500
  1) RooRealVar:: n_obs_bina01 = 1016

 -- Profile Likelihood -- 
Limit: r < 1.89812 @ 95% CL
Done in 0.00 min (cpu), 0.00 min (real)
Generate toy 369/500
  1) RooRealVar:: n_obs_bina01 = 1003

 -- Profile Likelihood -- 
Limit: r < 1.66836 @ 95% CL
Done in 0.00 min (cpu), 0.00 min (real)
Generate toy 370/500
  1) RooRealVar:: n_obs_bina01 = 1166

 -- Profile Likelihood -- 
Limit: r < 5.1441 @ 95% CL
Done in 0.00 min (cpu), 0.00 min (real)
Generate toy 371/500
  1) RooRealVar:: n_obs_bina01 = 978

 -- Profile Likelihood -- 
Limit: r < 1.31211 @ 95% CL
Done in 0.00 min (cpu), 0.00 min (real)
Generate toy 372/500
  1) RooRealVar:: n_obs_bina01 = 1013

 -- Profile Likelihood -- 
Limit: r < 1.84217 @ 95% CL
Done in 0.00 min (cpu), 0.00 min (real)
Generate toy 373/500
  1) RooRealVar:: n_obs_bina01 = 1029

 -- Profile Likelihood -- 
Limit: r < 2.16058 @ 95% CL
Done in 0.00 min (cpu), 0.00 min (real)
Generate toy 374/500
  1) RooRealVar:: n_obs_bina01 = 1061

 -- Profile Likelihood -- 
Limit: r < 2.85735 @ 95% CL
Done in 0.00 min (cpu), 0.00 min (real)
Generate toy 375/500
  1) RooRealVar:: n_obs_bina01 = 948

 -- Profile Likelihood -- 
Limit: r < 1.00612 @ 95% CL
Done in 0.00 min (cpu), 0.00 min (real)
Generate toy 376/500
  1) RooRealVar:: n_obs_bina01 = 989

 -- Profile Likelihood -- 
Limit: r < 1.45587 @ 95% CL
Done in 0.00 min (cpu), 0.00 min (real)
Generate toy 377/500
  1) RooRealVar:: n_obs_bina01 = 1058

 -- Profile Likelihood -- 
Limit: r < 2.79199 @ 95% CL
Done in 0.00 min (cpu), 0.00 min (real)
Generate toy 378/500
  1) RooRealVar:: n_obs_bina01 = 970

 -- Profile Likelihood -- 
Limit: r < 1.21909 @ 95% CL
Done in 0.00 min (cpu), 0.00 min (real)
Generate toy 379/500
  1) RooRealVar:: n_obs_bina01 = 1003

 -- Profile Likelihood -- 
Limit: r < 1.66836 @ 95% CL
Done in 0.00 min (cpu), 0.00 min (real)
Generate toy 380/500
  1) RooRealVar:: n_obs_bina01 = 1009

 -- Profile Likelihood -- 
Limit: r < 1.77033 @ 95% CL
Done in 0.00 min (cpu), 0.00 min (real)
Generate toy 381/500
  1) RooRealVar:: n_obs_bina01 = 1023

 -- Profile Likelihood -- 
Limit: r < 2.03518 @ 95% CL
Done in 0.00 min (cpu), 0.00 min (real)
Generate toy 382/500
  1) RooRealVar:: n_obs_bina01 = 1023

 -- Profile Likelihood -- 
Limit: r < 2.03518 @ 95% CL
Done in 0.00 min (cpu), 0.00 min (real)
Generate toy 383/500
  1) RooRealVar:: n_obs_bina01 = 1080

 -- Profile Likelihood -- 
Limit: r < 3.27123 @ 95% CL
Done in 0.00 min (cpu), 0.00 min (real)
Generate toy 384/500
  1) RooRealVar:: n_obs_bina01 = 1078

 -- Profile Likelihood -- 
Limit: r < 3.22766 @ 95% CL
Done in 0.00 min (cpu), 0.00 min (real)
Generate toy 385/500
  1) RooRealVar:: n_obs_bina01 = 1110

 -- Profile Likelihood -- 
Limit: r < 3.92461 @ 95% CL
Done in 0.00 min (cpu), 0.00 min (real)
Generate toy 386/500
  1) RooRealVar:: n_obs_bina01 = 947

 -- Profile Likelihood -- 
Limit: r < 0.997734 @ 95% CL
Done in 0.00 min (cpu), 0.00 min (real)
Generate toy 387/500
  1) RooRealVar:: n_obs_bina01 = 1076

 -- Profile Likelihood -- 
Limit: r < 3.1841 @ 95% CL
Done in 0.00 min (cpu), 0.00 min (real)
Generate toy 388/500
  1) RooRealVar:: n_obs_bina01 = 1092

 -- Profile Likelihood -- 
Limit: r < 3.53259 @ 95% CL
Done in 0.00 min (cpu), 0.00 min (real)
Generate toy 389/500
  1) RooRealVar:: n_obs_bina01 = 1007

 -- Profile Likelihood -- 
Limit: r < 1.73549 @ 95% CL
Done in 0.00 min (cpu), 0.00 min (real)
Generate toy 390/500
  1) RooRealVar:: n_obs_bina01 = 1056

 -- Profile Likelihood -- 
Limit: r < 2.74847 @ 95% CL
Done in 0.00 min (cpu), 0.00 min (real)
Generate toy 391/500
  1) RooRealVar:: n_obs_bina01 = 989

 -- Profile Likelihood -- 
Limit: r < 1.45587 @ 95% CL
Done in 0.00 min (cpu), 0.00 min (real)
Generate toy 392/500
  1) RooRealVar:: n_obs_bina01 = 1090

 -- Profile Likelihood -- 
Limit: r < 3.48903 @ 95% CL
Done in 0.00 min (cpu), 0.00 min (real)
Generate toy 393/500
  1) RooRealVar:: n_obs_bina01 = 1044

 -- Profile Likelihood -- 
Limit: r < 2.48708 @ 95% CL
Done in 0.00 min (cpu), 0.00 min (real)
Generate toy 394/500
  1) RooRealVar:: n_obs_bina01 = 1108

 -- Profile Likelihood -- 
Limit: r < 3.88106 @ 95% CL
Done in 0.00 min (cpu), 0.00 min (real)
Generate toy 395/500
  1) RooRealVar:: n_obs_bina01 = 1092

 -- Profile Likelihood -- 
Limit: r < 3.53259 @ 95% CL
Done in 0.00 min (cpu), 0.00 min (real)
Generate toy 396/500
  1) RooRealVar:: n_obs_bina01 = 979

 -- Profile Likelihood -- 
Limit: r < 1.3244 @ 95% CL
Done in 0.00 min (cpu), 0.00 min (real)
Generate toy 397/500
  1) RooRealVar:: n_obs_bina01 = 1003

 -- Profile Likelihood -- 
Limit: r < 1.66836 @ 95% CL
Done in 0.00 min (cpu), 0.00 min (real)
Generate toy 398/500
  1) RooRealVar:: n_obs_bina01 = 1018

 -- Profile Likelihood -- 
Limit: r < 1.93614 @ 95% CL
Done in 0.00 min (cpu), 0.00 min (real)
Generate toy 399/500
  1) RooRealVar:: n_obs_bina01 = 1039

 -- Profile Likelihood -- 
Limit: r < 2.3782 @ 95% CL
Done in 0.00 min (cpu), 0.00 min (real)
Generate toy 400/500
  1) RooRealVar:: n_obs_bina01 = 964

 -- Profile Likelihood -- 
Limit: r < 1.15512 @ 95% CL
Done in 0.00 min (cpu), 0.00 min (real)
Generate toy 401/500
  1) RooRealVar:: n_obs_bina01 = 1100

 -- Profile Likelihood -- 
Limit: r < 3.70683 @ 95% CL
Done in 0.00 min (cpu), 0.00 min (real)
Generate toy 402/500
  1) RooRealVar:: n_obs_bina01 = 980

 -- Profile Likelihood -- 
Limit: r < 1.33684 @ 95% CL
Done in 0.00 min (cpu), 0.00 min (real)
Generate toy 403/500
  1) RooRealVar:: n_obs_bina01 = 1109

 -- Profile Likelihood -- 
Limit: r < 3.90284 @ 95% CL
Done in 0.00 min (cpu), 0.00 min (real)
Generate toy 404/500
  1) RooRealVar:: n_obs_bina01 = 948

 -- Profile Likelihood -- 
Limit: r < 1.00612 @ 95% CL
Done in 0.00 min (cpu), 0.00 min (real)
Generate toy 405/500
  1) RooRealVar:: n_obs_bina01 = 969

 -- Profile Likelihood -- 
Limit: r < 1.20809 @ 95% CL
Done in 0.00 min (cpu), 0.00 min (real)
Generate toy 406/500
  1) RooRealVar:: n_obs_bina01 = 1046

 -- Profile Likelihood -- 
Limit: r < 2.53065 @ 95% CL
Done in 0.00 min (cpu), 0.00 min (real)
Generate toy 407/500
  1) RooRealVar:: n_obs_bina01 = 1093

 -- Profile Likelihood -- 
Limit: r < 3.55437 @ 95% CL
Done in 0.00 min (cpu), 0.00 min (real)
Generate toy 408/500
  1) RooRealVar:: n_obs_bina01 = 1100

 -- Profile Likelihood -- 
Limit: r < 3.70683 @ 95% CL
Done in 0.00 min (cpu), 0.00 min (real)
Generate toy 409/500
  1) RooRealVar:: n_obs_bina01 = 1069

 -- Profile Likelihood -- 
Limit: r < 3.03162 @ 95% CL
Done in 0.00 min (cpu), 0.00 min (real)
Generate toy 410/500
  1) RooRealVar:: n_obs_bina01 = 1151

 -- Profile Likelihood -- 
Limit: r < 4.81754 @ 95% CL
Done in 0.00 min (cpu), 0.00 min (real)
Generate toy 411/500
  1) RooRealVar:: n_obs_bina01 = 1042

 -- Profile Likelihood -- 
Limit: r < 2.44353 @ 95% CL
Done in 0.00 min (cpu), 0.00 min (real)
Generate toy 412/500
  1) RooRealVar:: n_obs_bina01 = 998

 -- Profile Likelihood -- 
Limit: r < 1.58844 @ 95% CL
Done in 0.00 min (cpu), 0.00 min (real)
Generate toy 413/500
  1) RooRealVar:: n_obs_bina01 = 966

 -- Profile Likelihood -- 
Limit: r < 1.17592 @ 95% CL
Done in 0.00 min (cpu), 0.00 min (real)
Generate toy 414/500
  1) RooRealVar:: n_obs_bina01 = 1174

 -- Profile Likelihood -- 
Limit: r < 5.31826 @ 95% CL
Done in 0.00 min (cpu), 0.00 min (real)
Generate toy 415/500
  1) RooRealVar:: n_obs_bina01 = 1164

 -- Profile Likelihood -- 
Limit: r < 5.10056 @ 95% CL
Done in 0.00 min (cpu), 0.00 min (real)
Generate toy 416/500
  1) RooRealVar:: n_obs_bina01 = 934

 -- Profile Likelihood -- 
Limit: r < 0.897534 @ 95% CL
Done in 0.00 min (cpu), 0.00 min (real)
Generate toy 417/500
  1) RooRealVar:: n_obs_bina01 = 996

 -- Profile Likelihood -- 
Limit: r < 1.55775 @ 95% CL
Done in 0.00 min (cpu), 0.00 min (real)
Generate toy 418/500
  1) RooRealVar:: n_obs_bina01 = 1054

 -- Profile Likelihood -- 
Limit: r < 2.70484 @ 95% CL
Done in 0.00 min (cpu), 0.00 min (real)
Generate toy 419/500
  1) RooRealVar:: n_obs_bina01 = 1086

 -- Profile Likelihood -- 
Limit: r < 3.40191 @ 95% CL
Done in 0.00 min (cpu), 0.00 min (real)
Generate toy 420/500
  1) RooRealVar:: n_obs_bina01 = 1011

 -- Profile Likelihood -- 
Limit: r < 1.80586 @ 95% CL
Done in 0.00 min (cpu), 0.00 min (real)
Generate toy 421/500
  1) RooRealVar:: n_obs_bina01 = 1056

 -- Profile Likelihood -- 
Limit: r < 2.74847 @ 95% CL
Done in 0.00 min (cpu), 0.00 min (real)
Generate toy 422/500
  1) RooRealVar:: n_obs_bina01 = 999

 -- Profile Likelihood -- 
Limit: r < 1.60405 @ 95% CL
Done in 0.00 min (cpu), 0.00 min (real)
Generate toy 423/500
  1) RooRealVar:: n_obs_bina01 = 931

 -- Profile Likelihood -- 
Limit: r < 0.876554 @ 95% CL
Done in 0.00 min (cpu), 0.00 min (real)
Generate toy 424/500
  1) RooRealVar:: n_obs_bina01 = 1020

 -- Profile Likelihood -- 
Limit: r < 1.97516 @ 95% CL
Done in 0.00 min (cpu), 0.00 min (real)
Generate toy 425/500
  1) RooRealVar:: n_obs_bina01 = 1196

 -- Profile Likelihood -- 
Limit: r < 5.79719 @ 95% CL
Done in 0.00 min (cpu), 0.00 min (real)
Generate toy 426/500
  1) RooRealVar:: n_obs_bina01 = 1072

 -- Profile Likelihood -- 
Limit: r < 3.09697 @ 95% CL
Done in 0.00 min (cpu), 0.00 min (real)
Generate toy 427/500
  1) RooRealVar:: n_obs_bina01 = 1171

 -- Profile Likelihood -- 
Limit: r < 5.25295 @ 95% CL
Done in 0.00 min (cpu), 0.00 min (real)
Generate toy 428/500
  1) RooRealVar:: n_obs_bina01 = 1005

 -- Profile Likelihood -- 
Limit: r < 1.7018 @ 95% CL
Done in 0.00 min (cpu), 0.00 min (real)
Generate toy 429/500
  1) RooRealVar:: n_obs_bina01 = 1078

 -- Profile Likelihood -- 
Limit: r < 3.22766 @ 95% CL
Done in 0.00 min (cpu), 0.00 min (real)
Generate toy 430/500
  1) RooRealVar:: n_obs_bina01 = 1020

 -- Profile Likelihood -- 
Limit: r < 1.97516 @ 95% CL
Done in 0.00 min (cpu), 0.00 min (real)
Generate toy 431/500
  1) RooRealVar:: n_obs_bina01 = 1068

 -- Profile Likelihood -- 
Limit: r < 3.00984 @ 95% CL
Done in 0.00 min (cpu), 0.00 min (real)
Generate toy 432/500
  1) RooRealVar:: n_obs_bina01 = 1088

 -- Profile Likelihood -- 
Limit: r < 3.44547 @ 95% CL
Done in 0.00 min (cpu), 0.00 min (real)
Generate toy 433/500
  1) RooRealVar:: n_obs_bina01 = 1013

 -- Profile Likelihood -- 
Limit: r < 1.84217 @ 95% CL
Done in 0.00 min (cpu), 0.00 min (real)
Generate toy 434/500
  1) RooRealVar:: n_obs_bina01 = 1061

 -- Profile Likelihood -- 
Limit: r < 2.85735 @ 95% CL
Done in 0.00 min (cpu), 0.00 min (real)
Generate toy 435/500
  1) RooRealVar:: n_obs_bina01 = 1055

 -- Profile Likelihood -- 
Limit: r < 2.72669 @ 95% CL
Done in 0.00 min (cpu), 0.00 min (real)
Generate toy 436/500
  1) RooRealVar:: n_obs_bina01 = 1033

 -- Profile Likelihood -- 
Limit: r < 2.24747 @ 95% CL
Done in 0.00 min (cpu), 0.00 min (real)
Generate toy 437/500
  1) RooRealVar:: n_obs_bina01 = 1063

 -- Profile Likelihood -- 
Limit: r < 2.90092 @ 95% CL
Done in 0.00 min (cpu), 0.00 min (real)
Generate toy 438/500
  1) RooRealVar:: n_obs_bina01 = 1058

 -- Profile Likelihood -- 
Limit: r < 2.79199 @ 95% CL
Done in 0.00 min (cpu), 0.00 min (real)
Generate toy 439/500
  1) RooRealVar:: n_obs_bina01 = 971

 -- Profile Likelihood -- 
Limit: r < 1.23022 @ 95% CL
Done in 0.00 min (cpu), 0.00 min (real)
Generate toy 440/500
  1) RooRealVar:: n_obs_bina01 = 1059

 -- Profile Likelihood -- 
Limit: r < 2.81377 @ 95% CL
Done in 0.00 min (cpu), 0.00 min (real)
Generate toy 441/500
  1) RooRealVar:: n_obs_bina01 = 1097

 -- Profile Likelihood -- 
Limit: r < 3.64149 @ 95% CL
Done in 0.00 min (cpu), 0.00 min (real)
Generate toy 442/500
  1) RooRealVar:: n_obs_bina01 = 1084

 -- Profile Likelihood -- 
Limit: r < 3.35835 @ 95% CL
Done in 0.00 min (cpu), 0.00 min (real)
Generate toy 443/500
  1) RooRealVar:: n_obs_bina01 = 1041

 -- Profile Likelihood -- 
Limit: r < 2.42175 @ 95% CL
Done in 0.00 min (cpu), 0.00 min (real)
Generate toy 444/500
  1) RooRealVar:: n_obs_bina01 = 1032

 -- Profile Likelihood -- 
Limit: r < 2.22575 @ 95% CL
Done in 0.00 min (cpu), 0.00 min (real)
Generate toy 445/500
  1) RooRealVar:: n_obs_bina01 = 982

 -- Profile Likelihood -- 
Limit: r < 1.36217 @ 95% CL
Done in 0.00 min (cpu), 0.00 min (real)
Generate toy 446/500
  1) RooRealVar:: n_obs_bina01 = 988

 -- Profile Likelihood -- 
Limit: r < 1.44199 @ 95% CL
Done in 0.00 min (cpu), 0.00 min (real)
Generate toy 447/500
  1) RooRealVar:: n_obs_bina01 = 1040

 -- Profile Likelihood -- 
Limit: r < 2.39997 @ 95% CL
Done in 0.00 min (cpu), 0.00 min (real)
Generate toy 448/500
  1) RooRealVar:: n_obs_bina01 = 956

 -- Profile Likelihood -- 
Limit: r < 1.07705 @ 95% CL
Done in 0.00 min (cpu), 0.00 min (real)
Generate toy 449/500
  1) RooRealVar:: n_obs_bina01 = 959

 -- Profile Likelihood -- 
Limit: r < 1.10552 @ 95% CL
Done in 0.00 min (cpu), 0.00 min (real)
Generate toy 450/500
  1) RooRealVar:: n_obs_bina01 = 1021

 -- Profile Likelihood -- 
Limit: r < 1.99497 @ 95% CL
Done in 0.00 min (cpu), 0.00 min (real)
Generate toy 451/500
  1) RooRealVar:: n_obs_bina01 = 1002

 -- Profile Likelihood -- 
Limit: r < 1.65198 @ 95% CL
Done in 0.00 min (cpu), 0.00 min (real)
Generate toy 452/500
  1) RooRealVar:: n_obs_bina01 = 1056

 -- Profile Likelihood -- 
Limit: r < 2.74847 @ 95% CL
Done in 0.00 min (cpu), 0.00 min (real)
Generate toy 453/500
  1) RooRealVar:: n_obs_bina01 = 1010

 -- Profile Likelihood -- 
Limit: r < 1.788 @ 95% CL
Done in 0.00 min (cpu), 0.00 min (real)
Generate toy 454/500
  1) RooRealVar:: n_obs_bina01 = 1072

 -- Profile Likelihood -- 
Limit: r < 3.09697 @ 95% CL
Done in 0.00 min (cpu), 0.00 min (real)
Generate toy 455/500
  1) RooRealVar:: n_obs_bina01 = 1059

 -- Profile Likelihood -- 
Limit: r < 2.81377 @ 95% CL
Done in 0.00 min (cpu), 0.00 min (real)
Generate toy 456/500
  1) RooRealVar:: n_obs_bina01 = 1056

 -- Profile Likelihood -- 
Limit: r < 2.74847 @ 95% CL
Done in 0.00 min (cpu), 0.00 min (real)
Generate toy 457/500
  1) RooRealVar:: n_obs_bina01 = 1031

 -- Profile Likelihood -- 
Limit: r < 2.204 @ 95% CL
Done in 0.00 min (cpu), 0.00 min (real)
Generate toy 458/500
  1) RooRealVar:: n_obs_bina01 = 989

 -- Profile Likelihood -- 
Limit: r < 1.45587 @ 95% CL
Done in 0.00 min (cpu), 0.00 min (real)
Generate toy 459/500
  1) RooRealVar:: n_obs_bina01 = 1006

 -- Profile Likelihood -- 
Limit: r < 1.7184 @ 95% CL
Done in 0.00 min (cpu), 0.00 min (real)
Generate toy 460/500
  1) RooRealVar:: n_obs_bina01 = 1055

 -- Profile Likelihood -- 
Limit: r < 2.72669 @ 95% CL
Done in 0.00 min (cpu), 0.00 min (real)
Generate toy 461/500
  1) RooRealVar:: n_obs_bina01 = 1044

 -- Profile Likelihood -- 
Limit: r < 2.48708 @ 95% CL
Done in 0.00 min (cpu), 0.00 min (real)
Generate toy 462/500
  1) RooRealVar:: n_obs_bina01 = 1087

 -- Profile Likelihood -- 
Limit: r < 3.42369 @ 95% CL
Done in 0.00 min (cpu), 0.00 min (real)
Generate toy 463/500
  1) RooRealVar:: n_obs_bina01 = 1035

 -- Profile Likelihood -- 
Limit: r < 2.29103 @ 95% CL
Done in 0.00 min (cpu), 0.00 min (real)
Generate toy 464/500
  1) RooRealVar:: n_obs_bina01 = 970

 -- Profile Likelihood -- 
Limit: r < 1.21909 @ 95% CL
Done in 0.00 min (cpu), 0.00 min (real)
Generate toy 465/500
  1) RooRealVar:: n_obs_bina01 = 840

 -- Profile Likelihood -- 
Limit: r < 0.480687 @ 95% CL
Done in 0.00 min (cpu), 0.00 min (real)
Generate toy 466/500
  1) RooRealVar:: n_obs_bina01 = 1062

 -- Profile Likelihood -- 
Limit: r < 2.87913 @ 95% CL
Done in 0.00 min (cpu), 0.00 min (real)
Generate toy 467/500
  1) RooRealVar:: n_obs_bina01 = 949

 -- Profile Likelihood -- 
Limit: r < 1.01461 @ 95% CL
Done in 0.00 min (cpu), 0.00 min (real)
Generate toy 468/500
  1) RooRealVar:: n_obs_bina01 = 1039

 -- Profile Likelihood -- 
Limit: r < 2.3782 @ 95% CL
Done in 0.00 min (cpu), 0.00 min (real)
Generate toy 469/500
  1) RooRealVar:: n_obs_bina01 = 960

 -- Profile Likelihood -- 
Limit: r < 1.11504 @ 95% CL
Done in 0.00 min (cpu), 0.00 min (real)
Generate toy 470/500
  1) RooRealVar:: n_obs_bina01 = 1018

 -- Profile Likelihood -- 
Limit: r < 1.93614 @ 95% CL
Done in 0.00 min (cpu), 0.00 min (real)
Generate toy 471/500
  1) RooRealVar:: n_obs_bina01 = 1002

 -- Profile Likelihood -- 
Limit: r < 1.65198 @ 95% CL
Done in 0.00 min (cpu), 0.00 min (real)
Generate toy 472/500
  1) RooRealVar:: n_obs_bina01 = 1014

 -- Profile Likelihood -- 
Limit: r < 1.86062 @ 95% CL
Done in 0.00 min (cpu), 0.00 min (real)
Generate toy 473/500
  1) RooRealVar:: n_obs_bina01 = 1031

 -- Profile Likelihood -- 
Limit: r < 2.204 @ 95% CL
Done in 0.00 min (cpu), 0.00 min (real)
Generate toy 474/500
  1) RooRealVar:: n_obs_bina01 = 1020

 -- Profile Likelihood -- 
Limit: r < 1.97516 @ 95% CL
Done in 0.00 min (cpu), 0.00 min (real)
Generate toy 475/500
  1) RooRealVar:: n_obs_bina01 = 1001

 -- Profile Likelihood -- 
Limit: r < 1.63582 @ 95% CL
Done in 0.00 min (cpu), 0.00 min (real)
Generate toy 476/500
  1) RooRealVar:: n_obs_bina01 = 1032

 -- Profile Likelihood -- 
Limit: r < 2.22575 @ 95% CL
Done in 0.00 min (cpu), 0.00 min (real)
Generate toy 477/500
  1) RooRealVar:: n_obs_bina01 = 1068

 -- Profile Likelihood -- 
Limit: r < 3.00984 @ 95% CL
Done in 0.00 min (cpu), 0.00 min (real)
Generate toy 478/500
  1) RooRealVar:: n_obs_bina01 = 1083

 -- Profile Likelihood -- 
Limit: r < 3.33657 @ 95% CL
Done in 0.00 min (cpu), 0.00 min (real)
Generate toy 479/500
  1) RooRealVar:: n_obs_bina01 = 1073

 -- Profile Likelihood -- 
Limit: r < 3.11875 @ 95% CL
Done in 0.00 min (cpu), 0.00 min (real)
Generate toy 480/500
  1) RooRealVar:: n_obs_bina01 = 1069

 -- Profile Likelihood -- 
Limit: r < 3.03162 @ 95% CL
Done in 0.00 min (cpu), 0.00 min (real)
Generate toy 481/500
  1) RooRealVar:: n_obs_bina01 = 1014

 -- Profile Likelihood -- 
Limit: r < 1.86062 @ 95% CL
Done in 0.00 min (cpu), 0.00 min (real)
Generate toy 482/500
  1) RooRealVar:: n_obs_bina01 = 1058

 -- Profile Likelihood -- 
Limit: r < 2.79199 @ 95% CL
Done in 0.00 min (cpu), 0.00 min (real)
Generate toy 483/500
  1) RooRealVar:: n_obs_bina01 = 923

 -- Profile Likelihood -- 
Limit: r < 0.824106 @ 95% CL
Done in 0.00 min (cpu), 0.00 min (real)
Generate toy 484/500
  1) RooRealVar:: n_obs_bina01 = 1092

 -- Profile Likelihood -- 
Limit: r < 3.53259 @ 95% CL
Done in 0.00 min (cpu), 0.00 min (real)
Generate toy 485/500
  1) RooRealVar:: n_obs_bina01 = 1023

 -- Profile Likelihood -- 
Limit: r < 2.03518 @ 95% CL
Done in 0.00 min (cpu), 0.00 min (real)
Generate toy 486/500
  1) RooRealVar:: n_obs_bina01 = 941

 -- Profile Likelihood -- 
Limit: r < 0.949524 @ 95% CL
Done in 0.00 min (cpu), 0.00 min (real)
Generate toy 487/500
  1) RooRealVar:: n_obs_bina01 = 1012

 -- Profile Likelihood -- 
Limit: r < 1.82392 @ 95% CL
Done in 0.00 min (cpu), 0.00 min (real)
Generate toy 488/500
  1) RooRealVar:: n_obs_bina01 = 1002

 -- Profile Likelihood -- 
Limit: r < 1.65198 @ 95% CL
Done in 0.00 min (cpu), 0.00 min (real)
Generate toy 489/500
  1) RooRealVar:: n_obs_bina01 = 1004

 -- Profile Likelihood -- 
Limit: r < 1.68497 @ 95% CL
Done in 0.00 min (cpu), 0.00 min (real)
Generate toy 490/500
  1) RooRealVar:: n_obs_bina01 = 1112

 -- Profile Likelihood -- 
Limit: r < 3.96817 @ 95% CL
Done in 0.00 min (cpu), 0.00 min (real)
Generate toy 491/500
  1) RooRealVar:: n_obs_bina01 = 967

 -- Profile Likelihood -- 
Limit: r < 1.18651 @ 95% CL
Done in 0.00 min (cpu), 0.00 min (real)
Generate toy 492/500
  1) RooRealVar:: n_obs_bina01 = 977

 -- Profile Likelihood -- 
Limit: r < 1.29998 @ 95% CL
Done in 0.00 min (cpu), 0.00 min (real)
Generate toy 493/500
  1) RooRealVar:: n_obs_bina01 = 1032

 -- Profile Likelihood -- 
Limit: r < 2.22575 @ 95% CL
Done in 0.00 min (cpu), 0.00 min (real)
Generate toy 494/500
  1) RooRealVar:: n_obs_bina01 = 1084

 -- Profile Likelihood -- 
Limit: r < 3.35835 @ 95% CL
Done in 0.00 min (cpu), 0.00 min (real)
Generate toy 495/500
  1) RooRealVar:: n_obs_bina01 = 1024

 -- Profile Likelihood -- 
Limit: r < 2.05558 @ 95% CL
Done in 0.00 min (cpu), 0.00 min (real)
Generate toy 496/500
  1) RooRealVar:: n_obs_bina01 = 1008

 -- Profile Likelihood -- 
Limit: r < 1.75286 @ 95% CL
Done in 0.00 min (cpu), 0.00 min (real)
Generate toy 497/500
  1) RooRealVar:: n_obs_bina01 = 1054

 -- Profile Likelihood -- 
Limit: r < 2.70484 @ 95% CL
Done in 0.00 min (cpu), 0.00 min (real)
Generate toy 498/500
  1) RooRealVar:: n_obs_bina01 = 1009

 -- Profile Likelihood -- 
Limit: r < 1.77033 @ 95% CL
Done in 0.00 min (cpu), 0.00 min (real)
Generate toy 499/500
  1) RooRealVar:: n_obs_bina01 = 1029

 -- Profile Likelihood -- 
Limit: r < 2.16058 @ 95% CL
Done in 0.00 min (cpu), 0.00 min (real)
Generate toy 500/500
  1) RooRealVar:: n_obs_bina01 = 974

 -- Profile Likelihood -- 
Limit: r < 1.26445 @ 95% CL
Done in 0.00 min (cpu), 0.00 min (real)
mean   expected limit: r < 2.35975 +/- 0.045977 @ 95%CL (497 toyMC)
median expected limit: r < 2.18213 @ 95%CL (497 toyMC)
   68% expected band : 1.36217 < r < 3.42369
   95% expected band : 0.876554 < r < 4.81754
