>>> including systematics
>>> method used to compute upper limit is ProfileLikelihood
>>> random number generator seed is 123456

Sanity checks on the model: OK
Generate toy 1/500
  1) RooRealVar:: n_obs_bina01 = 1871

 -- Profile Likelihood -- 
Limit: r < 1.95947 @ 95% CL
Done in 0.00 min (cpu), 0.00 min (real)
Generate toy 2/500
  1) RooRealVar:: n_obs_bina01 = 1941

 -- Profile Likelihood -- 
Limit: r < 2.78926 @ 95% CL
Done in 0.00 min (cpu), 0.00 min (real)
Generate toy 3/500
  1) RooRealVar:: n_obs_bina01 = 1949

 -- Profile Likelihood -- 
Limit: r < 2.88425 @ 95% CL
Done in 0.00 min (cpu), 0.00 min (real)
Generate toy 4/500
  1) RooRealVar:: n_obs_bina01 = 1881

 -- Profile Likelihood -- 
Limit: r < 2.07692 @ 95% CL
Done in 0.00 min (cpu), 0.00 min (real)
Generate toy 5/500
  1) RooRealVar:: n_obs_bina01 = 1885

 -- Profile Likelihood -- 
Limit: r < 2.12443 @ 95% CL
Done in 0.00 min (cpu), 0.00 min (real)
Generate toy 6/500
  1) RooRealVar:: n_obs_bina01 = 1853

 -- Profile Likelihood -- 
Limit: r < 1.76303 @ 95% CL
Done in 0.00 min (cpu), 0.00 min (real)
Generate toy 7/500
  1) RooRealVar:: n_obs_bina01 = 1997

 -- Profile Likelihood -- 
Limit: r < 3.45408 @ 95% CL
Done in 0.00 min (cpu), 0.00 min (real)
Generate toy 8/500
  1) RooRealVar:: n_obs_bina01 = 1868

 -- Profile Likelihood -- 
Limit: r < 1.92531 @ 95% CL
Done in 0.00 min (cpu), 0.00 min (real)
Generate toy 9/500
  1) RooRealVar:: n_obs_bina01 = 1703

 -- Profile Likelihood -- 
Limit: r < 0.787593 @ 95% CL
Done in 0.00 min (cpu), 0.00 min (real)
Generate toy 10/500
  1) RooRealVar:: n_obs_bina01 = 1894

 -- Profile Likelihood -- 
Limit: r < 2.23146 @ 95% CL
Done in 0.00 min (cpu), 0.00 min (real)
Generate toy 11/500
  1) RooRealVar:: n_obs_bina01 = 1816

 -- Profile Likelihood -- 
Limit: r < 1.42134 @ 95% CL
Done in 0.00 min (cpu), 0.00 min (real)
Generate toy 12/500
  1) RooRealVar:: n_obs_bina01 = 1895

 -- Profile Likelihood -- 
Limit: r < 2.2433 @ 95% CL
Done in 0.00 min (cpu), 0.00 min (real)
Generate toy 13/500
  1) RooRealVar:: n_obs_bina01 = 1942

 -- Profile Likelihood -- 
Limit: r < 2.80113 @ 95% CL
Done in 0.00 min (cpu), 0.00 min (real)
Generate toy 14/500
  1) RooRealVar:: n_obs_bina01 = 1850

 -- Profile Likelihood -- 
Limit: r < 1.73224 @ 95% CL
Done in 0.00 min (cpu), 0.00 min (real)
Generate toy 15/500
  1) RooRealVar:: n_obs_bina01 = 1944

 -- Profile Likelihood -- 
Limit: r < 2.82488 @ 95% CL
Done in 0.00 min (cpu), 0.00 min (real)
Generate toy 16/500
  1) RooRealVar:: n_obs_bina01 = 1944

 -- Profile Likelihood -- 
Limit: r < 2.82488 @ 95% CL
Done in 0.00 min (cpu), 0.00 min (real)
Generate toy 17/500
  1) RooRealVar:: n_obs_bina01 = 1940

 -- Profile Likelihood -- 
Limit: r < 2.77739 @ 95% CL
Done in 0.00 min (cpu), 0.00 min (real)
Generate toy 18/500
  1) RooRealVar:: n_obs_bina01 = 1960

 -- Profile Likelihood -- 
Limit: r < 3.01485 @ 95% CL
Done in 0.00 min (cpu), 0.00 min (real)
Generate toy 19/500
  1) RooRealVar:: n_obs_bina01 = 1845

 -- Profile Likelihood -- 
Limit: r < 1.68217 @ 95% CL
Done in 0.00 min (cpu), 0.00 min (real)
Generate toy 20/500
  1) RooRealVar:: n_obs_bina01 = 1790

 -- Profile Likelihood -- 
Limit: r < 1.22731 @ 95% CL
Done in 0.00 min (cpu), 0.00 min (real)
Generate toy 21/500
  1) RooRealVar:: n_obs_bina01 = 2025

 -- Profile Likelihood -- 
Limit: r < 3.78652 @ 95% CL
Done in 0.00 min (cpu), 0.00 min (real)
Generate toy 22/500
  1) RooRealVar:: n_obs_bina01 = 1898

 -- Profile Likelihood -- 
Limit: r < 2.27875 @ 95% CL
Done in 0.00 min (cpu), 0.00 min (real)
Generate toy 23/500
  1) RooRealVar:: n_obs_bina01 = 1936

 -- Profile Likelihood -- 
Limit: r < 2.72989 @ 95% CL
Done in 0.00 min (cpu), 0.00 min (real)
Generate toy 24/500
  1) RooRealVar:: n_obs_bina01 = 1710

 -- Profile Likelihood -- 
Limit: r < 0.813806 @ 95% CL
Done in 0.00 min (cpu), 0.00 min (real)
Generate toy 25/500
  1) RooRealVar:: n_obs_bina01 = 1960

 -- Profile Likelihood -- 
Limit: r < 3.01485 @ 95% CL
Done in 0.00 min (cpu), 0.00 min (real)
Generate toy 26/500
  1) RooRealVar:: n_obs_bina01 = 1930

 -- Profile Likelihood -- 
Limit: r < 2.65865 @ 95% CL
Done in 0.00 min (cpu), 0.00 min (real)
Generate toy 27/500
  1) RooRealVar:: n_obs_bina01 = 1880

 -- Profile Likelihood -- 
Limit: r < 2.06505 @ 95% CL
Done in 0.00 min (cpu), 0.00 min (real)
Generate toy 28/500
  1) RooRealVar:: n_obs_bina01 = 1941

 -- Profile Likelihood -- 
Limit: r < 2.78926 @ 95% CL
Done in 0.00 min (cpu), 0.00 min (real)
Generate toy 29/500
  1) RooRealVar:: n_obs_bina01 = 1940

 -- Profile Likelihood -- 
Limit: r < 2.77739 @ 95% CL
Done in 0.00 min (cpu), 0.00 min (real)
Generate toy 30/500
  1) RooRealVar:: n_obs_bina01 = 1770

 -- Profile Likelihood -- 
Limit: r < 1.10066 @ 95% CL
Done in 0.00 min (cpu), 0.00 min (real)
Generate toy 31/500
  1) RooRealVar:: n_obs_bina01 = 1829

 -- Profile Likelihood -- 
Limit: r < 1.53222 @ 95% CL
Done in 0.00 min (cpu), 0.00 min (real)
Generate toy 32/500
  1) RooRealVar:: n_obs_bina01 = 1844

 -- Profile Likelihood -- 
Limit: r < 1.67234 @ 95% CL
Done in 0.00 min (cpu), 0.00 min (real)
Generate toy 33/500
  1) RooRealVar:: n_obs_bina01 = 1718

 -- Profile Likelihood -- 
Limit: r < 0.84537 @ 95% CL
Done in 0.00 min (cpu), 0.00 min (real)
Generate toy 34/500
  1) RooRealVar:: n_obs_bina01 = 1905

 -- Profile Likelihood -- 
Limit: r < 2.36186 @ 95% CL
Done in 0.00 min (cpu), 0.00 min (real)
Generate toy 35/500
  1) RooRealVar:: n_obs_bina01 = 1913

 -- Profile Likelihood -- 
Limit: r < 2.45684 @ 95% CL
Done in 0.00 min (cpu), 0.00 min (real)
Generate toy 36/500
  1) RooRealVar:: n_obs_bina01 = 1825

 -- Profile Likelihood -- 
Limit: r < 1.49704 @ 95% CL
Done in 0.00 min (cpu), 0.00 min (real)
Generate toy 37/500
  1) RooRealVar:: n_obs_bina01 = 1803

 -- Profile Likelihood -- 
Limit: r < 1.31991 @ 95% CL
Done in 0.00 min (cpu), 0.00 min (real)
Generate toy 38/500
  1) RooRealVar:: n_obs_bina01 = 1911

 -- Profile Likelihood -- 
Limit: r < 2.4331 @ 95% CL
Done in 0.00 min (cpu), 0.00 min (real)
Generate toy 39/500
  1) RooRealVar:: n_obs_bina01 = 2036

 -- Profile Likelihood -- 
Limit: r < 3.91711 @ 95% CL
Done in 0.00 min (cpu), 0.00 min (real)
Generate toy 40/500
  1) RooRealVar:: n_obs_bina01 = 1953

 -- Profile Likelihood -- 
Limit: r < 2.93174 @ 95% CL
Done in 0.00 min (cpu), 0.00 min (real)
Generate toy 41/500
  1) RooRealVar:: n_obs_bina01 = 1894

 -- Profile Likelihood -- 
Limit: r < 2.23146 @ 95% CL
Done in 0.00 min (cpu), 0.00 min (real)
Generate toy 42/500
  1) RooRealVar:: n_obs_bina01 = 1737

 -- Profile Likelihood -- 
Limit: r < 0.927887 @ 95% CL
Done in 0.00 min (cpu), 0.00 min (real)
Generate toy 43/500
  1) RooRealVar:: n_obs_bina01 = 2039

 -- Profile Likelihood -- 
Limit: r < 3.95272 @ 95% CL
Done in 0.00 min (cpu), 0.00 min (real)
Generate toy 44/500
  1) RooRealVar:: n_obs_bina01 = 1956

 -- Profile Likelihood -- 
Limit: r < 2.96735 @ 95% CL
Done in 0.00 min (cpu), 0.00 min (real)
Generate toy 45/500
  1) RooRealVar:: n_obs_bina01 = 1898

 -- Profile Likelihood -- 
Limit: r < 2.27875 @ 95% CL
Done in 0.00 min (cpu), 0.00 min (real)
Generate toy 46/500
  1) RooRealVar:: n_obs_bina01 = 1852

 -- Profile Likelihood -- 
Limit: r < 1.75271 @ 95% CL
Done in 0.00 min (cpu), 0.00 min (real)
Generate toy 47/500
  1) RooRealVar:: n_obs_bina01 = 1908

 -- Profile Likelihood -- 
Limit: r < 2.39748 @ 95% CL
Done in 0.00 min (cpu), 0.00 min (real)
Generate toy 48/500
  1) RooRealVar:: n_obs_bina01 = 1845

 -- Profile Likelihood -- 
Limit: r < 1.68217 @ 95% CL
Done in 0.00 min (cpu), 0.00 min (real)
Generate toy 49/500
  1) RooRealVar:: n_obs_bina01 = 1860

 -- Profile Likelihood -- 
Limit: r < 1.83706 @ 95% CL
Done in 0.00 min (cpu), 0.00 min (real)
Generate toy 50/500
  1) RooRealVar:: n_obs_bina01 = 1921

 -- Profile Likelihood -- 
Limit: r < 2.55182 @ 95% CL
Done in 0.00 min (cpu), 0.00 min (real)
Generate toy 51/500
  1) RooRealVar:: n_obs_bina01 = 1774

 -- Profile Likelihood -- 
Limit: r < 1.12455 @ 95% CL
Done in 0.00 min (cpu), 0.00 min (real)
Generate toy 52/500
  1) RooRealVar:: n_obs_bina01 = 2069

 -- Profile Likelihood -- 
Limit: r < 4.30886 @ 95% CL
Done in 0.00 min (cpu), 0.00 min (real)
Generate toy 53/500
  1) RooRealVar:: n_obs_bina01 = 1829

 -- Profile Likelihood -- 
Limit: r < 1.53222 @ 95% CL
Done in 0.00 min (cpu), 0.00 min (real)
Generate toy 54/500
  1) RooRealVar:: n_obs_bina01 = 1981

 -- Profile Likelihood -- 
Limit: r < 3.26436 @ 95% CL
Done in 0.00 min (cpu), 0.00 min (real)
Generate toy 55/500
  1) RooRealVar:: n_obs_bina01 = 1903

 -- Profile Likelihood -- 
Limit: r < 2.33812 @ 95% CL
Done in 0.00 min (cpu), 0.00 min (real)
Generate toy 56/500
  1) RooRealVar:: n_obs_bina01 = 1746

 -- Profile Likelihood -- 
Limit: r < 0.971067 @ 95% CL
Done in 0.00 min (cpu), 0.00 min (real)
Generate toy 57/500
  1) RooRealVar:: n_obs_bina01 = 1792

 -- Profile Likelihood -- 
Limit: r < 1.24101 @ 95% CL
Done in 0.00 min (cpu), 0.00 min (real)
Generate toy 58/500
  1) RooRealVar:: n_obs_bina01 = 1769

 -- Profile Likelihood -- 
Limit: r < 1.09479 @ 95% CL
Done in 0.00 min (cpu), 0.00 min (real)
Generate toy 59/500
  1) RooRealVar:: n_obs_bina01 = 1901

 -- Profile Likelihood -- 
Limit: r < 2.31437 @ 95% CL
Done in 0.00 min (cpu), 0.00 min (real)
Generate toy 60/500
  1) RooRealVar:: n_obs_bina01 = 1785

 -- Profile Likelihood -- 
Limit: r < 1.19392 @ 95% CL
Done in 0.00 min (cpu), 0.00 min (real)
Generate toy 61/500
  1) RooRealVar:: n_obs_bina01 = 2053

 -- Profile Likelihood -- 
Limit: r < 4.11892 @ 95% CL
Done in 0.00 min (cpu), 0.00 min (real)
Generate toy 62/500
  1) RooRealVar:: n_obs_bina01 = 1929

 -- Profile Likelihood -- 
Limit: r < 2.64677 @ 95% CL
Done in 0.00 min (cpu), 0.00 min (real)
Generate toy 63/500
  1) RooRealVar:: n_obs_bina01 = 1852

 -- Profile Likelihood -- 
Limit: r < 1.75271 @ 95% CL
Done in 0.00 min (cpu), 0.00 min (real)
Generate toy 64/500
  1) RooRealVar:: n_obs_bina01 = 1834

 -- Profile Likelihood -- 
Limit: r < 1.57738 @ 95% CL
Done in 0.00 min (cpu), 0.00 min (real)
Generate toy 65/500
  1) RooRealVar:: n_obs_bina01 = 1763

 -- Profile Likelihood -- 
Limit: r < 1.06047 @ 95% CL
Done in 0.00 min (cpu), 0.00 min (real)
Generate toy 66/500
  1) RooRealVar:: n_obs_bina01 = 2044

 -- Profile Likelihood -- 
Limit: r < 4.01208 @ 95% CL
Done in 0.00 min (cpu), 0.00 min (real)
Generate toy 67/500
  1) RooRealVar:: n_obs_bina01 = 1839

 -- Profile Likelihood -- 
Limit: r < 1.62411 @ 95% CL
Done in 0.00 min (cpu), 0.00 min (real)
Generate toy 68/500
  1) RooRealVar:: n_obs_bina01 = 1892

 -- Profile Likelihood -- 
Limit: r < 2.20752 @ 95% CL
Done in 0.00 min (cpu), 0.00 min (real)
Generate toy 69/500
  1) RooRealVar:: n_obs_bina01 = 1940

 -- Profile Likelihood -- 
Limit: r < 2.77739 @ 95% CL
Done in 0.00 min (cpu), 0.00 min (real)
Generate toy 70/500
  1) RooRealVar:: n_obs_bina01 = 1771

 -- Profile Likelihood -- 
Limit: r < 1.10656 @ 95% CL
Done in 0.00 min (cpu), 0.00 min (real)
Generate toy 71/500
  1) RooRealVar:: n_obs_bina01 = 1880

 -- Profile Likelihood -- 
Limit: r < 2.06505 @ 95% CL
Done in 0.00 min (cpu), 0.00 min (real)
Generate toy 72/500
  1) RooRealVar:: n_obs_bina01 = 1958

 -- Profile Likelihood -- 
Limit: r < 2.9911 @ 95% CL
Done in 0.00 min (cpu), 0.00 min (real)
Generate toy 73/500
  1) RooRealVar:: n_obs_bina01 = 2066

 -- Profile Likelihood -- 
Limit: r < 4.27324 @ 95% CL
Done in 0.00 min (cpu), 0.00 min (real)
Generate toy 74/500
  1) RooRealVar:: n_obs_bina01 = 1864

 -- Profile Likelihood -- 
Limit: r < 1.88079 @ 95% CL
Done in 0.00 min (cpu), 0.00 min (real)
Generate toy 75/500
  1) RooRealVar:: n_obs_bina01 = 2135

 -- Profile Likelihood -- 
Limit: r < 5.09233 @ 95% CL
Done in 0.00 min (cpu), 0.00 min (real)
Generate toy 76/500
  1) RooRealVar:: n_obs_bina01 = 1956

 -- Profile Likelihood -- 
Limit: r < 2.96735 @ 95% CL
Done in 0.00 min (cpu), 0.00 min (real)
Generate toy 77/500
  1) RooRealVar:: n_obs_bina01 = 1846

 -- Profile Likelihood -- 
Limit: r < 1.69206 @ 95% CL
Done in 0.00 min (cpu), 0.00 min (real)
Generate toy 78/500
  1) RooRealVar:: n_obs_bina01 = 1725

 -- Profile Likelihood -- 
Limit: r < 0.874483 @ 95% CL
Done in 0.00 min (cpu), 0.00 min (real)
Generate toy 79/500
  1) RooRealVar:: n_obs_bina01 = 2190

 -- Profile Likelihood -- 
Limit: r < 5.74519 @ 95% CL
Done in 0.00 min (cpu), 0.00 min (real)
Generate toy 80/500
  1) RooRealVar:: n_obs_bina01 = 1935

 -- Profile Likelihood -- 
Limit: r < 2.71802 @ 95% CL
Done in 0.00 min (cpu), 0.00 min (real)
Generate toy 81/500
  1) RooRealVar:: n_obs_bina01 = 1911

 -- Profile Likelihood -- 
Limit: r < 2.4331 @ 95% CL
Done in 0.00 min (cpu), 0.00 min (real)
Generate toy 82/500
  1) RooRealVar:: n_obs_bina01 = 1843

 -- Profile Likelihood -- 
Limit: r < 1.66257 @ 95% CL
Done in 0.00 min (cpu), 0.00 min (real)
Generate toy 83/500
  1) RooRealVar:: n_obs_bina01 = 1858

 -- Profile Likelihood -- 
Limit: r < 1.81559 @ 95% CL
Done in 0.00 min (cpu), 0.00 min (real)
Generate toy 84/500
  1) RooRealVar:: n_obs_bina01 = 1733

 -- Profile Likelihood -- 
Limit: r < 0.909575 @ 95% CL
Done in 0.00 min (cpu), 0.00 min (real)
Generate toy 85/500
  1) RooRealVar:: n_obs_bina01 = 1834

 -- Profile Likelihood -- 
Limit: r < 1.57738 @ 95% CL
Done in 0.00 min (cpu), 0.00 min (real)
Generate toy 86/500
  1) RooRealVar:: n_obs_bina01 = 1976

 -- Profile Likelihood -- 
Limit: r < 3.20508 @ 95% CL
Done in 0.00 min (cpu), 0.00 min (real)
Generate toy 87/500
  1) RooRealVar:: n_obs_bina01 = 1807

 -- Profile Likelihood -- 
Limit: r < 1.35015 @ 95% CL
Done in 0.00 min (cpu), 0.00 min (real)
Generate toy 88/500
  1) RooRealVar:: n_obs_bina01 = 1848

 -- Profile Likelihood -- 
Limit: r < 1.71203 @ 95% CL
Done in 0.00 min (cpu), 0.00 min (real)
Generate toy 89/500
  1) RooRealVar:: n_obs_bina01 = 1910

 -- Profile Likelihood -- 
Limit: r < 2.42123 @ 95% CL
Done in 0.00 min (cpu), 0.00 min (real)
Generate toy 90/500
  1) RooRealVar:: n_obs_bina01 = 1908

 -- Profile Likelihood -- 
Limit: r < 2.39748 @ 95% CL
Done in 0.00 min (cpu), 0.00 min (real)
Generate toy 91/500
  1) RooRealVar:: n_obs_bina01 = 1901

 -- Profile Likelihood -- 
Limit: r < 2.31437 @ 95% CL
Done in 0.00 min (cpu), 0.00 min (real)
Generate toy 92/500
  1) RooRealVar:: n_obs_bina01 = 1798

 -- Profile Likelihood -- 
Limit: r < 1.28328 @ 95% CL
Done in 0.00 min (cpu), 0.00 min (real)
Generate toy 93/500
  1) RooRealVar:: n_obs_bina01 = 1973

 -- Profile Likelihood -- 
Limit: r < 3.16919 @ 95% CL
Done in 0.00 min (cpu), 0.00 min (real)
Generate toy 94/500
  1) RooRealVar:: n_obs_bina01 = 1668

 -- Profile Likelihood -- 
Limit: r < 0.673699 @ 95% CL
Done in 0.00 min (cpu), 0.00 min (real)
Generate toy 95/500
  1) RooRealVar:: n_obs_bina01 = 1898

 -- Profile Likelihood -- 
Limit: r < 2.27875 @ 95% CL
Done in 0.00 min (cpu), 0.00 min (real)
Generate toy 96/500
  1) RooRealVar:: n_obs_bina01 = 1942

 -- Profile Likelihood -- 
Limit: r < 2.80113 @ 95% CL
Done in 0.00 min (cpu), 0.00 min (real)
Generate toy 97/500
  1) RooRealVar:: n_obs_bina01 = 1891

 -- Profile Likelihood -- 
Limit: r < 2.19564 @ 95% CL
Done in 0.00 min (cpu), 0.00 min (real)
Generate toy 98/500
  1) RooRealVar:: n_obs_bina01 = 1905

 -- Profile Likelihood -- 
Limit: r < 2.36186 @ 95% CL
Done in 0.00 min (cpu), 0.00 min (real)
Generate toy 99/500
  1) RooRealVar:: n_obs_bina01 = 1842

 -- Profile Likelihood -- 
Limit: r < 1.65286 @ 95% CL
Done in 0.00 min (cpu), 0.00 min (real)
Generate toy 100/500
  1) RooRealVar:: n_obs_bina01 = 1948

 -- Profile Likelihood -- 
Limit: r < 2.87237 @ 95% CL
Done in 0.00 min (cpu), 0.00 min (real)
Generate toy 101/500
  1) RooRealVar:: n_obs_bina01 = 1824

 -- Profile Likelihood -- 
Limit: r < 1.4884 @ 95% CL
Done in 0.00 min (cpu), 0.00 min (real)
Generate toy 102/500
  1) RooRealVar:: n_obs_bina01 = 2123

 -- Profile Likelihood -- 
Limit: r < 4.94988 @ 95% CL
Done in 0.00 min (cpu), 0.00 min (real)
Generate toy 103/500
  1) RooRealVar:: n_obs_bina01 = 1924

 -- Profile Likelihood -- 
Limit: r < 2.58739 @ 95% CL
Done in 0.00 min (cpu), 0.00 min (real)
Generate toy 104/500
  1) RooRealVar:: n_obs_bina01 = 2020

 -- Profile Likelihood -- 
Limit: r < 3.7269 @ 95% CL
Done in 0.00 min (cpu), 0.00 min (real)
Generate toy 105/500
  1) RooRealVar:: n_obs_bina01 = 1863

 -- Profile Likelihood -- 
Limit: r < 1.86975 @ 95% CL
Done in 0.00 min (cpu), 0.00 min (real)
Generate toy 106/500
  1) RooRealVar:: n_obs_bina01 = 1859

 -- Profile Likelihood -- 
Limit: r < 1.82629 @ 95% CL
Done in 0.00 min (cpu), 0.00 min (real)
Generate toy 107/500
  1) RooRealVar:: n_obs_bina01 = 1729

 -- Profile Likelihood -- 
Limit: r < 0.891779 @ 95% CL
Done in 0.00 min (cpu), 0.00 min (real)
Generate toy 108/500
  1) RooRealVar:: n_obs_bina01 = 1752

 -- Profile Likelihood -- 
Limit: r < 1.00147 @ 95% CL
Done in 0.00 min (cpu), 0.00 min (real)
Generate toy 109/500
  1) RooRealVar:: n_obs_bina01 = 1927

 -- Profile Likelihood -- 
Limit: r < 2.62302 @ 95% CL
Done in 0.00 min (cpu), 0.00 min (real)
Generate toy 110/500
  1) RooRealVar:: n_obs_bina01 = 1967

 -- Profile Likelihood -- 
Limit: r < 3.09795 @ 95% CL
Done in 0.00 min (cpu), 0.00 min (real)
Generate toy 111/500
  1) RooRealVar:: n_obs_bina01 = 1983

 -- Profile Likelihood -- 
Limit: r < 3.28807 @ 95% CL
Done in 0.00 min (cpu), 0.00 min (real)
Generate toy 112/500
  1) RooRealVar:: n_obs_bina01 = 1920

 -- Profile Likelihood -- 
Limit: r < 2.53994 @ 95% CL
Done in 0.00 min (cpu), 0.00 min (real)
Generate toy 113/500
  1) RooRealVar:: n_obs_bina01 = 1837

 -- Profile Likelihood -- 
Limit: r < 1.60524 @ 95% CL
Done in 0.00 min (cpu), 0.00 min (real)
Generate toy 114/500
  1) RooRealVar:: n_obs_bina01 = 2062

 -- Profile Likelihood -- 
Limit: r < 4.22576 @ 95% CL
Done in 0.00 min (cpu), 0.00 min (real)
Generate toy 115/500
  1) RooRealVar:: n_obs_bina01 = 1775

 -- Profile Likelihood -- 
Limit: r < 1.13063 @ 95% CL
Done in 0.00 min (cpu), 0.00 min (real)
Generate toy 116/500
  1) RooRealVar:: n_obs_bina01 = 1980

 -- Profile Likelihood -- 
Limit: r < 3.2525 @ 95% CL
Done in 0.00 min (cpu), 0.00 min (real)
Generate toy 117/500
  1) RooRealVar:: n_obs_bina01 = 1847

 -- Profile Likelihood -- 
Limit: r < 1.70202 @ 95% CL
Done in 0.00 min (cpu), 0.00 min (real)
Generate toy 118/500
  1) RooRealVar:: n_obs_bina01 = 1952

 -- Profile Likelihood -- 
Limit: r < 2.91986 @ 95% CL
Done in 0.00 min (cpu), 0.00 min (real)
Generate toy 119/500
  1) RooRealVar:: n_obs_bina01 = 1879

 -- Profile Likelihood -- 
Limit: r < 2.05318 @ 95% CL
Done in 0.00 min (cpu), 0.00 min (real)
Generate toy 120/500
  1) RooRealVar:: n_obs_bina01 = 1759

 -- Profile Likelihood -- 
Limit: r < 1.03841 @ 95% CL
Done in 0.00 min (cpu), 0.00 min (real)
Generate toy 121/500
  1) RooRealVar:: n_obs_bina01 = 1788

 -- Profile Likelihood -- 
Limit: r < 1.21381 @ 95% CL
Done in 0.00 min (cpu), 0.00 min (real)
Generate toy 122/500
  1) RooRealVar:: n_obs_bina01 = 2010

 -- Profile Likelihood -- 
Limit: r < 3.60827 @ 95% CL
Done in 0.00 min (cpu), 0.00 min (real)
Generate toy 123/500
  1) RooRealVar:: n_obs_bina01 = 1747

 -- Profile Likelihood -- 
Limit: r < 0.97604 @ 95% CL
Done in 0.00 min (cpu), 0.00 min (real)
Generate toy 124/500
  1) RooRealVar:: n_obs_bina01 = 1793

 -- Profile Likelihood -- 
Limit: r < 1.24793 @ 95% CL
Done in 0.00 min (cpu), 0.00 min (real)
Generate toy 125/500
  1) RooRealVar:: n_obs_bina01 = 1918

 -- Profile Likelihood -- 
Limit: r < 2.51607 @ 95% CL
Done in 0.00 min (cpu), 0.00 min (real)
Generate toy 126/500
  1) RooRealVar:: n_obs_bina01 = 1945

 -- Profile Likelihood -- 
Limit: r < 2.83675 @ 95% CL
Done in 0.00 min (cpu), 0.00 min (real)
Generate toy 127/500
  1) RooRealVar:: n_obs_bina01 = 1835

 -- Profile Likelihood -- 
Limit: r < 1.5866 @ 95% CL
Done in 0.00 min (cpu), 0.00 min (real)
Generate toy 128/500
  1) RooRealVar:: n_obs_bina01 = 1903

 -- Profile Likelihood -- 
Limit: r < 2.33812 @ 95% CL
Done in 0.00 min (cpu), 0.00 min (real)
Generate toy 129/500
  1) RooRealVar:: n_obs_bina01 = 1840

 -- Profile Likelihood -- 
Limit: r < 1.63365 @ 95% CL
Done in 0.00 min (cpu), 0.00 min (real)
Generate toy 130/500
  1) RooRealVar:: n_obs_bina01 = 2022

 -- Profile Likelihood -- 
Limit: r < 3.75063 @ 95% CL
Done in 0.00 min (cpu), 0.00 min (real)
Generate toy 131/500
  1) RooRealVar:: n_obs_bina01 = 1829

 -- Profile Likelihood -- 
Limit: r < 1.53222 @ 95% CL
Done in 0.00 min (cpu), 0.00 min (real)
Generate toy 132/500
  1) RooRealVar:: n_obs_bina01 = 1752

 -- Profile Likelihood -- 
Limit: r < 1.00147 @ 95% CL
Done in 0.00 min (cpu), 0.00 min (real)
Generate toy 133/500
  1) RooRealVar:: n_obs_bina01 = 1700

 -- Profile Likelihood -- 
Limit: r < 0.776741 @ 95% CL
Done in 0.00 min (cpu), 0.00 min (real)
Generate toy 134/500
  1) RooRealVar:: n_obs_bina01 = 1723

 -- Profile Likelihood -- 
Limit: r < 0.866018 @ 95% CL
Done in 0.00 min (cpu), 0.00 min (real)
Generate toy 135/500
  1) RooRealVar:: n_obs_bina01 = 1786

 -- Profile Likelihood -- 
Limit: r < 1.2005 @ 95% CL
Done in 0.00 min (cpu), 0.00 min (real)
Generate toy 136/500
  1) RooRealVar:: n_obs_bina01 = 1942

 -- Profile Likelihood -- 
Limit: r < 2.80113 @ 95% CL
Done in 0.00 min (cpu), 0.00 min (real)
Generate toy 137/500
  1) RooRealVar:: n_obs_bina01 = 1891

 -- Profile Likelihood -- 
Limit: r < 2.19564 @ 95% CL
Done in 0.00 min (cpu), 0.00 min (real)
Generate toy 138/500
  1) RooRealVar:: n_obs_bina01 = 1927

 -- Profile Likelihood -- 
Limit: r < 2.62302 @ 95% CL
Done in 0.00 min (cpu), 0.00 min (real)
Generate toy 139/500
  1) RooRealVar:: n_obs_bina01 = 1830

 -- Profile Likelihood -- 
Limit: r < 1.54118 @ 95% CL
Done in 0.00 min (cpu), 0.00 min (real)
Generate toy 140/500
  1) RooRealVar:: n_obs_bina01 = 1873

 -- Profile Likelihood -- 
Limit: r < 1.98255 @ 95% CL
Done in 0.00 min (cpu), 0.00 min (real)
Generate toy 141/500
  1) RooRealVar:: n_obs_bina01 = 1852

 -- Profile Likelihood -- 
Limit: r < 1.75271 @ 95% CL
Done in 0.00 min (cpu), 0.00 min (real)
Generate toy 142/500
  1) RooRealVar:: n_obs_bina01 = 1764

 -- Profile Likelihood -- 
Limit: r < 1.06609 @ 95% CL
Done in 0.00 min (cpu), 0.00 min (real)
Generate toy 143/500
  1) RooRealVar:: n_obs_bina01 = 1869

 -- Profile Likelihood -- 
Limit: r < 1.93663 @ 95% CL
Done in 0.00 min (cpu), 0.00 min (real)
Generate toy 144/500
  1) RooRealVar:: n_obs_bina01 = 1806

 -- Profile Likelihood -- 
Limit: r < 1.34251 @ 95% CL
Done in 0.00 min (cpu), 0.00 min (real)
Generate toy 145/500
  1) RooRealVar:: n_obs_bina01 = 1833

 -- Profile Likelihood -- 
Limit: r < 1.56821 @ 95% CL
Done in 0.00 min (cpu), 0.00 min (real)
Generate toy 146/500
  1) RooRealVar:: n_obs_bina01 = 1804

 -- Profile Likelihood -- 
Limit: r < 1.32739 @ 95% CL
Done in 0.00 min (cpu), 0.00 min (real)
Generate toy 147/500
  1) RooRealVar:: n_obs_bina01 = 1978

 -- Profile Likelihood -- 
Limit: r < 3.22879 @ 95% CL
Done in 0.00 min (cpu), 0.00 min (real)
Generate toy 148/500
  1) RooRealVar:: n_obs_bina01 = 1866

 -- Profile Likelihood -- 
Limit: r < 1.9031 @ 95% CL
Done in 0.00 min (cpu), 0.00 min (real)
Generate toy 149/500
  1) RooRealVar:: n_obs_bina01 = 1924

 -- Profile Likelihood -- 
Limit: r < 2.58739 @ 95% CL
Done in 0.00 min (cpu), 0.00 min (real)
Generate toy 150/500
  1) RooRealVar:: n_obs_bina01 = 1886

 -- Profile Likelihood -- 
Limit: r < 2.13629 @ 95% CL
Done in 0.00 min (cpu), 0.00 min (real)
Generate toy 151/500
  1) RooRealVar:: n_obs_bina01 = 1936

 -- Profile Likelihood -- 
Limit: r < 2.72989 @ 95% CL
Done in 0.00 min (cpu), 0.00 min (real)
Generate toy 152/500
  1) RooRealVar:: n_obs_bina01 = 1893

 -- Profile Likelihood -- 
Limit: r < 2.21962 @ 95% CL
Done in 0.00 min (cpu), 0.00 min (real)
Generate toy 153/500
  1) RooRealVar:: n_obs_bina01 = 1897

 -- Profile Likelihood -- 
Limit: r < 2.26692 @ 95% CL
Done in 0.00 min (cpu), 0.00 min (real)
Generate toy 154/500
  1) RooRealVar:: n_obs_bina01 = 1944

 -- Profile Likelihood -- 
Limit: r < 2.82488 @ 95% CL
Done in 0.00 min (cpu), 0.00 min (real)
Generate toy 155/500
  1) RooRealVar:: n_obs_bina01 = 1787

 -- Profile Likelihood -- 
Limit: r < 1.20713 @ 95% CL
Done in 0.00 min (cpu), 0.00 min (real)
Generate toy 156/500
  1) RooRealVar:: n_obs_bina01 = 1773

 -- Profile Likelihood -- 
Limit: r < 1.11851 @ 95% CL
Done in 0.00 min (cpu), 0.00 min (real)
Generate toy 157/500
  1) RooRealVar:: n_obs_bina01 = 1796

 -- Profile Likelihood -- 
Limit: r < 1.26899 @ 95% CL
Done in 0.00 min (cpu), 0.00 min (real)
Generate toy 158/500
  1) RooRealVar:: n_obs_bina01 = 2021

 -- Profile Likelihood -- 
Limit: r < 3.73876 @ 95% CL
Done in 0.00 min (cpu), 0.00 min (real)
Generate toy 159/500
  1) RooRealVar:: n_obs_bina01 = 1863

 -- Profile Likelihood -- 
Limit: r < 1.86975 @ 95% CL
Done in 0.00 min (cpu), 0.00 min (real)
Generate toy 160/500
  1) RooRealVar:: n_obs_bina01 = 2011

 -- Profile Likelihood -- 
Limit: r < 3.62013 @ 95% CL
Done in 0.00 min (cpu), 0.00 min (real)
Generate toy 161/500
  1) RooRealVar:: n_obs_bina01 = 1666

 -- Profile Likelihood -- 
Limit: r < 0.667955 @ 95% CL
Done in 0.00 min (cpu), 0.00 min (real)
Generate toy 162/500
  1) RooRealVar:: n_obs_bina01 = 1942

 -- Profile Likelihood -- 
Limit: r < 2.80113 @ 95% CL
Done in 0.00 min (cpu), 0.00 min (real)
Generate toy 163/500
  1) RooRealVar:: n_obs_bina01 = 2046

 -- Profile Likelihood -- 
Limit: r < 4.03582 @ 95% CL
Done in 0.00 min (cpu), 0.00 min (real)
Generate toy 164/500
  1) RooRealVar:: n_obs_bina01 = 1900

 -- Profile Likelihood -- 
Limit: r < 2.3025 @ 95% CL
Done in 0.00 min (cpu), 0.00 min (real)
Generate toy 165/500
  1) RooRealVar:: n_obs_bina01 = 1857

 -- Profile Likelihood -- 
Limit: r < 1.80495 @ 95% CL
Done in 0.00 min (cpu), 0.00 min (real)
Generate toy 166/500
  1) RooRealVar:: n_obs_bina01 = 1964

 -- Profile Likelihood -- 
Limit: r < 3.06233 @ 95% CL
Done in 0.00 min (cpu), 0.00 min (real)
Generate toy 167/500
  1) RooRealVar:: n_obs_bina01 = 1905

 -- Profile Likelihood -- 
Limit: r < 2.36186 @ 95% CL
Done in 0.00 min (cpu), 0.00 min (real)
Generate toy 168/500
  1) RooRealVar:: n_obs_bina01 = 2001

 -- Profile Likelihood -- 
Limit: r < 3.50152 @ 95% CL
Done in 0.00 min (cpu), 0.00 min (real)
Generate toy 169/500
  1) RooRealVar:: n_obs_bina01 = 1876

 -- Profile Likelihood -- 
Limit: r < 2.01761 @ 95% CL
Done in 0.00 min (cpu), 0.00 min (real)
Generate toy 170/500
  1) RooRealVar:: n_obs_bina01 = 1931

 -- Profile Likelihood -- 
Limit: r < 2.67052 @ 95% CL
Done in 0.00 min (cpu), 0.00 min (real)
Generate toy 171/500
  1) RooRealVar:: n_obs_bina01 = 1861

 -- Profile Likelihood -- 
Limit: r < 1.84789 @ 95% CL
Done in 0.00 min (cpu), 0.00 min (real)
Generate toy 172/500
  1) RooRealVar:: n_obs_bina01 = 1764

 -- Profile Likelihood -- 
Limit: r < 1.06609 @ 95% CL
Done in 0.00 min (cpu), 0.00 min (real)
Generate toy 173/500
  1) RooRealVar:: n_obs_bina01 = 1880

 -- Profile Likelihood -- 
Limit: r < 2.06505 @ 95% CL
Done in 0.00 min (cpu), 0.00 min (real)
Generate toy 174/500
  1) RooRealVar:: n_obs_bina01 = 1868

 -- Profile Likelihood -- 
Limit: r < 1.92531 @ 95% CL
Done in 0.00 min (cpu), 0.00 min (real)
Generate toy 175/500
  1) RooRealVar:: n_obs_bina01 = 1764

 -- Profile Likelihood -- 
Limit: r < 1.06609 @ 95% CL
Done in 0.00 min (cpu), 0.00 min (real)
Generate toy 176/500
  1) RooRealVar:: n_obs_bina01 = 1873

 -- Profile Likelihood -- 
Limit: r < 1.98255 @ 95% CL
Done in 0.00 min (cpu), 0.00 min (real)
Generate toy 177/500
  1) RooRealVar:: n_obs_bina01 = 1971

 -- Profile Likelihood -- 
Limit: r < 3.14544 @ 95% CL
Done in 0.00 min (cpu), 0.00 min (real)
Generate toy 178/500
  1) RooRealVar:: n_obs_bina01 = 1783

 -- Profile Likelihood -- 
Limit: r < 1.1809 @ 95% CL
Done in 0.00 min (cpu), 0.00 min (real)
Generate toy 179/500
  1) RooRealVar:: n_obs_bina01 = 1943

 -- Profile Likelihood -- 
Limit: r < 2.81301 @ 95% CL
Done in 0.00 min (cpu), 0.00 min (real)
Generate toy 180/500
  1) RooRealVar:: n_obs_bina01 = 1723

 -- Profile Likelihood -- 
Limit: r < 0.866018 @ 95% CL
Done in 0.00 min (cpu), 0.00 min (real)
Generate toy 181/500
  1) RooRealVar:: n_obs_bina01 = 1829

 -- Profile Likelihood -- 
Limit: r < 1.53222 @ 95% CL
Done in 0.00 min (cpu), 0.00 min (real)
Generate toy 182/500
  1) RooRealVar:: n_obs_bina01 = 1840

 -- Profile Likelihood -- 
Limit: r < 1.63365 @ 95% CL
Done in 0.00 min (cpu), 0.00 min (real)
Generate toy 183/500
  1) RooRealVar:: n_obs_bina01 = 1837

 -- Profile Likelihood -- 
Limit: r < 1.60524 @ 95% CL
Done in 0.00 min (cpu), 0.00 min (real)
Generate toy 184/500
  1) RooRealVar:: n_obs_bina01 = 1886

 -- Profile Likelihood -- 
Limit: r < 2.13629 @ 95% CL
Done in 0.00 min (cpu), 0.00 min (real)
Generate toy 185/500
  1) RooRealVar:: n_obs_bina01 = 1903

 -- Profile Likelihood -- 
Limit: r < 2.33812 @ 95% CL
Done in 0.00 min (cpu), 0.00 min (real)
Generate toy 186/500
  1) RooRealVar:: n_obs_bina01 = 1919

 -- Profile Likelihood -- 
Limit: r < 2.52803 @ 95% CL
Done in 0.00 min (cpu), 0.00 min (real)
Generate toy 187/500
  1) RooRealVar:: n_obs_bina01 = 1880

 -- Profile Likelihood -- 
Limit: r < 2.06505 @ 95% CL
Done in 0.00 min (cpu), 0.00 min (real)
Generate toy 188/500
  1) RooRealVar:: n_obs_bina01 = 1839

 -- Profile Likelihood -- 
Limit: r < 1.62411 @ 95% CL
Done in 0.00 min (cpu), 0.00 min (real)
Generate toy 189/500
  1) RooRealVar:: n_obs_bina01 = 2057

 -- Profile Likelihood -- 
Limit: r < 4.1664 @ 95% CL
Done in 0.00 min (cpu), 0.00 min (real)
Generate toy 190/500
  1) RooRealVar:: n_obs_bina01 = 1869

 -- Profile Likelihood -- 
Limit: r < 1.93663 @ 95% CL
Done in 0.00 min (cpu), 0.00 min (real)
Generate toy 191/500
  1) RooRealVar:: n_obs_bina01 = 1988

 -- Profile Likelihood -- 
Limit: r < 3.34735 @ 95% CL
Done in 0.00 min (cpu), 0.00 min (real)
Generate toy 192/500
  1) RooRealVar:: n_obs_bina01 = 1970

 -- Profile Likelihood -- 
Limit: r < 3.13357 @ 95% CL
Done in 0.00 min (cpu), 0.00 min (real)
Generate toy 193/500
  1) RooRealVar:: n_obs_bina01 = 1908

 -- Profile Likelihood -- 
Limit: r < 2.39748 @ 95% CL
Done in 0.00 min (cpu), 0.00 min (real)
Generate toy 194/500
  1) RooRealVar:: n_obs_bina01 = 1974

 -- Profile Likelihood -- 
Limit: r < 3.18106 @ 95% CL
Done in 0.00 min (cpu), 0.00 min (real)
Generate toy 195/500
  1) RooRealVar:: n_obs_bina01 = 1841

 -- Profile Likelihood -- 
Limit: r < 1.64322 @ 95% CL
Done in 0.00 min (cpu), 0.00 min (real)
Generate toy 196/500
  1) RooRealVar:: n_obs_bina01 = 1929

 -- Profile Likelihood -- 
Limit: r < 2.64677 @ 95% CL
Done in 0.00 min (cpu), 0.00 min (real)
Generate toy 197/500
  1) RooRealVar:: n_obs_bina01 = 1939

 -- Profile Likelihood -- 
Limit: r < 2.76551 @ 95% CL
Done in 0.00 min (cpu), 0.00 min (real)
Generate toy 198/500
  1) RooRealVar:: n_obs_bina01 = 1967

 -- Profile Likelihood -- 
Limit: r < 3.09795 @ 95% CL
Done in 0.00 min (cpu), 0.00 min (real)
Generate toy 199/500
  1) RooRealVar:: n_obs_bina01 = 2042

 -- Profile Likelihood -- 
Limit: r < 3.98833 @ 95% CL
Done in 0.00 min (cpu), 0.00 min (real)
Generate toy 200/500
  1) RooRealVar:: n_obs_bina01 = 1997

 -- Profile Likelihood -- 
Limit: r < 3.45408 @ 95% CL
Done in 0.00 min (cpu), 0.00 min (real)
Generate toy 201/500
  1) RooRealVar:: n_obs_bina01 = 1837

 -- Profile Likelihood -- 
Limit: r < 1.60524 @ 95% CL
Done in 0.00 min (cpu), 0.00 min (real)
Generate toy 202/500
  1) RooRealVar:: n_obs_bina01 = 2014

 -- Profile Likelihood -- 
Limit: r < 3.65572 @ 95% CL
Done in 0.00 min (cpu), 0.00 min (real)
Generate toy 203/500
  1) RooRealVar:: n_obs_bina01 = 1795

 -- Profile Likelihood -- 
Limit: r < 1.26192 @ 95% CL
Done in 0.00 min (cpu), 0.00 min (real)
Generate toy 204/500
  1) RooRealVar:: n_obs_bina01 = 1924

 -- Profile Likelihood -- 
Limit: r < 2.58739 @ 95% CL
Done in 0.00 min (cpu), 0.00 min (real)
Generate toy 205/500
  1) RooRealVar:: n_obs_bina01 = 1682

 -- Profile Likelihood -- 
Limit: r < 0.716084 @ 95% CL
Done in 0.00 min (cpu), 0.00 min (real)
Generate toy 206/500
  1) RooRealVar:: n_obs_bina01 = 1775

 -- Profile Likelihood -- 
Limit: r < 1.13063 @ 95% CL
Done in 0.00 min (cpu), 0.00 min (real)
Generate toy 207/500
  1) RooRealVar:: n_obs_bina01 = 1835

 -- Profile Likelihood -- 
Limit: r < 1.5866 @ 95% CL
Done in 0.00 min (cpu), 0.00 min (real)
Generate toy 208/500
  1) RooRealVar:: n_obs_bina01 = 2125

 -- Profile Likelihood -- 
Limit: r < 4.97362 @ 95% CL
Done in 0.00 min (cpu), 0.00 min (real)
Generate toy 209/500
  1) RooRealVar:: n_obs_bina01 = 1905

 -- Profile Likelihood -- 
Limit: r < 2.36186 @ 95% CL
Done in 0.00 min (cpu), 0.00 min (real)
Generate toy 210/500
  1) RooRealVar:: n_obs_bina01 = 2017

 -- Profile Likelihood -- 
Limit: r < 3.69131 @ 95% CL
Done in 0.00 min (cpu), 0.00 min (real)
Generate toy 211/500
  1) RooRealVar:: n_obs_bina01 = 2004

 -- Profile Likelihood -- 
Limit: r < 3.5371 @ 95% CL
Done in 0.00 min (cpu), 0.00 min (real)
Generate toy 212/500
  1) RooRealVar:: n_obs_bina01 = 2117

 -- Profile Likelihood -- 
Limit: r < 4.87866 @ 95% CL
Done in 0.00 min (cpu), 0.00 min (real)
Generate toy 213/500
  1) RooRealVar:: n_obs_bina01 = 1865

 -- Profile Likelihood -- 
Limit: r < 1.89191 @ 95% CL
Done in 0.00 min (cpu), 0.00 min (real)
Generate toy 214/500
  1) RooRealVar:: n_obs_bina01 = 1951

 -- Profile Likelihood -- 
Limit: r < 2.90799 @ 95% CL
Done in 0.00 min (cpu), 0.00 min (real)
Generate toy 215/500
  1) RooRealVar:: n_obs_bina01 = 1875

 -- Profile Likelihood -- 
Limit: r < 2.00586 @ 95% CL
Done in 0.00 min (cpu), 0.00 min (real)
Generate toy 216/500
  1) RooRealVar:: n_obs_bina01 = 1703

 -- Profile Likelihood -- 
Limit: r < 0.787593 @ 95% CL
Done in 0.00 min (cpu), 0.00 min (real)
Generate toy 217/500
  1) RooRealVar:: n_obs_bina01 = 1816

 -- Profile Likelihood -- 
Limit: r < 1.42134 @ 95% CL
Done in 0.00 min (cpu), 0.00 min (real)
Generate toy 218/500
  1) RooRealVar:: n_obs_bina01 = 1747

 -- Profile Likelihood -- 
Limit: r < 0.97604 @ 95% CL
Done in 0.00 min (cpu), 0.00 min (real)
Generate toy 219/500
  1) RooRealVar:: n_obs_bina01 = 1839

 -- Profile Likelihood -- 
Limit: r < 1.62411 @ 95% CL
Done in 0.00 min (cpu), 0.00 min (real)
Generate toy 220/500
  1) RooRealVar:: n_obs_bina01 = 1868

 -- Profile Likelihood -- 
Limit: r < 1.92531 @ 95% CL
Done in 0.00 min (cpu), 0.00 min (real)
Generate toy 221/500
  1) RooRealVar:: n_obs_bina01 = 1838

 -- Profile Likelihood -- 
Limit: r < 1.61465 @ 95% CL
Done in 0.00 min (cpu), 0.00 min (real)
Generate toy 222/500
  1) RooRealVar:: n_obs_bina01 = 1816

 -- Profile Likelihood -- 
Limit: r < 1.42134 @ 95% CL
Done in 0.00 min (cpu), 0.00 min (real)
Generate toy 223/500
  1) RooRealVar:: n_obs_bina01 = 1851

 -- Profile Likelihood -- 
Limit: r < 1.74244 @ 95% CL
Done in 0.00 min (cpu), 0.00 min (real)
Generate toy 224/500
  1) RooRealVar:: n_obs_bina01 = 1844

 -- Profile Likelihood -- 
Limit: r < 1.67234 @ 95% CL
Done in 0.00 min (cpu), 0.00 min (real)
Generate toy 225/500
  1) RooRealVar:: n_obs_bina01 = 1706

 -- Profile Likelihood -- 
Limit: r < 0.798672 @ 95% CL
Done in 0.00 min (cpu), 0.00 min (real)
Generate toy 226/500
  1) RooRealVar:: n_obs_bina01 = 1689

 -- Profile Likelihood -- 
Limit: r < 0.7388 @ 95% CL
Done in 0.00 min (cpu), 0.00 min (real)
Generate toy 227/500
  1) RooRealVar:: n_obs_bina01 = 1865

 -- Profile Likelihood -- 
Limit: r < 1.89191 @ 95% CL
Done in 0.00 min (cpu), 0.00 min (real)
Generate toy 228/500
  1) RooRealVar:: n_obs_bina01 = 1804

 -- Profile Likelihood -- 
Limit: r < 1.32739 @ 95% CL
Done in 0.00 min (cpu), 0.00 min (real)
Generate toy 229/500
  1) RooRealVar:: n_obs_bina01 = 1919

 -- Profile Likelihood -- 
Limit: r < 2.52803 @ 95% CL
Done in 0.00 min (cpu), 0.00 min (real)
Generate toy 230/500
  1) RooRealVar:: n_obs_bina01 = 1748

 -- Profile Likelihood -- 
Limit: r < 0.98105 @ 95% CL
Done in 0.00 min (cpu), 0.00 min (real)
Generate toy 231/500
  1) RooRealVar:: n_obs_bina01 = 1674

 -- Profile Likelihood -- 
Limit: r < 0.691387 @ 95% CL
Done in 0.00 min (cpu), 0.00 min (real)
Generate toy 232/500
  1) RooRealVar:: n_obs_bina01 = 1939

 -- Profile Likelihood -- 
Limit: r < 2.76551 @ 95% CL
Done in 0.00 min (cpu), 0.00 min (real)
Generate toy 233/500
  1) RooRealVar:: n_obs_bina01 = 1723

 -- Profile Likelihood -- 
Limit: r < 0.866018 @ 95% CL
Done in 0.00 min (cpu), 0.00 min (real)
Generate toy 234/500
  1) RooRealVar:: n_obs_bina01 = 1819

 -- Profile Likelihood -- 
Limit: r < 1.44606 @ 95% CL
Done in 0.00 min (cpu), 0.00 min (real)
Generate toy 235/500
  1) RooRealVar:: n_obs_bina01 = 1928

 -- Profile Likelihood -- 
Limit: r < 2.6349 @ 95% CL
Done in 0.00 min (cpu), 0.00 min (real)
Generate toy 236/500
  1) RooRealVar:: n_obs_bina01 = 1854

 -- Profile Likelihood -- 
Limit: r < 1.77342 @ 95% CL
Done in 0.00 min (cpu), 0.00 min (real)
Generate toy 237/500
  1) RooRealVar:: n_obs_bina01 = 1900

 -- Profile Likelihood -- 
Limit: r < 2.3025 @ 95% CL
Done in 0.00 min (cpu), 0.00 min (real)
Generate toy 238/500
  1) RooRealVar:: n_obs_bina01 = 1983

 -- Profile Likelihood -- 
Limit: r < 3.28807 @ 95% CL
Done in 0.00 min (cpu), 0.00 min (real)
Generate toy 239/500
  1) RooRealVar:: n_obs_bina01 = 1961

 -- Profile Likelihood -- 
Limit: r < 3.02672 @ 95% CL
Done in 0.00 min (cpu), 0.00 min (real)
Generate toy 240/500
  1) RooRealVar:: n_obs_bina01 = 1786

 -- Profile Likelihood -- 
Limit: r < 1.2005 @ 95% CL
Done in 0.00 min (cpu), 0.00 min (real)
Generate toy 241/500
  1) RooRealVar:: n_obs_bina01 = 1801

 -- Profile Likelihood -- 
Limit: r < 1.3051 @ 95% CL
Done in 0.00 min (cpu), 0.00 min (real)
Generate toy 242/500
  1) RooRealVar:: n_obs_bina01 = 1836

 -- Profile Likelihood -- 
Limit: r < 1.59589 @ 95% CL
Done in 0.00 min (cpu), 0.00 min (real)
Generate toy 243/500
  1) RooRealVar:: n_obs_bina01 = 2057

 -- Profile Likelihood -- 
Limit: r < 4.1664 @ 95% CL
Done in 0.00 min (cpu), 0.00 min (real)
Generate toy 244/500
  1) RooRealVar:: n_obs_bina01 = 1967

 -- Profile Likelihood -- 
Limit: r < 3.09795 @ 95% CL
Done in 0.00 min (cpu), 0.00 min (real)
Generate toy 245/500
  1) RooRealVar:: n_obs_bina01 = 1887

 -- Profile Likelihood -- 
Limit: r < 2.14816 @ 95% CL
Done in 0.00 min (cpu), 0.00 min (real)
Generate toy 246/500
  1) RooRealVar:: n_obs_bina01 = 1845

 -- Profile Likelihood -- 
Limit: r < 1.68217 @ 95% CL
Done in 0.00 min (cpu), 0.00 min (real)
Generate toy 247/500
  1) RooRealVar:: n_obs_bina01 = 1796

 -- Profile Likelihood -- 
Limit: r < 1.26899 @ 95% CL
Done in 0.00 min (cpu), 0.00 min (real)
Generate toy 248/500
  1) RooRealVar:: n_obs_bina01 = 1944

 -- Profile Likelihood -- 
Limit: r < 2.82488 @ 95% CL
Done in 0.00 min (cpu), 0.00 min (real)
Generate toy 249/500
  1) RooRealVar:: n_obs_bina01 = 1760

 -- Profile Likelihood -- 
Limit: r < 1.04386 @ 95% CL
Done in 0.00 min (cpu), 0.00 min (real)
Generate toy 250/500
  1) RooRealVar:: n_obs_bina01 = 1911

 -- Profile Likelihood -- 
Limit: r < 2.4331 @ 95% CL
Done in 0.00 min (cpu), 0.00 min (real)
Generate toy 251/500
  1) RooRealVar:: n_obs_bina01 = 2044

 -- Profile Likelihood -- 
Limit: r < 4.01208 @ 95% CL
Done in 0.00 min (cpu), 0.00 min (real)
Generate toy 252/500
  1) RooRealVar:: n_obs_bina01 = 1816

 -- Profile Likelihood -- 
Limit: r < 1.42134 @ 95% CL
Done in 0.00 min (cpu), 0.00 min (real)
Generate toy 253/500
  1) RooRealVar:: n_obs_bina01 = 1881

 -- Profile Likelihood -- 
Limit: r < 2.07692 @ 95% CL
Done in 0.00 min (cpu), 0.00 min (real)
Generate toy 254/500
  1) RooRealVar:: n_obs_bina01 = 1910

 -- Profile Likelihood -- 
Limit: r < 2.42123 @ 95% CL
Done in 0.00 min (cpu), 0.00 min (real)
Generate toy 255/500
  1) RooRealVar:: n_obs_bina01 = 1906

 -- Profile Likelihood -- 
Limit: r < 2.37373 @ 95% CL
Done in 0.00 min (cpu), 0.00 min (real)
Generate toy 256/500
  1) RooRealVar:: n_obs_bina01 = 1874

 -- Profile Likelihood -- 
Limit: r < 1.99418 @ 95% CL
Done in 0.00 min (cpu), 0.00 min (real)
Generate toy 257/500
  1) RooRealVar:: n_obs_bina01 = 1815

 -- Profile Likelihood -- 
Limit: r < 1.41321 @ 95% CL
Done in 0.00 min (cpu), 0.00 min (real)
Generate toy 258/500
  1) RooRealVar:: n_obs_bina01 = 1780

 -- Profile Likelihood -- 
Limit: r < 1.16171 @ 95% CL
Done in 0.00 min (cpu), 0.00 min (real)
Generate toy 259/500
  1) RooRealVar:: n_obs_bina01 = 1885

 -- Profile Likelihood -- 
Limit: r < 2.12443 @ 95% CL
Done in 0.00 min (cpu), 0.00 min (real)
Generate toy 260/500
  1) RooRealVar:: n_obs_bina01 = 1900

 -- Profile Likelihood -- 
Limit: r < 2.3025 @ 95% CL
Done in 0.00 min (cpu), 0.00 min (real)
Generate toy 261/500
  1) RooRealVar:: n_obs_bina01 = 1813

 -- Profile Likelihood -- 
Limit: r < 1.39712 @ 95% CL
Done in 0.00 min (cpu), 0.00 min (real)
Generate toy 262/500
  1) RooRealVar:: n_obs_bina01 = 2096

 -- Profile Likelihood -- 
Limit: r < 4.62937 @ 95% CL
Done in 0.00 min (cpu), 0.00 min (real)
Generate toy 263/500
  1) RooRealVar:: n_obs_bina01 = 1955

 -- Profile Likelihood -- 
Limit: r < 2.95548 @ 95% CL
Done in 0.00 min (cpu), 0.00 min (real)
Generate toy 264/500
  1) RooRealVar:: n_obs_bina01 = 1991

 -- Profile Likelihood -- 
Limit: r < 3.38293 @ 95% CL
Done in 0.00 min (cpu), 0.00 min (real)
Generate toy 265/500
  1) RooRealVar:: n_obs_bina01 = 1741

 -- Profile Likelihood -- 
Limit: r < 0.946733 @ 95% CL
Done in 0.00 min (cpu), 0.00 min (real)
Generate toy 266/500
  1) RooRealVar:: n_obs_bina01 = 1995

 -- Profile Likelihood -- 
Limit: r < 3.43036 @ 95% CL
Done in 0.00 min (cpu), 0.00 min (real)
Generate toy 267/500
  1) RooRealVar:: n_obs_bina01 = 1707

 -- Profile Likelihood -- 
Limit: r < 0.802416 @ 95% CL
Done in 0.00 min (cpu), 0.00 min (real)
Generate toy 268/500
  1) RooRealVar:: n_obs_bina01 = 1865

 -- Profile Likelihood -- 
Limit: r < 1.89191 @ 95% CL
Done in 0.00 min (cpu), 0.00 min (real)
Generate toy 269/500
  1) RooRealVar:: n_obs_bina01 = 1907

 -- Profile Likelihood -- 
Limit: r < 2.38561 @ 95% CL
Done in 0.00 min (cpu), 0.00 min (real)
Generate toy 270/500
  1) RooRealVar:: n_obs_bina01 = 1819

 -- Profile Likelihood -- 
Limit: r < 1.44606 @ 95% CL
Done in 0.00 min (cpu), 0.00 min (real)
Generate toy 271/500
  1) RooRealVar:: n_obs_bina01 = 1835

 -- Profile Likelihood -- 
Limit: r < 1.5866 @ 95% CL
Done in 0.00 min (cpu), 0.00 min (real)
Generate toy 272/500
  1) RooRealVar:: n_obs_bina01 = 1929

 -- Profile Likelihood -- 
Limit: r < 2.64677 @ 95% CL
Done in 0.00 min (cpu), 0.00 min (real)
Generate toy 273/500
  1) RooRealVar:: n_obs_bina01 = 1984

 -- Profile Likelihood -- 
Limit: r < 3.29992 @ 95% CL
Done in 0.00 min (cpu), 0.00 min (real)
Generate toy 274/500
  1) RooRealVar:: n_obs_bina01 = 1859

 -- Profile Likelihood -- 
Limit: r < 1.82629 @ 95% CL
Done in 0.00 min (cpu), 0.00 min (real)
Generate toy 275/500
  1) RooRealVar:: n_obs_bina01 = 1734

 -- Profile Likelihood -- 
Limit: r < 0.914103 @ 95% CL
Done in 0.00 min (cpu), 0.00 min (real)
Generate toy 276/500
  1) RooRealVar:: n_obs_bina01 = 1798

 -- Profile Likelihood -- 
Limit: r < 1.28328 @ 95% CL
Done in 0.00 min (cpu), 0.00 min (real)
Generate toy 277/500
  1) RooRealVar:: n_obs_bina01 = 1808

 -- Profile Likelihood -- 
Limit: r < 1.35784 @ 95% CL
Done in 0.00 min (cpu), 0.00 min (real)
Generate toy 278/500
  1) RooRealVar:: n_obs_bina01 = 1696

 -- Profile Likelihood -- 
Limit: r < 0.762615 @ 95% CL
Done in 0.00 min (cpu), 0.00 min (real)
Generate toy 279/500
  1) RooRealVar:: n_obs_bina01 = 1896

 -- Profile Likelihood -- 
Limit: r < 2.25515 @ 95% CL
Done in 0.00 min (cpu), 0.00 min (real)
Generate toy 280/500
  1) RooRealVar:: n_obs_bina01 = 1981

 -- Profile Likelihood -- 
Limit: r < 3.26436 @ 95% CL
Done in 0.00 min (cpu), 0.00 min (real)
Generate toy 281/500
  1) RooRealVar:: n_obs_bina01 = 1989

 -- Profile Likelihood -- 
Limit: r < 3.35921 @ 95% CL
Done in 0.00 min (cpu), 0.00 min (real)
Generate toy 282/500
  1) RooRealVar:: n_obs_bina01 = 1983

 -- Profile Likelihood -- 
Limit: r < 3.28807 @ 95% CL
Done in 0.00 min (cpu), 0.00 min (real)
Generate toy 283/500
  1) RooRealVar:: n_obs_bina01 = 1734

 -- Profile Likelihood -- 
Limit: r < 0.914103 @ 95% CL
Done in 0.00 min (cpu), 0.00 min (real)
Generate toy 284/500
  1) RooRealVar:: n_obs_bina01 = 1919

 -- Profile Likelihood -- 
Limit: r < 2.52803 @ 95% CL
Done in 0.00 min (cpu), 0.00 min (real)
Generate toy 285/500
  1) RooRealVar:: n_obs_bina01 = 1846

 -- Profile Likelihood -- 
Limit: r < 1.69206 @ 95% CL
Done in 0.00 min (cpu), 0.00 min (real)
Generate toy 286/500
  1) RooRealVar:: n_obs_bina01 = 1944

 -- Profile Likelihood -- 
Limit: r < 2.82488 @ 95% CL
Done in 0.00 min (cpu), 0.00 min (real)
Generate toy 287/500
  1) RooRealVar:: n_obs_bina01 = 1992

 -- Profile Likelihood -- 
Limit: r < 3.39479 @ 95% CL
Done in 0.00 min (cpu), 0.00 min (real)
Generate toy 288/500
  1) RooRealVar:: n_obs_bina01 = 1858

 -- Profile Likelihood -- 
Limit: r < 1.81559 @ 95% CL
Done in 0.00 min (cpu), 0.00 min (real)
Generate toy 289/500
  1) RooRealVar:: n_obs_bina01 = 1927

 -- Profile Likelihood -- 
Limit: r < 2.62302 @ 95% CL
Done in 0.00 min (cpu), 0.00 min (real)
Generate toy 290/500
  1) RooRealVar:: n_obs_bina01 = 1811

 -- Profile Likelihood -- 
Limit: r < 1.38124 @ 95% CL
Done in 0.00 min (cpu), 0.00 min (real)
Generate toy 291/500
  1) RooRealVar:: n_obs_bina01 = 1946

 -- Profile Likelihood -- 
Limit: r < 2.84863 @ 95% CL
Done in 0.00 min (cpu), 0.00 min (real)
Generate toy 292/500
  1) RooRealVar:: n_obs_bina01 = 1835

 -- Profile Likelihood -- 
Limit: r < 1.5866 @ 95% CL
Done in 0.00 min (cpu), 0.00 min (real)
Generate toy 293/500
  1) RooRealVar:: n_obs_bina01 = 1960

 -- Profile Likelihood -- 
Limit: r < 3.01485 @ 95% CL
Done in 0.00 min (cpu), 0.00 min (real)
Generate toy 294/500
  1) RooRealVar:: n_obs_bina01 = 1974

 -- Profile Likelihood -- 
Limit: r < 3.18106 @ 95% CL
Done in 0.00 min (cpu), 0.00 min (real)
Generate toy 295/500
  1) RooRealVar:: n_obs_bina01 = 1935

 -- Profile Likelihood -- 
Limit: r < 2.71802 @ 95% CL
Done in 0.00 min (cpu), 0.00 min (real)
Generate toy 296/500
  1) RooRealVar:: n_obs_bina01 = 2003

 -- Profile Likelihood -- 
Limit: r < 3.52524 @ 95% CL
Done in 0.00 min (cpu), 0.00 min (real)
Generate toy 297/500
  1) RooRealVar:: n_obs_bina01 = 1905

 -- Profile Likelihood -- 
Limit: r < 2.36186 @ 95% CL
Done in 0.00 min (cpu), 0.00 min (real)
Generate toy 298/500
  1) RooRealVar:: n_obs_bina01 = 1834

 -- Profile Likelihood -- 
Limit: r < 1.57738 @ 95% CL
Done in 0.00 min (cpu), 0.00 min (real)
Generate toy 299/500
  1) RooRealVar:: n_obs_bina01 = 1971

 -- Profile Likelihood -- 
Limit: r < 3.14544 @ 95% CL
Done in 0.00 min (cpu), 0.00 min (real)
Generate toy 300/500
  1) RooRealVar:: n_obs_bina01 = 1739

 -- Profile Likelihood -- 
Limit: r < 0.937242 @ 95% CL
Done in 0.00 min (cpu), 0.00 min (real)
Generate toy 301/500
  1) RooRealVar:: n_obs_bina01 = 1997

 -- Profile Likelihood -- 
Limit: r < 3.45408 @ 95% CL
Done in 0.00 min (cpu), 0.00 min (real)
Generate toy 302/500
  1) RooRealVar:: n_obs_bina01 = 1935

 -- Profile Likelihood -- 
Limit: r < 2.71802 @ 95% CL
Done in 0.00 min (cpu), 0.00 min (real)
Generate toy 303/500
  1) RooRealVar:: n_obs_bina01 = 1908

 -- Profile Likelihood -- 
Limit: r < 2.39748 @ 95% CL
Done in 0.00 min (cpu), 0.00 min (real)
Generate toy 304/500
  1) RooRealVar:: n_obs_bina01 = 1944

 -- Profile Likelihood -- 
Limit: r < 2.82488 @ 95% CL
Done in 0.00 min (cpu), 0.00 min (real)
Generate toy 305/500
  1) RooRealVar:: n_obs_bina01 = 1909

 -- Profile Likelihood -- 
Limit: r < 2.40935 @ 95% CL
Done in 0.00 min (cpu), 0.00 min (real)
Generate toy 306/500
  1) RooRealVar:: n_obs_bina01 = 1837

 -- Profile Likelihood -- 
Limit: r < 1.60524 @ 95% CL
Done in 0.00 min (cpu), 0.00 min (real)
Generate toy 307/500
  1) RooRealVar:: n_obs_bina01 = 1882

 -- Profile Likelihood -- 
Limit: r < 2.08879 @ 95% CL
Done in 0.00 min (cpu), 0.00 min (real)
Generate toy 308/500
  1) RooRealVar:: n_obs_bina01 = 1860

 -- Profile Likelihood -- 
Limit: r < 1.83706 @ 95% CL
Done in 0.00 min (cpu), 0.00 min (real)
Generate toy 309/500
  1) RooRealVar:: n_obs_bina01 = 1821

 -- Profile Likelihood -- 
Limit: r < 1.46283 @ 95% CL
Done in 0.00 min (cpu), 0.00 min (real)
Generate toy 310/500
  1) RooRealVar:: n_obs_bina01 = 2036

 -- Profile Likelihood -- 
Limit: r < 3.91711 @ 95% CL
Done in 0.00 min (cpu), 0.00 min (real)
Generate toy 311/500
  1) RooRealVar:: n_obs_bina01 = 1891

 -- Profile Likelihood -- 
Limit: r < 2.19564 @ 95% CL
Done in 0.00 min (cpu), 0.00 min (real)
Generate toy 312/500
  1) RooRealVar:: n_obs_bina01 = 1857

 -- Profile Likelihood -- 
Limit: r < 1.80495 @ 95% CL
Done in 0.00 min (cpu), 0.00 min (real)
Generate toy 313/500
  1) RooRealVar:: n_obs_bina01 = 1776

 -- Profile Likelihood -- 
Limit: r < 1.13676 @ 95% CL
Done in 0.00 min (cpu), 0.00 min (real)
Generate toy 314/500
  1) RooRealVar:: n_obs_bina01 = 1906

 -- Profile Likelihood -- 
Limit: r < 2.37373 @ 95% CL
Done in 0.00 min (cpu), 0.00 min (real)
Generate toy 315/500
  1) RooRealVar:: n_obs_bina01 = 1773

 -- Profile Likelihood -- 
Limit: r < 1.11851 @ 95% CL
Done in 0.00 min (cpu), 0.00 min (real)
Generate toy 316/500
  1) RooRealVar:: n_obs_bina01 = 2008

 -- Profile Likelihood -- 
Limit: r < 3.58455 @ 95% CL
Done in 0.00 min (cpu), 0.00 min (real)
Generate toy 317/500
  1) RooRealVar:: n_obs_bina01 = 2141

 -- Profile Likelihood -- 
Limit: r < 5.16355 @ 95% CL
Done in 0.00 min (cpu), 0.00 min (real)
Generate toy 318/500
  1) RooRealVar:: n_obs_bina01 = 1873

 -- Profile Likelihood -- 
Limit: r < 1.98255 @ 95% CL
Done in 0.00 min (cpu), 0.00 min (real)
Generate toy 319/500
  1) RooRealVar:: n_obs_bina01 = 1629

 -- Profile Likelihood -- 
Limit: r < 0.573849 @ 95% CL
Done in 0.00 min (cpu), 0.00 min (real)
Generate toy 320/500
  1) RooRealVar:: n_obs_bina01 = 1796

 -- Profile Likelihood -- 
Limit: r < 1.26899 @ 95% CL
Done in 0.00 min (cpu), 0.00 min (real)
Generate toy 321/500
  1) RooRealVar:: n_obs_bina01 = 1774

 -- Profile Likelihood -- 
Limit: r < 1.12455 @ 95% CL
Done in 0.00 min (cpu), 0.00 min (real)
Generate toy 322/500
  1) RooRealVar:: n_obs_bina01 = 2024

 -- Profile Likelihood -- 
Limit: r < 3.77465 @ 95% CL
Done in 0.00 min (cpu), 0.00 min (real)
Generate toy 323/500
  1) RooRealVar:: n_obs_bina01 = 1735

 -- Profile Likelihood -- 
Limit: r < 0.918665 @ 95% CL
Done in 0.00 min (cpu), 0.00 min (real)
Generate toy 324/500
  1) RooRealVar:: n_obs_bina01 = 1829

 -- Profile Likelihood -- 
Limit: r < 1.53222 @ 95% CL
Done in 0.00 min (cpu), 0.00 min (real)
Generate toy 325/500
  1) RooRealVar:: n_obs_bina01 = 1941

 -- Profile Likelihood -- 
Limit: r < 2.78926 @ 95% CL
Done in 0.00 min (cpu), 0.00 min (real)
Generate toy 326/500
  1) RooRealVar:: n_obs_bina01 = 1716

 -- Profile Likelihood -- 
Limit: r < 0.837313 @ 95% CL
Done in 0.00 min (cpu), 0.00 min (real)
Generate toy 327/500
  1) RooRealVar:: n_obs_bina01 = 2060

 -- Profile Likelihood -- 
Limit: r < 4.20202 @ 95% CL
Done in 0.00 min (cpu), 0.00 min (real)
Generate toy 328/500
  1) RooRealVar:: n_obs_bina01 = 1906

 -- Profile Likelihood -- 
Limit: r < 2.37373 @ 95% CL
Done in 0.00 min (cpu), 0.00 min (real)
Generate toy 329/500
  1) RooRealVar:: n_obs_bina01 = 1985

 -- Profile Likelihood -- 
Limit: r < 3.31178 @ 95% CL
Done in 0.00 min (cpu), 0.00 min (real)
Generate toy 330/500
  1) RooRealVar:: n_obs_bina01 = 1672

 -- Profile Likelihood -- 
Limit: r < 0.685413 @ 95% CL
Done in 0.00 min (cpu), 0.00 min (real)
Generate toy 331/500
  1) RooRealVar:: n_obs_bina01 = 1998

 -- Profile Likelihood -- 
Limit: r < 3.46594 @ 95% CL
Done in 0.00 min (cpu), 0.00 min (real)
Generate toy 332/500
  1) RooRealVar:: n_obs_bina01 = 1990

 -- Profile Likelihood -- 
Limit: r < 3.37107 @ 95% CL
Done in 0.00 min (cpu), 0.00 min (real)
Generate toy 333/500
  1) RooRealVar:: n_obs_bina01 = 1836

 -- Profile Likelihood -- 
Limit: r < 1.59589 @ 95% CL
Done in 0.00 min (cpu), 0.00 min (real)
Generate toy 334/500
  1) RooRealVar:: n_obs_bina01 = 1827

 -- Profile Likelihood -- 
Limit: r < 1.51449 @ 95% CL
Done in 0.00 min (cpu), 0.00 min (real)
Generate toy 335/500
  1) RooRealVar:: n_obs_bina01 = 1775

 -- Profile Likelihood -- 
Limit: r < 1.13063 @ 95% CL
Done in 0.00 min (cpu), 0.00 min (real)
Generate toy 336/500
  1) RooRealVar:: n_obs_bina01 = 1858

 -- Profile Likelihood -- 
Limit: r < 1.81559 @ 95% CL
Done in 0.00 min (cpu), 0.00 min (real)
Generate toy 337/500
  1) RooRealVar:: n_obs_bina01 = 1746

 -- Profile Likelihood -- 
Limit: r < 0.971067 @ 95% CL
Done in 0.00 min (cpu), 0.00 min (real)
Generate toy 338/500
  1) RooRealVar:: n_obs_bina01 = 1783

 -- Profile Likelihood -- 
Limit: r < 1.1809 @ 95% CL
Done in 0.00 min (cpu), 0.00 min (real)
Generate toy 339/500
  1) RooRealVar:: n_obs_bina01 = 1936

 -- Profile Likelihood -- 
Limit: r < 2.72989 @ 95% CL
Done in 0.00 min (cpu), 0.00 min (real)
Generate toy 340/500
  1) RooRealVar:: n_obs_bina01 = 1755

 -- Profile Likelihood -- 
Limit: r < 1.01697 @ 95% CL
Done in 0.00 min (cpu), 0.00 min (real)
Generate toy 341/500
  1) RooRealVar:: n_obs_bina01 = 1818

 -- Profile Likelihood -- 
Limit: r < 1.43777 @ 95% CL
Done in 0.00 min (cpu), 0.00 min (real)
Generate toy 342/500
  1) RooRealVar:: n_obs_bina01 = 1834

 -- Profile Likelihood -- 
Limit: r < 1.57738 @ 95% CL
Done in 0.00 min (cpu), 0.00 min (real)
Generate toy 343/500
  1) RooRealVar:: n_obs_bina01 = 1912

 -- Profile Likelihood -- 
Limit: r < 2.44497 @ 95% CL
Done in 0.00 min (cpu), 0.00 min (real)
Generate toy 344/500
  1) RooRealVar:: n_obs_bina01 = 1894

 -- Profile Likelihood -- 
Limit: r < 2.23146 @ 95% CL
Done in 0.00 min (cpu), 0.00 min (real)
Generate toy 345/500
  1) RooRealVar:: n_obs_bina01 = 1853

 -- Profile Likelihood -- 
Limit: r < 1.76303 @ 95% CL
Done in 0.00 min (cpu), 0.00 min (real)
Generate toy 346/500
  1) RooRealVar:: n_obs_bina01 = 1866

 -- Profile Likelihood -- 
Limit: r < 1.9031 @ 95% CL
Done in 0.00 min (cpu), 0.00 min (real)
Generate toy 347/500
  1) RooRealVar:: n_obs_bina01 = 1775

 -- Profile Likelihood -- 
Limit: r < 1.13063 @ 95% CL
Done in 0.00 min (cpu), 0.00 min (real)
Generate toy 348/500
  1) RooRealVar:: n_obs_bina01 = 2015

 -- Profile Likelihood -- 
Limit: r < 3.66758 @ 95% CL
Done in 0.00 min (cpu), 0.00 min (real)
Generate toy 349/500
  1) RooRealVar:: n_obs_bina01 = 1959

 -- Profile Likelihood -- 
Limit: r < 3.00297 @ 95% CL
Done in 0.00 min (cpu), 0.00 min (real)
Generate toy 350/500
  1) RooRealVar:: n_obs_bina01 = 2111

 -- Profile Likelihood -- 
Limit: r < 4.80743 @ 95% CL
Done in 0.00 min (cpu), 0.00 min (real)
Generate toy 351/500
  1) RooRealVar:: n_obs_bina01 = 1869

 -- Profile Likelihood -- 
Limit: r < 1.93663 @ 95% CL
Done in 0.00 min (cpu), 0.00 min (real)
Generate toy 352/500
  1) RooRealVar:: n_obs_bina01 = 2054

 -- Profile Likelihood -- 
Limit: r < 4.13079 @ 95% CL
Done in 0.00 min (cpu), 0.00 min (real)
Generate toy 353/500
  1) RooRealVar:: n_obs_bina01 = 1852

 -- Profile Likelihood -- 
Limit: r < 1.75271 @ 95% CL
Done in 0.00 min (cpu), 0.00 min (real)
Generate toy 354/500
  1) RooRealVar:: n_obs_bina01 = 1970

 -- Profile Likelihood -- 
Limit: r < 3.13357 @ 95% CL
Done in 0.00 min (cpu), 0.00 min (real)
Generate toy 355/500
  1) RooRealVar:: n_obs_bina01 = 1815

 -- Profile Likelihood -- 
Limit: r < 1.41321 @ 95% CL
Done in 0.00 min (cpu), 0.00 min (real)
Generate toy 356/500
  1) RooRealVar:: n_obs_bina01 = 1868

 -- Profile Likelihood -- 
Limit: r < 1.92531 @ 95% CL
Done in 0.00 min (cpu), 0.00 min (real)
Generate toy 357/500
  1) RooRealVar:: n_obs_bina01 = 1798

 -- Profile Likelihood -- 
Limit: r < 1.28328 @ 95% CL
Done in 0.00 min (cpu), 0.00 min (real)
Generate toy 358/500
  1) RooRealVar:: n_obs_bina01 = 1934

 -- Profile Likelihood -- 
Limit: r < 2.70614 @ 95% CL
Done in 0.00 min (cpu), 0.00 min (real)
Generate toy 359/500
  1) RooRealVar:: n_obs_bina01 = 1881

 -- Profile Likelihood -- 
Limit: r < 2.07692 @ 95% CL
Done in 0.00 min (cpu), 0.00 min (real)
Generate toy 360/500
  1) RooRealVar:: n_obs_bina01 = 1721

 -- Profile Likelihood -- 
Limit: r < 0.857671 @ 95% CL
Done in 0.00 min (cpu), 0.00 min (real)
Generate toy 361/500
  1) RooRealVar:: n_obs_bina01 = 1911

 -- Profile Likelihood -- 
Limit: r < 2.4331 @ 95% CL
Done in 0.00 min (cpu), 0.00 min (real)
Generate toy 362/500
  1) RooRealVar:: n_obs_bina01 = 1794

 -- Profile Likelihood -- 
Limit: r < 1.2549 @ 95% CL
Done in 0.00 min (cpu), 0.00 min (real)
Generate toy 363/500
  1) RooRealVar:: n_obs_bina01 = 2016

 -- Profile Likelihood -- 
Limit: r < 3.67945 @ 95% CL
Done in 0.00 min (cpu), 0.00 min (real)
Generate toy 364/500
  1) RooRealVar:: n_obs_bina01 = 1880

 -- Profile Likelihood -- 
Limit: r < 2.06505 @ 95% CL
Done in 0.00 min (cpu), 0.00 min (real)
Generate toy 365/500
  1) RooRealVar:: n_obs_bina01 = 1790

 -- Profile Likelihood -- 
Limit: r < 1.22731 @ 95% CL
Done in 0.00 min (cpu), 0.00 min (real)
Generate toy 366/500
  1) RooRealVar:: n_obs_bina01 = 1687

 -- Profile Likelihood -- 
Limit: r < 0.732201 @ 95% CL
Done in 0.00 min (cpu), 0.00 min (real)
Generate toy 367/500
  1) RooRealVar:: n_obs_bina01 = 1859

 -- Profile Likelihood -- 
Limit: r < 1.82629 @ 95% CL
Done in 0.00 min (cpu), 0.00 min (real)
Generate toy 368/500
  1) RooRealVar:: n_obs_bina01 = 1795

 -- Profile Likelihood -- 
Limit: r < 1.26192 @ 95% CL
Done in 0.00 min (cpu), 0.00 min (real)
Generate toy 369/500
  1) RooRealVar:: n_obs_bina01 = 1833

 -- Profile Likelihood -- 
Limit: r < 1.56821 @ 95% CL
Done in 0.00 min (cpu), 0.00 min (real)
Generate toy 370/500
  1) RooRealVar:: n_obs_bina01 = 2043

 -- Profile Likelihood -- 
Limit: r < 4.00021 @ 95% CL
Done in 0.00 min (cpu), 0.00 min (real)
Generate toy 371/500
  1) RooRealVar:: n_obs_bina01 = 1878

 -- Profile Likelihood -- 
Limit: r < 2.04132 @ 95% CL
Done in 0.00 min (cpu), 0.00 min (real)
Generate toy 372/500
  1) RooRealVar:: n_obs_bina01 = 1903

 -- Profile Likelihood -- 
Limit: r < 2.33812 @ 95% CL
Done in 0.00 min (cpu), 0.00 min (real)
Generate toy 373/500
  1) RooRealVar:: n_obs_bina01 = 1921

 -- Profile Likelihood -- 
Limit: r < 2.55182 @ 95% CL
Done in 0.00 min (cpu), 0.00 min (real)
Generate toy 374/500
  1) RooRealVar:: n_obs_bina01 = 1822

 -- Profile Likelihood -- 
Limit: r < 1.4713 @ 95% CL
Done in 0.00 min (cpu), 0.00 min (real)
Generate toy 375/500
  1) RooRealVar:: n_obs_bina01 = 1807

 -- Profile Likelihood -- 
Limit: r < 1.35015 @ 95% CL
Done in 0.00 min (cpu), 0.00 min (real)
Generate toy 376/500
  1) RooRealVar:: n_obs_bina01 = 1764

 -- Profile Likelihood -- 
Limit: r < 1.06609 @ 95% CL
Done in 0.00 min (cpu), 0.00 min (real)
Generate toy 377/500
  1) RooRealVar:: n_obs_bina01 = 1854

 -- Profile Likelihood -- 
Limit: r < 1.77342 @ 95% CL
Done in 0.00 min (cpu), 0.00 min (real)
Generate toy 378/500
  1) RooRealVar:: n_obs_bina01 = 1745

 -- Profile Likelihood -- 
Limit: r < 0.96613 @ 95% CL
Done in 0.00 min (cpu), 0.00 min (real)
Generate toy 379/500
  1) RooRealVar:: n_obs_bina01 = 1986

 -- Profile Likelihood -- 
Limit: r < 3.32364 @ 95% CL
Done in 0.00 min (cpu), 0.00 min (real)
Generate toy 380/500
  1) RooRealVar:: n_obs_bina01 = 1835

 -- Profile Likelihood -- 
Limit: r < 1.5866 @ 95% CL
Done in 0.00 min (cpu), 0.00 min (real)
Generate toy 381/500
  1) RooRealVar:: n_obs_bina01 = 1948

 -- Profile Likelihood -- 
Limit: r < 2.87237 @ 95% CL
Done in 0.00 min (cpu), 0.00 min (real)
Generate toy 382/500
  1) RooRealVar:: n_obs_bina01 = 1773

 -- Profile Likelihood -- 
Limit: r < 1.11851 @ 95% CL
Done in 0.00 min (cpu), 0.00 min (real)
Generate toy 383/500
  1) RooRealVar:: n_obs_bina01 = 1948

 -- Profile Likelihood -- 
Limit: r < 2.87237 @ 95% CL
Done in 0.00 min (cpu), 0.00 min (real)
Generate toy 384/500
  1) RooRealVar:: n_obs_bina01 = 1962

 -- Profile Likelihood -- 
Limit: r < 3.03859 @ 95% CL
Done in 0.00 min (cpu), 0.00 min (real)
Generate toy 385/500
  1) RooRealVar:: n_obs_bina01 = 1959

 -- Profile Likelihood -- 
Limit: r < 3.00297 @ 95% CL
Done in 0.00 min (cpu), 0.00 min (real)
Generate toy 386/500
  1) RooRealVar:: n_obs_bina01 = 1820

 -- Profile Likelihood -- 
Limit: r < 1.45442 @ 95% CL
Done in 0.00 min (cpu), 0.00 min (real)
Generate toy 387/500
  1) RooRealVar:: n_obs_bina01 = 1979

 -- Profile Likelihood -- 
Limit: r < 3.24064 @ 95% CL
Done in 0.00 min (cpu), 0.00 min (real)
Generate toy 388/500
  1) RooRealVar:: n_obs_bina01 = 2083

 -- Profile Likelihood -- 
Limit: r < 4.47505 @ 95% CL
Done in 0.00 min (cpu), 0.00 min (real)
Generate toy 389/500
  1) RooRealVar:: n_obs_bina01 = 1863

 -- Profile Likelihood -- 
Limit: r < 1.86975 @ 95% CL
Done in 0.00 min (cpu), 0.00 min (real)
Generate toy 390/500
  1) RooRealVar:: n_obs_bina01 = 1905

 -- Profile Likelihood -- 
Limit: r < 2.36186 @ 95% CL
Done in 0.00 min (cpu), 0.00 min (real)
Generate toy 391/500
  1) RooRealVar:: n_obs_bina01 = 1901

 -- Profile Likelihood -- 
Limit: r < 2.31437 @ 95% CL
Done in 0.00 min (cpu), 0.00 min (real)
Generate toy 392/500
  1) RooRealVar:: n_obs_bina01 = 1994

 -- Profile Likelihood -- 
Limit: r < 3.4185 @ 95% CL
Done in 0.00 min (cpu), 0.00 min (real)
Generate toy 393/500
  1) RooRealVar:: n_obs_bina01 = 1967

 -- Profile Likelihood -- 
Limit: r < 3.09795 @ 95% CL
Done in 0.00 min (cpu), 0.00 min (real)
Generate toy 394/500
  1) RooRealVar:: n_obs_bina01 = 1965

 -- Profile Likelihood -- 
Limit: r < 3.07421 @ 95% CL
Done in 0.00 min (cpu), 0.00 min (real)
Generate toy 395/500
  1) RooRealVar:: n_obs_bina01 = 1959

 -- Profile Likelihood -- 
Limit: r < 3.00297 @ 95% CL
Done in 0.00 min (cpu), 0.00 min (real)
Generate toy 396/500
  1) RooRealVar:: n_obs_bina01 = 1732

 -- Profile Likelihood -- 
Limit: r < 0.905078 @ 95% CL
Done in 0.00 min (cpu), 0.00 min (real)
Generate toy 397/500
  1) RooRealVar:: n_obs_bina01 = 1819

 -- Profile Likelihood -- 
Limit: r < 1.44606 @ 95% CL
Done in 0.00 min (cpu), 0.00 min (real)
Generate toy 398/500
  1) RooRealVar:: n_obs_bina01 = 1947

 -- Profile Likelihood -- 
Limit: r < 2.8605 @ 95% CL
Done in 0.00 min (cpu), 0.00 min (real)
Generate toy 399/500
  1) RooRealVar:: n_obs_bina01 = 1845

 -- Profile Likelihood -- 
Limit: r < 1.68217 @ 95% CL
Done in 0.00 min (cpu), 0.00 min (real)
Generate toy 400/500
  1) RooRealVar:: n_obs_bina01 = 1814

 -- Profile Likelihood -- 
Limit: r < 1.40513 @ 95% CL
Done in 0.00 min (cpu), 0.00 min (real)
Generate toy 401/500
  1) RooRealVar:: n_obs_bina01 = 2019

 -- Profile Likelihood -- 
Limit: r < 3.71504 @ 95% CL
Done in 0.00 min (cpu), 0.00 min (real)
Generate toy 402/500
  1) RooRealVar:: n_obs_bina01 = 1800

 -- Profile Likelihood -- 
Limit: r < 1.29778 @ 95% CL
Done in 0.00 min (cpu), 0.00 min (real)
Generate toy 403/500
  1) RooRealVar:: n_obs_bina01 = 1866

 -- Profile Likelihood -- 
Limit: r < 1.9031 @ 95% CL
Done in 0.00 min (cpu), 0.00 min (real)
Generate toy 404/500
  1) RooRealVar:: n_obs_bina01 = 1721

 -- Profile Likelihood -- 
Limit: r < 0.857671 @ 95% CL
Done in 0.00 min (cpu), 0.00 min (real)
Generate toy 405/500
  1) RooRealVar:: n_obs_bina01 = 1760

 -- Profile Likelihood -- 
Limit: r < 1.04386 @ 95% CL
Done in 0.00 min (cpu), 0.00 min (real)
Generate toy 406/500
  1) RooRealVar:: n_obs_bina01 = 1905

 -- Profile Likelihood -- 
Limit: r < 2.36186 @ 95% CL
Done in 0.00 min (cpu), 0.00 min (real)
Generate toy 407/500
  1) RooRealVar:: n_obs_bina01 = 1914

 -- Profile Likelihood -- 
Limit: r < 2.46872 @ 95% CL
Done in 0.00 min (cpu), 0.00 min (real)
Generate toy 408/500
  1) RooRealVar:: n_obs_bina01 = 2086

 -- Profile Likelihood -- 
Limit: r < 4.51066 @ 95% CL
Done in 0.00 min (cpu), 0.00 min (real)
Generate toy 409/500
  1) RooRealVar:: n_obs_bina01 = 1889

 -- Profile Likelihood -- 
Limit: r < 2.1719 @ 95% CL
Done in 0.00 min (cpu), 0.00 min (real)
Generate toy 410/500
  1) RooRealVar:: n_obs_bina01 = 1967

 -- Profile Likelihood -- 
Limit: r < 3.09795 @ 95% CL
Done in 0.00 min (cpu), 0.00 min (real)
Generate toy 411/500
  1) RooRealVar:: n_obs_bina01 = 1956

 -- Profile Likelihood -- 
Limit: r < 2.96735 @ 95% CL
Done in 0.00 min (cpu), 0.00 min (real)
Generate toy 412/500
  1) RooRealVar:: n_obs_bina01 = 1774

 -- Profile Likelihood -- 
Limit: r < 1.12455 @ 95% CL
Done in 0.00 min (cpu), 0.00 min (real)
Generate toy 413/500
  1) RooRealVar:: n_obs_bina01 = 1897

 -- Profile Likelihood -- 
Limit: r < 2.26692 @ 95% CL
Done in 0.00 min (cpu), 0.00 min (real)
Generate toy 414/500
  1) RooRealVar:: n_obs_bina01 = 2133

 -- Profile Likelihood -- 
Limit: r < 5.06859 @ 95% CL
Done in 0.00 min (cpu), 0.00 min (real)
Generate toy 415/500
  1) RooRealVar:: n_obs_bina01 = 2058

 -- Profile Likelihood -- 
Limit: r < 4.17827 @ 95% CL
Done in 0.00 min (cpu), 0.00 min (real)
Generate toy 416/500
  1) RooRealVar:: n_obs_bina01 = 1776

 -- Profile Likelihood -- 
Limit: r < 1.13676 @ 95% CL
Done in 0.00 min (cpu), 0.00 min (real)
Generate toy 417/500
  1) RooRealVar:: n_obs_bina01 = 1767

 -- Profile Likelihood -- 
Limit: r < 1.08318 @ 95% CL
Done in 0.00 min (cpu), 0.00 min (real)
Generate toy 418/500
  1) RooRealVar:: n_obs_bina01 = 1945

 -- Profile Likelihood -- 
Limit: r < 2.83675 @ 95% CL
Done in 0.00 min (cpu), 0.00 min (real)
Generate toy 419/500
  1) RooRealVar:: n_obs_bina01 = 1877

 -- Profile Likelihood -- 
Limit: r < 2.02945 @ 95% CL
Done in 0.00 min (cpu), 0.00 min (real)
Generate toy 420/500
  1) RooRealVar:: n_obs_bina01 = 1884

 -- Profile Likelihood -- 
Limit: r < 2.11259 @ 95% CL
Done in 0.00 min (cpu), 0.00 min (real)
Generate toy 421/500
  1) RooRealVar:: n_obs_bina01 = 1942

 -- Profile Likelihood -- 
Limit: r < 2.80113 @ 95% CL
Done in 0.00 min (cpu), 0.00 min (real)
Generate toy 422/500
  1) RooRealVar:: n_obs_bina01 = 1684

 -- Profile Likelihood -- 
Limit: r < 0.722466 @ 95% CL
Done in 0.00 min (cpu), 0.00 min (real)
Generate toy 423/500
  1) RooRealVar:: n_obs_bina01 = 1786

 -- Profile Likelihood -- 
Limit: r < 1.2005 @ 95% CL
Done in 0.00 min (cpu), 0.00 min (real)
Generate toy 424/500
  1) RooRealVar:: n_obs_bina01 = 1874

 -- Profile Likelihood -- 
Limit: r < 1.99418 @ 95% CL
Done in 0.00 min (cpu), 0.00 min (real)
Generate toy 425/500
  1) RooRealVar:: n_obs_bina01 = 2029

 -- Profile Likelihood -- 
Limit: r < 3.83401 @ 95% CL
Done in 0.00 min (cpu), 0.00 min (real)
Generate toy 426/500
  1) RooRealVar:: n_obs_bina01 = 1874

 -- Profile Likelihood -- 
Limit: r < 1.99418 @ 95% CL
Done in 0.00 min (cpu), 0.00 min (real)
Generate toy 427/500
  1) RooRealVar:: n_obs_bina01 = 2066

 -- Profile Likelihood -- 
Limit: r < 4.27324 @ 95% CL
Done in 0.00 min (cpu), 0.00 min (real)
Generate toy 428/500
  1) RooRealVar:: n_obs_bina01 = 1913

 -- Profile Likelihood -- 
Limit: r < 2.45684 @ 95% CL
Done in 0.00 min (cpu), 0.00 min (real)
Generate toy 429/500
  1) RooRealVar:: n_obs_bina01 = 1960

 -- Profile Likelihood -- 
Limit: r < 3.01485 @ 95% CL
Done in 0.00 min (cpu), 0.00 min (real)
Generate toy 430/500
  1) RooRealVar:: n_obs_bina01 = 1891

 -- Profile Likelihood -- 
Limit: r < 2.19564 @ 95% CL
Done in 0.00 min (cpu), 0.00 min (real)
Generate toy 431/500
  1) RooRealVar:: n_obs_bina01 = 1993

 -- Profile Likelihood -- 
Limit: r < 3.40664 @ 95% CL
Done in 0.00 min (cpu), 0.00 min (real)
Generate toy 432/500
  1) RooRealVar:: n_obs_bina01 = 2027

 -- Profile Likelihood -- 
Limit: r < 3.81026 @ 95% CL
Done in 0.00 min (cpu), 0.00 min (real)
Generate toy 433/500
  1) RooRealVar:: n_obs_bina01 = 1864

 -- Profile Likelihood -- 
Limit: r < 1.88079 @ 95% CL
Done in 0.00 min (cpu), 0.00 min (real)
Generate toy 434/500
  1) RooRealVar:: n_obs_bina01 = 1836

 -- Profile Likelihood -- 
Limit: r < 1.59589 @ 95% CL
Done in 0.00 min (cpu), 0.00 min (real)
Generate toy 435/500
  1) RooRealVar:: n_obs_bina01 = 1904

 -- Profile Likelihood -- 
Limit: r < 2.34999 @ 95% CL
Done in 0.00 min (cpu), 0.00 min (real)
Generate toy 436/500
  1) RooRealVar:: n_obs_bina01 = 1940

 -- Profile Likelihood -- 
Limit: r < 2.77739 @ 95% CL
Done in 0.00 min (cpu), 0.00 min (real)
Generate toy 437/500
  1) RooRealVar:: n_obs_bina01 = 1884

 -- Profile Likelihood -- 
Limit: r < 2.11259 @ 95% CL
Done in 0.00 min (cpu), 0.00 min (real)
Generate toy 438/500
  1) RooRealVar:: n_obs_bina01 = 1941

 -- Profile Likelihood -- 
Limit: r < 2.78926 @ 95% CL
Done in 0.00 min (cpu), 0.00 min (real)
Generate toy 439/500
  1) RooRealVar:: n_obs_bina01 = 1894

 -- Profile Likelihood -- 
Limit: r < 2.23146 @ 95% CL
Done in 0.00 min (cpu), 0.00 min (real)
Generate toy 440/500
  1) RooRealVar:: n_obs_bina01 = 1935

 -- Profile Likelihood -- 
Limit: r < 2.71802 @ 95% CL
Done in 0.00 min (cpu), 0.00 min (real)
Generate toy 441/500
  1) RooRealVar:: n_obs_bina01 = 1934

 -- Profile Likelihood -- 
Limit: r < 2.70614 @ 95% CL
Done in 0.00 min (cpu), 0.00 min (real)
Generate toy 442/500
  1) RooRealVar:: n_obs_bina01 = 1903

 -- Profile Likelihood -- 
Limit: r < 2.33812 @ 95% CL
Done in 0.00 min (cpu), 0.00 min (real)
Generate toy 443/500
  1) RooRealVar:: n_obs_bina01 = 1916

 -- Profile Likelihood -- 
Limit: r < 2.49202 @ 95% CL
Done in 0.00 min (cpu), 0.00 min (real)
Generate toy 444/500
  1) RooRealVar:: n_obs_bina01 = 1725

 -- Profile Likelihood -- 
Limit: r < 0.874483 @ 95% CL
Done in 0.00 min (cpu), 0.00 min (real)
Generate toy 445/500
  1) RooRealVar:: n_obs_bina01 = 1832

 -- Profile Likelihood -- 
Limit: r < 1.55934 @ 95% CL
Done in 0.00 min (cpu), 0.00 min (real)
Generate toy 446/500
  1) RooRealVar:: n_obs_bina01 = 1836

 -- Profile Likelihood -- 
Limit: r < 1.59589 @ 95% CL
Done in 0.00 min (cpu), 0.00 min (real)
Generate toy 447/500
  1) RooRealVar:: n_obs_bina01 = 1947

 -- Profile Likelihood -- 
Limit: r < 2.8605 @ 95% CL
Done in 0.00 min (cpu), 0.00 min (real)
Generate toy 448/500
  1) RooRealVar:: n_obs_bina01 = 1934

 -- Profile Likelihood -- 
Limit: r < 2.70614 @ 95% CL
Done in 0.00 min (cpu), 0.00 min (real)
Generate toy 449/500
  1) RooRealVar:: n_obs_bina01 = 1754

 -- Profile Likelihood -- 
Limit: r < 1.01171 @ 95% CL
Done in 0.00 min (cpu), 0.00 min (real)
Generate toy 450/500
  1) RooRealVar:: n_obs_bina01 = 1913

 -- Profile Likelihood -- 
Limit: r < 2.45684 @ 95% CL
Done in 0.00 min (cpu), 0.00 min (real)
Generate toy 451/500
  1) RooRealVar:: n_obs_bina01 = 1872

 -- Profile Likelihood -- 
Limit: r < 1.97098 @ 95% CL
Done in 0.00 min (cpu), 0.00 min (real)
Generate toy 452/500
  1) RooRealVar:: n_obs_bina01 = 1930

 -- Profile Likelihood -- 
Limit: r < 2.65865 @ 95% CL
Done in 0.00 min (cpu), 0.00 min (real)
Generate toy 453/500
  1) RooRealVar:: n_obs_bina01 = 1762

 -- Profile Likelihood -- 
Limit: r < 1.0549 @ 95% CL
Done in 0.00 min (cpu), 0.00 min (real)
Generate toy 454/500
  1) RooRealVar:: n_obs_bina01 = 1808

 -- Profile Likelihood -- 
Limit: r < 1.35784 @ 95% CL
Done in 0.00 min (cpu), 0.00 min (real)
Generate toy 455/500
  1) RooRealVar:: n_obs_bina01 = 1851

 -- Profile Likelihood -- 
Limit: r < 1.74244 @ 95% CL
Done in 0.00 min (cpu), 0.00 min (real)
Generate toy 456/500
  1) RooRealVar:: n_obs_bina01 = 1904

 -- Profile Likelihood -- 
Limit: r < 2.34999 @ 95% CL
Done in 0.00 min (cpu), 0.00 min (real)
Generate toy 457/500
  1) RooRealVar:: n_obs_bina01 = 1882

 -- Profile Likelihood -- 
Limit: r < 2.08879 @ 95% CL
Done in 0.00 min (cpu), 0.00 min (real)
Generate toy 458/500
  1) RooRealVar:: n_obs_bina01 = 1811

 -- Profile Likelihood -- 
Limit: r < 1.38124 @ 95% CL
Done in 0.00 min (cpu), 0.00 min (real)
Generate toy 459/500
  1) RooRealVar:: n_obs_bina01 = 1837

 -- Profile Likelihood -- 
Limit: r < 1.60524 @ 95% CL
Done in 0.00 min (cpu), 0.00 min (real)
Generate toy 460/500
  1) RooRealVar:: n_obs_bina01 = 1909

 -- Profile Likelihood -- 
Limit: r < 2.40935 @ 95% CL
Done in 0.00 min (cpu), 0.00 min (real)
Generate toy 461/500
  1) RooRealVar:: n_obs_bina01 = 1879

 -- Profile Likelihood -- 
Limit: r < 2.05318 @ 95% CL
Done in 0.00 min (cpu), 0.00 min (real)
Generate toy 462/500
  1) RooRealVar:: n_obs_bina01 = 1945

 -- Profile Likelihood -- 
Limit: r < 2.83675 @ 95% CL
Done in 0.00 min (cpu), 0.00 min (real)
Generate toy 463/500
  1) RooRealVar:: n_obs_bina01 = 1877

 -- Profile Likelihood -- 
Limit: r < 2.02945 @ 95% CL
Done in 0.00 min (cpu), 0.00 min (real)
Generate toy 464/500
  1) RooRealVar:: n_obs_bina01 = 1787

 -- Profile Likelihood -- 
Limit: r < 1.20713 @ 95% CL
Done in 0.00 min (cpu), 0.00 min (real)
Generate toy 465/500
  1) RooRealVar:: n_obs_bina01 = 1562

 -- Profile Likelihood -- 
Limit: r < 0.44819 @ 95% CL
Done in 0.00 min (cpu), 0.00 min (real)
Generate toy 466/500
  1) RooRealVar:: n_obs_bina01 = 1944

 -- Profile Likelihood -- 
Limit: r < 2.82488 @ 95% CL
Done in 0.00 min (cpu), 0.00 min (real)
Generate toy 467/500
  1) RooRealVar:: n_obs_bina01 = 1737

 -- Profile Likelihood -- 
Limit: r < 0.927887 @ 95% CL
Done in 0.00 min (cpu), 0.00 min (real)
Generate toy 468/500
  1) RooRealVar:: n_obs_bina01 = 1887

 -- Profile Likelihood -- 
Limit: r < 2.14816 @ 95% CL
Done in 0.00 min (cpu), 0.00 min (real)
Generate toy 469/500
  1) RooRealVar:: n_obs_bina01 = 1770

 -- Profile Likelihood -- 
Limit: r < 1.10066 @ 95% CL
Done in 0.00 min (cpu), 0.00 min (real)
Generate toy 470/500
  1) RooRealVar:: n_obs_bina01 = 1849

 -- Profile Likelihood -- 
Limit: r < 1.72211 @ 95% CL
Done in 0.00 min (cpu), 0.00 min (real)
Generate toy 471/500
  1) RooRealVar:: n_obs_bina01 = 1853

 -- Profile Likelihood -- 
Limit: r < 1.76303 @ 95% CL
Done in 0.00 min (cpu), 0.00 min (real)
Generate toy 472/500
  1) RooRealVar:: n_obs_bina01 = 1842

 -- Profile Likelihood -- 
Limit: r < 1.65286 @ 95% CL
Done in 0.00 min (cpu), 0.00 min (real)
Generate toy 473/500
  1) RooRealVar:: n_obs_bina01 = 1858

 -- Profile Likelihood -- 
Limit: r < 1.81559 @ 95% CL
Done in 0.00 min (cpu), 0.00 min (real)
Generate toy 474/500
  1) RooRealVar:: n_obs_bina01 = 1868

 -- Profile Likelihood -- 
Limit: r < 1.92531 @ 95% CL
Done in 0.00 min (cpu), 0.00 min (real)
Generate toy 475/500
  1) RooRealVar:: n_obs_bina01 = 1813

 -- Profile Likelihood -- 
Limit: r < 1.39712 @ 95% CL
Done in 0.00 min (cpu), 0.00 min (real)
Generate toy 476/500
  1) RooRealVar:: n_obs_bina01 = 1879

 -- Profile Likelihood -- 
Limit: r < 2.05318 @ 95% CL
Done in 0.00 min (cpu), 0.00 min (real)
Generate toy 477/500
  1) RooRealVar:: n_obs_bina01 = 1926

 -- Profile Likelihood -- 
Limit: r < 2.61115 @ 95% CL
Done in 0.00 min (cpu), 0.00 min (real)
Generate toy 478/500
  1) RooRealVar:: n_obs_bina01 = 1976

 -- Profile Likelihood -- 
Limit: r < 3.20508 @ 95% CL
Done in 0.00 min (cpu), 0.00 min (real)
Generate toy 479/500
  1) RooRealVar:: n_obs_bina01 = 1955

 -- Profile Likelihood -- 
Limit: r < 2.95548 @ 95% CL
Done in 0.00 min (cpu), 0.00 min (real)
Generate toy 480/500
  1) RooRealVar:: n_obs_bina01 = 1941

 -- Profile Likelihood -- 
Limit: r < 2.78926 @ 95% CL
Done in 0.00 min (cpu), 0.00 min (real)
Generate toy 481/500
  1) RooRealVar:: n_obs_bina01 = 1838

 -- Profile Likelihood -- 
Limit: r < 1.61465 @ 95% CL
Done in 0.00 min (cpu), 0.00 min (real)
Generate toy 482/500
  1) RooRealVar:: n_obs_bina01 = 1914

 -- Profile Likelihood -- 
Limit: r < 2.46872 @ 95% CL
Done in 0.00 min (cpu), 0.00 min (real)
Generate toy 483/500
  1) RooRealVar:: n_obs_bina01 = 1722

 -- Profile Likelihood -- 
Limit: r < 0.86183 @ 95% CL
Done in 0.00 min (cpu), 0.00 min (real)
Generate toy 484/500
  1) RooRealVar:: n_obs_bina01 = 1998

 -- Profile Likelihood -- 
Limit: r < 3.46594 @ 95% CL
Done in 0.00 min (cpu), 0.00 min (real)
Generate toy 485/500
  1) RooRealVar:: n_obs_bina01 = 1878

 -- Profile Likelihood -- 
Limit: r < 2.04132 @ 95% CL
Done in 0.00 min (cpu), 0.00 min (real)
Generate toy 486/500
  1) RooRealVar:: n_obs_bina01 = 1729

 -- Profile Likelihood -- 
Limit: r < 0.891779 @ 95% CL
Done in 0.00 min (cpu), 0.00 min (real)
Generate toy 487/500
  1) RooRealVar:: n_obs_bina01 = 1837

 -- Profile Likelihood -- 
Limit: r < 1.60524 @ 95% CL
Done in 0.00 min (cpu), 0.00 min (real)
Generate toy 488/500
  1) RooRealVar:: n_obs_bina01 = 1817

 -- Profile Likelihood -- 
Limit: r < 1.42952 @ 95% CL
Done in 0.00 min (cpu), 0.00 min (real)
Generate toy 489/500
  1) RooRealVar:: n_obs_bina01 = 1834

 -- Profile Likelihood -- 
Limit: r < 1.57738 @ 95% CL
Done in 0.00 min (cpu), 0.00 min (real)
Generate toy 490/500
  1) RooRealVar:: n_obs_bina01 = 2027

 -- Profile Likelihood -- 
Limit: r < 3.81026 @ 95% CL
Done in 0.00 min (cpu), 0.00 min (real)
Generate toy 491/500
  1) RooRealVar:: n_obs_bina01 = 1758

 -- Profile Likelihood -- 
Limit: r < 1.03299 @ 95% CL
Done in 0.00 min (cpu), 0.00 min (real)
Generate toy 492/500
  1) RooRealVar:: n_obs_bina01 = 1786

 -- Profile Likelihood -- 
Limit: r < 1.2005 @ 95% CL
Done in 0.00 min (cpu), 0.00 min (real)
Generate toy 493/500
  1) RooRealVar:: n_obs_bina01 = 1870

 -- Profile Likelihood -- 
Limit: r < 1.94802 @ 95% CL
Done in 0.00 min (cpu), 0.00 min (real)
Generate toy 494/500
  1) RooRealVar:: n_obs_bina01 = 1957

 -- Profile Likelihood -- 
Limit: r < 2.97923 @ 95% CL
Done in 0.00 min (cpu), 0.00 min (real)
Generate toy 495/500
  1) RooRealVar:: n_obs_bina01 = 1860

 -- Profile Likelihood -- 
Limit: r < 1.83706 @ 95% CL
Done in 0.00 min (cpu), 0.00 min (real)
Generate toy 496/500
  1) RooRealVar:: n_obs_bina01 = 1845

 -- Profile Likelihood -- 
Limit: r < 1.68217 @ 95% CL
Done in 0.00 min (cpu), 0.00 min (real)
Generate toy 497/500
  1) RooRealVar:: n_obs_bina01 = 1907

 -- Profile Likelihood -- 
Limit: r < 2.38561 @ 95% CL
Done in 0.00 min (cpu), 0.00 min (real)
Generate toy 498/500
  1) RooRealVar:: n_obs_bina01 = 1875

 -- Profile Likelihood -- 
Limit: r < 2.00586 @ 95% CL
Done in 0.00 min (cpu), 0.00 min (real)
Generate toy 499/500
  1) RooRealVar:: n_obs_bina01 = 1860

 -- Profile Likelihood -- 
Limit: r < 1.83706 @ 95% CL
Done in 0.00 min (cpu), 0.00 min (real)
Generate toy 500/500
  1) RooRealVar:: n_obs_bina01 = 1785

 -- Profile Likelihood -- 
Limit: r < 1.19392 @ 95% CL
Done in 0.00 min (cpu), 0.00 min (real)
mean   expected limit: r < 2.19327 +/- 0.0429266 @ 95%CL (500 toyMC)
median expected limit: r < 2.06505 @ 95%CL (500 toyMC)
   68% expected band : 1.2005 < r < 3.13357
   95% expected band : 0.787593 < r < 4.30886
