>>> including systematics
>>> method used to compute upper limit is ProfileLikelihood
>>> random number generator seed is 123456

Sanity checks on the model: OK
Generate toy 1/500
  1) RooRealVar:: n_obs_bina01 = 2148

 -- Profile Likelihood -- 
Limit: r < 1.83474 @ 95% CL
Done in 0.00 min (cpu), 0.00 min (real)
Generate toy 2/500
  1) RooRealVar:: n_obs_bina01 = 2228

 -- Profile Likelihood -- 
Limit: r < 2.61756 @ 95% CL
Done in 0.00 min (cpu), 0.00 min (real)
Generate toy 3/500
  1) RooRealVar:: n_obs_bina01 = 2235

 -- Profile Likelihood -- 
Limit: r < 2.68615 @ 95% CL
Done in 0.00 min (cpu), 0.00 min (real)
Generate toy 4/500
  1) RooRealVar:: n_obs_bina01 = 2296

 -- Profile Likelihood -- 
Limit: r < 3.28384 @ 95% CL
Done in 0.00 min (cpu), 0.00 min (real)
Generate toy 5/500
  1) RooRealVar:: n_obs_bina01 = 2177

 -- Profile Likelihood -- 
Limit: r < 2.11788 @ 95% CL
Done in 0.00 min (cpu), 0.00 min (real)
Generate toy 6/500
  1) RooRealVar:: n_obs_bina01 = 2121

 -- Profile Likelihood -- 
Limit: r < 1.59487 @ 95% CL
Done in 0.00 min (cpu), 0.00 min (real)
Generate toy 7/500
  1) RooRealVar:: n_obs_bina01 = 2228

 -- Profile Likelihood -- 
Limit: r < 2.61756 @ 95% CL
Done in 0.00 min (cpu), 0.00 min (real)
Generate toy 8/500
  1) RooRealVar:: n_obs_bina01 = 2206

 -- Profile Likelihood -- 
Limit: r < 2.40196 @ 95% CL
Done in 0.00 min (cpu), 0.00 min (real)
Generate toy 9/500
  1) RooRealVar:: n_obs_bina01 = 1975

 -- Profile Likelihood -- 
Limit: r < 0.790474 @ 95% CL
Done in 0.00 min (cpu), 0.00 min (real)
Generate toy 10/500
  1) RooRealVar:: n_obs_bina01 = 2136

 -- Profile Likelihood -- 
Limit: r < 1.72423 @ 95% CL
Done in 0.00 min (cpu), 0.00 min (real)
Generate toy 11/500
  1) RooRealVar:: n_obs_bina01 = 2075

 -- Profile Likelihood -- 
Limit: r < 1.25999 @ 95% CL
Done in 0.00 min (cpu), 0.00 min (real)
Generate toy 12/500
  1) RooRealVar:: n_obs_bina01 = 2160

 -- Profile Likelihood -- 
Limit: r < 1.95127 @ 95% CL
Done in 0.00 min (cpu), 0.00 min (real)
Generate toy 13/500
  1) RooRealVar:: n_obs_bina01 = 2314

 -- Profile Likelihood -- 
Limit: r < 3.4602 @ 95% CL
Done in 0.00 min (cpu), 0.00 min (real)
Generate toy 14/500
  1) RooRealVar:: n_obs_bina01 = 2068

 -- Profile Likelihood -- 
Limit: r < 1.21662 @ 95% CL
Done in 0.00 min (cpu), 0.00 min (real)
Generate toy 15/500
  1) RooRealVar:: n_obs_bina01 = 2246

 -- Profile Likelihood -- 
Limit: r < 2.79393 @ 95% CL
Done in 0.00 min (cpu), 0.00 min (real)
Generate toy 16/500
  1) RooRealVar:: n_obs_bina01 = 2214

 -- Profile Likelihood -- 
Limit: r < 2.48036 @ 95% CL
Done in 0.00 min (cpu), 0.00 min (real)
Generate toy 17/500
  1) RooRealVar:: n_obs_bina01 = 2187

 -- Profile Likelihood -- 
Limit: r < 2.21582 @ 95% CL
Done in 0.00 min (cpu), 0.00 min (real)
Generate toy 18/500
  1) RooRealVar:: n_obs_bina01 = 2316

 -- Profile Likelihood -- 
Limit: r < 3.47979 @ 95% CL
Done in 0.00 min (cpu), 0.00 min (real)
Generate toy 19/500
  1) RooRealVar:: n_obs_bina01 = 2097

 -- Profile Likelihood -- 
Limit: r < 1.409 @ 95% CL
Done in 0.00 min (cpu), 0.00 min (real)
Generate toy 20/500
  1) RooRealVar:: n_obs_bina01 = 2096

 -- Profile Likelihood -- 
Limit: r < 1.40179 @ 95% CL
Done in 0.00 min (cpu), 0.00 min (real)
Generate toy 21/500
  1) RooRealVar:: n_obs_bina01 = 2182

 -- Profile Likelihood -- 
Limit: r < 2.16683 @ 95% CL
Done in 0.00 min (cpu), 0.00 min (real)
Generate toy 22/500
  1) RooRealVar:: n_obs_bina01 = 2248

 -- Profile Likelihood -- 
Limit: r < 2.81353 @ 95% CL
Done in 0.00 min (cpu), 0.00 min (real)
Generate toy 23/500
  1) RooRealVar:: n_obs_bina01 = 2188

 -- Profile Likelihood -- 
Limit: r < 2.22562 @ 95% CL
Done in 0.00 min (cpu), 0.00 min (real)
Generate toy 24/500
  1) RooRealVar:: n_obs_bina01 = 2075

 -- Profile Likelihood -- 
Limit: r < 1.25999 @ 95% CL
Done in 0.00 min (cpu), 0.00 min (real)
Generate toy 25/500
  1) RooRealVar:: n_obs_bina01 = 2152

 -- Profile Likelihood -- 
Limit: r < 1.87308 @ 95% CL
Done in 0.00 min (cpu), 0.00 min (real)
Generate toy 26/500
  1) RooRealVar:: n_obs_bina01 = 2220

 -- Profile Likelihood -- 
Limit: r < 2.53916 @ 95% CL
Done in 0.00 min (cpu), 0.00 min (real)
Generate toy 27/500
  1) RooRealVar:: n_obs_bina01 = 2197

 -- Profile Likelihood -- 
Limit: r < 2.31381 @ 95% CL
Done in 0.00 min (cpu), 0.00 min (real)
Generate toy 28/500
  1) RooRealVar:: n_obs_bina01 = 2173

 -- Profile Likelihood -- 
Limit: r < 2.07865 @ 95% CL
Done in 0.00 min (cpu), 0.00 min (real)
Generate toy 29/500
  1) RooRealVar:: n_obs_bina01 = 2273

 -- Profile Likelihood -- 
Limit: r < 3.05841 @ 95% CL
Done in 0.00 min (cpu), 0.00 min (real)
Generate toy 30/500
  1) RooRealVar:: n_obs_bina01 = 2083

 -- Profile Likelihood -- 
Limit: r < 1.3119 @ 95% CL
Done in 0.00 min (cpu), 0.00 min (real)
Generate toy 31/500
  1) RooRealVar:: n_obs_bina01 = 2014

 -- Profile Likelihood -- 
Limit: r < 0.939193 @ 95% CL
Done in 0.00 min (cpu), 0.00 min (real)
Generate toy 32/500
  1) RooRealVar:: n_obs_bina01 = 2113

 -- Profile Likelihood -- 
Limit: r < 1.5301 @ 95% CL
Done in 0.00 min (cpu), 0.00 min (real)
Generate toy 33/500
  1) RooRealVar:: n_obs_bina01 = 2082

 -- Profile Likelihood -- 
Limit: r < 1.30528 @ 95% CL
Done in 0.00 min (cpu), 0.00 min (real)
Generate toy 34/500
  1) RooRealVar:: n_obs_bina01 = 2093

 -- Profile Likelihood -- 
Limit: r < 1.38043 @ 95% CL
Done in 0.00 min (cpu), 0.00 min (real)
Generate toy 35/500
  1) RooRealVar:: n_obs_bina01 = 2154

 -- Profile Likelihood -- 
Limit: r < 1.89251 @ 95% CL
Done in 0.00 min (cpu), 0.00 min (real)
Generate toy 36/500
  1) RooRealVar:: n_obs_bina01 = 2169

 -- Profile Likelihood -- 
Limit: r < 2.03946 @ 95% CL
Done in 0.00 min (cpu), 0.00 min (real)
Generate toy 37/500
  1) RooRealVar:: n_obs_bina01 = 2042

 -- Profile Likelihood -- 
Limit: r < 1.07116 @ 95% CL
Done in 0.00 min (cpu), 0.00 min (real)
Generate toy 38/500
  1) RooRealVar:: n_obs_bina01 = 2249

 -- Profile Likelihood -- 
Limit: r < 2.82333 @ 95% CL
Done in 0.00 min (cpu), 0.00 min (real)
Generate toy 39/500
  1) RooRealVar:: n_obs_bina01 = 2293

 -- Profile Likelihood -- 
Limit: r < 3.25444 @ 95% CL
Done in 0.00 min (cpu), 0.00 min (real)
Generate toy 40/500
  1) RooRealVar:: n_obs_bina01 = 2214

 -- Profile Likelihood -- 
Limit: r < 2.48036 @ 95% CL
Done in 0.00 min (cpu), 0.00 min (real)
Generate toy 41/500
  1) RooRealVar:: n_obs_bina01 = 2254

 -- Profile Likelihood -- 
Limit: r < 2.87255 @ 95% CL
Done in 0.00 min (cpu), 0.00 min (real)
Generate toy 42/500
  1) RooRealVar:: n_obs_bina01 = 1987

 -- Profile Likelihood -- 
Limit: r < 0.83244 @ 95% CL
Done in 0.00 min (cpu), 0.00 min (real)
Generate toy 43/500
  1) RooRealVar:: n_obs_bina01 = 2255

 -- Profile Likelihood -- 
Limit: r < 2.88233 @ 95% CL
Done in 0.00 min (cpu), 0.00 min (real)
Generate toy 44/500
  1) RooRealVar:: n_obs_bina01 = 2231

 -- Profile Likelihood -- 
Limit: r < 2.64695 @ 95% CL
Done in 0.00 min (cpu), 0.00 min (real)
Generate toy 45/500
  1) RooRealVar:: n_obs_bina01 = 2249

 -- Profile Likelihood -- 
Limit: r < 2.82333 @ 95% CL
Done in 0.00 min (cpu), 0.00 min (real)
Generate toy 46/500
  1) RooRealVar:: n_obs_bina01 = 2115

 -- Profile Likelihood -- 
Limit: r < 1.54605 @ 95% CL
Done in 0.00 min (cpu), 0.00 min (real)
Generate toy 47/500
  1) RooRealVar:: n_obs_bina01 = 2212

 -- Profile Likelihood -- 
Limit: r < 2.46076 @ 95% CL
Done in 0.00 min (cpu), 0.00 min (real)
Generate toy 48/500
  1) RooRealVar:: n_obs_bina01 = 2123

 -- Profile Likelihood -- 
Limit: r < 1.61152 @ 95% CL
Done in 0.00 min (cpu), 0.00 min (real)
Generate toy 49/500
  1) RooRealVar:: n_obs_bina01 = 2124

 -- Profile Likelihood -- 
Limit: r < 1.61991 @ 95% CL
Done in 0.00 min (cpu), 0.00 min (real)
Generate toy 50/500
  1) RooRealVar:: n_obs_bina01 = 2158

 -- Profile Likelihood -- 
Limit: r < 1.93171 @ 95% CL
Done in 0.00 min (cpu), 0.00 min (real)
Generate toy 51/500
  1) RooRealVar:: n_obs_bina01 = 2136

 -- Profile Likelihood -- 
Limit: r < 1.72423 @ 95% CL
Done in 0.00 min (cpu), 0.00 min (real)
Generate toy 52/500
  1) RooRealVar:: n_obs_bina01 = 2285

 -- Profile Likelihood -- 
Limit: r < 3.17585 @ 95% CL
Done in 0.00 min (cpu), 0.00 min (real)
Generate toy 53/500
  1) RooRealVar:: n_obs_bina01 = 2030

 -- Profile Likelihood -- 
Limit: r < 1.01171 @ 95% CL
Done in 0.00 min (cpu), 0.00 min (real)
Generate toy 54/500
  1) RooRealVar:: n_obs_bina01 = 2279

 -- Profile Likelihood -- 
Limit: r < 3.11713 @ 95% CL
Done in 0.00 min (cpu), 0.00 min (real)
Generate toy 55/500
  1) RooRealVar:: n_obs_bina01 = 2164

 -- Profile Likelihood -- 
Limit: r < 1.99054 @ 95% CL
Done in 0.00 min (cpu), 0.00 min (real)
Generate toy 56/500
  1) RooRealVar:: n_obs_bina01 = 2108

 -- Profile Likelihood -- 
Limit: r < 1.49104 @ 95% CL
Done in 0.00 min (cpu), 0.00 min (real)
Generate toy 57/500
  1) RooRealVar:: n_obs_bina01 = 2078

 -- Profile Likelihood -- 
Limit: r < 1.27916 @ 95% CL
Done in 0.00 min (cpu), 0.00 min (real)
Generate toy 58/500
  1) RooRealVar:: n_obs_bina01 = 2005

 -- Profile Likelihood -- 
Limit: r < 0.901652 @ 95% CL
Done in 0.00 min (cpu), 0.00 min (real)
Generate toy 59/500
  1) RooRealVar:: n_obs_bina01 = 2178

 -- Profile Likelihood -- 
Limit: r < 2.12764 @ 95% CL
Done in 0.00 min (cpu), 0.00 min (real)
Generate toy 60/500
  1) RooRealVar:: n_obs_bina01 = 2074

 -- Profile Likelihood -- 
Limit: r < 1.25368 @ 95% CL
Done in 0.00 min (cpu), 0.00 min (real)
Generate toy 61/500
  1) RooRealVar:: n_obs_bina01 = 2257

 -- Profile Likelihood -- 
Limit: r < 2.90189 @ 95% CL
Done in 0.00 min (cpu), 0.00 min (real)
Generate toy 62/500
  1) RooRealVar:: n_obs_bina01 = 2243

 -- Profile Likelihood -- 
Limit: r < 2.76454 @ 95% CL
Done in 0.00 min (cpu), 0.00 min (real)
Generate toy 63/500
  1) RooRealVar:: n_obs_bina01 = 2121

 -- Profile Likelihood -- 
Limit: r < 1.59487 @ 95% CL
Done in 0.00 min (cpu), 0.00 min (real)
Generate toy 64/500
  1) RooRealVar:: n_obs_bina01 = 2148

 -- Profile Likelihood -- 
Limit: r < 1.83474 @ 95% CL
Done in 0.00 min (cpu), 0.00 min (real)
Generate toy 65/500
  1) RooRealVar:: n_obs_bina01 = 2107

 -- Profile Likelihood -- 
Limit: r < 1.48336 @ 95% CL
Done in 0.00 min (cpu), 0.00 min (real)
Generate toy 66/500
  1) RooRealVar:: n_obs_bina01 = 2239

 -- Profile Likelihood -- 
Limit: r < 2.72534 @ 95% CL
Done in 0.00 min (cpu), 0.00 min (real)
Generate toy 67/500
  1) RooRealVar:: n_obs_bina01 = 2135

 -- Profile Likelihood -- 
Limit: r < 1.71527 @ 95% CL
Done in 0.00 min (cpu), 0.00 min (real)
Generate toy 68/500
  1) RooRealVar:: n_obs_bina01 = 2134

 -- Profile Likelihood -- 
Limit: r < 1.70636 @ 95% CL
Done in 0.00 min (cpu), 0.00 min (real)
Generate toy 69/500
  1) RooRealVar:: n_obs_bina01 = 2236

 -- Profile Likelihood -- 
Limit: r < 2.69595 @ 95% CL
Done in 0.00 min (cpu), 0.00 min (real)
Generate toy 70/500
  1) RooRealVar:: n_obs_bina01 = 2018

 -- Profile Likelihood -- 
Limit: r < 0.956633 @ 95% CL
Done in 0.00 min (cpu), 0.00 min (real)
Generate toy 71/500
  1) RooRealVar:: n_obs_bina01 = 2113

 -- Profile Likelihood -- 
Limit: r < 1.5301 @ 95% CL
Done in 0.00 min (cpu), 0.00 min (real)
Generate toy 72/500
  1) RooRealVar:: n_obs_bina01 = 2329

 -- Profile Likelihood -- 
Limit: r < 3.60716 @ 95% CL
Done in 0.00 min (cpu), 0.00 min (real)
Generate toy 73/500
  1) RooRealVar:: n_obs_bina01 = 2313

 -- Profile Likelihood -- 
Limit: r < 3.4504 @ 95% CL
Done in 0.00 min (cpu), 0.00 min (real)
Generate toy 74/500
  1) RooRealVar:: n_obs_bina01 = 2170

 -- Profile Likelihood -- 
Limit: r < 2.04926 @ 95% CL
Done in 0.00 min (cpu), 0.00 min (real)
Generate toy 75/500
  1) RooRealVar:: n_obs_bina01 = 2408

 -- Profile Likelihood -- 
Limit: r < 4.38117 @ 95% CL
Done in 0.00 min (cpu), 0.00 min (real)
Generate toy 76/500
  1) RooRealVar:: n_obs_bina01 = 2213

 -- Profile Likelihood -- 
Limit: r < 2.47056 @ 95% CL
Done in 0.00 min (cpu), 0.00 min (real)
Generate toy 77/500
  1) RooRealVar:: n_obs_bina01 = 2223

 -- Profile Likelihood -- 
Limit: r < 2.56856 @ 95% CL
Done in 0.00 min (cpu), 0.00 min (real)
Generate toy 78/500
  1) RooRealVar:: n_obs_bina01 = 2061

 -- Profile Likelihood -- 
Limit: r < 1.17509 @ 95% CL
Done in 0.00 min (cpu), 0.00 min (real)
Generate toy 79/500
  1) RooRealVar:: n_obs_bina01 = 2382

 -- Profile Likelihood -- 
Limit: r < 4.12644 @ 95% CL
Done in 0.00 min (cpu), 0.00 min (real)
Generate toy 80/500
  1) RooRealVar:: n_obs_bina01 = 2244

 -- Profile Likelihood -- 
Limit: r < 2.77433 @ 95% CL
Done in 0.00 min (cpu), 0.00 min (real)
Generate toy 81/500
  1) RooRealVar:: n_obs_bina01 = 2231

 -- Profile Likelihood -- 
Limit: r < 2.64695 @ 95% CL
Done in 0.00 min (cpu), 0.00 min (real)
Generate toy 82/500
  1) RooRealVar:: n_obs_bina01 = 2065

 -- Profile Likelihood -- 
Limit: r < 1.19859 @ 95% CL
Done in 0.00 min (cpu), 0.00 min (real)
Generate toy 83/500
  1) RooRealVar:: n_obs_bina01 = 2118

 -- Profile Likelihood -- 
Limit: r < 1.57025 @ 95% CL
Done in 0.00 min (cpu), 0.00 min (real)
Generate toy 84/500
  1) RooRealVar:: n_obs_bina01 = 2022

 -- Profile Likelihood -- 
Limit: r < 0.974524 @ 95% CL
Done in 0.00 min (cpu), 0.00 min (real)
Generate toy 85/500
  1) RooRealVar:: n_obs_bina01 = 2100

 -- Profile Likelihood -- 
Limit: r < 1.43092 @ 95% CL
Done in 0.00 min (cpu), 0.00 min (real)
Generate toy 86/500
  1) RooRealVar:: n_obs_bina01 = 2267

 -- Profile Likelihood -- 
Limit: r < 2.99971 @ 95% CL
Done in 0.00 min (cpu), 0.00 min (real)
Generate toy 87/500
  1) RooRealVar:: n_obs_bina01 = 2045

 -- Profile Likelihood -- 
Limit: r < 1.08675 @ 95% CL
Done in 0.00 min (cpu), 0.00 min (real)
Generate toy 88/500
  1) RooRealVar:: n_obs_bina01 = 2151

 -- Profile Likelihood -- 
Limit: r < 1.86348 @ 95% CL
Done in 0.00 min (cpu), 0.00 min (real)
Generate toy 89/500
  1) RooRealVar:: n_obs_bina01 = 2189

 -- Profile Likelihood -- 
Limit: r < 2.23542 @ 95% CL
Done in 0.00 min (cpu), 0.00 min (real)
Generate toy 90/500
  1) RooRealVar:: n_obs_bina01 = 2177

 -- Profile Likelihood -- 
Limit: r < 2.11788 @ 95% CL
Done in 0.00 min (cpu), 0.00 min (real)
Generate toy 91/500
  1) RooRealVar:: n_obs_bina01 = 2137

 -- Profile Likelihood -- 
Limit: r < 1.73299 @ 95% CL
Done in 0.00 min (cpu), 0.00 min (real)
Generate toy 92/500
  1) RooRealVar:: n_obs_bina01 = 2151

 -- Profile Likelihood -- 
Limit: r < 1.86348 @ 95% CL
Done in 0.00 min (cpu), 0.00 min (real)
Generate toy 93/500
  1) RooRealVar:: n_obs_bina01 = 2271

 -- Profile Likelihood -- 
Limit: r < 3.03884 @ 95% CL
Done in 0.00 min (cpu), 0.00 min (real)
Generate toy 94/500
  1) RooRealVar:: n_obs_bina01 = 1936

 -- Profile Likelihood -- 
Limit: r < 0.673631 @ 95% CL
Done in 0.00 min (cpu), 0.00 min (real)
Generate toy 95/500
  1) RooRealVar:: n_obs_bina01 = 2094

 -- Profile Likelihood -- 
Limit: r < 1.38751 @ 95% CL
Done in 0.00 min (cpu), 0.00 min (real)
Generate toy 96/500
  1) RooRealVar:: n_obs_bina01 = 2285

 -- Profile Likelihood -- 
Limit: r < 3.17585 @ 95% CL
Done in 0.00 min (cpu), 0.00 min (real)
Generate toy 97/500
  1) RooRealVar:: n_obs_bina01 = 2163

 -- Profile Likelihood -- 
Limit: r < 1.9808 @ 95% CL
Done in 0.00 min (cpu), 0.00 min (real)
Generate toy 98/500
  1) RooRealVar:: n_obs_bina01 = 2072

 -- Profile Likelihood -- 
Limit: r < 1.24117 @ 95% CL
Done in 0.00 min (cpu), 0.00 min (real)
Generate toy 99/500
  1) RooRealVar:: n_obs_bina01 = 2215

 -- Profile Likelihood -- 
Limit: r < 2.49016 @ 95% CL
Done in 0.00 min (cpu), 0.00 min (real)
Generate toy 100/500
  1) RooRealVar:: n_obs_bina01 = 2169

 -- Profile Likelihood -- 
Limit: r < 2.03946 @ 95% CL
Done in 0.00 min (cpu), 0.00 min (real)
Generate toy 101/500
  1) RooRealVar:: n_obs_bina01 = 2160

 -- Profile Likelihood -- 
Limit: r < 1.95127 @ 95% CL
Done in 0.00 min (cpu), 0.00 min (real)
Generate toy 102/500
  1) RooRealVar:: n_obs_bina01 = 2381

 -- Profile Likelihood -- 
Limit: r < 4.11664 @ 95% CL
Done in 0.00 min (cpu), 0.00 min (real)
Generate toy 103/500
  1) RooRealVar:: n_obs_bina01 = 2223

 -- Profile Likelihood -- 
Limit: r < 2.56856 @ 95% CL
Done in 0.00 min (cpu), 0.00 min (real)
Generate toy 104/500
  1) RooRealVar:: n_obs_bina01 = 2322

 -- Profile Likelihood -- 
Limit: r < 3.53858 @ 95% CL
Done in 0.00 min (cpu), 0.00 min (real)
Generate toy 105/500
  1) RooRealVar:: n_obs_bina01 = 2190

 -- Profile Likelihood -- 
Limit: r < 2.24522 @ 95% CL
Done in 0.00 min (cpu), 0.00 min (real)
Generate toy 106/500
  1) RooRealVar:: n_obs_bina01 = 2101

 -- Profile Likelihood -- 
Limit: r < 1.43833 @ 95% CL
Done in 0.00 min (cpu), 0.00 min (real)
Generate toy 107/500
  1) RooRealVar:: n_obs_bina01 = 1991

 -- Profile Likelihood -- 
Limit: r < 0.847146 @ 95% CL
Done in 0.00 min (cpu), 0.00 min (real)
Generate toy 108/500
  1) RooRealVar:: n_obs_bina01 = 2068

 -- Profile Likelihood -- 
Limit: r < 1.21662 @ 95% CL
Done in 0.00 min (cpu), 0.00 min (real)
Generate toy 109/500
  1) RooRealVar:: n_obs_bina01 = 2189

 -- Profile Likelihood -- 
Limit: r < 2.23542 @ 95% CL
Done in 0.00 min (cpu), 0.00 min (real)
Generate toy 110/500
  1) RooRealVar:: n_obs_bina01 = 2215

 -- Profile Likelihood -- 
Limit: r < 2.49016 @ 95% CL
Done in 0.00 min (cpu), 0.00 min (real)
Generate toy 111/500
  1) RooRealVar:: n_obs_bina01 = 2211

 -- Profile Likelihood -- 
Limit: r < 2.45096 @ 95% CL
Done in 0.00 min (cpu), 0.00 min (real)
Generate toy 112/500
  1) RooRealVar:: n_obs_bina01 = 2238

 -- Profile Likelihood -- 
Limit: r < 2.71554 @ 95% CL
Done in 0.00 min (cpu), 0.00 min (real)
Generate toy 113/500
  1) RooRealVar:: n_obs_bina01 = 2110

 -- Profile Likelihood -- 
Limit: r < 1.50653 @ 95% CL
Done in 0.00 min (cpu), 0.00 min (real)
Generate toy 114/500
  1) RooRealVar:: n_obs_bina01 = 2328

 -- Profile Likelihood -- 
Limit: r < 3.59737 @ 95% CL
Done in 0.00 min (cpu), 0.00 min (real)
Generate toy 115/500
  1) RooRealVar:: n_obs_bina01 = 2113

 -- Profile Likelihood -- 
Limit: r < 1.5301 @ 95% CL
Done in 0.00 min (cpu), 0.00 min (real)
Generate toy 116/500
  1) RooRealVar:: n_obs_bina01 = 2222

 -- Profile Likelihood -- 
Limit: r < 2.55876 @ 95% CL
Done in 0.00 min (cpu), 0.00 min (real)
Generate toy 117/500
  1) RooRealVar:: n_obs_bina01 = 2168

 -- Profile Likelihood -- 
Limit: r < 2.02966 @ 95% CL
Done in 0.00 min (cpu), 0.00 min (real)
Generate toy 118/500
  1) RooRealVar:: n_obs_bina01 = 2160

 -- Profile Likelihood -- 
Limit: r < 1.95127 @ 95% CL
Done in 0.00 min (cpu), 0.00 min (real)
Generate toy 119/500
  1) RooRealVar:: n_obs_bina01 = 2309

 -- Profile Likelihood -- 
Limit: r < 3.41121 @ 95% CL
Done in 0.00 min (cpu), 0.00 min (real)
Generate toy 120/500
  1) RooRealVar:: n_obs_bina01 = 1968

 -- Profile Likelihood -- 
Limit: r < 0.767404 @ 95% CL
Done in 0.00 min (cpu), 0.00 min (real)
Generate toy 121/500
  1) RooRealVar:: n_obs_bina01 = 2062

 -- Profile Likelihood -- 
Limit: r < 1.18091 @ 95% CL
Done in 0.00 min (cpu), 0.00 min (real)
Generate toy 122/500
  1) RooRealVar:: n_obs_bina01 = 2262

 -- Profile Likelihood -- 
Limit: r < 2.95079 @ 95% CL
Done in 0.00 min (cpu), 0.00 min (real)
Generate toy 123/500
  1) RooRealVar:: n_obs_bina01 = 2033

 -- Profile Likelihood -- 
Limit: r < 1.02615 @ 95% CL
Done in 0.00 min (cpu), 0.00 min (real)
Generate toy 124/500
  1) RooRealVar:: n_obs_bina01 = 2009

 -- Profile Likelihood -- 
Limit: r < 0.918154 @ 95% CL
Done in 0.00 min (cpu), 0.00 min (real)
Generate toy 125/500
  1) RooRealVar:: n_obs_bina01 = 2206

 -- Profile Likelihood -- 
Limit: r < 2.40196 @ 95% CL
Done in 0.00 min (cpu), 0.00 min (real)
Generate toy 126/500
  1) RooRealVar:: n_obs_bina01 = 2256

 -- Profile Likelihood -- 
Limit: r < 2.89211 @ 95% CL
Done in 0.00 min (cpu), 0.00 min (real)
Generate toy 127/500
  1) RooRealVar:: n_obs_bina01 = 2115

 -- Profile Likelihood -- 
Limit: r < 1.54605 @ 95% CL
Done in 0.00 min (cpu), 0.00 min (real)
Generate toy 128/500
  1) RooRealVar:: n_obs_bina01 = 2242

 -- Profile Likelihood -- 
Limit: r < 2.75474 @ 95% CL
Done in 0.00 min (cpu), 0.00 min (real)
Generate toy 129/500
  1) RooRealVar:: n_obs_bina01 = 1994

 -- Profile Likelihood -- 
Limit: r < 0.858422 @ 95% CL
Done in 0.00 min (cpu), 0.00 min (real)
Generate toy 130/500
  1) RooRealVar:: n_obs_bina01 = 2302

 -- Profile Likelihood -- 
Limit: r < 3.34262 @ 95% CL
Done in 0.00 min (cpu), 0.00 min (real)
Generate toy 131/500
  1) RooRealVar:: n_obs_bina01 = 2161

 -- Profile Likelihood -- 
Limit: r < 1.96106 @ 95% CL
Done in 0.00 min (cpu), 0.00 min (real)
Generate toy 132/500
  1) RooRealVar:: n_obs_bina01 = 2032

 -- Profile Likelihood -- 
Limit: r < 1.0213 @ 95% CL
Done in 0.00 min (cpu), 0.00 min (real)
Generate toy 133/500
  1) RooRealVar:: n_obs_bina01 = 1904

 -- Profile Likelihood -- 
Limit: r < 0.596019 @ 95% CL
Done in 0.00 min (cpu), 0.00 min (real)
Generate toy 134/500
  1) RooRealVar:: n_obs_bina01 = 2062

 -- Profile Likelihood -- 
Limit: r < 1.18091 @ 95% CL
Done in 0.00 min (cpu), 0.00 min (real)
Generate toy 135/500
  1) RooRealVar:: n_obs_bina01 = 1993

 -- Profile Likelihood -- 
Limit: r < 0.85464 @ 95% CL
Done in 0.00 min (cpu), 0.00 min (real)
Generate toy 136/500
  1) RooRealVar:: n_obs_bina01 = 2226

 -- Profile Likelihood -- 
Limit: r < 2.59796 @ 95% CL
Done in 0.00 min (cpu), 0.00 min (real)
Generate toy 137/500
  1) RooRealVar:: n_obs_bina01 = 2135

 -- Profile Likelihood -- 
Limit: r < 1.71527 @ 95% CL
Done in 0.00 min (cpu), 0.00 min (real)
Generate toy 138/500
  1) RooRealVar:: n_obs_bina01 = 2311

 -- Profile Likelihood -- 
Limit: r < 3.4308 @ 95% CL
Done in 0.00 min (cpu), 0.00 min (real)
Generate toy 139/500
  1) RooRealVar:: n_obs_bina01 = 2061

 -- Profile Likelihood -- 
Limit: r < 1.17509 @ 95% CL
Done in 0.00 min (cpu), 0.00 min (real)
Generate toy 140/500
  1) RooRealVar:: n_obs_bina01 = 2061

 -- Profile Likelihood -- 
Limit: r < 1.17509 @ 95% CL
Done in 0.00 min (cpu), 0.00 min (real)
Generate toy 141/500
  1) RooRealVar:: n_obs_bina01 = 2201

 -- Profile Likelihood -- 
Limit: r < 2.35287 @ 95% CL
Done in 0.00 min (cpu), 0.00 min (real)
Generate toy 142/500
  1) RooRealVar:: n_obs_bina01 = 2036

 -- Profile Likelihood -- 
Limit: r < 1.04087 @ 95% CL
Done in 0.00 min (cpu), 0.00 min (real)
Generate toy 143/500
  1) RooRealVar:: n_obs_bina01 = 2083

 -- Profile Likelihood -- 
Limit: r < 1.3119 @ 95% CL
Done in 0.00 min (cpu), 0.00 min (real)
Generate toy 144/500
  1) RooRealVar:: n_obs_bina01 = 2098

 -- Profile Likelihood -- 
Limit: r < 1.41625 @ 95% CL
Done in 0.00 min (cpu), 0.00 min (real)
Generate toy 145/500
  1) RooRealVar:: n_obs_bina01 = 2112

 -- Profile Likelihood -- 
Limit: r < 1.5222 @ 95% CL
Done in 0.00 min (cpu), 0.00 min (real)
Generate toy 146/500
  1) RooRealVar:: n_obs_bina01 = 2015

 -- Profile Likelihood -- 
Limit: r < 0.943511 @ 95% CL
Done in 0.00 min (cpu), 0.00 min (real)
Generate toy 147/500
  1) RooRealVar:: n_obs_bina01 = 2278

 -- Profile Likelihood -- 
Limit: r < 3.10734 @ 95% CL
Done in 0.00 min (cpu), 0.00 min (real)
Generate toy 148/500
  1) RooRealVar:: n_obs_bina01 = 2256

 -- Profile Likelihood -- 
Limit: r < 2.89211 @ 95% CL
Done in 0.00 min (cpu), 0.00 min (real)
Generate toy 149/500
  1) RooRealVar:: n_obs_bina01 = 2132

 -- Profile Likelihood -- 
Limit: r < 1.68869 @ 95% CL
Done in 0.00 min (cpu), 0.00 min (real)
Generate toy 150/500
  1) RooRealVar:: n_obs_bina01 = 2167

 -- Profile Likelihood -- 
Limit: r < 2.01987 @ 95% CL
Done in 0.00 min (cpu), 0.00 min (real)
Generate toy 151/500
  1) RooRealVar:: n_obs_bina01 = 2239

 -- Profile Likelihood -- 
Limit: r < 2.72534 @ 95% CL
Done in 0.00 min (cpu), 0.00 min (real)
Generate toy 152/500
  1) RooRealVar:: n_obs_bina01 = 2175

 -- Profile Likelihood -- 
Limit: r < 2.09824 @ 95% CL
Done in 0.00 min (cpu), 0.00 min (real)
Generate toy 153/500
  1) RooRealVar:: n_obs_bina01 = 2125

 -- Profile Likelihood -- 
Limit: r < 1.62834 @ 95% CL
Done in 0.00 min (cpu), 0.00 min (real)
Generate toy 154/500
  1) RooRealVar:: n_obs_bina01 = 2308

 -- Profile Likelihood -- 
Limit: r < 3.40141 @ 95% CL
Done in 0.00 min (cpu), 0.00 min (real)
Generate toy 155/500
  1) RooRealVar:: n_obs_bina01 = 1989

 -- Profile Likelihood -- 
Limit: r < 0.839747 @ 95% CL
Done in 0.00 min (cpu), 0.00 min (real)
Generate toy 156/500
  1) RooRealVar:: n_obs_bina01 = 2093

 -- Profile Likelihood -- 
Limit: r < 1.38043 @ 95% CL
Done in 0.00 min (cpu), 0.00 min (real)
Generate toy 157/500
  1) RooRealVar:: n_obs_bina01 = 2070

 -- Profile Likelihood -- 
Limit: r < 1.22882 @ 95% CL
Done in 0.00 min (cpu), 0.00 min (real)
Generate toy 158/500
  1) RooRealVar:: n_obs_bina01 = 2186

 -- Profile Likelihood -- 
Limit: r < 2.20603 @ 95% CL
Done in 0.00 min (cpu), 0.00 min (real)
Generate toy 159/500
  1) RooRealVar:: n_obs_bina01 = 2216

 -- Profile Likelihood -- 
Limit: r < 2.49996 @ 95% CL
Done in 0.00 min (cpu), 0.00 min (real)
Generate toy 160/500
  1) RooRealVar:: n_obs_bina01 = 2332

 -- Profile Likelihood -- 
Limit: r < 3.63656 @ 95% CL
Done in 0.00 min (cpu), 0.00 min (real)
Generate toy 161/500
  1) RooRealVar:: n_obs_bina01 = 1943

 -- Profile Likelihood -- 
Limit: r < 0.692629 @ 95% CL
Done in 0.00 min (cpu), 0.00 min (real)
Generate toy 162/500
  1) RooRealVar:: n_obs_bina01 = 2240

 -- Profile Likelihood -- 
Limit: r < 2.73514 @ 95% CL
Done in 0.00 min (cpu), 0.00 min (real)
Generate toy 163/500
  1) RooRealVar:: n_obs_bina01 = 2340

 -- Profile Likelihood -- 
Limit: r < 3.71494 @ 95% CL
Done in 0.00 min (cpu), 0.00 min (real)
Generate toy 164/500
  1) RooRealVar:: n_obs_bina01 = 2137

 -- Profile Likelihood -- 
Limit: r < 1.73299 @ 95% CL
Done in 0.00 min (cpu), 0.00 min (real)
Generate toy 165/500
  1) RooRealVar:: n_obs_bina01 = 2115

 -- Profile Likelihood -- 
Limit: r < 1.54605 @ 95% CL
Done in 0.00 min (cpu), 0.00 min (real)
Generate toy 166/500
  1) RooRealVar:: n_obs_bina01 = 2277

 -- Profile Likelihood -- 
Limit: r < 3.09755 @ 95% CL
Done in 0.00 min (cpu), 0.00 min (real)
Generate toy 167/500
  1) RooRealVar:: n_obs_bina01 = 2164

 -- Profile Likelihood -- 
Limit: r < 1.99054 @ 95% CL
Done in 0.00 min (cpu), 0.00 min (real)
Generate toy 168/500
  1) RooRealVar:: n_obs_bina01 = 2330

 -- Profile Likelihood -- 
Limit: r < 3.61696 @ 95% CL
Done in 0.00 min (cpu), 0.00 min (real)
Generate toy 169/500
  1) RooRealVar:: n_obs_bina01 = 2144

 -- Profile Likelihood -- 
Limit: r < 1.79708 @ 95% CL
Done in 0.00 min (cpu), 0.00 min (real)
Generate toy 170/500
  1) RooRealVar:: n_obs_bina01 = 2175

 -- Profile Likelihood -- 
Limit: r < 2.09824 @ 95% CL
Done in 0.00 min (cpu), 0.00 min (real)
Generate toy 171/500
  1) RooRealVar:: n_obs_bina01 = 2237

 -- Profile Likelihood -- 
Limit: r < 2.70574 @ 95% CL
Done in 0.00 min (cpu), 0.00 min (real)
Generate toy 172/500
  1) RooRealVar:: n_obs_bina01 = 1898

 -- Profile Likelihood -- 
Limit: r < 0.582978 @ 95% CL
Done in 0.00 min (cpu), 0.00 min (real)
Generate toy 173/500
  1) RooRealVar:: n_obs_bina01 = 2309

 -- Profile Likelihood -- 
Limit: r < 3.41121 @ 95% CL
Done in 0.00 min (cpu), 0.00 min (real)
Generate toy 174/500
  1) RooRealVar:: n_obs_bina01 = 2084

 -- Profile Likelihood -- 
Limit: r < 1.31857 @ 95% CL
Done in 0.00 min (cpu), 0.00 min (real)
Generate toy 175/500
  1) RooRealVar:: n_obs_bina01 = 2045

 -- Profile Likelihood -- 
Limit: r < 1.08675 @ 95% CL
Done in 0.00 min (cpu), 0.00 min (real)
Generate toy 176/500
  1) RooRealVar:: n_obs_bina01 = 2151

 -- Profile Likelihood -- 
Limit: r < 1.86348 @ 95% CL
Done in 0.00 min (cpu), 0.00 min (real)
Generate toy 177/500
  1) RooRealVar:: n_obs_bina01 = 2165

 -- Profile Likelihood -- 
Limit: r < 2.0003 @ 95% CL
Done in 0.00 min (cpu), 0.00 min (real)
Generate toy 178/500
  1) RooRealVar:: n_obs_bina01 = 2187

 -- Profile Likelihood -- 
Limit: r < 2.21582 @ 95% CL
Done in 0.00 min (cpu), 0.00 min (real)
Generate toy 179/500
  1) RooRealVar:: n_obs_bina01 = 2226

 -- Profile Likelihood -- 
Limit: r < 2.59796 @ 95% CL
Done in 0.00 min (cpu), 0.00 min (real)
Generate toy 180/500
  1) RooRealVar:: n_obs_bina01 = 1969

 -- Profile Likelihood -- 
Limit: r < 0.770639 @ 95% CL
Done in 0.00 min (cpu), 0.00 min (real)
Generate toy 181/500
  1) RooRealVar:: n_obs_bina01 = 2089

 -- Profile Likelihood -- 
Limit: r < 1.35253 @ 95% CL
Done in 0.00 min (cpu), 0.00 min (real)
Generate toy 182/500
  1) RooRealVar:: n_obs_bina01 = 2026

 -- Profile Likelihood -- 
Limit: r < 0.992878 @ 95% CL
Done in 0.00 min (cpu), 0.00 min (real)
Generate toy 183/500
  1) RooRealVar:: n_obs_bina01 = 2169

 -- Profile Likelihood -- 
Limit: r < 2.03946 @ 95% CL
Done in 0.00 min (cpu), 0.00 min (real)
Generate toy 184/500
  1) RooRealVar:: n_obs_bina01 = 2115

 -- Profile Likelihood -- 
Limit: r < 1.54605 @ 95% CL
Done in 0.00 min (cpu), 0.00 min (real)
Generate toy 185/500
  1) RooRealVar:: n_obs_bina01 = 2266

 -- Profile Likelihood -- 
Limit: r < 2.98992 @ 95% CL
Done in 0.00 min (cpu), 0.00 min (real)
Generate toy 186/500
  1) RooRealVar:: n_obs_bina01 = 2110

 -- Profile Likelihood -- 
Limit: r < 1.50653 @ 95% CL
Done in 0.00 min (cpu), 0.00 min (real)
Generate toy 187/500
  1) RooRealVar:: n_obs_bina01 = 2134

 -- Profile Likelihood -- 
Limit: r < 1.70636 @ 95% CL
Done in 0.00 min (cpu), 0.00 min (real)
Generate toy 188/500
  1) RooRealVar:: n_obs_bina01 = 2092

 -- Profile Likelihood -- 
Limit: r < 1.37339 @ 95% CL
Done in 0.00 min (cpu), 0.00 min (real)
Generate toy 189/500
  1) RooRealVar:: n_obs_bina01 = 2388

 -- Profile Likelihood -- 
Limit: r < 4.18522 @ 95% CL
Done in 0.00 min (cpu), 0.00 min (real)
Generate toy 190/500
  1) RooRealVar:: n_obs_bina01 = 2197

 -- Profile Likelihood -- 
Limit: r < 2.31381 @ 95% CL
Done in 0.00 min (cpu), 0.00 min (real)
Generate toy 191/500
  1) RooRealVar:: n_obs_bina01 = 2183

 -- Profile Likelihood -- 
Limit: r < 2.17663 @ 95% CL
Done in 0.00 min (cpu), 0.00 min (real)
Generate toy 192/500
  1) RooRealVar:: n_obs_bina01 = 2354

 -- Profile Likelihood -- 
Limit: r < 3.85211 @ 95% CL
Done in 0.00 min (cpu), 0.00 min (real)
Generate toy 193/500
  1) RooRealVar:: n_obs_bina01 = 2118

 -- Profile Likelihood -- 
Limit: r < 1.57025 @ 95% CL
Done in 0.00 min (cpu), 0.00 min (real)
Generate toy 194/500
  1) RooRealVar:: n_obs_bina01 = 2301

 -- Profile Likelihood -- 
Limit: r < 3.33283 @ 95% CL
Done in 0.00 min (cpu), 0.00 min (real)
Generate toy 195/500
  1) RooRealVar:: n_obs_bina01 = 2119

 -- Profile Likelihood -- 
Limit: r < 1.57841 @ 95% CL
Done in 0.00 min (cpu), 0.00 min (real)
Generate toy 196/500
  1) RooRealVar:: n_obs_bina01 = 2160

 -- Profile Likelihood -- 
Limit: r < 1.95127 @ 95% CL
Done in 0.00 min (cpu), 0.00 min (real)
Generate toy 197/500
  1) RooRealVar:: n_obs_bina01 = 2197

 -- Profile Likelihood -- 
Limit: r < 2.31381 @ 95% CL
Done in 0.00 min (cpu), 0.00 min (real)
Generate toy 198/500
  1) RooRealVar:: n_obs_bina01 = 2351

 -- Profile Likelihood -- 
Limit: r < 3.82271 @ 95% CL
Done in 0.00 min (cpu), 0.00 min (real)
Generate toy 199/500
  1) RooRealVar:: n_obs_bina01 = 2243

 -- Profile Likelihood -- 
Limit: r < 2.76454 @ 95% CL
Done in 0.00 min (cpu), 0.00 min (real)
Generate toy 200/500
  1) RooRealVar:: n_obs_bina01 = 2314

 -- Profile Likelihood -- 
Limit: r < 3.4602 @ 95% CL
Done in 0.00 min (cpu), 0.00 min (real)
Generate toy 201/500
  1) RooRealVar:: n_obs_bina01 = 2135

 -- Profile Likelihood -- 
Limit: r < 1.71527 @ 95% CL
Done in 0.00 min (cpu), 0.00 min (real)
Generate toy 202/500
  1) RooRealVar:: n_obs_bina01 = 2372

 -- Profile Likelihood -- 
Limit: r < 4.02846 @ 95% CL
Done in 0.00 min (cpu), 0.00 min (real)
Generate toy 203/500
  1) RooRealVar:: n_obs_bina01 = 2088

 -- Profile Likelihood -- 
Limit: r < 1.34565 @ 95% CL
Done in 0.00 min (cpu), 0.00 min (real)
Generate toy 204/500
  1) RooRealVar:: n_obs_bina01 = 2149

 -- Profile Likelihood -- 
Limit: r < 1.84428 @ 95% CL
Done in 0.00 min (cpu), 0.00 min (real)
Generate toy 205/500
  1) RooRealVar:: n_obs_bina01 = 2034

 -- Profile Likelihood -- 
Limit: r < 1.03102 @ 95% CL
Done in 0.00 min (cpu), 0.00 min (real)
Generate toy 206/500
  1) RooRealVar:: n_obs_bina01 = 1923

 -- Profile Likelihood -- 
Limit: r < 0.640362 @ 95% CL
Done in 0.00 min (cpu), 0.00 min (real)
Generate toy 207/500
  1) RooRealVar:: n_obs_bina01 = 2069

 -- Profile Likelihood -- 
Limit: r < 1.2227 @ 95% CL
Done in 0.00 min (cpu), 0.00 min (real)
Generate toy 208/500
  1) RooRealVar:: n_obs_bina01 = 2401

 -- Profile Likelihood -- 
Limit: r < 4.31259 @ 95% CL
Done in 0.00 min (cpu), 0.00 min (real)
Generate toy 209/500
  1) RooRealVar:: n_obs_bina01 = 2264

 -- Profile Likelihood -- 
Limit: r < 2.97036 @ 95% CL
Done in 0.00 min (cpu), 0.00 min (real)
Generate toy 210/500
  1) RooRealVar:: n_obs_bina01 = 2376

 -- Profile Likelihood -- 
Limit: r < 4.06765 @ 95% CL
Done in 0.00 min (cpu), 0.00 min (real)
Generate toy 211/500
  1) RooRealVar:: n_obs_bina01 = 2288

 -- Profile Likelihood -- 
Limit: r < 3.20521 @ 95% CL
Done in 0.00 min (cpu), 0.00 min (real)
Generate toy 212/500
  1) RooRealVar:: n_obs_bina01 = 2255

 -- Profile Likelihood -- 
Limit: r < 2.88233 @ 95% CL
Done in 0.00 min (cpu), 0.00 min (real)
Generate toy 213/500
  1) RooRealVar:: n_obs_bina01 = 2319

 -- Profile Likelihood -- 
Limit: r < 3.50919 @ 95% CL
Done in 0.00 min (cpu), 0.00 min (real)
Generate toy 214/500
  1) RooRealVar:: n_obs_bina01 = 2151

 -- Profile Likelihood -- 
Limit: r < 1.86348 @ 95% CL
Done in 0.00 min (cpu), 0.00 min (real)
Generate toy 215/500
  1) RooRealVar:: n_obs_bina01 = 2217

 -- Profile Likelihood -- 
Limit: r < 2.50976 @ 95% CL
Done in 0.00 min (cpu), 0.00 min (real)
Generate toy 216/500
  1) RooRealVar:: n_obs_bina01 = 1880

 -- Profile Likelihood -- 
Limit: r < 0.546354 @ 95% CL
Done in 0.00 min (cpu), 0.00 min (real)
Generate toy 217/500
  1) RooRealVar:: n_obs_bina01 = 2136

 -- Profile Likelihood -- 
Limit: r < 1.72423 @ 95% CL
Done in 0.00 min (cpu), 0.00 min (real)
Generate toy 218/500
  1) RooRealVar:: n_obs_bina01 = 2075

 -- Profile Likelihood -- 
Limit: r < 1.25999 @ 95% CL
Done in 0.00 min (cpu), 0.00 min (real)
Generate toy 219/500
  1) RooRealVar:: n_obs_bina01 = 1983

 -- Profile Likelihood -- 
Limit: r < 0.8181 @ 95% CL
Done in 0.00 min (cpu), 0.00 min (real)
Generate toy 220/500
  1) RooRealVar:: n_obs_bina01 = 2212

 -- Profile Likelihood -- 
Limit: r < 2.46076 @ 95% CL
Done in 0.00 min (cpu), 0.00 min (real)
Generate toy 221/500
  1) RooRealVar:: n_obs_bina01 = 2111

 -- Profile Likelihood -- 
Limit: r < 1.51434 @ 95% CL
Done in 0.00 min (cpu), 0.00 min (real)
Generate toy 222/500
  1) RooRealVar:: n_obs_bina01 = 2089

 -- Profile Likelihood -- 
Limit: r < 1.35253 @ 95% CL
Done in 0.00 min (cpu), 0.00 min (real)
Generate toy 223/500
  1) RooRealVar:: n_obs_bina01 = 2104

 -- Profile Likelihood -- 
Limit: r < 1.46059 @ 95% CL
Done in 0.00 min (cpu), 0.00 min (real)
Generate toy 224/500
  1) RooRealVar:: n_obs_bina01 = 2112

 -- Profile Likelihood -- 
Limit: r < 1.5222 @ 95% CL
Done in 0.00 min (cpu), 0.00 min (real)
Generate toy 225/500
  1) RooRealVar:: n_obs_bina01 = 1963

 -- Profile Likelihood -- 
Limit: r < 0.751524 @ 95% CL
Done in 0.00 min (cpu), 0.00 min (real)
Generate toy 226/500
  1) RooRealVar:: n_obs_bina01 = 2092

 -- Profile Likelihood -- 
Limit: r < 1.37339 @ 95% CL
Done in 0.00 min (cpu), 0.00 min (real)
Generate toy 227/500
  1) RooRealVar:: n_obs_bina01 = 2039

 -- Profile Likelihood -- 
Limit: r < 1.05587 @ 95% CL
Done in 0.00 min (cpu), 0.00 min (real)
Generate toy 228/500
  1) RooRealVar:: n_obs_bina01 = 1951

 -- Profile Likelihood -- 
Limit: r < 0.715337 @ 95% CL
Done in 0.00 min (cpu), 0.00 min (real)
Generate toy 229/500
  1) RooRealVar:: n_obs_bina01 = 2336

 -- Profile Likelihood -- 
Limit: r < 3.67575 @ 95% CL
Done in 0.00 min (cpu), 0.00 min (real)
Generate toy 230/500
  1) RooRealVar:: n_obs_bina01 = 1971

 -- Profile Likelihood -- 
Limit: r < 0.777169 @ 95% CL
Done in 0.00 min (cpu), 0.00 min (real)
Generate toy 231/500
  1) RooRealVar:: n_obs_bina01 = 1931

 -- Profile Likelihood -- 
Limit: r < 0.660535 @ 95% CL
Done in 0.00 min (cpu), 0.00 min (real)
Generate toy 232/500
  1) RooRealVar:: n_obs_bina01 = 2234

 -- Profile Likelihood -- 
Limit: r < 2.67635 @ 95% CL
Done in 0.00 min (cpu), 0.00 min (real)
Generate toy 233/500
  1) RooRealVar:: n_obs_bina01 = 1911

 -- Profile Likelihood -- 
Limit: r < 0.6118 @ 95% CL
Done in 0.00 min (cpu), 0.00 min (real)
Generate toy 234/500
  1) RooRealVar:: n_obs_bina01 = 2126

 -- Profile Likelihood -- 
Limit: r < 1.63682 @ 95% CL
Done in 0.00 min (cpu), 0.00 min (real)
Generate toy 235/500
  1) RooRealVar:: n_obs_bina01 = 2142

 -- Profile Likelihood -- 
Limit: r < 1.77854 @ 95% CL
Done in 0.00 min (cpu), 0.00 min (real)
Generate toy 236/500
  1) RooRealVar:: n_obs_bina01 = 2221

 -- Profile Likelihood -- 
Limit: r < 2.54896 @ 95% CL
Done in 0.00 min (cpu), 0.00 min (real)
Generate toy 237/500
  1) RooRealVar:: n_obs_bina01 = 2164

 -- Profile Likelihood -- 
Limit: r < 1.99054 @ 95% CL
Done in 0.00 min (cpu), 0.00 min (real)
Generate toy 238/500
  1) RooRealVar:: n_obs_bina01 = 2161

 -- Profile Likelihood -- 
Limit: r < 1.96106 @ 95% CL
Done in 0.00 min (cpu), 0.00 min (real)
Generate toy 239/500
  1) RooRealVar:: n_obs_bina01 = 2415

 -- Profile Likelihood -- 
Limit: r < 4.44975 @ 95% CL
Done in 0.00 min (cpu), 0.00 min (real)
Generate toy 240/500
  1) RooRealVar:: n_obs_bina01 = 2061

 -- Profile Likelihood -- 
Limit: r < 1.17509 @ 95% CL
Done in 0.00 min (cpu), 0.00 min (real)
Generate toy 241/500
  1) RooRealVar:: n_obs_bina01 = 2083

 -- Profile Likelihood -- 
Limit: r < 1.3119 @ 95% CL
Done in 0.00 min (cpu), 0.00 min (real)
Generate toy 242/500
  1) RooRealVar:: n_obs_bina01 = 1992

 -- Profile Likelihood -- 
Limit: r < 0.850881 @ 95% CL
Done in 0.00 min (cpu), 0.00 min (real)
Generate toy 243/500
  1) RooRealVar:: n_obs_bina01 = 2285

 -- Profile Likelihood -- 
Limit: r < 3.17585 @ 95% CL
Done in 0.00 min (cpu), 0.00 min (real)
Generate toy 244/500
  1) RooRealVar:: n_obs_bina01 = 2324

 -- Profile Likelihood -- 
Limit: r < 3.55818 @ 95% CL
Done in 0.00 min (cpu), 0.00 min (real)
Generate toy 245/500
  1) RooRealVar:: n_obs_bina01 = 2204

 -- Profile Likelihood -- 
Limit: r < 2.38232 @ 95% CL
Done in 0.00 min (cpu), 0.00 min (real)
Generate toy 246/500
  1) RooRealVar:: n_obs_bina01 = 2111

 -- Profile Likelihood -- 
Limit: r < 1.51434 @ 95% CL
Done in 0.00 min (cpu), 0.00 min (real)
Generate toy 247/500
  1) RooRealVar:: n_obs_bina01 = 2108

 -- Profile Likelihood -- 
Limit: r < 1.49104 @ 95% CL
Done in 0.00 min (cpu), 0.00 min (real)
Generate toy 248/500
  1) RooRealVar:: n_obs_bina01 = 2194

 -- Profile Likelihood -- 
Limit: r < 2.28442 @ 95% CL
Done in 0.00 min (cpu), 0.00 min (real)
Generate toy 249/500
  1) RooRealVar:: n_obs_bina01 = 2070

 -- Profile Likelihood -- 
Limit: r < 1.22882 @ 95% CL
Done in 0.00 min (cpu), 0.00 min (real)
Generate toy 250/500
  1) RooRealVar:: n_obs_bina01 = 2128

 -- Profile Likelihood -- 
Limit: r < 1.65392 @ 95% CL
Done in 0.00 min (cpu), 0.00 min (real)
Generate toy 251/500
  1) RooRealVar:: n_obs_bina01 = 2376

 -- Profile Likelihood -- 
Limit: r < 4.06765 @ 95% CL
Done in 0.00 min (cpu), 0.00 min (real)
Generate toy 252/500
  1) RooRealVar:: n_obs_bina01 = 2093

 -- Profile Likelihood -- 
Limit: r < 1.38043 @ 95% CL
Done in 0.00 min (cpu), 0.00 min (real)
Generate toy 253/500
  1) RooRealVar:: n_obs_bina01 = 2171

 -- Profile Likelihood -- 
Limit: r < 2.05905 @ 95% CL
Done in 0.00 min (cpu), 0.00 min (real)
Generate toy 254/500
  1) RooRealVar:: n_obs_bina01 = 2141

 -- Profile Likelihood -- 
Limit: r < 1.76934 @ 95% CL
Done in 0.00 min (cpu), 0.00 min (real)
Generate toy 255/500
  1) RooRealVar:: n_obs_bina01 = 2177

 -- Profile Likelihood -- 
Limit: r < 2.11788 @ 95% CL
Done in 0.00 min (cpu), 0.00 min (real)
Generate toy 256/500
  1) RooRealVar:: n_obs_bina01 = 2193

 -- Profile Likelihood -- 
Limit: r < 2.27462 @ 95% CL
Done in 0.00 min (cpu), 0.00 min (real)
Generate toy 257/500
  1) RooRealVar:: n_obs_bina01 = 2090

 -- Profile Likelihood -- 
Limit: r < 1.35944 @ 95% CL
Done in 0.00 min (cpu), 0.00 min (real)
Generate toy 258/500
  1) RooRealVar:: n_obs_bina01 = 2082

 -- Profile Likelihood -- 
Limit: r < 1.30528 @ 95% CL
Done in 0.00 min (cpu), 0.00 min (real)
Generate toy 259/500
  1) RooRealVar:: n_obs_bina01 = 2086

 -- Profile Likelihood -- 
Limit: r < 1.33203 @ 95% CL
Done in 0.00 min (cpu), 0.00 min (real)
Generate toy 260/500
  1) RooRealVar:: n_obs_bina01 = 2117

 -- Profile Likelihood -- 
Limit: r < 1.56213 @ 95% CL
Done in 0.00 min (cpu), 0.00 min (real)
Generate toy 261/500
  1) RooRealVar:: n_obs_bina01 = 2185

 -- Profile Likelihood -- 
Limit: r < 2.19623 @ 95% CL
Done in 0.00 min (cpu), 0.00 min (real)
Generate toy 262/500
  1) RooRealVar:: n_obs_bina01 = 2337

 -- Profile Likelihood -- 
Limit: r < 3.68555 @ 95% CL
Done in 0.00 min (cpu), 0.00 min (real)
Generate toy 263/500
  1) RooRealVar:: n_obs_bina01 = 2264

 -- Profile Likelihood -- 
Limit: r < 2.97036 @ 95% CL
Done in 0.00 min (cpu), 0.00 min (real)
Generate toy 264/500
  1) RooRealVar:: n_obs_bina01 = 2174

 -- Profile Likelihood -- 
Limit: r < 2.08845 @ 95% CL
Done in 0.00 min (cpu), 0.00 min (real)
Generate toy 265/500
  1) RooRealVar:: n_obs_bina01 = 2117

 -- Profile Likelihood -- 
Limit: r < 1.56213 @ 95% CL
Done in 0.00 min (cpu), 0.00 min (real)
Generate toy 266/500
  1) RooRealVar:: n_obs_bina01 = 2279

 -- Profile Likelihood -- 
Limit: r < 3.11713 @ 95% CL
Done in 0.00 min (cpu), 0.00 min (real)
Generate toy 267/500
  1) RooRealVar:: n_obs_bina01 = 2025

 -- Profile Likelihood -- 
Limit: r < 0.988245 @ 95% CL
Done in 0.00 min (cpu), 0.00 min (real)
Generate toy 268/500
  1) RooRealVar:: n_obs_bina01 = 2055

 -- Profile Likelihood -- 
Limit: r < 1.14091 @ 95% CL
Done in 0.00 min (cpu), 0.00 min (real)
Generate toy 269/500
  1) RooRealVar:: n_obs_bina01 = 2240

 -- Profile Likelihood -- 
Limit: r < 2.73514 @ 95% CL
Done in 0.00 min (cpu), 0.00 min (real)
Generate toy 270/500
  1) RooRealVar:: n_obs_bina01 = 2073

 -- Profile Likelihood -- 
Limit: r < 1.24741 @ 95% CL
Done in 0.00 min (cpu), 0.00 min (real)
Generate toy 271/500
  1) RooRealVar:: n_obs_bina01 = 2119

 -- Profile Likelihood -- 
Limit: r < 1.57841 @ 95% CL
Done in 0.00 min (cpu), 0.00 min (real)
Generate toy 272/500
  1) RooRealVar:: n_obs_bina01 = 2135

 -- Profile Likelihood -- 
Limit: r < 1.71527 @ 95% CL
Done in 0.00 min (cpu), 0.00 min (real)
Generate toy 273/500
  1) RooRealVar:: n_obs_bina01 = 2266

 -- Profile Likelihood -- 
Limit: r < 2.98992 @ 95% CL
Done in 0.00 min (cpu), 0.00 min (real)
Generate toy 274/500
  1) RooRealVar:: n_obs_bina01 = 2280

 -- Profile Likelihood -- 
Limit: r < 3.12691 @ 95% CL
Done in 0.00 min (cpu), 0.00 min (real)
Generate toy 275/500
  1) RooRealVar:: n_obs_bina01 = 2023

 -- Profile Likelihood -- 
Limit: r < 0.979068 @ 95% CL
Done in 0.00 min (cpu), 0.00 min (real)
Generate toy 276/500
  1) RooRealVar:: n_obs_bina01 = 2019

 -- Profile Likelihood -- 
Limit: r < 0.961063 @ 95% CL
Done in 0.00 min (cpu), 0.00 min (real)
Generate toy 277/500
  1) RooRealVar:: n_obs_bina01 = 2014

 -- Profile Likelihood -- 
Limit: r < 0.939193 @ 95% CL
Done in 0.00 min (cpu), 0.00 min (real)
Generate toy 278/500
  1) RooRealVar:: n_obs_bina01 = 1952

 -- Profile Likelihood -- 
Limit: r < 0.718253 @ 95% CL
Done in 0.00 min (cpu), 0.00 min (real)
Generate toy 279/500
  1) RooRealVar:: n_obs_bina01 = 2142

 -- Profile Likelihood -- 
Limit: r < 1.77854 @ 95% CL
Done in 0.00 min (cpu), 0.00 min (real)
Generate toy 280/500
  1) RooRealVar:: n_obs_bina01 = 2257

 -- Profile Likelihood -- 
Limit: r < 2.90189 @ 95% CL
Done in 0.00 min (cpu), 0.00 min (real)
Generate toy 281/500
  1) RooRealVar:: n_obs_bina01 = 2266

 -- Profile Likelihood -- 
Limit: r < 2.98992 @ 95% CL
Done in 0.00 min (cpu), 0.00 min (real)
Generate toy 282/500
  1) RooRealVar:: n_obs_bina01 = 2343

 -- Profile Likelihood -- 
Limit: r < 3.74433 @ 95% CL
Done in 0.00 min (cpu), 0.00 min (real)
Generate toy 283/500
  1) RooRealVar:: n_obs_bina01 = 2029

 -- Profile Likelihood -- 
Limit: r < 1.00695 @ 95% CL
Done in 0.00 min (cpu), 0.00 min (real)
Generate toy 284/500
  1) RooRealVar:: n_obs_bina01 = 2141

 -- Profile Likelihood -- 
Limit: r < 1.76934 @ 95% CL
Done in 0.00 min (cpu), 0.00 min (real)
Generate toy 285/500
  1) RooRealVar:: n_obs_bina01 = 2156

 -- Profile Likelihood -- 
Limit: r < 1.91209 @ 95% CL
Done in 0.00 min (cpu), 0.00 min (real)
Generate toy 286/500
  1) RooRealVar:: n_obs_bina01 = 2305

 -- Profile Likelihood -- 
Limit: r < 3.37202 @ 95% CL
Done in 0.00 min (cpu), 0.00 min (real)
Generate toy 287/500
  1) RooRealVar:: n_obs_bina01 = 2161

 -- Profile Likelihood -- 
Limit: r < 1.96106 @ 95% CL
Done in 0.00 min (cpu), 0.00 min (real)
Generate toy 288/500
  1) RooRealVar:: n_obs_bina01 = 2241

 -- Profile Likelihood -- 
Limit: r < 2.74494 @ 95% CL
Done in 0.00 min (cpu), 0.00 min (real)
Generate toy 289/500
  1) RooRealVar:: n_obs_bina01 = 2169

 -- Profile Likelihood -- 
Limit: r < 2.03946 @ 95% CL
Done in 0.00 min (cpu), 0.00 min (real)
Generate toy 290/500
  1) RooRealVar:: n_obs_bina01 = 2062

 -- Profile Likelihood -- 
Limit: r < 1.18091 @ 95% CL
Done in 0.00 min (cpu), 0.00 min (real)
Generate toy 291/500
  1) RooRealVar:: n_obs_bina01 = 2147

 -- Profile Likelihood -- 
Limit: r < 1.82525 @ 95% CL
Done in 0.00 min (cpu), 0.00 min (real)
Generate toy 292/500
  1) RooRealVar:: n_obs_bina01 = 2163

 -- Profile Likelihood -- 
Limit: r < 1.9808 @ 95% CL
Done in 0.00 min (cpu), 0.00 min (real)
Generate toy 293/500
  1) RooRealVar:: n_obs_bina01 = 2220

 -- Profile Likelihood -- 
Limit: r < 2.53916 @ 95% CL
Done in 0.00 min (cpu), 0.00 min (real)
Generate toy 294/500
  1) RooRealVar:: n_obs_bina01 = 2194

 -- Profile Likelihood -- 
Limit: r < 2.28442 @ 95% CL
Done in 0.00 min (cpu), 0.00 min (real)
Generate toy 295/500
  1) RooRealVar:: n_obs_bina01 = 2225

 -- Profile Likelihood -- 
Limit: r < 2.58816 @ 95% CL
Done in 0.00 min (cpu), 0.00 min (real)
Generate toy 296/500
  1) RooRealVar:: n_obs_bina01 = 2366

 -- Profile Likelihood -- 
Limit: r < 3.96968 @ 95% CL
Done in 0.00 min (cpu), 0.00 min (real)
Generate toy 297/500
  1) RooRealVar:: n_obs_bina01 = 2247

 -- Profile Likelihood -- 
Limit: r < 2.80373 @ 95% CL
Done in 0.00 min (cpu), 0.00 min (real)
Generate toy 298/500
  1) RooRealVar:: n_obs_bina01 = 1969

 -- Profile Likelihood -- 
Limit: r < 0.770639 @ 95% CL
Done in 0.00 min (cpu), 0.00 min (real)
Generate toy 299/500
  1) RooRealVar:: n_obs_bina01 = 2406

 -- Profile Likelihood -- 
Limit: r < 4.36157 @ 95% CL
Done in 0.00 min (cpu), 0.00 min (real)
Generate toy 300/500
  1) RooRealVar:: n_obs_bina01 = 2012

 -- Profile Likelihood -- 
Limit: r < 0.930801 @ 95% CL
Done in 0.00 min (cpu), 0.00 min (real)
Generate toy 301/500
  1) RooRealVar:: n_obs_bina01 = 2203

 -- Profile Likelihood -- 
Limit: r < 2.37259 @ 95% CL
Done in 0.00 min (cpu), 0.00 min (real)
Generate toy 302/500
  1) RooRealVar:: n_obs_bina01 = 2136

 -- Profile Likelihood -- 
Limit: r < 1.72423 @ 95% CL
Done in 0.00 min (cpu), 0.00 min (real)
Generate toy 303/500
  1) RooRealVar:: n_obs_bina01 = 2316

 -- Profile Likelihood -- 
Limit: r < 3.47979 @ 95% CL
Done in 0.00 min (cpu), 0.00 min (real)
Generate toy 304/500
  1) RooRealVar:: n_obs_bina01 = 2103

 -- Profile Likelihood -- 
Limit: r < 1.45331 @ 95% CL
Done in 0.00 min (cpu), 0.00 min (real)
Generate toy 305/500
  1) RooRealVar:: n_obs_bina01 = 2191

 -- Profile Likelihood -- 
Limit: r < 2.25502 @ 95% CL
Done in 0.00 min (cpu), 0.00 min (real)
Generate toy 306/500
  1) RooRealVar:: n_obs_bina01 = 2110

 -- Profile Likelihood -- 
Limit: r < 1.50653 @ 95% CL
Done in 0.00 min (cpu), 0.00 min (real)
Generate toy 307/500
  1) RooRealVar:: n_obs_bina01 = 2158

 -- Profile Likelihood -- 
Limit: r < 1.93171 @ 95% CL
Done in 0.00 min (cpu), 0.00 min (real)
Generate toy 308/500
  1) RooRealVar:: n_obs_bina01 = 2133

 -- Profile Likelihood -- 
Limit: r < 1.6975 @ 95% CL
Done in 0.00 min (cpu), 0.00 min (real)
Generate toy 309/500
  1) RooRealVar:: n_obs_bina01 = 2093

 -- Profile Likelihood -- 
Limit: r < 1.38043 @ 95% CL
Done in 0.00 min (cpu), 0.00 min (real)
Generate toy 310/500
  1) RooRealVar:: n_obs_bina01 = 2332

 -- Profile Likelihood -- 
Limit: r < 3.63656 @ 95% CL
Done in 0.00 min (cpu), 0.00 min (real)
Generate toy 311/500
  1) RooRealVar:: n_obs_bina01 = 2170

 -- Profile Likelihood -- 
Limit: r < 2.04926 @ 95% CL
Done in 0.00 min (cpu), 0.00 min (real)
Generate toy 312/500
  1) RooRealVar:: n_obs_bina01 = 2133

 -- Profile Likelihood -- 
Limit: r < 1.6975 @ 95% CL
Done in 0.00 min (cpu), 0.00 min (real)
Generate toy 313/500
  1) RooRealVar:: n_obs_bina01 = 2042

 -- Profile Likelihood -- 
Limit: r < 1.07116 @ 95% CL
Done in 0.00 min (cpu), 0.00 min (real)
Generate toy 314/500
  1) RooRealVar:: n_obs_bina01 = 2181

 -- Profile Likelihood -- 
Limit: r < 2.15703 @ 95% CL
Done in 0.00 min (cpu), 0.00 min (real)
Generate toy 315/500
  1) RooRealVar:: n_obs_bina01 = 2034

 -- Profile Likelihood -- 
Limit: r < 1.03102 @ 95% CL
Done in 0.00 min (cpu), 0.00 min (real)
Generate toy 316/500
  1) RooRealVar:: n_obs_bina01 = 2305

 -- Profile Likelihood -- 
Limit: r < 3.37202 @ 95% CL
Done in 0.00 min (cpu), 0.00 min (real)
Generate toy 317/500
  1) RooRealVar:: n_obs_bina01 = 2454

 -- Profile Likelihood -- 
Limit: r < 4.83184 @ 95% CL
Done in 0.00 min (cpu), 0.00 min (real)
Generate toy 318/500
  1) RooRealVar:: n_obs_bina01 = 2150

 -- Profile Likelihood -- 
Limit: r < 1.85386 @ 95% CL
Done in 0.00 min (cpu), 0.00 min (real)
Generate toy 319/500
  1) RooRealVar:: n_obs_bina01 = 1875

 -- Profile Likelihood -- 
Limit: r < 0.536801 @ 95% CL
Done in 0.00 min (cpu), 0.00 min (real)
Generate toy 320/500
  1) RooRealVar:: n_obs_bina01 = 2062

 -- Profile Likelihood -- 
Limit: r < 1.18091 @ 95% CL
Done in 0.00 min (cpu), 0.00 min (real)
Generate toy 321/500
  1) RooRealVar:: n_obs_bina01 = 2037

 -- Profile Likelihood -- 
Limit: r < 1.04584 @ 95% CL
Done in 0.00 min (cpu), 0.00 min (real)
Generate toy 322/500
  1) RooRealVar:: n_obs_bina01 = 2317

 -- Profile Likelihood -- 
Limit: r < 3.48959 @ 95% CL
Done in 0.00 min (cpu), 0.00 min (real)
Generate toy 323/500
  1) RooRealVar:: n_obs_bina01 = 2098

 -- Profile Likelihood -- 
Limit: r < 1.41625 @ 95% CL
Done in 0.00 min (cpu), 0.00 min (real)
Generate toy 324/500
  1) RooRealVar:: n_obs_bina01 = 2120

 -- Profile Likelihood -- 
Limit: r < 1.58662 @ 95% CL
Done in 0.00 min (cpu), 0.00 min (real)
Generate toy 325/500
  1) RooRealVar:: n_obs_bina01 = 2279

 -- Profile Likelihood -- 
Limit: r < 3.11713 @ 95% CL
Done in 0.00 min (cpu), 0.00 min (real)
Generate toy 326/500
  1) RooRealVar:: n_obs_bina01 = 1944

 -- Profile Likelihood -- 
Limit: r < 0.695409 @ 95% CL
Done in 0.00 min (cpu), 0.00 min (real)
Generate toy 327/500
  1) RooRealVar:: n_obs_bina01 = 2235

 -- Profile Likelihood -- 
Limit: r < 2.68615 @ 95% CL
Done in 0.00 min (cpu), 0.00 min (real)
Generate toy 328/500
  1) RooRealVar:: n_obs_bina01 = 2304

 -- Profile Likelihood -- 
Limit: r < 3.36222 @ 95% CL
Done in 0.00 min (cpu), 0.00 min (real)
Generate toy 329/500
  1) RooRealVar:: n_obs_bina01 = 2267

 -- Profile Likelihood -- 
Limit: r < 2.99971 @ 95% CL
Done in 0.00 min (cpu), 0.00 min (real)
Generate toy 330/500
  1) RooRealVar:: n_obs_bina01 = 1990

 -- Profile Likelihood -- 
Limit: r < 0.843435 @ 95% CL
Done in 0.00 min (cpu), 0.00 min (real)
Generate toy 331/500
  1) RooRealVar:: n_obs_bina01 = 2104

 -- Profile Likelihood -- 
Limit: r < 1.46059 @ 95% CL
Done in 0.00 min (cpu), 0.00 min (real)
Generate toy 332/500
  1) RooRealVar:: n_obs_bina01 = 2280

 -- Profile Likelihood -- 
Limit: r < 3.12691 @ 95% CL
Done in 0.00 min (cpu), 0.00 min (real)
Generate toy 333/500
  1) RooRealVar:: n_obs_bina01 = 2238

 -- Profile Likelihood -- 
Limit: r < 2.71554 @ 95% CL
Done in 0.00 min (cpu), 0.00 min (real)
Generate toy 334/500
  1) RooRealVar:: n_obs_bina01 = 2073

 -- Profile Likelihood -- 
Limit: r < 1.24741 @ 95% CL
Done in 0.00 min (cpu), 0.00 min (real)
Generate toy 335/500
  1) RooRealVar:: n_obs_bina01 = 2067

 -- Profile Likelihood -- 
Limit: r < 1.21057 @ 95% CL
Done in 0.00 min (cpu), 0.00 min (real)
Generate toy 336/500
  1) RooRealVar:: n_obs_bina01 = 2141

 -- Profile Likelihood -- 
Limit: r < 1.76934 @ 95% CL
Done in 0.00 min (cpu), 0.00 min (real)
Generate toy 337/500
  1) RooRealVar:: n_obs_bina01 = 2008

 -- Profile Likelihood -- 
Limit: r < 0.913992 @ 95% CL
Done in 0.00 min (cpu), 0.00 min (real)
Generate toy 338/500
  1) RooRealVar:: n_obs_bina01 = 2050

 -- Profile Likelihood -- 
Limit: r < 1.1134 @ 95% CL
Done in 0.00 min (cpu), 0.00 min (real)
Generate toy 339/500
  1) RooRealVar:: n_obs_bina01 = 2224

 -- Profile Likelihood -- 
Limit: r < 2.57836 @ 95% CL
Done in 0.00 min (cpu), 0.00 min (real)
Generate toy 340/500
  1) RooRealVar:: n_obs_bina01 = 2018

 -- Profile Likelihood -- 
Limit: r < 0.956633 @ 95% CL
Done in 0.00 min (cpu), 0.00 min (real)
Generate toy 341/500
  1) RooRealVar:: n_obs_bina01 = 2090

 -- Profile Likelihood -- 
Limit: r < 1.35944 @ 95% CL
Done in 0.00 min (cpu), 0.00 min (real)
Generate toy 342/500
  1) RooRealVar:: n_obs_bina01 = 2102

 -- Profile Likelihood -- 
Limit: r < 1.44579 @ 95% CL
Done in 0.00 min (cpu), 0.00 min (real)
Generate toy 343/500
  1) RooRealVar:: n_obs_bina01 = 2195

 -- Profile Likelihood -- 
Limit: r < 2.29421 @ 95% CL
Done in 0.00 min (cpu), 0.00 min (real)
Generate toy 344/500
  1) RooRealVar:: n_obs_bina01 = 2177

 -- Profile Likelihood -- 
Limit: r < 2.11788 @ 95% CL
Done in 0.00 min (cpu), 0.00 min (real)
Generate toy 345/500
  1) RooRealVar:: n_obs_bina01 = 2127

 -- Profile Likelihood -- 
Limit: r < 1.64535 @ 95% CL
Done in 0.00 min (cpu), 0.00 min (real)
Generate toy 346/500
  1) RooRealVar:: n_obs_bina01 = 2147

 -- Profile Likelihood -- 
Limit: r < 1.82525 @ 95% CL
Done in 0.00 min (cpu), 0.00 min (real)
Generate toy 347/500
  1) RooRealVar:: n_obs_bina01 = 2032

 -- Profile Likelihood -- 
Limit: r < 1.0213 @ 95% CL
Done in 0.00 min (cpu), 0.00 min (real)
Generate toy 348/500
  1) RooRealVar:: n_obs_bina01 = 2312

 -- Profile Likelihood -- 
Limit: r < 3.4406 @ 95% CL
Done in 0.00 min (cpu), 0.00 min (real)
Generate toy 349/500
  1) RooRealVar:: n_obs_bina01 = 2247

 -- Profile Likelihood -- 
Limit: r < 2.80373 @ 95% CL
Done in 0.00 min (cpu), 0.00 min (real)
Generate toy 350/500
  1) RooRealVar:: n_obs_bina01 = 2423

 -- Profile Likelihood -- 
Limit: r < 4.52813 @ 95% CL
Done in 0.00 min (cpu), 0.00 min (real)
Generate toy 351/500
  1) RooRealVar:: n_obs_bina01 = 2140

 -- Profile Likelihood -- 
Limit: r < 1.76018 @ 95% CL
Done in 0.00 min (cpu), 0.00 min (real)
Generate toy 352/500
  1) RooRealVar:: n_obs_bina01 = 2353

 -- Profile Likelihood -- 
Limit: r < 3.84231 @ 95% CL
Done in 0.00 min (cpu), 0.00 min (real)
Generate toy 353/500
  1) RooRealVar:: n_obs_bina01 = 2123

 -- Profile Likelihood -- 
Limit: r < 1.61152 @ 95% CL
Done in 0.00 min (cpu), 0.00 min (real)
Generate toy 354/500
  1) RooRealVar:: n_obs_bina01 = 2263

 -- Profile Likelihood -- 
Limit: r < 2.96058 @ 95% CL
Done in 0.00 min (cpu), 0.00 min (real)
Generate toy 355/500
  1) RooRealVar:: n_obs_bina01 = 2082

 -- Profile Likelihood -- 
Limit: r < 1.30528 @ 95% CL
Done in 0.00 min (cpu), 0.00 min (real)
Generate toy 356/500
  1) RooRealVar:: n_obs_bina01 = 2140

 -- Profile Likelihood -- 
Limit: r < 1.76018 @ 95% CL
Done in 0.00 min (cpu), 0.00 min (real)
Generate toy 357/500
  1) RooRealVar:: n_obs_bina01 = 2064

 -- Profile Likelihood -- 
Limit: r < 1.19266 @ 95% CL
Done in 0.00 min (cpu), 0.00 min (real)
Generate toy 358/500
  1) RooRealVar:: n_obs_bina01 = 2220

 -- Profile Likelihood -- 
Limit: r < 2.53916 @ 95% CL
Done in 0.00 min (cpu), 0.00 min (real)
Generate toy 359/500
  1) RooRealVar:: n_obs_bina01 = 2160

 -- Profile Likelihood -- 
Limit: r < 1.95127 @ 95% CL
Done in 0.00 min (cpu), 0.00 min (real)
Generate toy 360/500
  1) RooRealVar:: n_obs_bina01 = 1976

 -- Profile Likelihood -- 
Limit: r < 0.793853 @ 95% CL
Done in 0.00 min (cpu), 0.00 min (real)
Generate toy 361/500
  1) RooRealVar:: n_obs_bina01 = 2194

 -- Profile Likelihood -- 
Limit: r < 2.28442 @ 95% CL
Done in 0.00 min (cpu), 0.00 min (real)
Generate toy 362/500
  1) RooRealVar:: n_obs_bina01 = 2064

 -- Profile Likelihood -- 
Limit: r < 1.19266 @ 95% CL
Done in 0.00 min (cpu), 0.00 min (real)
Generate toy 363/500
  1) RooRealVar:: n_obs_bina01 = 2313

 -- Profile Likelihood -- 
Limit: r < 3.4504 @ 95% CL
Done in 0.00 min (cpu), 0.00 min (real)
Generate toy 364/500
  1) RooRealVar:: n_obs_bina01 = 2156

 -- Profile Likelihood -- 
Limit: r < 1.91209 @ 95% CL
Done in 0.00 min (cpu), 0.00 min (real)
Generate toy 365/500
  1) RooRealVar:: n_obs_bina01 = 2059

 -- Profile Likelihood -- 
Limit: r < 1.16355 @ 95% CL
Done in 0.00 min (cpu), 0.00 min (real)
Generate toy 366/500
  1) RooRealVar:: n_obs_bina01 = 1941

 -- Profile Likelihood -- 
Limit: r < 0.68712 @ 95% CL
Done in 0.00 min (cpu), 0.00 min (real)
Generate toy 367/500
  1) RooRealVar:: n_obs_bina01 = 2132

 -- Profile Likelihood -- 
Limit: r < 1.68869 @ 95% CL
Done in 0.00 min (cpu), 0.00 min (real)
Generate toy 368/500
  1) RooRealVar:: n_obs_bina01 = 2061

 -- Profile Likelihood -- 
Limit: r < 1.17509 @ 95% CL
Done in 0.00 min (cpu), 0.00 min (real)
Generate toy 369/500
  1) RooRealVar:: n_obs_bina01 = 2104

 -- Profile Likelihood -- 
Limit: r < 1.46059 @ 95% CL
Done in 0.00 min (cpu), 0.00 min (real)
Generate toy 370/500
  1) RooRealVar:: n_obs_bina01 = 2346

 -- Profile Likelihood -- 
Limit: r < 3.77372 @ 95% CL
Done in 0.00 min (cpu), 0.00 min (real)
Generate toy 371/500
  1) RooRealVar:: n_obs_bina01 = 2156

 -- Profile Likelihood -- 
Limit: r < 1.91209 @ 95% CL
Done in 0.00 min (cpu), 0.00 min (real)
Generate toy 372/500
  1) RooRealVar:: n_obs_bina01 = 2180

 -- Profile Likelihood -- 
Limit: r < 2.14724 @ 95% CL
Done in 0.00 min (cpu), 0.00 min (real)
Generate toy 373/500
  1) RooRealVar:: n_obs_bina01 = 2203

 -- Profile Likelihood -- 
Limit: r < 2.37259 @ 95% CL
Done in 0.00 min (cpu), 0.00 min (real)
Generate toy 374/500
  1) RooRealVar:: n_obs_bina01 = 2091

 -- Profile Likelihood -- 
Limit: r < 1.36639 @ 95% CL
Done in 0.00 min (cpu), 0.00 min (real)
Generate toy 375/500
  1) RooRealVar:: n_obs_bina01 = 2069

 -- Profile Likelihood -- 
Limit: r < 1.2227 @ 95% CL
Done in 0.00 min (cpu), 0.00 min (real)
Generate toy 376/500
  1) RooRealVar:: n_obs_bina01 = 2030

 -- Profile Likelihood -- 
Limit: r < 1.01171 @ 95% CL
Done in 0.00 min (cpu), 0.00 min (real)
Generate toy 377/500
  1) RooRealVar:: n_obs_bina01 = 2128

 -- Profile Likelihood -- 
Limit: r < 1.65392 @ 95% CL
Done in 0.00 min (cpu), 0.00 min (real)
Generate toy 378/500
  1) RooRealVar:: n_obs_bina01 = 2003

 -- Profile Likelihood -- 
Limit: r < 0.893566 @ 95% CL
Done in 0.00 min (cpu), 0.00 min (real)
Generate toy 379/500
  1) RooRealVar:: n_obs_bina01 = 2274

 -- Profile Likelihood -- 
Limit: r < 3.0682 @ 95% CL
Done in 0.00 min (cpu), 0.00 min (real)
Generate toy 380/500
  1) RooRealVar:: n_obs_bina01 = 2108

 -- Profile Likelihood -- 
Limit: r < 1.49104 @ 95% CL
Done in 0.00 min (cpu), 0.00 min (real)
Generate toy 381/500
  1) RooRealVar:: n_obs_bina01 = 2233

 -- Profile Likelihood -- 
Limit: r < 2.66655 @ 95% CL
Done in 0.00 min (cpu), 0.00 min (real)
Generate toy 382/500
  1) RooRealVar:: n_obs_bina01 = 2034

 -- Profile Likelihood -- 
Limit: r < 1.03102 @ 95% CL
Done in 0.00 min (cpu), 0.00 min (real)
Generate toy 383/500
  1) RooRealVar:: n_obs_bina01 = 2235

 -- Profile Likelihood -- 
Limit: r < 2.68615 @ 95% CL
Done in 0.00 min (cpu), 0.00 min (real)
Generate toy 384/500
  1) RooRealVar:: n_obs_bina01 = 2250

 -- Profile Likelihood -- 
Limit: r < 2.83312 @ 95% CL
Done in 0.00 min (cpu), 0.00 min (real)
Generate toy 385/500
  1) RooRealVar:: n_obs_bina01 = 2249

 -- Profile Likelihood -- 
Limit: r < 2.82333 @ 95% CL
Done in 0.00 min (cpu), 0.00 min (real)
Generate toy 386/500
  1) RooRealVar:: n_obs_bina01 = 2090

 -- Profile Likelihood -- 
Limit: r < 1.35944 @ 95% CL
Done in 0.00 min (cpu), 0.00 min (real)
Generate toy 387/500
  1) RooRealVar:: n_obs_bina01 = 2268

 -- Profile Likelihood -- 
Limit: r < 3.00949 @ 95% CL
Done in 0.00 min (cpu), 0.00 min (real)
Generate toy 388/500
  1) RooRealVar:: n_obs_bina01 = 2387

 -- Profile Likelihood -- 
Limit: r < 4.17542 @ 95% CL
Done in 0.00 min (cpu), 0.00 min (real)
Generate toy 389/500
  1) RooRealVar:: n_obs_bina01 = 2137

 -- Profile Likelihood -- 
Limit: r < 1.73299 @ 95% CL
Done in 0.00 min (cpu), 0.00 min (real)
Generate toy 390/500
  1) RooRealVar:: n_obs_bina01 = 2188

 -- Profile Likelihood -- 
Limit: r < 2.22562 @ 95% CL
Done in 0.00 min (cpu), 0.00 min (real)
Generate toy 391/500
  1) RooRealVar:: n_obs_bina01 = 2183

 -- Profile Likelihood -- 
Limit: r < 2.17663 @ 95% CL
Done in 0.00 min (cpu), 0.00 min (real)
Generate toy 392/500
  1) RooRealVar:: n_obs_bina01 = 2286

 -- Profile Likelihood -- 
Limit: r < 3.18563 @ 95% CL
Done in 0.00 min (cpu), 0.00 min (real)
Generate toy 393/500
  1) RooRealVar:: n_obs_bina01 = 2259

 -- Profile Likelihood -- 
Limit: r < 2.92145 @ 95% CL
Done in 0.00 min (cpu), 0.00 min (real)
Generate toy 394/500
  1) RooRealVar:: n_obs_bina01 = 2258

 -- Profile Likelihood -- 
Limit: r < 2.91167 @ 95% CL
Done in 0.00 min (cpu), 0.00 min (real)
Generate toy 395/500
  1) RooRealVar:: n_obs_bina01 = 2246

 -- Profile Likelihood -- 
Limit: r < 2.79393 @ 95% CL
Done in 0.00 min (cpu), 0.00 min (real)
Generate toy 396/500
  1) RooRealVar:: n_obs_bina01 = 1987

 -- Profile Likelihood -- 
Limit: r < 0.83244 @ 95% CL
Done in 0.00 min (cpu), 0.00 min (real)
Generate toy 397/500
  1) RooRealVar:: n_obs_bina01 = 2090

 -- Profile Likelihood -- 
Limit: r < 1.35944 @ 95% CL
Done in 0.00 min (cpu), 0.00 min (real)
Generate toy 398/500
  1) RooRealVar:: n_obs_bina01 = 2229

 -- Profile Likelihood -- 
Limit: r < 2.62735 @ 95% CL
Done in 0.00 min (cpu), 0.00 min (real)
Generate toy 399/500
  1) RooRealVar:: n_obs_bina01 = 2122

 -- Profile Likelihood -- 
Limit: r < 1.60317 @ 95% CL
Done in 0.00 min (cpu), 0.00 min (real)
Generate toy 400/500
  1) RooRealVar:: n_obs_bina01 = 2078

 -- Profile Likelihood -- 
Limit: r < 1.27916 @ 95% CL
Done in 0.00 min (cpu), 0.00 min (real)
Generate toy 401/500
  1) RooRealVar:: n_obs_bina01 = 2314

 -- Profile Likelihood -- 
Limit: r < 3.4602 @ 95% CL
Done in 0.00 min (cpu), 0.00 min (real)
Generate toy 402/500
  1) RooRealVar:: n_obs_bina01 = 2066

 -- Profile Likelihood -- 
Limit: r < 1.20456 @ 95% CL
Done in 0.00 min (cpu), 0.00 min (real)
Generate toy 403/500
  1) RooRealVar:: n_obs_bina01 = 2142

 -- Profile Likelihood -- 
Limit: r < 1.77854 @ 95% CL
Done in 0.00 min (cpu), 0.00 min (real)
Generate toy 404/500
  1) RooRealVar:: n_obs_bina01 = 1975

 -- Profile Likelihood -- 
Limit: r < 0.790474 @ 95% CL
Done in 0.00 min (cpu), 0.00 min (real)
Generate toy 405/500
  1) RooRealVar:: n_obs_bina01 = 2021

 -- Profile Likelihood -- 
Limit: r < 0.970008 @ 95% CL
Done in 0.00 min (cpu), 0.00 min (real)
Generate toy 406/500
  1) RooRealVar:: n_obs_bina01 = 2185

 -- Profile Likelihood -- 
Limit: r < 2.19623 @ 95% CL
Done in 0.00 min (cpu), 0.00 min (real)
Generate toy 407/500
  1) RooRealVar:: n_obs_bina01 = 2198

 -- Profile Likelihood -- 
Limit: r < 2.32302 @ 95% CL
Done in 0.00 min (cpu), 0.00 min (real)
Generate toy 408/500
  1) RooRealVar:: n_obs_bina01 = 2513

 -- Profile Likelihood -- 
Limit: r < 5.40985 @ 95% CL
Done in 0.00 min (cpu), 0.00 min (real)
Generate toy 409/500
  1) RooRealVar:: n_obs_bina01 = 2179

 -- Profile Likelihood -- 
Limit: r < 2.1345 @ 95% CL
Done in 0.00 min (cpu), 0.00 min (real)
Generate toy 410/500
  1) RooRealVar:: n_obs_bina01 = 2229

 -- Profile Likelihood -- 
Limit: r < 2.62735 @ 95% CL
Done in 0.00 min (cpu), 0.00 min (real)
Generate toy 411/500
  1) RooRealVar:: n_obs_bina01 = 2214

 -- Profile Likelihood -- 
Limit: r < 2.48036 @ 95% CL
Done in 0.00 min (cpu), 0.00 min (real)
Generate toy 412/500
  1) RooRealVar:: n_obs_bina01 = 2139

 -- Profile Likelihood -- 
Limit: r < 1.75107 @ 95% CL
Done in 0.00 min (cpu), 0.00 min (real)
Generate toy 413/500
  1) RooRealVar:: n_obs_bina01 = 2077

 -- Profile Likelihood -- 
Limit: r < 1.27273 @ 95% CL
Done in 0.00 min (cpu), 0.00 min (real)
Generate toy 414/500
  1) RooRealVar:: n_obs_bina01 = 2362

 -- Profile Likelihood -- 
Limit: r < 3.93049 @ 95% CL
Done in 0.00 min (cpu), 0.00 min (real)
Generate toy 415/500
  1) RooRealVar:: n_obs_bina01 = 2497

 -- Profile Likelihood -- 
Limit: r < 5.2531 @ 95% CL
Done in 0.00 min (cpu), 0.00 min (real)
Generate toy 416/500
  1) RooRealVar:: n_obs_bina01 = 2034

 -- Profile Likelihood -- 
Limit: r < 1.03102 @ 95% CL
Done in 0.00 min (cpu), 0.00 min (real)
Generate toy 417/500
  1) RooRealVar:: n_obs_bina01 = 2104

 -- Profile Likelihood -- 
Limit: r < 1.46059 @ 95% CL
Done in 0.00 min (cpu), 0.00 min (real)
Generate toy 418/500
  1) RooRealVar:: n_obs_bina01 = 2054

 -- Profile Likelihood -- 
Limit: r < 1.13534 @ 95% CL
Done in 0.00 min (cpu), 0.00 min (real)
Generate toy 419/500
  1) RooRealVar:: n_obs_bina01 = 2237

 -- Profile Likelihood -- 
Limit: r < 2.70574 @ 95% CL
Done in 0.00 min (cpu), 0.00 min (real)
Generate toy 420/500
  1) RooRealVar:: n_obs_bina01 = 2084

 -- Profile Likelihood -- 
Limit: r < 1.31857 @ 95% CL
Done in 0.00 min (cpu), 0.00 min (real)
Generate toy 421/500
  1) RooRealVar:: n_obs_bina01 = 2314

 -- Profile Likelihood -- 
Limit: r < 3.4602 @ 95% CL
Done in 0.00 min (cpu), 0.00 min (real)
Generate toy 422/500
  1) RooRealVar:: n_obs_bina01 = 2048

 -- Profile Likelihood -- 
Limit: r < 1.10264 @ 95% CL
Done in 0.00 min (cpu), 0.00 min (real)
Generate toy 423/500
  1) RooRealVar:: n_obs_bina01 = 1944

 -- Profile Likelihood -- 
Limit: r < 0.695409 @ 95% CL
Done in 0.00 min (cpu), 0.00 min (real)
Generate toy 424/500
  1) RooRealVar:: n_obs_bina01 = 2193

 -- Profile Likelihood -- 
Limit: r < 2.27462 @ 95% CL
Done in 0.00 min (cpu), 0.00 min (real)
Generate toy 425/500
  1) RooRealVar:: n_obs_bina01 = 2273

 -- Profile Likelihood -- 
Limit: r < 3.05841 @ 95% CL
Done in 0.00 min (cpu), 0.00 min (real)
Generate toy 426/500
  1) RooRealVar:: n_obs_bina01 = 2171

 -- Profile Likelihood -- 
Limit: r < 2.05905 @ 95% CL
Done in 0.00 min (cpu), 0.00 min (real)
Generate toy 427/500
  1) RooRealVar:: n_obs_bina01 = 2349

 -- Profile Likelihood -- 
Limit: r < 3.80312 @ 95% CL
Done in 0.00 min (cpu), 0.00 min (real)
Generate toy 428/500
  1) RooRealVar:: n_obs_bina01 = 2284

 -- Profile Likelihood -- 
Limit: r < 3.16606 @ 95% CL
Done in 0.00 min (cpu), 0.00 min (real)
Generate toy 429/500
  1) RooRealVar:: n_obs_bina01 = 2161

 -- Profile Likelihood -- 
Limit: r < 1.96106 @ 95% CL
Done in 0.00 min (cpu), 0.00 min (real)
Generate toy 430/500
  1) RooRealVar:: n_obs_bina01 = 2167

 -- Profile Likelihood -- 
Limit: r < 2.01987 @ 95% CL
Done in 0.00 min (cpu), 0.00 min (real)
Generate toy 431/500
  1) RooRealVar:: n_obs_bina01 = 2229

 -- Profile Likelihood -- 
Limit: r < 2.62735 @ 95% CL
Done in 0.00 min (cpu), 0.00 min (real)
Generate toy 432/500
  1) RooRealVar:: n_obs_bina01 = 2344

 -- Profile Likelihood -- 
Limit: r < 3.75413 @ 95% CL
Done in 0.00 min (cpu), 0.00 min (real)
Generate toy 433/500
  1) RooRealVar:: n_obs_bina01 = 2155

 -- Profile Likelihood -- 
Limit: r < 1.90235 @ 95% CL
Done in 0.00 min (cpu), 0.00 min (real)
Generate toy 434/500
  1) RooRealVar:: n_obs_bina01 = 2262

 -- Profile Likelihood -- 
Limit: r < 2.95079 @ 95% CL
Done in 0.00 min (cpu), 0.00 min (real)
Generate toy 435/500
  1) RooRealVar:: n_obs_bina01 = 2053

 -- Profile Likelihood -- 
Limit: r < 1.1298 @ 95% CL
Done in 0.00 min (cpu), 0.00 min (real)
Generate toy 436/500
  1) RooRealVar:: n_obs_bina01 = 2258

 -- Profile Likelihood -- 
Limit: r < 2.91167 @ 95% CL
Done in 0.00 min (cpu), 0.00 min (real)
Generate toy 437/500
  1) RooRealVar:: n_obs_bina01 = 2132

 -- Profile Likelihood -- 
Limit: r < 1.68869 @ 95% CL
Done in 0.00 min (cpu), 0.00 min (real)
Generate toy 438/500
  1) RooRealVar:: n_obs_bina01 = 2240

 -- Profile Likelihood -- 
Limit: r < 2.73514 @ 95% CL
Done in 0.00 min (cpu), 0.00 min (real)
Generate toy 439/500
  1) RooRealVar:: n_obs_bina01 = 2170

 -- Profile Likelihood -- 
Limit: r < 2.04926 @ 95% CL
Done in 0.00 min (cpu), 0.00 min (real)
Generate toy 440/500
  1) RooRealVar:: n_obs_bina01 = 2235

 -- Profile Likelihood -- 
Limit: r < 2.68615 @ 95% CL
Done in 0.00 min (cpu), 0.00 min (real)
Generate toy 441/500
  1) RooRealVar:: n_obs_bina01 = 2185

 -- Profile Likelihood -- 
Limit: r < 2.19623 @ 95% CL
Done in 0.00 min (cpu), 0.00 min (real)
Generate toy 442/500
  1) RooRealVar:: n_obs_bina01 = 2269

 -- Profile Likelihood -- 
Limit: r < 3.01928 @ 95% CL
Done in 0.00 min (cpu), 0.00 min (real)
Generate toy 443/500
  1) RooRealVar:: n_obs_bina01 = 2152

 -- Profile Likelihood -- 
Limit: r < 1.87308 @ 95% CL
Done in 0.00 min (cpu), 0.00 min (real)
Generate toy 444/500
  1) RooRealVar:: n_obs_bina01 = 2131

 -- Profile Likelihood -- 
Limit: r < 1.67992 @ 95% CL
Done in 0.00 min (cpu), 0.00 min (real)
Generate toy 445/500
  1) RooRealVar:: n_obs_bina01 = 2105

 -- Profile Likelihood -- 
Limit: r < 1.46813 @ 95% CL
Done in 0.00 min (cpu), 0.00 min (real)
Generate toy 446/500
  1) RooRealVar:: n_obs_bina01 = 1942

 -- Profile Likelihood -- 
Limit: r < 0.689867 @ 95% CL
Done in 0.00 min (cpu), 0.00 min (real)
Generate toy 447/500
  1) RooRealVar:: n_obs_bina01 = 2222

 -- Profile Likelihood -- 
Limit: r < 2.55876 @ 95% CL
Done in 0.00 min (cpu), 0.00 min (real)
Generate toy 448/500
  1) RooRealVar:: n_obs_bina01 = 2218

 -- Profile Likelihood -- 
Limit: r < 2.51956 @ 95% CL
Done in 0.00 min (cpu), 0.00 min (real)
Generate toy 449/500
  1) RooRealVar:: n_obs_bina01 = 2045

 -- Profile Likelihood -- 
Limit: r < 1.08675 @ 95% CL
Done in 0.00 min (cpu), 0.00 min (real)
Generate toy 450/500
  1) RooRealVar:: n_obs_bina01 = 2300

 -- Profile Likelihood -- 
Limit: r < 3.32303 @ 95% CL
Done in 0.00 min (cpu), 0.00 min (real)
Generate toy 451/500
  1) RooRealVar:: n_obs_bina01 = 2094

 -- Profile Likelihood -- 
Limit: r < 1.38751 @ 95% CL
Done in 0.00 min (cpu), 0.00 min (real)
Generate toy 452/500
  1) RooRealVar:: n_obs_bina01 = 2196

 -- Profile Likelihood -- 
Limit: r < 2.30401 @ 95% CL
Done in 0.00 min (cpu), 0.00 min (real)
Generate toy 453/500
  1) RooRealVar:: n_obs_bina01 = 2082

 -- Profile Likelihood -- 
Limit: r < 1.30528 @ 95% CL
Done in 0.00 min (cpu), 0.00 min (real)
Generate toy 454/500
  1) RooRealVar:: n_obs_bina01 = 2151

 -- Profile Likelihood -- 
Limit: r < 1.86348 @ 95% CL
Done in 0.00 min (cpu), 0.00 min (real)
Generate toy 455/500
  1) RooRealVar:: n_obs_bina01 = 2173

 -- Profile Likelihood -- 
Limit: r < 2.07865 @ 95% CL
Done in 0.00 min (cpu), 0.00 min (real)
Generate toy 456/500
  1) RooRealVar:: n_obs_bina01 = 2145

 -- Profile Likelihood -- 
Limit: r < 1.80642 @ 95% CL
Done in 0.00 min (cpu), 0.00 min (real)
Generate toy 457/500
  1) RooRealVar:: n_obs_bina01 = 2094

 -- Profile Likelihood -- 
Limit: r < 1.38751 @ 95% CL
Done in 0.00 min (cpu), 0.00 min (real)
Generate toy 458/500
  1) RooRealVar:: n_obs_bina01 = 2072

 -- Profile Likelihood -- 
Limit: r < 1.24117 @ 95% CL
Done in 0.00 min (cpu), 0.00 min (real)
Generate toy 459/500
  1) RooRealVar:: n_obs_bina01 = 2117

 -- Profile Likelihood -- 
Limit: r < 1.56213 @ 95% CL
Done in 0.00 min (cpu), 0.00 min (real)
Generate toy 460/500
  1) RooRealVar:: n_obs_bina01 = 2116

 -- Profile Likelihood -- 
Limit: r < 1.55405 @ 95% CL
Done in 0.00 min (cpu), 0.00 min (real)
Generate toy 461/500
  1) RooRealVar:: n_obs_bina01 = 2075

 -- Profile Likelihood -- 
Limit: r < 1.25999 @ 95% CL
Done in 0.00 min (cpu), 0.00 min (real)
Generate toy 462/500
  1) RooRealVar:: n_obs_bina01 = 2160

 -- Profile Likelihood -- 
Limit: r < 1.95127 @ 95% CL
Done in 0.00 min (cpu), 0.00 min (real)
Generate toy 463/500
  1) RooRealVar:: n_obs_bina01 = 2196

 -- Profile Likelihood -- 
Limit: r < 2.30401 @ 95% CL
Done in 0.00 min (cpu), 0.00 min (real)
Generate toy 464/500
  1) RooRealVar:: n_obs_bina01 = 2222

 -- Profile Likelihood -- 
Limit: r < 2.55876 @ 95% CL
Done in 0.00 min (cpu), 0.00 min (real)
Generate toy 465/500
  1) RooRealVar:: n_obs_bina01 = 1936

 -- Profile Likelihood -- 
Limit: r < 0.673631 @ 95% CL
Done in 0.00 min (cpu), 0.00 min (real)
Generate toy 466/500
  1) RooRealVar:: n_obs_bina01 = 2189

 -- Profile Likelihood -- 
Limit: r < 2.23542 @ 95% CL
Done in 0.00 min (cpu), 0.00 min (real)
Generate toy 467/500
  1) RooRealVar:: n_obs_bina01 = 1912

 -- Profile Likelihood -- 
Limit: r < 0.614106 @ 95% CL
Done in 0.00 min (cpu), 0.00 min (real)
Generate toy 468/500
  1) RooRealVar:: n_obs_bina01 = 2129

 -- Profile Likelihood -- 
Limit: r < 1.66254 @ 95% CL
Done in 0.00 min (cpu), 0.00 min (real)
Generate toy 469/500
  1) RooRealVar:: n_obs_bina01 = 2068

 -- Profile Likelihood -- 
Limit: r < 1.21662 @ 95% CL
Done in 0.00 min (cpu), 0.00 min (real)
Generate toy 470/500
  1) RooRealVar:: n_obs_bina01 = 2122

 -- Profile Likelihood -- 
Limit: r < 1.60317 @ 95% CL
Done in 0.00 min (cpu), 0.00 min (real)
Generate toy 471/500
  1) RooRealVar:: n_obs_bina01 = 2140

 -- Profile Likelihood -- 
Limit: r < 1.76018 @ 95% CL
Done in 0.00 min (cpu), 0.00 min (real)
Generate toy 472/500
  1) RooRealVar:: n_obs_bina01 = 2118

 -- Profile Likelihood -- 
Limit: r < 1.57025 @ 95% CL
Done in 0.00 min (cpu), 0.00 min (real)
Generate toy 473/500
  1) RooRealVar:: n_obs_bina01 = 1996

 -- Profile Likelihood -- 
Limit: r < 0.866059 @ 95% CL
Done in 0.00 min (cpu), 0.00 min (real)
Generate toy 474/500
  1) RooRealVar:: n_obs_bina01 = 2186

 -- Profile Likelihood -- 
Limit: r < 2.20603 @ 95% CL
Done in 0.00 min (cpu), 0.00 min (real)
Generate toy 475/500
  1) RooRealVar:: n_obs_bina01 = 2112

 -- Profile Likelihood -- 
Limit: r < 1.5222 @ 95% CL
Done in 0.00 min (cpu), 0.00 min (real)
Generate toy 476/500
  1) RooRealVar:: n_obs_bina01 = 2123

 -- Profile Likelihood -- 
Limit: r < 1.61152 @ 95% CL
Done in 0.00 min (cpu), 0.00 min (real)
Generate toy 477/500
  1) RooRealVar:: n_obs_bina01 = 2169

 -- Profile Likelihood -- 
Limit: r < 2.03946 @ 95% CL
Done in 0.00 min (cpu), 0.00 min (real)
Generate toy 478/500
  1) RooRealVar:: n_obs_bina01 = 2270

 -- Profile Likelihood -- 
Limit: r < 3.02906 @ 95% CL
Done in 0.00 min (cpu), 0.00 min (real)
Generate toy 479/500
  1) RooRealVar:: n_obs_bina01 = 2298

 -- Profile Likelihood -- 
Limit: r < 3.30343 @ 95% CL
Done in 0.00 min (cpu), 0.00 min (real)
Generate toy 480/500
  1) RooRealVar:: n_obs_bina01 = 2206

 -- Profile Likelihood -- 
Limit: r < 2.40196 @ 95% CL
Done in 0.00 min (cpu), 0.00 min (real)
Generate toy 481/500
  1) RooRealVar:: n_obs_bina01 = 2091

 -- Profile Likelihood -- 
Limit: r < 1.36639 @ 95% CL
Done in 0.00 min (cpu), 0.00 min (real)
Generate toy 482/500
  1) RooRealVar:: n_obs_bina01 = 2174

 -- Profile Likelihood -- 
Limit: r < 2.08845 @ 95% CL
Done in 0.00 min (cpu), 0.00 min (real)
Generate toy 483/500
  1) RooRealVar:: n_obs_bina01 = 2135

 -- Profile Likelihood -- 
Limit: r < 1.71527 @ 95% CL
Done in 0.00 min (cpu), 0.00 min (real)
Generate toy 484/500
  1) RooRealVar:: n_obs_bina01 = 2351

 -- Profile Likelihood -- 
Limit: r < 3.82271 @ 95% CL
Done in 0.00 min (cpu), 0.00 min (real)
Generate toy 485/500
  1) RooRealVar:: n_obs_bina01 = 2070

 -- Profile Likelihood -- 
Limit: r < 1.22882 @ 95% CL
Done in 0.00 min (cpu), 0.00 min (real)
Generate toy 486/500
  1) RooRealVar:: n_obs_bina01 = 2029

 -- Profile Likelihood -- 
Limit: r < 1.00695 @ 95% CL
Done in 0.00 min (cpu), 0.00 min (real)
Generate toy 487/500
  1) RooRealVar:: n_obs_bina01 = 2053

 -- Profile Likelihood -- 
Limit: r < 1.1298 @ 95% CL
Done in 0.00 min (cpu), 0.00 min (real)
Generate toy 488/500
  1) RooRealVar:: n_obs_bina01 = 2013

 -- Profile Likelihood -- 
Limit: r < 0.935071 @ 95% CL
Done in 0.00 min (cpu), 0.00 min (real)
Generate toy 489/500
  1) RooRealVar:: n_obs_bina01 = 2137

 -- Profile Likelihood -- 
Limit: r < 1.73299 @ 95% CL
Done in 0.00 min (cpu), 0.00 min (real)
Generate toy 490/500
  1) RooRealVar:: n_obs_bina01 = 2335

 -- Profile Likelihood -- 
Limit: r < 3.66595 @ 95% CL
Done in 0.00 min (cpu), 0.00 min (real)
Generate toy 491/500
  1) RooRealVar:: n_obs_bina01 = 2006

 -- Profile Likelihood -- 
Limit: r < 0.905735 @ 95% CL
Done in 0.00 min (cpu), 0.00 min (real)
Generate toy 492/500
  1) RooRealVar:: n_obs_bina01 = 2086

 -- Profile Likelihood -- 
Limit: r < 1.33203 @ 95% CL
Done in 0.00 min (cpu), 0.00 min (real)
Generate toy 493/500
  1) RooRealVar:: n_obs_bina01 = 2114

 -- Profile Likelihood -- 
Limit: r < 1.53805 @ 95% CL
Done in 0.00 min (cpu), 0.00 min (real)
Generate toy 494/500
  1) RooRealVar:: n_obs_bina01 = 2161

 -- Profile Likelihood -- 
Limit: r < 1.96106 @ 95% CL
Done in 0.00 min (cpu), 0.00 min (real)
Generate toy 495/500
  1) RooRealVar:: n_obs_bina01 = 2145

 -- Profile Likelihood -- 
Limit: r < 1.80642 @ 95% CL
Done in 0.00 min (cpu), 0.00 min (real)
Generate toy 496/500
  1) RooRealVar:: n_obs_bina01 = 2201

 -- Profile Likelihood -- 
Limit: r < 2.35287 @ 95% CL
Done in 0.00 min (cpu), 0.00 min (real)
Generate toy 497/500
  1) RooRealVar:: n_obs_bina01 = 2164

 -- Profile Likelihood -- 
Limit: r < 1.99054 @ 95% CL
Done in 0.00 min (cpu), 0.00 min (real)
Generate toy 498/500
  1) RooRealVar:: n_obs_bina01 = 2237

 -- Profile Likelihood -- 
Limit: r < 2.70574 @ 95% CL
Done in 0.00 min (cpu), 0.00 min (real)
Generate toy 499/500
  1) RooRealVar:: n_obs_bina01 = 2134

 -- Profile Likelihood -- 
Limit: r < 1.70636 @ 95% CL
Done in 0.00 min (cpu), 0.00 min (real)
Generate toy 500/500
  1) RooRealVar:: n_obs_bina01 = 1988

 -- Profile Likelihood -- 
Limit: r < 0.836082 @ 95% CL
Done in 0.00 min (cpu), 0.00 min (real)
mean   expected limit: r < 2.05435 +/- 0.0410735 @ 95%CL (500 toyMC)
median expected limit: r < 1.90722 @ 95%CL (500 toyMC)
   68% expected band : 1.17509 < r < 3.00949
   95% expected band : 0.692629 < r < 4.11664
