>>> including systematics
>>> method used to compute upper limit is Asymptotic
>>> random number generator seed is 123456
The signal model has no nuisance parameters. Please run the limit tool with no systematics (option -S 0).
To make things easier, I will assume you have done it.

Computing limit starting from observation
PDF didn't factorize!
Parameters: 
  1) RooRealVar:: n_exp_binel2jet_proc_Bkgrdtot = 2697.11
  2) RooRealVar:: n_exp_binel3jet_proc_Bkgrdtot = 1493.99
  3) RooRealVar:: n_exp_binmu2jet_proc_Bkgrdtot = 2777.55
  4) RooRealVar:: n_exp_binmu3jet_proc_Bkgrdtot = 1644.01
  5) RooRealVar::                             r = 0.2
Obs: 
  1) RooCategory:: CMS_channel = mu3jet
  2) RooRealVar::    CMS_th1x = 7.5
PDF didn't factorize!
Parameters: 
  1) RooRealVar:: n_exp_binel2jet_proc_Bkgrdtot = 2697.11
  2) RooRealVar:: n_exp_binel3jet_proc_Bkgrdtot = 1493.99
  3) RooRealVar:: n_exp_binmu2jet_proc_Bkgrdtot = 2777.55
  4) RooRealVar:: n_exp_binmu3jet_proc_Bkgrdtot = 1644.01
  5) RooRealVar::                             r = 10
Obs: 
  1) RooCategory:: CMS_channel = mu3jet
  2) RooRealVar::    CMS_th1x = 7.5
PDF didn't factorize!
Parameters: 
  1) RooRealVar:: n_exp_binel2jet_proc_Bkgrdtot = 2697.11
  2) RooRealVar:: n_exp_binel3jet_proc_Bkgrdtot = 1493.99
  3) RooRealVar:: n_exp_binmu2jet_proc_Bkgrdtot = 2777.55
  4) RooRealVar:: n_exp_binmu3jet_proc_Bkgrdtot = 1644.01
  5) RooRealVar::                             r = 10
Obs: 
  1) RooCategory:: CMS_channel = mu3jet
  2) RooRealVar::    CMS_th1x = 7.5

 -- Asymptotic -- 
Observed Limit: r < 1.7112
Expected  2.5%: r < 0.5470
Expected 16.0%: r < 0.7276
Expected 50.0%: r < 1.0082
Expected 84.0%: r < 1.4004
Expected 97.5%: r < 1.8607

Done in 0.00 min (cpu), 0.00 min (real)
