>>> including systematics
>>> method used to compute upper limit is ProfileLikelihood
>>> random number generator seed is 123456

Sanity checks on the model: OK
Generate toy 1/500

 -- Profile Likelihood -- 
Limit: r < 1.4647 @ 95% CL
Done in 0.00 min (cpu), 0.00 min (real)
Generate toy 2/500
Done in 0.00 min (cpu), 0.00 min (real)
Generate toy 3/500

 -- Profile Likelihood -- 
Limit: r < 2.39535 @ 95% CL
Done in 0.00 min (cpu), 0.00 min (real)
Generate toy 4/500

 -- Profile Likelihood -- 
Limit: r < 0.908951 @ 95% CL
Done in 0.00 min (cpu), 0.00 min (real)
Generate toy 5/500

 -- Profile Likelihood -- 
Limit: r < 2.18804 @ 95% CL
Done in 0.00 min (cpu), 0.00 min (real)
Generate toy 6/500

 -- Profile Likelihood -- 
Limit: r < 1.46945 @ 95% CL
Done in 0.00 min (cpu), 0.00 min (real)
Generate toy 7/500

 -- Profile Likelihood -- 
Limit: r < 2.04948 @ 95% CL
Done in 0.00 min (cpu), 0.00 min (real)
Generate toy 8/500

 -- Profile Likelihood -- 
Limit: r < 1.72247 @ 95% CL
Done in 0.00 min (cpu), 0.00 min (real)
Generate toy 9/500

 -- Profile Likelihood -- 
Limit: r < 0.817512 @ 95% CL
Done in 0.00 min (cpu), 0.00 min (real)
Generate toy 10/500

 -- Profile Likelihood -- 
Limit: r < 2.21786 @ 95% CL
Done in 0.00 min (cpu), 0.00 min (real)
Generate toy 11/500

 -- Profile Likelihood -- 
Limit: r < 0.88304 @ 95% CL
Done in 0.00 min (cpu), 0.00 min (real)
Generate toy 12/500

 -- Profile Likelihood -- 
Limit: r < 1.39898 @ 95% CL
Done in 0.00 min (cpu), 0.00 min (real)
Generate toy 13/500

 -- Profile Likelihood -- 
Limit: r < 1.68499 @ 95% CL
Done in 0.00 min (cpu), 0.00 min (real)
Generate toy 14/500

 -- Profile Likelihood -- 
Limit: r < 1.86636 @ 95% CL
Done in 0.00 min (cpu), 0.00 min (real)
Generate toy 15/500

 -- Profile Likelihood -- 
Limit: r < 1.67546 @ 95% CL
Done in 0.00 min (cpu), 0.00 min (real)
Generate toy 16/500

 -- Profile Likelihood -- 
Limit: r < 0.697273 @ 95% CL
Done in 0.00 min (cpu), 0.00 min (real)
Generate toy 17/500

 -- Profile Likelihood -- 
Limit: r < 1.59118 @ 95% CL
Done in 0.00 min (cpu), 0.00 min (real)
Generate toy 18/500

 -- Profile Likelihood -- 
Limit: r < 1.92052 @ 95% CL
Done in 0.00 min (cpu), 0.00 min (real)
Generate toy 19/500

 -- Profile Likelihood -- 
Limit: r < 1.83518 @ 95% CL
Done in 0.00 min (cpu), 0.00 min (real)
Generate toy 20/500

 -- Profile Likelihood -- 
Limit: r < 1.83683 @ 95% CL
Done in 0.00 min (cpu), 0.00 min (real)
Generate toy 21/500

 -- Profile Likelihood -- 
Limit: r < 1.85021 @ 95% CL
Done in 0.00 min (cpu), 0.00 min (real)
Generate toy 22/500

 -- Profile Likelihood -- 
Limit: r < 1.9757 @ 95% CL
Done in 0.00 min (cpu), 0.00 min (real)
Generate toy 23/500

 -- Profile Likelihood -- 
Limit: r < 1.26817 @ 95% CL
Done in 0.00 min (cpu), 0.00 min (real)
Generate toy 24/500

 -- Profile Likelihood -- 
Limit: r < 0.586183 @ 95% CL
Done in 0.00 min (cpu), 0.00 min (real)
Generate toy 25/500

 -- Profile Likelihood -- 
Limit: r < 2.32985 @ 95% CL
Done in 0.00 min (cpu), 0.00 min (real)
Generate toy 26/500

 -- Profile Likelihood -- 
Limit: r < 1.23995 @ 95% CL
Done in 0.00 min (cpu), 0.00 min (real)
Generate toy 27/500

 -- Profile Likelihood -- 
Limit: r < 1.3547 @ 95% CL
Done in 0.00 min (cpu), 0.00 min (real)
Generate toy 28/500

 -- Profile Likelihood -- 
Limit: r < 1.11256 @ 95% CL
Done in 0.00 min (cpu), 0.00 min (real)
Generate toy 29/500

 -- Profile Likelihood -- 
Limit: r < 2.63804 @ 95% CL
Done in 0.00 min (cpu), 0.00 min (real)
Generate toy 30/500

 -- Profile Likelihood -- 
Limit: r < 1.14809 @ 95% CL
Done in 0.00 min (cpu), 0.00 min (real)
Generate toy 31/500

 -- Profile Likelihood -- 
Limit: r < 0.856926 @ 95% CL
Done in 0.00 min (cpu), 0.00 min (real)
Generate toy 32/500

 -- Profile Likelihood -- 
Limit: r < 1.59714 @ 95% CL
Done in 0.00 min (cpu), 0.00 min (real)
Generate toy 33/500

 -- Profile Likelihood -- 
Limit: r < 0.867167 @ 95% CL
Done in 0.00 min (cpu), 0.00 min (real)
Generate toy 34/500

 -- Profile Likelihood -- 
Limit: r < 1.10332 @ 95% CL
Done in 0.00 min (cpu), 0.00 min (real)
Generate toy 35/500

 -- Profile Likelihood -- 
Limit: r < 1.05381 @ 95% CL
Done in 0.00 min (cpu), 0.00 min (real)
Generate toy 36/500

 -- Profile Likelihood -- 
Limit: r < 1.12929 @ 95% CL
Done in 0.00 min (cpu), 0.00 min (real)
Generate toy 37/500

 -- Profile Likelihood -- 
Limit: r < 2.0073 @ 95% CL
Done in 0.00 min (cpu), 0.00 min (real)
Generate toy 38/500

 -- Profile Likelihood -- 
Limit: r < 1.14061 @ 95% CL
Done in 0.00 min (cpu), 0.00 min (real)
Generate toy 39/500

 -- Profile Likelihood -- 
Limit: r < 2.4645 @ 95% CL
Done in 0.00 min (cpu), 0.00 min (real)
Generate toy 40/500

 -- Profile Likelihood -- 
Limit: r < 1.10176 @ 95% CL
Done in 0.00 min (cpu), 0.00 min (real)
Generate toy 41/500

 -- Profile Likelihood -- 
Limit: r < 2.43322 @ 95% CL
Done in 0.00 min (cpu), 0.00 min (real)
Generate toy 42/500

 -- Profile Likelihood -- 
Limit: r < 1.62466 @ 95% CL
Done in 0.00 min (cpu), 0.00 min (real)
Generate toy 43/500

 -- Profile Likelihood -- 
Limit: r < 2.35623 @ 95% CL
Done in 0.00 min (cpu), 0.00 min (real)
Generate toy 44/500

 -- Profile Likelihood -- 
Limit: r < 1.73069 @ 95% CL
Done in 0.00 min (cpu), 0.00 min (real)
Generate toy 45/500

 -- Profile Likelihood -- 
Limit: r < 2.61563 @ 95% CL
Done in 0.00 min (cpu), 0.00 min (real)
Generate toy 46/500

 -- Profile Likelihood -- 
Limit: r < 0.885428 @ 95% CL
Done in 0.00 min (cpu), 0.00 min (real)
Generate toy 47/500

 -- Profile Likelihood -- 
Limit: r < 1.93111 @ 95% CL
Done in 0.00 min (cpu), 0.00 min (real)
Generate toy 48/500

 -- Profile Likelihood -- 
Limit: r < 1.49598 @ 95% CL
Done in 0.00 min (cpu), 0.00 min (real)
Generate toy 49/500

 -- Profile Likelihood -- 
Limit: r < 1.83886 @ 95% CL
Done in 0.00 min (cpu), 0.00 min (real)
Generate toy 50/500

 -- Profile Likelihood -- 
Limit: r < 1.04533 @ 95% CL
Done in 0.00 min (cpu), 0.00 min (real)
Generate toy 51/500

 -- Profile Likelihood -- 
Limit: r < 1.19075 @ 95% CL
Done in 0.00 min (cpu), 0.00 min (real)
Generate toy 52/500

 -- Profile Likelihood -- 
Limit: r < 2.58253 @ 95% CL
Done in 0.00 min (cpu), 0.00 min (real)
Generate toy 53/500

 -- Profile Likelihood -- 
Limit: r < 0.603157 @ 95% CL
Done in 0.00 min (cpu), 0.00 min (real)
Generate toy 54/500

 -- Profile Likelihood -- 
Limit: r < 2.3669 @ 95% CL
Done in 0.00 min (cpu), 0.00 min (real)
Generate toy 55/500

 -- Profile Likelihood -- 
Limit: r < 1.2464 @ 95% CL
Done in 0.00 min (cpu), 0.00 min (real)
Generate toy 56/500

 -- Profile Likelihood -- 
Limit: r < 1.5162 @ 95% CL
Done in 0.00 min (cpu), 0.00 min (real)
Generate toy 57/500

 -- Profile Likelihood -- 
Limit: r < 0.933288 @ 95% CL
Done in 0.00 min (cpu), 0.00 min (real)
Generate toy 58/500

 -- Profile Likelihood -- 
Limit: r < 1.52634 @ 95% CL
Done in 0.00 min (cpu), 0.00 min (real)
Generate toy 59/500

 -- Profile Likelihood -- 
Limit: r < 1.36648 @ 95% CL
Done in 0.00 min (cpu), 0.00 min (real)
Generate toy 60/500

 -- Profile Likelihood -- 
Limit: r < 1.45969 @ 95% CL
Done in 0.00 min (cpu), 0.00 min (real)
Generate toy 61/500

 -- Profile Likelihood -- 
Limit: r < 2.19629 @ 95% CL
Done in 0.00 min (cpu), 0.00 min (real)
Generate toy 62/500

 -- Profile Likelihood -- 
Limit: r < 0.786704 @ 95% CL
Done in 0.00 min (cpu), 0.00 min (real)
Generate toy 63/500

 -- Profile Likelihood -- 
Limit: r < 1.17603 @ 95% CL
Done in 0.00 min (cpu), 0.00 min (real)
Generate toy 64/500

 -- Profile Likelihood -- 
Limit: r < 1.09814 @ 95% CL
Done in 0.00 min (cpu), 0.00 min (real)
Generate toy 65/500

 -- Profile Likelihood -- 
Limit: r < 0.91164 @ 95% CL
Done in 0.00 min (cpu), 0.00 min (real)
Generate toy 66/500

 -- Profile Likelihood -- 
Limit: r < 3.5818 @ 95% CL
Done in 0.00 min (cpu), 0.00 min (real)
Generate toy 67/500

 -- Profile Likelihood -- 
Limit: r < 0.756193 @ 95% CL
Done in 0.00 min (cpu), 0.00 min (real)
Generate toy 68/500

 -- Profile Likelihood -- 
Limit: r < 0.972088 @ 95% CL
Done in 0.00 min (cpu), 0.00 min (real)
Generate toy 69/500

 -- Profile Likelihood -- 
Limit: r < 2.00272 @ 95% CL
Done in 0.00 min (cpu), 0.00 min (real)
Generate toy 70/500

 -- Profile Likelihood -- 
Limit: r < 1.20861 @ 95% CL
Done in 0.00 min (cpu), 0.00 min (real)
Generate toy 71/500

 -- Profile Likelihood -- 
Limit: r < 1.15056 @ 95% CL
Done in 0.00 min (cpu), 0.00 min (real)
Generate toy 72/500

 -- Profile Likelihood -- 
Limit: r < 1.09782 @ 95% CL
Done in 0.00 min (cpu), 0.00 min (real)
Generate toy 73/500

 -- Profile Likelihood -- 
Limit: r < 1.61557 @ 95% CL
Done in 0.00 min (cpu), 0.00 min (real)
Generate toy 74/500

 -- Profile Likelihood -- 
Limit: r < 1.71146 @ 95% CL
Done in 0.00 min (cpu), 0.00 min (real)
Generate toy 75/500

 -- Profile Likelihood -- 
Limit: r < 2.53881 @ 95% CL
Done in 0.00 min (cpu), 0.00 min (real)
Generate toy 76/500

 -- Profile Likelihood -- 
Limit: r < 1.33065 @ 95% CL
Done in 0.00 min (cpu), 0.00 min (real)
Generate toy 77/500

 -- Profile Likelihood -- 
Limit: r < 1.05998 @ 95% CL
Done in 0.00 min (cpu), 0.00 min (real)
Generate toy 78/500

 -- Profile Likelihood -- 
Limit: r < 1.4577 @ 95% CL
Done in 0.00 min (cpu), 0.00 min (real)
Generate toy 79/500

 -- Profile Likelihood -- 
Limit: r < 3.83058 @ 95% CL
Done in 0.00 min (cpu), 0.00 min (real)
Generate toy 80/500

 -- Profile Likelihood -- 
Limit: r < 2.21503 @ 95% CL
Done in 0.00 min (cpu), 0.00 min (real)
Generate toy 81/500

 -- Profile Likelihood -- 
Limit: r < 1.08402 @ 95% CL
Done in 0.00 min (cpu), 0.00 min (real)
Generate toy 82/500

 -- Profile Likelihood -- 
Limit: r < 2.35926 @ 95% CL
Done in 0.00 min (cpu), 0.00 min (real)
Generate toy 83/500

 -- Profile Likelihood -- 
Limit: r < 0.703948 @ 95% CL
Done in 0.00 min (cpu), 0.00 min (real)
Generate toy 84/500

 -- Profile Likelihood -- 
Limit: r < 0.326323 @ 95% CL
Done in 0.00 min (cpu), 0.00 min (real)
Generate toy 85/500

 -- Profile Likelihood -- 
Limit: r < 1.45839 @ 95% CL
Done in 0.00 min (cpu), 0.00 min (real)
Generate toy 86/500

 -- Profile Likelihood -- 
Limit: r < 2.33923 @ 95% CL
Done in 0.00 min (cpu), 0.00 min (real)
Generate toy 87/500

 -- Profile Likelihood -- 
Limit: r < 1.47236 @ 95% CL
Done in 0.00 min (cpu), 0.00 min (real)
Generate toy 88/500

 -- Profile Likelihood -- 
Limit: r < 1.22929 @ 95% CL
Done in 0.00 min (cpu), 0.00 min (real)
Generate toy 89/500

 -- Profile Likelihood -- 
Limit: r < 1.94099 @ 95% CL
Done in 0.00 min (cpu), 0.00 min (real)
Generate toy 90/500

 -- Profile Likelihood -- 
Limit: r < 0.928536 @ 95% CL
Done in 0.00 min (cpu), 0.00 min (real)
Generate toy 91/500

 -- Profile Likelihood -- 
Limit: r < 1.60094 @ 95% CL
Done in 0.00 min (cpu), 0.00 min (real)
Generate toy 92/500

 -- Profile Likelihood -- 
Limit: r < 1.13666 @ 95% CL
Done in 0.00 min (cpu), 0.00 min (real)
Generate toy 93/500

 -- Profile Likelihood -- 
Limit: r < 1.62937 @ 95% CL
Done in 0.00 min (cpu), 0.00 min (real)
Generate toy 94/500

 -- Profile Likelihood -- 
Limit: r < 0.859752 @ 95% CL
Done in 0.00 min (cpu), 0.00 min (real)
Generate toy 95/500

 -- Profile Likelihood -- 
Limit: r < 1.63297 @ 95% CL
Done in 0.00 min (cpu), 0.00 min (real)
Generate toy 96/500

 -- Profile Likelihood -- 
Limit: r < 2.11798 @ 95% CL
Done in 0.00 min (cpu), 0.00 min (real)
Generate toy 97/500

 -- Profile Likelihood -- 
Limit: r < 1.29782 @ 95% CL
Done in 0.00 min (cpu), 0.00 min (real)
Generate toy 98/500

 -- Profile Likelihood -- 
Limit: r < 1.04028 @ 95% CL
Done in 0.00 min (cpu), 0.00 min (real)
Generate toy 99/500

 -- Profile Likelihood -- 
Limit: r < 1.21356 @ 95% CL
Done in 0.00 min (cpu), 0.00 min (real)
Generate toy 100/500

 -- Profile Likelihood -- 
Limit: r < 2.3398 @ 95% CL
Done in 0.00 min (cpu), 0.00 min (real)
Generate toy 101/500

 -- Profile Likelihood -- 
Limit: r < 1.21073 @ 95% CL
Done in 0.00 min (cpu), 0.00 min (real)
Generate toy 102/500

 -- Profile Likelihood -- 
Limit: r < 2.70383 @ 95% CL
Done in 0.00 min (cpu), 0.00 min (real)
Generate toy 103/500

 -- Profile Likelihood -- 
Limit: r < 2.62031 @ 95% CL
Done in 0.00 min (cpu), 0.00 min (real)
Generate toy 104/500

 -- Profile Likelihood -- 
Limit: r < 2.91056 @ 95% CL
Done in 0.00 min (cpu), 0.00 min (real)
Generate toy 105/500

 -- Profile Likelihood -- 
Limit: r < 0.816963 @ 95% CL
Done in 0.00 min (cpu), 0.00 min (real)
Generate toy 106/500

 -- Profile Likelihood -- 
Limit: r < 1.91995 @ 95% CL
Done in 0.00 min (cpu), 0.00 min (real)
Generate toy 107/500

 -- Profile Likelihood -- 
Limit: r < 1.43479 @ 95% CL
Done in 0.00 min (cpu), 0.00 min (real)
Generate toy 108/500

 -- Profile Likelihood -- 
Limit: r < 0.961435 @ 95% CL
Done in 0.00 min (cpu), 0.00 min (real)
Generate toy 109/500

 -- Profile Likelihood -- 
Limit: r < 2.81835 @ 95% CL
Done in 0.00 min (cpu), 0.00 min (real)
Generate toy 110/500

 -- Profile Likelihood -- 
Limit: r < 2.8885 @ 95% CL
Done in 0.00 min (cpu), 0.00 min (real)
Generate toy 111/500

 -- Profile Likelihood -- 
Limit: r < 1.86424 @ 95% CL
Done in 0.00 min (cpu), 0.00 min (real)
Generate toy 112/500

 -- Profile Likelihood -- 
Limit: r < 1.80026 @ 95% CL
Done in 0.00 min (cpu), 0.00 min (real)
Generate toy 113/500

 -- Profile Likelihood -- 
Limit: r < 1.60199 @ 95% CL
Done in 0.00 min (cpu), 0.00 min (real)
Generate toy 114/500

 -- Profile Likelihood -- 
Limit: r < 2.14307 @ 95% CL
Done in 0.00 min (cpu), 0.00 min (real)
Generate toy 115/500

 -- Profile Likelihood -- 
Limit: r < 0.951994 @ 95% CL
Done in 0.00 min (cpu), 0.00 min (real)
Generate toy 116/500

 -- Profile Likelihood -- 
Limit: r < 0.809628 @ 95% CL
Done in 0.00 min (cpu), 0.00 min (real)
Generate toy 117/500

 -- Profile Likelihood -- 
Limit: r < 0.853072 @ 95% CL
Done in 0.00 min (cpu), 0.00 min (real)
Generate toy 118/500

 -- Profile Likelihood -- 
Limit: r < 1.20093 @ 95% CL
Done in 0.00 min (cpu), 0.00 min (real)
Generate toy 119/500

 -- Profile Likelihood -- 
Limit: r < 2.5246 @ 95% CL
Done in 0.00 min (cpu), 0.00 min (real)
Generate toy 120/500

 -- Profile Likelihood -- 
Limit: r < 1.09294 @ 95% CL
Done in 0.00 min (cpu), 0.00 min (real)
Generate toy 121/500

 -- Profile Likelihood -- 
Limit: r < 0.656136 @ 95% CL
Done in 0.00 min (cpu), 0.00 min (real)
Generate toy 122/500

 -- Profile Likelihood -- 
Limit: r < 2.31964 @ 95% CL
Done in 0.00 min (cpu), 0.00 min (real)
Generate toy 123/500

 -- Profile Likelihood -- 
Limit: r < 1.63109 @ 95% CL
Done in 0.00 min (cpu), 0.00 min (real)
Generate toy 124/500

 -- Profile Likelihood -- 
Limit: r < 1.51863 @ 95% CL
Done in 0.00 min (cpu), 0.00 min (real)
Generate toy 125/500

 -- Profile Likelihood -- 
Limit: r < 0.961432 @ 95% CL
Done in 0.00 min (cpu), 0.00 min (real)
Generate toy 126/500

 -- Profile Likelihood -- 
Limit: r < 2.3942 @ 95% CL
Done in 0.00 min (cpu), 0.00 min (real)
Generate toy 127/500

 -- Profile Likelihood -- 
Limit: r < 1.00791 @ 95% CL
Done in 0.00 min (cpu), 0.00 min (real)
Generate toy 128/500

 -- Profile Likelihood -- 
Limit: r < 0.909726 @ 95% CL
Done in 0.00 min (cpu), 0.00 min (real)
Generate toy 129/500

 -- Profile Likelihood -- 
Limit: r < 1.82626 @ 95% CL
Done in 0.00 min (cpu), 0.00 min (real)
Generate toy 130/500

 -- Profile Likelihood -- 
Limit: r < 2.21256 @ 95% CL
Done in 0.00 min (cpu), 0.00 min (real)
Generate toy 131/500

 -- Profile Likelihood -- 
Limit: r < 1.4624 @ 95% CL
Done in 0.00 min (cpu), 0.00 min (real)
Generate toy 132/500

 -- Profile Likelihood -- 
Limit: r < 1.22507 @ 95% CL
Done in 0.00 min (cpu), 0.00 min (real)
Generate toy 133/500

 -- Profile Likelihood -- 
Limit: r < 0.36024 @ 95% CL
Done in 0.00 min (cpu), 0.00 min (real)
Generate toy 134/500

 -- Profile Likelihood -- 
Limit: r < 1.6756 @ 95% CL
Done in 0.00 min (cpu), 0.00 min (real)
Generate toy 135/500

 -- Profile Likelihood -- 
Limit: r < 1.7355 @ 95% CL
Done in 0.00 min (cpu), 0.00 min (real)
Generate toy 136/500

 -- Profile Likelihood -- 
Limit: r < 1.09759 @ 95% CL
Done in 0.00 min (cpu), 0.00 min (real)
Generate toy 137/500

 -- Profile Likelihood -- 
Limit: r < 1.11314 @ 95% CL
Done in 0.00 min (cpu), 0.00 min (real)
Generate toy 138/500

 -- Profile Likelihood -- 
Limit: r < 0.790827 @ 95% CL
Done in 0.00 min (cpu), 0.00 min (real)
Generate toy 139/500

 -- Profile Likelihood -- 
Limit: r < 0.650578 @ 95% CL
Done in 0.00 min (cpu), 0.00 min (real)
Generate toy 140/500

 -- Profile Likelihood -- 
Limit: r < 0.837613 @ 95% CL
Done in 0.00 min (cpu), 0.00 min (real)
Generate toy 141/500

 -- Profile Likelihood -- 
Limit: r < 0.700154 @ 95% CL
Done in 0.00 min (cpu), 0.00 min (real)
Generate toy 142/500

 -- Profile Likelihood -- 
Limit: r < 1.50445 @ 95% CL
Done in 0.00 min (cpu), 0.00 min (real)
Generate toy 143/500

 -- Profile Likelihood -- 
Limit: r < 2.01626 @ 95% CL
Done in 0.00 min (cpu), 0.00 min (real)
Generate toy 144/500

 -- Profile Likelihood -- 
Limit: r < 0.862763 @ 95% CL
Done in 0.00 min (cpu), 0.00 min (real)
Generate toy 145/500

 -- Profile Likelihood -- 
Limit: r < 0.570937 @ 95% CL
Done in 0.00 min (cpu), 0.00 min (real)
Generate toy 146/500

 -- Profile Likelihood -- 
Limit: r < 0.592938 @ 95% CL
Done in 0.00 min (cpu), 0.00 min (real)
Generate toy 147/500

 -- Profile Likelihood -- 
Limit: r < 1.87073 @ 95% CL
Done in 0.00 min (cpu), 0.00 min (real)
Generate toy 148/500

 -- Profile Likelihood -- 
Limit: r < 2.24212 @ 95% CL
Done in 0.00 min (cpu), 0.00 min (real)
Generate toy 149/500

 -- Profile Likelihood -- 
Limit: r < 1.94313 @ 95% CL
Done in 0.00 min (cpu), 0.00 min (real)
Generate toy 150/500

 -- Profile Likelihood -- 
Limit: r < 1.76891 @ 95% CL
Done in 0.00 min (cpu), 0.00 min (real)
Generate toy 151/500

 -- Profile Likelihood -- 
Limit: r < 1.29515 @ 95% CL
Done in 0.00 min (cpu), 0.00 min (real)
Generate toy 152/500

 -- Profile Likelihood -- 
Limit: r < 1.23451 @ 95% CL
Done in 0.00 min (cpu), 0.00 min (real)
Generate toy 153/500

 -- Profile Likelihood -- 
Limit: r < 1.74904 @ 95% CL
Done in 0.00 min (cpu), 0.00 min (real)
Generate toy 154/500

 -- Profile Likelihood -- 
Limit: r < 1.0145 @ 95% CL
Done in 0.00 min (cpu), 0.00 min (real)
Generate toy 155/500

 -- Profile Likelihood -- 
Limit: r < 0.709427 @ 95% CL
Done in 0.00 min (cpu), 0.00 min (real)
Generate toy 156/500

 -- Profile Likelihood -- 
Limit: r < 1.56344 @ 95% CL
Done in 0.00 min (cpu), 0.00 min (real)
Generate toy 157/500

 -- Profile Likelihood -- 
Limit: r < 0.832627 @ 95% CL
Done in 0.00 min (cpu), 0.00 min (real)
Generate toy 158/500

 -- Profile Likelihood -- 
Limit: r < 1.68719 @ 95% CL
Done in 0.00 min (cpu), 0.00 min (real)
Generate toy 159/500

 -- Profile Likelihood -- 
Limit: r < 2.15036 @ 95% CL
Done in 0.00 min (cpu), 0.00 min (real)
Generate toy 160/500

 -- Profile Likelihood -- 
Limit: r < 1.79621 @ 95% CL
Done in 0.00 min (cpu), 0.00 min (real)
Generate toy 161/500

 -- Profile Likelihood -- 
Limit: r < 0.515253 @ 95% CL
Done in 0.00 min (cpu), 0.00 min (real)
Generate toy 162/500

 -- Profile Likelihood -- 
Limit: r < 2.14522 @ 95% CL
Done in 0.00 min (cpu), 0.00 min (real)
Generate toy 163/500

 -- Profile Likelihood -- 
Limit: r < 2.80206 @ 95% CL
Done in 0.00 min (cpu), 0.00 min (real)
Generate toy 164/500

 -- Profile Likelihood -- 
Limit: r < 1.83746 @ 95% CL
Done in 0.00 min (cpu), 0.00 min (real)
Generate toy 165/500

 -- Profile Likelihood -- 
Limit: r < 1.25283 @ 95% CL
Done in 0.00 min (cpu), 0.00 min (real)
Generate toy 166/500

 -- Profile Likelihood -- 
Limit: r < 1.37396 @ 95% CL
Done in 0.00 min (cpu), 0.00 min (real)
Generate toy 167/500

 -- Profile Likelihood -- 
Limit: r < 1.25618 @ 95% CL
Done in 0.00 min (cpu), 0.00 min (real)
Generate toy 168/500

 -- Profile Likelihood -- 
Limit: r < 2.59621 @ 95% CL
Done in 0.00 min (cpu), 0.00 min (real)
Generate toy 169/500

 -- Profile Likelihood -- 
Limit: r < 0.773045 @ 95% CL
Done in 0.00 min (cpu), 0.00 min (real)
Generate toy 170/500

 -- Profile Likelihood -- 
Limit: r < 0.70148 @ 95% CL
Done in 0.00 min (cpu), 0.00 min (real)
Generate toy 171/500

 -- Profile Likelihood -- 
Limit: r < 1.99238 @ 95% CL
Done in 0.00 min (cpu), 0.00 min (real)
Generate toy 172/500

 -- Profile Likelihood -- 
Limit: r < 0.445898 @ 95% CL
Done in 0.00 min (cpu), 0.00 min (real)
Generate toy 173/500

 -- Profile Likelihood -- 
Limit: r < 1.36053 @ 95% CL
Done in 0.00 min (cpu), 0.00 min (real)
Generate toy 174/500

 -- Profile Likelihood -- 
Limit: r < 2.6906 @ 95% CL
Done in 0.00 min (cpu), 0.00 min (real)
Generate toy 175/500

 -- Profile Likelihood -- 
Limit: r < 2.17641 @ 95% CL
Done in 0.00 min (cpu), 0.00 min (real)
Generate toy 176/500

 -- Profile Likelihood -- 
Limit: r < 1.20405 @ 95% CL
Done in 0.00 min (cpu), 0.00 min (real)
Generate toy 177/500
Done in 0.00 min (cpu), 0.00 min (real)
Generate toy 178/500

 -- Profile Likelihood -- 
Limit: r < 1.54519 @ 95% CL
Done in 0.00 min (cpu), 0.00 min (real)
Generate toy 179/500

 -- Profile Likelihood -- 
Limit: r < 2.44475 @ 95% CL
Done in 0.00 min (cpu), 0.00 min (real)
Generate toy 180/500

 -- Profile Likelihood -- 
Limit: r < 0.979303 @ 95% CL
Done in 0.00 min (cpu), 0.00 min (real)
Generate toy 181/500
Done in 0.00 min (cpu), 0.00 min (real)
Generate toy 182/500

 -- Profile Likelihood -- 
Limit: r < 0.834717 @ 95% CL
Done in 0.00 min (cpu), 0.00 min (real)
Generate toy 183/500

 -- Profile Likelihood -- 
Limit: r < 0.829381 @ 95% CL
Done in 0.00 min (cpu), 0.00 min (real)
Generate toy 184/500

 -- Profile Likelihood -- 
Limit: r < 1.13321 @ 95% CL
Done in 0.00 min (cpu), 0.00 min (real)
Generate toy 185/500

 -- Profile Likelihood -- 
Limit: r < 2.41565 @ 95% CL
Done in 0.00 min (cpu), 0.00 min (real)
Generate toy 186/500

 -- Profile Likelihood -- 
Limit: r < 1.10666 @ 95% CL
Done in 0.00 min (cpu), 0.00 min (real)
Generate toy 187/500

 -- Profile Likelihood -- 
Limit: r < 2.38912 @ 95% CL
Done in 0.00 min (cpu), 0.00 min (real)
Generate toy 188/500

 -- Profile Likelihood -- 
Limit: r < 0.715024 @ 95% CL
Done in 0.00 min (cpu), 0.00 min (real)
Generate toy 189/500

 -- Profile Likelihood -- 
Limit: r < 1.77918 @ 95% CL
Done in 0.00 min (cpu), 0.00 min (real)
Generate toy 190/500

 -- Profile Likelihood -- 
Limit: r < 0.98854 @ 95% CL
Done in 0.00 min (cpu), 0.00 min (real)
Generate toy 191/500

 -- Profile Likelihood -- 
Limit: r < 2.50869 @ 95% CL
Done in 0.00 min (cpu), 0.00 min (real)
Generate toy 192/500

 -- Profile Likelihood -- 
Limit: r < 1.06039 @ 95% CL
Done in 0.00 min (cpu), 0.00 min (real)
Generate toy 193/500

 -- Profile Likelihood -- 
Limit: r < 1.71478 @ 95% CL
Done in 0.00 min (cpu), 0.00 min (real)
Generate toy 194/500

 -- Profile Likelihood -- 
Limit: r < 2.38411 @ 95% CL
Done in 0.00 min (cpu), 0.00 min (real)
Generate toy 195/500

 -- Profile Likelihood -- 
Limit: r < 0.84324 @ 95% CL
Done in 0.00 min (cpu), 0.00 min (real)
Generate toy 196/500

 -- Profile Likelihood -- 
Limit: r < 0.840061 @ 95% CL
Done in 0.00 min (cpu), 0.00 min (real)
Generate toy 197/500

 -- Profile Likelihood -- 
Limit: r < 1.83776 @ 95% CL
Done in 0.00 min (cpu), 0.00 min (real)
Generate toy 198/500

 -- Profile Likelihood -- 
Limit: r < 1.20485 @ 95% CL
Done in 0.00 min (cpu), 0.00 min (real)
Generate toy 199/500

 -- Profile Likelihood -- 
Limit: r < 1.78429 @ 95% CL
Done in 0.00 min (cpu), 0.00 min (real)
Generate toy 200/500

 -- Profile Likelihood -- 
Limit: r < 2.10493 @ 95% CL
Done in 0.00 min (cpu), 0.00 min (real)
Generate toy 201/500

 -- Profile Likelihood -- 
Limit: r < 0.936853 @ 95% CL
Done in 0.00 min (cpu), 0.00 min (real)
Generate toy 202/500

 -- Profile Likelihood -- 
Limit: r < 2.37024 @ 95% CL
Done in 0.00 min (cpu), 0.00 min (real)
Generate toy 203/500

 -- Profile Likelihood -- 
Limit: r < 1.82617 @ 95% CL
Done in 0.00 min (cpu), 0.00 min (real)
Generate toy 204/500

 -- Profile Likelihood -- 
Limit: r < 2.02583 @ 95% CL
Done in 0.00 min (cpu), 0.00 min (real)
Generate toy 205/500

 -- Profile Likelihood -- 
Limit: r < 0.978015 @ 95% CL
Done in 0.00 min (cpu), 0.00 min (real)
Generate toy 206/500

 -- Profile Likelihood -- 
Limit: r < 1.40856 @ 95% CL
Done in 0.00 min (cpu), 0.00 min (real)
Generate toy 207/500

 -- Profile Likelihood -- 
Limit: r < 0.444344 @ 95% CL
Done in 0.00 min (cpu), 0.00 min (real)
Generate toy 208/500

 -- Profile Likelihood -- 
Limit: r < 2.03399 @ 95% CL
Done in 0.00 min (cpu), 0.00 min (real)
Generate toy 209/500

 -- Profile Likelihood -- 
Limit: r < 1.52524 @ 95% CL
Done in 0.00 min (cpu), 0.00 min (real)
Generate toy 210/500

 -- Profile Likelihood -- 
Limit: r < 2.82009 @ 95% CL
Done in 0.00 min (cpu), 0.00 min (real)
Generate toy 211/500

 -- Profile Likelihood -- 
Limit: r < 1.00353 @ 95% CL
Done in 0.00 min (cpu), 0.00 min (real)
Generate toy 212/500

 -- Profile Likelihood -- 
Limit: r < 1.07125 @ 95% CL
Done in 0.00 min (cpu), 0.00 min (real)
Generate toy 213/500

 -- Profile Likelihood -- 
Limit: r < 1.57522 @ 95% CL
Done in 0.00 min (cpu), 0.00 min (real)
Generate toy 214/500

 -- Profile Likelihood -- 
Limit: r < 1.02733 @ 95% CL
Done in 0.00 min (cpu), 0.00 min (real)
Generate toy 215/500

 -- Profile Likelihood -- 
Limit: r < 1.04397 @ 95% CL
Done in 0.00 min (cpu), 0.00 min (real)
Generate toy 216/500

 -- Profile Likelihood -- 
Limit: r < 0.769117 @ 95% CL
Done in 0.00 min (cpu), 0.00 min (real)
Generate toy 217/500

 -- Profile Likelihood -- 
Limit: r < 0.617593 @ 95% CL
Done in 0.00 min (cpu), 0.00 min (real)
Generate toy 218/500

 -- Profile Likelihood -- 
Limit: r < 0.730262 @ 95% CL
Done in 0.00 min (cpu), 0.00 min (real)
Generate toy 219/500

 -- Profile Likelihood -- 
Limit: r < 1.4293 @ 95% CL
Done in 0.00 min (cpu), 0.00 min (real)
Generate toy 220/500

 -- Profile Likelihood -- 
Limit: r < 0.867807 @ 95% CL
Done in 0.00 min (cpu), 0.00 min (real)
Generate toy 221/500
Done in 0.00 min (cpu), 0.00 min (real)
Generate toy 222/500

 -- Profile Likelihood -- 
Limit: r < 1.09503 @ 95% CL
Done in 0.00 min (cpu), 0.00 min (real)
Generate toy 223/500

 -- Profile Likelihood -- 
Limit: r < 1.26835 @ 95% CL
Done in 0.00 min (cpu), 0.00 min (real)
Generate toy 224/500

 -- Profile Likelihood -- 
Limit: r < 0.813851 @ 95% CL
Done in 0.00 min (cpu), 0.00 min (real)
Generate toy 225/500

 -- Profile Likelihood -- 
Limit: r < 1.19347 @ 95% CL
Done in 0.00 min (cpu), 0.00 min (real)
Generate toy 226/500

 -- Profile Likelihood -- 
Limit: r < 0.885448 @ 95% CL
Done in 0.00 min (cpu), 0.00 min (real)
Generate toy 227/500

 -- Profile Likelihood -- 
Limit: r < 1.09346 @ 95% CL
Done in 0.00 min (cpu), 0.00 min (real)
Generate toy 228/500

 -- Profile Likelihood -- 
Limit: r < 0.684788 @ 95% CL
Done in 0.00 min (cpu), 0.00 min (real)
Generate toy 229/500

 -- Profile Likelihood -- 
Limit: r < 1.81993 @ 95% CL
Done in 0.00 min (cpu), 0.00 min (real)
Generate toy 230/500

 -- Profile Likelihood -- 
Limit: r < 0.84457 @ 95% CL
Done in 0.00 min (cpu), 0.00 min (real)
Generate toy 231/500

 -- Profile Likelihood -- 
Limit: r < 1.04499 @ 95% CL
Done in 0.00 min (cpu), 0.00 min (real)
Generate toy 232/500

 -- Profile Likelihood -- 
Limit: r < 1.67582 @ 95% CL
Done in 0.00 min (cpu), 0.00 min (real)
Generate toy 233/500

 -- Profile Likelihood -- 
Limit: r < 0.80291 @ 95% CL
Done in 0.00 min (cpu), 0.00 min (real)
Generate toy 234/500

 -- Profile Likelihood -- 
Limit: r < 0.730823 @ 95% CL
Done in 0.00 min (cpu), 0.00 min (real)
Generate toy 235/500

 -- Profile Likelihood -- 
Limit: r < 2.04179 @ 95% CL
Done in 0.00 min (cpu), 0.00 min (real)
Generate toy 236/500

 -- Profile Likelihood -- 
Limit: r < 1.04042 @ 95% CL
Done in 0.00 min (cpu), 0.00 min (real)
Generate toy 237/500

 -- Profile Likelihood -- 
Limit: r < 0.902978 @ 95% CL
Done in 0.00 min (cpu), 0.00 min (real)
Generate toy 238/500

 -- Profile Likelihood -- 
Limit: r < 1.52372 @ 95% CL
Done in 0.00 min (cpu), 0.00 min (real)
Generate toy 239/500

 -- Profile Likelihood -- 
Limit: r < 1.56156 @ 95% CL
Done in 0.00 min (cpu), 0.00 min (real)
Generate toy 240/500

 -- Profile Likelihood -- 
Limit: r < 0.996585 @ 95% CL
Done in 0.00 min (cpu), 0.00 min (real)
Generate toy 241/500

 -- Profile Likelihood -- 
Limit: r < 1.73115 @ 95% CL
Done in 0.00 min (cpu), 0.00 min (real)
Generate toy 242/500

 -- Profile Likelihood -- 
Limit: r < 0.586334 @ 95% CL
Done in 0.00 min (cpu), 0.00 min (real)
Generate toy 243/500

 -- Profile Likelihood -- 
Limit: r < 2.14053 @ 95% CL
Done in 0.00 min (cpu), 0.00 min (real)
Generate toy 244/500

 -- Profile Likelihood -- 
Limit: r < 1.33848 @ 95% CL
Done in 0.00 min (cpu), 0.00 min (real)
Generate toy 245/500

 -- Profile Likelihood -- 
Limit: r < 2.11345 @ 95% CL
Done in 0.00 min (cpu), 0.00 min (real)
Generate toy 246/500

 -- Profile Likelihood -- 
Limit: r < 1.39438 @ 95% CL
Done in 0.00 min (cpu), 0.00 min (real)
Generate toy 247/500

 -- Profile Likelihood -- 
Limit: r < 1.90394 @ 95% CL
Done in 0.00 min (cpu), 0.00 min (real)
Generate toy 248/500

 -- Profile Likelihood -- 
Limit: r < 1.09883 @ 95% CL
Done in 0.00 min (cpu), 0.00 min (real)
Generate toy 249/500

 -- Profile Likelihood -- 
Limit: r < 1.81718 @ 95% CL
Done in 0.00 min (cpu), 0.00 min (real)
Generate toy 250/500

 -- Profile Likelihood -- 
Limit: r < 0.859303 @ 95% CL
Done in 0.00 min (cpu), 0.00 min (real)
Generate toy 251/500

 -- Profile Likelihood -- 
Limit: r < 2.8593 @ 95% CL
Done in 0.00 min (cpu), 0.00 min (real)
Generate toy 252/500

 -- Profile Likelihood -- 
Limit: r < 1.97666 @ 95% CL
Done in 0.00 min (cpu), 0.00 min (real)
Generate toy 253/500

 -- Profile Likelihood -- 
Limit: r < 1.35488 @ 95% CL
Done in 0.00 min (cpu), 0.00 min (real)
Generate toy 254/500

 -- Profile Likelihood -- 
Limit: r < 1.59046 @ 95% CL
Done in 0.00 min (cpu), 0.00 min (real)
Generate toy 255/500

 -- Profile Likelihood -- 
Limit: r < 2.37752 @ 95% CL
Done in 0.00 min (cpu), 0.00 min (real)
Generate toy 256/500

 -- Profile Likelihood -- 
Limit: r < 0.970152 @ 95% CL
Done in 0.00 min (cpu), 0.00 min (real)
Generate toy 257/500

 -- Profile Likelihood -- 
Limit: r < 1.62121 @ 95% CL
Done in 0.00 min (cpu), 0.00 min (real)
Generate toy 258/500

 -- Profile Likelihood -- 
Limit: r < 1.1355 @ 95% CL
Done in 0.00 min (cpu), 0.00 min (real)
Generate toy 259/500

 -- Profile Likelihood -- 
Limit: r < 0.722068 @ 95% CL
Done in 0.00 min (cpu), 0.00 min (real)
Generate toy 260/500

 -- Profile Likelihood -- 
Limit: r < 1.04067 @ 95% CL
Done in 0.00 min (cpu), 0.00 min (real)
Generate toy 261/500

 -- Profile Likelihood -- 
Limit: r < 1.06572 @ 95% CL
Done in 0.00 min (cpu), 0.00 min (real)
Generate toy 262/500

 -- Profile Likelihood -- 
Limit: r < 1.63244 @ 95% CL
Done in 0.00 min (cpu), 0.00 min (real)
Generate toy 263/500

 -- Profile Likelihood -- 
Limit: r < 1.86903 @ 95% CL
Done in 0.00 min (cpu), 0.00 min (real)
Generate toy 264/500

 -- Profile Likelihood -- 
Limit: r < 2.04035 @ 95% CL
Done in 0.00 min (cpu), 0.00 min (real)
Generate toy 265/500

 -- Profile Likelihood -- 
Limit: r < 0.770962 @ 95% CL
Done in 0.00 min (cpu), 0.00 min (real)
Generate toy 266/500

 -- Profile Likelihood -- 
Limit: r < 2.3078 @ 95% CL
Done in 0.00 min (cpu), 0.00 min (real)
Generate toy 267/500

 -- Profile Likelihood -- 
Limit: r < 0.882108 @ 95% CL
Done in 0.00 min (cpu), 0.00 min (real)
Generate toy 268/500

 -- Profile Likelihood -- 
Limit: r < 1.14363 @ 95% CL
Done in 0.00 min (cpu), 0.00 min (real)
Generate toy 269/500

 -- Profile Likelihood -- 
Limit: r < 1.66244 @ 95% CL
Done in 0.00 min (cpu), 0.00 min (real)
Generate toy 270/500

 -- Profile Likelihood -- 
Limit: r < 1.13397 @ 95% CL
Done in 0.00 min (cpu), 0.00 min (real)
Generate toy 271/500

 -- Profile Likelihood -- 
Limit: r < 0.969 @ 95% CL
Done in 0.00 min (cpu), 0.00 min (real)
Generate toy 272/500

 -- Profile Likelihood -- 
Limit: r < 1.17507 @ 95% CL
Done in 0.00 min (cpu), 0.00 min (real)
Generate toy 273/500

 -- Profile Likelihood -- 
Limit: r < 1.52149 @ 95% CL
Done in 0.00 min (cpu), 0.00 min (real)
Generate toy 274/500

 -- Profile Likelihood -- 
Limit: r < 1.63113 @ 95% CL
Done in 0.00 min (cpu), 0.00 min (real)
Generate toy 275/500

 -- Profile Likelihood -- 
Limit: r < 1.35819 @ 95% CL
Done in 0.00 min (cpu), 0.00 min (real)
Generate toy 276/500

 -- Profile Likelihood -- 
Limit: r < 1.39354 @ 95% CL
Done in 0.00 min (cpu), 0.00 min (real)
Generate toy 277/500

 -- Profile Likelihood -- 
Limit: r < 0.725786 @ 95% CL
Done in 0.00 min (cpu), 0.00 min (real)
Generate toy 278/500

 -- Profile Likelihood -- 
Limit: r < 0.591573 @ 95% CL
Done in 0.00 min (cpu), 0.00 min (real)
Generate toy 279/500

 -- Profile Likelihood -- 
Limit: r < 1.1978 @ 95% CL
Done in 0.00 min (cpu), 0.00 min (real)
Generate toy 280/500

 -- Profile Likelihood -- 
Limit: r < 1.72337 @ 95% CL
Done in 0.00 min (cpu), 0.00 min (real)
Generate toy 281/500

 -- Profile Likelihood -- 
Limit: r < 2.89361 @ 95% CL
Done in 0.00 min (cpu), 0.00 min (real)
Generate toy 282/500
Done in 0.00 min (cpu), 0.00 min (real)
Generate toy 283/500

 -- Profile Likelihood -- 
Limit: r < 0.613539 @ 95% CL
Done in 0.00 min (cpu), 0.00 min (real)
Generate toy 284/500

 -- Profile Likelihood -- 
Limit: r < 1.94588 @ 95% CL
Done in 0.00 min (cpu), 0.00 min (real)
Generate toy 285/500

 -- Profile Likelihood -- 
Limit: r < 1.67005 @ 95% CL
Done in 0.00 min (cpu), 0.00 min (real)
Generate toy 286/500

 -- Profile Likelihood -- 
Limit: r < 2.35378 @ 95% CL
Done in 0.00 min (cpu), 0.00 min (real)
Generate toy 287/500

 -- Profile Likelihood -- 
Limit: r < 1.55321 @ 95% CL
Done in 0.00 min (cpu), 0.00 min (real)
Generate toy 288/500

 -- Profile Likelihood -- 
Limit: r < 1.33368 @ 95% CL
Done in 0.00 min (cpu), 0.00 min (real)
Generate toy 289/500

 -- Profile Likelihood -- 
Limit: r < 1.88157 @ 95% CL
Done in 0.00 min (cpu), 0.00 min (real)
Generate toy 290/500

 -- Profile Likelihood -- 
Limit: r < 0.683092 @ 95% CL
Done in 0.00 min (cpu), 0.00 min (real)
Generate toy 291/500

 -- Profile Likelihood -- 
Limit: r < 1.67693 @ 95% CL
Done in 0.00 min (cpu), 0.00 min (real)
Generate toy 292/500

 -- Profile Likelihood -- 
Limit: r < 1.07257 @ 95% CL
Done in 0.00 min (cpu), 0.00 min (real)
Generate toy 293/500

 -- Profile Likelihood -- 
Limit: r < 1.79236 @ 95% CL
Done in 0.00 min (cpu), 0.00 min (real)
Generate toy 294/500

 -- Profile Likelihood -- 
Limit: r < 1.86195 @ 95% CL
Done in 0.00 min (cpu), 0.00 min (real)
Generate toy 295/500

 -- Profile Likelihood -- 
Limit: r < 1.28324 @ 95% CL
Done in 0.00 min (cpu), 0.00 min (real)
Generate toy 296/500

 -- Profile Likelihood -- 
Limit: r < 1.66394 @ 95% CL
Done in 0.00 min (cpu), 0.00 min (real)
Generate toy 297/500

 -- Profile Likelihood -- 
Limit: r < 1.00819 @ 95% CL
Done in 0.00 min (cpu), 0.00 min (real)
Generate toy 298/500

 -- Profile Likelihood -- 
Limit: r < 1.36952 @ 95% CL
Done in 0.00 min (cpu), 0.00 min (real)
Generate toy 299/500

 -- Profile Likelihood -- 
Limit: r < 1.68172 @ 95% CL
Done in 0.00 min (cpu), 0.00 min (real)
Generate toy 300/500

 -- Profile Likelihood -- 
Limit: r < 0.628906 @ 95% CL
Done in 0.00 min (cpu), 0.00 min (real)
Generate toy 301/500

 -- Profile Likelihood -- 
Limit: r < 1.91869 @ 95% CL
Done in 0.00 min (cpu), 0.00 min (real)
Generate toy 302/500

 -- Profile Likelihood -- 
Limit: r < 0.786617 @ 95% CL
Done in 0.00 min (cpu), 0.00 min (real)
Generate toy 303/500

 -- Profile Likelihood -- 
Limit: r < 1.05252 @ 95% CL
Done in 0.00 min (cpu), 0.00 min (real)
Generate toy 304/500

 -- Profile Likelihood -- 
Limit: r < 2.39074 @ 95% CL
Done in 0.00 min (cpu), 0.00 min (real)
Generate toy 305/500

 -- Profile Likelihood -- 
Limit: r < 1.96559 @ 95% CL
Done in 0.00 min (cpu), 0.00 min (real)
Generate toy 306/500
Done in 0.00 min (cpu), 0.00 min (real)
Generate toy 307/500

 -- Profile Likelihood -- 
Limit: r < 1.92265 @ 95% CL
Done in 0.00 min (cpu), 0.00 min (real)
Generate toy 308/500

 -- Profile Likelihood -- 
Limit: r < 2.00603 @ 95% CL
Done in 0.00 min (cpu), 0.00 min (real)
Generate toy 309/500

 -- Profile Likelihood -- 
Limit: r < 1.96079 @ 95% CL
Done in 0.00 min (cpu), 0.00 min (real)
Generate toy 310/500
Done in 0.00 min (cpu), 0.00 min (real)
Generate toy 311/500

 -- Profile Likelihood -- 
Limit: r < 1.09047 @ 95% CL
Done in 0.00 min (cpu), 0.00 min (real)
Generate toy 312/500

 -- Profile Likelihood -- 
Limit: r < 1.61722 @ 95% CL
Done in 0.00 min (cpu), 0.00 min (real)
Generate toy 313/500

 -- Profile Likelihood -- 
Limit: r < 0.720244 @ 95% CL
Done in 0.00 min (cpu), 0.00 min (real)
Generate toy 314/500

 -- Profile Likelihood -- 
Limit: r < 2.04809 @ 95% CL
Done in 0.00 min (cpu), 0.00 min (real)
Generate toy 315/500

 -- Profile Likelihood -- 
Limit: r < 1.11169 @ 95% CL
Done in 0.00 min (cpu), 0.00 min (real)
Generate toy 316/500

 -- Profile Likelihood -- 
Limit: r < 2.31537 @ 95% CL
Done in 0.00 min (cpu), 0.00 min (real)
Generate toy 317/500

 -- Profile Likelihood -- 
Limit: r < 1.91777 @ 95% CL
Done in 0.00 min (cpu), 0.00 min (real)
Generate toy 318/500

 -- Profile Likelihood -- 
Limit: r < 1.42616 @ 95% CL
Done in 0.00 min (cpu), 0.00 min (real)
Generate toy 319/500

 -- Profile Likelihood -- 
Limit: r < 0.585179 @ 95% CL
Done in 0.00 min (cpu), 0.00 min (real)
Generate toy 320/500

 -- Profile Likelihood -- 
Limit: r < 1.1936 @ 95% CL
Done in 0.00 min (cpu), 0.00 min (real)
Generate toy 321/500

 -- Profile Likelihood -- 
Limit: r < 0.84288 @ 95% CL
Done in 0.00 min (cpu), 0.00 min (real)
Generate toy 322/500

 -- Profile Likelihood -- 
Limit: r < 2.8401 @ 95% CL
Done in 0.00 min (cpu), 0.00 min (real)
Generate toy 323/500

 -- Profile Likelihood -- 
Limit: r < 0.861006 @ 95% CL
Done in 0.00 min (cpu), 0.00 min (real)
Generate toy 324/500

 -- Profile Likelihood -- 
Limit: r < 1.6928 @ 95% CL
Done in 0.00 min (cpu), 0.00 min (real)
Generate toy 325/500

 -- Profile Likelihood -- 
Limit: r < 2.68268 @ 95% CL
Done in 0.00 min (cpu), 0.00 min (real)
Generate toy 326/500

 -- Profile Likelihood -- 
Limit: r < 0.827203 @ 95% CL
Done in 0.00 min (cpu), 0.00 min (real)
Generate toy 327/500

 -- Profile Likelihood -- 
Limit: r < 1.08969 @ 95% CL
Done in 0.00 min (cpu), 0.00 min (real)
Generate toy 328/500

 -- Profile Likelihood -- 
Limit: r < 2.11685 @ 95% CL
Done in 0.00 min (cpu), 0.00 min (real)
Generate toy 329/500

 -- Profile Likelihood -- 
Limit: r < 2.70166 @ 95% CL
Done in 0.00 min (cpu), 0.00 min (real)
Generate toy 330/500

 -- Profile Likelihood -- 
Limit: r < 0.556723 @ 95% CL
Done in 0.00 min (cpu), 0.00 min (real)
Generate toy 331/500

 -- Profile Likelihood -- 
Limit: r < 1.04725 @ 95% CL
Done in 0.00 min (cpu), 0.00 min (real)
Generate toy 332/500

 -- Profile Likelihood -- 
Limit: r < 1.12901 @ 95% CL
Done in 0.00 min (cpu), 0.00 min (real)
Generate toy 333/500

 -- Profile Likelihood -- 
Limit: r < 0.909838 @ 95% CL
Done in 0.00 min (cpu), 0.00 min (real)
Generate toy 334/500

 -- Profile Likelihood -- 
Limit: r < 2.09855 @ 95% CL
Done in 0.00 min (cpu), 0.00 min (real)
Generate toy 335/500

 -- Profile Likelihood -- 
Limit: r < 1.39351 @ 95% CL
Done in 0.00 min (cpu), 0.00 min (real)
Generate toy 336/500

 -- Profile Likelihood -- 
Limit: r < 1.83112 @ 95% CL
Done in 0.00 min (cpu), 0.00 min (real)
Generate toy 337/500

 -- Profile Likelihood -- 
Limit: r < 1.28559 @ 95% CL
Done in 0.00 min (cpu), 0.00 min (real)
Generate toy 338/500

 -- Profile Likelihood -- 
Limit: r < 0.804467 @ 95% CL
Done in 0.00 min (cpu), 0.00 min (real)
Generate toy 339/500

 -- Profile Likelihood -- 
Limit: r < 2.26279 @ 95% CL
Done in 0.00 min (cpu), 0.00 min (real)
Generate toy 340/500

 -- Profile Likelihood -- 
Limit: r < 1.28617 @ 95% CL
Done in 0.00 min (cpu), 0.00 min (real)
Generate toy 341/500

 -- Profile Likelihood -- 
Limit: r < 2.64697 @ 95% CL
Done in 0.00 min (cpu), 0.00 min (real)
Generate toy 342/500

 -- Profile Likelihood -- 
Limit: r < 1.33796 @ 95% CL
Done in 0.00 min (cpu), 0.00 min (real)
Generate toy 343/500

 -- Profile Likelihood -- 
Limit: r < 2.81239 @ 95% CL
Done in 0.00 min (cpu), 0.00 min (real)
Generate toy 344/500

 -- Profile Likelihood -- 
Limit: r < 1.88428 @ 95% CL
Done in 0.00 min (cpu), 0.00 min (real)
Generate toy 345/500

 -- Profile Likelihood -- 
Limit: r < 1.22755 @ 95% CL
Done in 0.00 min (cpu), 0.00 min (real)
Generate toy 346/500

 -- Profile Likelihood -- 
Limit: r < 2.19114 @ 95% CL
Done in 0.00 min (cpu), 0.00 min (real)
Generate toy 347/500

 -- Profile Likelihood -- 
Limit: r < 0.659847 @ 95% CL
Done in 0.00 min (cpu), 0.00 min (real)
Generate toy 348/500

 -- Profile Likelihood -- 
Limit: r < 2.03594 @ 95% CL
Done in 0.00 min (cpu), 0.00 min (real)
Generate toy 349/500

 -- Profile Likelihood -- 
Limit: r < 2.18564 @ 95% CL
Done in 0.00 min (cpu), 0.00 min (real)
Generate toy 350/500

 -- Profile Likelihood -- 
Limit: r < 1.56674 @ 95% CL
Done in 0.00 min (cpu), 0.00 min (real)
Generate toy 351/500

 -- Profile Likelihood -- 
Limit: r < 0.762006 @ 95% CL
Done in 0.00 min (cpu), 0.00 min (real)
Generate toy 352/500

 -- Profile Likelihood -- 
Limit: r < 2.19212 @ 95% CL
Done in 0.00 min (cpu), 0.00 min (real)
Generate toy 353/500

 -- Profile Likelihood -- 
Limit: r < 0.562257 @ 95% CL
Done in 0.00 min (cpu), 0.00 min (real)
Generate toy 354/500

 -- Profile Likelihood -- 
Limit: r < 1.71398 @ 95% CL
Done in 0.00 min (cpu), 0.00 min (real)
Generate toy 355/500
Done in 0.00 min (cpu), 0.00 min (real)
Generate toy 356/500

 -- Profile Likelihood -- 
Limit: r < 0.676985 @ 95% CL
Done in 0.00 min (cpu), 0.00 min (real)
Generate toy 357/500

 -- Profile Likelihood -- 
Limit: r < 0.786034 @ 95% CL
Done in 0.00 min (cpu), 0.00 min (real)
Generate toy 358/500

 -- Profile Likelihood -- 
Limit: r < 2.692 @ 95% CL
Done in 0.00 min (cpu), 0.00 min (real)
Generate toy 359/500

 -- Profile Likelihood -- 
Limit: r < 0.724317 @ 95% CL
Done in 0.00 min (cpu), 0.00 min (real)
Generate toy 360/500

 -- Profile Likelihood -- 
Limit: r < 0.78265 @ 95% CL
Done in 0.00 min (cpu), 0.00 min (real)
Generate toy 361/500

 -- Profile Likelihood -- 
Limit: r < 2.37523 @ 95% CL
Done in 0.00 min (cpu), 0.00 min (real)
Generate toy 362/500

 -- Profile Likelihood -- 
Limit: r < 1.20554 @ 95% CL
Done in 0.00 min (cpu), 0.00 min (real)
Generate toy 363/500

 -- Profile Likelihood -- 
Limit: r < 2.27789 @ 95% CL
Done in 0.00 min (cpu), 0.00 min (real)
Generate toy 364/500

 -- Profile Likelihood -- 
Limit: r < 1.86013 @ 95% CL
Done in 0.00 min (cpu), 0.00 min (real)
Generate toy 365/500

 -- Profile Likelihood -- 
Limit: r < 0.665487 @ 95% CL
Done in 0.00 min (cpu), 0.00 min (real)
Generate toy 366/500

 -- Profile Likelihood -- 
Limit: r < 0.493187 @ 95% CL
Done in 0.00 min (cpu), 0.00 min (real)
Generate toy 367/500

 -- Profile Likelihood -- 
Limit: r < 2.6466 @ 95% CL
Done in 0.00 min (cpu), 0.00 min (real)
Generate toy 368/500

 -- Profile Likelihood -- 
Limit: r < 0.925557 @ 95% CL
Done in 0.00 min (cpu), 0.00 min (real)
Generate toy 369/500

 -- Profile Likelihood -- 
Limit: r < 1.20437 @ 95% CL
Done in 0.00 min (cpu), 0.00 min (real)
Generate toy 370/500

 -- Profile Likelihood -- 
Limit: r < 2.50214 @ 95% CL
Done in 0.00 min (cpu), 0.00 min (real)
Generate toy 371/500

 -- Profile Likelihood -- 
Limit: r < 2.7377 @ 95% CL
Done in 0.00 min (cpu), 0.00 min (real)
Generate toy 372/500

 -- Profile Likelihood -- 
Limit: r < 2.18604 @ 95% CL
Done in 0.00 min (cpu), 0.00 min (real)
Generate toy 373/500

 -- Profile Likelihood -- 
Limit: r < 1.46782 @ 95% CL
Done in 0.00 min (cpu), 0.00 min (real)
Generate toy 374/500

 -- Profile Likelihood -- 
Limit: r < 1.21273 @ 95% CL
Done in 0.00 min (cpu), 0.00 min (real)
Generate toy 375/500

 -- Profile Likelihood -- 
Limit: r < 1.37181 @ 95% CL
Done in 0.00 min (cpu), 0.00 min (real)
Generate toy 376/500

 -- Profile Likelihood -- 
Limit: r < 0.957115 @ 95% CL
Done in 0.00 min (cpu), 0.00 min (real)
Generate toy 377/500

 -- Profile Likelihood -- 
Limit: r < 1.54482 @ 95% CL
Done in 0.00 min (cpu), 0.00 min (real)
Generate toy 378/500

 -- Profile Likelihood -- 
Limit: r < 0.462151 @ 95% CL
Done in 0.00 min (cpu), 0.00 min (real)
Generate toy 379/500

 -- Profile Likelihood -- 
Limit: r < 1.30425 @ 95% CL
Done in 0.00 min (cpu), 0.00 min (real)
Generate toy 380/500

 -- Profile Likelihood -- 
Limit: r < 0.84562 @ 95% CL
Done in 0.00 min (cpu), 0.00 min (real)
Generate toy 381/500

 -- Profile Likelihood -- 
Limit: r < 1.98151 @ 95% CL
Done in 0.00 min (cpu), 0.00 min (real)
Generate toy 382/500

 -- Profile Likelihood -- 
Limit: r < 1.08303 @ 95% CL
Done in 0.00 min (cpu), 0.00 min (real)
Generate toy 383/500

 -- Profile Likelihood -- 
Limit: r < 0.960626 @ 95% CL
Done in 0.00 min (cpu), 0.00 min (real)
Generate toy 384/500

 -- Profile Likelihood -- 
Limit: r < 1.17066 @ 95% CL
Done in 0.00 min (cpu), 0.00 min (real)
Generate toy 385/500

 -- Profile Likelihood -- 
Limit: r < 2.06647 @ 95% CL
Done in 0.00 min (cpu), 0.00 min (real)
Generate toy 386/500

 -- Profile Likelihood -- 
Limit: r < 0.623021 @ 95% CL
Done in 0.00 min (cpu), 0.00 min (real)
Generate toy 387/500

 -- Profile Likelihood -- 
Limit: r < 2.33821 @ 95% CL
Done in 0.00 min (cpu), 0.00 min (real)
Generate toy 388/500

 -- Profile Likelihood -- 
Limit: r < 2.75656 @ 95% CL
Done in 0.00 min (cpu), 0.00 min (real)
Generate toy 389/500

 -- Profile Likelihood -- 
Limit: r < 1.0009 @ 95% CL
Done in 0.00 min (cpu), 0.00 min (real)
Generate toy 390/500

 -- Profile Likelihood -- 
Limit: r < 0.560718 @ 95% CL
Done in 0.00 min (cpu), 0.00 min (real)
Generate toy 391/500

 -- Profile Likelihood -- 
Limit: r < 1.39015 @ 95% CL
Done in 0.00 min (cpu), 0.00 min (real)
Generate toy 392/500

 -- Profile Likelihood -- 
Limit: r < 2.90923 @ 95% CL
Done in 0.00 min (cpu), 0.00 min (real)
Generate toy 393/500
Done in 0.00 min (cpu), 0.00 min (real)
Generate toy 394/500

 -- Profile Likelihood -- 
Limit: r < 2.05541 @ 95% CL
Done in 0.00 min (cpu), 0.00 min (real)
Generate toy 395/500

 -- Profile Likelihood -- 
Limit: r < 1.25513 @ 95% CL
Done in 0.00 min (cpu), 0.00 min (real)
Generate toy 396/500

 -- Profile Likelihood -- 
Limit: r < 0.792866 @ 95% CL
Done in 0.00 min (cpu), 0.00 min (real)
Generate toy 397/500

 -- Profile Likelihood -- 
Limit: r < 0.912826 @ 95% CL
Done in 0.00 min (cpu), 0.00 min (real)
Generate toy 398/500

 -- Profile Likelihood -- 
Limit: r < 1.69094 @ 95% CL
Done in 0.00 min (cpu), 0.00 min (real)
Generate toy 399/500

 -- Profile Likelihood -- 
Limit: r < 1.64653 @ 95% CL
Done in 0.00 min (cpu), 0.00 min (real)
Generate toy 400/500

 -- Profile Likelihood -- 
Limit: r < 0.820052 @ 95% CL
Done in 0.00 min (cpu), 0.00 min (real)
Generate toy 401/500

 -- Profile Likelihood -- 
Limit: r < 1.93383 @ 95% CL
Done in 0.00 min (cpu), 0.00 min (real)
Generate toy 402/500

 -- Profile Likelihood -- 
Limit: r < 0.56317 @ 95% CL
Done in 0.00 min (cpu), 0.00 min (real)
Generate toy 403/500

 -- Profile Likelihood -- 
Limit: r < 1.71417 @ 95% CL
Done in 0.00 min (cpu), 0.00 min (real)
Generate toy 404/500

 -- Profile Likelihood -- 
Limit: r < 0.399854 @ 95% CL
Done in 0.00 min (cpu), 0.00 min (real)
Generate toy 405/500

 -- Profile Likelihood -- 
Limit: r < 0.658153 @ 95% CL
Done in 0.00 min (cpu), 0.00 min (real)
Generate toy 406/500

 -- Profile Likelihood -- 
Limit: r < 0.964994 @ 95% CL
Done in 0.00 min (cpu), 0.00 min (real)
Generate toy 407/500

 -- Profile Likelihood -- 
Limit: r < 2.33157 @ 95% CL
Done in 0.00 min (cpu), 0.00 min (real)
Generate toy 408/500

 -- Profile Likelihood -- 
Limit: r < 2.17859 @ 95% CL
Done in 0.00 min (cpu), 0.00 min (real)
Generate toy 409/500

 -- Profile Likelihood -- 
Limit: r < 1.4625 @ 95% CL
Done in 0.00 min (cpu), 0.00 min (real)
Generate toy 410/500

 -- Profile Likelihood -- 
Limit: r < 0.924117 @ 95% CL
Done in 0.00 min (cpu), 0.00 min (real)
Generate toy 411/500

 -- Profile Likelihood -- 
Limit: r < 2.33643 @ 95% CL
Done in 0.00 min (cpu), 0.00 min (real)
Generate toy 412/500
Done in 0.00 min (cpu), 0.00 min (real)
Generate toy 413/500

 -- Profile Likelihood -- 
Limit: r < 0.812201 @ 95% CL
Done in 0.00 min (cpu), 0.00 min (real)
Generate toy 414/500

 -- Profile Likelihood -- 
Limit: r < 1.73587 @ 95% CL
Done in 0.00 min (cpu), 0.00 min (real)
Generate toy 415/500

 -- Profile Likelihood -- 
Limit: r < 1.93793 @ 95% CL
Done in 0.00 min (cpu), 0.00 min (real)
Generate toy 416/500

 -- Profile Likelihood -- 
Limit: r < 1.47371 @ 95% CL
Done in 0.00 min (cpu), 0.00 min (real)
Generate toy 417/500

 -- Profile Likelihood -- 
Limit: r < 2.00069 @ 95% CL
Done in 0.00 min (cpu), 0.00 min (real)
Generate toy 418/500

 -- Profile Likelihood -- 
Limit: r < 0.559748 @ 95% CL
Done in 0.00 min (cpu), 0.00 min (real)
Generate toy 419/500

 -- Profile Likelihood -- 
Limit: r < 1.80045 @ 95% CL
Done in 0.00 min (cpu), 0.00 min (real)
Generate toy 420/500

 -- Profile Likelihood -- 
Limit: r < 1.24258 @ 95% CL
Done in 0.00 min (cpu), 0.00 min (real)
Generate toy 421/500

 -- Profile Likelihood -- 
Limit: r < 1.01969 @ 95% CL
Done in 0.00 min (cpu), 0.00 min (real)
Generate toy 422/500

 -- Profile Likelihood -- 
Limit: r < 0.784643 @ 95% CL
Done in 0.00 min (cpu), 0.00 min (real)
Generate toy 423/500

 -- Profile Likelihood -- 
Limit: r < 1.67365 @ 95% CL
Done in 0.00 min (cpu), 0.00 min (real)
Generate toy 424/500

 -- Profile Likelihood -- 
Limit: r < 1.93471 @ 95% CL
Done in 0.00 min (cpu), 0.00 min (real)
Generate toy 425/500

 -- Profile Likelihood -- 
Limit: r < 1.67186 @ 95% CL
Done in 0.00 min (cpu), 0.00 min (real)
Generate toy 426/500

 -- Profile Likelihood -- 
Limit: r < 1.51667 @ 95% CL
Done in 0.00 min (cpu), 0.00 min (real)
Generate toy 427/500

 -- Profile Likelihood -- 
Limit: r < 3.3483 @ 95% CL
Done in 0.00 min (cpu), 0.00 min (real)
Generate toy 428/500

 -- Profile Likelihood -- 
Limit: r < 1.58573 @ 95% CL
Done in 0.00 min (cpu), 0.00 min (real)
Generate toy 429/500

 -- Profile Likelihood -- 
Limit: r < 1.87526 @ 95% CL
Done in 0.00 min (cpu), 0.00 min (real)
Generate toy 430/500

 -- Profile Likelihood -- 
Limit: r < 2.24492 @ 95% CL
Done in 0.00 min (cpu), 0.00 min (real)
Generate toy 431/500

 -- Profile Likelihood -- 
Limit: r < 2.44304 @ 95% CL
Done in 0.00 min (cpu), 0.00 min (real)
Generate toy 432/500

 -- Profile Likelihood -- 
Limit: r < 2.55152 @ 95% CL
Done in 0.00 min (cpu), 0.00 min (real)
Generate toy 433/500

 -- Profile Likelihood -- 
Limit: r < 1.37513 @ 95% CL
Done in 0.00 min (cpu), 0.00 min (real)
Generate toy 434/500

 -- Profile Likelihood -- 
Limit: r < 2.06324 @ 95% CL
Done in 0.00 min (cpu), 0.00 min (real)
Generate toy 435/500

 -- Profile Likelihood -- 
Limit: r < 1.21513 @ 95% CL
Done in 0.00 min (cpu), 0.00 min (real)
Generate toy 436/500

 -- Profile Likelihood -- 
Limit: r < 1.37806 @ 95% CL
Done in 0.00 min (cpu), 0.00 min (real)
Generate toy 437/500

 -- Profile Likelihood -- 
Limit: r < 1.65796 @ 95% CL
Done in 0.00 min (cpu), 0.00 min (real)
Generate toy 438/500

 -- Profile Likelihood -- 
Limit: r < 2.34894 @ 95% CL
Done in 0.00 min (cpu), 0.00 min (real)
Generate toy 439/500

 -- Profile Likelihood -- 
Limit: r < 1.79666 @ 95% CL
Done in 0.00 min (cpu), 0.00 min (real)
Generate toy 440/500

 -- Profile Likelihood -- 
Limit: r < 2.38741 @ 95% CL
Done in 0.00 min (cpu), 0.00 min (real)
Generate toy 441/500

 -- Profile Likelihood -- 
Limit: r < 2.338 @ 95% CL
Done in 0.00 min (cpu), 0.00 min (real)
Generate toy 442/500

 -- Profile Likelihood -- 
Limit: r < 2.40028 @ 95% CL
Done in 0.00 min (cpu), 0.00 min (real)
Generate toy 443/500

 -- Profile Likelihood -- 
Limit: r < 0.836627 @ 95% CL
Done in 0.00 min (cpu), 0.00 min (real)
Generate toy 444/500

 -- Profile Likelihood -- 
Limit: r < 1.61102 @ 95% CL
Done in 0.00 min (cpu), 0.00 min (real)
Generate toy 445/500

 -- Profile Likelihood -- 
Limit: r < 0.966624 @ 95% CL
Done in 0.00 min (cpu), 0.00 min (real)
Generate toy 446/500

 -- Profile Likelihood -- 
Limit: r < 0.7657 @ 95% CL
Done in 0.00 min (cpu), 0.00 min (real)
Generate toy 447/500

 -- Profile Likelihood -- 
Limit: r < 1.72417 @ 95% CL
Done in 0.00 min (cpu), 0.00 min (real)
Generate toy 448/500

 -- Profile Likelihood -- 
Limit: r < 0.627276 @ 95% CL
Done in 0.00 min (cpu), 0.00 min (real)
Generate toy 449/500

 -- Profile Likelihood -- 
Limit: r < 0.694028 @ 95% CL
Done in 0.00 min (cpu), 0.00 min (real)
Generate toy 450/500

 -- Profile Likelihood -- 
Limit: r < 1.9689 @ 95% CL
Done in 0.00 min (cpu), 0.00 min (real)
Generate toy 451/500

 -- Profile Likelihood -- 
Limit: r < 0.92612 @ 95% CL
Done in 0.00 min (cpu), 0.00 min (real)
Generate toy 452/500

 -- Profile Likelihood -- 
Limit: r < 1.69453 @ 95% CL
Done in 0.00 min (cpu), 0.00 min (real)
Generate toy 453/500

 -- Profile Likelihood -- 
Limit: r < 0.864368 @ 95% CL
Done in 0.00 min (cpu), 0.00 min (real)
Generate toy 454/500

 -- Profile Likelihood -- 
Limit: r < 1.79716 @ 95% CL
Done in 0.00 min (cpu), 0.00 min (real)
Generate toy 455/500

 -- Profile Likelihood -- 
Limit: r < 1.71674 @ 95% CL
Done in 0.00 min (cpu), 0.00 min (real)
Generate toy 456/500

 -- Profile Likelihood -- 
Limit: r < 1.52034 @ 95% CL
Done in 0.00 min (cpu), 0.00 min (real)
Generate toy 457/500

 -- Profile Likelihood -- 
Limit: r < 1.63344 @ 95% CL
Done in 0.00 min (cpu), 0.00 min (real)
Generate toy 458/500

 -- Profile Likelihood -- 
Limit: r < 0.688903 @ 95% CL
Done in 0.00 min (cpu), 0.00 min (real)
Generate toy 459/500

 -- Profile Likelihood -- 
Limit: r < 2.02367 @ 95% CL
Done in 0.00 min (cpu), 0.00 min (real)
Generate toy 460/500

 -- Profile Likelihood -- 
Limit: r < 1.0457 @ 95% CL
Done in 0.00 min (cpu), 0.00 min (real)
Generate toy 461/500

 -- Profile Likelihood -- 
Limit: r < 1.8907 @ 95% CL
Done in 0.00 min (cpu), 0.00 min (real)
Generate toy 462/500

 -- Profile Likelihood -- 
Limit: r < 0.797034 @ 95% CL
Done in 0.00 min (cpu), 0.00 min (real)
Generate toy 463/500

 -- Profile Likelihood -- 
Limit: r < 2.14136 @ 95% CL
Done in 0.00 min (cpu), 0.00 min (real)
Generate toy 464/500

 -- Profile Likelihood -- 
Limit: r < 1.60143 @ 95% CL
Done in 0.00 min (cpu), 0.00 min (real)
Generate toy 465/500

 -- Profile Likelihood -- 
Limit: r < 0.606685 @ 95% CL
Done in 0.00 min (cpu), 0.00 min (real)
Generate toy 466/500

 -- Profile Likelihood -- 
Limit: r < 2.68334 @ 95% CL
Done in 0.00 min (cpu), 0.00 min (real)
Generate toy 467/500

 -- Profile Likelihood -- 
Limit: r < 0.89306 @ 95% CL
Done in 0.00 min (cpu), 0.00 min (real)
Generate toy 468/500

 -- Profile Likelihood -- 
Limit: r < 1.35199 @ 95% CL
Done in 0.00 min (cpu), 0.00 min (real)
Generate toy 469/500

 -- Profile Likelihood -- 
Limit: r < 1.94763 @ 95% CL
Done in 0.00 min (cpu), 0.00 min (real)
Generate toy 470/500

 -- Profile Likelihood -- 
Limit: r < 0.502661 @ 95% CL
Done in 0.00 min (cpu), 0.00 min (real)
Generate toy 471/500

 -- Profile Likelihood -- 
Limit: r < 1.55066 @ 95% CL
Done in 0.00 min (cpu), 0.00 min (real)
Generate toy 472/500

 -- Profile Likelihood -- 
Limit: r < 0.802719 @ 95% CL
Done in 0.00 min (cpu), 0.00 min (real)
Generate toy 473/500

 -- Profile Likelihood -- 
Limit: r < 0.704051 @ 95% CL
Done in 0.00 min (cpu), 0.00 min (real)
Generate toy 474/500

 -- Profile Likelihood -- 
Limit: r < 2.26598 @ 95% CL
Done in 0.00 min (cpu), 0.00 min (real)
Generate toy 475/500

 -- Profile Likelihood -- 
Limit: r < 1.80294 @ 95% CL
Done in 0.00 min (cpu), 0.00 min (real)
Generate toy 476/500

 -- Profile Likelihood -- 
Limit: r < 2.19035 @ 95% CL
Done in 0.00 min (cpu), 0.00 min (real)
Generate toy 477/500
Done in 0.00 min (cpu), 0.00 min (real)
Generate toy 478/500

 -- Profile Likelihood -- 
Limit: r < 2.43523 @ 95% CL
Done in 0.00 min (cpu), 0.00 min (real)
Generate toy 479/500

 -- Profile Likelihood -- 
Limit: r < 1.78734 @ 95% CL
Done in 0.00 min (cpu), 0.00 min (real)
Generate toy 480/500

 -- Profile Likelihood -- 
Limit: r < 0.80218 @ 95% CL
Done in 0.00 min (cpu), 0.00 min (real)
Generate toy 481/500

 -- Profile Likelihood -- 
Limit: r < 1.54494 @ 95% CL
Done in 0.00 min (cpu), 0.00 min (real)
Generate toy 482/500

 -- Profile Likelihood -- 
Limit: r < 1.70535 @ 95% CL
Done in 0.00 min (cpu), 0.00 min (real)
Generate toy 483/500

 -- Profile Likelihood -- 
Limit: r < 1.75971 @ 95% CL
Done in 0.00 min (cpu), 0.00 min (real)
Generate toy 484/500

 -- Profile Likelihood -- 
Limit: r < 2.76326 @ 95% CL
Done in 0.00 min (cpu), 0.00 min (real)
Generate toy 485/500

 -- Profile Likelihood -- 
Limit: r < 1.91682 @ 95% CL
Done in 0.00 min (cpu), 0.00 min (real)
Generate toy 486/500

 -- Profile Likelihood -- 
Limit: r < 1.25409 @ 95% CL
Done in 0.00 min (cpu), 0.00 min (real)
Generate toy 487/500

 -- Profile Likelihood -- 
Limit: r < 1.00319 @ 95% CL
Done in 0.00 min (cpu), 0.00 min (real)
Generate toy 488/500

 -- Profile Likelihood -- 
Limit: r < 0.79529 @ 95% CL
Done in 0.00 min (cpu), 0.00 min (real)
Generate toy 489/500

 -- Profile Likelihood -- 
Limit: r < 1.11784 @ 95% CL
Done in 0.00 min (cpu), 0.00 min (real)
Generate toy 490/500

 -- Profile Likelihood -- 
Limit: r < 2.26632 @ 95% CL
Done in 0.00 min (cpu), 0.00 min (real)
Generate toy 491/500

 -- Profile Likelihood -- 
Limit: r < 0.699109 @ 95% CL
Done in 0.00 min (cpu), 0.00 min (real)
Generate toy 492/500

 -- Profile Likelihood -- 
Limit: r < 1.19501 @ 95% CL
Done in 0.00 min (cpu), 0.00 min (real)
Generate toy 493/500

 -- Profile Likelihood -- 
Limit: r < 1.50388 @ 95% CL
Done in 0.00 min (cpu), 0.00 min (real)
Generate toy 494/500

 -- Profile Likelihood -- 
Limit: r < 2.04574 @ 95% CL
Done in 0.00 min (cpu), 0.00 min (real)
Generate toy 495/500

 -- Profile Likelihood -- 
Limit: r < 1.67739 @ 95% CL
Done in 0.00 min (cpu), 0.00 min (real)
Generate toy 496/500

 -- Profile Likelihood -- 
Limit: r < 1.80894 @ 95% CL
Done in 0.00 min (cpu), 0.00 min (real)
Generate toy 497/500

 -- Profile Likelihood -- 
Limit: r < 0.996549 @ 95% CL
Done in 0.00 min (cpu), 0.00 min (real)
Generate toy 498/500

 -- Profile Likelihood -- 
Limit: r < 1.66284 @ 95% CL
Done in 0.00 min (cpu), 0.00 min (real)
Generate toy 499/500

 -- Profile Likelihood -- 
Limit: r < 1.99145 @ 95% CL
Done in 0.00 min (cpu), 0.00 min (real)
Generate toy 500/500

 -- Profile Likelihood -- 
Limit: r < 0.931964 @ 95% CL
Done in 0.00 min (cpu), 0.00 min (real)
mean   expected limit: r < 1.50071 +/- 0.0285695 @ 95%CL (489 toyMC)
median expected limit: r < 1.4624 @ 95%CL (489 toyMC)
   68% expected band : 0.832627 < r < 2.19035
   95% expected band : 0.562257 < r < 2.81239
