>>> including systematics
>>> method used to compute upper limit is Asymptotic
>>> random number generator seed is 123456
The signal model has no nuisance parameters. Please run the limit tool with no systematics (option -S 0).
To make things easier, I will assume you have done it.

Computing limit starting from observation
PDF didn't factorize!
Parameters: 
  1) RooRealVar:: n_exp_binel2jetCMS_proc_Bkgrdtot = 2814.42
  2) RooRealVar:: n_exp_binel3jetCMS_proc_Bkgrdtot = 1223.46
  3) RooRealVar:: n_exp_binmu2jetCMS_proc_Bkgrdtot = 3431.33
  4) RooRealVar:: n_exp_binmu3jetCMS_proc_Bkgrdtot = 1349.13
  5) RooRealVar::                                r = 0.2
Obs: 
  1) RooCategory:: CMS_channel = mu3jetCMS
  2) RooRealVar::    CMS_th1x = 11.5
PDF didn't factorize!
Parameters: 
  1) RooRealVar:: n_exp_binel2jetCMS_proc_Bkgrdtot = 2814.42
  2) RooRealVar:: n_exp_binel3jetCMS_proc_Bkgrdtot = 1223.46
  3) RooRealVar:: n_exp_binmu2jetCMS_proc_Bkgrdtot = 3431.33
  4) RooRealVar:: n_exp_binmu3jetCMS_proc_Bkgrdtot = 1349.13
  5) RooRealVar::                                r = 10
Obs: 
  1) RooCategory:: CMS_channel = mu3jetCMS
  2) RooRealVar::    CMS_th1x = 11.5
PDF didn't factorize!
Parameters: 
  1) RooRealVar:: n_exp_binel2jetCMS_proc_Bkgrdtot = 2814.42
  2) RooRealVar:: n_exp_binel3jetCMS_proc_Bkgrdtot = 1223.46
  3) RooRealVar:: n_exp_binmu2jetCMS_proc_Bkgrdtot = 3431.33
  4) RooRealVar:: n_exp_binmu3jetCMS_proc_Bkgrdtot = 1349.13
  5) RooRealVar::                                r = 10
Obs: 
  1) RooCategory:: CMS_channel = mu3jetCMS
  2) RooRealVar::    CMS_th1x = 11.5

 -- Asymptotic -- 
Observed Limit: r < 0.5756
Expected  2.5%: r < 0.4938
Expected 16.0%: r < 0.6568
Expected 50.0%: r < 0.9102
Expected 84.0%: r < 1.2642
Expected 97.5%: r < 1.6797

Done in 0.00 min (cpu), 0.00 min (real)
