>>> including systematics
>>> method used to compute upper limit is ProfileLikelihood
>>> random number generator seed is 123456

Sanity checks on the model: OK
Generate toy 1/500

 -- Profile Likelihood -- 
Limit: r < 0.814254 @ 95% CL
Done in 0.00 min (cpu), 0.00 min (real)
Generate toy 2/500

 -- Profile Likelihood -- 
Limit: r < 0.949723 @ 95% CL
Done in 0.00 min (cpu), 0.00 min (real)
Generate toy 3/500

 -- Profile Likelihood -- 
Limit: r < 0.918207 @ 95% CL
Done in 0.00 min (cpu), 0.00 min (real)
Generate toy 4/500

 -- Profile Likelihood -- 
Limit: r < 1.91842 @ 95% CL
Done in 0.00 min (cpu), 0.00 min (real)
Generate toy 5/500

 -- Profile Likelihood -- 
Limit: r < 1.25688 @ 95% CL
Done in 0.00 min (cpu), 0.00 min (real)
Generate toy 6/500

 -- Profile Likelihood -- 
Limit: r < 0.415935 @ 95% CL
Done in 0.00 min (cpu), 0.00 min (real)
Generate toy 7/500
Done in 0.00 min (cpu), 0.00 min (real)
Generate toy 8/500

 -- Profile Likelihood -- 
Limit: r < 1.15744 @ 95% CL
Done in 0.00 min (cpu), 0.00 min (real)
Generate toy 9/500

 -- Profile Likelihood -- 
Limit: r < 0.485681 @ 95% CL
Done in 0.00 min (cpu), 0.00 min (real)
Generate toy 10/500

 -- Profile Likelihood -- 
Limit: r < 0.610368 @ 95% CL
Done in 0.00 min (cpu), 0.00 min (real)
Generate toy 11/500

 -- Profile Likelihood -- 
Limit: r < 1.33048 @ 95% CL
Done in 0.00 min (cpu), 0.00 min (real)
Generate toy 12/500

 -- Profile Likelihood -- 
Limit: r < 2.09198 @ 95% CL
Done in 0.00 min (cpu), 0.00 min (real)
Generate toy 13/500

 -- Profile Likelihood -- 
Limit: r < 0.562617 @ 95% CL
Done in 0.00 min (cpu), 0.00 min (real)
Generate toy 14/500

 -- Profile Likelihood -- 
Limit: r < 1.26457 @ 95% CL
Done in 0.00 min (cpu), 0.00 min (real)
Generate toy 15/500

 -- Profile Likelihood -- 
Limit: r < 0.616665 @ 95% CL
Done in 0.00 min (cpu), 0.00 min (real)
Generate toy 16/500

 -- Profile Likelihood -- 
Limit: r < 1.02748 @ 95% CL
Done in 0.00 min (cpu), 0.00 min (real)
Generate toy 17/500

 -- Profile Likelihood -- 
Limit: r < 0.67491 @ 95% CL
Done in 0.00 min (cpu), 0.00 min (real)
Generate toy 18/500

 -- Profile Likelihood -- 
Limit: r < 1.35742 @ 95% CL
Done in 0.00 min (cpu), 0.00 min (real)
Generate toy 19/500

 -- Profile Likelihood -- 
Limit: r < 0.894168 @ 95% CL
Done in 0.00 min (cpu), 0.00 min (real)
Generate toy 20/500

 -- Profile Likelihood -- 
Limit: r < 1.21198 @ 95% CL
Done in 0.00 min (cpu), 0.00 min (real)
Generate toy 21/500

 -- Profile Likelihood -- 
Limit: r < 0.578575 @ 95% CL
Done in 0.00 min (cpu), 0.00 min (real)
Generate toy 22/500

 -- Profile Likelihood -- 
Limit: r < 1.058 @ 95% CL
Done in 0.00 min (cpu), 0.00 min (real)
Generate toy 23/500

 -- Profile Likelihood -- 
Limit: r < 1.12824 @ 95% CL
Done in 0.00 min (cpu), 0.00 min (real)
Generate toy 24/500

 -- Profile Likelihood -- 
Limit: r < 1.19899 @ 95% CL
Done in 0.00 min (cpu), 0.00 min (real)
Generate toy 25/500

 -- Profile Likelihood -- 
Limit: r < 0.50988 @ 95% CL
Done in 0.00 min (cpu), 0.00 min (real)
Generate toy 26/500

 -- Profile Likelihood -- 
Limit: r < 1.3133 @ 95% CL
Done in 0.00 min (cpu), 0.00 min (real)
Generate toy 27/500

 -- Profile Likelihood -- 
Limit: r < 0.698439 @ 95% CL
Done in 0.00 min (cpu), 0.00 min (real)
Generate toy 28/500

 -- Profile Likelihood -- 
Limit: r < 1.06059 @ 95% CL
Done in 0.00 min (cpu), 0.00 min (real)
Generate toy 29/500
Done in 0.00 min (cpu), 0.00 min (real)
Generate toy 30/500

 -- Profile Likelihood -- 
Limit: r < 0.963376 @ 95% CL
Done in 0.00 min (cpu), 0.00 min (real)
Generate toy 31/500

 -- Profile Likelihood -- 
Limit: r < 0.491034 @ 95% CL
Done in 0.00 min (cpu), 0.00 min (real)
Generate toy 32/500

 -- Profile Likelihood -- 
Limit: r < 0.75643 @ 95% CL
Done in 0.00 min (cpu), 0.00 min (real)
Generate toy 33/500

 -- Profile Likelihood -- 
Limit: r < 0.36137 @ 95% CL
Done in 0.00 min (cpu), 0.00 min (real)
Generate toy 34/500

 -- Profile Likelihood -- 
Limit: r < 1.1238 @ 95% CL
Done in 0.00 min (cpu), 0.00 min (real)
Generate toy 35/500

 -- Profile Likelihood -- 
Limit: r < 1.14202 @ 95% CL
Done in 0.00 min (cpu), 0.00 min (real)
Generate toy 36/500

 -- Profile Likelihood -- 
Limit: r < 1.248 @ 95% CL
Done in 0.00 min (cpu), 0.00 min (real)
Generate toy 37/500

 -- Profile Likelihood -- 
Limit: r < 0.369109 @ 95% CL
Done in 0.00 min (cpu), 0.00 min (real)
Generate toy 38/500

 -- Profile Likelihood -- 
Limit: r < 1.42565 @ 95% CL
Done in 0.00 min (cpu), 0.00 min (real)
Generate toy 39/500

 -- Profile Likelihood -- 
Limit: r < 1.26688 @ 95% CL
Done in 0.00 min (cpu), 0.00 min (real)
Generate toy 40/500

 -- Profile Likelihood -- 
Limit: r < 2.16788 @ 95% CL
Done in 0.00 min (cpu), 0.00 min (real)
Generate toy 41/500

 -- Profile Likelihood -- 
Limit: r < 0.812302 @ 95% CL
Done in 0.00 min (cpu), 0.00 min (real)
Generate toy 42/500

 -- Profile Likelihood -- 
Limit: r < 1.60926 @ 95% CL
Done in 0.00 min (cpu), 0.00 min (real)
Generate toy 43/500

 -- Profile Likelihood -- 
Limit: r < 0.711196 @ 95% CL
Done in 0.00 min (cpu), 0.00 min (real)
Generate toy 44/500

 -- Profile Likelihood -- 
Limit: r < 0.523767 @ 95% CL
Done in 0.00 min (cpu), 0.00 min (real)
Generate toy 45/500

 -- Profile Likelihood -- 
Limit: r < 2.26187 @ 95% CL
Done in 0.00 min (cpu), 0.00 min (real)
Generate toy 46/500

 -- Profile Likelihood -- 
Limit: r < 1.39398 @ 95% CL
Done in 0.00 min (cpu), 0.00 min (real)
Generate toy 47/500

 -- Profile Likelihood -- 
Limit: r < 1.80797 @ 95% CL
Done in 0.00 min (cpu), 0.00 min (real)
Generate toy 48/500

 -- Profile Likelihood -- 
Limit: r < 0.709974 @ 95% CL
Done in 0.00 min (cpu), 0.00 min (real)
Generate toy 49/500

 -- Profile Likelihood -- 
Limit: r < 0.791186 @ 95% CL
Done in 0.00 min (cpu), 0.00 min (real)
Generate toy 50/500
Done in 0.00 min (cpu), 0.00 min (real)
Generate toy 51/500

 -- Profile Likelihood -- 
Limit: r < 0.522023 @ 95% CL
Done in 0.00 min (cpu), 0.00 min (real)
Generate toy 52/500

 -- Profile Likelihood -- 
Limit: r < 1.28142 @ 95% CL
Done in 0.00 min (cpu), 0.00 min (real)
Generate toy 53/500

 -- Profile Likelihood -- 
Limit: r < 0.381997 @ 95% CL
Done in 0.00 min (cpu), 0.00 min (real)
Generate toy 54/500

 -- Profile Likelihood -- 
Limit: r < 0.752437 @ 95% CL
Done in 0.00 min (cpu), 0.00 min (real)
Generate toy 55/500

 -- Profile Likelihood -- 
Limit: r < 0.62325 @ 95% CL
Done in 0.00 min (cpu), 0.00 min (real)
Generate toy 56/500

 -- Profile Likelihood -- 
Limit: r < 0.6048 @ 95% CL
Done in 0.00 min (cpu), 0.00 min (real)
Generate toy 57/500

 -- Profile Likelihood -- 
Limit: r < 1.07951 @ 95% CL
Done in 0.00 min (cpu), 0.00 min (real)
Generate toy 58/500

 -- Profile Likelihood -- 
Limit: r < 0.77112 @ 95% CL
Done in 0.00 min (cpu), 0.00 min (real)
Generate toy 59/500

 -- Profile Likelihood -- 
Limit: r < 0.415414 @ 95% CL
Done in 0.00 min (cpu), 0.00 min (real)
Generate toy 60/500

 -- Profile Likelihood -- 
Limit: r < 0.832817 @ 95% CL
Done in 0.00 min (cpu), 0.00 min (real)
Generate toy 61/500

 -- Profile Likelihood -- 
Limit: r < 1.05697 @ 95% CL
Done in 0.00 min (cpu), 0.00 min (real)
Generate toy 62/500

 -- Profile Likelihood -- 
Limit: r < 0.649193 @ 95% CL
Done in 0.00 min (cpu), 0.00 min (real)
Generate toy 63/500

 -- Profile Likelihood -- 
Limit: r < 0.650259 @ 95% CL
Done in 0.00 min (cpu), 0.00 min (real)
Generate toy 64/500

 -- Profile Likelihood -- 
Limit: r < 0.718975 @ 95% CL
Done in 0.00 min (cpu), 0.00 min (real)
Generate toy 65/500

 -- Profile Likelihood -- 
Limit: r < 0.38229 @ 95% CL
Done in 0.00 min (cpu), 0.00 min (real)
Generate toy 66/500

 -- Profile Likelihood -- 
Limit: r < 1.8293 @ 95% CL
Done in 0.00 min (cpu), 0.00 min (real)
Generate toy 67/500

 -- Profile Likelihood -- 
Limit: r < 0.773812 @ 95% CL
Done in 0.00 min (cpu), 0.00 min (real)
Generate toy 68/500

 -- Profile Likelihood -- 
Limit: r < 1.33849 @ 95% CL
Done in 0.00 min (cpu), 0.00 min (real)
Generate toy 69/500

 -- Profile Likelihood -- 
Limit: r < 1.04054 @ 95% CL
Done in 0.00 min (cpu), 0.00 min (real)
Generate toy 70/500

 -- Profile Likelihood -- 
Limit: r < 0.736524 @ 95% CL
Done in 0.00 min (cpu), 0.00 min (real)
Generate toy 71/500

 -- Profile Likelihood -- 
Limit: r < 0.960664 @ 95% CL
Done in 0.00 min (cpu), 0.00 min (real)
Generate toy 72/500

 -- Profile Likelihood -- 
Limit: r < 1.39031 @ 95% CL
Done in 0.00 min (cpu), 0.00 min (real)
Generate toy 73/500

 -- Profile Likelihood -- 
Limit: r < 1.67582 @ 95% CL
Done in 0.00 min (cpu), 0.00 min (real)
Generate toy 74/500

 -- Profile Likelihood -- 
Limit: r < 0.882247 @ 95% CL
Done in 0.00 min (cpu), 0.00 min (real)
Generate toy 75/500

 -- Profile Likelihood -- 
Limit: r < 1.41403 @ 95% CL
Done in 0.00 min (cpu), 0.00 min (real)
Generate toy 76/500

 -- Profile Likelihood -- 
Limit: r < 1.1647 @ 95% CL
Done in 0.00 min (cpu), 0.00 min (real)
Generate toy 77/500

 -- Profile Likelihood -- 
Limit: r < 0.817467 @ 95% CL
Done in 0.00 min (cpu), 0.00 min (real)
Generate toy 78/500

 -- Profile Likelihood -- 
Limit: r < 0.466618 @ 95% CL
Done in 0.00 min (cpu), 0.00 min (real)
Generate toy 79/500

 -- Profile Likelihood -- 
Limit: r < 1.04992 @ 95% CL
Done in 0.00 min (cpu), 0.00 min (real)
Generate toy 80/500

 -- Profile Likelihood -- 
Limit: r < 1.08828 @ 95% CL
Done in 0.00 min (cpu), 0.00 min (real)
Generate toy 81/500

 -- Profile Likelihood -- 
Limit: r < 0.601163 @ 95% CL
Done in 0.00 min (cpu), 0.00 min (real)
Generate toy 82/500

 -- Profile Likelihood -- 
Limit: r < 0.445742 @ 95% CL
Done in 0.00 min (cpu), 0.00 min (real)
Generate toy 83/500

 -- Profile Likelihood -- 
Limit: r < 0.881799 @ 95% CL
Done in 0.00 min (cpu), 0.00 min (real)
Generate toy 84/500

 -- Profile Likelihood -- 
Limit: r < 1.24254 @ 95% CL
Done in 0.00 min (cpu), 0.00 min (real)
Generate toy 85/500

 -- Profile Likelihood -- 
Limit: r < 0.378734 @ 95% CL
Done in 0.00 min (cpu), 0.00 min (real)
Generate toy 86/500

 -- Profile Likelihood -- 
Limit: r < 1.44966 @ 95% CL
Done in 0.00 min (cpu), 0.00 min (real)
Generate toy 87/500

 -- Profile Likelihood -- 
Limit: r < 1.02172 @ 95% CL
Done in 0.00 min (cpu), 0.00 min (real)
Generate toy 88/500

 -- Profile Likelihood -- 
Limit: r < 1.00472 @ 95% CL
Done in 0.00 min (cpu), 0.00 min (real)
Generate toy 89/500

 -- Profile Likelihood -- 
Limit: r < 0.586919 @ 95% CL
Done in 0.00 min (cpu), 0.00 min (real)
Generate toy 90/500

 -- Profile Likelihood -- 
Limit: r < 0.462922 @ 95% CL
Done in 0.00 min (cpu), 0.00 min (real)
Generate toy 91/500

 -- Profile Likelihood -- 
Limit: r < 1.19256 @ 95% CL
Done in 0.00 min (cpu), 0.00 min (real)
Generate toy 92/500

 -- Profile Likelihood -- 
Limit: r < 1.47514 @ 95% CL
Done in 0.00 min (cpu), 0.00 min (real)
Generate toy 93/500

 -- Profile Likelihood -- 
Limit: r < 0.827144 @ 95% CL
Done in 0.00 min (cpu), 0.00 min (real)
Generate toy 94/500

 -- Profile Likelihood -- 
Limit: r < 0.692632 @ 95% CL
Done in 0.00 min (cpu), 0.00 min (real)
Generate toy 95/500

 -- Profile Likelihood -- 
Limit: r < 1.24002 @ 95% CL
Done in 0.00 min (cpu), 0.00 min (real)
Generate toy 96/500

 -- Profile Likelihood -- 
Limit: r < 0.585806 @ 95% CL
Done in 0.00 min (cpu), 0.00 min (real)
Generate toy 97/500

 -- Profile Likelihood -- 
Limit: r < 1.34303 @ 95% CL
Done in 0.00 min (cpu), 0.00 min (real)
Generate toy 98/500

 -- Profile Likelihood -- 
Limit: r < 1.18151 @ 95% CL
Done in 0.00 min (cpu), 0.00 min (real)
Generate toy 99/500

 -- Profile Likelihood -- 
Limit: r < 0.283313 @ 95% CL
Done in 0.00 min (cpu), 0.00 min (real)
Generate toy 100/500

 -- Profile Likelihood -- 
Limit: r < 1.16947 @ 95% CL
Done in 0.00 min (cpu), 0.00 min (real)
Generate toy 101/500

 -- Profile Likelihood -- 
Limit: r < 1.52792 @ 95% CL
Done in 0.00 min (cpu), 0.00 min (real)
Generate toy 102/500

 -- Profile Likelihood -- 
Limit: r < 0.440054 @ 95% CL
Done in 0.00 min (cpu), 0.00 min (real)
Generate toy 103/500

 -- Profile Likelihood -- 
Limit: r < 0.514148 @ 95% CL
Done in 0.00 min (cpu), 0.00 min (real)
Generate toy 104/500

 -- Profile Likelihood -- 
Limit: r < 1.22772 @ 95% CL
Done in 0.00 min (cpu), 0.00 min (real)
Generate toy 105/500

 -- Profile Likelihood -- 
Limit: r < 1.31815 @ 95% CL
Done in 0.00 min (cpu), 0.00 min (real)
Generate toy 106/500

 -- Profile Likelihood -- 
Limit: r < 0.517761 @ 95% CL
Done in 0.00 min (cpu), 0.00 min (real)
Generate toy 107/500

 -- Profile Likelihood -- 
Limit: r < 0.345339 @ 95% CL
Done in 0.00 min (cpu), 0.00 min (real)
Generate toy 108/500

 -- Profile Likelihood -- 
Limit: r < 0.865959 @ 95% CL
Done in 0.00 min (cpu), 0.00 min (real)
Generate toy 109/500

 -- Profile Likelihood -- 
Limit: r < 0.772051 @ 95% CL
Done in 0.00 min (cpu), 0.00 min (real)
Generate toy 110/500

 -- Profile Likelihood -- 
Limit: r < 0.902317 @ 95% CL
Done in 0.00 min (cpu), 0.00 min (real)
Generate toy 111/500

 -- Profile Likelihood -- 
Limit: r < 0.949941 @ 95% CL
Done in 0.00 min (cpu), 0.00 min (real)
Generate toy 112/500

 -- Profile Likelihood -- 
Limit: r < 1.10652 @ 95% CL
Done in 0.00 min (cpu), 0.00 min (real)
Generate toy 113/500

 -- Profile Likelihood -- 
Limit: r < 0.813579 @ 95% CL
Done in 0.00 min (cpu), 0.00 min (real)
Generate toy 114/500

 -- Profile Likelihood -- 
Limit: r < 1.14623 @ 95% CL
Done in 0.00 min (cpu), 0.00 min (real)
Generate toy 115/500

 -- Profile Likelihood -- 
Limit: r < 0.571622 @ 95% CL
Done in 0.00 min (cpu), 0.00 min (real)
Generate toy 116/500

 -- Profile Likelihood -- 
Limit: r < 0.542196 @ 95% CL
Done in 0.00 min (cpu), 0.00 min (real)
Generate toy 117/500

 -- Profile Likelihood -- 
Limit: r < 1.00034 @ 95% CL
Done in 0.00 min (cpu), 0.00 min (real)
Generate toy 118/500

 -- Profile Likelihood -- 
Limit: r < 1.41385 @ 95% CL
Done in 0.00 min (cpu), 0.00 min (real)
Generate toy 119/500

 -- Profile Likelihood -- 
Limit: r < 1.71974 @ 95% CL
Done in 0.00 min (cpu), 0.00 min (real)
Generate toy 120/500

 -- Profile Likelihood -- 
Limit: r < 0.898854 @ 95% CL
Done in 0.00 min (cpu), 0.00 min (real)
Generate toy 121/500

 -- Profile Likelihood -- 
Limit: r < 0.537476 @ 95% CL
Done in 0.00 min (cpu), 0.00 min (real)
Generate toy 122/500

 -- Profile Likelihood -- 
Limit: r < 1.24904 @ 95% CL
Done in 0.00 min (cpu), 0.00 min (real)
Generate toy 123/500

 -- Profile Likelihood -- 
Limit: r < 0.703564 @ 95% CL
Done in 0.00 min (cpu), 0.00 min (real)
Generate toy 124/500

 -- Profile Likelihood -- 
Limit: r < 0.824721 @ 95% CL
Done in 0.00 min (cpu), 0.00 min (real)
Generate toy 125/500

 -- Profile Likelihood -- 
Limit: r < 1.0391 @ 95% CL
Done in 0.00 min (cpu), 0.00 min (real)
Generate toy 126/500

 -- Profile Likelihood -- 
Limit: r < 0.823842 @ 95% CL
Done in 0.00 min (cpu), 0.00 min (real)
Generate toy 127/500

 -- Profile Likelihood -- 
Limit: r < 1.1987 @ 95% CL
Done in 0.00 min (cpu), 0.00 min (real)
Generate toy 128/500

 -- Profile Likelihood -- 
Limit: r < 0.570854 @ 95% CL
Done in 0.00 min (cpu), 0.00 min (real)
Generate toy 129/500

 -- Profile Likelihood -- 
Limit: r < 0.496971 @ 95% CL
Done in 0.00 min (cpu), 0.00 min (real)
Generate toy 130/500
Done in 0.00 min (cpu), 0.00 min (real)
Generate toy 131/500

 -- Profile Likelihood -- 
Limit: r < 0.399674 @ 95% CL
Done in 0.00 min (cpu), 0.00 min (real)
Generate toy 132/500

 -- Profile Likelihood -- 
Limit: r < 0.610583 @ 95% CL
Done in 0.00 min (cpu), 0.00 min (real)
Generate toy 133/500

 -- Profile Likelihood -- 
Limit: r < 0.613575 @ 95% CL
Done in 0.00 min (cpu), 0.00 min (real)
Generate toy 134/500

 -- Profile Likelihood -- 
Limit: r < 0.618233 @ 95% CL
Done in 0.00 min (cpu), 0.00 min (real)
Generate toy 135/500

 -- Profile Likelihood -- 
Limit: r < 0.676536 @ 95% CL
Done in 0.00 min (cpu), 0.00 min (real)
Generate toy 136/500

 -- Profile Likelihood -- 
Limit: r < 0.673371 @ 95% CL
Done in 0.00 min (cpu), 0.00 min (real)
Generate toy 137/500

 -- Profile Likelihood -- 
Limit: r < 0.72713 @ 95% CL
Done in 0.00 min (cpu), 0.00 min (real)
Generate toy 138/500

 -- Profile Likelihood -- 
Limit: r < 0.965782 @ 95% CL
Done in 0.00 min (cpu), 0.00 min (real)
Generate toy 139/500

 -- Profile Likelihood -- 
Limit: r < 0.592522 @ 95% CL
Done in 0.00 min (cpu), 0.00 min (real)
Generate toy 140/500

 -- Profile Likelihood -- 
Limit: r < 1.46726 @ 95% CL
Done in 0.00 min (cpu), 0.00 min (real)
Generate toy 141/500

 -- Profile Likelihood -- 
Limit: r < 0.693383 @ 95% CL
Done in 0.00 min (cpu), 0.00 min (real)
Generate toy 142/500

 -- Profile Likelihood -- 
Limit: r < 0.592016 @ 95% CL
Done in 0.00 min (cpu), 0.00 min (real)
Generate toy 143/500

 -- Profile Likelihood -- 
Limit: r < 0.81272 @ 95% CL
Done in 0.00 min (cpu), 0.00 min (real)
Generate toy 144/500

 -- Profile Likelihood -- 
Limit: r < 1.46885 @ 95% CL
Done in 0.00 min (cpu), 0.00 min (real)
Generate toy 145/500

 -- Profile Likelihood -- 
Limit: r < 0.781617 @ 95% CL
Done in 0.00 min (cpu), 0.00 min (real)
Generate toy 146/500

 -- Profile Likelihood -- 
Limit: r < 0.372286 @ 95% CL
Done in 0.00 min (cpu), 0.00 min (real)
Generate toy 147/500

 -- Profile Likelihood -- 
Limit: r < 1.3305 @ 95% CL
Done in 0.00 min (cpu), 0.00 min (real)
Generate toy 148/500

 -- Profile Likelihood -- 
Limit: r < 0.993132 @ 95% CL
Done in 0.00 min (cpu), 0.00 min (real)
Generate toy 149/500

 -- Profile Likelihood -- 
Limit: r < 1.20471 @ 95% CL
Done in 0.00 min (cpu), 0.00 min (real)
Generate toy 150/500

 -- Profile Likelihood -- 
Limit: r < 0.794471 @ 95% CL
Done in 0.00 min (cpu), 0.00 min (real)
Generate toy 151/500

 -- Profile Likelihood -- 
Limit: r < 0.828505 @ 95% CL
Done in 0.00 min (cpu), 0.00 min (real)
Generate toy 152/500

 -- Profile Likelihood -- 
Limit: r < 1.8634 @ 95% CL
Done in 0.00 min (cpu), 0.00 min (real)
Generate toy 153/500

 -- Profile Likelihood -- 
Limit: r < 0.630354 @ 95% CL
Done in 0.00 min (cpu), 0.00 min (real)
Generate toy 154/500

 -- Profile Likelihood -- 
Limit: r < 1.5035 @ 95% CL
Done in 0.00 min (cpu), 0.00 min (real)
Generate toy 155/500

 -- Profile Likelihood -- 
Limit: r < 1.37706 @ 95% CL
Done in 0.00 min (cpu), 0.00 min (real)
Generate toy 156/500

 -- Profile Likelihood -- 
Limit: r < 0.981284 @ 95% CL
Done in 0.00 min (cpu), 0.00 min (real)
Generate toy 157/500

 -- Profile Likelihood -- 
Limit: r < 0.373745 @ 95% CL
Done in 0.00 min (cpu), 0.00 min (real)
Generate toy 158/500

 -- Profile Likelihood -- 
Limit: r < 1.82806 @ 95% CL
Done in 0.00 min (cpu), 0.00 min (real)
Generate toy 159/500
Done in 0.00 min (cpu), 0.00 min (real)
Generate toy 160/500

 -- Profile Likelihood -- 
Limit: r < 1.40587 @ 95% CL
Done in 0.00 min (cpu), 0.00 min (real)
Generate toy 161/500

 -- Profile Likelihood -- 
Limit: r < 0.884237 @ 95% CL
Done in 0.00 min (cpu), 0.00 min (real)
Generate toy 162/500

 -- Profile Likelihood -- 
Limit: r < 0.405244 @ 95% CL
Done in 0.00 min (cpu), 0.00 min (real)
Generate toy 163/500

 -- Profile Likelihood -- 
Limit: r < 0.687692 @ 95% CL
Done in 0.00 min (cpu), 0.00 min (real)
Generate toy 164/500

 -- Profile Likelihood -- 
Limit: r < 0.469582 @ 95% CL
Done in 0.00 min (cpu), 0.00 min (real)
Generate toy 165/500

 -- Profile Likelihood -- 
Limit: r < 0.77998 @ 95% CL
Done in 0.00 min (cpu), 0.00 min (real)
Generate toy 166/500

 -- Profile Likelihood -- 
Limit: r < 1.03627 @ 95% CL
Done in 0.00 min (cpu), 0.00 min (real)
Generate toy 167/500

 -- Profile Likelihood -- 
Limit: r < 0.501259 @ 95% CL
Done in 0.00 min (cpu), 0.00 min (real)
Generate toy 168/500

 -- Profile Likelihood -- 
Limit: r < 0.695002 @ 95% CL
Done in 0.00 min (cpu), 0.00 min (real)
Generate toy 169/500

 -- Profile Likelihood -- 
Limit: r < 1.18097 @ 95% CL
Done in 0.00 min (cpu), 0.00 min (real)
Generate toy 170/500

 -- Profile Likelihood -- 
Limit: r < 0.970507 @ 95% CL
Done in 0.00 min (cpu), 0.00 min (real)
Generate toy 171/500

 -- Profile Likelihood -- 
Limit: r < 1.49443 @ 95% CL
Done in 0.00 min (cpu), 0.00 min (real)
Generate toy 172/500

 -- Profile Likelihood -- 
Limit: r < 0.629226 @ 95% CL
Done in 0.00 min (cpu), 0.00 min (real)
Generate toy 173/500

 -- Profile Likelihood -- 
Limit: r < 0.861731 @ 95% CL
Done in 0.00 min (cpu), 0.00 min (real)
Generate toy 174/500

 -- Profile Likelihood -- 
Limit: r < 0.953519 @ 95% CL
Done in 0.00 min (cpu), 0.00 min (real)
Generate toy 175/500

 -- Profile Likelihood -- 
Limit: r < 0.356483 @ 95% CL
Done in 0.00 min (cpu), 0.00 min (real)
Generate toy 176/500

 -- Profile Likelihood -- 
Limit: r < 1.11877 @ 95% CL
Done in 0.00 min (cpu), 0.00 min (real)
Generate toy 177/500

 -- Profile Likelihood -- 
Limit: r < 1.30586 @ 95% CL
Done in 0.00 min (cpu), 0.00 min (real)
Generate toy 178/500

 -- Profile Likelihood -- 
Limit: r < 1.3251 @ 95% CL
Done in 0.00 min (cpu), 0.00 min (real)
Generate toy 179/500

 -- Profile Likelihood -- 
Limit: r < 1.09171 @ 95% CL
Done in 0.00 min (cpu), 0.00 min (real)
Generate toy 180/500

 -- Profile Likelihood -- 
Limit: r < 1.10161 @ 95% CL
Done in 0.00 min (cpu), 0.00 min (real)
Generate toy 181/500

 -- Profile Likelihood -- 
Limit: r < 0.449729 @ 95% CL
Done in 0.00 min (cpu), 0.00 min (real)
Generate toy 182/500

 -- Profile Likelihood -- 
Limit: r < 0.381046 @ 95% CL
Done in 0.00 min (cpu), 0.00 min (real)
Generate toy 183/500

 -- Profile Likelihood -- 
Limit: r < 0.912717 @ 95% CL
Done in 0.00 min (cpu), 0.00 min (real)
Generate toy 184/500

 -- Profile Likelihood -- 
Limit: r < 0.666735 @ 95% CL
Done in 0.00 min (cpu), 0.00 min (real)
Generate toy 185/500

 -- Profile Likelihood -- 
Limit: r < 0.443164 @ 95% CL
Done in 0.00 min (cpu), 0.00 min (real)
Generate toy 186/500

 -- Profile Likelihood -- 
Limit: r < 0.909371 @ 95% CL
Done in 0.00 min (cpu), 0.00 min (real)
Generate toy 187/500

 -- Profile Likelihood -- 
Limit: r < 0.567386 @ 95% CL
Done in 0.00 min (cpu), 0.00 min (real)
Generate toy 188/500

 -- Profile Likelihood -- 
Limit: r < 1.26402 @ 95% CL
Done in 0.00 min (cpu), 0.00 min (real)
Generate toy 189/500

 -- Profile Likelihood -- 
Limit: r < 0.525966 @ 95% CL
Done in 0.00 min (cpu), 0.00 min (real)
Generate toy 190/500

 -- Profile Likelihood -- 
Limit: r < 0.902149 @ 95% CL
Done in 0.00 min (cpu), 0.00 min (real)
Generate toy 191/500

 -- Profile Likelihood -- 
Limit: r < 0.732455 @ 95% CL
Done in 0.00 min (cpu), 0.00 min (real)
Generate toy 192/500

 -- Profile Likelihood -- 
Limit: r < 0.407402 @ 95% CL
Done in 0.00 min (cpu), 0.00 min (real)
Generate toy 193/500

 -- Profile Likelihood -- 
Limit: r < 0.503515 @ 95% CL
Done in 0.00 min (cpu), 0.00 min (real)
Generate toy 194/500

 -- Profile Likelihood -- 
Limit: r < 0.667039 @ 95% CL
Done in 0.00 min (cpu), 0.00 min (real)
Generate toy 195/500

 -- Profile Likelihood -- 
Limit: r < 1.10421 @ 95% CL
Done in 0.00 min (cpu), 0.00 min (real)
Generate toy 196/500

 -- Profile Likelihood -- 
Limit: r < 0.572306 @ 95% CL
Done in 0.00 min (cpu), 0.00 min (real)
Generate toy 197/500

 -- Profile Likelihood -- 
Limit: r < 0.891679 @ 95% CL
Done in 0.00 min (cpu), 0.00 min (real)
Generate toy 198/500

 -- Profile Likelihood -- 
Limit: r < 1.024 @ 95% CL
Done in 0.00 min (cpu), 0.00 min (real)
Generate toy 199/500

 -- Profile Likelihood -- 
Limit: r < 1.43474 @ 95% CL
Done in 0.00 min (cpu), 0.00 min (real)
Generate toy 200/500

 -- Profile Likelihood -- 
Limit: r < 1.48395 @ 95% CL
Done in 0.00 min (cpu), 0.00 min (real)
Generate toy 201/500

 -- Profile Likelihood -- 
Limit: r < 0.605556 @ 95% CL
Done in 0.00 min (cpu), 0.00 min (real)
Generate toy 202/500

 -- Profile Likelihood -- 
Limit: r < 0.940947 @ 95% CL
Done in 0.00 min (cpu), 0.00 min (real)
Generate toy 203/500

 -- Profile Likelihood -- 
Limit: r < 1.30155 @ 95% CL
Done in 0.00 min (cpu), 0.00 min (real)
Generate toy 204/500

 -- Profile Likelihood -- 
Limit: r < 0.938556 @ 95% CL
Done in 0.00 min (cpu), 0.00 min (real)
Generate toy 205/500

 -- Profile Likelihood -- 
Limit: r < 0.498389 @ 95% CL
Done in 0.00 min (cpu), 0.00 min (real)
Generate toy 206/500

 -- Profile Likelihood -- 
Limit: r < 0.544338 @ 95% CL
Done in 0.00 min (cpu), 0.00 min (real)
Generate toy 207/500

 -- Profile Likelihood -- 
Limit: r < 1.40627 @ 95% CL
Done in 0.00 min (cpu), 0.00 min (real)
Generate toy 208/500

 -- Profile Likelihood -- 
Limit: r < 1.47041 @ 95% CL
Done in 0.00 min (cpu), 0.00 min (real)
Generate toy 209/500

 -- Profile Likelihood -- 
Limit: r < 1.13496 @ 95% CL
Done in 0.00 min (cpu), 0.00 min (real)
Generate toy 210/500

 -- Profile Likelihood -- 
Limit: r < 0.56388 @ 95% CL
Done in 0.00 min (cpu), 0.00 min (real)
Generate toy 211/500

 -- Profile Likelihood -- 
Limit: r < 0.495694 @ 95% CL
Done in 0.00 min (cpu), 0.00 min (real)
Generate toy 212/500

 -- Profile Likelihood -- 
Limit: r < 1.13833 @ 95% CL
Done in 0.00 min (cpu), 0.00 min (real)
Generate toy 213/500

 -- Profile Likelihood -- 
Limit: r < 0.730792 @ 95% CL
Done in 0.00 min (cpu), 0.00 min (real)
Generate toy 214/500

 -- Profile Likelihood -- 
Limit: r < 2.03652 @ 95% CL
Done in 0.00 min (cpu), 0.00 min (real)
Generate toy 215/500

 -- Profile Likelihood -- 
Limit: r < 1.21147 @ 95% CL
Done in 0.00 min (cpu), 0.00 min (real)
Generate toy 216/500

 -- Profile Likelihood -- 
Limit: r < 1.50486 @ 95% CL
Done in 0.00 min (cpu), 0.00 min (real)
Generate toy 217/500

 -- Profile Likelihood -- 
Limit: r < 0.417045 @ 95% CL
Done in 0.00 min (cpu), 0.00 min (real)
Generate toy 218/500

 -- Profile Likelihood -- 
Limit: r < 1.46384 @ 95% CL
Done in 0.00 min (cpu), 0.00 min (real)
Generate toy 219/500

 -- Profile Likelihood -- 
Limit: r < 0.763404 @ 95% CL
Done in 0.00 min (cpu), 0.00 min (real)
Generate toy 220/500

 -- Profile Likelihood -- 
Limit: r < 0.736288 @ 95% CL
Done in 0.00 min (cpu), 0.00 min (real)
Generate toy 221/500

 -- Profile Likelihood -- 
Limit: r < 0.963048 @ 95% CL
Done in 0.00 min (cpu), 0.00 min (real)
Generate toy 222/500

 -- Profile Likelihood -- 
Limit: r < 0.464586 @ 95% CL
Done in 0.00 min (cpu), 0.00 min (real)
Generate toy 223/500

 -- Profile Likelihood -- 
Limit: r < 0.640401 @ 95% CL
Done in 0.00 min (cpu), 0.00 min (real)
Generate toy 224/500

 -- Profile Likelihood -- 
Limit: r < 0.619984 @ 95% CL
Done in 0.00 min (cpu), 0.00 min (real)
Generate toy 225/500

 -- Profile Likelihood -- 
Limit: r < 0.95881 @ 95% CL
Done in 0.00 min (cpu), 0.00 min (real)
Generate toy 226/500

 -- Profile Likelihood -- 
Limit: r < 1.27181 @ 95% CL
Done in 0.00 min (cpu), 0.00 min (real)
Generate toy 227/500

 -- Profile Likelihood -- 
Limit: r < 0.531483 @ 95% CL
Done in 0.00 min (cpu), 0.00 min (real)
Generate toy 228/500

 -- Profile Likelihood -- 
Limit: r < 0.550591 @ 95% CL
Done in 0.00 min (cpu), 0.00 min (real)
Generate toy 229/500

 -- Profile Likelihood -- 
Limit: r < 1.39456 @ 95% CL
Done in 0.00 min (cpu), 0.00 min (real)
Generate toy 230/500

 -- Profile Likelihood -- 
Limit: r < 1.34054 @ 95% CL
Done in 0.00 min (cpu), 0.00 min (real)
Generate toy 231/500

 -- Profile Likelihood -- 
Limit: r < 0.386692 @ 95% CL
Done in 0.00 min (cpu), 0.00 min (real)
Generate toy 232/500

 -- Profile Likelihood -- 
Limit: r < 0.931258 @ 95% CL
Done in 0.00 min (cpu), 0.00 min (real)
Generate toy 233/500

 -- Profile Likelihood -- 
Limit: r < 0.401765 @ 95% CL
Done in 0.00 min (cpu), 0.00 min (real)
Generate toy 234/500

 -- Profile Likelihood -- 
Limit: r < 0.481173 @ 95% CL
Done in 0.00 min (cpu), 0.00 min (real)
Generate toy 235/500

 -- Profile Likelihood -- 
Limit: r < 0.859978 @ 95% CL
Done in 0.00 min (cpu), 0.00 min (real)
Generate toy 236/500

 -- Profile Likelihood -- 
Limit: r < 1.4027 @ 95% CL
Done in 0.00 min (cpu), 0.00 min (real)
Generate toy 237/500

 -- Profile Likelihood -- 
Limit: r < 0.726179 @ 95% CL
Done in 0.00 min (cpu), 0.00 min (real)
Generate toy 238/500

 -- Profile Likelihood -- 
Limit: r < 0.335385 @ 95% CL
Done in 0.00 min (cpu), 0.00 min (real)
Generate toy 239/500

 -- Profile Likelihood -- 
Limit: r < 0.908633 @ 95% CL
Done in 0.00 min (cpu), 0.00 min (real)
Generate toy 240/500

 -- Profile Likelihood -- 
Limit: r < 1.11536 @ 95% CL
Done in 0.00 min (cpu), 0.00 min (real)
Generate toy 241/500

 -- Profile Likelihood -- 
Limit: r < 0.522484 @ 95% CL
Done in 0.00 min (cpu), 0.00 min (real)
Generate toy 242/500
Done in 0.00 min (cpu), 0.00 min (real)
Generate toy 243/500

 -- Profile Likelihood -- 
Limit: r < 1.04712 @ 95% CL
Done in 0.00 min (cpu), 0.00 min (real)
Generate toy 244/500

 -- Profile Likelihood -- 
Limit: r < 0.653722 @ 95% CL
Done in 0.00 min (cpu), 0.00 min (real)
Generate toy 245/500
Done in 0.00 min (cpu), 0.00 min (real)
Generate toy 246/500

 -- Profile Likelihood -- 
Limit: r < 0.547183 @ 95% CL
Done in 0.00 min (cpu), 0.00 min (real)
Generate toy 247/500

 -- Profile Likelihood -- 
Limit: r < 1.16837 @ 95% CL
Done in 0.00 min (cpu), 0.00 min (real)
Generate toy 248/500

 -- Profile Likelihood -- 
Limit: r < 1.40316 @ 95% CL
Done in 0.00 min (cpu), 0.00 min (real)
Generate toy 249/500

 -- Profile Likelihood -- 
Limit: r < 0.700081 @ 95% CL
Done in 0.00 min (cpu), 0.00 min (real)
Generate toy 250/500

 -- Profile Likelihood -- 
Limit: r < 0.62344 @ 95% CL
Done in 0.00 min (cpu), 0.00 min (real)
Generate toy 251/500

 -- Profile Likelihood -- 
Limit: r < 0.691404 @ 95% CL
Done in 0.00 min (cpu), 0.00 min (real)
Generate toy 252/500

 -- Profile Likelihood -- 
Limit: r < 0.464597 @ 95% CL
Done in 0.00 min (cpu), 0.00 min (real)
Generate toy 253/500

 -- Profile Likelihood -- 
Limit: r < 1.28751 @ 95% CL
Done in 0.00 min (cpu), 0.00 min (real)
Generate toy 254/500

 -- Profile Likelihood -- 
Limit: r < 0.614859 @ 95% CL
Done in 0.00 min (cpu), 0.00 min (real)
Generate toy 255/500

 -- Profile Likelihood -- 
Limit: r < 0.376168 @ 95% CL
Done in 0.00 min (cpu), 0.00 min (real)
Generate toy 256/500
Done in 0.00 min (cpu), 0.00 min (real)
Generate toy 257/500

 -- Profile Likelihood -- 
Limit: r < 0.711939 @ 95% CL
Done in 0.00 min (cpu), 0.00 min (real)
Generate toy 258/500

 -- Profile Likelihood -- 
Limit: r < 1.46995 @ 95% CL
Done in 0.00 min (cpu), 0.00 min (real)
Generate toy 259/500

 -- Profile Likelihood -- 
Limit: r < 0.907822 @ 95% CL
Done in 0.00 min (cpu), 0.00 min (real)
Generate toy 260/500

 -- Profile Likelihood -- 
Limit: r < 0.740923 @ 95% CL
Done in 0.00 min (cpu), 0.00 min (real)
Generate toy 261/500

 -- Profile Likelihood -- 
Limit: r < 0.857954 @ 95% CL
Done in 0.00 min (cpu), 0.00 min (real)
Generate toy 262/500

 -- Profile Likelihood -- 
Limit: r < 1.34538 @ 95% CL
Done in 0.00 min (cpu), 0.00 min (real)
Generate toy 263/500

 -- Profile Likelihood -- 
Limit: r < 0.495156 @ 95% CL
Done in 0.00 min (cpu), 0.00 min (real)
Generate toy 264/500

 -- Profile Likelihood -- 
Limit: r < 1.32039 @ 95% CL
Done in 0.00 min (cpu), 0.00 min (real)
Generate toy 265/500

 -- Profile Likelihood -- 
Limit: r < 0.928084 @ 95% CL
Done in 0.00 min (cpu), 0.00 min (real)
Generate toy 266/500

 -- Profile Likelihood -- 
Limit: r < 0.916098 @ 95% CL
Done in 0.00 min (cpu), 0.00 min (real)
Generate toy 267/500

 -- Profile Likelihood -- 
Limit: r < 0.721176 @ 95% CL
Done in 0.00 min (cpu), 0.00 min (real)
Generate toy 268/500

 -- Profile Likelihood -- 
Limit: r < 1.51585 @ 95% CL
Done in 0.00 min (cpu), 0.00 min (real)
Generate toy 269/500

 -- Profile Likelihood -- 
Limit: r < 0.574122 @ 95% CL
Done in 0.00 min (cpu), 0.00 min (real)
Generate toy 270/500

 -- Profile Likelihood -- 
Limit: r < 0.518423 @ 95% CL
Done in 0.00 min (cpu), 0.00 min (real)
Generate toy 271/500
Done in 0.00 min (cpu), 0.00 min (real)
Generate toy 272/500

 -- Profile Likelihood -- 
Limit: r < 0.519613 @ 95% CL
Done in 0.00 min (cpu), 0.00 min (real)
Generate toy 273/500

 -- Profile Likelihood -- 
Limit: r < 1.73009 @ 95% CL
Done in 0.00 min (cpu), 0.00 min (real)
Generate toy 274/500

 -- Profile Likelihood -- 
Limit: r < 0.549986 @ 95% CL
Done in 0.00 min (cpu), 0.00 min (real)
Generate toy 275/500

 -- Profile Likelihood -- 
Limit: r < 0.578043 @ 95% CL
Done in 0.00 min (cpu), 0.00 min (real)
Generate toy 276/500

 -- Profile Likelihood -- 
Limit: r < 0.809566 @ 95% CL
Done in 0.00 min (cpu), 0.00 min (real)
Generate toy 277/500

 -- Profile Likelihood -- 
Limit: r < 0.52759 @ 95% CL
Done in 0.00 min (cpu), 0.00 min (real)
Generate toy 278/500

 -- Profile Likelihood -- 
Limit: r < 0.540664 @ 95% CL
Done in 0.00 min (cpu), 0.00 min (real)
Generate toy 279/500

 -- Profile Likelihood -- 
Limit: r < 1.38349 @ 95% CL
Done in 0.00 min (cpu), 0.00 min (real)
Generate toy 280/500

 -- Profile Likelihood -- 
Limit: r < 0.414224 @ 95% CL
Done in 0.00 min (cpu), 0.00 min (real)
Generate toy 281/500

 -- Profile Likelihood -- 
Limit: r < 0.815432 @ 95% CL
Done in 0.00 min (cpu), 0.00 min (real)
Generate toy 282/500

 -- Profile Likelihood -- 
Limit: r < 1.02666 @ 95% CL
Done in 0.00 min (cpu), 0.00 min (real)
Generate toy 283/500

 -- Profile Likelihood -- 
Limit: r < 0.478283 @ 95% CL
Done in 0.00 min (cpu), 0.00 min (real)
Generate toy 284/500

 -- Profile Likelihood -- 
Limit: r < 0.709851 @ 95% CL
Done in 0.00 min (cpu), 0.00 min (real)
Generate toy 285/500

 -- Profile Likelihood -- 
Limit: r < 0.5314 @ 95% CL
Done in 0.00 min (cpu), 0.00 min (real)
Generate toy 286/500

 -- Profile Likelihood -- 
Limit: r < 1.16708 @ 95% CL
Done in 0.00 min (cpu), 0.00 min (real)
Generate toy 287/500

 -- Profile Likelihood -- 
Limit: r < 0.575652 @ 95% CL
Done in 0.00 min (cpu), 0.00 min (real)
Generate toy 288/500

 -- Profile Likelihood -- 
Limit: r < 0.705574 @ 95% CL
Done in 0.00 min (cpu), 0.00 min (real)
Generate toy 289/500

 -- Profile Likelihood -- 
Limit: r < 1.72546 @ 95% CL
Done in 0.00 min (cpu), 0.00 min (real)
Generate toy 290/500

 -- Profile Likelihood -- 
Limit: r < 0.679337 @ 95% CL
Done in 0.00 min (cpu), 0.00 min (real)
Generate toy 291/500

 -- Profile Likelihood -- 
Limit: r < 0.300101 @ 95% CL
Done in 0.00 min (cpu), 0.00 min (real)
Generate toy 292/500

 -- Profile Likelihood -- 
Limit: r < 0.708641 @ 95% CL
Done in 0.00 min (cpu), 0.00 min (real)
Generate toy 293/500

 -- Profile Likelihood -- 
Limit: r < 1.73226 @ 95% CL
Done in 0.00 min (cpu), 0.00 min (real)
Generate toy 294/500

 -- Profile Likelihood -- 
Limit: r < 0.794179 @ 95% CL
Done in 0.00 min (cpu), 0.00 min (real)
Generate toy 295/500

 -- Profile Likelihood -- 
Limit: r < 1.02377 @ 95% CL
Done in 0.00 min (cpu), 0.00 min (real)
Generate toy 296/500
Done in 0.00 min (cpu), 0.00 min (real)
Generate toy 297/500

 -- Profile Likelihood -- 
Limit: r < 0.728163 @ 95% CL
Done in 0.00 min (cpu), 0.00 min (real)
Generate toy 298/500
Done in 0.00 min (cpu), 0.00 min (real)
Generate toy 299/500

 -- Profile Likelihood -- 
Limit: r < 0.437656 @ 95% CL
Done in 0.00 min (cpu), 0.00 min (real)
Generate toy 300/500

 -- Profile Likelihood -- 
Limit: r < 0.787564 @ 95% CL
Done in 0.00 min (cpu), 0.00 min (real)
Generate toy 301/500

 -- Profile Likelihood -- 
Limit: r < 0.517065 @ 95% CL
Done in 0.00 min (cpu), 0.00 min (real)
Generate toy 302/500

 -- Profile Likelihood -- 
Limit: r < 0.729792 @ 95% CL
Done in 0.00 min (cpu), 0.00 min (real)
Generate toy 303/500

 -- Profile Likelihood -- 
Limit: r < 1.76504 @ 95% CL
Done in 0.00 min (cpu), 0.00 min (real)
Generate toy 304/500

 -- Profile Likelihood -- 
Limit: r < 0.769788 @ 95% CL
Done in 0.00 min (cpu), 0.00 min (real)
Generate toy 305/500

 -- Profile Likelihood -- 
Limit: r < 1.51988 @ 95% CL
Done in 0.00 min (cpu), 0.00 min (real)
Generate toy 306/500

 -- Profile Likelihood -- 
Limit: r < 0.977807 @ 95% CL
Done in 0.00 min (cpu), 0.00 min (real)
Generate toy 307/500

 -- Profile Likelihood -- 
Limit: r < 0.606044 @ 95% CL
Done in 0.00 min (cpu), 0.00 min (real)
Generate toy 308/500

 -- Profile Likelihood -- 
Limit: r < 0.919296 @ 95% CL
Done in 0.00 min (cpu), 0.00 min (real)
Generate toy 309/500

 -- Profile Likelihood -- 
Limit: r < 1.34655 @ 95% CL
Done in 0.00 min (cpu), 0.00 min (real)
Generate toy 310/500

 -- Profile Likelihood -- 
Limit: r < 1.78478 @ 95% CL
Done in 0.00 min (cpu), 0.00 min (real)
Generate toy 311/500

 -- Profile Likelihood -- 
Limit: r < 1.24557 @ 95% CL
Done in 0.00 min (cpu), 0.00 min (real)
Generate toy 312/500

 -- Profile Likelihood -- 
Limit: r < 0.998903 @ 95% CL
Done in 0.00 min (cpu), 0.00 min (real)
Generate toy 313/500

 -- Profile Likelihood -- 
Limit: r < 0.554196 @ 95% CL
Done in 0.00 min (cpu), 0.00 min (real)
Generate toy 314/500

 -- Profile Likelihood -- 
Limit: r < 0.452199 @ 95% CL
Done in 0.00 min (cpu), 0.00 min (real)
Generate toy 315/500

 -- Profile Likelihood -- 
Limit: r < 0.912554 @ 95% CL
Done in 0.00 min (cpu), 0.00 min (real)
Generate toy 316/500

 -- Profile Likelihood -- 
Limit: r < 0.491781 @ 95% CL
Done in 0.00 min (cpu), 0.00 min (real)
Generate toy 317/500

 -- Profile Likelihood -- 
Limit: r < 1.61667 @ 95% CL
Done in 0.00 min (cpu), 0.00 min (real)
Generate toy 318/500

 -- Profile Likelihood -- 
Limit: r < 0.754478 @ 95% CL
Done in 0.00 min (cpu), 0.00 min (real)
Generate toy 319/500

 -- Profile Likelihood -- 
Limit: r < 0.237956 @ 95% CL
Done in 0.00 min (cpu), 0.00 min (real)
Generate toy 320/500

 -- Profile Likelihood -- 
Limit: r < 0.592651 @ 95% CL
Done in 0.00 min (cpu), 0.00 min (real)
Generate toy 321/500

 -- Profile Likelihood -- 
Limit: r < 0.307093 @ 95% CL
Done in 0.00 min (cpu), 0.00 min (real)
Generate toy 322/500

 -- Profile Likelihood -- 
Limit: r < 0.667555 @ 95% CL
Done in 0.00 min (cpu), 0.00 min (real)
Generate toy 323/500

 -- Profile Likelihood -- 
Limit: r < 0.979896 @ 95% CL
Done in 0.00 min (cpu), 0.00 min (real)
Generate toy 324/500

 -- Profile Likelihood -- 
Limit: r < 0.946785 @ 95% CL
Done in 0.00 min (cpu), 0.00 min (real)
Generate toy 325/500

 -- Profile Likelihood -- 
Limit: r < 1.56933 @ 95% CL
Done in 0.00 min (cpu), 0.00 min (real)
Generate toy 326/500

 -- Profile Likelihood -- 
Limit: r < 0.417365 @ 95% CL
Done in 0.00 min (cpu), 0.00 min (real)
Generate toy 327/500

 -- Profile Likelihood -- 
Limit: r < 0.95247 @ 95% CL
Done in 0.00 min (cpu), 0.00 min (real)
Generate toy 328/500

 -- Profile Likelihood -- 
Limit: r < 1.13713 @ 95% CL
Done in 0.00 min (cpu), 0.00 min (real)
Generate toy 329/500

 -- Profile Likelihood -- 
Limit: r < 1.63789 @ 95% CL
Done in 0.00 min (cpu), 0.00 min (real)
Generate toy 330/500

 -- Profile Likelihood -- 
Limit: r < 0.579062 @ 95% CL
Done in 0.00 min (cpu), 0.00 min (real)
Generate toy 331/500

 -- Profile Likelihood -- 
Limit: r < 1.70739 @ 95% CL
Done in 0.00 min (cpu), 0.00 min (real)
Generate toy 332/500

 -- Profile Likelihood -- 
Limit: r < 1.00206 @ 95% CL
Done in 0.00 min (cpu), 0.00 min (real)
Generate toy 333/500

 -- Profile Likelihood -- 
Limit: r < 1.354 @ 95% CL
Done in 0.00 min (cpu), 0.00 min (real)
Generate toy 334/500

 -- Profile Likelihood -- 
Limit: r < 0.867424 @ 95% CL
Done in 0.00 min (cpu), 0.00 min (real)
Generate toy 335/500

 -- Profile Likelihood -- 
Limit: r < 1.15424 @ 95% CL
Done in 0.00 min (cpu), 0.00 min (real)
Generate toy 336/500

 -- Profile Likelihood -- 
Limit: r < 1.78062 @ 95% CL
Done in 0.00 min (cpu), 0.00 min (real)
Generate toy 337/500

 -- Profile Likelihood -- 
Limit: r < 0.903628 @ 95% CL
Done in 0.00 min (cpu), 0.00 min (real)
Generate toy 338/500

 -- Profile Likelihood -- 
Limit: r < 0.379126 @ 95% CL
Done in 0.00 min (cpu), 0.00 min (real)
Generate toy 339/500

 -- Profile Likelihood -- 
Limit: r < 1.05035 @ 95% CL
Done in 0.00 min (cpu), 0.00 min (real)
Generate toy 340/500

 -- Profile Likelihood -- 
Limit: r < 1.02065 @ 95% CL
Done in 0.00 min (cpu), 0.00 min (real)
Generate toy 341/500

 -- Profile Likelihood -- 
Limit: r < 1.20098 @ 95% CL
Done in 0.00 min (cpu), 0.00 min (real)
Generate toy 342/500

 -- Profile Likelihood -- 
Limit: r < 0.533373 @ 95% CL
Done in 0.00 min (cpu), 0.00 min (real)
Generate toy 343/500

 -- Profile Likelihood -- 
Limit: r < 1.08271 @ 95% CL
Done in 0.00 min (cpu), 0.00 min (real)
Generate toy 344/500

 -- Profile Likelihood -- 
Limit: r < 0.517048 @ 95% CL
Done in 0.00 min (cpu), 0.00 min (real)
Generate toy 345/500

 -- Profile Likelihood -- 
Limit: r < 1.4366 @ 95% CL
Done in 0.00 min (cpu), 0.00 min (real)
Generate toy 346/500

 -- Profile Likelihood -- 
Limit: r < 0.881519 @ 95% CL
Done in 0.00 min (cpu), 0.00 min (real)
Generate toy 347/500

 -- Profile Likelihood -- 
Limit: r < 0.428737 @ 95% CL
Done in 0.00 min (cpu), 0.00 min (real)
Generate toy 348/500

 -- Profile Likelihood -- 
Limit: r < 0.535617 @ 95% CL
Done in 0.00 min (cpu), 0.00 min (real)
Generate toy 349/500

 -- Profile Likelihood -- 
Limit: r < 1.25538 @ 95% CL
Done in 0.00 min (cpu), 0.00 min (real)
Generate toy 350/500

 -- Profile Likelihood -- 
Limit: r < 0.808196 @ 95% CL
Done in 0.00 min (cpu), 0.00 min (real)
Generate toy 351/500

 -- Profile Likelihood -- 
Limit: r < 0.44559 @ 95% CL
Done in 0.00 min (cpu), 0.00 min (real)
Generate toy 352/500
Done in 0.00 min (cpu), 0.00 min (real)
Generate toy 353/500

 -- Profile Likelihood -- 
Limit: r < 0.511092 @ 95% CL
Done in 0.00 min (cpu), 0.00 min (real)
Generate toy 354/500

 -- Profile Likelihood -- 
Limit: r < 1.45698 @ 95% CL
Done in 0.00 min (cpu), 0.00 min (real)
Generate toy 355/500

 -- Profile Likelihood -- 
Limit: r < 1.012 @ 95% CL
Done in 0.00 min (cpu), 0.00 min (real)
Generate toy 356/500

 -- Profile Likelihood -- 
Limit: r < 1.07474 @ 95% CL
Done in 0.00 min (cpu), 0.00 min (real)
Generate toy 357/500

 -- Profile Likelihood -- 
Limit: r < 0.727927 @ 95% CL
Done in 0.00 min (cpu), 0.00 min (real)
Generate toy 358/500

 -- Profile Likelihood -- 
Limit: r < 1.06078 @ 95% CL
Done in 0.00 min (cpu), 0.00 min (real)
Generate toy 359/500

 -- Profile Likelihood -- 
Limit: r < 1.3529 @ 95% CL
Done in 0.00 min (cpu), 0.00 min (real)
Generate toy 360/500

 -- Profile Likelihood -- 
Limit: r < 0.389909 @ 95% CL
Done in 0.00 min (cpu), 0.00 min (real)
Generate toy 361/500

 -- Profile Likelihood -- 
Limit: r < 1.38552 @ 95% CL
Done in 0.00 min (cpu), 0.00 min (real)
Generate toy 362/500

 -- Profile Likelihood -- 
Limit: r < 1.16476 @ 95% CL
Done in 0.00 min (cpu), 0.00 min (real)
Generate toy 363/500

 -- Profile Likelihood -- 
Limit: r < 1.26263 @ 95% CL
Done in 0.00 min (cpu), 0.00 min (real)
Generate toy 364/500

 -- Profile Likelihood -- 
Limit: r < 0.696893 @ 95% CL
Done in 0.00 min (cpu), 0.00 min (real)
Generate toy 365/500

 -- Profile Likelihood -- 
Limit: r < 0.653997 @ 95% CL
Done in 0.00 min (cpu), 0.00 min (real)
Generate toy 366/500

 -- Profile Likelihood -- 
Limit: r < 0.997831 @ 95% CL
Done in 0.00 min (cpu), 0.00 min (real)
Generate toy 367/500

 -- Profile Likelihood -- 
Limit: r < 0.821323 @ 95% CL
Done in 0.00 min (cpu), 0.00 min (real)
Generate toy 368/500

 -- Profile Likelihood -- 
Limit: r < 0.659421 @ 95% CL
Done in 0.00 min (cpu), 0.00 min (real)
Generate toy 369/500

 -- Profile Likelihood -- 
Limit: r < 0.797412 @ 95% CL
Done in 0.00 min (cpu), 0.00 min (real)
Generate toy 370/500

 -- Profile Likelihood -- 
Limit: r < 0.91529 @ 95% CL
Done in 0.00 min (cpu), 0.00 min (real)
Generate toy 371/500

 -- Profile Likelihood -- 
Limit: r < 1.25169 @ 95% CL
Done in 0.00 min (cpu), 0.00 min (real)
Generate toy 372/500

 -- Profile Likelihood -- 
Limit: r < 0.866694 @ 95% CL
Done in 0.00 min (cpu), 0.00 min (real)
Generate toy 373/500

 -- Profile Likelihood -- 
Limit: r < 1.42495 @ 95% CL
Done in 0.00 min (cpu), 0.00 min (real)
Generate toy 374/500

 -- Profile Likelihood -- 
Limit: r < 0.742666 @ 95% CL
Done in 0.00 min (cpu), 0.00 min (real)
Generate toy 375/500

 -- Profile Likelihood -- 
Limit: r < 0.59467 @ 95% CL
Done in 0.00 min (cpu), 0.00 min (real)
Generate toy 376/500

 -- Profile Likelihood -- 
Limit: r < 1.01646 @ 95% CL
Done in 0.00 min (cpu), 0.00 min (real)
Generate toy 377/500

 -- Profile Likelihood -- 
Limit: r < 1.20711 @ 95% CL
Done in 0.00 min (cpu), 0.00 min (real)
Generate toy 378/500

 -- Profile Likelihood -- 
Limit: r < 1.04817 @ 95% CL
Done in 0.00 min (cpu), 0.00 min (real)
Generate toy 379/500
Done in 0.00 min (cpu), 0.00 min (real)
Generate toy 380/500

 -- Profile Likelihood -- 
Limit: r < 0.354202 @ 95% CL
Done in 0.00 min (cpu), 0.00 min (real)
Generate toy 381/500

 -- Profile Likelihood -- 
Limit: r < 0.889281 @ 95% CL
Done in 0.00 min (cpu), 0.00 min (real)
Generate toy 382/500

 -- Profile Likelihood -- 
Limit: r < 0.411899 @ 95% CL
Done in 0.00 min (cpu), 0.00 min (real)
Generate toy 383/500

 -- Profile Likelihood -- 
Limit: r < 0.523553 @ 95% CL
Done in 0.00 min (cpu), 0.00 min (real)
Generate toy 384/500

 -- Profile Likelihood -- 
Limit: r < 1.02484 @ 95% CL
Done in 0.00 min (cpu), 0.00 min (real)
Generate toy 385/500

 -- Profile Likelihood -- 
Limit: r < 1.23828 @ 95% CL
Done in 0.00 min (cpu), 0.00 min (real)
Generate toy 386/500

 -- Profile Likelihood -- 
Limit: r < 0.816923 @ 95% CL
Done in 0.00 min (cpu), 0.00 min (real)
Generate toy 387/500

 -- Profile Likelihood -- 
Limit: r < 0.608343 @ 95% CL
Done in 0.00 min (cpu), 0.00 min (real)
Generate toy 388/500

 -- Profile Likelihood -- 
Limit: r < 1.69703 @ 95% CL
Done in 0.00 min (cpu), 0.00 min (real)
Generate toy 389/500

 -- Profile Likelihood -- 
Limit: r < 0.991884 @ 95% CL
Done in 0.00 min (cpu), 0.00 min (real)
Generate toy 390/500

 -- Profile Likelihood -- 
Limit: r < 1.00517 @ 95% CL
Done in 0.00 min (cpu), 0.00 min (real)
Generate toy 391/500

 -- Profile Likelihood -- 
Limit: r < 0.544079 @ 95% CL
Done in 0.00 min (cpu), 0.00 min (real)
Generate toy 392/500

 -- Profile Likelihood -- 
Limit: r < 0.69106 @ 95% CL
Done in 0.00 min (cpu), 0.00 min (real)
Generate toy 393/500

 -- Profile Likelihood -- 
Limit: r < 1.16353 @ 95% CL
Done in 0.00 min (cpu), 0.00 min (real)
Generate toy 394/500

 -- Profile Likelihood -- 
Limit: r < 0.683136 @ 95% CL
Done in 0.00 min (cpu), 0.00 min (real)
Generate toy 395/500

 -- Profile Likelihood -- 
Limit: r < 1.3114 @ 95% CL
Done in 0.00 min (cpu), 0.00 min (real)
Generate toy 396/500

 -- Profile Likelihood -- 
Limit: r < 1.00139 @ 95% CL
Done in 0.00 min (cpu), 0.00 min (real)
Generate toy 397/500

 -- Profile Likelihood -- 
Limit: r < 0.492621 @ 95% CL
Done in 0.00 min (cpu), 0.00 min (real)
Generate toy 398/500

 -- Profile Likelihood -- 
Limit: r < 1.44422 @ 95% CL
Done in 0.00 min (cpu), 0.00 min (real)
Generate toy 399/500

 -- Profile Likelihood -- 
Limit: r < 1.73014 @ 95% CL
Done in 0.00 min (cpu), 0.00 min (real)
Generate toy 400/500

 -- Profile Likelihood -- 
Limit: r < 0.382199 @ 95% CL
Done in 0.00 min (cpu), 0.00 min (real)
Generate toy 401/500

 -- Profile Likelihood -- 
Limit: r < 0.894872 @ 95% CL
Done in 0.00 min (cpu), 0.00 min (real)
Generate toy 402/500

 -- Profile Likelihood -- 
Limit: r < 0.700316 @ 95% CL
Done in 0.00 min (cpu), 0.00 min (real)
Generate toy 403/500

 -- Profile Likelihood -- 
Limit: r < 0.970328 @ 95% CL
Done in 0.00 min (cpu), 0.00 min (real)
Generate toy 404/500

 -- Profile Likelihood -- 
Limit: r < 1.65442 @ 95% CL
Done in 0.00 min (cpu), 0.00 min (real)
Generate toy 405/500

 -- Profile Likelihood -- 
Limit: r < 0.349148 @ 95% CL
Done in 0.00 min (cpu), 0.00 min (real)
Generate toy 406/500

 -- Profile Likelihood -- 
Limit: r < 0.577252 @ 95% CL
Done in 0.00 min (cpu), 0.00 min (real)
Generate toy 407/500

 -- Profile Likelihood -- 
Limit: r < 1.1197 @ 95% CL
Done in 0.00 min (cpu), 0.00 min (real)
Generate toy 408/500

 -- Profile Likelihood -- 
Limit: r < 1.34864 @ 95% CL
Done in 0.00 min (cpu), 0.00 min (real)
Generate toy 409/500

 -- Profile Likelihood -- 
Limit: r < 0.820876 @ 95% CL
Done in 0.00 min (cpu), 0.00 min (real)
Generate toy 410/500
Done in 0.00 min (cpu), 0.00 min (real)
Generate toy 411/500

 -- Profile Likelihood -- 
Limit: r < 0.489108 @ 95% CL
Done in 0.00 min (cpu), 0.00 min (real)
Generate toy 412/500

 -- Profile Likelihood -- 
Limit: r < 0.935135 @ 95% CL
Done in 0.00 min (cpu), 0.00 min (real)
Generate toy 413/500

 -- Profile Likelihood -- 
Limit: r < 0.6541 @ 95% CL
Done in 0.00 min (cpu), 0.00 min (real)
Generate toy 414/500

 -- Profile Likelihood -- 
Limit: r < 1.82249 @ 95% CL
Done in 0.00 min (cpu), 0.00 min (real)
Generate toy 415/500

 -- Profile Likelihood -- 
Limit: r < 0.656408 @ 95% CL
Done in 0.00 min (cpu), 0.00 min (real)
Generate toy 416/500

 -- Profile Likelihood -- 
Limit: r < 0.580023 @ 95% CL
Done in 0.00 min (cpu), 0.00 min (real)
Generate toy 417/500

 -- Profile Likelihood -- 
Limit: r < 1.23224 @ 95% CL
Done in 0.00 min (cpu), 0.00 min (real)
Generate toy 418/500

 -- Profile Likelihood -- 
Limit: r < 1.09315 @ 95% CL
Done in 0.00 min (cpu), 0.00 min (real)
Generate toy 419/500

 -- Profile Likelihood -- 
Limit: r < 0.69513 @ 95% CL
Done in 0.00 min (cpu), 0.00 min (real)
Generate toy 420/500

 -- Profile Likelihood -- 
Limit: r < 0.985375 @ 95% CL
Done in 0.00 min (cpu), 0.00 min (real)
Generate toy 421/500

 -- Profile Likelihood -- 
Limit: r < 0.766902 @ 95% CL
Done in 0.00 min (cpu), 0.00 min (real)
Generate toy 422/500

 -- Profile Likelihood -- 
Limit: r < 0.996096 @ 95% CL
Done in 0.00 min (cpu), 0.00 min (real)
Generate toy 423/500

 -- Profile Likelihood -- 
Limit: r < 0.77417 @ 95% CL
Done in 0.00 min (cpu), 0.00 min (real)
Generate toy 424/500

 -- Profile Likelihood -- 
Limit: r < 0.770417 @ 95% CL
Done in 0.00 min (cpu), 0.00 min (real)
Generate toy 425/500

 -- Profile Likelihood -- 
Limit: r < 1.77128 @ 95% CL
Done in 0.00 min (cpu), 0.00 min (real)
Generate toy 426/500

 -- Profile Likelihood -- 
Limit: r < 0.876254 @ 95% CL
Done in 0.00 min (cpu), 0.00 min (real)
Generate toy 427/500

 -- Profile Likelihood -- 
Limit: r < 0.757328 @ 95% CL
Done in 0.00 min (cpu), 0.00 min (real)
Generate toy 428/500

 -- Profile Likelihood -- 
Limit: r < 1.18752 @ 95% CL
Done in 0.00 min (cpu), 0.00 min (real)
Generate toy 429/500
Done in 0.00 min (cpu), 0.00 min (real)
Generate toy 430/500

 -- Profile Likelihood -- 
Limit: r < 0.778095 @ 95% CL
Done in 0.00 min (cpu), 0.00 min (real)
Generate toy 431/500

 -- Profile Likelihood -- 
Limit: r < 1.0129 @ 95% CL
Done in 0.00 min (cpu), 0.00 min (real)
Generate toy 432/500

 -- Profile Likelihood -- 
Limit: r < 0.702462 @ 95% CL
Done in 0.00 min (cpu), 0.00 min (real)
Generate toy 433/500

 -- Profile Likelihood -- 
Limit: r < 0.596362 @ 95% CL
Done in 0.00 min (cpu), 0.00 min (real)
Generate toy 434/500

 -- Profile Likelihood -- 
Limit: r < 1.33386 @ 95% CL
Done in 0.00 min (cpu), 0.00 min (real)
Generate toy 435/500

 -- Profile Likelihood -- 
Limit: r < 0.503425 @ 95% CL
Done in 0.00 min (cpu), 0.00 min (real)
Generate toy 436/500

 -- Profile Likelihood -- 
Limit: r < 1.55903 @ 95% CL
Done in 0.00 min (cpu), 0.00 min (real)
Generate toy 437/500

 -- Profile Likelihood -- 
Limit: r < 0.716651 @ 95% CL
Done in 0.00 min (cpu), 0.00 min (real)
Generate toy 438/500

 -- Profile Likelihood -- 
Limit: r < 1.26023 @ 95% CL
Done in 0.00 min (cpu), 0.00 min (real)
Generate toy 439/500

 -- Profile Likelihood -- 
Limit: r < 0.507483 @ 95% CL
Done in 0.00 min (cpu), 0.00 min (real)
Generate toy 440/500

 -- Profile Likelihood -- 
Limit: r < 0.476572 @ 95% CL
Done in 0.00 min (cpu), 0.00 min (real)
Generate toy 441/500

 -- Profile Likelihood -- 
Limit: r < 0.694972 @ 95% CL
Done in 0.00 min (cpu), 0.00 min (real)
Generate toy 442/500

 -- Profile Likelihood -- 
Limit: r < 1.53915 @ 95% CL
Done in 0.00 min (cpu), 0.00 min (real)
Generate toy 443/500

 -- Profile Likelihood -- 
Limit: r < 0.523006 @ 95% CL
Done in 0.00 min (cpu), 0.00 min (real)
Generate toy 444/500

 -- Profile Likelihood -- 
Limit: r < 0.931824 @ 95% CL
Done in 0.00 min (cpu), 0.00 min (real)
Generate toy 445/500

 -- Profile Likelihood -- 
Limit: r < 0.391287 @ 95% CL
Done in 0.00 min (cpu), 0.00 min (real)
Generate toy 446/500

 -- Profile Likelihood -- 
Limit: r < 0.357275 @ 95% CL
Done in 0.00 min (cpu), 0.00 min (real)
Generate toy 447/500

 -- Profile Likelihood -- 
Limit: r < 1.27464 @ 95% CL
Done in 0.00 min (cpu), 0.00 min (real)
Generate toy 448/500

 -- Profile Likelihood -- 
Limit: r < 0.867427 @ 95% CL
Done in 0.00 min (cpu), 0.00 min (real)
Generate toy 449/500
Done in 0.00 min (cpu), 0.00 min (real)
Generate toy 450/500

 -- Profile Likelihood -- 
Limit: r < 1.09252 @ 95% CL
Done in 0.00 min (cpu), 0.00 min (real)
Generate toy 451/500

 -- Profile Likelihood -- 
Limit: r < 0.566043 @ 95% CL
Done in 0.00 min (cpu), 0.00 min (real)
Generate toy 452/500

 -- Profile Likelihood -- 
Limit: r < 1.90938 @ 95% CL
Done in 0.00 min (cpu), 0.00 min (real)
Generate toy 453/500

 -- Profile Likelihood -- 
Limit: r < 0.690588 @ 95% CL
Done in 0.00 min (cpu), 0.00 min (real)
Generate toy 454/500

 -- Profile Likelihood -- 
Limit: r < 0.485412 @ 95% CL
Done in 0.00 min (cpu), 0.00 min (real)
Generate toy 455/500

 -- Profile Likelihood -- 
Limit: r < 0.397459 @ 95% CL
Done in 0.00 min (cpu), 0.00 min (real)
Generate toy 456/500

 -- Profile Likelihood -- 
Limit: r < 0.780961 @ 95% CL
Done in 0.00 min (cpu), 0.00 min (real)
Generate toy 457/500

 -- Profile Likelihood -- 
Limit: r < 1.51652 @ 95% CL
Done in 0.00 min (cpu), 0.00 min (real)
Generate toy 458/500

 -- Profile Likelihood -- 
Limit: r < 0.593306 @ 95% CL
Done in 0.00 min (cpu), 0.00 min (real)
Generate toy 459/500

 -- Profile Likelihood -- 
Limit: r < 0.588437 @ 95% CL
Done in 0.00 min (cpu), 0.00 min (real)
Generate toy 460/500

 -- Profile Likelihood -- 
Limit: r < 1.82771 @ 95% CL
Done in 0.00 min (cpu), 0.00 min (real)
Generate toy 461/500

 -- Profile Likelihood -- 
Limit: r < 0.523974 @ 95% CL
Done in 0.00 min (cpu), 0.00 min (real)
Generate toy 462/500

 -- Profile Likelihood -- 
Limit: r < 1.17089 @ 95% CL
Done in 0.00 min (cpu), 0.00 min (real)
Generate toy 463/500

 -- Profile Likelihood -- 
Limit: r < 1.25293 @ 95% CL
Done in 0.00 min (cpu), 0.00 min (real)
Generate toy 464/500

 -- Profile Likelihood -- 
Limit: r < 1.53213 @ 95% CL
Done in 0.00 min (cpu), 0.00 min (real)
Generate toy 465/500

 -- Profile Likelihood -- 
Limit: r < 1.01852 @ 95% CL
Done in 0.00 min (cpu), 0.00 min (real)
Generate toy 466/500

 -- Profile Likelihood -- 
Limit: r < 1.21123 @ 95% CL
Done in 0.00 min (cpu), 0.00 min (real)
Generate toy 467/500

 -- Profile Likelihood -- 
Limit: r < 0.886898 @ 95% CL
Done in 0.00 min (cpu), 0.00 min (real)
Generate toy 468/500

 -- Profile Likelihood -- 
Limit: r < 0.623666 @ 95% CL
Done in 0.00 min (cpu), 0.00 min (real)
Generate toy 469/500

 -- Profile Likelihood -- 
Limit: r < 0.74685 @ 95% CL
Done in 0.00 min (cpu), 0.00 min (real)
Generate toy 470/500

 -- Profile Likelihood -- 
Limit: r < 0.774971 @ 95% CL
Done in 0.00 min (cpu), 0.00 min (real)
Generate toy 471/500

 -- Profile Likelihood -- 
Limit: r < 0.568639 @ 95% CL
Done in 0.00 min (cpu), 0.00 min (real)
Generate toy 472/500

 -- Profile Likelihood -- 
Limit: r < 0.58465 @ 95% CL
Done in 0.00 min (cpu), 0.00 min (real)
Generate toy 473/500

 -- Profile Likelihood -- 
Limit: r < 0.351653 @ 95% CL
Done in 0.00 min (cpu), 0.00 min (real)
Generate toy 474/500

 -- Profile Likelihood -- 
Limit: r < 1.35039 @ 95% CL
Done in 0.00 min (cpu), 0.00 min (real)
Generate toy 475/500

 -- Profile Likelihood -- 
Limit: r < 0.53435 @ 95% CL
Done in 0.00 min (cpu), 0.00 min (real)
Generate toy 476/500

 -- Profile Likelihood -- 
Limit: r < 0.59526 @ 95% CL
Done in 0.00 min (cpu), 0.00 min (real)
Generate toy 477/500

 -- Profile Likelihood -- 
Limit: r < 0.356803 @ 95% CL
Done in 0.00 min (cpu), 0.00 min (real)
Generate toy 478/500

 -- Profile Likelihood -- 
Limit: r < 0.410523 @ 95% CL
Done in 0.00 min (cpu), 0.00 min (real)
Generate toy 479/500

 -- Profile Likelihood -- 
Limit: r < 1.55697 @ 95% CL
Done in 0.00 min (cpu), 0.00 min (real)
Generate toy 480/500

 -- Profile Likelihood -- 
Limit: r < 1.07562 @ 95% CL
Done in 0.00 min (cpu), 0.00 min (real)
Generate toy 481/500

 -- Profile Likelihood -- 
Limit: r < 1.04499 @ 95% CL
Done in 0.00 min (cpu), 0.00 min (real)
Generate toy 482/500

 -- Profile Likelihood -- 
Limit: r < 0.367969 @ 95% CL
Done in 0.00 min (cpu), 0.00 min (real)
Generate toy 483/500

 -- Profile Likelihood -- 
Limit: r < 0.398449 @ 95% CL
Done in 0.00 min (cpu), 0.00 min (real)
Generate toy 484/500

 -- Profile Likelihood -- 
Limit: r < 1.55794 @ 95% CL
Done in 0.00 min (cpu), 0.00 min (real)
Generate toy 485/500

 -- Profile Likelihood -- 
Limit: r < 0.697949 @ 95% CL
Done in 0.00 min (cpu), 0.00 min (real)
Generate toy 486/500

 -- Profile Likelihood -- 
Limit: r < 0.756943 @ 95% CL
Done in 0.00 min (cpu), 0.00 min (real)
Generate toy 487/500

 -- Profile Likelihood -- 
Limit: r < 0.555078 @ 95% CL
Done in 0.00 min (cpu), 0.00 min (real)
Generate toy 488/500

 -- Profile Likelihood -- 
Limit: r < 1.2435 @ 95% CL
Done in 0.00 min (cpu), 0.00 min (real)
Generate toy 489/500

 -- Profile Likelihood -- 
Limit: r < 1.417 @ 95% CL
Done in 0.00 min (cpu), 0.00 min (real)
Generate toy 490/500

 -- Profile Likelihood -- 
Limit: r < 1.45421 @ 95% CL
Done in 0.00 min (cpu), 0.00 min (real)
Generate toy 491/500

 -- Profile Likelihood -- 
Limit: r < 0.801391 @ 95% CL
Done in 0.00 min (cpu), 0.00 min (real)
Generate toy 492/500

 -- Profile Likelihood -- 
Limit: r < 0.452336 @ 95% CL
Done in 0.00 min (cpu), 0.00 min (real)
Generate toy 493/500

 -- Profile Likelihood -- 
Limit: r < 1.3465 @ 95% CL
Done in 0.00 min (cpu), 0.00 min (real)
Generate toy 494/500

 -- Profile Likelihood -- 
Limit: r < 1.0028 @ 95% CL
Done in 0.00 min (cpu), 0.00 min (real)
Generate toy 495/500

 -- Profile Likelihood -- 
Limit: r < 0.600912 @ 95% CL
Done in 0.00 min (cpu), 0.00 min (real)
Generate toy 496/500

 -- Profile Likelihood -- 
Limit: r < 0.627758 @ 95% CL
Done in 0.00 min (cpu), 0.00 min (real)
Generate toy 497/500

 -- Profile Likelihood -- 
Limit: r < 0.689444 @ 95% CL
Done in 0.00 min (cpu), 0.00 min (real)
Generate toy 498/500

 -- Profile Likelihood -- 
Limit: r < 1.88839 @ 95% CL
Done in 0.00 min (cpu), 0.00 min (real)
Generate toy 499/500

 -- Profile Likelihood -- 
Limit: r < 0.649106 @ 95% CL
Done in 0.00 min (cpu), 0.00 min (real)
Generate toy 500/500

 -- Profile Likelihood -- 
Limit: r < 1.19102 @ 95% CL
Done in 0.00 min (cpu), 0.00 min (real)
mean   expected limit: r < 0.915122 +/- 0.0180287 @ 95%CL (484 toyMC)
median expected limit: r < 0.845385 @ 95%CL (484 toyMC)
   68% expected band : 0.518423 < r < 1.3465
   95% expected band : 0.36137 < r < 1.82249
