>>> including systematics
>>> method used to compute upper limit is ProfileLikelihood
>>> random number generator seed is 123456

Sanity checks on the model: OK
Generate toy 1/500

 -- Profile Likelihood -- 
Limit: r < 0.568271 @ 95% CL
Done in 0.00 min (cpu), 0.00 min (real)
Generate toy 2/500

 -- Profile Likelihood -- 
Limit: r < 1.79265 @ 95% CL
Done in 0.00 min (cpu), 0.00 min (real)
Generate toy 3/500

 -- Profile Likelihood -- 
Limit: r < 1.21069 @ 95% CL
Done in 0.00 min (cpu), 0.00 min (real)
Generate toy 4/500

 -- Profile Likelihood -- 
Limit: r < 0.762593 @ 95% CL
Done in 0.00 min (cpu), 0.00 min (real)
Generate toy 5/500

 -- Profile Likelihood -- 
Limit: r < 1.9478 @ 95% CL
Done in 0.00 min (cpu), 0.00 min (real)
Generate toy 6/500
Done in 0.00 min (cpu), 0.00 min (real)
Generate toy 7/500

 -- Profile Likelihood -- 
Limit: r < 0.753676 @ 95% CL
Done in 0.00 min (cpu), 0.00 min (real)
Generate toy 8/500

 -- Profile Likelihood -- 
Limit: r < 1.16745 @ 95% CL
Done in 0.00 min (cpu), 0.00 min (real)
Generate toy 9/500

 -- Profile Likelihood -- 
Limit: r < 0.605097 @ 95% CL
Done in 0.00 min (cpu), 0.00 min (real)
Generate toy 10/500

 -- Profile Likelihood -- 
Limit: r < 0.951773 @ 95% CL
Done in 0.00 min (cpu), 0.00 min (real)
Generate toy 11/500

 -- Profile Likelihood -- 
Limit: r < 1.08487 @ 95% CL
Done in 0.00 min (cpu), 0.00 min (real)
Generate toy 12/500

 -- Profile Likelihood -- 
Limit: r < 0.711194 @ 95% CL
Done in 0.00 min (cpu), 0.00 min (real)
Generate toy 13/500

 -- Profile Likelihood -- 
Limit: r < 0.932658 @ 95% CL
Done in 0.00 min (cpu), 0.00 min (real)
Generate toy 14/500

 -- Profile Likelihood -- 
Limit: r < 1.32412 @ 95% CL
Done in 0.00 min (cpu), 0.00 min (real)
Generate toy 15/500

 -- Profile Likelihood -- 
Limit: r < 0.811021 @ 95% CL
Done in 0.00 min (cpu), 0.00 min (real)
Generate toy 16/500

 -- Profile Likelihood -- 
Limit: r < 1.12989 @ 95% CL
Done in 0.00 min (cpu), 0.00 min (real)
Generate toy 17/500

 -- Profile Likelihood -- 
Limit: r < 1.99662 @ 95% CL
Done in 0.00 min (cpu), 0.00 min (real)
Generate toy 18/500

 -- Profile Likelihood -- 
Limit: r < 2.5965 @ 95% CL
Done in 0.00 min (cpu), 0.00 min (real)
Generate toy 19/500

 -- Profile Likelihood -- 
Limit: r < 0.927871 @ 95% CL
Done in 0.00 min (cpu), 0.00 min (real)
Generate toy 20/500
Done in 0.00 min (cpu), 0.00 min (real)
Generate toy 21/500

 -- Profile Likelihood -- 
Limit: r < 0.907361 @ 95% CL
Done in 0.00 min (cpu), 0.00 min (real)
Generate toy 22/500

 -- Profile Likelihood -- 
Limit: r < 1.42493 @ 95% CL
Done in 0.00 min (cpu), 0.00 min (real)
Generate toy 23/500

 -- Profile Likelihood -- 
Limit: r < 0.386724 @ 95% CL
Done in 0.00 min (cpu), 0.00 min (real)
Generate toy 24/500

 -- Profile Likelihood -- 
Limit: r < 0.945694 @ 95% CL
Done in 0.00 min (cpu), 0.00 min (real)
Generate toy 25/500

 -- Profile Likelihood -- 
Limit: r < 1.17463 @ 95% CL
Done in 0.00 min (cpu), 0.00 min (real)
Generate toy 26/500

 -- Profile Likelihood -- 
Limit: r < 0.757395 @ 95% CL
Done in 0.00 min (cpu), 0.00 min (real)
Generate toy 27/500

 -- Profile Likelihood -- 
Limit: r < 0.995476 @ 95% CL
Done in 0.00 min (cpu), 0.00 min (real)
Generate toy 28/500

 -- Profile Likelihood -- 
Limit: r < 0.821329 @ 95% CL
Done in 0.00 min (cpu), 0.00 min (real)
Generate toy 29/500

 -- Profile Likelihood -- 
Limit: r < 0.965146 @ 95% CL
Done in 0.00 min (cpu), 0.00 min (real)
Generate toy 30/500

 -- Profile Likelihood -- 
Limit: r < 0.562631 @ 95% CL
Done in 0.00 min (cpu), 0.00 min (real)
Generate toy 31/500

 -- Profile Likelihood -- 
Limit: r < 1.14704 @ 95% CL
Done in 0.00 min (cpu), 0.00 min (real)
Generate toy 32/500

 -- Profile Likelihood -- 
Limit: r < 1.19902 @ 95% CL
Done in 0.00 min (cpu), 0.00 min (real)
Generate toy 33/500

 -- Profile Likelihood -- 
Limit: r < 0.546278 @ 95% CL
Done in 0.00 min (cpu), 0.00 min (real)
Generate toy 34/500

 -- Profile Likelihood -- 
Limit: r < 0.846789 @ 95% CL
Done in 0.00 min (cpu), 0.00 min (real)
Generate toy 35/500

 -- Profile Likelihood -- 
Limit: r < 1.43374 @ 95% CL
Done in 0.00 min (cpu), 0.00 min (real)
Generate toy 36/500

 -- Profile Likelihood -- 
Limit: r < 0.605115 @ 95% CL
Done in 0.00 min (cpu), 0.00 min (real)
Generate toy 37/500

 -- Profile Likelihood -- 
Limit: r < 1.74158 @ 95% CL
Done in 0.00 min (cpu), 0.00 min (real)
Generate toy 38/500

 -- Profile Likelihood -- 
Limit: r < 1.77707 @ 95% CL
Done in 0.00 min (cpu), 0.00 min (real)
Generate toy 39/500

 -- Profile Likelihood -- 
Limit: r < 2.18593 @ 95% CL
Done in 0.00 min (cpu), 0.00 min (real)
Generate toy 40/500

 -- Profile Likelihood -- 
Limit: r < 0.840167 @ 95% CL
Done in 0.00 min (cpu), 0.00 min (real)
Generate toy 41/500

 -- Profile Likelihood -- 
Limit: r < 0.811333 @ 95% CL
Done in 0.00 min (cpu), 0.00 min (real)
Generate toy 42/500

 -- Profile Likelihood -- 
Limit: r < 0.736981 @ 95% CL
Done in 0.00 min (cpu), 0.00 min (real)
Generate toy 43/500

 -- Profile Likelihood -- 
Limit: r < 1.26704 @ 95% CL
Done in 0.00 min (cpu), 0.00 min (real)
Generate toy 44/500

 -- Profile Likelihood -- 
Limit: r < 1.10133 @ 95% CL
Done in 0.00 min (cpu), 0.00 min (real)
Generate toy 45/500

 -- Profile Likelihood -- 
Limit: r < 1.26457 @ 95% CL
Done in 0.00 min (cpu), 0.00 min (real)
Generate toy 46/500

 -- Profile Likelihood -- 
Limit: r < 1.12069 @ 95% CL
Done in 0.00 min (cpu), 0.00 min (real)
Generate toy 47/500

 -- Profile Likelihood -- 
Limit: r < 0.637951 @ 95% CL
Done in 0.00 min (cpu), 0.00 min (real)
Generate toy 48/500

 -- Profile Likelihood -- 
Limit: r < 1.11428 @ 95% CL
Done in 0.00 min (cpu), 0.00 min (real)
Generate toy 49/500

 -- Profile Likelihood -- 
Limit: r < 0.533177 @ 95% CL
Done in 0.00 min (cpu), 0.00 min (real)
Generate toy 50/500

 -- Profile Likelihood -- 
Limit: r < 2.42451 @ 95% CL
Done in 0.00 min (cpu), 0.00 min (real)
Generate toy 51/500

 -- Profile Likelihood -- 
Limit: r < 1.57521 @ 95% CL
Done in 0.00 min (cpu), 0.00 min (real)
Generate toy 52/500

 -- Profile Likelihood -- 
Limit: r < 1.85635 @ 95% CL
Done in 0.00 min (cpu), 0.00 min (real)
Generate toy 53/500
Done in 0.00 min (cpu), 0.00 min (real)
Generate toy 54/500

 -- Profile Likelihood -- 
Limit: r < 1.48426 @ 95% CL
Done in 0.00 min (cpu), 0.00 min (real)
Generate toy 55/500

 -- Profile Likelihood -- 
Limit: r < 1.35445 @ 95% CL
Done in 0.00 min (cpu), 0.00 min (real)
Generate toy 56/500

 -- Profile Likelihood -- 
Limit: r < 0.587954 @ 95% CL
Done in 0.00 min (cpu), 0.00 min (real)
Generate toy 57/500

 -- Profile Likelihood -- 
Limit: r < 1.16797 @ 95% CL
Done in 0.00 min (cpu), 0.00 min (real)
Generate toy 58/500

 -- Profile Likelihood -- 
Limit: r < 0.644878 @ 95% CL
Done in 0.00 min (cpu), 0.00 min (real)
Generate toy 59/500

 -- Profile Likelihood -- 
Limit: r < 0.721521 @ 95% CL
Done in 0.00 min (cpu), 0.00 min (real)
Generate toy 60/500

 -- Profile Likelihood -- 
Limit: r < 0.674494 @ 95% CL
Done in 0.00 min (cpu), 0.00 min (real)
Generate toy 61/500

 -- Profile Likelihood -- 
Limit: r < 0.813957 @ 95% CL
Done in 0.00 min (cpu), 0.00 min (real)
Generate toy 62/500

 -- Profile Likelihood -- 
Limit: r < 0.493486 @ 95% CL
Done in 0.00 min (cpu), 0.00 min (real)
Generate toy 63/500

 -- Profile Likelihood -- 
Limit: r < 1.23463 @ 95% CL
Done in 0.00 min (cpu), 0.00 min (real)
Generate toy 64/500
Done in 0.00 min (cpu), 0.00 min (real)
Generate toy 65/500

 -- Profile Likelihood -- 
Limit: r < 0.630495 @ 95% CL
Done in 0.00 min (cpu), 0.00 min (real)
Generate toy 66/500

 -- Profile Likelihood -- 
Limit: r < 1.18036 @ 95% CL
Done in 0.00 min (cpu), 0.00 min (real)
Generate toy 67/500

 -- Profile Likelihood -- 
Limit: r < 1.12313 @ 95% CL
Done in 0.00 min (cpu), 0.00 min (real)
Generate toy 68/500

 -- Profile Likelihood -- 
Limit: r < 1.08536 @ 95% CL
Done in 0.00 min (cpu), 0.00 min (real)
Generate toy 69/500

 -- Profile Likelihood -- 
Limit: r < 1.69654 @ 95% CL
Done in 0.00 min (cpu), 0.00 min (real)
Generate toy 70/500

 -- Profile Likelihood -- 
Limit: r < 1.27693 @ 95% CL
Done in 0.00 min (cpu), 0.00 min (real)
Generate toy 71/500

 -- Profile Likelihood -- 
Limit: r < 1.61885 @ 95% CL
Done in 0.00 min (cpu), 0.00 min (real)
Generate toy 72/500

 -- Profile Likelihood -- 
Limit: r < 1.26751 @ 95% CL
Done in 0.00 min (cpu), 0.00 min (real)
Generate toy 73/500

 -- Profile Likelihood -- 
Limit: r < 0.944034 @ 95% CL
Done in 0.00 min (cpu), 0.00 min (real)
Generate toy 74/500

 -- Profile Likelihood -- 
Limit: r < 1.6383 @ 95% CL
Done in 0.00 min (cpu), 0.00 min (real)
Generate toy 75/500

 -- Profile Likelihood -- 
Limit: r < 0.967976 @ 95% CL
Done in 0.00 min (cpu), 0.00 min (real)
Generate toy 76/500

 -- Profile Likelihood -- 
Limit: r < 0.36865 @ 95% CL
Done in 0.00 min (cpu), 0.00 min (real)
Generate toy 77/500

 -- Profile Likelihood -- 
Limit: r < 0.914174 @ 95% CL
Done in 0.00 min (cpu), 0.00 min (real)
Generate toy 78/500

 -- Profile Likelihood -- 
Limit: r < 1.36234 @ 95% CL
Done in 0.00 min (cpu), 0.00 min (real)
Generate toy 79/500

 -- Profile Likelihood -- 
Limit: r < 1.40527 @ 95% CL
Done in 0.00 min (cpu), 0.00 min (real)
Generate toy 80/500

 -- Profile Likelihood -- 
Limit: r < 2.15771 @ 95% CL
Done in 0.00 min (cpu), 0.00 min (real)
Generate toy 81/500

 -- Profile Likelihood -- 
Limit: r < 1.32853 @ 95% CL
Done in 0.00 min (cpu), 0.00 min (real)
Generate toy 82/500

 -- Profile Likelihood -- 
Limit: r < 0.569143 @ 95% CL
Done in 0.00 min (cpu), 0.00 min (real)
Generate toy 83/500

 -- Profile Likelihood -- 
Limit: r < 1.11633 @ 95% CL
Done in 0.00 min (cpu), 0.00 min (real)
Generate toy 84/500

 -- Profile Likelihood -- 
Limit: r < 0.652858 @ 95% CL
Done in 0.00 min (cpu), 0.00 min (real)
Generate toy 85/500

 -- Profile Likelihood -- 
Limit: r < 0.493028 @ 95% CL
Done in 0.00 min (cpu), 0.00 min (real)
Generate toy 86/500

 -- Profile Likelihood -- 
Limit: r < 0.761185 @ 95% CL
Done in 0.00 min (cpu), 0.00 min (real)
Generate toy 87/500

 -- Profile Likelihood -- 
Limit: r < 0.733825 @ 95% CL
Done in 0.00 min (cpu), 0.00 min (real)
Generate toy 88/500

 -- Profile Likelihood -- 
Limit: r < 0.885561 @ 95% CL
Done in 0.00 min (cpu), 0.00 min (real)
Generate toy 89/500

 -- Profile Likelihood -- 
Limit: r < 1.29638 @ 95% CL
Done in 0.00 min (cpu), 0.00 min (real)
Generate toy 90/500

 -- Profile Likelihood -- 
Limit: r < 2.04812 @ 95% CL
Done in 0.00 min (cpu), 0.00 min (real)
Generate toy 91/500

 -- Profile Likelihood -- 
Limit: r < 0.778316 @ 95% CL
Done in 0.00 min (cpu), 0.00 min (real)
Generate toy 92/500

 -- Profile Likelihood -- 
Limit: r < 0.663442 @ 95% CL
Done in 0.00 min (cpu), 0.00 min (real)
Generate toy 93/500

 -- Profile Likelihood -- 
Limit: r < 1.65599 @ 95% CL
Done in 0.00 min (cpu), 0.00 min (real)
Generate toy 94/500

 -- Profile Likelihood -- 
Limit: r < 0.849814 @ 95% CL
Done in 0.00 min (cpu), 0.00 min (real)
Generate toy 95/500

 -- Profile Likelihood -- 
Limit: r < 1.21826 @ 95% CL
Done in 0.00 min (cpu), 0.00 min (real)
Generate toy 96/500

 -- Profile Likelihood -- 
Limit: r < 1.29266 @ 95% CL
Done in 0.00 min (cpu), 0.00 min (real)
Generate toy 97/500

 -- Profile Likelihood -- 
Limit: r < 0.897423 @ 95% CL
Done in 0.00 min (cpu), 0.00 min (real)
Generate toy 98/500

 -- Profile Likelihood -- 
Limit: r < 0.860387 @ 95% CL
Done in 0.00 min (cpu), 0.00 min (real)
Generate toy 99/500

 -- Profile Likelihood -- 
Limit: r < 1.57196 @ 95% CL
Done in 0.00 min (cpu), 0.00 min (real)
Generate toy 100/500

 -- Profile Likelihood -- 
Limit: r < 2.70501 @ 95% CL
Done in 0.00 min (cpu), 0.00 min (real)
Generate toy 101/500

 -- Profile Likelihood -- 
Limit: r < 1.27212 @ 95% CL
Done in 0.00 min (cpu), 0.00 min (real)
Generate toy 102/500

 -- Profile Likelihood -- 
Limit: r < 1.49817 @ 95% CL
Done in 0.00 min (cpu), 0.00 min (real)
Generate toy 103/500

 -- Profile Likelihood -- 
Limit: r < 1.65425 @ 95% CL
Done in 0.00 min (cpu), 0.00 min (real)
Generate toy 104/500

 -- Profile Likelihood -- 
Limit: r < 1.48782 @ 95% CL
Done in 0.00 min (cpu), 0.00 min (real)
Generate toy 105/500

 -- Profile Likelihood -- 
Limit: r < 0.313504 @ 95% CL
Done in 0.00 min (cpu), 0.00 min (real)
Generate toy 106/500

 -- Profile Likelihood -- 
Limit: r < 0.86148 @ 95% CL
Done in 0.00 min (cpu), 0.00 min (real)
Generate toy 107/500

 -- Profile Likelihood -- 
Limit: r < 0.651312 @ 95% CL
Done in 0.00 min (cpu), 0.00 min (real)
Generate toy 108/500

 -- Profile Likelihood -- 
Limit: r < 0.687699 @ 95% CL
Done in 0.00 min (cpu), 0.00 min (real)
Generate toy 109/500

 -- Profile Likelihood -- 
Limit: r < 1.44526 @ 95% CL
Done in 0.00 min (cpu), 0.00 min (real)
Generate toy 110/500

 -- Profile Likelihood -- 
Limit: r < 1.90275 @ 95% CL
Done in 0.00 min (cpu), 0.00 min (real)
Generate toy 111/500

 -- Profile Likelihood -- 
Limit: r < 1.59152 @ 95% CL
Done in 0.00 min (cpu), 0.00 min (real)
Generate toy 112/500

 -- Profile Likelihood -- 
Limit: r < 0.872134 @ 95% CL
Done in 0.00 min (cpu), 0.00 min (real)
Generate toy 113/500
Done in 0.00 min (cpu), 0.00 min (real)
Generate toy 114/500

 -- Profile Likelihood -- 
Limit: r < 1.71393 @ 95% CL
Done in 0.00 min (cpu), 0.00 min (real)
Generate toy 115/500

 -- Profile Likelihood -- 
Limit: r < 0.935772 @ 95% CL
Done in 0.00 min (cpu), 0.00 min (real)
Generate toy 116/500

 -- Profile Likelihood -- 
Limit: r < 1.59061 @ 95% CL
Done in 0.00 min (cpu), 0.00 min (real)
Generate toy 117/500

 -- Profile Likelihood -- 
Limit: r < 1.22869 @ 95% CL
Done in 0.00 min (cpu), 0.00 min (real)
Generate toy 118/500

 -- Profile Likelihood -- 
Limit: r < 1.20872 @ 95% CL
Done in 0.00 min (cpu), 0.00 min (real)
Generate toy 119/500

 -- Profile Likelihood -- 
Limit: r < 0.612724 @ 95% CL
Done in 0.00 min (cpu), 0.00 min (real)
Generate toy 120/500

 -- Profile Likelihood -- 
Limit: r < 1.26779 @ 95% CL
Done in 0.00 min (cpu), 0.00 min (real)
Generate toy 121/500

 -- Profile Likelihood -- 
Limit: r < 0.403464 @ 95% CL
Done in 0.00 min (cpu), 0.00 min (real)
Generate toy 122/500

 -- Profile Likelihood -- 
Limit: r < 0.707985 @ 95% CL
Done in 0.00 min (cpu), 0.00 min (real)
Generate toy 123/500

 -- Profile Likelihood -- 
Limit: r < 0.770323 @ 95% CL
Done in 0.00 min (cpu), 0.00 min (real)
Generate toy 124/500

 -- Profile Likelihood -- 
Limit: r < 0.615077 @ 95% CL
Done in 0.00 min (cpu), 0.00 min (real)
Generate toy 125/500

 -- Profile Likelihood -- 
Limit: r < 0.842179 @ 95% CL
Done in 0.00 min (cpu), 0.00 min (real)
Generate toy 126/500

 -- Profile Likelihood -- 
Limit: r < 1.43582 @ 95% CL
Done in 0.00 min (cpu), 0.00 min (real)
Generate toy 127/500

 -- Profile Likelihood -- 
Limit: r < 0.935321 @ 95% CL
Done in 0.00 min (cpu), 0.00 min (real)
Generate toy 128/500

 -- Profile Likelihood -- 
Limit: r < 1.31016 @ 95% CL
Done in 0.00 min (cpu), 0.00 min (real)
Generate toy 129/500

 -- Profile Likelihood -- 
Limit: r < 1.8458 @ 95% CL
Done in 0.00 min (cpu), 0.00 min (real)
Generate toy 130/500

 -- Profile Likelihood -- 
Limit: r < 0.956271 @ 95% CL
Done in 0.00 min (cpu), 0.00 min (real)
Generate toy 131/500

 -- Profile Likelihood -- 
Limit: r < 0.560328 @ 95% CL
Done in 0.00 min (cpu), 0.00 min (real)
Generate toy 132/500

 -- Profile Likelihood -- 
Limit: r < 0.566917 @ 95% CL
Done in 0.00 min (cpu), 0.00 min (real)
Generate toy 133/500

 -- Profile Likelihood -- 
Limit: r < 1.39217 @ 95% CL
Done in 0.00 min (cpu), 0.00 min (real)
Generate toy 134/500

 -- Profile Likelihood -- 
Limit: r < 1.35351 @ 95% CL
Done in 0.00 min (cpu), 0.00 min (real)
Generate toy 135/500

 -- Profile Likelihood -- 
Limit: r < 1.03521 @ 95% CL
Done in 0.00 min (cpu), 0.00 min (real)
Generate toy 136/500

 -- Profile Likelihood -- 
Limit: r < 2.02438 @ 95% CL
Done in 0.00 min (cpu), 0.00 min (real)
Generate toy 137/500

 -- Profile Likelihood -- 
Limit: r < 0.918062 @ 95% CL
Done in 0.00 min (cpu), 0.00 min (real)
Generate toy 138/500

 -- Profile Likelihood -- 
Limit: r < 1.86809 @ 95% CL
Done in 0.00 min (cpu), 0.00 min (real)
Generate toy 139/500

 -- Profile Likelihood -- 
Limit: r < 0.62237 @ 95% CL
Done in 0.00 min (cpu), 0.00 min (real)
Generate toy 140/500

 -- Profile Likelihood -- 
Limit: r < 1.08581 @ 95% CL
Done in 0.00 min (cpu), 0.00 min (real)
Generate toy 141/500

 -- Profile Likelihood -- 
Limit: r < 0.91942 @ 95% CL
Done in 0.00 min (cpu), 0.00 min (real)
Generate toy 142/500

 -- Profile Likelihood -- 
Limit: r < 0.726484 @ 95% CL
Done in 0.00 min (cpu), 0.00 min (real)
Generate toy 143/500

 -- Profile Likelihood -- 
Limit: r < 0.690925 @ 95% CL
Done in 0.00 min (cpu), 0.00 min (real)
Generate toy 144/500

 -- Profile Likelihood -- 
Limit: r < 1.72456 @ 95% CL
Done in 0.00 min (cpu), 0.00 min (real)
Generate toy 145/500

 -- Profile Likelihood -- 
Limit: r < 0.877112 @ 95% CL
Done in 0.00 min (cpu), 0.00 min (real)
Generate toy 146/500

 -- Profile Likelihood -- 
Limit: r < 0.652903 @ 95% CL
Done in 0.00 min (cpu), 0.00 min (real)
Generate toy 147/500

 -- Profile Likelihood -- 
Limit: r < 0.693283 @ 95% CL
Done in 0.00 min (cpu), 0.00 min (real)
Generate toy 148/500

 -- Profile Likelihood -- 
Limit: r < 0.60388 @ 95% CL
Done in 0.00 min (cpu), 0.00 min (real)
Generate toy 149/500

 -- Profile Likelihood -- 
Limit: r < 1.32478 @ 95% CL
Done in 0.00 min (cpu), 0.00 min (real)
Generate toy 150/500

 -- Profile Likelihood -- 
Limit: r < 0.592256 @ 95% CL
Done in 0.00 min (cpu), 0.00 min (real)
Generate toy 151/500

 -- Profile Likelihood -- 
Limit: r < 2.09787 @ 95% CL
Done in 0.00 min (cpu), 0.00 min (real)
Generate toy 152/500

 -- Profile Likelihood -- 
Limit: r < 1.82082 @ 95% CL
Done in 0.00 min (cpu), 0.00 min (real)
Generate toy 153/500

 -- Profile Likelihood -- 
Limit: r < 1.0296 @ 95% CL
Done in 0.00 min (cpu), 0.00 min (real)
Generate toy 154/500

 -- Profile Likelihood -- 
Limit: r < 0.44747 @ 95% CL
Done in 0.00 min (cpu), 0.00 min (real)
Generate toy 155/500

 -- Profile Likelihood -- 
Limit: r < 0.796008 @ 95% CL
Done in 0.00 min (cpu), 0.00 min (real)
Generate toy 156/500

 -- Profile Likelihood -- 
Limit: r < 1.38877 @ 95% CL
Done in 0.00 min (cpu), 0.00 min (real)
Generate toy 157/500

 -- Profile Likelihood -- 
Limit: r < 0.952594 @ 95% CL
Done in 0.00 min (cpu), 0.00 min (real)
Generate toy 158/500

 -- Profile Likelihood -- 
Limit: r < 1.60778 @ 95% CL
Done in 0.00 min (cpu), 0.00 min (real)
Generate toy 159/500

 -- Profile Likelihood -- 
Limit: r < 0.739533 @ 95% CL
Done in 0.00 min (cpu), 0.00 min (real)
Generate toy 160/500

 -- Profile Likelihood -- 
Limit: r < 1.52634 @ 95% CL
Done in 0.00 min (cpu), 0.00 min (real)
Generate toy 161/500

 -- Profile Likelihood -- 
Limit: r < 1.18055 @ 95% CL
Done in 0.00 min (cpu), 0.00 min (real)
Generate toy 162/500

 -- Profile Likelihood -- 
Limit: r < 0.553136 @ 95% CL
Done in 0.00 min (cpu), 0.00 min (real)
Generate toy 163/500

 -- Profile Likelihood -- 
Limit: r < 1.64979 @ 95% CL
Done in 0.00 min (cpu), 0.00 min (real)
Generate toy 164/500

 -- Profile Likelihood -- 
Limit: r < 0.957528 @ 95% CL
Done in 0.00 min (cpu), 0.00 min (real)
Generate toy 165/500

 -- Profile Likelihood -- 
Limit: r < 0.567007 @ 95% CL
Done in 0.00 min (cpu), 0.00 min (real)
Generate toy 166/500

 -- Profile Likelihood -- 
Limit: r < 0.924393 @ 95% CL
Done in 0.00 min (cpu), 0.00 min (real)
Generate toy 167/500

 -- Profile Likelihood -- 
Limit: r < 0.333095 @ 95% CL
Done in 0.00 min (cpu), 0.00 min (real)
Generate toy 168/500

 -- Profile Likelihood -- 
Limit: r < 1.27167 @ 95% CL
Done in 0.00 min (cpu), 0.00 min (real)
Generate toy 169/500

 -- Profile Likelihood -- 
Limit: r < 0.416098 @ 95% CL
Done in 0.00 min (cpu), 0.00 min (real)
Generate toy 170/500

 -- Profile Likelihood -- 
Limit: r < 0.393849 @ 95% CL
Done in 0.00 min (cpu), 0.00 min (real)
Generate toy 171/500

 -- Profile Likelihood -- 
Limit: r < 1.12193 @ 95% CL
Done in 0.00 min (cpu), 0.00 min (real)
Generate toy 172/500

 -- Profile Likelihood -- 
Limit: r < 0.691708 @ 95% CL
Done in 0.00 min (cpu), 0.00 min (real)
Generate toy 173/500

 -- Profile Likelihood -- 
Limit: r < 0.866263 @ 95% CL
Done in 0.00 min (cpu), 0.00 min (real)
Generate toy 174/500

 -- Profile Likelihood -- 
Limit: r < 1.70003 @ 95% CL
Done in 0.00 min (cpu), 0.00 min (real)
Generate toy 175/500

 -- Profile Likelihood -- 
Limit: r < 0.862896 @ 95% CL
Done in 0.00 min (cpu), 0.00 min (real)
Generate toy 176/500

 -- Profile Likelihood -- 
Limit: r < 1.86845 @ 95% CL
Done in 0.00 min (cpu), 0.00 min (real)
Generate toy 177/500

 -- Profile Likelihood -- 
Limit: r < 0.928837 @ 95% CL
Done in 0.00 min (cpu), 0.00 min (real)
Generate toy 178/500

 -- Profile Likelihood -- 
Limit: r < 0.465643 @ 95% CL
Done in 0.00 min (cpu), 0.00 min (real)
Generate toy 179/500

 -- Profile Likelihood -- 
Limit: r < 1.21376 @ 95% CL
Done in 0.00 min (cpu), 0.00 min (real)
Generate toy 180/500

 -- Profile Likelihood -- 
Limit: r < 0.596564 @ 95% CL
Done in 0.00 min (cpu), 0.00 min (real)
Generate toy 181/500

 -- Profile Likelihood -- 
Limit: r < 0.850212 @ 95% CL
Done in 0.00 min (cpu), 0.00 min (real)
Generate toy 182/500

 -- Profile Likelihood -- 
Limit: r < 0.550723 @ 95% CL
Done in 0.00 min (cpu), 0.00 min (real)
Generate toy 183/500

 -- Profile Likelihood -- 
Limit: r < 0.732606 @ 95% CL
Done in 0.00 min (cpu), 0.00 min (real)
Generate toy 184/500

 -- Profile Likelihood -- 
Limit: r < 0.831245 @ 95% CL
Done in 0.00 min (cpu), 0.00 min (real)
Generate toy 185/500

 -- Profile Likelihood -- 
Limit: r < 0.835365 @ 95% CL
Done in 0.00 min (cpu), 0.00 min (real)
Generate toy 186/500

 -- Profile Likelihood -- 
Limit: r < 0.757119 @ 95% CL
Done in 0.00 min (cpu), 0.00 min (real)
Generate toy 187/500

 -- Profile Likelihood -- 
Limit: r < 0.656644 @ 95% CL
Done in 0.00 min (cpu), 0.00 min (real)
Generate toy 188/500

 -- Profile Likelihood -- 
Limit: r < 0.894894 @ 95% CL
Done in 0.00 min (cpu), 0.00 min (real)
Generate toy 189/500

 -- Profile Likelihood -- 
Limit: r < 1.25585 @ 95% CL
Done in 0.00 min (cpu), 0.00 min (real)
Generate toy 190/500

 -- Profile Likelihood -- 
Limit: r < 0.460676 @ 95% CL
Done in 0.00 min (cpu), 0.00 min (real)
Generate toy 191/500

 -- Profile Likelihood -- 
Limit: r < 1.14851 @ 95% CL
Done in 0.00 min (cpu), 0.00 min (real)
Generate toy 192/500

 -- Profile Likelihood -- 
Limit: r < 0.723175 @ 95% CL
Done in 0.00 min (cpu), 0.00 min (real)
Generate toy 193/500

 -- Profile Likelihood -- 
Limit: r < 0.686025 @ 95% CL
Done in 0.00 min (cpu), 0.00 min (real)
Generate toy 194/500

 -- Profile Likelihood -- 
Limit: r < 0.677697 @ 95% CL
Done in 0.00 min (cpu), 0.00 min (real)
Generate toy 195/500

 -- Profile Likelihood -- 
Limit: r < 1.22866 @ 95% CL
Done in 0.00 min (cpu), 0.00 min (real)
Generate toy 196/500

 -- Profile Likelihood -- 
Limit: r < 1.06263 @ 95% CL
Done in 0.00 min (cpu), 0.00 min (real)
Generate toy 197/500

 -- Profile Likelihood -- 
Limit: r < 1.53367 @ 95% CL
Done in 0.00 min (cpu), 0.00 min (real)
Generate toy 198/500

 -- Profile Likelihood -- 
Limit: r < 0.499952 @ 95% CL
Done in 0.00 min (cpu), 0.00 min (real)
Generate toy 199/500

 -- Profile Likelihood -- 
Limit: r < 1.12961 @ 95% CL
Done in 0.00 min (cpu), 0.00 min (real)
Generate toy 200/500

 -- Profile Likelihood -- 
Limit: r < 0.620074 @ 95% CL
Done in 0.00 min (cpu), 0.00 min (real)
Generate toy 201/500

 -- Profile Likelihood -- 
Limit: r < 0.813376 @ 95% CL
Done in 0.00 min (cpu), 0.00 min (real)
Generate toy 202/500

 -- Profile Likelihood -- 
Limit: r < 1.1813 @ 95% CL
Done in 0.00 min (cpu), 0.00 min (real)
Generate toy 203/500

 -- Profile Likelihood -- 
Limit: r < 0.903017 @ 95% CL
Done in 0.00 min (cpu), 0.00 min (real)
Generate toy 204/500

 -- Profile Likelihood -- 
Limit: r < 0.614184 @ 95% CL
Done in 0.00 min (cpu), 0.00 min (real)
Generate toy 205/500

 -- Profile Likelihood -- 
Limit: r < 1.08491 @ 95% CL
Done in 0.00 min (cpu), 0.00 min (real)
Generate toy 206/500

 -- Profile Likelihood -- 
Limit: r < 0.552266 @ 95% CL
Done in 0.00 min (cpu), 0.00 min (real)
Generate toy 207/500

 -- Profile Likelihood -- 
Limit: r < 1.13847 @ 95% CL
Done in 0.00 min (cpu), 0.00 min (real)
Generate toy 208/500

 -- Profile Likelihood -- 
Limit: r < 1.49815 @ 95% CL
Done in 0.00 min (cpu), 0.00 min (real)
Generate toy 209/500

 -- Profile Likelihood -- 
Limit: r < 0.688974 @ 95% CL
Done in 0.00 min (cpu), 0.00 min (real)
Generate toy 210/500

 -- Profile Likelihood -- 
Limit: r < 1.93626 @ 95% CL
Done in 0.00 min (cpu), 0.00 min (real)
Generate toy 211/500

 -- Profile Likelihood -- 
Limit: r < 1.46951 @ 95% CL
Done in 0.00 min (cpu), 0.00 min (real)
Generate toy 212/500

 -- Profile Likelihood -- 
Limit: r < 1.32846 @ 95% CL
Done in 0.00 min (cpu), 0.00 min (real)
Generate toy 213/500

 -- Profile Likelihood -- 
Limit: r < 1.9832 @ 95% CL
Done in 0.00 min (cpu), 0.00 min (real)
Generate toy 214/500

 -- Profile Likelihood -- 
Limit: r < 0.548443 @ 95% CL
Done in 0.00 min (cpu), 0.00 min (real)
Generate toy 215/500

 -- Profile Likelihood -- 
Limit: r < 0.940854 @ 95% CL
Done in 0.00 min (cpu), 0.00 min (real)
Generate toy 216/500

 -- Profile Likelihood -- 
Limit: r < 0.410105 @ 95% CL
Done in 0.00 min (cpu), 0.00 min (real)
Generate toy 217/500

 -- Profile Likelihood -- 
Limit: r < 0.760718 @ 95% CL
Done in 0.00 min (cpu), 0.00 min (real)
Generate toy 218/500

 -- Profile Likelihood -- 
Limit: r < 0.429806 @ 95% CL
Done in 0.00 min (cpu), 0.00 min (real)
Generate toy 219/500

 -- Profile Likelihood -- 
Limit: r < 0.652728 @ 95% CL
Done in 0.00 min (cpu), 0.00 min (real)
Generate toy 220/500

 -- Profile Likelihood -- 
Limit: r < 0.561748 @ 95% CL
Done in 0.00 min (cpu), 0.00 min (real)
Generate toy 221/500

 -- Profile Likelihood -- 
Limit: r < 0.801045 @ 95% CL
Done in 0.00 min (cpu), 0.00 min (real)
Generate toy 222/500

 -- Profile Likelihood -- 
Limit: r < 1.19054 @ 95% CL
Done in 0.00 min (cpu), 0.00 min (real)
Generate toy 223/500

 -- Profile Likelihood -- 
Limit: r < 1.16616 @ 95% CL
Done in 0.00 min (cpu), 0.00 min (real)
Generate toy 224/500

 -- Profile Likelihood -- 
Limit: r < 0.800429 @ 95% CL
Done in 0.00 min (cpu), 0.00 min (real)
Generate toy 225/500

 -- Profile Likelihood -- 
Limit: r < 0.691819 @ 95% CL
Done in 0.00 min (cpu), 0.00 min (real)
Generate toy 226/500

 -- Profile Likelihood -- 
Limit: r < 1.27378 @ 95% CL
Done in 0.00 min (cpu), 0.00 min (real)
Generate toy 227/500

 -- Profile Likelihood -- 
Limit: r < 0.802322 @ 95% CL
Done in 0.00 min (cpu), 0.00 min (real)
Generate toy 228/500

 -- Profile Likelihood -- 
Limit: r < 0.822046 @ 95% CL
Done in 0.00 min (cpu), 0.00 min (real)
Generate toy 229/500

 -- Profile Likelihood -- 
Limit: r < 0.644374 @ 95% CL
Done in 0.00 min (cpu), 0.00 min (real)
Generate toy 230/500

 -- Profile Likelihood -- 
Limit: r < 1.03621 @ 95% CL
Done in 0.00 min (cpu), 0.00 min (real)
Generate toy 231/500

 -- Profile Likelihood -- 
Limit: r < 0.446161 @ 95% CL
Done in 0.00 min (cpu), 0.00 min (real)
Generate toy 232/500

 -- Profile Likelihood -- 
Limit: r < 2.33037 @ 95% CL
Done in 0.00 min (cpu), 0.00 min (real)
Generate toy 233/500

 -- Profile Likelihood -- 
Limit: r < 0.500412 @ 95% CL
Done in 0.00 min (cpu), 0.00 min (real)
Generate toy 234/500

 -- Profile Likelihood -- 
Limit: r < 0.58121 @ 95% CL
Done in 0.00 min (cpu), 0.00 min (real)
Generate toy 235/500

 -- Profile Likelihood -- 
Limit: r < 1.2983 @ 95% CL
Done in 0.00 min (cpu), 0.00 min (real)
Generate toy 236/500

 -- Profile Likelihood -- 
Limit: r < 0.505699 @ 95% CL
Done in 0.00 min (cpu), 0.00 min (real)
Generate toy 237/500

 -- Profile Likelihood -- 
Limit: r < 0.535744 @ 95% CL
Done in 0.00 min (cpu), 0.00 min (real)
Generate toy 238/500

 -- Profile Likelihood -- 
Limit: r < 1.3429 @ 95% CL
Done in 0.00 min (cpu), 0.00 min (real)
Generate toy 239/500

 -- Profile Likelihood -- 
Limit: r < 2.14973 @ 95% CL
Done in 0.00 min (cpu), 0.00 min (real)
Generate toy 240/500

 -- Profile Likelihood -- 
Limit: r < 0.302217 @ 95% CL
Done in 0.00 min (cpu), 0.00 min (real)
Generate toy 241/500

 -- Profile Likelihood -- 
Limit: r < 1.23282 @ 95% CL
Done in 0.00 min (cpu), 0.00 min (real)
Generate toy 242/500

 -- Profile Likelihood -- 
Limit: r < 1.08664 @ 95% CL
Done in 0.00 min (cpu), 0.00 min (real)
Generate toy 243/500

 -- Profile Likelihood -- 
Limit: r < 0.719582 @ 95% CL
Done in 0.00 min (cpu), 0.00 min (real)
Generate toy 244/500

 -- Profile Likelihood -- 
Limit: r < 1.17173 @ 95% CL
Done in 0.00 min (cpu), 0.00 min (real)
Generate toy 245/500

 -- Profile Likelihood -- 
Limit: r < 0.739092 @ 95% CL
Done in 0.00 min (cpu), 0.00 min (real)
Generate toy 246/500

 -- Profile Likelihood -- 
Limit: r < 1.49142 @ 95% CL
Done in 0.00 min (cpu), 0.00 min (real)
Generate toy 247/500

 -- Profile Likelihood -- 
Limit: r < 1.93699 @ 95% CL
Done in 0.00 min (cpu), 0.00 min (real)
Generate toy 248/500

 -- Profile Likelihood -- 
Limit: r < 0.906856 @ 95% CL
Done in 0.00 min (cpu), 0.00 min (real)
Generate toy 249/500

 -- Profile Likelihood -- 
Limit: r < 0.494136 @ 95% CL
Done in 0.00 min (cpu), 0.00 min (real)
Generate toy 250/500

 -- Profile Likelihood -- 
Limit: r < 0.940314 @ 95% CL
Done in 0.00 min (cpu), 0.00 min (real)
Generate toy 251/500

 -- Profile Likelihood -- 
Limit: r < 1.05144 @ 95% CL
Done in 0.00 min (cpu), 0.00 min (real)
Generate toy 252/500

 -- Profile Likelihood -- 
Limit: r < 1.26762 @ 95% CL
Done in 0.00 min (cpu), 0.00 min (real)
Generate toy 253/500

 -- Profile Likelihood -- 
Limit: r < 1.40886 @ 95% CL
Done in 0.00 min (cpu), 0.00 min (real)
Generate toy 254/500

 -- Profile Likelihood -- 
Limit: r < 1.34803 @ 95% CL
Done in 0.00 min (cpu), 0.00 min (real)
Generate toy 255/500

 -- Profile Likelihood -- 
Limit: r < 1.4013 @ 95% CL
Done in 0.00 min (cpu), 0.00 min (real)
Generate toy 256/500

 -- Profile Likelihood -- 
Limit: r < 0.863342 @ 95% CL
Done in 0.00 min (cpu), 0.00 min (real)
Generate toy 257/500

 -- Profile Likelihood -- 
Limit: r < 1.02589 @ 95% CL
Done in 0.00 min (cpu), 0.00 min (real)
Generate toy 258/500

 -- Profile Likelihood -- 
Limit: r < 0.533549 @ 95% CL
Done in 0.00 min (cpu), 0.00 min (real)
Generate toy 259/500

 -- Profile Likelihood -- 
Limit: r < 0.629546 @ 95% CL
Done in 0.00 min (cpu), 0.00 min (real)
Generate toy 260/500

 -- Profile Likelihood -- 
Limit: r < 0.583341 @ 95% CL
Done in 0.00 min (cpu), 0.00 min (real)
Generate toy 261/500

 -- Profile Likelihood -- 
Limit: r < 0.76541 @ 95% CL
Done in 0.00 min (cpu), 0.00 min (real)
Generate toy 262/500

 -- Profile Likelihood -- 
Limit: r < 1.34446 @ 95% CL
Done in 0.00 min (cpu), 0.00 min (real)
Generate toy 263/500

 -- Profile Likelihood -- 
Limit: r < 1.30797 @ 95% CL
Done in 0.00 min (cpu), 0.00 min (real)
Generate toy 264/500

 -- Profile Likelihood -- 
Limit: r < 0.82872 @ 95% CL
Done in 0.00 min (cpu), 0.00 min (real)
Generate toy 265/500

 -- Profile Likelihood -- 
Limit: r < 0.47479 @ 95% CL
Done in 0.00 min (cpu), 0.00 min (real)
Generate toy 266/500

 -- Profile Likelihood -- 
Limit: r < 0.771198 @ 95% CL
Done in 0.00 min (cpu), 0.00 min (real)
Generate toy 267/500

 -- Profile Likelihood -- 
Limit: r < 0.653994 @ 95% CL
Done in 0.00 min (cpu), 0.00 min (real)
Generate toy 268/500
Done in 0.00 min (cpu), 0.00 min (real)
Generate toy 269/500

 -- Profile Likelihood -- 
Limit: r < 0.858503 @ 95% CL
Done in 0.00 min (cpu), 0.00 min (real)
Generate toy 270/500

 -- Profile Likelihood -- 
Limit: r < 1.47778 @ 95% CL
Done in 0.00 min (cpu), 0.00 min (real)
Generate toy 271/500

 -- Profile Likelihood -- 
Limit: r < 0.681126 @ 95% CL
Done in 0.00 min (cpu), 0.00 min (real)
Generate toy 272/500

 -- Profile Likelihood -- 
Limit: r < 0.676268 @ 95% CL
Done in 0.00 min (cpu), 0.00 min (real)
Generate toy 273/500

 -- Profile Likelihood -- 
Limit: r < 1.07838 @ 95% CL
Done in 0.00 min (cpu), 0.00 min (real)
Generate toy 274/500

 -- Profile Likelihood -- 
Limit: r < 1.23955 @ 95% CL
Done in 0.00 min (cpu), 0.00 min (real)
Generate toy 275/500

 -- Profile Likelihood -- 
Limit: r < 0.494386 @ 95% CL
Done in 0.00 min (cpu), 0.00 min (real)
Generate toy 276/500

 -- Profile Likelihood -- 
Limit: r < 0.918574 @ 95% CL
Done in 0.00 min (cpu), 0.00 min (real)
Generate toy 277/500

 -- Profile Likelihood -- 
Limit: r < 0.951073 @ 95% CL
Done in 0.00 min (cpu), 0.00 min (real)
Generate toy 278/500

 -- Profile Likelihood -- 
Limit: r < 0.738481 @ 95% CL
Done in 0.00 min (cpu), 0.00 min (real)
Generate toy 279/500

 -- Profile Likelihood -- 
Limit: r < 1.32916 @ 95% CL
Done in 0.00 min (cpu), 0.00 min (real)
Generate toy 280/500

 -- Profile Likelihood -- 
Limit: r < 1.60479 @ 95% CL
Done in 0.00 min (cpu), 0.00 min (real)
Generate toy 281/500

 -- Profile Likelihood -- 
Limit: r < 1.5479 @ 95% CL
Done in 0.00 min (cpu), 0.00 min (real)
Generate toy 282/500
Done in 0.00 min (cpu), 0.00 min (real)
Generate toy 283/500

 -- Profile Likelihood -- 
Limit: r < 1.06148 @ 95% CL
Done in 0.00 min (cpu), 0.00 min (real)
Generate toy 284/500

 -- Profile Likelihood -- 
Limit: r < 1.38076 @ 95% CL
Done in 0.00 min (cpu), 0.00 min (real)
Generate toy 285/500

 -- Profile Likelihood -- 
Limit: r < 1.03599 @ 95% CL
Done in 0.00 min (cpu), 0.00 min (real)
Generate toy 286/500

 -- Profile Likelihood -- 
Limit: r < 2.05438 @ 95% CL
Done in 0.00 min (cpu), 0.00 min (real)
Generate toy 287/500

 -- Profile Likelihood -- 
Limit: r < 1.21195 @ 95% CL
Done in 0.00 min (cpu), 0.00 min (real)
Generate toy 288/500

 -- Profile Likelihood -- 
Limit: r < 0.678146 @ 95% CL
Done in 0.00 min (cpu), 0.00 min (real)
Generate toy 289/500

 -- Profile Likelihood -- 
Limit: r < 1.34372 @ 95% CL
Done in 0.00 min (cpu), 0.00 min (real)
Generate toy 290/500

 -- Profile Likelihood -- 
Limit: r < 1.18645 @ 95% CL
Done in 0.00 min (cpu), 0.00 min (real)
Generate toy 291/500

 -- Profile Likelihood -- 
Limit: r < 1.29444 @ 95% CL
Done in 0.00 min (cpu), 0.00 min (real)
Generate toy 292/500

 -- Profile Likelihood -- 
Limit: r < 0.610789 @ 95% CL
Done in 0.00 min (cpu), 0.00 min (real)
Generate toy 293/500

 -- Profile Likelihood -- 
Limit: r < 1.48522 @ 95% CL
Done in 0.00 min (cpu), 0.00 min (real)
Generate toy 294/500

 -- Profile Likelihood -- 
Limit: r < 1.31944 @ 95% CL
Done in 0.00 min (cpu), 0.00 min (real)
Generate toy 295/500

 -- Profile Likelihood -- 
Limit: r < 1.58193 @ 95% CL
Done in 0.00 min (cpu), 0.00 min (real)
Generate toy 296/500

 -- Profile Likelihood -- 
Limit: r < 1.06119 @ 95% CL
Done in 0.00 min (cpu), 0.00 min (real)
Generate toy 297/500

 -- Profile Likelihood -- 
Limit: r < 0.856825 @ 95% CL
Done in 0.00 min (cpu), 0.00 min (real)
Generate toy 298/500

 -- Profile Likelihood -- 
Limit: r < 1.22175 @ 95% CL
Done in 0.00 min (cpu), 0.00 min (real)
Generate toy 299/500

 -- Profile Likelihood -- 
Limit: r < 1.22418 @ 95% CL
Done in 0.00 min (cpu), 0.00 min (real)
Generate toy 300/500

 -- Profile Likelihood -- 
Limit: r < 0.41804 @ 95% CL
Done in 0.00 min (cpu), 0.00 min (real)
Generate toy 301/500

 -- Profile Likelihood -- 
Limit: r < 0.866488 @ 95% CL
Done in 0.00 min (cpu), 0.00 min (real)
Generate toy 302/500

 -- Profile Likelihood -- 
Limit: r < 0.647698 @ 95% CL
Done in 0.00 min (cpu), 0.00 min (real)
Generate toy 303/500

 -- Profile Likelihood -- 
Limit: r < 0.924677 @ 95% CL
Done in 0.00 min (cpu), 0.00 min (real)
Generate toy 304/500

 -- Profile Likelihood -- 
Limit: r < 0.875582 @ 95% CL
Done in 0.00 min (cpu), 0.00 min (real)
Generate toy 305/500

 -- Profile Likelihood -- 
Limit: r < 1.46655 @ 95% CL
Done in 0.00 min (cpu), 0.00 min (real)
Generate toy 306/500

 -- Profile Likelihood -- 
Limit: r < 0.59679 @ 95% CL
Done in 0.00 min (cpu), 0.00 min (real)
Generate toy 307/500

 -- Profile Likelihood -- 
Limit: r < 0.690535 @ 95% CL
Done in 0.00 min (cpu), 0.00 min (real)
Generate toy 308/500

 -- Profile Likelihood -- 
Limit: r < 0.651383 @ 95% CL
Done in 0.00 min (cpu), 0.00 min (real)
Generate toy 309/500

 -- Profile Likelihood -- 
Limit: r < 0.565207 @ 95% CL
Done in 0.00 min (cpu), 0.00 min (real)
Generate toy 310/500

 -- Profile Likelihood -- 
Limit: r < 0.688591 @ 95% CL
Done in 0.00 min (cpu), 0.00 min (real)
Generate toy 311/500

 -- Profile Likelihood -- 
Limit: r < 1.01138 @ 95% CL
Done in 0.00 min (cpu), 0.00 min (real)
Generate toy 312/500

 -- Profile Likelihood -- 
Limit: r < 1.1459 @ 95% CL
Done in 0.00 min (cpu), 0.00 min (real)
Generate toy 313/500

 -- Profile Likelihood -- 
Limit: r < 0.428604 @ 95% CL
Done in 0.00 min (cpu), 0.00 min (real)
Generate toy 314/500

 -- Profile Likelihood -- 
Limit: r < 0.48948 @ 95% CL
Done in 0.00 min (cpu), 0.00 min (real)
Generate toy 315/500

 -- Profile Likelihood -- 
Limit: r < 0.518105 @ 95% CL
Done in 0.00 min (cpu), 0.00 min (real)
Generate toy 316/500

 -- Profile Likelihood -- 
Limit: r < 1.66423 @ 95% CL
Done in 0.00 min (cpu), 0.00 min (real)
Generate toy 317/500

 -- Profile Likelihood -- 
Limit: r < 1.29852 @ 95% CL
Done in 0.00 min (cpu), 0.00 min (real)
Generate toy 318/500

 -- Profile Likelihood -- 
Limit: r < 1.63608 @ 95% CL
Done in 0.00 min (cpu), 0.00 min (real)
Generate toy 319/500

 -- Profile Likelihood -- 
Limit: r < 0.957603 @ 95% CL
Done in 0.00 min (cpu), 0.00 min (real)
Generate toy 320/500

 -- Profile Likelihood -- 
Limit: r < 0.788563 @ 95% CL
Done in 0.00 min (cpu), 0.00 min (real)
Generate toy 321/500

 -- Profile Likelihood -- 
Limit: r < 1.21719 @ 95% CL
Done in 0.00 min (cpu), 0.00 min (real)
Generate toy 322/500

 -- Profile Likelihood -- 
Limit: r < 0.921114 @ 95% CL
Done in 0.00 min (cpu), 0.00 min (real)
Generate toy 323/500

 -- Profile Likelihood -- 
Limit: r < 0.630454 @ 95% CL
Done in 0.00 min (cpu), 0.00 min (real)
Generate toy 324/500

 -- Profile Likelihood -- 
Limit: r < 0.523837 @ 95% CL
Done in 0.00 min (cpu), 0.00 min (real)
Generate toy 325/500

 -- Profile Likelihood -- 
Limit: r < 1.48923 @ 95% CL
Done in 0.00 min (cpu), 0.00 min (real)
Generate toy 326/500

 -- Profile Likelihood -- 
Limit: r < 0.564365 @ 95% CL
Done in 0.00 min (cpu), 0.00 min (real)
Generate toy 327/500

 -- Profile Likelihood -- 
Limit: r < 1.59989 @ 95% CL
Done in 0.00 min (cpu), 0.00 min (real)
Generate toy 328/500

 -- Profile Likelihood -- 
Limit: r < 0.56623 @ 95% CL
Done in 0.00 min (cpu), 0.00 min (real)
Generate toy 329/500

 -- Profile Likelihood -- 
Limit: r < 2.18421 @ 95% CL
Done in 0.00 min (cpu), 0.00 min (real)
Generate toy 330/500

 -- Profile Likelihood -- 
Limit: r < 0.731705 @ 95% CL
Done in 0.00 min (cpu), 0.00 min (real)
Generate toy 331/500

 -- Profile Likelihood -- 
Limit: r < 1.63593 @ 95% CL
Done in 0.00 min (cpu), 0.00 min (real)
Generate toy 332/500

 -- Profile Likelihood -- 
Limit: r < 1.03775 @ 95% CL
Done in 0.00 min (cpu), 0.00 min (real)
Generate toy 333/500

 -- Profile Likelihood -- 
Limit: r < 1.05165 @ 95% CL
Done in 0.00 min (cpu), 0.00 min (real)
Generate toy 334/500

 -- Profile Likelihood -- 
Limit: r < 0.535048 @ 95% CL
Done in 0.00 min (cpu), 0.00 min (real)
Generate toy 335/500

 -- Profile Likelihood -- 
Limit: r < 0.645331 @ 95% CL
Done in 0.00 min (cpu), 0.00 min (real)
Generate toy 336/500

 -- Profile Likelihood -- 
Limit: r < 1.82149 @ 95% CL
Done in 0.00 min (cpu), 0.00 min (real)
Generate toy 337/500

 -- Profile Likelihood -- 
Limit: r < 0.88831 @ 95% CL
Done in 0.00 min (cpu), 0.00 min (real)
Generate toy 338/500

 -- Profile Likelihood -- 
Limit: r < 0.675891 @ 95% CL
Done in 0.00 min (cpu), 0.00 min (real)
Generate toy 339/500

 -- Profile Likelihood -- 
Limit: r < 1.45783 @ 95% CL
Done in 0.00 min (cpu), 0.00 min (real)
Generate toy 340/500

 -- Profile Likelihood -- 
Limit: r < 1.43607 @ 95% CL
Done in 0.00 min (cpu), 0.00 min (real)
Generate toy 341/500

 -- Profile Likelihood -- 
Limit: r < 1.21783 @ 95% CL
Done in 0.00 min (cpu), 0.00 min (real)
Generate toy 342/500

 -- Profile Likelihood -- 
Limit: r < 1.77104 @ 95% CL
Done in 0.00 min (cpu), 0.00 min (real)
Generate toy 343/500

 -- Profile Likelihood -- 
Limit: r < 1.15393 @ 95% CL
Done in 0.00 min (cpu), 0.00 min (real)
Generate toy 344/500

 -- Profile Likelihood -- 
Limit: r < 1.44546 @ 95% CL
Done in 0.00 min (cpu), 0.00 min (real)
Generate toy 345/500

 -- Profile Likelihood -- 
Limit: r < 0.838079 @ 95% CL
Done in 0.00 min (cpu), 0.00 min (real)
Generate toy 346/500

 -- Profile Likelihood -- 
Limit: r < 0.785253 @ 95% CL
Done in 0.00 min (cpu), 0.00 min (real)
Generate toy 347/500

 -- Profile Likelihood -- 
Limit: r < 0.654176 @ 95% CL
Done in 0.00 min (cpu), 0.00 min (real)
Generate toy 348/500

 -- Profile Likelihood -- 
Limit: r < 1.1705 @ 95% CL
Done in 0.00 min (cpu), 0.00 min (real)
Generate toy 349/500

 -- Profile Likelihood -- 
Limit: r < 1.12925 @ 95% CL
Done in 0.00 min (cpu), 0.00 min (real)
Generate toy 350/500
Done in 0.00 min (cpu), 0.00 min (real)
Generate toy 351/500

 -- Profile Likelihood -- 
Limit: r < 1.10553 @ 95% CL
Done in 0.00 min (cpu), 0.00 min (real)
Generate toy 352/500

 -- Profile Likelihood -- 
Limit: r < 2.01505 @ 95% CL
Done in 0.00 min (cpu), 0.00 min (real)
Generate toy 353/500

 -- Profile Likelihood -- 
Limit: r < 1.6362 @ 95% CL
Done in 0.00 min (cpu), 0.00 min (real)
Generate toy 354/500

 -- Profile Likelihood -- 
Limit: r < 1.57954 @ 95% CL
Done in 0.00 min (cpu), 0.00 min (real)
Generate toy 355/500

 -- Profile Likelihood -- 
Limit: r < 0.9656 @ 95% CL
Done in 0.00 min (cpu), 0.00 min (real)
Generate toy 356/500

 -- Profile Likelihood -- 
Limit: r < 0.414732 @ 95% CL
Done in 0.00 min (cpu), 0.00 min (real)
Generate toy 357/500

 -- Profile Likelihood -- 
Limit: r < 0.539443 @ 95% CL
Done in 0.00 min (cpu), 0.00 min (real)
Generate toy 358/500

 -- Profile Likelihood -- 
Limit: r < 1.13091 @ 95% CL
Done in 0.00 min (cpu), 0.00 min (real)
Generate toy 359/500

 -- Profile Likelihood -- 
Limit: r < 1.36465 @ 95% CL
Done in 0.00 min (cpu), 0.00 min (real)
Generate toy 360/500

 -- Profile Likelihood -- 
Limit: r < 0.806694 @ 95% CL
Done in 0.00 min (cpu), 0.00 min (real)
Generate toy 361/500

 -- Profile Likelihood -- 
Limit: r < 1.25055 @ 95% CL
Done in 0.00 min (cpu), 0.00 min (real)
Generate toy 362/500

 -- Profile Likelihood -- 
Limit: r < 0.645322 @ 95% CL
Done in 0.00 min (cpu), 0.00 min (real)
Generate toy 363/500

 -- Profile Likelihood -- 
Limit: r < 1.56717 @ 95% CL
Done in 0.00 min (cpu), 0.00 min (real)
Generate toy 364/500

 -- Profile Likelihood -- 
Limit: r < 1.3627 @ 95% CL
Done in 0.00 min (cpu), 0.00 min (real)
Generate toy 365/500

 -- Profile Likelihood -- 
Limit: r < 1.14633 @ 95% CL
Done in 0.00 min (cpu), 0.00 min (real)
Generate toy 366/500

 -- Profile Likelihood -- 
Limit: r < 0.608651 @ 95% CL
Done in 0.00 min (cpu), 0.00 min (real)
Generate toy 367/500

 -- Profile Likelihood -- 
Limit: r < 1.34463 @ 95% CL
Done in 0.00 min (cpu), 0.00 min (real)
Generate toy 368/500

 -- Profile Likelihood -- 
Limit: r < 1.09335 @ 95% CL
Done in 0.00 min (cpu), 0.00 min (real)
Generate toy 369/500

 -- Profile Likelihood -- 
Limit: r < 1.05227 @ 95% CL
Done in 0.00 min (cpu), 0.00 min (real)
Generate toy 370/500

 -- Profile Likelihood -- 
Limit: r < 2.35303 @ 95% CL
Done in 0.00 min (cpu), 0.00 min (real)
Generate toy 371/500

 -- Profile Likelihood -- 
Limit: r < 1.65328 @ 95% CL
Done in 0.00 min (cpu), 0.00 min (real)
Generate toy 372/500

 -- Profile Likelihood -- 
Limit: r < 1.24066 @ 95% CL
Done in 0.00 min (cpu), 0.00 min (real)
Generate toy 373/500

 -- Profile Likelihood -- 
Limit: r < 1.75575 @ 95% CL
Done in 0.00 min (cpu), 0.00 min (real)
Generate toy 374/500

 -- Profile Likelihood -- 
Limit: r < 1.30024 @ 95% CL
Done in 0.00 min (cpu), 0.00 min (real)
Generate toy 375/500

 -- Profile Likelihood -- 
Limit: r < 1.34986 @ 95% CL
Done in 0.00 min (cpu), 0.00 min (real)
Generate toy 376/500

 -- Profile Likelihood -- 
Limit: r < 1.07555 @ 95% CL
Done in 0.00 min (cpu), 0.00 min (real)
Generate toy 377/500

 -- Profile Likelihood -- 
Limit: r < 0.680502 @ 95% CL
Done in 0.00 min (cpu), 0.00 min (real)
Generate toy 378/500

 -- Profile Likelihood -- 
Limit: r < 0.466486 @ 95% CL
Done in 0.00 min (cpu), 0.00 min (real)
Generate toy 379/500
Done in 0.00 min (cpu), 0.00 min (real)
Generate toy 380/500

 -- Profile Likelihood -- 
Limit: r < 0.927135 @ 95% CL
Done in 0.00 min (cpu), 0.00 min (real)
Generate toy 381/500

 -- Profile Likelihood -- 
Limit: r < 1.51053 @ 95% CL
Done in 0.00 min (cpu), 0.00 min (real)
Generate toy 382/500

 -- Profile Likelihood -- 
Limit: r < 0.702786 @ 95% CL
Done in 0.00 min (cpu), 0.00 min (real)
Generate toy 383/500

 -- Profile Likelihood -- 
Limit: r < 0.778288 @ 95% CL
Done in 0.00 min (cpu), 0.00 min (real)
Generate toy 384/500

 -- Profile Likelihood -- 
Limit: r < 0.804098 @ 95% CL
Done in 0.00 min (cpu), 0.00 min (real)
Generate toy 385/500

 -- Profile Likelihood -- 
Limit: r < 0.910021 @ 95% CL
Done in 0.00 min (cpu), 0.00 min (real)
Generate toy 386/500

 -- Profile Likelihood -- 
Limit: r < 0.881176 @ 95% CL
Done in 0.00 min (cpu), 0.00 min (real)
Generate toy 387/500

 -- Profile Likelihood -- 
Limit: r < 0.877638 @ 95% CL
Done in 0.00 min (cpu), 0.00 min (real)
Generate toy 388/500

 -- Profile Likelihood -- 
Limit: r < 1.61895 @ 95% CL
Done in 0.00 min (cpu), 0.00 min (real)
Generate toy 389/500

 -- Profile Likelihood -- 
Limit: r < 0.671937 @ 95% CL
Done in 0.00 min (cpu), 0.00 min (real)
Generate toy 390/500

 -- Profile Likelihood -- 
Limit: r < 1.67404 @ 95% CL
Done in 0.00 min (cpu), 0.00 min (real)
Generate toy 391/500

 -- Profile Likelihood -- 
Limit: r < 1.31885 @ 95% CL
Done in 0.00 min (cpu), 0.00 min (real)
Generate toy 392/500

 -- Profile Likelihood -- 
Limit: r < 1.41677 @ 95% CL
Done in 0.00 min (cpu), 0.00 min (real)
Generate toy 393/500

 -- Profile Likelihood -- 
Limit: r < 1.3415 @ 95% CL
Done in 0.00 min (cpu), 0.00 min (real)
Generate toy 394/500

 -- Profile Likelihood -- 
Limit: r < 1.69293 @ 95% CL
Done in 0.00 min (cpu), 0.00 min (real)
Generate toy 395/500

 -- Profile Likelihood -- 
Limit: r < 0.591419 @ 95% CL
Done in 0.00 min (cpu), 0.00 min (real)
Generate toy 396/500

 -- Profile Likelihood -- 
Limit: r < 0.471213 @ 95% CL
Done in 0.00 min (cpu), 0.00 min (real)
Generate toy 397/500

 -- Profile Likelihood -- 
Limit: r < 0.869651 @ 95% CL
Done in 0.00 min (cpu), 0.00 min (real)
Generate toy 398/500

 -- Profile Likelihood -- 
Limit: r < 0.946802 @ 95% CL
Done in 0.00 min (cpu), 0.00 min (real)
Generate toy 399/500

 -- Profile Likelihood -- 
Limit: r < 1.09749 @ 95% CL
Done in 0.00 min (cpu), 0.00 min (real)
Generate toy 400/500

 -- Profile Likelihood -- 
Limit: r < 0.985847 @ 95% CL
Done in 0.00 min (cpu), 0.00 min (real)
Generate toy 401/500

 -- Profile Likelihood -- 
Limit: r < 0.845447 @ 95% CL
Done in 0.00 min (cpu), 0.00 min (real)
Generate toy 402/500

 -- Profile Likelihood -- 
Limit: r < 1.2598 @ 95% CL
Done in 0.00 min (cpu), 0.00 min (real)
Generate toy 403/500

 -- Profile Likelihood -- 
Limit: r < 0.69556 @ 95% CL
Done in 0.00 min (cpu), 0.00 min (real)
Generate toy 404/500

 -- Profile Likelihood -- 
Limit: r < 0.726591 @ 95% CL
Done in 0.00 min (cpu), 0.00 min (real)
Generate toy 405/500

 -- Profile Likelihood -- 
Limit: r < 0.40136 @ 95% CL
Done in 0.00 min (cpu), 0.00 min (real)
Generate toy 406/500

 -- Profile Likelihood -- 
Limit: r < 0.783108 @ 95% CL
Done in 0.00 min (cpu), 0.00 min (real)
Generate toy 407/500

 -- Profile Likelihood -- 
Limit: r < 1.26865 @ 95% CL
Done in 0.00 min (cpu), 0.00 min (real)
Generate toy 408/500

 -- Profile Likelihood -- 
Limit: r < 1.07779 @ 95% CL
Done in 0.00 min (cpu), 0.00 min (real)
Generate toy 409/500

 -- Profile Likelihood -- 
Limit: r < 1.36516 @ 95% CL
Done in 0.00 min (cpu), 0.00 min (real)
Generate toy 410/500

 -- Profile Likelihood -- 
Limit: r < 1.65078 @ 95% CL
Done in 0.00 min (cpu), 0.00 min (real)
Generate toy 411/500

 -- Profile Likelihood -- 
Limit: r < 0.772989 @ 95% CL
Done in 0.00 min (cpu), 0.00 min (real)
Generate toy 412/500

 -- Profile Likelihood -- 
Limit: r < 1.23142 @ 95% CL
Done in 0.00 min (cpu), 0.00 min (real)
Generate toy 413/500

 -- Profile Likelihood -- 
Limit: r < 0.488446 @ 95% CL
Done in 0.00 min (cpu), 0.00 min (real)
Generate toy 414/500

 -- Profile Likelihood -- 
Limit: r < 0.564025 @ 95% CL
Done in 0.00 min (cpu), 0.00 min (real)
Generate toy 415/500

 -- Profile Likelihood -- 
Limit: r < 1.28991 @ 95% CL
Done in 0.00 min (cpu), 0.00 min (real)
Generate toy 416/500

 -- Profile Likelihood -- 
Limit: r < 1.21052 @ 95% CL
Done in 0.00 min (cpu), 0.00 min (real)
Generate toy 417/500

 -- Profile Likelihood -- 
Limit: r < 0.793602 @ 95% CL
Done in 0.00 min (cpu), 0.00 min (real)
Generate toy 418/500

 -- Profile Likelihood -- 
Limit: r < 0.667704 @ 95% CL
Done in 0.00 min (cpu), 0.00 min (real)
Generate toy 419/500

 -- Profile Likelihood -- 
Limit: r < 0.687076 @ 95% CL
Done in 0.00 min (cpu), 0.00 min (real)
Generate toy 420/500

 -- Profile Likelihood -- 
Limit: r < 0.729078 @ 95% CL
Done in 0.00 min (cpu), 0.00 min (real)
Generate toy 421/500

 -- Profile Likelihood -- 
Limit: r < 0.694987 @ 95% CL
Done in 0.00 min (cpu), 0.00 min (real)
Generate toy 422/500

 -- Profile Likelihood -- 
Limit: r < 0.388363 @ 95% CL
Done in 0.00 min (cpu), 0.00 min (real)
Generate toy 423/500

 -- Profile Likelihood -- 
Limit: r < 0.591208 @ 95% CL
Done in 0.00 min (cpu), 0.00 min (real)
Generate toy 424/500

 -- Profile Likelihood -- 
Limit: r < 0.872564 @ 95% CL
Done in 0.00 min (cpu), 0.00 min (real)
Generate toy 425/500

 -- Profile Likelihood -- 
Limit: r < 0.998235 @ 95% CL
Done in 0.00 min (cpu), 0.00 min (real)
Generate toy 426/500

 -- Profile Likelihood -- 
Limit: r < 1.28947 @ 95% CL
Done in 0.00 min (cpu), 0.00 min (real)
Generate toy 427/500

 -- Profile Likelihood -- 
Limit: r < 1.22397 @ 95% CL
Done in 0.00 min (cpu), 0.00 min (real)
Generate toy 428/500

 -- Profile Likelihood -- 
Limit: r < 1.33296 @ 95% CL
Done in 0.00 min (cpu), 0.00 min (real)
Generate toy 429/500

 -- Profile Likelihood -- 
Limit: r < 1.18594 @ 95% CL
Done in 0.00 min (cpu), 0.00 min (real)
Generate toy 430/500

 -- Profile Likelihood -- 
Limit: r < 1.0281 @ 95% CL
Done in 0.00 min (cpu), 0.00 min (real)
Generate toy 431/500

 -- Profile Likelihood -- 
Limit: r < 1.72937 @ 95% CL
Done in 0.00 min (cpu), 0.00 min (real)
Generate toy 432/500

 -- Profile Likelihood -- 
Limit: r < 0.765212 @ 95% CL
Done in 0.00 min (cpu), 0.00 min (real)
Generate toy 433/500

 -- Profile Likelihood -- 
Limit: r < 1.1635 @ 95% CL
Done in 0.00 min (cpu), 0.00 min (real)
Generate toy 434/500

 -- Profile Likelihood -- 
Limit: r < 1.11266 @ 95% CL
Done in 0.00 min (cpu), 0.00 min (real)
Generate toy 435/500

 -- Profile Likelihood -- 
Limit: r < 0.550618 @ 95% CL
Done in 0.00 min (cpu), 0.00 min (real)
Generate toy 436/500

 -- Profile Likelihood -- 
Limit: r < 1.63642 @ 95% CL
Done in 0.00 min (cpu), 0.00 min (real)
Generate toy 437/500

 -- Profile Likelihood -- 
Limit: r < 1.32924 @ 95% CL
Done in 0.00 min (cpu), 0.00 min (real)
Generate toy 438/500

 -- Profile Likelihood -- 
Limit: r < 1.16699 @ 95% CL
Done in 0.00 min (cpu), 0.00 min (real)
Generate toy 439/500

 -- Profile Likelihood -- 
Limit: r < 1.64333 @ 95% CL
Done in 0.00 min (cpu), 0.00 min (real)
Generate toy 440/500

 -- Profile Likelihood -- 
Limit: r < 1.38556 @ 95% CL
Done in 0.00 min (cpu), 0.00 min (real)
Generate toy 441/500

 -- Profile Likelihood -- 
Limit: r < 1.28391 @ 95% CL
Done in 0.00 min (cpu), 0.00 min (real)
Generate toy 442/500

 -- Profile Likelihood -- 
Limit: r < 0.930741 @ 95% CL
Done in 0.00 min (cpu), 0.00 min (real)
Generate toy 443/500

 -- Profile Likelihood -- 
Limit: r < 1.74874 @ 95% CL
Done in 0.00 min (cpu), 0.00 min (real)
Generate toy 444/500

 -- Profile Likelihood -- 
Limit: r < 0.42302 @ 95% CL
Done in 0.00 min (cpu), 0.00 min (real)
Generate toy 445/500

 -- Profile Likelihood -- 
Limit: r < 0.628472 @ 95% CL
Done in 0.00 min (cpu), 0.00 min (real)
Generate toy 446/500

 -- Profile Likelihood -- 
Limit: r < 1.17039 @ 95% CL
Done in 0.00 min (cpu), 0.00 min (real)
Generate toy 447/500

 -- Profile Likelihood -- 
Limit: r < 1.81527 @ 95% CL
Done in 0.00 min (cpu), 0.00 min (real)
Generate toy 448/500

 -- Profile Likelihood -- 
Limit: r < 0.935239 @ 95% CL
Done in 0.00 min (cpu), 0.00 min (real)
Generate toy 449/500

 -- Profile Likelihood -- 
Limit: r < 1.37347 @ 95% CL
Done in 0.00 min (cpu), 0.00 min (real)
Generate toy 450/500

 -- Profile Likelihood -- 
Limit: r < 0.859324 @ 95% CL
Done in 0.00 min (cpu), 0.00 min (real)
Generate toy 451/500

 -- Profile Likelihood -- 
Limit: r < 0.546976 @ 95% CL
Done in 0.00 min (cpu), 0.00 min (real)
Generate toy 452/500

 -- Profile Likelihood -- 
Limit: r < 1.27046 @ 95% CL
Done in 0.00 min (cpu), 0.00 min (real)
Generate toy 453/500

 -- Profile Likelihood -- 
Limit: r < 1.18439 @ 95% CL
Done in 0.00 min (cpu), 0.00 min (real)
Generate toy 454/500

 -- Profile Likelihood -- 
Limit: r < 1.04617 @ 95% CL
Done in 0.00 min (cpu), 0.00 min (real)
Generate toy 455/500

 -- Profile Likelihood -- 
Limit: r < 1.63756 @ 95% CL
Done in 0.00 min (cpu), 0.00 min (real)
Generate toy 456/500

 -- Profile Likelihood -- 
Limit: r < 0.488728 @ 95% CL
Done in 0.00 min (cpu), 0.00 min (real)
Generate toy 457/500

 -- Profile Likelihood -- 
Limit: r < 1.11734 @ 95% CL
Done in 0.00 min (cpu), 0.00 min (real)
Generate toy 458/500

 -- Profile Likelihood -- 
Limit: r < 0.545399 @ 95% CL
Done in 0.00 min (cpu), 0.00 min (real)
Generate toy 459/500

 -- Profile Likelihood -- 
Limit: r < 0.875825 @ 95% CL
Done in 0.00 min (cpu), 0.00 min (real)
Generate toy 460/500

 -- Profile Likelihood -- 
Limit: r < 1.47954 @ 95% CL
Done in 0.00 min (cpu), 0.00 min (real)
Generate toy 461/500
Done in 0.00 min (cpu), 0.00 min (real)
Generate toy 462/500

 -- Profile Likelihood -- 
Limit: r < 0.806259 @ 95% CL
Done in 0.00 min (cpu), 0.00 min (real)
Generate toy 463/500

 -- Profile Likelihood -- 
Limit: r < 0.666587 @ 95% CL
Done in 0.00 min (cpu), 0.00 min (real)
Generate toy 464/500

 -- Profile Likelihood -- 
Limit: r < 1.30498 @ 95% CL
Done in 0.00 min (cpu), 0.00 min (real)
Generate toy 465/500

 -- Profile Likelihood -- 
Limit: r < 0.317511 @ 95% CL
Done in 0.00 min (cpu), 0.00 min (real)
Generate toy 466/500

 -- Profile Likelihood -- 
Limit: r < 0.715991 @ 95% CL
Done in 0.00 min (cpu), 0.00 min (real)
Generate toy 467/500

 -- Profile Likelihood -- 
Limit: r < 0.994503 @ 95% CL
Done in 0.00 min (cpu), 0.00 min (real)
Generate toy 468/500

 -- Profile Likelihood -- 
Limit: r < 0.555182 @ 95% CL
Done in 0.00 min (cpu), 0.00 min (real)
Generate toy 469/500

 -- Profile Likelihood -- 
Limit: r < 1.01466 @ 95% CL
Done in 0.00 min (cpu), 0.00 min (real)
Generate toy 470/500

 -- Profile Likelihood -- 
Limit: r < 0.578215 @ 95% CL
Done in 0.00 min (cpu), 0.00 min (real)
Generate toy 471/500

 -- Profile Likelihood -- 
Limit: r < 1.53697 @ 95% CL
Done in 0.00 min (cpu), 0.00 min (real)
Generate toy 472/500

 -- Profile Likelihood -- 
Limit: r < 0.5227 @ 95% CL
Done in 0.00 min (cpu), 0.00 min (real)
Generate toy 473/500

 -- Profile Likelihood -- 
Limit: r < 0.359549 @ 95% CL
Done in 0.00 min (cpu), 0.00 min (real)
Generate toy 474/500

 -- Profile Likelihood -- 
Limit: r < 0.998778 @ 95% CL
Done in 0.00 min (cpu), 0.00 min (real)
Generate toy 475/500

 -- Profile Likelihood -- 
Limit: r < 0.901939 @ 95% CL
Done in 0.00 min (cpu), 0.00 min (real)
Generate toy 476/500

 -- Profile Likelihood -- 
Limit: r < 1.80154 @ 95% CL
Done in 0.00 min (cpu), 0.00 min (real)
Generate toy 477/500

 -- Profile Likelihood -- 
Limit: r < 0.918549 @ 95% CL
Done in 0.00 min (cpu), 0.00 min (real)
Generate toy 478/500

 -- Profile Likelihood -- 
Limit: r < 1.19717 @ 95% CL
Done in 0.00 min (cpu), 0.00 min (real)
Generate toy 479/500

 -- Profile Likelihood -- 
Limit: r < 0.890987 @ 95% CL
Done in 0.00 min (cpu), 0.00 min (real)
Generate toy 480/500

 -- Profile Likelihood -- 
Limit: r < 1.13204 @ 95% CL
Done in 0.00 min (cpu), 0.00 min (real)
Generate toy 481/500

 -- Profile Likelihood -- 
Limit: r < 0.657296 @ 95% CL
Done in 0.00 min (cpu), 0.00 min (real)
Generate toy 482/500

 -- Profile Likelihood -- 
Limit: r < 0.701576 @ 95% CL
Done in 0.00 min (cpu), 0.00 min (real)
Generate toy 483/500

 -- Profile Likelihood -- 
Limit: r < 0.43803 @ 95% CL
Done in 0.00 min (cpu), 0.00 min (real)
Generate toy 484/500

 -- Profile Likelihood -- 
Limit: r < 1.28673 @ 95% CL
Done in 0.00 min (cpu), 0.00 min (real)
Generate toy 485/500

 -- Profile Likelihood -- 
Limit: r < 0.99665 @ 95% CL
Done in 0.00 min (cpu), 0.00 min (real)
Generate toy 486/500

 -- Profile Likelihood -- 
Limit: r < 0.557052 @ 95% CL
Done in 0.00 min (cpu), 0.00 min (real)
Generate toy 487/500

 -- Profile Likelihood -- 
Limit: r < 1.11835 @ 95% CL
Done in 0.00 min (cpu), 0.00 min (real)
Generate toy 488/500

 -- Profile Likelihood -- 
Limit: r < 0.885775 @ 95% CL
Done in 0.00 min (cpu), 0.00 min (real)
Generate toy 489/500

 -- Profile Likelihood -- 
Limit: r < 1.14742 @ 95% CL
Done in 0.00 min (cpu), 0.00 min (real)
Generate toy 490/500

 -- Profile Likelihood -- 
Limit: r < 1.30421 @ 95% CL
Done in 0.00 min (cpu), 0.00 min (real)
Generate toy 491/500

 -- Profile Likelihood -- 
Limit: r < 0.419312 @ 95% CL
Done in 0.00 min (cpu), 0.00 min (real)
Generate toy 492/500

 -- Profile Likelihood -- 
Limit: r < 1.85505 @ 95% CL
Done in 0.00 min (cpu), 0.00 min (real)
Generate toy 493/500

 -- Profile Likelihood -- 
Limit: r < 1.25012 @ 95% CL
Done in 0.00 min (cpu), 0.00 min (real)
Generate toy 494/500

 -- Profile Likelihood -- 
Limit: r < 0.544116 @ 95% CL
Done in 0.00 min (cpu), 0.00 min (real)
Generate toy 495/500

 -- Profile Likelihood -- 
Limit: r < 0.829178 @ 95% CL
Done in 0.00 min (cpu), 0.00 min (real)
Generate toy 496/500

 -- Profile Likelihood -- 
Limit: r < 0.963684 @ 95% CL
Done in 0.00 min (cpu), 0.00 min (real)
Generate toy 497/500

 -- Profile Likelihood -- 
Limit: r < 0.973867 @ 95% CL
Done in 0.00 min (cpu), 0.00 min (real)
Generate toy 498/500

 -- Profile Likelihood -- 
Limit: r < 1.29289 @ 95% CL
Done in 0.00 min (cpu), 0.00 min (real)
Generate toy 499/500

 -- Profile Likelihood -- 
Limit: r < 0.864073 @ 95% CL
Done in 0.00 min (cpu), 0.00 min (real)
Generate toy 500/500

 -- Profile Likelihood -- 
Limit: r < 0.550616 @ 95% CL
Done in 0.00 min (cpu), 0.00 min (real)
mean   expected limit: r < 1.04601 +/- 0.0196733 @ 95%CL (490 toyMC)
median expected limit: r < 0.964415 @ 95%CL (490 toyMC)
   68% expected band : 0.605097 < r < 1.48522
   95% expected band : 0.414732 < r < 2.04812
